Starting analysis...
Epoch 1/50

Epoch 00001: saving model to models/mnist_student_e300_L2_b64/random_classifier_100/cp-0001.hdf5
 - 5s - loss: 2.2988 - acc: 0.1182 - val_loss: 2.2986 - val_acc: 0.1359
Epoch 2/50

Epoch 00002: saving model to models/mnist_student_e300_L2_b64/random_classifier_100/cp-0002.hdf5
 - 3s - loss: 2.2874 - acc: 0.1924 - val_loss: 2.2916 - val_acc: 0.1589
Epoch 3/50

Epoch 00003: saving model to models/mnist_student_e300_L2_b64/random_classifier_100/cp-0003.hdf5
 - 3s - loss: 2.2610 - acc: 0.1543 - val_loss: 2.2777 - val_acc: 0.1032
Epoch 4/50

Epoch 00004: saving model to models/mnist_student_e300_L2_b64/random_classifier_100/cp-0004.hdf5
 - 3s - loss: 2.1953 - acc: 0.1553 - val_loss: 2.1951 - val_acc: 0.1606
Epoch 5/50

Epoch 00005: saving model to models/mnist_student_e300_L2_b64/random_classifier_100/cp-0005.hdf5
 - 3s - loss: 1.8655 - acc: 0.4141 - val_loss: 1.7041 - val_acc: 0.4117
Epoch 6/50

Epoch 00006: saving model to models/mnist_student_e300_L2_b64/random_classifier_100/cp-0006.hdf5
 - 3s - loss: 1.2210 - acc: 0.6299 - val_loss: 1.3527 - val_acc: 0.5362
Epoch 7/50

Epoch 00007: saving model to models/mnist_student_e300_L2_b64/random_classifier_100/cp-0007.hdf5
 - 3s - loss: 0.7882 - acc: 0.7539 - val_loss: 0.9489 - val_acc: 0.6882
Epoch 8/50

Epoch 00008: saving model to models/mnist_student_e300_L2_b64/random_classifier_100/cp-0008.hdf5
 - 3s - loss: 0.4695 - acc: 0.8467 - val_loss: 0.8478 - val_acc: 0.7340
Epoch 9/50

Epoch 00009: saving model to models/mnist_student_e300_L2_b64/random_classifier_100/cp-0009.hdf5
 - 3s - loss: 0.2934 - acc: 0.8984 - val_loss: 0.8055 - val_acc: 0.7677
Epoch 10/50

Epoch 00010: saving model to models/mnist_student_e300_L2_b64/random_classifier_100/cp-0010.hdf5
 - 3s - loss: 0.1840 - acc: 0.9463 - val_loss: 0.8060 - val_acc: 0.7788
Epoch 11/50

Epoch 00011: saving model to models/mnist_student_e300_L2_b64/random_classifier_100/cp-0011.hdf5
 - 3s - loss: 0.1373 - acc: 0.9512 - val_loss: 0.7725 - val_acc: 0.7962
Epoch 12/50

Epoch 00012: saving model to models/mnist_student_e300_L2_b64/random_classifier_100/cp-0012.hdf5
 - 3s - loss: 0.0730 - acc: 0.9834 - val_loss: 0.9080 - val_acc: 0.7868
Epoch 13/50

Epoch 00013: saving model to models/mnist_student_e300_L2_b64/random_classifier_100/cp-0013.hdf5
 - 3s - loss: 0.1008 - acc: 0.9629 - val_loss: 0.8734 - val_acc: 0.7937
Epoch 14/50

Epoch 00014: saving model to models/mnist_student_e300_L2_b64/random_classifier_100/cp-0014.hdf5
 - 3s - loss: 0.0350 - acc: 0.9932 - val_loss: 0.9143 - val_acc: 0.7972
Epoch 15/50

Epoch 00015: saving model to models/mnist_student_e300_L2_b64/random_classifier_100/cp-0015.hdf5
 - 3s - loss: 0.0256 - acc: 0.9951 - val_loss: 0.9717 - val_acc: 0.7915
Epoch 16/50

Epoch 00016: saving model to models/mnist_student_e300_L2_b64/random_classifier_100/cp-0016.hdf5
 - 3s - loss: 0.0423 - acc: 0.9863 - val_loss: 0.9885 - val_acc: 0.7909
Epoch 17/50

Epoch 00017: saving model to models/mnist_student_e300_L2_b64/random_classifier_100/cp-0017.hdf5
 - 3s - loss: 0.0197 - acc: 0.9951 - val_loss: 0.9947 - val_acc: 0.7968
Epoch 18/50

Epoch 00018: saving model to models/mnist_student_e300_L2_b64/random_classifier_100/cp-0018.hdf5
 - 3s - loss: 0.0138 - acc: 0.9971 - val_loss: 1.0610 - val_acc: 0.7924
Epoch 19/50

Epoch 00019: saving model to models/mnist_student_e300_L2_b64/random_classifier_100/cp-0019.hdf5
 - 3s - loss: 0.0175 - acc: 0.9951 - val_loss: 1.0884 - val_acc: 0.7926
Epoch 20/50

Epoch 00020: saving model to models/mnist_student_e300_L2_b64/random_classifier_100/cp-0020.hdf5
 - 3s - loss: 0.0106 - acc: 0.9980 - val_loss: 1.1625 - val_acc: 0.7844
Epoch 21/50

Epoch 00021: saving model to models/mnist_student_e300_L2_b64/random_classifier_100/cp-0021.hdf5
 - 3s - loss: 0.0094 - acc: 1.0000 - val_loss: 1.1324 - val_acc: 0.7902
Epoch 22/50

Epoch 00022: saving model to models/mnist_student_e300_L2_b64/random_classifier_100/cp-0022.hdf5
 - 3s - loss: 0.0243 - acc: 0.9941 - val_loss: 1.1022 - val_acc: 0.7985
Epoch 23/50

Epoch 00023: saving model to models/mnist_student_e300_L2_b64/random_classifier_100/cp-0023.hdf5
 - 3s - loss: 0.0094 - acc: 0.9971 - val_loss: 1.1250 - val_acc: 0.7934
Epoch 24/50

Epoch 00024: saving model to models/mnist_student_e300_L2_b64/random_classifier_100/cp-0024.hdf5
 - 3s - loss: 0.0076 - acc: 0.9980 - val_loss: 1.1773 - val_acc: 0.7942
Epoch 25/50

Epoch 00025: saving model to models/mnist_student_e300_L2_b64/random_classifier_100/cp-0025.hdf5
 - 3s - loss: 0.0075 - acc: 0.9980 - val_loss: 1.1515 - val_acc: 0.7970
Epoch 26/50

Epoch 00026: saving model to models/mnist_student_e300_L2_b64/random_classifier_100/cp-0026.hdf5
 - 3s - loss: 0.0051 - acc: 0.9990 - val_loss: 1.1677 - val_acc: 0.7941
Epoch 27/50

Epoch 00027: saving model to models/mnist_student_e300_L2_b64/random_classifier_100/cp-0027.hdf5
 - 3s - loss: 0.0073 - acc: 0.9971 - val_loss: 1.2197 - val_acc: 0.7881
Epoch 28/50

Epoch 00028: saving model to models/mnist_student_e300_L2_b64/random_classifier_100/cp-0028.hdf5
 - 3s - loss: 0.0081 - acc: 0.9980 - val_loss: 1.2266 - val_acc: 0.7938
Epoch 29/50

Epoch 00029: saving model to models/mnist_student_e300_L2_b64/random_classifier_100/cp-0029.hdf5
 - 3s - loss: 0.0050 - acc: 1.0000 - val_loss: 1.2206 - val_acc: 0.7924
Epoch 30/50

Epoch 00030: saving model to models/mnist_student_e300_L2_b64/random_classifier_100/cp-0030.hdf5
 - 3s - loss: 0.0036 - acc: 0.9990 - val_loss: 1.2472 - val_acc: 0.7915
Epoch 31/50

Epoch 00031: saving model to models/mnist_student_e300_L2_b64/random_classifier_100/cp-0031.hdf5
 - 3s - loss: 0.0058 - acc: 0.9990 - val_loss: 1.2305 - val_acc: 0.7917
Epoch 32/50

Epoch 00032: saving model to models/mnist_student_e300_L2_b64/random_classifier_100/cp-0032.hdf5
 - 3s - loss: 0.0050 - acc: 0.9990 - val_loss: 1.2542 - val_acc: 0.7915
Epoch 33/50

Epoch 00033: saving model to models/mnist_student_e300_L2_b64/random_classifier_100/cp-0033.hdf5
 - 3s - loss: 0.0037 - acc: 0.9990 - val_loss: 1.2393 - val_acc: 0.7926
Epoch 34/50

Epoch 00034: saving model to models/mnist_student_e300_L2_b64/random_classifier_100/cp-0034.hdf5
 - 3s - loss: 0.0027 - acc: 1.0000 - val_loss: 1.2333 - val_acc: 0.7961
Epoch 35/50

Epoch 00035: saving model to models/mnist_student_e300_L2_b64/random_classifier_100/cp-0035.hdf5
 - 3s - loss: 0.0079 - acc: 0.9990 - val_loss: 1.2616 - val_acc: 0.7947
Epoch 36/50

Epoch 00036: saving model to models/mnist_student_e300_L2_b64/random_classifier_100/cp-0036.hdf5
 - 3s - loss: 0.0034 - acc: 0.9990 - val_loss: 1.2701 - val_acc: 0.7960
Epoch 37/50

Epoch 00037: saving model to models/mnist_student_e300_L2_b64/random_classifier_100/cp-0037.hdf5
 - 3s - loss: 0.0045 - acc: 1.0000 - val_loss: 1.3362 - val_acc: 0.7916
Epoch 38/50

Epoch 00038: saving model to models/mnist_student_e300_L2_b64/random_classifier_100/cp-0038.hdf5
 - 3s - loss: 0.0036 - acc: 0.9990 - val_loss: 1.3168 - val_acc: 0.7910
Epoch 39/50

Epoch 00039: saving model to models/mnist_student_e300_L2_b64/random_classifier_100/cp-0039.hdf5
 - 3s - loss: 0.0031 - acc: 1.0000 - val_loss: 1.2946 - val_acc: 0.7962
Epoch 40/50

Epoch 00040: saving model to models/mnist_student_e300_L2_b64/random_classifier_100/cp-0040.hdf5
 - 3s - loss: 0.0050 - acc: 0.9990 - val_loss: 1.2900 - val_acc: 0.7974
Epoch 41/50

Epoch 00041: saving model to models/mnist_student_e300_L2_b64/random_classifier_100/cp-0041.hdf5
 - 3s - loss: 0.0031 - acc: 0.9990 - val_loss: 1.2825 - val_acc: 0.7988
Epoch 42/50

Epoch 00042: saving model to models/mnist_student_e300_L2_b64/random_classifier_100/cp-0042.hdf5
 - 3s - loss: 0.0032 - acc: 1.0000 - val_loss: 1.2986 - val_acc: 0.7981
Epoch 43/50

Epoch 00043: saving model to models/mnist_student_e300_L2_b64/random_classifier_100/cp-0043.hdf5
 - 3s - loss: 0.0026 - acc: 0.9990 - val_loss: 1.3216 - val_acc: 0.7952
Epoch 44/50

Epoch 00044: saving model to models/mnist_student_e300_L2_b64/random_classifier_100/cp-0044.hdf5
 - 3s - loss: 0.0032 - acc: 1.0000 - val_loss: 1.3202 - val_acc: 0.7967
Epoch 45/50

Epoch 00045: saving model to models/mnist_student_e300_L2_b64/random_classifier_100/cp-0045.hdf5
 - 3s - loss: 0.0026 - acc: 0.9990 - val_loss: 1.3399 - val_acc: 0.7943
Epoch 46/50

Epoch 00046: saving model to models/mnist_student_e300_L2_b64/random_classifier_100/cp-0046.hdf5
 - 3s - loss: 0.0024 - acc: 1.0000 - val_loss: 1.3220 - val_acc: 0.7969
Epoch 47/50

Epoch 00047: saving model to models/mnist_student_e300_L2_b64/random_classifier_100/cp-0047.hdf5
 - 3s - loss: 0.0021 - acc: 1.0000 - val_loss: 1.3466 - val_acc: 0.7977
Epoch 48/50

Epoch 00048: saving model to models/mnist_student_e300_L2_b64/random_classifier_100/cp-0048.hdf5
 - 3s - loss: 0.0039 - acc: 0.9990 - val_loss: 1.3699 - val_acc: 0.7912
Epoch 49/50

Epoch 00049: saving model to models/mnist_student_e300_L2_b64/random_classifier_100/cp-0049.hdf5
 - 3s - loss: 0.0054 - acc: 0.9971 - val_loss: 1.3035 - val_acc: 0.7991
Epoch 50/50

Epoch 00050: saving model to models/mnist_student_e300_L2_b64/random_classifier_100/cp-0050.hdf5
 - 3s - loss: 0.0027 - acc: 1.0000 - val_loss: 1.3746 - val_acc: 0.7974
Epoch 1/50

Epoch 00001: saving model to models/mnist_student_e300_L2_b64/normal_classifier_100/cp-0001.hdf5
 - 5s - loss: 2.2975 - acc: 0.1279 - val_loss: 2.3013 - val_acc: 0.1418
Epoch 2/50

Epoch 00002: saving model to models/mnist_student_e300_L2_b64/normal_classifier_100/cp-0002.hdf5
 - 3s - loss: 2.2768 - acc: 0.1807 - val_loss: 2.2993 - val_acc: 0.1041
Epoch 3/50

Epoch 00003: saving model to models/mnist_student_e300_L2_b64/normal_classifier_100/cp-0003.hdf5
 - 3s - loss: 2.2129 - acc: 0.1865 - val_loss: 2.3220 - val_acc: 0.1055
Epoch 4/50

Epoch 00004: saving model to models/mnist_student_e300_L2_b64/normal_classifier_100/cp-0004.hdf5
 - 3s - loss: 2.1405 - acc: 0.2178 - val_loss: 2.2265 - val_acc: 0.1506
Epoch 5/50

Epoch 00005: saving model to models/mnist_student_e300_L2_b64/normal_classifier_100/cp-0005.hdf5
 - 3s - loss: 1.8807 - acc: 0.3252 - val_loss: 1.7275 - val_acc: 0.3804
Epoch 6/50

Epoch 00006: saving model to models/mnist_student_e300_L2_b64/normal_classifier_100/cp-0006.hdf5
 - 3s - loss: 1.4304 - acc: 0.5156 - val_loss: 1.3115 - val_acc: 0.5383
Epoch 7/50

Epoch 00007: saving model to models/mnist_student_e300_L2_b64/normal_classifier_100/cp-0007.hdf5
 - 3s - loss: 0.9609 - acc: 0.6758 - val_loss: 1.0420 - val_acc: 0.6669
Epoch 8/50

Epoch 00008: saving model to models/mnist_student_e300_L2_b64/normal_classifier_100/cp-0008.hdf5
 - 3s - loss: 0.6527 - acc: 0.7891 - val_loss: 0.8648 - val_acc: 0.7267
Epoch 9/50

Epoch 00009: saving model to models/mnist_student_e300_L2_b64/normal_classifier_100/cp-0009.hdf5
 - 3s - loss: 0.3833 - acc: 0.8682 - val_loss: 0.7823 - val_acc: 0.7592
Epoch 10/50

Epoch 00010: saving model to models/mnist_student_e300_L2_b64/normal_classifier_100/cp-0010.hdf5
 - 3s - loss: 0.2243 - acc: 0.9209 - val_loss: 1.2108 - val_acc: 0.6824
Epoch 11/50

Epoch 00011: saving model to models/mnist_student_e300_L2_b64/normal_classifier_100/cp-0011.hdf5
 - 3s - loss: 0.1605 - acc: 0.9434 - val_loss: 0.8698 - val_acc: 0.7630
Epoch 12/50

Epoch 00012: saving model to models/mnist_student_e300_L2_b64/normal_classifier_100/cp-0012.hdf5
 - 3s - loss: 0.1133 - acc: 0.9600 - val_loss: 0.9341 - val_acc: 0.7524
Epoch 13/50

Epoch 00013: saving model to models/mnist_student_e300_L2_b64/normal_classifier_100/cp-0013.hdf5
 - 3s - loss: 0.0512 - acc: 0.9873 - val_loss: 0.9913 - val_acc: 0.7581
Epoch 14/50

Epoch 00014: saving model to models/mnist_student_e300_L2_b64/normal_classifier_100/cp-0014.hdf5
 - 3s - loss: 0.0438 - acc: 0.9912 - val_loss: 1.5178 - val_acc: 0.7125
Epoch 15/50

Epoch 00015: saving model to models/mnist_student_e300_L2_b64/normal_classifier_100/cp-0015.hdf5
 - 3s - loss: 0.0454 - acc: 0.9844 - val_loss: 1.0244 - val_acc: 0.7699
Epoch 16/50

Epoch 00016: saving model to models/mnist_student_e300_L2_b64/normal_classifier_100/cp-0016.hdf5
 - 3s - loss: 0.0296 - acc: 0.9932 - val_loss: 1.1051 - val_acc: 0.7644
Epoch 17/50

Epoch 00017: saving model to models/mnist_student_e300_L2_b64/normal_classifier_100/cp-0017.hdf5
 - 3s - loss: 0.0155 - acc: 1.0000 - val_loss: 1.0445 - val_acc: 0.7800
Epoch 18/50

Epoch 00018: saving model to models/mnist_student_e300_L2_b64/normal_classifier_100/cp-0018.hdf5
 - 3s - loss: 0.0155 - acc: 0.9971 - val_loss: 1.0904 - val_acc: 0.7703
Epoch 19/50

Epoch 00019: saving model to models/mnist_student_e300_L2_b64/normal_classifier_100/cp-0019.hdf5
 - 3s - loss: 0.0240 - acc: 0.9922 - val_loss: 1.1288 - val_acc: 0.7708
Epoch 20/50

Epoch 00020: saving model to models/mnist_student_e300_L2_b64/normal_classifier_100/cp-0020.hdf5
 - 3s - loss: 0.0166 - acc: 0.9951 - val_loss: 1.1192 - val_acc: 0.7763
Epoch 21/50

Epoch 00021: saving model to models/mnist_student_e300_L2_b64/normal_classifier_100/cp-0021.hdf5
 - 3s - loss: 0.0091 - acc: 0.9980 - val_loss: 1.1761 - val_acc: 0.7742
Epoch 22/50

Epoch 00022: saving model to models/mnist_student_e300_L2_b64/normal_classifier_100/cp-0022.hdf5
 - 3s - loss: 0.0054 - acc: 1.0000 - val_loss: 1.1842 - val_acc: 0.7751
Epoch 23/50

Epoch 00023: saving model to models/mnist_student_e300_L2_b64/normal_classifier_100/cp-0023.hdf5
 - 3s - loss: 0.0103 - acc: 0.9990 - val_loss: 1.2593 - val_acc: 0.7664
Epoch 24/50

Epoch 00024: saving model to models/mnist_student_e300_L2_b64/normal_classifier_100/cp-0024.hdf5
 - 3s - loss: 0.0054 - acc: 1.0000 - val_loss: 1.2688 - val_acc: 0.7653
Epoch 25/50

Epoch 00025: saving model to models/mnist_student_e300_L2_b64/normal_classifier_100/cp-0025.hdf5
 - 3s - loss: 0.0090 - acc: 0.9971 - val_loss: 1.2164 - val_acc: 0.7735
Epoch 26/50

Epoch 00026: saving model to models/mnist_student_e300_L2_b64/normal_classifier_100/cp-0026.hdf5
 - 3s - loss: 0.0078 - acc: 0.9980 - val_loss: 1.2643 - val_acc: 0.7706
Epoch 27/50

Epoch 00027: saving model to models/mnist_student_e300_L2_b64/normal_classifier_100/cp-0027.hdf5
 - 3s - loss: 0.0049 - acc: 0.9990 - val_loss: 1.2466 - val_acc: 0.7735
Epoch 28/50

Epoch 00028: saving model to models/mnist_student_e300_L2_b64/normal_classifier_100/cp-0028.hdf5
 - 3s - loss: 0.0066 - acc: 0.9990 - val_loss: 1.3597 - val_acc: 0.7615
Epoch 29/50

Epoch 00029: saving model to models/mnist_student_e300_L2_b64/normal_classifier_100/cp-0029.hdf5
 - 3s - loss: 0.0068 - acc: 0.9980 - val_loss: 1.2534 - val_acc: 0.7775
Epoch 30/50

Epoch 00030: saving model to models/mnist_student_e300_L2_b64/normal_classifier_100/cp-0030.hdf5
 - 3s - loss: 0.0069 - acc: 0.9980 - val_loss: 1.4157 - val_acc: 0.7574
Epoch 31/50

Epoch 00031: saving model to models/mnist_student_e300_L2_b64/normal_classifier_100/cp-0031.hdf5
 - 3s - loss: 0.0080 - acc: 0.9990 - val_loss: 1.3072 - val_acc: 0.7689
Epoch 32/50

Epoch 00032: saving model to models/mnist_student_e300_L2_b64/normal_classifier_100/cp-0032.hdf5
 - 3s - loss: 0.0088 - acc: 0.9971 - val_loss: 1.3602 - val_acc: 0.7618
Epoch 33/50

Epoch 00033: saving model to models/mnist_student_e300_L2_b64/normal_classifier_100/cp-0033.hdf5
 - 3s - loss: 0.0049 - acc: 0.9971 - val_loss: 1.2223 - val_acc: 0.7841
Epoch 34/50

Epoch 00034: saving model to models/mnist_student_e300_L2_b64/normal_classifier_100/cp-0034.hdf5
 - 3s - loss: 0.0041 - acc: 0.9990 - val_loss: 1.3608 - val_acc: 0.7663
Epoch 35/50

Epoch 00035: saving model to models/mnist_student_e300_L2_b64/normal_classifier_100/cp-0035.hdf5
 - 3s - loss: 0.0026 - acc: 1.0000 - val_loss: 1.3153 - val_acc: 0.7736
Epoch 36/50

Epoch 00036: saving model to models/mnist_student_e300_L2_b64/normal_classifier_100/cp-0036.hdf5
 - 3s - loss: 0.0034 - acc: 1.0000 - val_loss: 1.3145 - val_acc: 0.7761
Epoch 37/50

Epoch 00037: saving model to models/mnist_student_e300_L2_b64/normal_classifier_100/cp-0037.hdf5
 - 3s - loss: 0.0071 - acc: 0.9980 - val_loss: 1.3285 - val_acc: 0.7727
Epoch 38/50

Epoch 00038: saving model to models/mnist_student_e300_L2_b64/normal_classifier_100/cp-0038.hdf5
 - 3s - loss: 0.0034 - acc: 1.0000 - val_loss: 1.3322 - val_acc: 0.7729
Epoch 39/50

Epoch 00039: saving model to models/mnist_student_e300_L2_b64/normal_classifier_100/cp-0039.hdf5
 - 3s - loss: 0.0056 - acc: 0.9971 - val_loss: 1.4314 - val_acc: 0.7622
Epoch 40/50

Epoch 00040: saving model to models/mnist_student_e300_L2_b64/normal_classifier_100/cp-0040.hdf5
 - 3s - loss: 0.0034 - acc: 1.0000 - val_loss: 1.3978 - val_acc: 0.7660
Epoch 41/50

Epoch 00041: saving model to models/mnist_student_e300_L2_b64/normal_classifier_100/cp-0041.hdf5
 - 3s - loss: 0.0030 - acc: 0.9990 - val_loss: 1.2936 - val_acc: 0.7814
Epoch 42/50

Epoch 00042: saving model to models/mnist_student_e300_L2_b64/normal_classifier_100/cp-0042.hdf5
 - 3s - loss: 0.0045 - acc: 0.9990 - val_loss: 1.3112 - val_acc: 0.7776
Epoch 43/50

Epoch 00043: saving model to models/mnist_student_e300_L2_b64/normal_classifier_100/cp-0043.hdf5
 - 3s - loss: 0.0015 - acc: 1.0000 - val_loss: 1.3942 - val_acc: 0.7708
Epoch 44/50

Epoch 00044: saving model to models/mnist_student_e300_L2_b64/normal_classifier_100/cp-0044.hdf5
 - 3s - loss: 0.0016 - acc: 1.0000 - val_loss: 1.3578 - val_acc: 0.7737
Epoch 45/50

Epoch 00045: saving model to models/mnist_student_e300_L2_b64/normal_classifier_100/cp-0045.hdf5
 - 3s - loss: 0.0026 - acc: 0.9990 - val_loss: 1.4650 - val_acc: 0.7617
Epoch 46/50

Epoch 00046: saving model to models/mnist_student_e300_L2_b64/normal_classifier_100/cp-0046.hdf5
 - 3s - loss: 0.0034 - acc: 0.9980 - val_loss: 1.4358 - val_acc: 0.7681
Epoch 47/50

Epoch 00047: saving model to models/mnist_student_e300_L2_b64/normal_classifier_100/cp-0047.hdf5
 - 3s - loss: 0.0030 - acc: 0.9990 - val_loss: 1.4466 - val_acc: 0.7678
Epoch 48/50

Epoch 00048: saving model to models/mnist_student_e300_L2_b64/normal_classifier_100/cp-0048.hdf5
 - 3s - loss: 0.0014 - acc: 1.0000 - val_loss: 1.4646 - val_acc: 0.7676
Epoch 49/50

Epoch 00049: saving model to models/mnist_student_e300_L2_b64/normal_classifier_100/cp-0049.hdf5
 - 3s - loss: 9.6273e-04 - acc: 1.0000 - val_loss: 1.4536 - val_acc: 0.7695
Epoch 50/50

Epoch 00050: saving model to models/mnist_student_e300_L2_b64/normal_classifier_100/cp-0050.hdf5
 - 3s - loss: 0.0021 - acc: 1.0000 - val_loss: 1.4538 - val_acc: 0.7695
Epoch 1/50

Epoch 00001: saving model to models/mnist_student_e300_L2_b64/multi-normal_classifier_100/cp-0001.hdf5
 - 5s - loss: 2.2967 - acc: 0.1338 - val_loss: 2.2996 - val_acc: 0.0956
Epoch 2/50

Epoch 00002: saving model to models/mnist_student_e300_L2_b64/multi-normal_classifier_100/cp-0002.hdf5
 - 3s - loss: 2.2850 - acc: 0.1387 - val_loss: 2.2963 - val_acc: 0.0965
Epoch 3/50

Epoch 00003: saving model to models/mnist_student_e300_L2_b64/multi-normal_classifier_100/cp-0003.hdf5
 - 3s - loss: 2.2593 - acc: 0.1523 - val_loss: 2.2941 - val_acc: 0.1312
Epoch 4/50

Epoch 00004: saving model to models/mnist_student_e300_L2_b64/multi-normal_classifier_100/cp-0004.hdf5
 - 3s - loss: 2.2142 - acc: 0.2188 - val_loss: 2.2746 - val_acc: 0.1496
Epoch 5/50

Epoch 00005: saving model to models/mnist_student_e300_L2_b64/multi-normal_classifier_100/cp-0005.hdf5
 - 3s - loss: 2.0960 - acc: 0.2764 - val_loss: 2.0179 - val_acc: 0.3931
Epoch 6/50

Epoch 00006: saving model to models/mnist_student_e300_L2_b64/multi-normal_classifier_100/cp-0006.hdf5
 - 3s - loss: 1.6418 - acc: 0.4658 - val_loss: 1.4000 - val_acc: 0.4949
Epoch 7/50

Epoch 00007: saving model to models/mnist_student_e300_L2_b64/multi-normal_classifier_100/cp-0007.hdf5
 - 3s - loss: 1.1417 - acc: 0.6104 - val_loss: 1.0176 - val_acc: 0.6513
Epoch 8/50

Epoch 00008: saving model to models/mnist_student_e300_L2_b64/multi-normal_classifier_100/cp-0008.hdf5
 - 3s - loss: 0.7696 - acc: 0.7256 - val_loss: 0.8377 - val_acc: 0.7365
Epoch 9/50

Epoch 00009: saving model to models/mnist_student_e300_L2_b64/multi-normal_classifier_100/cp-0009.hdf5
 - 3s - loss: 0.5142 - acc: 0.8174 - val_loss: 0.7558 - val_acc: 0.7807
Epoch 10/50

Epoch 00010: saving model to models/mnist_student_e300_L2_b64/multi-normal_classifier_100/cp-0010.hdf5
 - 3s - loss: 0.3420 - acc: 0.8887 - val_loss: 1.0492 - val_acc: 0.7390
Epoch 11/50

Epoch 00011: saving model to models/mnist_student_e300_L2_b64/multi-normal_classifier_100/cp-0011.hdf5
 - 3s - loss: 0.1920 - acc: 0.9297 - val_loss: 0.9565 - val_acc: 0.7679
Epoch 12/50

Epoch 00012: saving model to models/mnist_student_e300_L2_b64/multi-normal_classifier_100/cp-0012.hdf5
 - 3s - loss: 0.1343 - acc: 0.9580 - val_loss: 0.7979 - val_acc: 0.8169
Epoch 13/50

Epoch 00013: saving model to models/mnist_student_e300_L2_b64/multi-normal_classifier_100/cp-0013.hdf5
 - 3s - loss: 0.0706 - acc: 0.9795 - val_loss: 1.0440 - val_acc: 0.7870
Epoch 14/50

Epoch 00014: saving model to models/mnist_student_e300_L2_b64/multi-normal_classifier_100/cp-0014.hdf5
 - 3s - loss: 0.0642 - acc: 0.9844 - val_loss: 0.8891 - val_acc: 0.8160
Epoch 15/50

Epoch 00015: saving model to models/mnist_student_e300_L2_b64/multi-normal_classifier_100/cp-0015.hdf5
 - 3s - loss: 0.0348 - acc: 0.9883 - val_loss: 0.9692 - val_acc: 0.8102
Epoch 16/50

Epoch 00016: saving model to models/mnist_student_e300_L2_b64/multi-normal_classifier_100/cp-0016.hdf5
 - 3s - loss: 0.0188 - acc: 0.9961 - val_loss: 0.9433 - val_acc: 0.8203
Epoch 17/50

Epoch 00017: saving model to models/mnist_student_e300_L2_b64/multi-normal_classifier_100/cp-0017.hdf5
 - 3s - loss: 0.0314 - acc: 0.9893 - val_loss: 1.0594 - val_acc: 0.8094
Epoch 18/50

Epoch 00018: saving model to models/mnist_student_e300_L2_b64/multi-normal_classifier_100/cp-0018.hdf5
 - 3s - loss: 0.0203 - acc: 0.9961 - val_loss: 1.0406 - val_acc: 0.8175
Epoch 19/50

Epoch 00019: saving model to models/mnist_student_e300_L2_b64/multi-normal_classifier_100/cp-0019.hdf5
 - 3s - loss: 0.0202 - acc: 0.9951 - val_loss: 1.0737 - val_acc: 0.8120
Epoch 20/50

Epoch 00020: saving model to models/mnist_student_e300_L2_b64/multi-normal_classifier_100/cp-0020.hdf5
 - 3s - loss: 0.0124 - acc: 0.9980 - val_loss: 1.0862 - val_acc: 0.8143
Epoch 21/50

Epoch 00021: saving model to models/mnist_student_e300_L2_b64/multi-normal_classifier_100/cp-0021.hdf5
 - 3s - loss: 0.0145 - acc: 0.9951 - val_loss: 1.0890 - val_acc: 0.8145
Epoch 22/50

Epoch 00022: saving model to models/mnist_student_e300_L2_b64/multi-normal_classifier_100/cp-0022.hdf5
 - 3s - loss: 0.0126 - acc: 0.9971 - val_loss: 1.1362 - val_acc: 0.8111
Epoch 23/50

Epoch 00023: saving model to models/mnist_student_e300_L2_b64/multi-normal_classifier_100/cp-0023.hdf5
 - 3s - loss: 0.0049 - acc: 1.0000 - val_loss: 1.1177 - val_acc: 0.8140
Epoch 24/50

Epoch 00024: saving model to models/mnist_student_e300_L2_b64/multi-normal_classifier_100/cp-0024.hdf5
 - 3s - loss: 0.0069 - acc: 0.9990 - val_loss: 1.1144 - val_acc: 0.8163
Epoch 25/50

Epoch 00025: saving model to models/mnist_student_e300_L2_b64/multi-normal_classifier_100/cp-0025.hdf5
 - 3s - loss: 0.0049 - acc: 0.9990 - val_loss: 1.1316 - val_acc: 0.8188
Epoch 26/50

Epoch 00026: saving model to models/mnist_student_e300_L2_b64/multi-normal_classifier_100/cp-0026.hdf5
 - 3s - loss: 0.0070 - acc: 0.9990 - val_loss: 1.2041 - val_acc: 0.8116
Epoch 27/50

Epoch 00027: saving model to models/mnist_student_e300_L2_b64/multi-normal_classifier_100/cp-0027.hdf5
 - 3s - loss: 0.0056 - acc: 1.0000 - val_loss: 1.1809 - val_acc: 0.8145
Epoch 28/50

Epoch 00028: saving model to models/mnist_student_e300_L2_b64/multi-normal_classifier_100/cp-0028.hdf5
 - 3s - loss: 0.0045 - acc: 1.0000 - val_loss: 1.1770 - val_acc: 0.8152
Epoch 29/50

Epoch 00029: saving model to models/mnist_student_e300_L2_b64/multi-normal_classifier_100/cp-0029.hdf5
 - 3s - loss: 0.0058 - acc: 0.9990 - val_loss: 1.2081 - val_acc: 0.8156
Epoch 30/50

Epoch 00030: saving model to models/mnist_student_e300_L2_b64/multi-normal_classifier_100/cp-0030.hdf5
 - 3s - loss: 0.0075 - acc: 0.9980 - val_loss: 1.1964 - val_acc: 0.8143
Epoch 31/50

Epoch 00031: saving model to models/mnist_student_e300_L2_b64/multi-normal_classifier_100/cp-0031.hdf5
 - 3s - loss: 0.0047 - acc: 1.0000 - val_loss: 1.2168 - val_acc: 0.8109
Epoch 32/50

Epoch 00032: saving model to models/mnist_student_e300_L2_b64/multi-normal_classifier_100/cp-0032.hdf5
 - 3s - loss: 0.0057 - acc: 0.9990 - val_loss: 1.1874 - val_acc: 0.8198
Epoch 33/50

Epoch 00033: saving model to models/mnist_student_e300_L2_b64/multi-normal_classifier_100/cp-0033.hdf5
 - 3s - loss: 0.0029 - acc: 1.0000 - val_loss: 1.2044 - val_acc: 0.8179
Epoch 34/50

Epoch 00034: saving model to models/mnist_student_e300_L2_b64/multi-normal_classifier_100/cp-0034.hdf5
 - 3s - loss: 0.0037 - acc: 0.9990 - val_loss: 1.2184 - val_acc: 0.8174
Epoch 35/50

Epoch 00035: saving model to models/mnist_student_e300_L2_b64/multi-normal_classifier_100/cp-0035.hdf5
 - 3s - loss: 0.0031 - acc: 1.0000 - val_loss: 1.2283 - val_acc: 0.8172
Epoch 36/50

Epoch 00036: saving model to models/mnist_student_e300_L2_b64/multi-normal_classifier_100/cp-0036.hdf5
 - 3s - loss: 0.0031 - acc: 1.0000 - val_loss: 1.2295 - val_acc: 0.8182
Epoch 37/50

Epoch 00037: saving model to models/mnist_student_e300_L2_b64/multi-normal_classifier_100/cp-0037.hdf5
 - 3s - loss: 0.0033 - acc: 0.9980 - val_loss: 1.2586 - val_acc: 0.8148
Epoch 38/50

Epoch 00038: saving model to models/mnist_student_e300_L2_b64/multi-normal_classifier_100/cp-0038.hdf5
 - 3s - loss: 0.0038 - acc: 1.0000 - val_loss: 1.2706 - val_acc: 0.8137
Epoch 39/50

Epoch 00039: saving model to models/mnist_student_e300_L2_b64/multi-normal_classifier_100/cp-0039.hdf5
 - 3s - loss: 0.0018 - acc: 1.0000 - val_loss: 1.2402 - val_acc: 0.8197
Epoch 40/50

Epoch 00040: saving model to models/mnist_student_e300_L2_b64/multi-normal_classifier_100/cp-0040.hdf5
 - 3s - loss: 0.0042 - acc: 1.0000 - val_loss: 1.2701 - val_acc: 0.8169
Epoch 41/50

Epoch 00041: saving model to models/mnist_student_e300_L2_b64/multi-normal_classifier_100/cp-0041.hdf5
 - 3s - loss: 0.0066 - acc: 0.9980 - val_loss: 1.2824 - val_acc: 0.8137
Epoch 42/50

Epoch 00042: saving model to models/mnist_student_e300_L2_b64/multi-normal_classifier_100/cp-0042.hdf5
 - 3s - loss: 0.0052 - acc: 0.9980 - val_loss: 1.2477 - val_acc: 0.8150
Epoch 43/50

Epoch 00043: saving model to models/mnist_student_e300_L2_b64/multi-normal_classifier_100/cp-0043.hdf5
 - 3s - loss: 0.0022 - acc: 1.0000 - val_loss: 1.2303 - val_acc: 0.8184
Epoch 44/50

Epoch 00044: saving model to models/mnist_student_e300_L2_b64/multi-normal_classifier_100/cp-0044.hdf5
 - 3s - loss: 0.0043 - acc: 0.9990 - val_loss: 1.2949 - val_acc: 0.8124
Epoch 45/50

Epoch 00045: saving model to models/mnist_student_e300_L2_b64/multi-normal_classifier_100/cp-0045.hdf5
 - 3s - loss: 0.0021 - acc: 0.9990 - val_loss: 1.2496 - val_acc: 0.8160
Epoch 46/50

Epoch 00046: saving model to models/mnist_student_e300_L2_b64/multi-normal_classifier_100/cp-0046.hdf5
 - 3s - loss: 0.0034 - acc: 0.9990 - val_loss: 1.2669 - val_acc: 0.8195
Epoch 47/50

Epoch 00047: saving model to models/mnist_student_e300_L2_b64/multi-normal_classifier_100/cp-0047.hdf5
 - 3s - loss: 0.0028 - acc: 0.9990 - val_loss: 1.2408 - val_acc: 0.8188
Epoch 48/50

Epoch 00048: saving model to models/mnist_student_e300_L2_b64/multi-normal_classifier_100/cp-0048.hdf5
 - 3s - loss: 0.0044 - acc: 0.9980 - val_loss: 1.2645 - val_acc: 0.8164
Epoch 49/50

Epoch 00049: saving model to models/mnist_student_e300_L2_b64/multi-normal_classifier_100/cp-0049.hdf5
 - 3s - loss: 0.0026 - acc: 1.0000 - val_loss: 1.2298 - val_acc: 0.8204
Epoch 50/50

Epoch 00050: saving model to models/mnist_student_e300_L2_b64/multi-normal_classifier_100/cp-0050.hdf5
 - 3s - loss: 0.0015 - acc: 1.0000 - val_loss: 1.2442 - val_acc: 0.8184
Epoch 1/50

Epoch 00001: saving model to models/mnist_student_e300_L2_b64/uniform_classifier_100/cp-0001.hdf5
 - 5s - loss: 2.2940 - acc: 0.1826 - val_loss: 2.3004 - val_acc: 0.1544
Epoch 2/50

Epoch 00002: saving model to models/mnist_student_e300_L2_b64/uniform_classifier_100/cp-0002.hdf5
 - 3s - loss: 2.2411 - acc: 0.3984 - val_loss: 2.3122 - val_acc: 0.1809
Epoch 3/50

Epoch 00003: saving model to models/mnist_student_e300_L2_b64/uniform_classifier_100/cp-0003.hdf5
 - 3s - loss: 1.9879 - acc: 0.4062 - val_loss: 2.4387 - val_acc: 0.2387
Epoch 4/50

Epoch 00004: saving model to models/mnist_student_e300_L2_b64/uniform_classifier_100/cp-0004.hdf5
 - 3s - loss: 1.4873 - acc: 0.5645 - val_loss: 2.3257 - val_acc: 0.2757
Epoch 5/50

Epoch 00005: saving model to models/mnist_student_e300_L2_b64/uniform_classifier_100/cp-0005.hdf5
 - 3s - loss: 1.0642 - acc: 0.6699 - val_loss: 2.0899 - val_acc: 0.3362
Epoch 6/50

Epoch 00006: saving model to models/mnist_student_e300_L2_b64/uniform_classifier_100/cp-0006.hdf5
 - 3s - loss: 0.8256 - acc: 0.7451 - val_loss: 2.1251 - val_acc: 0.3893
Epoch 7/50

Epoch 00007: saving model to models/mnist_student_e300_L2_b64/uniform_classifier_100/cp-0007.hdf5
 - 3s - loss: 0.6054 - acc: 0.8027 - val_loss: 1.9724 - val_acc: 0.4372
Epoch 8/50

Epoch 00008: saving model to models/mnist_student_e300_L2_b64/uniform_classifier_100/cp-0008.hdf5
 - 3s - loss: 0.4411 - acc: 0.8564 - val_loss: 2.3617 - val_acc: 0.4319
Epoch 9/50

Epoch 00009: saving model to models/mnist_student_e300_L2_b64/uniform_classifier_100/cp-0009.hdf5
 - 3s - loss: 0.3672 - acc: 0.8730 - val_loss: 1.8054 - val_acc: 0.5367
Epoch 10/50

Epoch 00010: saving model to models/mnist_student_e300_L2_b64/uniform_classifier_100/cp-0010.hdf5
 - 3s - loss: 0.1422 - acc: 0.9609 - val_loss: 2.0676 - val_acc: 0.5563
Epoch 11/50

Epoch 00011: saving model to models/mnist_student_e300_L2_b64/uniform_classifier_100/cp-0011.hdf5
 - 3s - loss: 0.0955 - acc: 0.9746 - val_loss: 2.3454 - val_acc: 0.5483
Epoch 12/50

Epoch 00012: saving model to models/mnist_student_e300_L2_b64/uniform_classifier_100/cp-0012.hdf5
 - 3s - loss: 0.1286 - acc: 0.9551 - val_loss: 2.3437 - val_acc: 0.5392
Epoch 13/50

Epoch 00013: saving model to models/mnist_student_e300_L2_b64/uniform_classifier_100/cp-0013.hdf5
 - 3s - loss: 0.0500 - acc: 0.9893 - val_loss: 2.3514 - val_acc: 0.5632
Epoch 14/50

Epoch 00014: saving model to models/mnist_student_e300_L2_b64/uniform_classifier_100/cp-0014.hdf5
 - 3s - loss: 0.0282 - acc: 0.9941 - val_loss: 2.4802 - val_acc: 0.5697
Epoch 15/50

Epoch 00015: saving model to models/mnist_student_e300_L2_b64/uniform_classifier_100/cp-0015.hdf5
 - 3s - loss: 0.0373 - acc: 0.9883 - val_loss: 2.4192 - val_acc: 0.5773
Epoch 16/50

Epoch 00016: saving model to models/mnist_student_e300_L2_b64/uniform_classifier_100/cp-0016.hdf5
 - 3s - loss: 0.0138 - acc: 1.0000 - val_loss: 2.6178 - val_acc: 0.5729
Epoch 17/50

Epoch 00017: saving model to models/mnist_student_e300_L2_b64/uniform_classifier_100/cp-0017.hdf5
 - 3s - loss: 0.0093 - acc: 1.0000 - val_loss: 2.8332 - val_acc: 0.5628
Epoch 18/50

Epoch 00018: saving model to models/mnist_student_e300_L2_b64/uniform_classifier_100/cp-0018.hdf5
 - 3s - loss: 0.0079 - acc: 1.0000 - val_loss: 2.8273 - val_acc: 0.5718
Epoch 19/50

Epoch 00019: saving model to models/mnist_student_e300_L2_b64/uniform_classifier_100/cp-0019.hdf5
 - 3s - loss: 0.0103 - acc: 0.9990 - val_loss: 2.9371 - val_acc: 0.5646
Epoch 20/50

Epoch 00020: saving model to models/mnist_student_e300_L2_b64/uniform_classifier_100/cp-0020.hdf5
 - 3s - loss: 0.0100 - acc: 0.9980 - val_loss: 3.0082 - val_acc: 0.5630
Epoch 21/50

Epoch 00021: saving model to models/mnist_student_e300_L2_b64/uniform_classifier_100/cp-0021.hdf5
 - 3s - loss: 0.0139 - acc: 0.9961 - val_loss: 2.9582 - val_acc: 0.5691
Epoch 22/50

Epoch 00022: saving model to models/mnist_student_e300_L2_b64/uniform_classifier_100/cp-0022.hdf5
 - 3s - loss: 0.0083 - acc: 0.9990 - val_loss: 2.9853 - val_acc: 0.5721
Epoch 23/50

Epoch 00023: saving model to models/mnist_student_e300_L2_b64/uniform_classifier_100/cp-0023.hdf5
 - 3s - loss: 0.0079 - acc: 1.0000 - val_loss: 2.9747 - val_acc: 0.5758
Epoch 24/50

Epoch 00024: saving model to models/mnist_student_e300_L2_b64/uniform_classifier_100/cp-0024.hdf5
 - 3s - loss: 0.0040 - acc: 1.0000 - val_loss: 3.0576 - val_acc: 0.5756
Epoch 25/50

Epoch 00025: saving model to models/mnist_student_e300_L2_b64/uniform_classifier_100/cp-0025.hdf5
 - 3s - loss: 0.0055 - acc: 0.9990 - val_loss: 3.0718 - val_acc: 0.5765
Epoch 26/50

Epoch 00026: saving model to models/mnist_student_e300_L2_b64/uniform_classifier_100/cp-0026.hdf5
 - 3s - loss: 0.0074 - acc: 0.9980 - val_loss: 3.0212 - val_acc: 0.5810
Epoch 27/50

Epoch 00027: saving model to models/mnist_student_e300_L2_b64/uniform_classifier_100/cp-0027.hdf5
 - 3s - loss: 0.0032 - acc: 1.0000 - val_loss: 3.1432 - val_acc: 0.5717
Epoch 28/50

Epoch 00028: saving model to models/mnist_student_e300_L2_b64/uniform_classifier_100/cp-0028.hdf5
 - 3s - loss: 0.0037 - acc: 1.0000 - val_loss: 3.1121 - val_acc: 0.5770
Epoch 29/50

Epoch 00029: saving model to models/mnist_student_e300_L2_b64/uniform_classifier_100/cp-0029.hdf5
 - 3s - loss: 0.0038 - acc: 0.9990 - val_loss: 3.1656 - val_acc: 0.5779
Epoch 30/50

Epoch 00030: saving model to models/mnist_student_e300_L2_b64/uniform_classifier_100/cp-0030.hdf5
 - 3s - loss: 0.0080 - acc: 0.9980 - val_loss: 3.1426 - val_acc: 0.5804
Epoch 31/50

Epoch 00031: saving model to models/mnist_student_e300_L2_b64/uniform_classifier_100/cp-0031.hdf5
 - 3s - loss: 0.0019 - acc: 1.0000 - val_loss: 3.1773 - val_acc: 0.5773
Epoch 32/50

Epoch 00032: saving model to models/mnist_student_e300_L2_b64/uniform_classifier_100/cp-0032.hdf5
 - 3s - loss: 0.0015 - acc: 1.0000 - val_loss: 3.2094 - val_acc: 0.5773
Epoch 33/50

Epoch 00033: saving model to models/mnist_student_e300_L2_b64/uniform_classifier_100/cp-0033.hdf5
 - 3s - loss: 0.0030 - acc: 0.9990 - val_loss: 3.2768 - val_acc: 0.5779
Epoch 34/50

Epoch 00034: saving model to models/mnist_student_e300_L2_b64/uniform_classifier_100/cp-0034.hdf5
 - 3s - loss: 0.0016 - acc: 1.0000 - val_loss: 3.2737 - val_acc: 0.5775
Epoch 35/50

Epoch 00035: saving model to models/mnist_student_e300_L2_b64/uniform_classifier_100/cp-0035.hdf5
 - 3s - loss: 0.0022 - acc: 1.0000 - val_loss: 3.2975 - val_acc: 0.5752
Epoch 36/50

Epoch 00036: saving model to models/mnist_student_e300_L2_b64/uniform_classifier_100/cp-0036.hdf5
 - 3s - loss: 0.0078 - acc: 0.9971 - val_loss: 3.3079 - val_acc: 0.5735
Epoch 37/50

Epoch 00037: saving model to models/mnist_student_e300_L2_b64/uniform_classifier_100/cp-0037.hdf5
 - 3s - loss: 0.0017 - acc: 1.0000 - val_loss: 3.2529 - val_acc: 0.5793
Epoch 38/50

Epoch 00038: saving model to models/mnist_student_e300_L2_b64/uniform_classifier_100/cp-0038.hdf5
 - 3s - loss: 9.3571e-04 - acc: 1.0000 - val_loss: 3.2885 - val_acc: 0.5783
Epoch 39/50

Epoch 00039: saving model to models/mnist_student_e300_L2_b64/uniform_classifier_100/cp-0039.hdf5
 - 3s - loss: 0.0019 - acc: 0.9990 - val_loss: 3.4425 - val_acc: 0.5666
Epoch 40/50

Epoch 00040: saving model to models/mnist_student_e300_L2_b64/uniform_classifier_100/cp-0040.hdf5
 - 3s - loss: 0.0042 - acc: 0.9980 - val_loss: 3.6121 - val_acc: 0.5614
Epoch 41/50

Epoch 00041: saving model to models/mnist_student_e300_L2_b64/uniform_classifier_100/cp-0041.hdf5
 - 3s - loss: 0.0015 - acc: 1.0000 - val_loss: 3.4589 - val_acc: 0.5704
Epoch 42/50

Epoch 00042: saving model to models/mnist_student_e300_L2_b64/uniform_classifier_100/cp-0042.hdf5
 - 3s - loss: 0.0033 - acc: 0.9990 - val_loss: 3.4600 - val_acc: 0.5728
Epoch 43/50

Epoch 00043: saving model to models/mnist_student_e300_L2_b64/uniform_classifier_100/cp-0043.hdf5
 - 3s - loss: 0.0029 - acc: 1.0000 - val_loss: 3.3039 - val_acc: 0.5841
Epoch 44/50

Epoch 00044: saving model to models/mnist_student_e300_L2_b64/uniform_classifier_100/cp-0044.hdf5
 - 3s - loss: 8.9199e-04 - acc: 1.0000 - val_loss: 3.3248 - val_acc: 0.5814
Epoch 45/50

Epoch 00045: saving model to models/mnist_student_e300_L2_b64/uniform_classifier_100/cp-0045.hdf5
 - 3s - loss: 0.0019 - acc: 1.0000 - val_loss: 3.3650 - val_acc: 0.5786
Epoch 46/50

Epoch 00046: saving model to models/mnist_student_e300_L2_b64/uniform_classifier_100/cp-0046.hdf5
 - 3s - loss: 0.0014 - acc: 1.0000 - val_loss: 3.4133 - val_acc: 0.5795
Epoch 47/50

Epoch 00047: saving model to models/mnist_student_e300_L2_b64/uniform_classifier_100/cp-0047.hdf5
 - 3s - loss: 0.0018 - acc: 1.0000 - val_loss: 3.4467 - val_acc: 0.5801
Epoch 48/50

Epoch 00048: saving model to models/mnist_student_e300_L2_b64/uniform_classifier_100/cp-0048.hdf5
 - 3s - loss: 0.0016 - acc: 1.0000 - val_loss: 3.5724 - val_acc: 0.5707
Epoch 49/50

Epoch 00049: saving model to models/mnist_student_e300_L2_b64/uniform_classifier_100/cp-0049.hdf5
 - 3s - loss: 0.0021 - acc: 1.0000 - val_loss: 3.3718 - val_acc: 0.5872
Epoch 50/50

Epoch 00050: saving model to models/mnist_student_e300_L2_b64/uniform_classifier_100/cp-0050.hdf5
 - 3s - loss: 0.0090 - acc: 0.9980 - val_loss: 3.4837 - val_acc: 0.5754
Epoch 1/50

Epoch 00001: saving model to models/mnist_student_e300_L2_b64/uniform-cluster_classifier_100/cp-0001.hdf5
 - 5s - loss: 2.3003 - acc: 0.1133 - val_loss: 2.2997 - val_acc: 0.1035
Epoch 2/50

Epoch 00002: saving model to models/mnist_student_e300_L2_b64/uniform-cluster_classifier_100/cp-0002.hdf5
 - 3s - loss: 2.2923 - acc: 0.1641 - val_loss: 2.2966 - val_acc: 0.1328
Epoch 3/50

Epoch 00003: saving model to models/mnist_student_e300_L2_b64/uniform-cluster_classifier_100/cp-0003.hdf5
 - 3s - loss: 2.2730 - acc: 0.2100 - val_loss: 2.2917 - val_acc: 0.1278
Epoch 4/50

Epoch 00004: saving model to models/mnist_student_e300_L2_b64/uniform-cluster_classifier_100/cp-0004.hdf5
 - 3s - loss: 2.2278 - acc: 0.1807 - val_loss: 2.2869 - val_acc: 0.1081
Epoch 5/50

Epoch 00005: saving model to models/mnist_student_e300_L2_b64/uniform-cluster_classifier_100/cp-0005.hdf5
 - 3s - loss: 2.1134 - acc: 0.2822 - val_loss: 2.0489 - val_acc: 0.2818
Epoch 6/50

Epoch 00006: saving model to models/mnist_student_e300_L2_b64/uniform-cluster_classifier_100/cp-0006.hdf5
 - 3s - loss: 1.7208 - acc: 0.3955 - val_loss: 1.8502 - val_acc: 0.4083
Epoch 7/50

Epoch 00007: saving model to models/mnist_student_e300_L2_b64/uniform-cluster_classifier_100/cp-0007.hdf5
 - 3s - loss: 1.3864 - acc: 0.5312 - val_loss: 1.3824 - val_acc: 0.5710
Epoch 8/50

Epoch 00008: saving model to models/mnist_student_e300_L2_b64/uniform-cluster_classifier_100/cp-0008.hdf5
 - 3s - loss: 1.0551 - acc: 0.6406 - val_loss: 1.3930 - val_acc: 0.6227
Epoch 9/50

Epoch 00009: saving model to models/mnist_student_e300_L2_b64/uniform-cluster_classifier_100/cp-0009.hdf5
 - 3s - loss: 0.7737 - acc: 0.7412 - val_loss: 1.0470 - val_acc: 0.7022
Epoch 10/50

Epoch 00010: saving model to models/mnist_student_e300_L2_b64/uniform-cluster_classifier_100/cp-0010.hdf5
 - 3s - loss: 0.4906 - acc: 0.8320 - val_loss: 1.5239 - val_acc: 0.6258
Epoch 11/50

Epoch 00011: saving model to models/mnist_student_e300_L2_b64/uniform-cluster_classifier_100/cp-0011.hdf5
 - 3s - loss: 0.2617 - acc: 0.9268 - val_loss: 1.3967 - val_acc: 0.6932
Epoch 12/50

Epoch 00012: saving model to models/mnist_student_e300_L2_b64/uniform-cluster_classifier_100/cp-0012.hdf5
 - 3s - loss: 0.2068 - acc: 0.9365 - val_loss: 1.4768 - val_acc: 0.6958
Epoch 13/50

Epoch 00013: saving model to models/mnist_student_e300_L2_b64/uniform-cluster_classifier_100/cp-0013.hdf5
 - 3s - loss: 0.0637 - acc: 0.9854 - val_loss: 1.6002 - val_acc: 0.7209
Epoch 14/50

Epoch 00014: saving model to models/mnist_student_e300_L2_b64/uniform-cluster_classifier_100/cp-0014.hdf5
 - 3s - loss: 0.0670 - acc: 0.9824 - val_loss: 1.6659 - val_acc: 0.7167
Epoch 15/50

Epoch 00015: saving model to models/mnist_student_e300_L2_b64/uniform-cluster_classifier_100/cp-0015.hdf5
 - 3s - loss: 0.0466 - acc: 0.9873 - val_loss: 1.7804 - val_acc: 0.7164
Epoch 16/50

Epoch 00016: saving model to models/mnist_student_e300_L2_b64/uniform-cluster_classifier_100/cp-0016.hdf5
 - 3s - loss: 0.0271 - acc: 0.9932 - val_loss: 1.7693 - val_acc: 0.7258
Epoch 17/50

Epoch 00017: saving model to models/mnist_student_e300_L2_b64/uniform-cluster_classifier_100/cp-0017.hdf5
 - 3s - loss: 0.0131 - acc: 0.9990 - val_loss: 1.8203 - val_acc: 0.7213
Epoch 18/50

Epoch 00018: saving model to models/mnist_student_e300_L2_b64/uniform-cluster_classifier_100/cp-0018.hdf5
 - 3s - loss: 0.0130 - acc: 0.9961 - val_loss: 1.8449 - val_acc: 0.7259
Epoch 19/50

Epoch 00019: saving model to models/mnist_student_e300_L2_b64/uniform-cluster_classifier_100/cp-0019.hdf5
 - 3s - loss: 0.0101 - acc: 1.0000 - val_loss: 2.0120 - val_acc: 0.7090
Epoch 20/50

Epoch 00020: saving model to models/mnist_student_e300_L2_b64/uniform-cluster_classifier_100/cp-0020.hdf5
 - 3s - loss: 0.0106 - acc: 0.9971 - val_loss: 1.9532 - val_acc: 0.7226
Epoch 21/50

Epoch 00021: saving model to models/mnist_student_e300_L2_b64/uniform-cluster_classifier_100/cp-0021.hdf5
 - 3s - loss: 0.0066 - acc: 0.9990 - val_loss: 2.0321 - val_acc: 0.7109
Epoch 22/50

Epoch 00022: saving model to models/mnist_student_e300_L2_b64/uniform-cluster_classifier_100/cp-0022.hdf5
 - 3s - loss: 0.0094 - acc: 0.9980 - val_loss: 1.9852 - val_acc: 0.7187
Epoch 23/50

Epoch 00023: saving model to models/mnist_student_e300_L2_b64/uniform-cluster_classifier_100/cp-0023.hdf5
 - 3s - loss: 0.0070 - acc: 1.0000 - val_loss: 2.0287 - val_acc: 0.7146
Epoch 24/50

Epoch 00024: saving model to models/mnist_student_e300_L2_b64/uniform-cluster_classifier_100/cp-0024.hdf5
 - 3s - loss: 0.0077 - acc: 0.9980 - val_loss: 2.0158 - val_acc: 0.7223
Epoch 25/50

Epoch 00025: saving model to models/mnist_student_e300_L2_b64/uniform-cluster_classifier_100/cp-0025.hdf5
 - 3s - loss: 0.0035 - acc: 1.0000 - val_loss: 2.0932 - val_acc: 0.7150
Epoch 26/50

Epoch 00026: saving model to models/mnist_student_e300_L2_b64/uniform-cluster_classifier_100/cp-0026.hdf5
 - 3s - loss: 0.0028 - acc: 0.9990 - val_loss: 2.0921 - val_acc: 0.7236
Epoch 27/50

Epoch 00027: saving model to models/mnist_student_e300_L2_b64/uniform-cluster_classifier_100/cp-0027.hdf5
 - 3s - loss: 0.0049 - acc: 1.0000 - val_loss: 2.1829 - val_acc: 0.7074
Epoch 28/50

Epoch 00028: saving model to models/mnist_student_e300_L2_b64/uniform-cluster_classifier_100/cp-0028.hdf5
 - 3s - loss: 0.0051 - acc: 0.9990 - val_loss: 2.0914 - val_acc: 0.7186
Epoch 29/50

Epoch 00029: saving model to models/mnist_student_e300_L2_b64/uniform-cluster_classifier_100/cp-0029.hdf5
 - 3s - loss: 0.0055 - acc: 0.9980 - val_loss: 2.1170 - val_acc: 0.7155
Epoch 30/50

Epoch 00030: saving model to models/mnist_student_e300_L2_b64/uniform-cluster_classifier_100/cp-0030.hdf5
 - 3s - loss: 0.0024 - acc: 1.0000 - val_loss: 2.1241 - val_acc: 0.7163
Epoch 31/50

Epoch 00031: saving model to models/mnist_student_e300_L2_b64/uniform-cluster_classifier_100/cp-0031.hdf5
 - 3s - loss: 0.0028 - acc: 1.0000 - val_loss: 2.0689 - val_acc: 0.7221
Epoch 32/50

Epoch 00032: saving model to models/mnist_student_e300_L2_b64/uniform-cluster_classifier_100/cp-0032.hdf5
 - 3s - loss: 0.0019 - acc: 1.0000 - val_loss: 2.0702 - val_acc: 0.7260
Epoch 33/50

Epoch 00033: saving model to models/mnist_student_e300_L2_b64/uniform-cluster_classifier_100/cp-0033.hdf5
 - 3s - loss: 0.0025 - acc: 1.0000 - val_loss: 2.1504 - val_acc: 0.7185
Epoch 34/50

Epoch 00034: saving model to models/mnist_student_e300_L2_b64/uniform-cluster_classifier_100/cp-0034.hdf5
 - 3s - loss: 0.0040 - acc: 0.9990 - val_loss: 2.1715 - val_acc: 0.7242
Epoch 35/50

Epoch 00035: saving model to models/mnist_student_e300_L2_b64/uniform-cluster_classifier_100/cp-0035.hdf5
 - 3s - loss: 0.0024 - acc: 1.0000 - val_loss: 2.1652 - val_acc: 0.7248
Epoch 36/50

Epoch 00036: saving model to models/mnist_student_e300_L2_b64/uniform-cluster_classifier_100/cp-0036.hdf5
 - 3s - loss: 0.0040 - acc: 0.9990 - val_loss: 2.1902 - val_acc: 0.7149
Epoch 37/50

Epoch 00037: saving model to models/mnist_student_e300_L2_b64/uniform-cluster_classifier_100/cp-0037.hdf5
 - 3s - loss: 0.0016 - acc: 1.0000 - val_loss: 2.1590 - val_acc: 0.7195
Epoch 38/50

Epoch 00038: saving model to models/mnist_student_e300_L2_b64/uniform-cluster_classifier_100/cp-0038.hdf5
 - 3s - loss: 0.0037 - acc: 1.0000 - val_loss: 2.1688 - val_acc: 0.7227
Epoch 39/50

Epoch 00039: saving model to models/mnist_student_e300_L2_b64/uniform-cluster_classifier_100/cp-0039.hdf5
 - 3s - loss: 0.0018 - acc: 1.0000 - val_loss: 2.1869 - val_acc: 0.7194
Epoch 40/50

Epoch 00040: saving model to models/mnist_student_e300_L2_b64/uniform-cluster_classifier_100/cp-0040.hdf5
 - 3s - loss: 0.0021 - acc: 1.0000 - val_loss: 2.1722 - val_acc: 0.7229
Epoch 41/50

Epoch 00041: saving model to models/mnist_student_e300_L2_b64/uniform-cluster_classifier_100/cp-0041.hdf5
 - 3s - loss: 0.0045 - acc: 0.9990 - val_loss: 2.1896 - val_acc: 0.7222
Epoch 42/50

Epoch 00042: saving model to models/mnist_student_e300_L2_b64/uniform-cluster_classifier_100/cp-0042.hdf5
 - 3s - loss: 0.0028 - acc: 0.9990 - val_loss: 2.2123 - val_acc: 0.7187
Epoch 43/50

Epoch 00043: saving model to models/mnist_student_e300_L2_b64/uniform-cluster_classifier_100/cp-0043.hdf5
 - 3s - loss: 0.0019 - acc: 1.0000 - val_loss: 2.2445 - val_acc: 0.7172
Epoch 44/50

Epoch 00044: saving model to models/mnist_student_e300_L2_b64/uniform-cluster_classifier_100/cp-0044.hdf5
 - 3s - loss: 0.0010 - acc: 1.0000 - val_loss: 2.2295 - val_acc: 0.7198
Epoch 45/50

Epoch 00045: saving model to models/mnist_student_e300_L2_b64/uniform-cluster_classifier_100/cp-0045.hdf5
 - 3s - loss: 0.0020 - acc: 1.0000 - val_loss: 2.2650 - val_acc: 0.7197
Epoch 46/50

Epoch 00046: saving model to models/mnist_student_e300_L2_b64/uniform-cluster_classifier_100/cp-0046.hdf5
 - 3s - loss: 0.0015 - acc: 1.0000 - val_loss: 2.2602 - val_acc: 0.7162
Epoch 47/50

Epoch 00047: saving model to models/mnist_student_e300_L2_b64/uniform-cluster_classifier_100/cp-0047.hdf5
 - 3s - loss: 0.0015 - acc: 1.0000 - val_loss: 2.2395 - val_acc: 0.7210
Epoch 48/50

Epoch 00048: saving model to models/mnist_student_e300_L2_b64/uniform-cluster_classifier_100/cp-0048.hdf5
 - 3s - loss: 0.0014 - acc: 1.0000 - val_loss: 2.2411 - val_acc: 0.7182
Epoch 49/50

Epoch 00049: saving model to models/mnist_student_e300_L2_b64/uniform-cluster_classifier_100/cp-0049.hdf5
 - 3s - loss: 0.0015 - acc: 1.0000 - val_loss: 2.2412 - val_acc: 0.7214
Epoch 50/50

Epoch 00050: saving model to models/mnist_student_e300_L2_b64/uniform-cluster_classifier_100/cp-0050.hdf5
 - 3s - loss: 0.0010 - acc: 1.0000 - val_loss: 2.3118 - val_acc: 0.7172
Epoch 1/50

Epoch 00001: saving model to models/mnist_student_e300_L2_b64/normal-cluster_classifier_100/cp-0001.hdf5
 - 6s - loss: 2.2675 - acc: 0.2754 - val_loss: 2.3059 - val_acc: 0.0969
Epoch 2/50

Epoch 00002: saving model to models/mnist_student_e300_L2_b64/normal-cluster_classifier_100/cp-0002.hdf5
 - 3s - loss: 2.0775 - acc: 0.3037 - val_loss: 2.4672 - val_acc: 0.0971
Epoch 3/50

Epoch 00003: saving model to models/mnist_student_e300_L2_b64/normal-cluster_classifier_100/cp-0003.hdf5
 - 3s - loss: 1.9683 - acc: 0.3047 - val_loss: 2.5302 - val_acc: 0.0972
Epoch 4/50

Epoch 00004: saving model to models/mnist_student_e300_L2_b64/normal-cluster_classifier_100/cp-0004.hdf5
 - 3s - loss: 1.8304 - acc: 0.3379 - val_loss: 2.5989 - val_acc: 0.1161
Epoch 5/50

Epoch 00005: saving model to models/mnist_student_e300_L2_b64/normal-cluster_classifier_100/cp-0005.hdf5
 - 3s - loss: 1.6114 - acc: 0.4082 - val_loss: 2.0452 - val_acc: 0.2502
Epoch 6/50

Epoch 00006: saving model to models/mnist_student_e300_L2_b64/normal-cluster_classifier_100/cp-0006.hdf5
 - 3s - loss: 1.2541 - acc: 0.5508 - val_loss: 2.2996 - val_acc: 0.2401
Epoch 7/50

Epoch 00007: saving model to models/mnist_student_e300_L2_b64/normal-cluster_classifier_100/cp-0007.hdf5
 - 3s - loss: 0.9618 - acc: 0.6709 - val_loss: 1.4844 - val_acc: 0.5735
Epoch 8/50

Epoch 00008: saving model to models/mnist_student_e300_L2_b64/normal-cluster_classifier_100/cp-0008.hdf5
 - 3s - loss: 0.7445 - acc: 0.7490 - val_loss: 1.6283 - val_acc: 0.5219
Epoch 9/50

Epoch 00009: saving model to models/mnist_student_e300_L2_b64/normal-cluster_classifier_100/cp-0009.hdf5
 - 3s - loss: 0.5232 - acc: 0.8125 - val_loss: 1.9320 - val_acc: 0.4740
Epoch 10/50

Epoch 00010: saving model to models/mnist_student_e300_L2_b64/normal-cluster_classifier_100/cp-0010.hdf5
 - 3s - loss: 0.4194 - acc: 0.8584 - val_loss: 1.5801 - val_acc: 0.6150
Epoch 11/50

Epoch 00011: saving model to models/mnist_student_e300_L2_b64/normal-cluster_classifier_100/cp-0011.hdf5
 - 3s - loss: 0.2770 - acc: 0.9160 - val_loss: 2.0805 - val_acc: 0.5719
Epoch 12/50

Epoch 00012: saving model to models/mnist_student_e300_L2_b64/normal-cluster_classifier_100/cp-0012.hdf5
 - 3s - loss: 0.1733 - acc: 0.9424 - val_loss: 1.9273 - val_acc: 0.6188
Epoch 13/50

Epoch 00013: saving model to models/mnist_student_e300_L2_b64/normal-cluster_classifier_100/cp-0013.hdf5
 - 3s - loss: 0.1377 - acc: 0.9668 - val_loss: 2.1968 - val_acc: 0.5871
Epoch 14/50

Epoch 00014: saving model to models/mnist_student_e300_L2_b64/normal-cluster_classifier_100/cp-0014.hdf5
 - 3s - loss: 0.1556 - acc: 0.9443 - val_loss: 1.9363 - val_acc: 0.6344
Epoch 15/50

Epoch 00015: saving model to models/mnist_student_e300_L2_b64/normal-cluster_classifier_100/cp-0015.hdf5
 - 3s - loss: 0.0741 - acc: 0.9834 - val_loss: 2.2722 - val_acc: 0.5853
Epoch 16/50

Epoch 00016: saving model to models/mnist_student_e300_L2_b64/normal-cluster_classifier_100/cp-0016.hdf5
 - 3s - loss: 0.0598 - acc: 0.9844 - val_loss: 2.1058 - val_acc: 0.6451
Epoch 17/50

Epoch 00017: saving model to models/mnist_student_e300_L2_b64/normal-cluster_classifier_100/cp-0017.hdf5
 - 3s - loss: 0.0459 - acc: 0.9873 - val_loss: 2.2042 - val_acc: 0.6376
Epoch 18/50

Epoch 00018: saving model to models/mnist_student_e300_L2_b64/normal-cluster_classifier_100/cp-0018.hdf5
 - 3s - loss: 0.0369 - acc: 0.9941 - val_loss: 2.2961 - val_acc: 0.6430
Epoch 19/50

Epoch 00019: saving model to models/mnist_student_e300_L2_b64/normal-cluster_classifier_100/cp-0019.hdf5
 - 3s - loss: 0.0356 - acc: 0.9912 - val_loss: 2.4250 - val_acc: 0.6390
Epoch 20/50

Epoch 00020: saving model to models/mnist_student_e300_L2_b64/normal-cluster_classifier_100/cp-0020.hdf5
 - 3s - loss: 0.0198 - acc: 0.9971 - val_loss: 2.4863 - val_acc: 0.6342
Epoch 21/50

Epoch 00021: saving model to models/mnist_student_e300_L2_b64/normal-cluster_classifier_100/cp-0021.hdf5
 - 3s - loss: 0.0146 - acc: 0.9971 - val_loss: 2.6398 - val_acc: 0.6246
Epoch 22/50

Epoch 00022: saving model to models/mnist_student_e300_L2_b64/normal-cluster_classifier_100/cp-0022.hdf5
 - 3s - loss: 0.0264 - acc: 0.9902 - val_loss: 2.5942 - val_acc: 0.6408
Epoch 23/50

Epoch 00023: saving model to models/mnist_student_e300_L2_b64/normal-cluster_classifier_100/cp-0023.hdf5
 - 3s - loss: 0.0141 - acc: 0.9971 - val_loss: 2.6224 - val_acc: 0.6383
Epoch 24/50

Epoch 00024: saving model to models/mnist_student_e300_L2_b64/normal-cluster_classifier_100/cp-0024.hdf5
 - 3s - loss: 0.0163 - acc: 0.9971 - val_loss: 2.7636 - val_acc: 0.6319
Epoch 25/50

Epoch 00025: saving model to models/mnist_student_e300_L2_b64/normal-cluster_classifier_100/cp-0025.hdf5
 - 3s - loss: 0.0192 - acc: 0.9961 - val_loss: 2.7128 - val_acc: 0.6332
Epoch 26/50

Epoch 00026: saving model to models/mnist_student_e300_L2_b64/normal-cluster_classifier_100/cp-0026.hdf5
 - 3s - loss: 0.0112 - acc: 0.9980 - val_loss: 2.7040 - val_acc: 0.6300
Epoch 27/50

Epoch 00027: saving model to models/mnist_student_e300_L2_b64/normal-cluster_classifier_100/cp-0027.hdf5
 - 3s - loss: 0.0070 - acc: 0.9990 - val_loss: 2.8578 - val_acc: 0.6353
Epoch 28/50

Epoch 00028: saving model to models/mnist_student_e300_L2_b64/normal-cluster_classifier_100/cp-0028.hdf5
 - 3s - loss: 0.0101 - acc: 0.9980 - val_loss: 2.7965 - val_acc: 0.6402
Epoch 29/50

Epoch 00029: saving model to models/mnist_student_e300_L2_b64/normal-cluster_classifier_100/cp-0029.hdf5
 - 3s - loss: 0.0080 - acc: 0.9990 - val_loss: 2.7714 - val_acc: 0.6451
Epoch 30/50

Epoch 00030: saving model to models/mnist_student_e300_L2_b64/normal-cluster_classifier_100/cp-0030.hdf5
 - 3s - loss: 0.0079 - acc: 0.9980 - val_loss: 2.9101 - val_acc: 0.6336
Epoch 31/50

Epoch 00031: saving model to models/mnist_student_e300_L2_b64/normal-cluster_classifier_100/cp-0031.hdf5
 - 3s - loss: 0.0074 - acc: 0.9980 - val_loss: 2.8431 - val_acc: 0.6426
Epoch 32/50

Epoch 00032: saving model to models/mnist_student_e300_L2_b64/normal-cluster_classifier_100/cp-0032.hdf5
 - 3s - loss: 0.0089 - acc: 0.9980 - val_loss: 2.9695 - val_acc: 0.6367
Epoch 33/50

Epoch 00033: saving model to models/mnist_student_e300_L2_b64/normal-cluster_classifier_100/cp-0033.hdf5
 - 3s - loss: 0.0037 - acc: 1.0000 - val_loss: 2.9588 - val_acc: 0.6328
Epoch 34/50

Epoch 00034: saving model to models/mnist_student_e300_L2_b64/normal-cluster_classifier_100/cp-0034.hdf5
 - 3s - loss: 0.0054 - acc: 0.9990 - val_loss: 2.8748 - val_acc: 0.6387
Epoch 35/50

Epoch 00035: saving model to models/mnist_student_e300_L2_b64/normal-cluster_classifier_100/cp-0035.hdf5
 - 3s - loss: 0.0087 - acc: 0.9971 - val_loss: 2.9972 - val_acc: 0.6322
Epoch 36/50

Epoch 00036: saving model to models/mnist_student_e300_L2_b64/normal-cluster_classifier_100/cp-0036.hdf5
 - 3s - loss: 0.0070 - acc: 0.9980 - val_loss: 2.9796 - val_acc: 0.6375
Epoch 37/50

Epoch 00037: saving model to models/mnist_student_e300_L2_b64/normal-cluster_classifier_100/cp-0037.hdf5
 - 3s - loss: 0.0062 - acc: 1.0000 - val_loss: 3.0616 - val_acc: 0.6354
Epoch 38/50

Epoch 00038: saving model to models/mnist_student_e300_L2_b64/normal-cluster_classifier_100/cp-0038.hdf5
 - 3s - loss: 0.0094 - acc: 0.9971 - val_loss: 2.9848 - val_acc: 0.6423
Epoch 39/50

Epoch 00039: saving model to models/mnist_student_e300_L2_b64/normal-cluster_classifier_100/cp-0039.hdf5
 - 3s - loss: 0.0051 - acc: 0.9990 - val_loss: 2.9761 - val_acc: 0.6408
Epoch 40/50

Epoch 00040: saving model to models/mnist_student_e300_L2_b64/normal-cluster_classifier_100/cp-0040.hdf5
 - 3s - loss: 0.0054 - acc: 0.9990 - val_loss: 3.0493 - val_acc: 0.6351
Epoch 41/50

Epoch 00041: saving model to models/mnist_student_e300_L2_b64/normal-cluster_classifier_100/cp-0041.hdf5
 - 3s - loss: 0.0037 - acc: 1.0000 - val_loss: 3.0435 - val_acc: 0.6372
Epoch 42/50

Epoch 00042: saving model to models/mnist_student_e300_L2_b64/normal-cluster_classifier_100/cp-0042.hdf5
 - 3s - loss: 0.0105 - acc: 0.9971 - val_loss: 3.0843 - val_acc: 0.6367
Epoch 43/50

Epoch 00043: saving model to models/mnist_student_e300_L2_b64/normal-cluster_classifier_100/cp-0043.hdf5
 - 3s - loss: 0.0042 - acc: 0.9990 - val_loss: 3.0493 - val_acc: 0.6379
Epoch 44/50

Epoch 00044: saving model to models/mnist_student_e300_L2_b64/normal-cluster_classifier_100/cp-0044.hdf5
 - 3s - loss: 0.0020 - acc: 1.0000 - val_loss: 3.0434 - val_acc: 0.6423
Epoch 45/50

Epoch 00045: saving model to models/mnist_student_e300_L2_b64/normal-cluster_classifier_100/cp-0045.hdf5
 - 3s - loss: 0.0068 - acc: 0.9971 - val_loss: 2.9474 - val_acc: 0.6463
Epoch 46/50

Epoch 00046: saving model to models/mnist_student_e300_L2_b64/normal-cluster_classifier_100/cp-0046.hdf5
 - 3s - loss: 0.0094 - acc: 0.9951 - val_loss: 3.0780 - val_acc: 0.6390
Epoch 47/50

Epoch 00047: saving model to models/mnist_student_e300_L2_b64/normal-cluster_classifier_100/cp-0047.hdf5
 - 3s - loss: 0.0031 - acc: 0.9990 - val_loss: 3.1021 - val_acc: 0.6354
Epoch 48/50

Epoch 00048: saving model to models/mnist_student_e300_L2_b64/normal-cluster_classifier_100/cp-0048.hdf5
 - 3s - loss: 0.0028 - acc: 1.0000 - val_loss: 3.1292 - val_acc: 0.6369
Epoch 49/50

Epoch 00049: saving model to models/mnist_student_e300_L2_b64/normal-cluster_classifier_100/cp-0049.hdf5
 - 3s - loss: 0.0063 - acc: 0.9980 - val_loss: 3.0761 - val_acc: 0.6435
Epoch 50/50

Epoch 00050: saving model to models/mnist_student_e300_L2_b64/normal-cluster_classifier_100/cp-0050.hdf5
 - 3s - loss: 0.0089 - acc: 0.9971 - val_loss: 3.2012 - val_acc: 0.6357
Epoch 1/50

Epoch 00001: saving model to models/mnist_student_e300_L2_b64/multi-normal-cluster_classifier_100/cp-0001.hdf5
 - 5s - loss: 2.2948 - acc: 0.1182 - val_loss: 2.2961 - val_acc: 0.1237
Epoch 2/50

Epoch 00002: saving model to models/mnist_student_e300_L2_b64/multi-normal-cluster_classifier_100/cp-0002.hdf5
 - 3s - loss: 2.2770 - acc: 0.1445 - val_loss: 2.2818 - val_acc: 0.1527
Epoch 3/50

Epoch 00003: saving model to models/mnist_student_e300_L2_b64/multi-normal-cluster_classifier_100/cp-0003.hdf5
 - 3s - loss: 2.2302 - acc: 0.2119 - val_loss: 2.2280 - val_acc: 0.1980
Epoch 4/50

Epoch 00004: saving model to models/mnist_student_e300_L2_b64/multi-normal-cluster_classifier_100/cp-0004.hdf5
 - 3s - loss: 2.0090 - acc: 0.4141 - val_loss: 1.6993 - val_acc: 0.5437
Epoch 5/50

Epoch 00005: saving model to models/mnist_student_e300_L2_b64/multi-normal-cluster_classifier_100/cp-0005.hdf5
 - 3s - loss: 1.5055 - acc: 0.5186 - val_loss: 1.4121 - val_acc: 0.5646
Epoch 6/50

Epoch 00006: saving model to models/mnist_student_e300_L2_b64/multi-normal-cluster_classifier_100/cp-0006.hdf5
 - 3s - loss: 1.0194 - acc: 0.6787 - val_loss: 1.1972 - val_acc: 0.5850
Epoch 7/50

Epoch 00007: saving model to models/mnist_student_e300_L2_b64/multi-normal-cluster_classifier_100/cp-0007.hdf5
 - 3s - loss: 0.6618 - acc: 0.7695 - val_loss: 0.9894 - val_acc: 0.7008
Epoch 8/50

Epoch 00008: saving model to models/mnist_student_e300_L2_b64/multi-normal-cluster_classifier_100/cp-0008.hdf5
 - 3s - loss: 0.4915 - acc: 0.8213 - val_loss: 0.7613 - val_acc: 0.7610
Epoch 9/50

Epoch 00009: saving model to models/mnist_student_e300_L2_b64/multi-normal-cluster_classifier_100/cp-0009.hdf5
 - 3s - loss: 0.3609 - acc: 0.8730 - val_loss: 0.8618 - val_acc: 0.7478
Epoch 10/50

Epoch 00010: saving model to models/mnist_student_e300_L2_b64/multi-normal-cluster_classifier_100/cp-0010.hdf5
 - 3s - loss: 0.2656 - acc: 0.9102 - val_loss: 0.8463 - val_acc: 0.7672
Epoch 11/50

Epoch 00011: saving model to models/mnist_student_e300_L2_b64/multi-normal-cluster_classifier_100/cp-0011.hdf5
 - 3s - loss: 0.1842 - acc: 0.9365 - val_loss: 1.0877 - val_acc: 0.7334
Epoch 12/50

Epoch 00012: saving model to models/mnist_student_e300_L2_b64/multi-normal-cluster_classifier_100/cp-0012.hdf5
 - 3s - loss: 0.1161 - acc: 0.9658 - val_loss: 0.8578 - val_acc: 0.7976
Epoch 13/50

Epoch 00013: saving model to models/mnist_student_e300_L2_b64/multi-normal-cluster_classifier_100/cp-0013.hdf5
 - 3s - loss: 0.0680 - acc: 0.9873 - val_loss: 0.9930 - val_acc: 0.7870
Epoch 14/50

Epoch 00014: saving model to models/mnist_student_e300_L2_b64/multi-normal-cluster_classifier_100/cp-0014.hdf5
 - 3s - loss: 0.0743 - acc: 0.9746 - val_loss: 1.0800 - val_acc: 0.7718
Epoch 15/50

Epoch 00015: saving model to models/mnist_student_e300_L2_b64/multi-normal-cluster_classifier_100/cp-0015.hdf5
 - 3s - loss: 0.0620 - acc: 0.9834 - val_loss: 1.0363 - val_acc: 0.7884
Epoch 16/50

Epoch 00016: saving model to models/mnist_student_e300_L2_b64/multi-normal-cluster_classifier_100/cp-0016.hdf5
 - 3s - loss: 0.0315 - acc: 0.9941 - val_loss: 1.1505 - val_acc: 0.7774
Epoch 17/50

Epoch 00017: saving model to models/mnist_student_e300_L2_b64/multi-normal-cluster_classifier_100/cp-0017.hdf5
 - 3s - loss: 0.0309 - acc: 0.9932 - val_loss: 1.1486 - val_acc: 0.7849
Epoch 18/50

Epoch 00018: saving model to models/mnist_student_e300_L2_b64/multi-normal-cluster_classifier_100/cp-0018.hdf5
 - 3s - loss: 0.0341 - acc: 0.9873 - val_loss: 1.1611 - val_acc: 0.7895
Epoch 19/50

Epoch 00019: saving model to models/mnist_student_e300_L2_b64/multi-normal-cluster_classifier_100/cp-0019.hdf5
 - 3s - loss: 0.0190 - acc: 0.9951 - val_loss: 1.2018 - val_acc: 0.7832
Epoch 20/50

Epoch 00020: saving model to models/mnist_student_e300_L2_b64/multi-normal-cluster_classifier_100/cp-0020.hdf5
 - 3s - loss: 0.0206 - acc: 0.9951 - val_loss: 1.1975 - val_acc: 0.7926
Epoch 21/50

Epoch 00021: saving model to models/mnist_student_e300_L2_b64/multi-normal-cluster_classifier_100/cp-0021.hdf5
 - 3s - loss: 0.0097 - acc: 0.9990 - val_loss: 1.2341 - val_acc: 0.7914
Epoch 22/50

Epoch 00022: saving model to models/mnist_student_e300_L2_b64/multi-normal-cluster_classifier_100/cp-0022.hdf5
 - 3s - loss: 0.0077 - acc: 1.0000 - val_loss: 1.2807 - val_acc: 0.7854
Epoch 23/50

Epoch 00023: saving model to models/mnist_student_e300_L2_b64/multi-normal-cluster_classifier_100/cp-0023.hdf5
 - 3s - loss: 0.0102 - acc: 0.9971 - val_loss: 1.2494 - val_acc: 0.7939
Epoch 24/50

Epoch 00024: saving model to models/mnist_student_e300_L2_b64/multi-normal-cluster_classifier_100/cp-0024.hdf5
 - 3s - loss: 0.0119 - acc: 0.9990 - val_loss: 1.2832 - val_acc: 0.7924
Epoch 25/50

Epoch 00025: saving model to models/mnist_student_e300_L2_b64/multi-normal-cluster_classifier_100/cp-0025.hdf5
 - 3s - loss: 0.0085 - acc: 0.9980 - val_loss: 1.3027 - val_acc: 0.7919
Epoch 26/50

Epoch 00026: saving model to models/mnist_student_e300_L2_b64/multi-normal-cluster_classifier_100/cp-0026.hdf5
 - 3s - loss: 0.0063 - acc: 1.0000 - val_loss: 1.2841 - val_acc: 0.7957
Epoch 27/50

Epoch 00027: saving model to models/mnist_student_e300_L2_b64/multi-normal-cluster_classifier_100/cp-0027.hdf5
 - 3s - loss: 0.0102 - acc: 0.9980 - val_loss: 1.2922 - val_acc: 0.7988
Epoch 28/50

Epoch 00028: saving model to models/mnist_student_e300_L2_b64/multi-normal-cluster_classifier_100/cp-0028.hdf5
 - 3s - loss: 0.0066 - acc: 1.0000 - val_loss: 1.3826 - val_acc: 0.7872
Epoch 29/50

Epoch 00029: saving model to models/mnist_student_e300_L2_b64/multi-normal-cluster_classifier_100/cp-0029.hdf5
 - 3s - loss: 0.0058 - acc: 1.0000 - val_loss: 1.3646 - val_acc: 0.7906
Epoch 30/50

Epoch 00030: saving model to models/mnist_student_e300_L2_b64/multi-normal-cluster_classifier_100/cp-0030.hdf5
 - 3s - loss: 0.0070 - acc: 0.9961 - val_loss: 1.3344 - val_acc: 0.7989
Epoch 31/50

Epoch 00031: saving model to models/mnist_student_e300_L2_b64/multi-normal-cluster_classifier_100/cp-0031.hdf5
 - 3s - loss: 0.0073 - acc: 0.9980 - val_loss: 1.3547 - val_acc: 0.7967
Epoch 32/50

Epoch 00032: saving model to models/mnist_student_e300_L2_b64/multi-normal-cluster_classifier_100/cp-0032.hdf5
 - 3s - loss: 0.0045 - acc: 1.0000 - val_loss: 1.3953 - val_acc: 0.7906
Epoch 33/50

Epoch 00033: saving model to models/mnist_student_e300_L2_b64/multi-normal-cluster_classifier_100/cp-0033.hdf5
 - 3s - loss: 0.0041 - acc: 1.0000 - val_loss: 1.3945 - val_acc: 0.7927
Epoch 34/50

Epoch 00034: saving model to models/mnist_student_e300_L2_b64/multi-normal-cluster_classifier_100/cp-0034.hdf5
 - 3s - loss: 0.0032 - acc: 1.0000 - val_loss: 1.3983 - val_acc: 0.7939
Epoch 35/50

Epoch 00035: saving model to models/mnist_student_e300_L2_b64/multi-normal-cluster_classifier_100/cp-0035.hdf5
 - 3s - loss: 0.0068 - acc: 0.9990 - val_loss: 1.3976 - val_acc: 0.7936
Epoch 36/50

Epoch 00036: saving model to models/mnist_student_e300_L2_b64/multi-normal-cluster_classifier_100/cp-0036.hdf5
 - 3s - loss: 0.0048 - acc: 1.0000 - val_loss: 1.4527 - val_acc: 0.7859
Epoch 37/50

Epoch 00037: saving model to models/mnist_student_e300_L2_b64/multi-normal-cluster_classifier_100/cp-0037.hdf5
 - 3s - loss: 0.0043 - acc: 0.9980 - val_loss: 1.4376 - val_acc: 0.7891
Epoch 38/50

Epoch 00038: saving model to models/mnist_student_e300_L2_b64/multi-normal-cluster_classifier_100/cp-0038.hdf5
 - 3s - loss: 0.0013 - acc: 1.0000 - val_loss: 1.4111 - val_acc: 0.7964
Epoch 39/50

Epoch 00039: saving model to models/mnist_student_e300_L2_b64/multi-normal-cluster_classifier_100/cp-0039.hdf5
 - 3s - loss: 0.0081 - acc: 0.9971 - val_loss: 1.4398 - val_acc: 0.7943
Epoch 40/50

Epoch 00040: saving model to models/mnist_student_e300_L2_b64/multi-normal-cluster_classifier_100/cp-0040.hdf5
 - 3s - loss: 0.0061 - acc: 0.9990 - val_loss: 1.4124 - val_acc: 0.7967
Epoch 41/50

Epoch 00041: saving model to models/mnist_student_e300_L2_b64/multi-normal-cluster_classifier_100/cp-0041.hdf5
 - 3s - loss: 0.0043 - acc: 0.9980 - val_loss: 1.3856 - val_acc: 0.7988
Epoch 42/50

Epoch 00042: saving model to models/mnist_student_e300_L2_b64/multi-normal-cluster_classifier_100/cp-0042.hdf5
 - 3s - loss: 0.0025 - acc: 1.0000 - val_loss: 1.4140 - val_acc: 0.7972
Epoch 43/50

Epoch 00043: saving model to models/mnist_student_e300_L2_b64/multi-normal-cluster_classifier_100/cp-0043.hdf5
 - 3s - loss: 0.0019 - acc: 1.0000 - val_loss: 1.4330 - val_acc: 0.7954
Epoch 44/50

Epoch 00044: saving model to models/mnist_student_e300_L2_b64/multi-normal-cluster_classifier_100/cp-0044.hdf5
 - 3s - loss: 0.0051 - acc: 0.9961 - val_loss: 1.5329 - val_acc: 0.7812
Epoch 45/50

Epoch 00045: saving model to models/mnist_student_e300_L2_b64/multi-normal-cluster_classifier_100/cp-0045.hdf5
 - 3s - loss: 0.0024 - acc: 1.0000 - val_loss: 1.4434 - val_acc: 0.7943
Epoch 46/50

Epoch 00046: saving model to models/mnist_student_e300_L2_b64/multi-normal-cluster_classifier_100/cp-0046.hdf5
 - 3s - loss: 0.0041 - acc: 0.9980 - val_loss: 1.5020 - val_acc: 0.7901
Epoch 47/50

Epoch 00047: saving model to models/mnist_student_e300_L2_b64/multi-normal-cluster_classifier_100/cp-0047.hdf5
 - 3s - loss: 0.0072 - acc: 0.9980 - val_loss: 1.4650 - val_acc: 0.7934
Epoch 48/50

Epoch 00048: saving model to models/mnist_student_e300_L2_b64/multi-normal-cluster_classifier_100/cp-0048.hdf5
 - 3s - loss: 0.0033 - acc: 0.9990 - val_loss: 1.5909 - val_acc: 0.7820
Epoch 49/50

Epoch 00049: saving model to models/mnist_student_e300_L2_b64/multi-normal-cluster_classifier_100/cp-0049.hdf5
 - 3s - loss: 0.0023 - acc: 1.0000 - val_loss: 1.4800 - val_acc: 0.7911
Epoch 50/50

Epoch 00050: saving model to models/mnist_student_e300_L2_b64/multi-normal-cluster_classifier_100/cp-0050.hdf5
 - 3s - loss: 0.0019 - acc: 1.0000 - val_loss: 1.4592 - val_acc: 0.7961
Epoch 1/50

Epoch 00001: saving model to models/mnist_student_e300_L2_b64/error_classifier_100/cp-0001.hdf5
 - 5s - loss: 2.2982 - acc: 0.1523 - val_loss: 2.2981 - val_acc: 0.0981
Epoch 2/50

Epoch 00002: saving model to models/mnist_student_e300_L2_b64/error_classifier_100/cp-0002.hdf5
 - 3s - loss: 2.2877 - acc: 0.1523 - val_loss: 2.2914 - val_acc: 0.0971
Epoch 3/50

Epoch 00003: saving model to models/mnist_student_e300_L2_b64/error_classifier_100/cp-0003.hdf5
 - 3s - loss: 2.2637 - acc: 0.1445 - val_loss: 2.2742 - val_acc: 0.0972
Epoch 4/50

Epoch 00004: saving model to models/mnist_student_e300_L2_b64/error_classifier_100/cp-0004.hdf5
 - 3s - loss: 2.1933 - acc: 0.1543 - val_loss: 2.1783 - val_acc: 0.1380
Epoch 5/50

Epoch 00005: saving model to models/mnist_student_e300_L2_b64/error_classifier_100/cp-0005.hdf5
 - 3s - loss: 1.8180 - acc: 0.3887 - val_loss: 1.5522 - val_acc: 0.5455
Epoch 6/50

Epoch 00006: saving model to models/mnist_student_e300_L2_b64/error_classifier_100/cp-0006.hdf5
 - 3s - loss: 1.1954 - acc: 0.6143 - val_loss: 1.0860 - val_acc: 0.6604
Epoch 7/50

Epoch 00007: saving model to models/mnist_student_e300_L2_b64/error_classifier_100/cp-0007.hdf5
 - 3s - loss: 0.6882 - acc: 0.7842 - val_loss: 0.9371 - val_acc: 0.7008
Epoch 8/50

Epoch 00008: saving model to models/mnist_student_e300_L2_b64/error_classifier_100/cp-0008.hdf5
 - 3s - loss: 0.4604 - acc: 0.8545 - val_loss: 0.9873 - val_acc: 0.7138
Epoch 9/50

Epoch 00009: saving model to models/mnist_student_e300_L2_b64/error_classifier_100/cp-0009.hdf5
 - 3s - loss: 0.3053 - acc: 0.8994 - val_loss: 1.0879 - val_acc: 0.7089
Epoch 10/50

Epoch 00010: saving model to models/mnist_student_e300_L2_b64/error_classifier_100/cp-0010.hdf5
 - 3s - loss: 0.2056 - acc: 0.9336 - val_loss: 0.9633 - val_acc: 0.7550
Epoch 11/50

Epoch 00011: saving model to models/mnist_student_e300_L2_b64/error_classifier_100/cp-0011.hdf5
 - 3s - loss: 0.1070 - acc: 0.9619 - val_loss: 1.1379 - val_acc: 0.7474
Epoch 12/50

Epoch 00012: saving model to models/mnist_student_e300_L2_b64/error_classifier_100/cp-0012.hdf5
 - 3s - loss: 0.0698 - acc: 0.9805 - val_loss: 1.1609 - val_acc: 0.7554
Epoch 13/50

Epoch 00013: saving model to models/mnist_student_e300_L2_b64/error_classifier_100/cp-0013.hdf5
 - 3s - loss: 0.0485 - acc: 0.9844 - val_loss: 1.3063 - val_acc: 0.7434
Epoch 14/50

Epoch 00014: saving model to models/mnist_student_e300_L2_b64/error_classifier_100/cp-0014.hdf5
 - 3s - loss: 0.0339 - acc: 0.9951 - val_loss: 1.2788 - val_acc: 0.7577
Epoch 15/50

Epoch 00015: saving model to models/mnist_student_e300_L2_b64/error_classifier_100/cp-0015.hdf5
 - 3s - loss: 0.0372 - acc: 0.9883 - val_loss: 1.3219 - val_acc: 0.7527
Epoch 16/50

Epoch 00016: saving model to models/mnist_student_e300_L2_b64/error_classifier_100/cp-0016.hdf5
 - 3s - loss: 0.0192 - acc: 0.9961 - val_loss: 1.4485 - val_acc: 0.7484
Epoch 17/50

Epoch 00017: saving model to models/mnist_student_e300_L2_b64/error_classifier_100/cp-0017.hdf5
 - 3s - loss: 0.0223 - acc: 0.9932 - val_loss: 1.4348 - val_acc: 0.7540
Epoch 18/50

Epoch 00018: saving model to models/mnist_student_e300_L2_b64/error_classifier_100/cp-0018.hdf5
 - 3s - loss: 0.0195 - acc: 0.9951 - val_loss: 1.4126 - val_acc: 0.7588
Epoch 19/50

Epoch 00019: saving model to models/mnist_student_e300_L2_b64/error_classifier_100/cp-0019.hdf5
 - 3s - loss: 0.0099 - acc: 0.9990 - val_loss: 1.4993 - val_acc: 0.7545
Epoch 20/50

Epoch 00020: saving model to models/mnist_student_e300_L2_b64/error_classifier_100/cp-0020.hdf5
 - 3s - loss: 0.0089 - acc: 0.9990 - val_loss: 1.4878 - val_acc: 0.7559
Epoch 21/50

Epoch 00021: saving model to models/mnist_student_e300_L2_b64/error_classifier_100/cp-0021.hdf5
 - 3s - loss: 0.0131 - acc: 0.9971 - val_loss: 1.5513 - val_acc: 0.7493
Epoch 22/50

Epoch 00022: saving model to models/mnist_student_e300_L2_b64/error_classifier_100/cp-0022.hdf5
 - 3s - loss: 0.0091 - acc: 0.9971 - val_loss: 1.5280 - val_acc: 0.7559
Epoch 23/50

Epoch 00023: saving model to models/mnist_student_e300_L2_b64/error_classifier_100/cp-0023.hdf5
 - 3s - loss: 0.0057 - acc: 1.0000 - val_loss: 1.5567 - val_acc: 0.7552
Epoch 24/50

Epoch 00024: saving model to models/mnist_student_e300_L2_b64/error_classifier_100/cp-0024.hdf5
 - 3s - loss: 0.0052 - acc: 0.9990 - val_loss: 1.5861 - val_acc: 0.7510
Epoch 25/50

Epoch 00025: saving model to models/mnist_student_e300_L2_b64/error_classifier_100/cp-0025.hdf5
 - 3s - loss: 0.0072 - acc: 0.9980 - val_loss: 1.5064 - val_acc: 0.7637
Epoch 26/50

Epoch 00026: saving model to models/mnist_student_e300_L2_b64/error_classifier_100/cp-0026.hdf5
 - 3s - loss: 0.0052 - acc: 1.0000 - val_loss: 1.5808 - val_acc: 0.7573
Epoch 27/50

Epoch 00027: saving model to models/mnist_student_e300_L2_b64/error_classifier_100/cp-0027.hdf5
 - 3s - loss: 0.0094 - acc: 0.9980 - val_loss: 1.6212 - val_acc: 0.7494
Epoch 28/50

Epoch 00028: saving model to models/mnist_student_e300_L2_b64/error_classifier_100/cp-0028.hdf5
 - 3s - loss: 0.0032 - acc: 1.0000 - val_loss: 1.6016 - val_acc: 0.7553
Epoch 29/50

Epoch 00029: saving model to models/mnist_student_e300_L2_b64/error_classifier_100/cp-0029.hdf5
 - 3s - loss: 0.0089 - acc: 0.9990 - val_loss: 1.5950 - val_acc: 0.7570
Epoch 30/50

Epoch 00030: saving model to models/mnist_student_e300_L2_b64/error_classifier_100/cp-0030.hdf5
 - 3s - loss: 0.0043 - acc: 1.0000 - val_loss: 1.6020 - val_acc: 0.7553
Epoch 31/50

Epoch 00031: saving model to models/mnist_student_e300_L2_b64/error_classifier_100/cp-0031.hdf5
 - 3s - loss: 0.0051 - acc: 0.9990 - val_loss: 1.6937 - val_acc: 0.7495
Epoch 32/50

Epoch 00032: saving model to models/mnist_student_e300_L2_b64/error_classifier_100/cp-0032.hdf5
 - 3s - loss: 0.0067 - acc: 0.9980 - val_loss: 1.6692 - val_acc: 0.7579
Epoch 33/50

Epoch 00033: saving model to models/mnist_student_e300_L2_b64/error_classifier_100/cp-0033.hdf5
 - 3s - loss: 0.0059 - acc: 0.9980 - val_loss: 1.6581 - val_acc: 0.7580
Epoch 34/50

Epoch 00034: saving model to models/mnist_student_e300_L2_b64/error_classifier_100/cp-0034.hdf5
 - 3s - loss: 0.0070 - acc: 0.9990 - val_loss: 1.7177 - val_acc: 0.7513
Epoch 35/50

Epoch 00035: saving model to models/mnist_student_e300_L2_b64/error_classifier_100/cp-0035.hdf5
 - 3s - loss: 0.0020 - acc: 1.0000 - val_loss: 1.7206 - val_acc: 0.7532
Epoch 36/50

Epoch 00036: saving model to models/mnist_student_e300_L2_b64/error_classifier_100/cp-0036.hdf5
 - 3s - loss: 0.0019 - acc: 1.0000 - val_loss: 1.7074 - val_acc: 0.7544
Epoch 37/50

Epoch 00037: saving model to models/mnist_student_e300_L2_b64/error_classifier_100/cp-0037.hdf5
 - 3s - loss: 0.0029 - acc: 1.0000 - val_loss: 1.7033 - val_acc: 0.7531
Epoch 38/50

Epoch 00038: saving model to models/mnist_student_e300_L2_b64/error_classifier_100/cp-0038.hdf5
 - 3s - loss: 0.0060 - acc: 0.9980 - val_loss: 1.7147 - val_acc: 0.7535
Epoch 39/50

Epoch 00039: saving model to models/mnist_student_e300_L2_b64/error_classifier_100/cp-0039.hdf5
 - 3s - loss: 0.0018 - acc: 1.0000 - val_loss: 1.7792 - val_acc: 0.7477
Epoch 40/50

Epoch 00040: saving model to models/mnist_student_e300_L2_b64/error_classifier_100/cp-0040.hdf5
 - 3s - loss: 0.0025 - acc: 1.0000 - val_loss: 1.7790 - val_acc: 0.7511
Epoch 41/50

Epoch 00041: saving model to models/mnist_student_e300_L2_b64/error_classifier_100/cp-0041.hdf5
 - 3s - loss: 0.0050 - acc: 0.9990 - val_loss: 1.7936 - val_acc: 0.7492
Epoch 42/50

Epoch 00042: saving model to models/mnist_student_e300_L2_b64/error_classifier_100/cp-0042.hdf5
 - 3s - loss: 0.0020 - acc: 1.0000 - val_loss: 1.7192 - val_acc: 0.7564
Epoch 43/50

Epoch 00043: saving model to models/mnist_student_e300_L2_b64/error_classifier_100/cp-0043.hdf5
 - 3s - loss: 0.0019 - acc: 1.0000 - val_loss: 1.7727 - val_acc: 0.7527
Epoch 44/50

Epoch 00044: saving model to models/mnist_student_e300_L2_b64/error_classifier_100/cp-0044.hdf5
 - 3s - loss: 0.0106 - acc: 0.9961 - val_loss: 1.8290 - val_acc: 0.7439
Epoch 45/50

Epoch 00045: saving model to models/mnist_student_e300_L2_b64/error_classifier_100/cp-0045.hdf5
 - 3s - loss: 0.0029 - acc: 0.9990 - val_loss: 1.7393 - val_acc: 0.7552
Epoch 46/50

Epoch 00046: saving model to models/mnist_student_e300_L2_b64/error_classifier_100/cp-0046.hdf5
 - 3s - loss: 0.0031 - acc: 0.9990 - val_loss: 1.7412 - val_acc: 0.7544
Epoch 47/50

Epoch 00047: saving model to models/mnist_student_e300_L2_b64/error_classifier_100/cp-0047.hdf5
 - 3s - loss: 0.0019 - acc: 1.0000 - val_loss: 1.7457 - val_acc: 0.7540
Epoch 48/50

Epoch 00048: saving model to models/mnist_student_e300_L2_b64/error_classifier_100/cp-0048.hdf5
 - 3s - loss: 0.0019 - acc: 1.0000 - val_loss: 1.7575 - val_acc: 0.7548
Epoch 49/50

Epoch 00049: saving model to models/mnist_student_e300_L2_b64/error_classifier_100/cp-0049.hdf5
 - 3s - loss: 0.0013 - acc: 1.0000 - val_loss: 1.8154 - val_acc: 0.7497
Epoch 50/50

Epoch 00050: saving model to models/mnist_student_e300_L2_b64/error_classifier_100/cp-0050.hdf5
 - 3s - loss: 0.0031 - acc: 0.9990 - val_loss: 1.7074 - val_acc: 0.7628
Finished.
