INFO:latens:tensorflow 1.12.0, keras 2.1.6-tf
INFO:latens:command: encode
INFO:latens:model: model
INFO:latens:layer:(None, 28, 28, 1) -> (None, 28, 28, 1):input_2
INFO:latens:layer:(None, 28, 28, 1) -> (None, 2):sequential
INFO:latens:layer:(None, 2) -> (None, 28, 28, 1):sequential_1
2019-03-15 18:27:11.475444: I tensorflow/core/platform/cpu_feature_guard.cc:141] Your CPU supports instructions that this TensorFlow binary was not compiled to use: SSE4.1 SSE4.2 AVX AVX2 FMA
2019-03-15 18:27:11.699319: I tensorflow/core/common_runtime/gpu/gpu_device.cc:1432] Found device 0 with properties: 
name: Tesla K80 major: 3 minor: 7 memoryClockRate(GHz): 0.8235
pciBusID: 0000:09:00.0
totalMemory: 11.17GiB freeMemory: 11.10GiB
2019-03-15 18:27:11.699381: I tensorflow/core/common_runtime/gpu/gpu_device.cc:1511] Adding visible gpu devices: 0
2019-03-15 18:27:12.059786: I tensorflow/core/common_runtime/gpu/gpu_device.cc:982] Device interconnect StreamExecutor with strength 1 edge matrix:
2019-03-15 18:27:12.059844: I tensorflow/core/common_runtime/gpu/gpu_device.cc:988]      0 
2019-03-15 18:27:12.059855: I tensorflow/core/common_runtime/gpu/gpu_device.cc:1001] 0:   N 
2019-03-15 18:27:12.060245: I tensorflow/core/common_runtime/gpu/gpu_device.cc:1115] Created TensorFlow device (/job:localhost/replica:0/task:0/device:GPU:0 with 10758 MB memory) -> physical GPU (device: 0, name: Tesla K80, pci bus id: 0000:09:00.0, compute capability: 3.7)
INFO:latens:restored model from models/mnist_student_e300_L2_b64/autoencoder/cp-0300.hdf5
DEBUG:latens:encodings:
[[-0.00574781 -0.00129246]
 [-0.01238082  0.00604753]
 [ 0.01067288  0.00079692]
 ...
 [ 0.00078495  0.00135873]
 [ 0.01100509 -0.00621714]
 [ 0.00658539  0.00305119]]
INFO:latens:saved encodings to 'models/mnist_student_e300_L2_b64/encodings.npy'
INFO:latens:tensorflow 1.12.0, keras 2.1.6-tf
INFO:latens:command: reconstruct
INFO:latens:model: model
INFO:latens:layer:(None, 28, 28, 1) -> (None, 28, 28, 1):input_2
INFO:latens:layer:(None, 28, 28, 1) -> (None, 2):sequential
INFO:latens:layer:(None, 2) -> (None, 28, 28, 1):sequential_1
2019-03-15 18:27:29.021055: I tensorflow/core/platform/cpu_feature_guard.cc:141] Your CPU supports instructions that this TensorFlow binary was not compiled to use: SSE4.1 SSE4.2 AVX AVX2 FMA
2019-03-15 18:27:29.235301: I tensorflow/core/common_runtime/gpu/gpu_device.cc:1432] Found device 0 with properties: 
name: Tesla K80 major: 3 minor: 7 memoryClockRate(GHz): 0.8235
pciBusID: 0000:09:00.0
totalMemory: 11.17GiB freeMemory: 11.10GiB
2019-03-15 18:27:29.235359: I tensorflow/core/common_runtime/gpu/gpu_device.cc:1511] Adding visible gpu devices: 0
2019-03-15 18:27:29.577770: I tensorflow/core/common_runtime/gpu/gpu_device.cc:982] Device interconnect StreamExecutor with strength 1 edge matrix:
2019-03-15 18:27:29.577824: I tensorflow/core/common_runtime/gpu/gpu_device.cc:988]      0 
2019-03-15 18:27:29.577835: I tensorflow/core/common_runtime/gpu/gpu_device.cc:1001] 0:   N 
2019-03-15 18:27:29.578094: I tensorflow/core/common_runtime/gpu/gpu_device.cc:1115] Created TensorFlow device (/job:localhost/replica:0/task:0/device:GPU:0 with 10758 MB memory) -> physical GPU (device: 0, name: Tesla K80, pci bus id: 0000:09:00.0, compute capability: 3.7)
INFO:latens:restored model from models/mnist_student_e300_L2_b64/autoencoder/cp-0300.hdf5
2019-03-15 18:27:32.593648: I tensorflow/core/common_runtime/gpu/gpu_device.cc:1511] Adding visible gpu devices: 0
2019-03-15 18:27:32.593707: I tensorflow/core/common_runtime/gpu/gpu_device.cc:982] Device interconnect StreamExecutor with strength 1 edge matrix:
2019-03-15 18:27:32.593720: I tensorflow/core/common_runtime/gpu/gpu_device.cc:988]      0 
2019-03-15 18:27:32.593729: I tensorflow/core/common_runtime/gpu/gpu_device.cc:1001] 0:   N 
2019-03-15 18:27:32.593848: I tensorflow/core/common_runtime/gpu/gpu_device.cc:1115] Created TensorFlow device (/job:localhost/replica:0/task:0/device:GPU:0 with 10758 MB memory) -> physical GPU (device: 0, name: Tesla K80, pci bus id: 0000:09:00.0, compute capability: 3.7)
INFO:latens:tensorflow 1.12.0, keras 2.1.6-tf
INFO:latens:command: sample
INFO:latens:sampling with 'random'
DEBUG:latens:sampling: (50000,), 1000
INFO:latens:writing dataset to models/mnist_student_e300_L2_b64/random_sample_1000.tfrecord...
2019-03-15 18:27:43.366018: I tensorflow/core/platform/cpu_feature_guard.cc:141] Your CPU supports instructions that this TensorFlow binary was not compiled to use: SSE4.1 SSE4.2 AVX AVX2 FMA
2019-03-15 18:27:43.568489: I tensorflow/core/common_runtime/gpu/gpu_device.cc:1432] Found device 0 with properties: 
name: Tesla K80 major: 3 minor: 7 memoryClockRate(GHz): 0.8235
pciBusID: 0000:09:00.0
totalMemory: 11.17GiB freeMemory: 11.10GiB
2019-03-15 18:27:43.568550: I tensorflow/core/common_runtime/gpu/gpu_device.cc:1511] Adding visible gpu devices: 0
2019-03-15 18:27:43.953107: I tensorflow/core/common_runtime/gpu/gpu_device.cc:982] Device interconnect StreamExecutor with strength 1 edge matrix:
2019-03-15 18:27:43.953180: I tensorflow/core/common_runtime/gpu/gpu_device.cc:988]      0 
2019-03-15 18:27:43.953193: I tensorflow/core/common_runtime/gpu/gpu_device.cc:1001] 0:   N 
2019-03-15 18:27:43.953524: I tensorflow/core/common_runtime/gpu/gpu_device.cc:1115] Created TensorFlow device (/job:localhost/replica:0/task:0/device:GPU:0 with 10758 MB memory) -> physical GPU (device: 0, name: Tesla K80, pci bus id: 0000:09:00.0, compute capability: 3.7)
INFO:latens:wrote 1000 examples
INFO:latens:tensorflow 1.12.0, keras 2.1.6-tf
INFO:latens:command: classifier
INFO:latens:model: model
INFO:latens:layer:(None, 28, 28, 1) -> (None, 28, 28, 1):input_2
INFO:latens:layer:(None, 28, 28, 1) -> (None, 2):sequential
INFO:latens:layer:(None, 2) -> (None, 28, 28, 1):sequential_1
INFO:latens:model: sequential_4
INFO:latens:layer:(None, 28, 28, 1) -> (None, 28, 28, 64):conv2d_19
INFO:latens:layer:(None, 28, 28, 64) -> (None, 28, 28, 64):conv2d_20
INFO:latens:layer:(None, 28, 28, 64) -> (None, 14, 14, 64):max_pooling2d_2
INFO:latens:layer:(None, 14, 14, 64) -> (None, 14, 14, 64):dropout_4
INFO:latens:layer:(None, 14, 14, 64) -> (None, 14, 14, 32):conv2d_21
INFO:latens:layer:(None, 14, 14, 32) -> (None, 14, 14, 32):conv2d_22
INFO:latens:layer:(None, 14, 14, 32) -> (None, 7, 7, 32):max_pooling2d_3
INFO:latens:layer:(None, 7, 7, 32) -> (None, 7, 7, 32):dropout_5
INFO:latens:layer:(None, 7, 7, 32) -> (None, 7, 7, 32):conv2d_23
INFO:latens:layer:(None, 7, 7, 32) -> (None, 7, 7, 32):conv2d_24
INFO:latens:layer:(None, 7, 7, 32) -> (None, 1568):flatten_1
INFO:latens:layer:(None, 1568) -> (None, 1024):dense_6
INFO:latens:layer:(None, 1024) -> (None, 10):dense_7
2019-03-15 18:27:57.790867: I tensorflow/core/platform/cpu_feature_guard.cc:141] Your CPU supports instructions that this TensorFlow binary was not compiled to use: SSE4.1 SSE4.2 AVX AVX2 FMA
2019-03-15 18:27:57.984206: I tensorflow/core/common_runtime/gpu/gpu_device.cc:1432] Found device 0 with properties: 
name: Tesla K80 major: 3 minor: 7 memoryClockRate(GHz): 0.8235
pciBusID: 0000:09:00.0
totalMemory: 11.17GiB freeMemory: 11.10GiB
2019-03-15 18:27:57.984260: I tensorflow/core/common_runtime/gpu/gpu_device.cc:1511] Adding visible gpu devices: 0
2019-03-15 18:27:58.303541: I tensorflow/core/common_runtime/gpu/gpu_device.cc:982] Device interconnect StreamExecutor with strength 1 edge matrix:
2019-03-15 18:27:58.303616: I tensorflow/core/common_runtime/gpu/gpu_device.cc:988]      0 
2019-03-15 18:27:58.303628: I tensorflow/core/common_runtime/gpu/gpu_device.cc:1001] 0:   N 
2019-03-15 18:27:58.303916: I tensorflow/core/common_runtime/gpu/gpu_device.cc:1115] Created TensorFlow device (/job:localhost/replica:0/task:0/device:GPU:0 with 10758 MB memory) -> physical GPU (device: 0, name: Tesla K80, pci bus id: 0000:09:00.0, compute capability: 3.7)
INFO:latens:test accuracy: 93.5%
INFO:latens:tensorflow 1.12.0, keras 2.1.6-tf
INFO:latens:command: visualize
INFO:latens:visualizing and saving
INFO:latens:Plotting encoding...
DEBUG:latens:encodings: [[-0.00574781 -0.00129246]
 [-0.01238082  0.00604753]
 [ 0.01067288  0.00079692]
 ...
 [ 0.00078495  0.00135873]
 [ 0.01100509 -0.00621714]
 [ 0.00658539  0.00305119]]
INFO:latens:saving encodings plot to models/mnist_student_e300_L2_b64/encodings.pdf
INFO:latens:saving successful
INFO:latens:Plotting sampling...
INFO:latens:saving sampling plot to models/mnist_student_e300_L2_b64/random_sampling_1000.pdf
INFO:latens:saving successful
INFO:latens:saving distribution plot to models/mnist_student_e300_L2_b64/random_sampling_distribution_1000.pdf
INFO:latens:saving successful
INFO:latens:tensorflow 1.12.0, keras 2.1.6-tf
INFO:latens:command: sample
INFO:latens:sampling with 'normal'
DEBUG:latens:sampler: drawing 1000 points
DEBUG:latens:sampling: (50000,), 1000
INFO:latens:writing dataset to models/mnist_student_e300_L2_b64/normal_sample_1000.tfrecord...
2019-03-15 18:30:39.588784: I tensorflow/core/platform/cpu_feature_guard.cc:141] Your CPU supports instructions that this TensorFlow binary was not compiled to use: SSE4.1 SSE4.2 AVX AVX2 FMA
2019-03-15 18:30:39.799650: I tensorflow/core/common_runtime/gpu/gpu_device.cc:1432] Found device 0 with properties: 
name: Tesla K80 major: 3 minor: 7 memoryClockRate(GHz): 0.8235
pciBusID: 0000:09:00.0
totalMemory: 11.17GiB freeMemory: 11.10GiB
2019-03-15 18:30:39.799716: I tensorflow/core/common_runtime/gpu/gpu_device.cc:1511] Adding visible gpu devices: 0
2019-03-15 18:30:40.143138: I tensorflow/core/common_runtime/gpu/gpu_device.cc:982] Device interconnect StreamExecutor with strength 1 edge matrix:
2019-03-15 18:30:40.143182: I tensorflow/core/common_runtime/gpu/gpu_device.cc:988]      0 
2019-03-15 18:30:40.143193: I tensorflow/core/common_runtime/gpu/gpu_device.cc:1001] 0:   N 
2019-03-15 18:30:40.143461: I tensorflow/core/common_runtime/gpu/gpu_device.cc:1115] Created TensorFlow device (/job:localhost/replica:0/task:0/device:GPU:0 with 10758 MB memory) -> physical GPU (device: 0, name: Tesla K80, pci bus id: 0000:09:00.0, compute capability: 3.7)
INFO:latens:wrote 1000 examples
INFO:latens:tensorflow 1.12.0, keras 2.1.6-tf
INFO:latens:command: classifier
INFO:latens:model: model
INFO:latens:layer:(None, 28, 28, 1) -> (None, 28, 28, 1):input_2
INFO:latens:layer:(None, 28, 28, 1) -> (None, 2):sequential
INFO:latens:layer:(None, 2) -> (None, 28, 28, 1):sequential_1
INFO:latens:model: sequential_4
INFO:latens:layer:(None, 28, 28, 1) -> (None, 28, 28, 64):conv2d_19
INFO:latens:layer:(None, 28, 28, 64) -> (None, 28, 28, 64):conv2d_20
INFO:latens:layer:(None, 28, 28, 64) -> (None, 14, 14, 64):max_pooling2d_2
INFO:latens:layer:(None, 14, 14, 64) -> (None, 14, 14, 64):dropout_4
INFO:latens:layer:(None, 14, 14, 64) -> (None, 14, 14, 32):conv2d_21
INFO:latens:layer:(None, 14, 14, 32) -> (None, 14, 14, 32):conv2d_22
INFO:latens:layer:(None, 14, 14, 32) -> (None, 7, 7, 32):max_pooling2d_3
INFO:latens:layer:(None, 7, 7, 32) -> (None, 7, 7, 32):dropout_5
INFO:latens:layer:(None, 7, 7, 32) -> (None, 7, 7, 32):conv2d_23
INFO:latens:layer:(None, 7, 7, 32) -> (None, 7, 7, 32):conv2d_24
INFO:latens:layer:(None, 7, 7, 32) -> (None, 1568):flatten_1
INFO:latens:layer:(None, 1568) -> (None, 1024):dense_6
INFO:latens:layer:(None, 1024) -> (None, 10):dense_7
2019-03-15 18:30:48.005222: I tensorflow/core/platform/cpu_feature_guard.cc:141] Your CPU supports instructions that this TensorFlow binary was not compiled to use: SSE4.1 SSE4.2 AVX AVX2 FMA
2019-03-15 18:30:48.200816: I tensorflow/core/common_runtime/gpu/gpu_device.cc:1432] Found device 0 with properties: 
name: Tesla K80 major: 3 minor: 7 memoryClockRate(GHz): 0.8235
pciBusID: 0000:09:00.0
totalMemory: 11.17GiB freeMemory: 11.10GiB
2019-03-15 18:30:48.200876: I tensorflow/core/common_runtime/gpu/gpu_device.cc:1511] Adding visible gpu devices: 0
2019-03-15 18:30:48.519719: I tensorflow/core/common_runtime/gpu/gpu_device.cc:982] Device interconnect StreamExecutor with strength 1 edge matrix:
2019-03-15 18:30:48.519770: I tensorflow/core/common_runtime/gpu/gpu_device.cc:988]      0 
2019-03-15 18:30:48.519780: I tensorflow/core/common_runtime/gpu/gpu_device.cc:1001] 0:   N 
2019-03-15 18:30:48.520059: I tensorflow/core/common_runtime/gpu/gpu_device.cc:1115] Created TensorFlow device (/job:localhost/replica:0/task:0/device:GPU:0 with 10758 MB memory) -> physical GPU (device: 0, name: Tesla K80, pci bus id: 0000:09:00.0, compute capability: 3.7)
INFO:latens:test accuracy: 94.2%
INFO:latens:tensorflow 1.12.0, keras 2.1.6-tf
INFO:latens:command: visualize
INFO:latens:visualizing and saving
INFO:latens:Plotting encoding...
DEBUG:latens:encodings: [[-0.00574781 -0.00129246]
 [-0.01238082  0.00604753]
 [ 0.01067288  0.00079692]
 ...
 [ 0.00078495  0.00135873]
 [ 0.01100509 -0.00621714]
 [ 0.00658539  0.00305119]]
INFO:latens:saving encodings plot to models/mnist_student_e300_L2_b64/encodings.pdf
INFO:latens:saving successful
INFO:latens:Plotting sampling...
INFO:latens:saving sampling plot to models/mnist_student_e300_L2_b64/normal_sampling_1000.pdf
INFO:latens:saving successful
INFO:latens:saving distribution plot to models/mnist_student_e300_L2_b64/normal_sampling_distribution_1000.pdf
INFO:latens:saving successful
INFO:latens:tensorflow 1.12.0, keras 2.1.6-tf
INFO:latens:command: sample
INFO:latens:sampling with 'multi-normal'
DEBUG:latens:sampler: drawing 1000 points
DEBUG:latens:sampling: (50000,), 1000
INFO:latens:writing dataset to models/mnist_student_e300_L2_b64/multi-normal_sample_1000.tfrecord...
2019-03-15 18:33:31.936625: I tensorflow/core/platform/cpu_feature_guard.cc:141] Your CPU supports instructions that this TensorFlow binary was not compiled to use: SSE4.1 SSE4.2 AVX AVX2 FMA
2019-03-15 18:33:32.337110: I tensorflow/core/common_runtime/gpu/gpu_device.cc:1432] Found device 0 with properties: 
name: Tesla K80 major: 3 minor: 7 memoryClockRate(GHz): 0.8235
pciBusID: 0000:09:00.0
totalMemory: 11.17GiB freeMemory: 11.10GiB
2019-03-15 18:33:32.337160: I tensorflow/core/common_runtime/gpu/gpu_device.cc:1511] Adding visible gpu devices: 0
2019-03-15 18:33:32.722588: I tensorflow/core/common_runtime/gpu/gpu_device.cc:982] Device interconnect StreamExecutor with strength 1 edge matrix:
2019-03-15 18:33:32.722659: I tensorflow/core/common_runtime/gpu/gpu_device.cc:988]      0 
2019-03-15 18:33:32.722673: I tensorflow/core/common_runtime/gpu/gpu_device.cc:1001] 0:   N 
2019-03-15 18:33:32.723005: I tensorflow/core/common_runtime/gpu/gpu_device.cc:1115] Created TensorFlow device (/job:localhost/replica:0/task:0/device:GPU:0 with 10758 MB memory) -> physical GPU (device: 0, name: Tesla K80, pci bus id: 0000:09:00.0, compute capability: 3.7)
INFO:latens:wrote 1000 examples
INFO:latens:tensorflow 1.12.0, keras 2.1.6-tf
INFO:latens:command: classifier
INFO:latens:model: model
INFO:latens:layer:(None, 28, 28, 1) -> (None, 28, 28, 1):input_2
INFO:latens:layer:(None, 28, 28, 1) -> (None, 2):sequential
INFO:latens:layer:(None, 2) -> (None, 28, 28, 1):sequential_1
INFO:latens:model: sequential_4
INFO:latens:layer:(None, 28, 28, 1) -> (None, 28, 28, 64):conv2d_19
INFO:latens:layer:(None, 28, 28, 64) -> (None, 28, 28, 64):conv2d_20
INFO:latens:layer:(None, 28, 28, 64) -> (None, 14, 14, 64):max_pooling2d_2
INFO:latens:layer:(None, 14, 14, 64) -> (None, 14, 14, 64):dropout_4
INFO:latens:layer:(None, 14, 14, 64) -> (None, 14, 14, 32):conv2d_21
INFO:latens:layer:(None, 14, 14, 32) -> (None, 14, 14, 32):conv2d_22
INFO:latens:layer:(None, 14, 14, 32) -> (None, 7, 7, 32):max_pooling2d_3
INFO:latens:layer:(None, 7, 7, 32) -> (None, 7, 7, 32):dropout_5
INFO:latens:layer:(None, 7, 7, 32) -> (None, 7, 7, 32):conv2d_23
INFO:latens:layer:(None, 7, 7, 32) -> (None, 7, 7, 32):conv2d_24
INFO:latens:layer:(None, 7, 7, 32) -> (None, 1568):flatten_1
INFO:latens:layer:(None, 1568) -> (None, 1024):dense_6
INFO:latens:layer:(None, 1024) -> (None, 10):dense_7
2019-03-15 18:33:45.339957: I tensorflow/core/platform/cpu_feature_guard.cc:141] Your CPU supports instructions that this TensorFlow binary was not compiled to use: SSE4.1 SSE4.2 AVX AVX2 FMA
2019-03-15 18:33:45.675144: I tensorflow/core/common_runtime/gpu/gpu_device.cc:1432] Found device 0 with properties: 
name: Tesla K80 major: 3 minor: 7 memoryClockRate(GHz): 0.8235
pciBusID: 0000:09:00.0
totalMemory: 11.17GiB freeMemory: 11.10GiB
2019-03-15 18:33:45.675224: I tensorflow/core/common_runtime/gpu/gpu_device.cc:1511] Adding visible gpu devices: 0
2019-03-15 18:33:46.032169: I tensorflow/core/common_runtime/gpu/gpu_device.cc:982] Device interconnect StreamExecutor with strength 1 edge matrix:
2019-03-15 18:33:46.032221: I tensorflow/core/common_runtime/gpu/gpu_device.cc:988]      0 
2019-03-15 18:33:46.032233: I tensorflow/core/common_runtime/gpu/gpu_device.cc:1001] 0:   N 
2019-03-15 18:33:46.032530: I tensorflow/core/common_runtime/gpu/gpu_device.cc:1115] Created TensorFlow device (/job:localhost/replica:0/task:0/device:GPU:0 with 10758 MB memory) -> physical GPU (device: 0, name: Tesla K80, pci bus id: 0000:09:00.0, compute capability: 3.7)
INFO:latens:test accuracy: 94.1%
INFO:latens:tensorflow 1.12.0, keras 2.1.6-tf
INFO:latens:command: visualize
INFO:latens:visualizing and saving
INFO:latens:Plotting encoding...
DEBUG:latens:encodings: [[-0.00574781 -0.00129246]
 [-0.01238082  0.00604753]
 [ 0.01067288  0.00079692]
 ...
 [ 0.00078495  0.00135873]
 [ 0.01100509 -0.00621714]
 [ 0.00658539  0.00305119]]
INFO:latens:saving encodings plot to models/mnist_student_e300_L2_b64/encodings.pdf
INFO:latens:saving successful
INFO:latens:Plotting sampling...
INFO:latens:saving sampling plot to models/mnist_student_e300_L2_b64/multi-normal_sampling_1000.pdf
INFO:latens:saving successful
INFO:latens:saving distribution plot to models/mnist_student_e300_L2_b64/multi-normal_sampling_distribution_1000.pdf
INFO:latens:saving successful
INFO:latens:tensorflow 1.12.0, keras 2.1.6-tf
INFO:latens:command: sample
INFO:latens:sampling with 'uniform'
DEBUG:latens:sampler: drawing 1000 points
DEBUG:latens:sampling: (50000,), 1000
INFO:latens:writing dataset to models/mnist_student_e300_L2_b64/uniform_sample_1000.tfrecord...
2019-03-15 18:36:34.662541: I tensorflow/core/platform/cpu_feature_guard.cc:141] Your CPU supports instructions that this TensorFlow binary was not compiled to use: SSE4.1 SSE4.2 AVX AVX2 FMA
2019-03-15 18:36:34.870767: I tensorflow/core/common_runtime/gpu/gpu_device.cc:1432] Found device 0 with properties: 
name: Tesla K80 major: 3 minor: 7 memoryClockRate(GHz): 0.8235
pciBusID: 0000:09:00.0
totalMemory: 11.17GiB freeMemory: 11.10GiB
2019-03-15 18:36:34.870835: I tensorflow/core/common_runtime/gpu/gpu_device.cc:1511] Adding visible gpu devices: 0
2019-03-15 18:36:35.277520: I tensorflow/core/common_runtime/gpu/gpu_device.cc:982] Device interconnect StreamExecutor with strength 1 edge matrix:
2019-03-15 18:36:35.277592: I tensorflow/core/common_runtime/gpu/gpu_device.cc:988]      0 
2019-03-15 18:36:35.277605: I tensorflow/core/common_runtime/gpu/gpu_device.cc:1001] 0:   N 
2019-03-15 18:36:35.277879: I tensorflow/core/common_runtime/gpu/gpu_device.cc:1115] Created TensorFlow device (/job:localhost/replica:0/task:0/device:GPU:0 with 10758 MB memory) -> physical GPU (device: 0, name: Tesla K80, pci bus id: 0000:09:00.0, compute capability: 3.7)
INFO:latens:wrote 1000 examples
INFO:latens:tensorflow 1.12.0, keras 2.1.6-tf
INFO:latens:command: classifier
INFO:latens:model: model
INFO:latens:layer:(None, 28, 28, 1) -> (None, 28, 28, 1):input_2
INFO:latens:layer:(None, 28, 28, 1) -> (None, 2):sequential
INFO:latens:layer:(None, 2) -> (None, 28, 28, 1):sequential_1
INFO:latens:model: sequential_4
INFO:latens:layer:(None, 28, 28, 1) -> (None, 28, 28, 64):conv2d_19
INFO:latens:layer:(None, 28, 28, 64) -> (None, 28, 28, 64):conv2d_20
INFO:latens:layer:(None, 28, 28, 64) -> (None, 14, 14, 64):max_pooling2d_2
INFO:latens:layer:(None, 14, 14, 64) -> (None, 14, 14, 64):dropout_4
INFO:latens:layer:(None, 14, 14, 64) -> (None, 14, 14, 32):conv2d_21
INFO:latens:layer:(None, 14, 14, 32) -> (None, 14, 14, 32):conv2d_22
INFO:latens:layer:(None, 14, 14, 32) -> (None, 7, 7, 32):max_pooling2d_3
INFO:latens:layer:(None, 7, 7, 32) -> (None, 7, 7, 32):dropout_5
INFO:latens:layer:(None, 7, 7, 32) -> (None, 7, 7, 32):conv2d_23
INFO:latens:layer:(None, 7, 7, 32) -> (None, 7, 7, 32):conv2d_24
INFO:latens:layer:(None, 7, 7, 32) -> (None, 1568):flatten_1
INFO:latens:layer:(None, 1568) -> (None, 1024):dense_6
INFO:latens:layer:(None, 1024) -> (None, 10):dense_7
2019-03-15 18:36:45.916358: I tensorflow/core/platform/cpu_feature_guard.cc:141] Your CPU supports instructions that this TensorFlow binary was not compiled to use: SSE4.1 SSE4.2 AVX AVX2 FMA
2019-03-15 18:36:46.222017: I tensorflow/core/common_runtime/gpu/gpu_device.cc:1432] Found device 0 with properties: 
name: Tesla K80 major: 3 minor: 7 memoryClockRate(GHz): 0.8235
pciBusID: 0000:09:00.0
totalMemory: 11.17GiB freeMemory: 11.10GiB
2019-03-15 18:36:46.222100: I tensorflow/core/common_runtime/gpu/gpu_device.cc:1511] Adding visible gpu devices: 0
2019-03-15 18:36:46.599433: I tensorflow/core/common_runtime/gpu/gpu_device.cc:982] Device interconnect StreamExecutor with strength 1 edge matrix:
2019-03-15 18:36:46.599513: I tensorflow/core/common_runtime/gpu/gpu_device.cc:988]      0 
2019-03-15 18:36:46.599525: I tensorflow/core/common_runtime/gpu/gpu_device.cc:1001] 0:   N 
2019-03-15 18:36:46.599822: I tensorflow/core/common_runtime/gpu/gpu_device.cc:1115] Created TensorFlow device (/job:localhost/replica:0/task:0/device:GPU:0 with 10758 MB memory) -> physical GPU (device: 0, name: Tesla K80, pci bus id: 0000:09:00.0, compute capability: 3.7)
INFO:latens:test accuracy: 88.1%
INFO:latens:tensorflow 1.12.0, keras 2.1.6-tf
INFO:latens:command: visualize
INFO:latens:visualizing and saving
INFO:latens:Plotting encoding...
DEBUG:latens:encodings: [[-0.00574781 -0.00129246]
 [-0.01238082  0.00604753]
 [ 0.01067288  0.00079692]
 ...
 [ 0.00078495  0.00135873]
 [ 0.01100509 -0.00621714]
 [ 0.00658539  0.00305119]]
INFO:latens:saving encodings plot to models/mnist_student_e300_L2_b64/encodings.pdf
INFO:latens:saving successful
INFO:latens:Plotting sampling...
INFO:latens:saving sampling plot to models/mnist_student_e300_L2_b64/uniform_sampling_1000.pdf
INFO:latens:saving successful
INFO:latens:saving distribution plot to models/mnist_student_e300_L2_b64/uniform_sampling_distribution_1000.pdf
INFO:latens:saving successful
INFO:latens:tensorflow 1.12.0, keras 2.1.6-tf
INFO:latens:command: sample
INFO:latens:sampling with 'uniform-cluster'
INFO:latens:clustering...
DEBUG:latens:sampler: drawing 102 points
DEBUG:latens:sampler: drawing 229 points
DEBUG:latens:sampler: drawing 101 points
DEBUG:latens:sampler: drawing 104 points
DEBUG:latens:sampler: drawing 34 points
DEBUG:latens:sampler: drawing 66 points
DEBUG:latens:sampler: drawing 170 points
DEBUG:latens:sampler: drawing 76 points
DEBUG:latens:sampler: drawing 45 points
DEBUG:latens:sampler: drawing 74 points
DEBUG:latens:sampling: (50000,), 1001
INFO:latens:writing dataset to models/mnist_student_e300_L2_b64/uniform-cluster_sample_1000.tfrecord...
2019-03-15 18:41:54.958006: I tensorflow/core/platform/cpu_feature_guard.cc:141] Your CPU supports instructions that this TensorFlow binary was not compiled to use: SSE4.1 SSE4.2 AVX AVX2 FMA
2019-03-15 18:41:55.167262: I tensorflow/core/common_runtime/gpu/gpu_device.cc:1432] Found device 0 with properties: 
name: Tesla K80 major: 3 minor: 7 memoryClockRate(GHz): 0.8235
pciBusID: 0000:09:00.0
totalMemory: 11.17GiB freeMemory: 11.10GiB
2019-03-15 18:41:55.167322: I tensorflow/core/common_runtime/gpu/gpu_device.cc:1511] Adding visible gpu devices: 0
2019-03-15 18:41:55.504179: I tensorflow/core/common_runtime/gpu/gpu_device.cc:982] Device interconnect StreamExecutor with strength 1 edge matrix:
2019-03-15 18:41:55.504231: I tensorflow/core/common_runtime/gpu/gpu_device.cc:988]      0 
2019-03-15 18:41:55.504243: I tensorflow/core/common_runtime/gpu/gpu_device.cc:1001] 0:   N 
2019-03-15 18:41:55.504514: I tensorflow/core/common_runtime/gpu/gpu_device.cc:1115] Created TensorFlow device (/job:localhost/replica:0/task:0/device:GPU:0 with 10758 MB memory) -> physical GPU (device: 0, name: Tesla K80, pci bus id: 0000:09:00.0, compute capability: 3.7)
INFO:latens:wrote 1001 examples
INFO:latens:tensorflow 1.12.0, keras 2.1.6-tf
INFO:latens:command: classifier
INFO:latens:model: model
INFO:latens:layer:(None, 28, 28, 1) -> (None, 28, 28, 1):input_2
INFO:latens:layer:(None, 28, 28, 1) -> (None, 2):sequential
INFO:latens:layer:(None, 2) -> (None, 28, 28, 1):sequential_1
INFO:latens:model: sequential_4
INFO:latens:layer:(None, 28, 28, 1) -> (None, 28, 28, 64):conv2d_19
INFO:latens:layer:(None, 28, 28, 64) -> (None, 28, 28, 64):conv2d_20
INFO:latens:layer:(None, 28, 28, 64) -> (None, 14, 14, 64):max_pooling2d_2
INFO:latens:layer:(None, 14, 14, 64) -> (None, 14, 14, 64):dropout_4
INFO:latens:layer:(None, 14, 14, 64) -> (None, 14, 14, 32):conv2d_21
INFO:latens:layer:(None, 14, 14, 32) -> (None, 14, 14, 32):conv2d_22
INFO:latens:layer:(None, 14, 14, 32) -> (None, 7, 7, 32):max_pooling2d_3
INFO:latens:layer:(None, 7, 7, 32) -> (None, 7, 7, 32):dropout_5
INFO:latens:layer:(None, 7, 7, 32) -> (None, 7, 7, 32):conv2d_23
INFO:latens:layer:(None, 7, 7, 32) -> (None, 7, 7, 32):conv2d_24
INFO:latens:layer:(None, 7, 7, 32) -> (None, 1568):flatten_1
INFO:latens:layer:(None, 1568) -> (None, 1024):dense_6
INFO:latens:layer:(None, 1024) -> (None, 10):dense_7
2019-03-15 18:42:10.228421: I tensorflow/core/platform/cpu_feature_guard.cc:141] Your CPU supports instructions that this TensorFlow binary was not compiled to use: SSE4.1 SSE4.2 AVX AVX2 FMA
2019-03-15 18:42:10.584484: I tensorflow/core/common_runtime/gpu/gpu_device.cc:1432] Found device 0 with properties: 
name: Tesla K80 major: 3 minor: 7 memoryClockRate(GHz): 0.8235
pciBusID: 0000:09:00.0
totalMemory: 11.17GiB freeMemory: 11.10GiB
2019-03-15 18:42:10.584602: I tensorflow/core/common_runtime/gpu/gpu_device.cc:1511] Adding visible gpu devices: 0
2019-03-15 18:42:11.014161: I tensorflow/core/common_runtime/gpu/gpu_device.cc:982] Device interconnect StreamExecutor with strength 1 edge matrix:
2019-03-15 18:42:11.014220: I tensorflow/core/common_runtime/gpu/gpu_device.cc:988]      0 
2019-03-15 18:42:11.014233: I tensorflow/core/common_runtime/gpu/gpu_device.cc:1001] 0:   N 
2019-03-15 18:42:11.014577: I tensorflow/core/common_runtime/gpu/gpu_device.cc:1115] Created TensorFlow device (/job:localhost/replica:0/task:0/device:GPU:0 with 10758 MB memory) -> physical GPU (device: 0, name: Tesla K80, pci bus id: 0000:09:00.0, compute capability: 3.7)
INFO:latens:test accuracy: 93.5%
INFO:latens:tensorflow 1.12.0, keras 2.1.6-tf
INFO:latens:command: visualize
INFO:latens:visualizing and saving
INFO:latens:Plotting encoding...
DEBUG:latens:encodings: [[-0.00574781 -0.00129246]
 [-0.01238082  0.00604753]
 [ 0.01067288  0.00079692]
 ...
 [ 0.00078495  0.00135873]
 [ 0.01100509 -0.00621714]
 [ 0.00658539  0.00305119]]
INFO:latens:saving encodings plot to models/mnist_student_e300_L2_b64/encodings.pdf
INFO:latens:saving successful
INFO:latens:Plotting clusters...
INFO:latens:saving clustered encodings plot to models/mnist_student_e300_L2_b64/clustered_encodings.pdf
INFO:latens:saving successful
INFO:latens:Plotting sampling...
INFO:latens:saving sampling plot to models/mnist_student_e300_L2_b64/uniform-cluster_sampling_1000.pdf
INFO:latens:saving successful
INFO:latens:saving distribution plot to models/mnist_student_e300_L2_b64/uniform-cluster_sampling_distribution_1000.pdf
INFO:latens:saving successful
INFO:latens:tensorflow 1.12.0, keras 2.1.6-tf
INFO:latens:command: sample
INFO:latens:sampling with 'normal-cluster'
INFO:latens:clustering...
DEBUG:latens:sampler: drawing 102 points
DEBUG:latens:sampler: drawing 229 points
DEBUG:latens:sampler: drawing 101 points
DEBUG:latens:sampler: drawing 104 points
DEBUG:latens:sampler: drawing 34 points
DEBUG:latens:sampler: drawing 66 points
DEBUG:latens:sampler: drawing 170 points
DEBUG:latens:sampler: drawing 76 points
DEBUG:latens:sampler: drawing 45 points
DEBUG:latens:sampler: drawing 74 points
DEBUG:latens:sampling: (50000,), 1001
INFO:latens:writing dataset to models/mnist_student_e300_L2_b64/normal-cluster_sample_1000.tfrecord...
2019-03-15 18:47:24.912825: I tensorflow/core/platform/cpu_feature_guard.cc:141] Your CPU supports instructions that this TensorFlow binary was not compiled to use: SSE4.1 SSE4.2 AVX AVX2 FMA
2019-03-15 18:47:25.125287: I tensorflow/core/common_runtime/gpu/gpu_device.cc:1432] Found device 0 with properties: 
name: Tesla K80 major: 3 minor: 7 memoryClockRate(GHz): 0.8235
pciBusID: 0000:09:00.0
totalMemory: 11.17GiB freeMemory: 11.10GiB
2019-03-15 18:47:25.125336: I tensorflow/core/common_runtime/gpu/gpu_device.cc:1511] Adding visible gpu devices: 0
2019-03-15 18:47:25.463237: I tensorflow/core/common_runtime/gpu/gpu_device.cc:982] Device interconnect StreamExecutor with strength 1 edge matrix:
2019-03-15 18:47:25.463286: I tensorflow/core/common_runtime/gpu/gpu_device.cc:988]      0 
2019-03-15 18:47:25.463298: I tensorflow/core/common_runtime/gpu/gpu_device.cc:1001] 0:   N 
2019-03-15 18:47:25.463576: I tensorflow/core/common_runtime/gpu/gpu_device.cc:1115] Created TensorFlow device (/job:localhost/replica:0/task:0/device:GPU:0 with 10758 MB memory) -> physical GPU (device: 0, name: Tesla K80, pci bus id: 0000:09:00.0, compute capability: 3.7)
INFO:latens:wrote 1001 examples
INFO:latens:tensorflow 1.12.0, keras 2.1.6-tf
INFO:latens:command: classifier
INFO:latens:model: model
INFO:latens:layer:(None, 28, 28, 1) -> (None, 28, 28, 1):input_2
INFO:latens:layer:(None, 28, 28, 1) -> (None, 2):sequential
INFO:latens:layer:(None, 2) -> (None, 28, 28, 1):sequential_1
INFO:latens:model: sequential_4
INFO:latens:layer:(None, 28, 28, 1) -> (None, 28, 28, 64):conv2d_19
INFO:latens:layer:(None, 28, 28, 64) -> (None, 28, 28, 64):conv2d_20
INFO:latens:layer:(None, 28, 28, 64) -> (None, 14, 14, 64):max_pooling2d_2
INFO:latens:layer:(None, 14, 14, 64) -> (None, 14, 14, 64):dropout_4
INFO:latens:layer:(None, 14, 14, 64) -> (None, 14, 14, 32):conv2d_21
INFO:latens:layer:(None, 14, 14, 32) -> (None, 14, 14, 32):conv2d_22
INFO:latens:layer:(None, 14, 14, 32) -> (None, 7, 7, 32):max_pooling2d_3
INFO:latens:layer:(None, 7, 7, 32) -> (None, 7, 7, 32):dropout_5
INFO:latens:layer:(None, 7, 7, 32) -> (None, 7, 7, 32):conv2d_23
INFO:latens:layer:(None, 7, 7, 32) -> (None, 7, 7, 32):conv2d_24
INFO:latens:layer:(None, 7, 7, 32) -> (None, 1568):flatten_1
INFO:latens:layer:(None, 1568) -> (None, 1024):dense_6
INFO:latens:layer:(None, 1024) -> (None, 10):dense_7
2019-03-15 18:47:41.432165: I tensorflow/core/platform/cpu_feature_guard.cc:141] Your CPU supports instructions that this TensorFlow binary was not compiled to use: SSE4.1 SSE4.2 AVX AVX2 FMA
2019-03-15 18:47:41.812971: I tensorflow/core/common_runtime/gpu/gpu_device.cc:1432] Found device 0 with properties: 
name: Tesla K80 major: 3 minor: 7 memoryClockRate(GHz): 0.8235
pciBusID: 0000:09:00.0
totalMemory: 11.17GiB freeMemory: 11.10GiB
2019-03-15 18:47:41.813078: I tensorflow/core/common_runtime/gpu/gpu_device.cc:1511] Adding visible gpu devices: 0
2019-03-15 18:47:42.223579: I tensorflow/core/common_runtime/gpu/gpu_device.cc:982] Device interconnect StreamExecutor with strength 1 edge matrix:
2019-03-15 18:47:42.223657: I tensorflow/core/common_runtime/gpu/gpu_device.cc:988]      0 
2019-03-15 18:47:42.223671: I tensorflow/core/common_runtime/gpu/gpu_device.cc:1001] 0:   N 
2019-03-15 18:47:42.223994: I tensorflow/core/common_runtime/gpu/gpu_device.cc:1115] Created TensorFlow device (/job:localhost/replica:0/task:0/device:GPU:0 with 10758 MB memory) -> physical GPU (device: 0, name: Tesla K80, pci bus id: 0000:09:00.0, compute capability: 3.7)
INFO:latens:test accuracy: 90.8%
INFO:latens:tensorflow 1.12.0, keras 2.1.6-tf
INFO:latens:command: visualize
INFO:latens:visualizing and saving
INFO:latens:Plotting encoding...
DEBUG:latens:encodings: [[-0.00574781 -0.00129246]
 [-0.01238082  0.00604753]
 [ 0.01067288  0.00079692]
 ...
 [ 0.00078495  0.00135873]
 [ 0.01100509 -0.00621714]
 [ 0.00658539  0.00305119]]
INFO:latens:saving encodings plot to models/mnist_student_e300_L2_b64/encodings.pdf
INFO:latens:saving successful
INFO:latens:Plotting clusters...
INFO:latens:saving clustered encodings plot to models/mnist_student_e300_L2_b64/clustered_encodings.pdf
INFO:latens:saving successful
INFO:latens:Plotting sampling...
INFO:latens:saving sampling plot to models/mnist_student_e300_L2_b64/normal-cluster_sampling_1000.pdf
INFO:latens:saving successful
INFO:latens:saving distribution plot to models/mnist_student_e300_L2_b64/normal-cluster_sampling_distribution_1000.pdf
INFO:latens:saving successful
INFO:latens:tensorflow 1.12.0, keras 2.1.6-tf
INFO:latens:command: sample
INFO:latens:sampling with 'multi-normal-cluster'
INFO:latens:clustering...
DEBUG:latens:sampler: drawing 102 points
DEBUG:latens:sampler: drawing 229 points
DEBUG:latens:sampler: drawing 101 points
DEBUG:latens:sampler: drawing 104 points
DEBUG:latens:sampler: drawing 34 points
DEBUG:latens:sampler: drawing 66 points
DEBUG:latens:sampler: drawing 170 points
DEBUG:latens:sampler: drawing 76 points
DEBUG:latens:sampler: drawing 45 points
DEBUG:latens:sampler: drawing 74 points
DEBUG:latens:sampling: (50000,), 1001
INFO:latens:writing dataset to models/mnist_student_e300_L2_b64/multi-normal-cluster_sample_1000.tfrecord...
2019-03-15 18:52:48.564199: I tensorflow/core/platform/cpu_feature_guard.cc:141] Your CPU supports instructions that this TensorFlow binary was not compiled to use: SSE4.1 SSE4.2 AVX AVX2 FMA
2019-03-15 18:52:48.775351: I tensorflow/core/common_runtime/gpu/gpu_device.cc:1432] Found device 0 with properties: 
name: Tesla K80 major: 3 minor: 7 memoryClockRate(GHz): 0.8235
pciBusID: 0000:09:00.0
totalMemory: 11.17GiB freeMemory: 11.10GiB
2019-03-15 18:52:48.775405: I tensorflow/core/common_runtime/gpu/gpu_device.cc:1511] Adding visible gpu devices: 0
2019-03-15 18:52:49.117324: I tensorflow/core/common_runtime/gpu/gpu_device.cc:982] Device interconnect StreamExecutor with strength 1 edge matrix:
2019-03-15 18:52:49.117370: I tensorflow/core/common_runtime/gpu/gpu_device.cc:988]      0 
2019-03-15 18:52:49.117381: I tensorflow/core/common_runtime/gpu/gpu_device.cc:1001] 0:   N 
2019-03-15 18:52:49.117653: I tensorflow/core/common_runtime/gpu/gpu_device.cc:1115] Created TensorFlow device (/job:localhost/replica:0/task:0/device:GPU:0 with 10758 MB memory) -> physical GPU (device: 0, name: Tesla K80, pci bus id: 0000:09:00.0, compute capability: 3.7)
INFO:latens:wrote 1001 examples
INFO:latens:tensorflow 1.12.0, keras 2.1.6-tf
INFO:latens:command: classifier
INFO:latens:model: model
INFO:latens:layer:(None, 28, 28, 1) -> (None, 28, 28, 1):input_2
INFO:latens:layer:(None, 28, 28, 1) -> (None, 2):sequential
INFO:latens:layer:(None, 2) -> (None, 28, 28, 1):sequential_1
INFO:latens:model: sequential_4
INFO:latens:layer:(None, 28, 28, 1) -> (None, 28, 28, 64):conv2d_19
INFO:latens:layer:(None, 28, 28, 64) -> (None, 28, 28, 64):conv2d_20
INFO:latens:layer:(None, 28, 28, 64) -> (None, 14, 14, 64):max_pooling2d_2
INFO:latens:layer:(None, 14, 14, 64) -> (None, 14, 14, 64):dropout_4
INFO:latens:layer:(None, 14, 14, 64) -> (None, 14, 14, 32):conv2d_21
INFO:latens:layer:(None, 14, 14, 32) -> (None, 14, 14, 32):conv2d_22
INFO:latens:layer:(None, 14, 14, 32) -> (None, 7, 7, 32):max_pooling2d_3
INFO:latens:layer:(None, 7, 7, 32) -> (None, 7, 7, 32):dropout_5
INFO:latens:layer:(None, 7, 7, 32) -> (None, 7, 7, 32):conv2d_23
INFO:latens:layer:(None, 7, 7, 32) -> (None, 7, 7, 32):conv2d_24
INFO:latens:layer:(None, 7, 7, 32) -> (None, 1568):flatten_1
INFO:latens:layer:(None, 1568) -> (None, 1024):dense_6
INFO:latens:layer:(None, 1024) -> (None, 10):dense_7
2019-03-15 18:53:00.662193: I tensorflow/core/platform/cpu_feature_guard.cc:141] Your CPU supports instructions that this TensorFlow binary was not compiled to use: SSE4.1 SSE4.2 AVX AVX2 FMA
2019-03-15 18:53:01.034170: I tensorflow/core/common_runtime/gpu/gpu_device.cc:1432] Found device 0 with properties: 
name: Tesla K80 major: 3 minor: 7 memoryClockRate(GHz): 0.8235
pciBusID: 0000:09:00.0
totalMemory: 11.17GiB freeMemory: 11.10GiB
2019-03-15 18:53:01.034263: I tensorflow/core/common_runtime/gpu/gpu_device.cc:1511] Adding visible gpu devices: 0
2019-03-15 18:53:01.399844: I tensorflow/core/common_runtime/gpu/gpu_device.cc:982] Device interconnect StreamExecutor with strength 1 edge matrix:
2019-03-15 18:53:01.399932: I tensorflow/core/common_runtime/gpu/gpu_device.cc:988]      0 
2019-03-15 18:53:01.399944: I tensorflow/core/common_runtime/gpu/gpu_device.cc:1001] 0:   N 
2019-03-15 18:53:01.400220: I tensorflow/core/common_runtime/gpu/gpu_device.cc:1115] Created TensorFlow device (/job:localhost/replica:0/task:0/device:GPU:0 with 10758 MB memory) -> physical GPU (device: 0, name: Tesla K80, pci bus id: 0000:09:00.0, compute capability: 3.7)
INFO:latens:test accuracy: 93.3%
INFO:latens:tensorflow 1.12.0, keras 2.1.6-tf
INFO:latens:command: visualize
INFO:latens:visualizing and saving
INFO:latens:Plotting encoding...
DEBUG:latens:encodings: [[-0.00574781 -0.00129246]
 [-0.01238082  0.00604753]
 [ 0.01067288  0.00079692]
 ...
 [ 0.00078495  0.00135873]
 [ 0.01100509 -0.00621714]
 [ 0.00658539  0.00305119]]
INFO:latens:saving encodings plot to models/mnist_student_e300_L2_b64/encodings.pdf
INFO:latens:saving successful
INFO:latens:Plotting clusters...
INFO:latens:saving clustered encodings plot to models/mnist_student_e300_L2_b64/clustered_encodings.pdf
INFO:latens:saving successful
INFO:latens:Plotting sampling...
INFO:latens:saving sampling plot to models/mnist_student_e300_L2_b64/multi-normal-cluster_sampling_1000.pdf
INFO:latens:saving successful
INFO:latens:saving distribution plot to models/mnist_student_e300_L2_b64/multi-normal-cluster_sampling_distribution_1000.pdf
INFO:latens:saving successful
INFO:latens:tensorflow 1.12.0, keras 2.1.6-tf
INFO:latens:command: sample
INFO:latens:sampling with 'error'
INFO:latens:model: model
INFO:latens:layer:(None, 28, 28, 1) -> (None, 28, 28, 1):input_2
INFO:latens:layer:(None, 28, 28, 1) -> (None, 2):sequential
INFO:latens:layer:(None, 2) -> (None, 28, 28, 1):sequential_1
2019-03-15 18:55:51.312374: I tensorflow/core/platform/cpu_feature_guard.cc:141] Your CPU supports instructions that this TensorFlow binary was not compiled to use: SSE4.1 SSE4.2 AVX AVX2 FMA
2019-03-15 18:55:51.647787: I tensorflow/core/common_runtime/gpu/gpu_device.cc:1432] Found device 0 with properties: 
name: Tesla K80 major: 3 minor: 7 memoryClockRate(GHz): 0.8235
pciBusID: 0000:09:00.0
totalMemory: 11.17GiB freeMemory: 11.10GiB
2019-03-15 18:55:51.647882: I tensorflow/core/common_runtime/gpu/gpu_device.cc:1511] Adding visible gpu devices: 0
2019-03-15 18:55:52.063032: I tensorflow/core/common_runtime/gpu/gpu_device.cc:982] Device interconnect StreamExecutor with strength 1 edge matrix:
2019-03-15 18:55:52.063141: I tensorflow/core/common_runtime/gpu/gpu_device.cc:988]      0 
2019-03-15 18:55:52.063158: I tensorflow/core/common_runtime/gpu/gpu_device.cc:1001] 0:   N 
2019-03-15 18:55:52.063508: I tensorflow/core/common_runtime/gpu/gpu_device.cc:1115] Created TensorFlow device (/job:localhost/replica:0/task:0/device:GPU:0 with 10758 MB memory) -> physical GPU (device: 0, name: Tesla K80, pci bus id: 0000:09:00.0, compute capability: 3.7)
INFO:latens:restored model from models/mnist_student_e300_L2_b64/autoencoder/cp-0300.hdf5
2019-03-15 18:56:07.203365: I tensorflow/core/common_runtime/gpu/gpu_device.cc:1511] Adding visible gpu devices: 0
2019-03-15 18:56:07.203424: I tensorflow/core/common_runtime/gpu/gpu_device.cc:982] Device interconnect StreamExecutor with strength 1 edge matrix:
2019-03-15 18:56:07.203438: I tensorflow/core/common_runtime/gpu/gpu_device.cc:988]      0 
2019-03-15 18:56:07.203446: I tensorflow/core/common_runtime/gpu/gpu_device.cc:1001] 0:   N 
2019-03-15 18:56:07.203619: I tensorflow/core/common_runtime/gpu/gpu_device.cc:1115] Created TensorFlow device (/job:localhost/replica:0/task:0/device:GPU:0 with 10758 MB memory) -> physical GPU (device: 0, name: Tesla K80, pci bus id: 0000:09:00.0, compute capability: 3.7)
DEBUG:latens:points: (50000,), [0.10536165 0.0756807  0.11463714 ... 1.         1.         1.        ]
DEBUG:latens:values: (50000,)
DEBUG:latens:sampling: [0 0 0 ... 0 0 1]
DEBUG:latens:sampling: (50000,), 1000
INFO:latens:writing dataset to models/mnist_student_e300_L2_b64/error_sample_1000.tfrecord...
2019-03-15 18:56:07.359454: I tensorflow/core/common_runtime/gpu/gpu_device.cc:1511] Adding visible gpu devices: 0
2019-03-15 18:56:07.359495: I tensorflow/core/common_runtime/gpu/gpu_device.cc:982] Device interconnect StreamExecutor with strength 1 edge matrix:
2019-03-15 18:56:07.359507: I tensorflow/core/common_runtime/gpu/gpu_device.cc:988]      0 
2019-03-15 18:56:07.359515: I tensorflow/core/common_runtime/gpu/gpu_device.cc:1001] 0:   N 
2019-03-15 18:56:07.359663: I tensorflow/core/common_runtime/gpu/gpu_device.cc:1115] Created TensorFlow device (/job:localhost/replica:0/task:0/device:GPU:0 with 10758 MB memory) -> physical GPU (device: 0, name: Tesla K80, pci bus id: 0000:09:00.0, compute capability: 3.7)
INFO:latens:wrote 1000 examples
INFO:latens:tensorflow 1.12.0, keras 2.1.6-tf
INFO:latens:command: classifier
INFO:latens:model: model
INFO:latens:layer:(None, 28, 28, 1) -> (None, 28, 28, 1):input_2
INFO:latens:layer:(None, 28, 28, 1) -> (None, 2):sequential
INFO:latens:layer:(None, 2) -> (None, 28, 28, 1):sequential_1
INFO:latens:model: sequential_4
INFO:latens:layer:(None, 28, 28, 1) -> (None, 28, 28, 64):conv2d_19
INFO:latens:layer:(None, 28, 28, 64) -> (None, 28, 28, 64):conv2d_20
INFO:latens:layer:(None, 28, 28, 64) -> (None, 14, 14, 64):max_pooling2d_2
INFO:latens:layer:(None, 14, 14, 64) -> (None, 14, 14, 64):dropout_4
INFO:latens:layer:(None, 14, 14, 64) -> (None, 14, 14, 32):conv2d_21
INFO:latens:layer:(None, 14, 14, 32) -> (None, 14, 14, 32):conv2d_22
INFO:latens:layer:(None, 14, 14, 32) -> (None, 7, 7, 32):max_pooling2d_3
INFO:latens:layer:(None, 7, 7, 32) -> (None, 7, 7, 32):dropout_5
INFO:latens:layer:(None, 7, 7, 32) -> (None, 7, 7, 32):conv2d_23
INFO:latens:layer:(None, 7, 7, 32) -> (None, 7, 7, 32):conv2d_24
INFO:latens:layer:(None, 7, 7, 32) -> (None, 1568):flatten_1
INFO:latens:layer:(None, 1568) -> (None, 1024):dense_6
INFO:latens:layer:(None, 1024) -> (None, 10):dense_7
2019-03-15 18:56:18.618102: I tensorflow/core/platform/cpu_feature_guard.cc:141] Your CPU supports instructions that this TensorFlow binary was not compiled to use: SSE4.1 SSE4.2 AVX AVX2 FMA
2019-03-15 18:56:18.955292: I tensorflow/core/common_runtime/gpu/gpu_device.cc:1432] Found device 0 with properties: 
name: Tesla K80 major: 3 minor: 7 memoryClockRate(GHz): 0.8235
pciBusID: 0000:09:00.0
totalMemory: 11.17GiB freeMemory: 11.10GiB
2019-03-15 18:56:18.955385: I tensorflow/core/common_runtime/gpu/gpu_device.cc:1511] Adding visible gpu devices: 0
2019-03-15 18:56:19.321872: I tensorflow/core/common_runtime/gpu/gpu_device.cc:982] Device interconnect StreamExecutor with strength 1 edge matrix:
2019-03-15 18:56:19.321948: I tensorflow/core/common_runtime/gpu/gpu_device.cc:988]      0 
2019-03-15 18:56:19.321960: I tensorflow/core/common_runtime/gpu/gpu_device.cc:1001] 0:   N 
2019-03-15 18:56:19.322238: I tensorflow/core/common_runtime/gpu/gpu_device.cc:1115] Created TensorFlow device (/job:localhost/replica:0/task:0/device:GPU:0 with 10758 MB memory) -> physical GPU (device: 0, name: Tesla K80, pci bus id: 0000:09:00.0, compute capability: 3.7)
INFO:latens:test accuracy: 94.0%
INFO:latens:tensorflow 1.12.0, keras 2.1.6-tf
INFO:latens:command: visualize
INFO:latens:visualizing and saving
INFO:latens:Plotting encoding...
DEBUG:latens:encodings: [[-0.00574781 -0.00129246]
 [-0.01238082  0.00604753]
 [ 0.01067288  0.00079692]
 ...
 [ 0.00078495  0.00135873]
 [ 0.01100509 -0.00621714]
 [ 0.00658539  0.00305119]]
INFO:latens:saving encodings plot to models/mnist_student_e300_L2_b64/encodings.pdf
INFO:latens:saving successful
INFO:latens:Plotting sampling...
INFO:latens:saving sampling plot to models/mnist_student_e300_L2_b64/error_sampling_1000.pdf
INFO:latens:saving successful
INFO:latens:saving distribution plot to models/mnist_student_e300_L2_b64/error_sampling_distribution_1000.pdf
INFO:latens:saving successful
INFO:latens:tensorflow 1.12.0, keras 2.1.6-tf
INFO:latens:command: visualize-classifiers
INFO:latens:saving hist losses plot to models/mnist_student_e300_L2_b64/classifier_val_losses_1000.pdf
INFO:latens:saving successful
INFO:latens:saving hist losses plot to models/mnist_student_e300_L2_b64/classifier_val_accs_1000.pdf
INFO:latens:saving successful
INFO:latens:saving hist losses plot to models/mnist_student_e300_L2_b64/classifier_test_losses_1000.pdf
INFO:latens:saving successful
INFO:latens:saving hist losses plot to models/mnist_student_e300_L2_b64/classifier_test_accs_1000.pdf
INFO:latens:saving successful
INFO:latens:test accs for conv:[0.9350119426751592, 0.8813694267515924, 0.9410828025477707, 0.934812898089172, 0.932921974522293, 0.9402866242038217]
