Starting analysis...
Epoch 1/50

Epoch 00001: saving model to models/mnist_student_e300_L2_b64/random_classifier_1000/cp-0001.hdf5
 - 5s - loss: 2.3002 - acc: 0.1084 - val_loss: 2.2986 - val_acc: 0.1261
Epoch 2/50

Epoch 00002: saving model to models/mnist_student_e300_L2_b64/random_classifier_1000/cp-0002.hdf5
 - 3s - loss: 2.2936 - acc: 0.1572 - val_loss: 2.2922 - val_acc: 0.2131
Epoch 3/50

Epoch 00003: saving model to models/mnist_student_e300_L2_b64/random_classifier_1000/cp-0003.hdf5
 - 3s - loss: 2.2816 - acc: 0.1924 - val_loss: 2.2770 - val_acc: 0.1538
Epoch 4/50

Epoch 00004: saving model to models/mnist_student_e300_L2_b64/random_classifier_1000/cp-0004.hdf5
 - 3s - loss: 2.2457 - acc: 0.1904 - val_loss: 2.2281 - val_acc: 0.1941
Epoch 5/50

Epoch 00005: saving model to models/mnist_student_e300_L2_b64/random_classifier_1000/cp-0005.hdf5
 - 3s - loss: 2.1149 - acc: 0.2881 - val_loss: 1.8833 - val_acc: 0.4632
Epoch 6/50

Epoch 00006: saving model to models/mnist_student_e300_L2_b64/random_classifier_1000/cp-0006.hdf5
 - 3s - loss: 1.6202 - acc: 0.5000 - val_loss: 1.2768 - val_acc: 0.5481
Epoch 7/50

Epoch 00007: saving model to models/mnist_student_e300_L2_b64/random_classifier_1000/cp-0007.hdf5
 - 3s - loss: 1.1480 - acc: 0.6152 - val_loss: 0.9009 - val_acc: 0.7014
Epoch 8/50

Epoch 00008: saving model to models/mnist_student_e300_L2_b64/random_classifier_1000/cp-0008.hdf5
 - 3s - loss: 0.9612 - acc: 0.6748 - val_loss: 0.6839 - val_acc: 0.7969
Epoch 9/50

Epoch 00009: saving model to models/mnist_student_e300_L2_b64/random_classifier_1000/cp-0009.hdf5
 - 3s - loss: 0.7201 - acc: 0.7646 - val_loss: 0.6607 - val_acc: 0.7909
Epoch 10/50

Epoch 00010: saving model to models/mnist_student_e300_L2_b64/random_classifier_1000/cp-0010.hdf5
 - 3s - loss: 0.7205 - acc: 0.7520 - val_loss: 0.6131 - val_acc: 0.7968
Epoch 11/50

Epoch 00011: saving model to models/mnist_student_e300_L2_b64/random_classifier_1000/cp-0011.hdf5
 - 3s - loss: 0.5532 - acc: 0.8164 - val_loss: 0.4626 - val_acc: 0.8539
Epoch 12/50

Epoch 00012: saving model to models/mnist_student_e300_L2_b64/random_classifier_1000/cp-0012.hdf5
 - 3s - loss: 0.5263 - acc: 0.8369 - val_loss: 0.5024 - val_acc: 0.8500
Epoch 13/50

Epoch 00013: saving model to models/mnist_student_e300_L2_b64/random_classifier_1000/cp-0013.hdf5
 - 3s - loss: 0.4648 - acc: 0.8408 - val_loss: 0.4103 - val_acc: 0.8695
Epoch 14/50

Epoch 00014: saving model to models/mnist_student_e300_L2_b64/random_classifier_1000/cp-0014.hdf5
 - 3s - loss: 0.4190 - acc: 0.8691 - val_loss: 0.3487 - val_acc: 0.8917
Epoch 15/50

Epoch 00015: saving model to models/mnist_student_e300_L2_b64/random_classifier_1000/cp-0015.hdf5
 - 3s - loss: 0.3519 - acc: 0.8955 - val_loss: 0.3587 - val_acc: 0.8902
Epoch 16/50

Epoch 00016: saving model to models/mnist_student_e300_L2_b64/random_classifier_1000/cp-0016.hdf5
 - 3s - loss: 0.3524 - acc: 0.8896 - val_loss: 0.3402 - val_acc: 0.8890
Epoch 17/50

Epoch 00017: saving model to models/mnist_student_e300_L2_b64/random_classifier_1000/cp-0017.hdf5
 - 3s - loss: 0.3510 - acc: 0.8770 - val_loss: 0.3214 - val_acc: 0.8984
Epoch 18/50

Epoch 00018: saving model to models/mnist_student_e300_L2_b64/random_classifier_1000/cp-0018.hdf5
 - 3s - loss: 0.2800 - acc: 0.9102 - val_loss: 0.2978 - val_acc: 0.9083
Epoch 19/50

Epoch 00019: saving model to models/mnist_student_e300_L2_b64/random_classifier_1000/cp-0019.hdf5
 - 3s - loss: 0.2591 - acc: 0.9248 - val_loss: 0.2838 - val_acc: 0.9145
Epoch 20/50

Epoch 00020: saving model to models/mnist_student_e300_L2_b64/random_classifier_1000/cp-0020.hdf5
 - 3s - loss: 0.2677 - acc: 0.9141 - val_loss: 0.2815 - val_acc: 0.9149
Epoch 21/50

Epoch 00021: saving model to models/mnist_student_e300_L2_b64/random_classifier_1000/cp-0021.hdf5
 - 3s - loss: 0.2398 - acc: 0.9229 - val_loss: 0.2989 - val_acc: 0.9109
Epoch 22/50

Epoch 00022: saving model to models/mnist_student_e300_L2_b64/random_classifier_1000/cp-0022.hdf5
 - 3s - loss: 0.2374 - acc: 0.9297 - val_loss: 0.2762 - val_acc: 0.9133
Epoch 23/50

Epoch 00023: saving model to models/mnist_student_e300_L2_b64/random_classifier_1000/cp-0023.hdf5
 - 3s - loss: 0.1858 - acc: 0.9424 - val_loss: 0.2661 - val_acc: 0.9211
Epoch 24/50

Epoch 00024: saving model to models/mnist_student_e300_L2_b64/random_classifier_1000/cp-0024.hdf5
 - 3s - loss: 0.1991 - acc: 0.9355 - val_loss: 0.2574 - val_acc: 0.9223
Epoch 25/50

Epoch 00025: saving model to models/mnist_student_e300_L2_b64/random_classifier_1000/cp-0025.hdf5
 - 3s - loss: 0.1923 - acc: 0.9365 - val_loss: 0.2544 - val_acc: 0.9245
Epoch 26/50

Epoch 00026: saving model to models/mnist_student_e300_L2_b64/random_classifier_1000/cp-0026.hdf5
 - 3s - loss: 0.1921 - acc: 0.9404 - val_loss: 0.2452 - val_acc: 0.9277
Epoch 27/50

Epoch 00027: saving model to models/mnist_student_e300_L2_b64/random_classifier_1000/cp-0027.hdf5
 - 3s - loss: 0.1377 - acc: 0.9580 - val_loss: 0.2503 - val_acc: 0.9271
Epoch 28/50

Epoch 00028: saving model to models/mnist_student_e300_L2_b64/random_classifier_1000/cp-0028.hdf5
 - 3s - loss: 0.1682 - acc: 0.9453 - val_loss: 0.2774 - val_acc: 0.9157
Epoch 29/50

Epoch 00029: saving model to models/mnist_student_e300_L2_b64/random_classifier_1000/cp-0029.hdf5
 - 3s - loss: 0.1206 - acc: 0.9609 - val_loss: 0.2705 - val_acc: 0.9180
Epoch 30/50

Epoch 00030: saving model to models/mnist_student_e300_L2_b64/random_classifier_1000/cp-0030.hdf5
 - 3s - loss: 0.1265 - acc: 0.9609 - val_loss: 0.2533 - val_acc: 0.9270
Epoch 31/50

Epoch 00031: saving model to models/mnist_student_e300_L2_b64/random_classifier_1000/cp-0031.hdf5
 - 3s - loss: 0.1300 - acc: 0.9609 - val_loss: 0.2576 - val_acc: 0.9228
Epoch 32/50

Epoch 00032: saving model to models/mnist_student_e300_L2_b64/random_classifier_1000/cp-0032.hdf5
 - 3s - loss: 0.1183 - acc: 0.9580 - val_loss: 0.2771 - val_acc: 0.9205
Epoch 33/50

Epoch 00033: saving model to models/mnist_student_e300_L2_b64/random_classifier_1000/cp-0033.hdf5
 - 3s - loss: 0.1269 - acc: 0.9688 - val_loss: 0.2520 - val_acc: 0.9289
Epoch 34/50

Epoch 00034: saving model to models/mnist_student_e300_L2_b64/random_classifier_1000/cp-0034.hdf5
 - 3s - loss: 0.0980 - acc: 0.9707 - val_loss: 0.2391 - val_acc: 0.9326
Epoch 35/50

Epoch 00035: saving model to models/mnist_student_e300_L2_b64/random_classifier_1000/cp-0035.hdf5
 - 3s - loss: 0.1076 - acc: 0.9697 - val_loss: 0.2523 - val_acc: 0.9288
Epoch 36/50

Epoch 00036: saving model to models/mnist_student_e300_L2_b64/random_classifier_1000/cp-0036.hdf5
 - 3s - loss: 0.0971 - acc: 0.9697 - val_loss: 0.2848 - val_acc: 0.9191
Epoch 37/50

Epoch 00037: saving model to models/mnist_student_e300_L2_b64/random_classifier_1000/cp-0037.hdf5
 - 3s - loss: 0.0984 - acc: 0.9678 - val_loss: 0.2685 - val_acc: 0.9252
Epoch 38/50

Epoch 00038: saving model to models/mnist_student_e300_L2_b64/random_classifier_1000/cp-0038.hdf5
 - 3s - loss: 0.1146 - acc: 0.9639 - val_loss: 0.2502 - val_acc: 0.9297
Epoch 39/50

Epoch 00039: saving model to models/mnist_student_e300_L2_b64/random_classifier_1000/cp-0039.hdf5
 - 3s - loss: 0.0715 - acc: 0.9795 - val_loss: 0.2554 - val_acc: 0.9289
Epoch 40/50

Epoch 00040: saving model to models/mnist_student_e300_L2_b64/random_classifier_1000/cp-0040.hdf5
 - 3s - loss: 0.0854 - acc: 0.9727 - val_loss: 0.2595 - val_acc: 0.9268
Epoch 41/50

Epoch 00041: saving model to models/mnist_student_e300_L2_b64/random_classifier_1000/cp-0041.hdf5
 - 3s - loss: 0.0750 - acc: 0.9746 - val_loss: 0.2539 - val_acc: 0.9304
Epoch 42/50

Epoch 00042: saving model to models/mnist_student_e300_L2_b64/random_classifier_1000/cp-0042.hdf5
 - 3s - loss: 0.0735 - acc: 0.9756 - val_loss: 0.2543 - val_acc: 0.9301
Epoch 43/50

Epoch 00043: saving model to models/mnist_student_e300_L2_b64/random_classifier_1000/cp-0043.hdf5
 - 3s - loss: 0.0747 - acc: 0.9795 - val_loss: 0.2532 - val_acc: 0.9358
Epoch 44/50

Epoch 00044: saving model to models/mnist_student_e300_L2_b64/random_classifier_1000/cp-0044.hdf5
 - 3s - loss: 0.0701 - acc: 0.9805 - val_loss: 0.2512 - val_acc: 0.9323
Epoch 45/50

Epoch 00045: saving model to models/mnist_student_e300_L2_b64/random_classifier_1000/cp-0045.hdf5
 - 3s - loss: 0.0680 - acc: 0.9756 - val_loss: 0.2590 - val_acc: 0.9313
Epoch 46/50

Epoch 00046: saving model to models/mnist_student_e300_L2_b64/random_classifier_1000/cp-0046.hdf5
 - 3s - loss: 0.0620 - acc: 0.9805 - val_loss: 0.2625 - val_acc: 0.9302
Epoch 47/50

Epoch 00047: saving model to models/mnist_student_e300_L2_b64/random_classifier_1000/cp-0047.hdf5
 - 3s - loss: 0.0525 - acc: 0.9873 - val_loss: 0.2450 - val_acc: 0.9366
Epoch 48/50

Epoch 00048: saving model to models/mnist_student_e300_L2_b64/random_classifier_1000/cp-0048.hdf5
 - 3s - loss: 0.0551 - acc: 0.9883 - val_loss: 0.2678 - val_acc: 0.9303
Epoch 49/50

Epoch 00049: saving model to models/mnist_student_e300_L2_b64/random_classifier_1000/cp-0049.hdf5
 - 3s - loss: 0.0615 - acc: 0.9785 - val_loss: 0.2724 - val_acc: 0.9272
Epoch 50/50

Epoch 00050: saving model to models/mnist_student_e300_L2_b64/random_classifier_1000/cp-0050.hdf5
 - 3s - loss: 0.0527 - acc: 0.9785 - val_loss: 0.2715 - val_acc: 0.9308
Epoch 1/50

Epoch 00001: saving model to models/mnist_student_e300_L2_b64/normal_classifier_1000/cp-0001.hdf5
 - 5s - loss: 2.3018 - acc: 0.0938 - val_loss: 2.3008 - val_acc: 0.1264
Epoch 2/50

Epoch 00002: saving model to models/mnist_student_e300_L2_b64/normal_classifier_1000/cp-0002.hdf5
 - 3s - loss: 2.2974 - acc: 0.1699 - val_loss: 2.2974 - val_acc: 0.1247
Epoch 3/50

Epoch 00003: saving model to models/mnist_student_e300_L2_b64/normal_classifier_1000/cp-0003.hdf5
 - 3s - loss: 2.2902 - acc: 0.1758 - val_loss: 2.2896 - val_acc: 0.1205
Epoch 4/50

Epoch 00004: saving model to models/mnist_student_e300_L2_b64/normal_classifier_1000/cp-0004.hdf5
 - 3s - loss: 2.2682 - acc: 0.2031 - val_loss: 2.2672 - val_acc: 0.1412
Epoch 5/50

Epoch 00005: saving model to models/mnist_student_e300_L2_b64/normal_classifier_1000/cp-0005.hdf5
 - 3s - loss: 2.2065 - acc: 0.2324 - val_loss: 2.1533 - val_acc: 0.2915
Epoch 6/50

Epoch 00006: saving model to models/mnist_student_e300_L2_b64/normal_classifier_1000/cp-0006.hdf5
 - 3s - loss: 1.9435 - acc: 0.3516 - val_loss: 1.6075 - val_acc: 0.3901
Epoch 7/50

Epoch 00007: saving model to models/mnist_student_e300_L2_b64/normal_classifier_1000/cp-0007.hdf5
 - 3s - loss: 1.5209 - acc: 0.4873 - val_loss: 1.1241 - val_acc: 0.6627
Epoch 8/50

Epoch 00008: saving model to models/mnist_student_e300_L2_b64/normal_classifier_1000/cp-0008.hdf5
 - 3s - loss: 1.2712 - acc: 0.5918 - val_loss: 0.7858 - val_acc: 0.7777
Epoch 9/50

Epoch 00009: saving model to models/mnist_student_e300_L2_b64/normal_classifier_1000/cp-0009.hdf5
 - 3s - loss: 0.9948 - acc: 0.6748 - val_loss: 0.7726 - val_acc: 0.7162
Epoch 10/50

Epoch 00010: saving model to models/mnist_student_e300_L2_b64/normal_classifier_1000/cp-0010.hdf5
 - 3s - loss: 0.9515 - acc: 0.6934 - val_loss: 0.5496 - val_acc: 0.8635
Epoch 11/50

Epoch 00011: saving model to models/mnist_student_e300_L2_b64/normal_classifier_1000/cp-0011.hdf5
 - 3s - loss: 0.7750 - acc: 0.7568 - val_loss: 0.4773 - val_acc: 0.8692
Epoch 12/50

Epoch 00012: saving model to models/mnist_student_e300_L2_b64/normal_classifier_1000/cp-0012.hdf5
 - 3s - loss: 0.6659 - acc: 0.7822 - val_loss: 0.4044 - val_acc: 0.8909
Epoch 13/50

Epoch 00013: saving model to models/mnist_student_e300_L2_b64/normal_classifier_1000/cp-0013.hdf5
 - 3s - loss: 0.6091 - acc: 0.8086 - val_loss: 0.4275 - val_acc: 0.8681
Epoch 14/50

Epoch 00014: saving model to models/mnist_student_e300_L2_b64/normal_classifier_1000/cp-0014.hdf5
 - 3s - loss: 0.5257 - acc: 0.8369 - val_loss: 0.3252 - val_acc: 0.9063
Epoch 15/50

Epoch 00015: saving model to models/mnist_student_e300_L2_b64/normal_classifier_1000/cp-0015.hdf5
 - 3s - loss: 0.4405 - acc: 0.8633 - val_loss: 0.3816 - val_acc: 0.8808
Epoch 16/50

Epoch 00016: saving model to models/mnist_student_e300_L2_b64/normal_classifier_1000/cp-0016.hdf5
 - 3s - loss: 0.4773 - acc: 0.8535 - val_loss: 0.2683 - val_acc: 0.9236
Epoch 17/50

Epoch 00017: saving model to models/mnist_student_e300_L2_b64/normal_classifier_1000/cp-0017.hdf5
 - 3s - loss: 0.4411 - acc: 0.8496 - val_loss: 0.2585 - val_acc: 0.9250
Epoch 18/50

Epoch 00018: saving model to models/mnist_student_e300_L2_b64/normal_classifier_1000/cp-0018.hdf5
 - 3s - loss: 0.3274 - acc: 0.8955 - val_loss: 0.2524 - val_acc: 0.9253
Epoch 19/50

Epoch 00019: saving model to models/mnist_student_e300_L2_b64/normal_classifier_1000/cp-0019.hdf5
 - 3s - loss: 0.3257 - acc: 0.8916 - val_loss: 0.2801 - val_acc: 0.9180
Epoch 20/50

Epoch 00020: saving model to models/mnist_student_e300_L2_b64/normal_classifier_1000/cp-0020.hdf5
 - 3s - loss: 0.3180 - acc: 0.8955 - val_loss: 0.2418 - val_acc: 0.9289
Epoch 21/50

Epoch 00021: saving model to models/mnist_student_e300_L2_b64/normal_classifier_1000/cp-0021.hdf5
 - 3s - loss: 0.2536 - acc: 0.9121 - val_loss: 0.2389 - val_acc: 0.9296
Epoch 22/50

Epoch 00022: saving model to models/mnist_student_e300_L2_b64/normal_classifier_1000/cp-0022.hdf5
 - 3s - loss: 0.2299 - acc: 0.9316 - val_loss: 0.2257 - val_acc: 0.9317
Epoch 23/50

Epoch 00023: saving model to models/mnist_student_e300_L2_b64/normal_classifier_1000/cp-0023.hdf5
 - 3s - loss: 0.2073 - acc: 0.9297 - val_loss: 0.2511 - val_acc: 0.9272
Epoch 24/50

Epoch 00024: saving model to models/mnist_student_e300_L2_b64/normal_classifier_1000/cp-0024.hdf5
 - 3s - loss: 0.1952 - acc: 0.9307 - val_loss: 0.2312 - val_acc: 0.9327
Epoch 25/50

Epoch 00025: saving model to models/mnist_student_e300_L2_b64/normal_classifier_1000/cp-0025.hdf5
 - 3s - loss: 0.1728 - acc: 0.9424 - val_loss: 0.2171 - val_acc: 0.9376
Epoch 26/50

Epoch 00026: saving model to models/mnist_student_e300_L2_b64/normal_classifier_1000/cp-0026.hdf5
 - 3s - loss: 0.1702 - acc: 0.9463 - val_loss: 0.2696 - val_acc: 0.9193
Epoch 27/50

Epoch 00027: saving model to models/mnist_student_e300_L2_b64/normal_classifier_1000/cp-0027.hdf5
 - 3s - loss: 0.1390 - acc: 0.9590 - val_loss: 0.2110 - val_acc: 0.9424
Epoch 28/50

Epoch 00028: saving model to models/mnist_student_e300_L2_b64/normal_classifier_1000/cp-0028.hdf5
 - 3s - loss: 0.1363 - acc: 0.9531 - val_loss: 0.2295 - val_acc: 0.9333
Epoch 29/50

Epoch 00029: saving model to models/mnist_student_e300_L2_b64/normal_classifier_1000/cp-0029.hdf5
 - 3s - loss: 0.1339 - acc: 0.9521 - val_loss: 0.2140 - val_acc: 0.9410
Epoch 30/50

Epoch 00030: saving model to models/mnist_student_e300_L2_b64/normal_classifier_1000/cp-0030.hdf5
 - 3s - loss: 0.1024 - acc: 0.9648 - val_loss: 0.2086 - val_acc: 0.9415
Epoch 31/50

Epoch 00031: saving model to models/mnist_student_e300_L2_b64/normal_classifier_1000/cp-0031.hdf5
 - 3s - loss: 0.0942 - acc: 0.9707 - val_loss: 0.2114 - val_acc: 0.9421
Epoch 32/50

Epoch 00032: saving model to models/mnist_student_e300_L2_b64/normal_classifier_1000/cp-0032.hdf5
 - 3s - loss: 0.1245 - acc: 0.9590 - val_loss: 0.2242 - val_acc: 0.9386
Epoch 33/50

Epoch 00033: saving model to models/mnist_student_e300_L2_b64/normal_classifier_1000/cp-0033.hdf5
 - 3s - loss: 0.0920 - acc: 0.9668 - val_loss: 0.2074 - val_acc: 0.9448
Epoch 34/50

Epoch 00034: saving model to models/mnist_student_e300_L2_b64/normal_classifier_1000/cp-0034.hdf5
 - 3s - loss: 0.0663 - acc: 0.9785 - val_loss: 0.2172 - val_acc: 0.9427
Epoch 35/50

Epoch 00035: saving model to models/mnist_student_e300_L2_b64/normal_classifier_1000/cp-0035.hdf5
 - 3s - loss: 0.0644 - acc: 0.9824 - val_loss: 0.2286 - val_acc: 0.9421
Epoch 36/50

Epoch 00036: saving model to models/mnist_student_e300_L2_b64/normal_classifier_1000/cp-0036.hdf5
 - 3s - loss: 0.0891 - acc: 0.9629 - val_loss: 0.2386 - val_acc: 0.9353
Epoch 37/50

Epoch 00037: saving model to models/mnist_student_e300_L2_b64/normal_classifier_1000/cp-0037.hdf5
 - 3s - loss: 0.0616 - acc: 0.9844 - val_loss: 0.2260 - val_acc: 0.9427
Epoch 38/50

Epoch 00038: saving model to models/mnist_student_e300_L2_b64/normal_classifier_1000/cp-0038.hdf5
 - 3s - loss: 0.0698 - acc: 0.9756 - val_loss: 0.2218 - val_acc: 0.9432
Epoch 39/50

Epoch 00039: saving model to models/mnist_student_e300_L2_b64/normal_classifier_1000/cp-0039.hdf5
 - 3s - loss: 0.0466 - acc: 0.9893 - val_loss: 0.2297 - val_acc: 0.9432
Epoch 40/50

Epoch 00040: saving model to models/mnist_student_e300_L2_b64/normal_classifier_1000/cp-0040.hdf5
 - 3s - loss: 0.0626 - acc: 0.9775 - val_loss: 0.2268 - val_acc: 0.9445
Epoch 41/50

Epoch 00041: saving model to models/mnist_student_e300_L2_b64/normal_classifier_1000/cp-0041.hdf5
 - 3s - loss: 0.0528 - acc: 0.9805 - val_loss: 0.2304 - val_acc: 0.9446
Epoch 42/50

Epoch 00042: saving model to models/mnist_student_e300_L2_b64/normal_classifier_1000/cp-0042.hdf5
 - 3s - loss: 0.0428 - acc: 0.9844 - val_loss: 0.2403 - val_acc: 0.9434
Epoch 43/50

Epoch 00043: saving model to models/mnist_student_e300_L2_b64/normal_classifier_1000/cp-0043.hdf5
 - 3s - loss: 0.0376 - acc: 0.9893 - val_loss: 0.2478 - val_acc: 0.9426
Epoch 44/50

Epoch 00044: saving model to models/mnist_student_e300_L2_b64/normal_classifier_1000/cp-0044.hdf5
 - 3s - loss: 0.0450 - acc: 0.9824 - val_loss: 0.2486 - val_acc: 0.9430
Epoch 45/50

Epoch 00045: saving model to models/mnist_student_e300_L2_b64/normal_classifier_1000/cp-0045.hdf5
 - 3s - loss: 0.0311 - acc: 0.9922 - val_loss: 0.2356 - val_acc: 0.9451
Epoch 46/50

Epoch 00046: saving model to models/mnist_student_e300_L2_b64/normal_classifier_1000/cp-0046.hdf5
 - 3s - loss: 0.0360 - acc: 0.9883 - val_loss: 0.2479 - val_acc: 0.9430
Epoch 47/50

Epoch 00047: saving model to models/mnist_student_e300_L2_b64/normal_classifier_1000/cp-0047.hdf5
 - 3s - loss: 0.0367 - acc: 0.9883 - val_loss: 0.2394 - val_acc: 0.9456
Epoch 48/50

Epoch 00048: saving model to models/mnist_student_e300_L2_b64/normal_classifier_1000/cp-0048.hdf5
 - 3s - loss: 0.0323 - acc: 0.9902 - val_loss: 0.2485 - val_acc: 0.9451
Epoch 49/50

Epoch 00049: saving model to models/mnist_student_e300_L2_b64/normal_classifier_1000/cp-0049.hdf5
 - 3s - loss: 0.0330 - acc: 0.9922 - val_loss: 0.2538 - val_acc: 0.9434
Epoch 50/50

Epoch 00050: saving model to models/mnist_student_e300_L2_b64/normal_classifier_1000/cp-0050.hdf5
 - 3s - loss: 0.0221 - acc: 0.9961 - val_loss: 0.2497 - val_acc: 0.9443
Epoch 1/50

Epoch 00001: saving model to models/mnist_student_e300_L2_b64/multi-normal_classifier_1000/cp-0001.hdf5
 - 6s - loss: 2.3014 - acc: 0.1025 - val_loss: 2.3004 - val_acc: 0.1025
Epoch 2/50

Epoch 00002: saving model to models/mnist_student_e300_L2_b64/multi-normal_classifier_1000/cp-0002.hdf5
 - 3s - loss: 2.2987 - acc: 0.1221 - val_loss: 2.2973 - val_acc: 0.1172
Epoch 3/50

Epoch 00003: saving model to models/mnist_student_e300_L2_b64/multi-normal_classifier_1000/cp-0003.hdf5
 - 3s - loss: 2.2921 - acc: 0.1650 - val_loss: 2.2924 - val_acc: 0.2190
Epoch 4/50

Epoch 00004: saving model to models/mnist_student_e300_L2_b64/multi-normal_classifier_1000/cp-0004.hdf5
 - 3s - loss: 2.2822 - acc: 0.2236 - val_loss: 2.2820 - val_acc: 0.1872
Epoch 5/50

Epoch 00005: saving model to models/mnist_student_e300_L2_b64/multi-normal_classifier_1000/cp-0005.hdf5
 - 3s - loss: 2.2577 - acc: 0.2158 - val_loss: 2.2511 - val_acc: 0.2125
Epoch 6/50

Epoch 00006: saving model to models/mnist_student_e300_L2_b64/multi-normal_classifier_1000/cp-0006.hdf5
 - 3s - loss: 2.1810 - acc: 0.2461 - val_loss: 2.0833 - val_acc: 0.4158
Epoch 7/50

Epoch 00007: saving model to models/mnist_student_e300_L2_b64/multi-normal_classifier_1000/cp-0007.hdf5
 - 3s - loss: 1.8138 - acc: 0.4160 - val_loss: 1.4854 - val_acc: 0.4240
Epoch 8/50

Epoch 00008: saving model to models/mnist_student_e300_L2_b64/multi-normal_classifier_1000/cp-0008.hdf5
 - 3s - loss: 1.3795 - acc: 0.5479 - val_loss: 0.9104 - val_acc: 0.7308
Epoch 9/50

Epoch 00009: saving model to models/mnist_student_e300_L2_b64/multi-normal_classifier_1000/cp-0009.hdf5
 - 3s - loss: 1.1198 - acc: 0.6494 - val_loss: 0.7574 - val_acc: 0.7446
Epoch 10/50

Epoch 00010: saving model to models/mnist_student_e300_L2_b64/multi-normal_classifier_1000/cp-0010.hdf5
 - 3s - loss: 0.9096 - acc: 0.7041 - val_loss: 0.5934 - val_acc: 0.8211
Epoch 11/50

Epoch 00011: saving model to models/mnist_student_e300_L2_b64/multi-normal_classifier_1000/cp-0011.hdf5
 - 3s - loss: 0.7573 - acc: 0.7471 - val_loss: 0.5671 - val_acc: 0.8050
Epoch 12/50

Epoch 00012: saving model to models/mnist_student_e300_L2_b64/multi-normal_classifier_1000/cp-0012.hdf5
 - 3s - loss: 0.6649 - acc: 0.7793 - val_loss: 0.4236 - val_acc: 0.8764
Epoch 13/50

Epoch 00013: saving model to models/mnist_student_e300_L2_b64/multi-normal_classifier_1000/cp-0013.hdf5
 - 3s - loss: 0.5772 - acc: 0.8086 - val_loss: 0.4634 - val_acc: 0.8491
Epoch 14/50

Epoch 00014: saving model to models/mnist_student_e300_L2_b64/multi-normal_classifier_1000/cp-0014.hdf5
 - 3s - loss: 0.5554 - acc: 0.8301 - val_loss: 0.3426 - val_acc: 0.8927
Epoch 15/50

Epoch 00015: saving model to models/mnist_student_e300_L2_b64/multi-normal_classifier_1000/cp-0015.hdf5
 - 3s - loss: 0.4314 - acc: 0.8574 - val_loss: 0.3333 - val_acc: 0.8912
Epoch 16/50

Epoch 00016: saving model to models/mnist_student_e300_L2_b64/multi-normal_classifier_1000/cp-0016.hdf5
 - 3s - loss: 0.4178 - acc: 0.8633 - val_loss: 0.2813 - val_acc: 0.9127
Epoch 17/50

Epoch 00017: saving model to models/mnist_student_e300_L2_b64/multi-normal_classifier_1000/cp-0017.hdf5
 - 3s - loss: 0.4139 - acc: 0.8652 - val_loss: 0.2637 - val_acc: 0.9189
Epoch 18/50

Epoch 00018: saving model to models/mnist_student_e300_L2_b64/multi-normal_classifier_1000/cp-0018.hdf5
 - 3s - loss: 0.3076 - acc: 0.8984 - val_loss: 0.3436 - val_acc: 0.8838
Epoch 19/50

Epoch 00019: saving model to models/mnist_student_e300_L2_b64/multi-normal_classifier_1000/cp-0019.hdf5
 - 3s - loss: 0.3150 - acc: 0.9004 - val_loss: 0.2860 - val_acc: 0.9058
Epoch 20/50

Epoch 00020: saving model to models/mnist_student_e300_L2_b64/multi-normal_classifier_1000/cp-0020.hdf5
 - 3s - loss: 0.3106 - acc: 0.8975 - val_loss: 0.2723 - val_acc: 0.9106
Epoch 21/50

Epoch 00021: saving model to models/mnist_student_e300_L2_b64/multi-normal_classifier_1000/cp-0021.hdf5
 - 3s - loss: 0.2575 - acc: 0.9150 - val_loss: 0.2262 - val_acc: 0.9280
Epoch 22/50

Epoch 00022: saving model to models/mnist_student_e300_L2_b64/multi-normal_classifier_1000/cp-0022.hdf5
 - 3s - loss: 0.2562 - acc: 0.9023 - val_loss: 0.2216 - val_acc: 0.9309
Epoch 23/50

Epoch 00023: saving model to models/mnist_student_e300_L2_b64/multi-normal_classifier_1000/cp-0023.hdf5
 - 3s - loss: 0.2207 - acc: 0.9277 - val_loss: 0.2335 - val_acc: 0.9249
Epoch 24/50

Epoch 00024: saving model to models/mnist_student_e300_L2_b64/multi-normal_classifier_1000/cp-0024.hdf5
 - 3s - loss: 0.2058 - acc: 0.9287 - val_loss: 0.2440 - val_acc: 0.9237
Epoch 25/50

Epoch 00025: saving model to models/mnist_student_e300_L2_b64/multi-normal_classifier_1000/cp-0025.hdf5
 - 3s - loss: 0.1865 - acc: 0.9355 - val_loss: 0.2491 - val_acc: 0.9202
Epoch 26/50

Epoch 00026: saving model to models/mnist_student_e300_L2_b64/multi-normal_classifier_1000/cp-0026.hdf5
 - 3s - loss: 0.1863 - acc: 0.9365 - val_loss: 0.2405 - val_acc: 0.9240
Epoch 27/50

Epoch 00027: saving model to models/mnist_student_e300_L2_b64/multi-normal_classifier_1000/cp-0027.hdf5
 - 3s - loss: 0.1606 - acc: 0.9521 - val_loss: 0.2111 - val_acc: 0.9317
Epoch 28/50

Epoch 00028: saving model to models/mnist_student_e300_L2_b64/multi-normal_classifier_1000/cp-0028.hdf5
 - 3s - loss: 0.1612 - acc: 0.9473 - val_loss: 0.2301 - val_acc: 0.9282
Epoch 29/50

Epoch 00029: saving model to models/mnist_student_e300_L2_b64/multi-normal_classifier_1000/cp-0029.hdf5
 - 3s - loss: 0.1619 - acc: 0.9492 - val_loss: 0.2331 - val_acc: 0.9256
Epoch 30/50

Epoch 00030: saving model to models/mnist_student_e300_L2_b64/multi-normal_classifier_1000/cp-0030.hdf5
 - 3s - loss: 0.1414 - acc: 0.9521 - val_loss: 0.1996 - val_acc: 0.9378
Epoch 31/50

Epoch 00031: saving model to models/mnist_student_e300_L2_b64/multi-normal_classifier_1000/cp-0031.hdf5
 - 3s - loss: 0.1558 - acc: 0.9453 - val_loss: 0.2164 - val_acc: 0.9327
Epoch 32/50

Epoch 00032: saving model to models/mnist_student_e300_L2_b64/multi-normal_classifier_1000/cp-0032.hdf5
 - 3s - loss: 0.1425 - acc: 0.9492 - val_loss: 0.2026 - val_acc: 0.9360
Epoch 33/50

Epoch 00033: saving model to models/mnist_student_e300_L2_b64/multi-normal_classifier_1000/cp-0033.hdf5
 - 3s - loss: 0.1227 - acc: 0.9639 - val_loss: 0.1954 - val_acc: 0.9414
Epoch 34/50

Epoch 00034: saving model to models/mnist_student_e300_L2_b64/multi-normal_classifier_1000/cp-0034.hdf5
 - 3s - loss: 0.0919 - acc: 0.9668 - val_loss: 0.2170 - val_acc: 0.9354
Epoch 35/50

Epoch 00035: saving model to models/mnist_student_e300_L2_b64/multi-normal_classifier_1000/cp-0035.hdf5
 - 3s - loss: 0.0998 - acc: 0.9727 - val_loss: 0.1955 - val_acc: 0.9419
Epoch 36/50

Epoch 00036: saving model to models/mnist_student_e300_L2_b64/multi-normal_classifier_1000/cp-0036.hdf5
 - 3s - loss: 0.0943 - acc: 0.9697 - val_loss: 0.2007 - val_acc: 0.9415
Epoch 37/50

Epoch 00037: saving model to models/mnist_student_e300_L2_b64/multi-normal_classifier_1000/cp-0037.hdf5
 - 3s - loss: 0.1099 - acc: 0.9629 - val_loss: 0.2066 - val_acc: 0.9378
Epoch 38/50

Epoch 00038: saving model to models/mnist_student_e300_L2_b64/multi-normal_classifier_1000/cp-0038.hdf5
 - 3s - loss: 0.1000 - acc: 0.9609 - val_loss: 0.2044 - val_acc: 0.9400
Epoch 39/50

Epoch 00039: saving model to models/mnist_student_e300_L2_b64/multi-normal_classifier_1000/cp-0039.hdf5
 - 3s - loss: 0.0815 - acc: 0.9736 - val_loss: 0.2011 - val_acc: 0.9410
Epoch 40/50

Epoch 00040: saving model to models/mnist_student_e300_L2_b64/multi-normal_classifier_1000/cp-0040.hdf5
 - 3s - loss: 0.0894 - acc: 0.9697 - val_loss: 0.1956 - val_acc: 0.9440
Epoch 41/50

Epoch 00041: saving model to models/mnist_student_e300_L2_b64/multi-normal_classifier_1000/cp-0041.hdf5
 - 3s - loss: 0.0962 - acc: 0.9639 - val_loss: 0.1978 - val_acc: 0.9425
Epoch 42/50

Epoch 00042: saving model to models/mnist_student_e300_L2_b64/multi-normal_classifier_1000/cp-0042.hdf5
 - 3s - loss: 0.0767 - acc: 0.9766 - val_loss: 0.2176 - val_acc: 0.9379
Epoch 43/50

Epoch 00043: saving model to models/mnist_student_e300_L2_b64/multi-normal_classifier_1000/cp-0043.hdf5
 - 3s - loss: 0.0630 - acc: 0.9824 - val_loss: 0.2028 - val_acc: 0.9415
Epoch 44/50

Epoch 00044: saving model to models/mnist_student_e300_L2_b64/multi-normal_classifier_1000/cp-0044.hdf5
 - 3s - loss: 0.0760 - acc: 0.9756 - val_loss: 0.2023 - val_acc: 0.9432
Epoch 45/50

Epoch 00045: saving model to models/mnist_student_e300_L2_b64/multi-normal_classifier_1000/cp-0045.hdf5
 - 3s - loss: 0.0663 - acc: 0.9785 - val_loss: 0.1998 - val_acc: 0.9436
Epoch 46/50

Epoch 00046: saving model to models/mnist_student_e300_L2_b64/multi-normal_classifier_1000/cp-0046.hdf5
 - 3s - loss: 0.0695 - acc: 0.9775 - val_loss: 0.2040 - val_acc: 0.9422
Epoch 47/50

Epoch 00047: saving model to models/mnist_student_e300_L2_b64/multi-normal_classifier_1000/cp-0047.hdf5
 - 3s - loss: 0.0432 - acc: 0.9902 - val_loss: 0.2076 - val_acc: 0.9416
Epoch 48/50

Epoch 00048: saving model to models/mnist_student_e300_L2_b64/multi-normal_classifier_1000/cp-0048.hdf5
 - 3s - loss: 0.0557 - acc: 0.9795 - val_loss: 0.2123 - val_acc: 0.9427
Epoch 49/50

Epoch 00049: saving model to models/mnist_student_e300_L2_b64/multi-normal_classifier_1000/cp-0049.hdf5
 - 3s - loss: 0.0524 - acc: 0.9824 - val_loss: 0.2064 - val_acc: 0.9449
Epoch 50/50

Epoch 00050: saving model to models/mnist_student_e300_L2_b64/multi-normal_classifier_1000/cp-0050.hdf5
 - 3s - loss: 0.0513 - acc: 0.9873 - val_loss: 0.2087 - val_acc: 0.9420
Epoch 1/50

Epoch 00001: saving model to models/mnist_student_e300_L2_b64/uniform_classifier_1000/cp-0001.hdf5
 - 5s - loss: 2.2902 - acc: 0.2441 - val_loss: 2.2959 - val_acc: 0.0980
Epoch 2/50

Epoch 00002: saving model to models/mnist_student_e300_L2_b64/uniform_classifier_1000/cp-0002.hdf5
 - 3s - loss: 2.2131 - acc: 0.2451 - val_loss: 2.3208 - val_acc: 0.0978
Epoch 3/50

Epoch 00003: saving model to models/mnist_student_e300_L2_b64/uniform_classifier_1000/cp-0003.hdf5
 - 3s - loss: 1.9619 - acc: 0.3174 - val_loss: 2.3651 - val_acc: 0.2131
Epoch 4/50

Epoch 00004: saving model to models/mnist_student_e300_L2_b64/uniform_classifier_1000/cp-0004.hdf5
 - 3s - loss: 1.5954 - acc: 0.5068 - val_loss: 2.0748 - val_acc: 0.2798
Epoch 5/50

Epoch 00005: saving model to models/mnist_student_e300_L2_b64/uniform_classifier_1000/cp-0005.hdf5
 - 3s - loss: 1.2492 - acc: 0.6113 - val_loss: 2.2753 - val_acc: 0.2720
Epoch 6/50

Epoch 00006: saving model to models/mnist_student_e300_L2_b64/uniform_classifier_1000/cp-0006.hdf5
 - 3s - loss: 1.0629 - acc: 0.6777 - val_loss: 1.7305 - val_acc: 0.3670
Epoch 7/50

Epoch 00007: saving model to models/mnist_student_e300_L2_b64/uniform_classifier_1000/cp-0007.hdf5
 - 3s - loss: 0.9009 - acc: 0.7295 - val_loss: 1.4110 - val_acc: 0.4929
Epoch 8/50

Epoch 00008: saving model to models/mnist_student_e300_L2_b64/uniform_classifier_1000/cp-0008.hdf5
 - 3s - loss: 0.8315 - acc: 0.7344 - val_loss: 1.1069 - val_acc: 0.6131
Epoch 9/50

Epoch 00009: saving model to models/mnist_student_e300_L2_b64/uniform_classifier_1000/cp-0009.hdf5
 - 3s - loss: 0.6611 - acc: 0.7910 - val_loss: 1.0581 - val_acc: 0.6194
Epoch 10/50

Epoch 00010: saving model to models/mnist_student_e300_L2_b64/uniform_classifier_1000/cp-0010.hdf5
 - 3s - loss: 0.6316 - acc: 0.7988 - val_loss: 0.8735 - val_acc: 0.6915
Epoch 11/50

Epoch 00011: saving model to models/mnist_student_e300_L2_b64/uniform_classifier_1000/cp-0011.hdf5
 - 3s - loss: 0.4851 - acc: 0.8516 - val_loss: 0.9805 - val_acc: 0.6615
Epoch 12/50

Epoch 00012: saving model to models/mnist_student_e300_L2_b64/uniform_classifier_1000/cp-0012.hdf5
 - 3s - loss: 0.4755 - acc: 0.8506 - val_loss: 0.9174 - val_acc: 0.6705
Epoch 13/50

Epoch 00013: saving model to models/mnist_student_e300_L2_b64/uniform_classifier_1000/cp-0013.hdf5
 - 3s - loss: 0.4335 - acc: 0.8730 - val_loss: 0.6440 - val_acc: 0.7854
Epoch 14/50

Epoch 00014: saving model to models/mnist_student_e300_L2_b64/uniform_classifier_1000/cp-0014.hdf5
 - 3s - loss: 0.4062 - acc: 0.8711 - val_loss: 0.5902 - val_acc: 0.8144
Epoch 15/50

Epoch 00015: saving model to models/mnist_student_e300_L2_b64/uniform_classifier_1000/cp-0015.hdf5
 - 3s - loss: 0.3099 - acc: 0.9043 - val_loss: 0.6955 - val_acc: 0.7669
Epoch 16/50

Epoch 00016: saving model to models/mnist_student_e300_L2_b64/uniform_classifier_1000/cp-0016.hdf5
 - 3s - loss: 0.3388 - acc: 0.9023 - val_loss: 0.6655 - val_acc: 0.7703
Epoch 17/50

Epoch 00017: saving model to models/mnist_student_e300_L2_b64/uniform_classifier_1000/cp-0017.hdf5
 - 3s - loss: 0.2705 - acc: 0.9141 - val_loss: 0.5125 - val_acc: 0.8336
Epoch 18/50

Epoch 00018: saving model to models/mnist_student_e300_L2_b64/uniform_classifier_1000/cp-0018.hdf5
 - 3s - loss: 0.2474 - acc: 0.9229 - val_loss: 0.5234 - val_acc: 0.8250
Epoch 19/50

Epoch 00019: saving model to models/mnist_student_e300_L2_b64/uniform_classifier_1000/cp-0019.hdf5
 - 3s - loss: 0.2720 - acc: 0.9082 - val_loss: 0.4776 - val_acc: 0.8475
Epoch 20/50

Epoch 00020: saving model to models/mnist_student_e300_L2_b64/uniform_classifier_1000/cp-0020.hdf5
 - 3s - loss: 0.2077 - acc: 0.9346 - val_loss: 0.5078 - val_acc: 0.8373
Epoch 21/50

Epoch 00021: saving model to models/mnist_student_e300_L2_b64/uniform_classifier_1000/cp-0021.hdf5
 - 3s - loss: 0.1739 - acc: 0.9502 - val_loss: 0.4588 - val_acc: 0.8531
Epoch 22/50

Epoch 00022: saving model to models/mnist_student_e300_L2_b64/uniform_classifier_1000/cp-0022.hdf5
 - 3s - loss: 0.1993 - acc: 0.9365 - val_loss: 0.4856 - val_acc: 0.8450
Epoch 23/50

Epoch 00023: saving model to models/mnist_student_e300_L2_b64/uniform_classifier_1000/cp-0023.hdf5
 - 3s - loss: 0.1455 - acc: 0.9531 - val_loss: 0.4741 - val_acc: 0.8535
Epoch 24/50

Epoch 00024: saving model to models/mnist_student_e300_L2_b64/uniform_classifier_1000/cp-0024.hdf5
 - 3s - loss: 0.1641 - acc: 0.9463 - val_loss: 0.4864 - val_acc: 0.8466
Epoch 25/50

Epoch 00025: saving model to models/mnist_student_e300_L2_b64/uniform_classifier_1000/cp-0025.hdf5
 - 3s - loss: 0.1354 - acc: 0.9541 - val_loss: 0.4814 - val_acc: 0.8509
Epoch 26/50

Epoch 00026: saving model to models/mnist_student_e300_L2_b64/uniform_classifier_1000/cp-0026.hdf5
 - 3s - loss: 0.1467 - acc: 0.9502 - val_loss: 0.5194 - val_acc: 0.8392
Epoch 27/50

Epoch 00027: saving model to models/mnist_student_e300_L2_b64/uniform_classifier_1000/cp-0027.hdf5
 - 3s - loss: 0.1119 - acc: 0.9629 - val_loss: 0.4981 - val_acc: 0.8433
Epoch 28/50

Epoch 00028: saving model to models/mnist_student_e300_L2_b64/uniform_classifier_1000/cp-0028.hdf5
 - 3s - loss: 0.1237 - acc: 0.9600 - val_loss: 0.4485 - val_acc: 0.8648
Epoch 29/50

Epoch 00029: saving model to models/mnist_student_e300_L2_b64/uniform_classifier_1000/cp-0029.hdf5
 - 3s - loss: 0.1248 - acc: 0.9619 - val_loss: 0.4334 - val_acc: 0.8675
Epoch 30/50

Epoch 00030: saving model to models/mnist_student_e300_L2_b64/uniform_classifier_1000/cp-0030.hdf5
 - 3s - loss: 0.0843 - acc: 0.9727 - val_loss: 0.4816 - val_acc: 0.8532
Epoch 31/50

Epoch 00031: saving model to models/mnist_student_e300_L2_b64/uniform_classifier_1000/cp-0031.hdf5
 - 3s - loss: 0.0972 - acc: 0.9688 - val_loss: 0.4556 - val_acc: 0.8592
Epoch 32/50

Epoch 00032: saving model to models/mnist_student_e300_L2_b64/uniform_classifier_1000/cp-0032.hdf5
 - 3s - loss: 0.0782 - acc: 0.9697 - val_loss: 0.4442 - val_acc: 0.8733
Epoch 33/50

Epoch 00033: saving model to models/mnist_student_e300_L2_b64/uniform_classifier_1000/cp-0033.hdf5
 - 3s - loss: 0.0942 - acc: 0.9688 - val_loss: 0.4378 - val_acc: 0.8744
Epoch 34/50

Epoch 00034: saving model to models/mnist_student_e300_L2_b64/uniform_classifier_1000/cp-0034.hdf5
 - 3s - loss: 0.0755 - acc: 0.9766 - val_loss: 0.4931 - val_acc: 0.8613
Epoch 35/50

Epoch 00035: saving model to models/mnist_student_e300_L2_b64/uniform_classifier_1000/cp-0035.hdf5
 - 3s - loss: 0.0680 - acc: 0.9766 - val_loss: 0.4626 - val_acc: 0.8724
Epoch 36/50

Epoch 00036: saving model to models/mnist_student_e300_L2_b64/uniform_classifier_1000/cp-0036.hdf5
 - 3s - loss: 0.0740 - acc: 0.9756 - val_loss: 0.4952 - val_acc: 0.8640
Epoch 37/50

Epoch 00037: saving model to models/mnist_student_e300_L2_b64/uniform_classifier_1000/cp-0037.hdf5
 - 3s - loss: 0.0799 - acc: 0.9795 - val_loss: 0.4359 - val_acc: 0.8760
Epoch 38/50

Epoch 00038: saving model to models/mnist_student_e300_L2_b64/uniform_classifier_1000/cp-0038.hdf5
 - 3s - loss: 0.0592 - acc: 0.9834 - val_loss: 0.4628 - val_acc: 0.8694
Epoch 39/50

Epoch 00039: saving model to models/mnist_student_e300_L2_b64/uniform_classifier_1000/cp-0039.hdf5
 - 3s - loss: 0.0615 - acc: 0.9795 - val_loss: 0.4525 - val_acc: 0.8749
Epoch 40/50

Epoch 00040: saving model to models/mnist_student_e300_L2_b64/uniform_classifier_1000/cp-0040.hdf5
 - 3s - loss: 0.0507 - acc: 0.9883 - val_loss: 0.4706 - val_acc: 0.8722
Epoch 41/50

Epoch 00041: saving model to models/mnist_student_e300_L2_b64/uniform_classifier_1000/cp-0041.hdf5
 - 3s - loss: 0.0543 - acc: 0.9854 - val_loss: 0.4735 - val_acc: 0.8714
Epoch 42/50

Epoch 00042: saving model to models/mnist_student_e300_L2_b64/uniform_classifier_1000/cp-0042.hdf5
 - 3s - loss: 0.0523 - acc: 0.9824 - val_loss: 0.4990 - val_acc: 0.8674
Epoch 43/50

Epoch 00043: saving model to models/mnist_student_e300_L2_b64/uniform_classifier_1000/cp-0043.hdf5
 - 3s - loss: 0.0512 - acc: 0.9844 - val_loss: 0.5068 - val_acc: 0.8676
Epoch 44/50

Epoch 00044: saving model to models/mnist_student_e300_L2_b64/uniform_classifier_1000/cp-0044.hdf5
 - 3s - loss: 0.0614 - acc: 0.9824 - val_loss: 0.4652 - val_acc: 0.8737
Epoch 45/50

Epoch 00045: saving model to models/mnist_student_e300_L2_b64/uniform_classifier_1000/cp-0045.hdf5
 - 3s - loss: 0.0476 - acc: 0.9854 - val_loss: 0.4671 - val_acc: 0.8737
Epoch 46/50

Epoch 00046: saving model to models/mnist_student_e300_L2_b64/uniform_classifier_1000/cp-0046.hdf5
 - 3s - loss: 0.0442 - acc: 0.9854 - val_loss: 0.4717 - val_acc: 0.8727
Epoch 47/50

Epoch 00047: saving model to models/mnist_student_e300_L2_b64/uniform_classifier_1000/cp-0047.hdf5
 - 3s - loss: 0.0346 - acc: 0.9902 - val_loss: 0.5116 - val_acc: 0.8700
Epoch 48/50

Epoch 00048: saving model to models/mnist_student_e300_L2_b64/uniform_classifier_1000/cp-0048.hdf5
 - 3s - loss: 0.0472 - acc: 0.9824 - val_loss: 0.5168 - val_acc: 0.8692
Epoch 49/50

Epoch 00049: saving model to models/mnist_student_e300_L2_b64/uniform_classifier_1000/cp-0049.hdf5
 - 3s - loss: 0.0439 - acc: 0.9844 - val_loss: 0.4795 - val_acc: 0.8746
Epoch 50/50

Epoch 00050: saving model to models/mnist_student_e300_L2_b64/uniform_classifier_1000/cp-0050.hdf5
 - 3s - loss: 0.0422 - acc: 0.9844 - val_loss: 0.4737 - val_acc: 0.8779
Epoch 1/50

Epoch 00001: saving model to models/mnist_student_e300_L2_b64/uniform-cluster_classifier_1000/cp-0001.hdf5
 - 6s - loss: 2.2997 - acc: 0.1406 - val_loss: 2.3009 - val_acc: 0.0974
Epoch 2/50

Epoch 00002: saving model to models/mnist_student_e300_L2_b64/uniform-cluster_classifier_1000/cp-0002.hdf5
 - 3s - loss: 2.2901 - acc: 0.1406 - val_loss: 2.2970 - val_acc: 0.0971
Epoch 3/50

Epoch 00003: saving model to models/mnist_student_e300_L2_b64/uniform-cluster_classifier_1000/cp-0003.hdf5
 - 3s - loss: 2.2715 - acc: 0.1357 - val_loss: 2.2932 - val_acc: 0.0985
Epoch 4/50

Epoch 00004: saving model to models/mnist_student_e300_L2_b64/uniform-cluster_classifier_1000/cp-0004.hdf5
 - 3s - loss: 2.2336 - acc: 0.1553 - val_loss: 2.2840 - val_acc: 0.0988
Epoch 5/50

Epoch 00005: saving model to models/mnist_student_e300_L2_b64/uniform-cluster_classifier_1000/cp-0005.hdf5
 - 3s - loss: 2.1554 - acc: 0.1777 - val_loss: 2.1999 - val_acc: 0.2198
Epoch 6/50

Epoch 00006: saving model to models/mnist_student_e300_L2_b64/uniform-cluster_classifier_1000/cp-0006.hdf5
 - 3s - loss: 1.9192 - acc: 0.3613 - val_loss: 2.0495 - val_acc: 0.2929
Epoch 7/50

Epoch 00007: saving model to models/mnist_student_e300_L2_b64/uniform-cluster_classifier_1000/cp-0007.hdf5
 - 3s - loss: 1.6295 - acc: 0.4746 - val_loss: 1.4538 - val_acc: 0.5119
Epoch 8/50

Epoch 00008: saving model to models/mnist_student_e300_L2_b64/uniform-cluster_classifier_1000/cp-0008.hdf5
 - 3s - loss: 1.3926 - acc: 0.5557 - val_loss: 1.2737 - val_acc: 0.6146
Epoch 9/50

Epoch 00009: saving model to models/mnist_student_e300_L2_b64/uniform-cluster_classifier_1000/cp-0009.hdf5
 - 3s - loss: 1.1876 - acc: 0.6191 - val_loss: 0.9997 - val_acc: 0.6734
Epoch 10/50

Epoch 00010: saving model to models/mnist_student_e300_L2_b64/uniform-cluster_classifier_1000/cp-0010.hdf5
 - 3s - loss: 0.9783 - acc: 0.6631 - val_loss: 0.7910 - val_acc: 0.7521
Epoch 11/50

Epoch 00011: saving model to models/mnist_student_e300_L2_b64/uniform-cluster_classifier_1000/cp-0011.hdf5
 - 3s - loss: 0.8834 - acc: 0.7236 - val_loss: 0.7176 - val_acc: 0.7684
Epoch 12/50

Epoch 00012: saving model to models/mnist_student_e300_L2_b64/uniform-cluster_classifier_1000/cp-0012.hdf5
 - 3s - loss: 0.7790 - acc: 0.7422 - val_loss: 0.7132 - val_acc: 0.7656
Epoch 13/50

Epoch 00013: saving model to models/mnist_student_e300_L2_b64/uniform-cluster_classifier_1000/cp-0013.hdf5
 - 3s - loss: 0.7056 - acc: 0.7578 - val_loss: 0.6599 - val_acc: 0.7797
Epoch 14/50

Epoch 00014: saving model to models/mnist_student_e300_L2_b64/uniform-cluster_classifier_1000/cp-0014.hdf5
 - 3s - loss: 0.5879 - acc: 0.8164 - val_loss: 0.4575 - val_acc: 0.8585
Epoch 15/50

Epoch 00015: saving model to models/mnist_student_e300_L2_b64/uniform-cluster_classifier_1000/cp-0015.hdf5
 - 3s - loss: 0.5710 - acc: 0.8027 - val_loss: 0.4932 - val_acc: 0.8355
Epoch 16/50

Epoch 00016: saving model to models/mnist_student_e300_L2_b64/uniform-cluster_classifier_1000/cp-0016.hdf5
 - 3s - loss: 0.4843 - acc: 0.8496 - val_loss: 0.3591 - val_acc: 0.8877
Epoch 17/50

Epoch 00017: saving model to models/mnist_student_e300_L2_b64/uniform-cluster_classifier_1000/cp-0017.hdf5
 - 3s - loss: 0.4355 - acc: 0.8516 - val_loss: 0.3709 - val_acc: 0.8802
Epoch 18/50

Epoch 00018: saving model to models/mnist_student_e300_L2_b64/uniform-cluster_classifier_1000/cp-0018.hdf5
 - 3s - loss: 0.3782 - acc: 0.8828 - val_loss: 0.3634 - val_acc: 0.8806
Epoch 19/50

Epoch 00019: saving model to models/mnist_student_e300_L2_b64/uniform-cluster_classifier_1000/cp-0019.hdf5
 - 3s - loss: 0.3646 - acc: 0.8789 - val_loss: 0.3476 - val_acc: 0.8838
Epoch 20/50

Epoch 00020: saving model to models/mnist_student_e300_L2_b64/uniform-cluster_classifier_1000/cp-0020.hdf5
 - 3s - loss: 0.2785 - acc: 0.9023 - val_loss: 0.3487 - val_acc: 0.8843
Epoch 21/50

Epoch 00021: saving model to models/mnist_student_e300_L2_b64/uniform-cluster_classifier_1000/cp-0021.hdf5
 - 3s - loss: 0.2978 - acc: 0.9043 - val_loss: 0.3116 - val_acc: 0.9033
Epoch 22/50

Epoch 00022: saving model to models/mnist_student_e300_L2_b64/uniform-cluster_classifier_1000/cp-0022.hdf5
 - 3s - loss: 0.2406 - acc: 0.9238 - val_loss: 0.2877 - val_acc: 0.9080
Epoch 23/50

Epoch 00023: saving model to models/mnist_student_e300_L2_b64/uniform-cluster_classifier_1000/cp-0023.hdf5
 - 3s - loss: 0.2342 - acc: 0.9189 - val_loss: 0.3378 - val_acc: 0.8965
Epoch 24/50

Epoch 00024: saving model to models/mnist_student_e300_L2_b64/uniform-cluster_classifier_1000/cp-0024.hdf5
 - 3s - loss: 0.1771 - acc: 0.9443 - val_loss: 0.2911 - val_acc: 0.9090
Epoch 25/50

Epoch 00025: saving model to models/mnist_student_e300_L2_b64/uniform-cluster_classifier_1000/cp-0025.hdf5
 - 3s - loss: 0.1748 - acc: 0.9395 - val_loss: 0.2715 - val_acc: 0.9186
Epoch 26/50

Epoch 00026: saving model to models/mnist_student_e300_L2_b64/uniform-cluster_classifier_1000/cp-0026.hdf5
 - 3s - loss: 0.1670 - acc: 0.9414 - val_loss: 0.2869 - val_acc: 0.9131
Epoch 27/50

Epoch 00027: saving model to models/mnist_student_e300_L2_b64/uniform-cluster_classifier_1000/cp-0027.hdf5
 - 3s - loss: 0.1531 - acc: 0.9531 - val_loss: 0.2911 - val_acc: 0.9088
Epoch 28/50

Epoch 00028: saving model to models/mnist_student_e300_L2_b64/uniform-cluster_classifier_1000/cp-0028.hdf5
 - 3s - loss: 0.1297 - acc: 0.9600 - val_loss: 0.2725 - val_acc: 0.9195
Epoch 29/50

Epoch 00029: saving model to models/mnist_student_e300_L2_b64/uniform-cluster_classifier_1000/cp-0029.hdf5
 - 3s - loss: 0.1066 - acc: 0.9678 - val_loss: 0.2756 - val_acc: 0.9185
Epoch 30/50

Epoch 00030: saving model to models/mnist_student_e300_L2_b64/uniform-cluster_classifier_1000/cp-0030.hdf5
 - 3s - loss: 0.0925 - acc: 0.9717 - val_loss: 0.2862 - val_acc: 0.9169
Epoch 31/50

Epoch 00031: saving model to models/mnist_student_e300_L2_b64/uniform-cluster_classifier_1000/cp-0031.hdf5
 - 3s - loss: 0.1127 - acc: 0.9619 - val_loss: 0.2582 - val_acc: 0.9254
Epoch 32/50

Epoch 00032: saving model to models/mnist_student_e300_L2_b64/uniform-cluster_classifier_1000/cp-0032.hdf5
 - 3s - loss: 0.0790 - acc: 0.9766 - val_loss: 0.2559 - val_acc: 0.9272
Epoch 33/50

Epoch 00033: saving model to models/mnist_student_e300_L2_b64/uniform-cluster_classifier_1000/cp-0033.hdf5
 - 3s - loss: 0.0718 - acc: 0.9814 - val_loss: 0.2917 - val_acc: 0.9140
Epoch 34/50

Epoch 00034: saving model to models/mnist_student_e300_L2_b64/uniform-cluster_classifier_1000/cp-0034.hdf5
 - 3s - loss: 0.0672 - acc: 0.9785 - val_loss: 0.3167 - val_acc: 0.9136
Epoch 35/50

Epoch 00035: saving model to models/mnist_student_e300_L2_b64/uniform-cluster_classifier_1000/cp-0035.hdf5
 - 3s - loss: 0.0639 - acc: 0.9766 - val_loss: 0.2657 - val_acc: 0.9254
Epoch 36/50

Epoch 00036: saving model to models/mnist_student_e300_L2_b64/uniform-cluster_classifier_1000/cp-0036.hdf5
 - 3s - loss: 0.0675 - acc: 0.9795 - val_loss: 0.2877 - val_acc: 0.9236
Epoch 37/50

Epoch 00037: saving model to models/mnist_student_e300_L2_b64/uniform-cluster_classifier_1000/cp-0037.hdf5
 - 3s - loss: 0.0573 - acc: 0.9795 - val_loss: 0.2664 - val_acc: 0.9266
Epoch 38/50

Epoch 00038: saving model to models/mnist_student_e300_L2_b64/uniform-cluster_classifier_1000/cp-0038.hdf5
 - 3s - loss: 0.0498 - acc: 0.9824 - val_loss: 0.2683 - val_acc: 0.9289
Epoch 39/50

Epoch 00039: saving model to models/mnist_student_e300_L2_b64/uniform-cluster_classifier_1000/cp-0039.hdf5
 - 3s - loss: 0.0459 - acc: 0.9834 - val_loss: 0.2715 - val_acc: 0.9277
Epoch 40/50

Epoch 00040: saving model to models/mnist_student_e300_L2_b64/uniform-cluster_classifier_1000/cp-0040.hdf5
 - 3s - loss: 0.0437 - acc: 0.9883 - val_loss: 0.2770 - val_acc: 0.9278
Epoch 41/50

Epoch 00041: saving model to models/mnist_student_e300_L2_b64/uniform-cluster_classifier_1000/cp-0041.hdf5
 - 3s - loss: 0.0331 - acc: 0.9941 - val_loss: 0.2860 - val_acc: 0.9245
Epoch 42/50

Epoch 00042: saving model to models/mnist_student_e300_L2_b64/uniform-cluster_classifier_1000/cp-0042.hdf5
 - 3s - loss: 0.0390 - acc: 0.9902 - val_loss: 0.2804 - val_acc: 0.9282
Epoch 43/50

Epoch 00043: saving model to models/mnist_student_e300_L2_b64/uniform-cluster_classifier_1000/cp-0043.hdf5
 - 3s - loss: 0.0276 - acc: 0.9932 - val_loss: 0.2905 - val_acc: 0.9257
Epoch 44/50

Epoch 00044: saving model to models/mnist_student_e300_L2_b64/uniform-cluster_classifier_1000/cp-0044.hdf5
 - 3s - loss: 0.0421 - acc: 0.9873 - val_loss: 0.3029 - val_acc: 0.9234
Epoch 45/50

Epoch 00045: saving model to models/mnist_student_e300_L2_b64/uniform-cluster_classifier_1000/cp-0045.hdf5
 - 3s - loss: 0.0328 - acc: 0.9883 - val_loss: 0.2811 - val_acc: 0.9280
Epoch 46/50

Epoch 00046: saving model to models/mnist_student_e300_L2_b64/uniform-cluster_classifier_1000/cp-0046.hdf5
 - 3s - loss: 0.0351 - acc: 0.9883 - val_loss: 0.2997 - val_acc: 0.9228
Epoch 47/50

Epoch 00047: saving model to models/mnist_student_e300_L2_b64/uniform-cluster_classifier_1000/cp-0047.hdf5
 - 3s - loss: 0.0314 - acc: 0.9932 - val_loss: 0.2925 - val_acc: 0.9268
Epoch 48/50

Epoch 00048: saving model to models/mnist_student_e300_L2_b64/uniform-cluster_classifier_1000/cp-0048.hdf5
 - 3s - loss: 0.0465 - acc: 0.9844 - val_loss: 0.2819 - val_acc: 0.9274
Epoch 49/50

Epoch 00049: saving model to models/mnist_student_e300_L2_b64/uniform-cluster_classifier_1000/cp-0049.hdf5
 - 3s - loss: 0.0358 - acc: 0.9893 - val_loss: 0.2712 - val_acc: 0.9320
Epoch 50/50

Epoch 00050: saving model to models/mnist_student_e300_L2_b64/uniform-cluster_classifier_1000/cp-0050.hdf5
 - 3s - loss: 0.0215 - acc: 0.9951 - val_loss: 0.2778 - val_acc: 0.9301
Epoch 1/50

Epoch 00001: saving model to models/mnist_student_e300_L2_b64/normal-cluster_classifier_1000/cp-0001.hdf5
 - 6s - loss: 2.2807 - acc: 0.2461 - val_loss: 2.3043 - val_acc: 0.0969
Epoch 2/50

Epoch 00002: saving model to models/mnist_student_e300_L2_b64/normal-cluster_classifier_1000/cp-0002.hdf5
 - 3s - loss: 2.1580 - acc: 0.2578 - val_loss: 2.4483 - val_acc: 0.0971
Epoch 3/50

Epoch 00003: saving model to models/mnist_student_e300_L2_b64/normal-cluster_classifier_1000/cp-0003.hdf5
 - 3s - loss: 2.0838 - acc: 0.2451 - val_loss: 2.3878 - val_acc: 0.0980
Epoch 4/50

Epoch 00004: saving model to models/mnist_student_e300_L2_b64/normal-cluster_classifier_1000/cp-0004.hdf5
 - 3s - loss: 2.0209 - acc: 0.2686 - val_loss: 2.4045 - val_acc: 0.1508
Epoch 5/50

Epoch 00005: saving model to models/mnist_student_e300_L2_b64/normal-cluster_classifier_1000/cp-0005.hdf5
 - 3s - loss: 1.9627 - acc: 0.3135 - val_loss: 2.3209 - val_acc: 0.1478
Epoch 6/50

Epoch 00006: saving model to models/mnist_student_e300_L2_b64/normal-cluster_classifier_1000/cp-0006.hdf5
 - 3s - loss: 1.7860 - acc: 0.3926 - val_loss: 2.1675 - val_acc: 0.2544
Epoch 7/50

Epoch 00007: saving model to models/mnist_student_e300_L2_b64/normal-cluster_classifier_1000/cp-0007.hdf5
 - 3s - loss: 1.6221 - acc: 0.4375 - val_loss: 1.8678 - val_acc: 0.3242
Epoch 8/50

Epoch 00008: saving model to models/mnist_student_e300_L2_b64/normal-cluster_classifier_1000/cp-0008.hdf5
 - 3s - loss: 1.4536 - acc: 0.4873 - val_loss: 1.3031 - val_acc: 0.5557
Epoch 9/50

Epoch 00009: saving model to models/mnist_student_e300_L2_b64/normal-cluster_classifier_1000/cp-0009.hdf5
 - 3s - loss: 1.1133 - acc: 0.6426 - val_loss: 1.2864 - val_acc: 0.5381
Epoch 10/50

Epoch 00010: saving model to models/mnist_student_e300_L2_b64/normal-cluster_classifier_1000/cp-0010.hdf5
 - 3s - loss: 1.0976 - acc: 0.6338 - val_loss: 0.9803 - val_acc: 0.6728
Epoch 11/50

Epoch 00011: saving model to models/mnist_student_e300_L2_b64/normal-cluster_classifier_1000/cp-0011.hdf5
 - 3s - loss: 0.8622 - acc: 0.7178 - val_loss: 1.0140 - val_acc: 0.6453
Epoch 12/50

Epoch 00012: saving model to models/mnist_student_e300_L2_b64/normal-cluster_classifier_1000/cp-0012.hdf5
 - 3s - loss: 0.8388 - acc: 0.7178 - val_loss: 0.7522 - val_acc: 0.7495
Epoch 13/50

Epoch 00013: saving model to models/mnist_student_e300_L2_b64/normal-cluster_classifier_1000/cp-0013.hdf5
 - 3s - loss: 0.7219 - acc: 0.7646 - val_loss: 0.7535 - val_acc: 0.7423
Epoch 14/50

Epoch 00014: saving model to models/mnist_student_e300_L2_b64/normal-cluster_classifier_1000/cp-0014.hdf5
 - 3s - loss: 0.5795 - acc: 0.8184 - val_loss: 0.6157 - val_acc: 0.8028
Epoch 15/50

Epoch 00015: saving model to models/mnist_student_e300_L2_b64/normal-cluster_classifier_1000/cp-0015.hdf5
 - 3s - loss: 0.5404 - acc: 0.8252 - val_loss: 0.5641 - val_acc: 0.8015
Epoch 16/50

Epoch 00016: saving model to models/mnist_student_e300_L2_b64/normal-cluster_classifier_1000/cp-0016.hdf5
 - 3s - loss: 0.5327 - acc: 0.8213 - val_loss: 0.5355 - val_acc: 0.8320
Epoch 17/50

Epoch 00017: saving model to models/mnist_student_e300_L2_b64/normal-cluster_classifier_1000/cp-0017.hdf5
 - 3s - loss: 0.4013 - acc: 0.8691 - val_loss: 0.4973 - val_acc: 0.8455
Epoch 18/50

Epoch 00018: saving model to models/mnist_student_e300_L2_b64/normal-cluster_classifier_1000/cp-0018.hdf5
 - 3s - loss: 0.4538 - acc: 0.8555 - val_loss: 0.4389 - val_acc: 0.8592
Epoch 19/50

Epoch 00019: saving model to models/mnist_student_e300_L2_b64/normal-cluster_classifier_1000/cp-0019.hdf5
 - 3s - loss: 0.3629 - acc: 0.8945 - val_loss: 0.4581 - val_acc: 0.8481
Epoch 20/50

Epoch 00020: saving model to models/mnist_student_e300_L2_b64/normal-cluster_classifier_1000/cp-0020.hdf5
 - 3s - loss: 0.3128 - acc: 0.8945 - val_loss: 0.3838 - val_acc: 0.8796
Epoch 21/50

Epoch 00021: saving model to models/mnist_student_e300_L2_b64/normal-cluster_classifier_1000/cp-0021.hdf5
 - 3s - loss: 0.2959 - acc: 0.9004 - val_loss: 0.4600 - val_acc: 0.8495
Epoch 22/50

Epoch 00022: saving model to models/mnist_student_e300_L2_b64/normal-cluster_classifier_1000/cp-0022.hdf5
 - 3s - loss: 0.2856 - acc: 0.9072 - val_loss: 0.3876 - val_acc: 0.8766
Epoch 23/50

Epoch 00023: saving model to models/mnist_student_e300_L2_b64/normal-cluster_classifier_1000/cp-0023.hdf5
 - 3s - loss: 0.2555 - acc: 0.9229 - val_loss: 0.4222 - val_acc: 0.8681
Epoch 24/50

Epoch 00024: saving model to models/mnist_student_e300_L2_b64/normal-cluster_classifier_1000/cp-0024.hdf5
 - 3s - loss: 0.2421 - acc: 0.9268 - val_loss: 0.3917 - val_acc: 0.8790
Epoch 25/50

Epoch 00025: saving model to models/mnist_student_e300_L2_b64/normal-cluster_classifier_1000/cp-0025.hdf5
 - 3s - loss: 0.1748 - acc: 0.9404 - val_loss: 0.3262 - val_acc: 0.9024
Epoch 26/50

Epoch 00026: saving model to models/mnist_student_e300_L2_b64/normal-cluster_classifier_1000/cp-0026.hdf5
 - 3s - loss: 0.1811 - acc: 0.9414 - val_loss: 0.3563 - val_acc: 0.8908
Epoch 27/50

Epoch 00027: saving model to models/mnist_student_e300_L2_b64/normal-cluster_classifier_1000/cp-0027.hdf5
 - 3s - loss: 0.1576 - acc: 0.9443 - val_loss: 0.3577 - val_acc: 0.8917
Epoch 28/50

Epoch 00028: saving model to models/mnist_student_e300_L2_b64/normal-cluster_classifier_1000/cp-0028.hdf5
 - 3s - loss: 0.1739 - acc: 0.9385 - val_loss: 0.3677 - val_acc: 0.8906
Epoch 29/50

Epoch 00029: saving model to models/mnist_student_e300_L2_b64/normal-cluster_classifier_1000/cp-0029.hdf5
 - 3s - loss: 0.1405 - acc: 0.9580 - val_loss: 0.3371 - val_acc: 0.8984
Epoch 30/50

Epoch 00030: saving model to models/mnist_student_e300_L2_b64/normal-cluster_classifier_1000/cp-0030.hdf5
 - 3s - loss: 0.1384 - acc: 0.9570 - val_loss: 0.3337 - val_acc: 0.9020
Epoch 31/50

Epoch 00031: saving model to models/mnist_student_e300_L2_b64/normal-cluster_classifier_1000/cp-0031.hdf5
 - 3s - loss: 0.1127 - acc: 0.9639 - val_loss: 0.3252 - val_acc: 0.9057
Epoch 32/50

Epoch 00032: saving model to models/mnist_student_e300_L2_b64/normal-cluster_classifier_1000/cp-0032.hdf5
 - 3s - loss: 0.1253 - acc: 0.9629 - val_loss: 0.3385 - val_acc: 0.9007
Epoch 33/50

Epoch 00033: saving model to models/mnist_student_e300_L2_b64/normal-cluster_classifier_1000/cp-0033.hdf5
 - 3s - loss: 0.0826 - acc: 0.9785 - val_loss: 0.3574 - val_acc: 0.8962
Epoch 34/50

Epoch 00034: saving model to models/mnist_student_e300_L2_b64/normal-cluster_classifier_1000/cp-0034.hdf5
 - 3s - loss: 0.1013 - acc: 0.9648 - val_loss: 0.3258 - val_acc: 0.9075
Epoch 35/50

Epoch 00035: saving model to models/mnist_student_e300_L2_b64/normal-cluster_classifier_1000/cp-0035.hdf5
 - 3s - loss: 0.0806 - acc: 0.9775 - val_loss: 0.3287 - val_acc: 0.9064
Epoch 36/50

Epoch 00036: saving model to models/mnist_student_e300_L2_b64/normal-cluster_classifier_1000/cp-0036.hdf5
 - 3s - loss: 0.0740 - acc: 0.9795 - val_loss: 0.3471 - val_acc: 0.9034
Epoch 37/50

Epoch 00037: saving model to models/mnist_student_e300_L2_b64/normal-cluster_classifier_1000/cp-0037.hdf5
 - 3s - loss: 0.0814 - acc: 0.9736 - val_loss: 0.3472 - val_acc: 0.9039
Epoch 38/50

Epoch 00038: saving model to models/mnist_student_e300_L2_b64/normal-cluster_classifier_1000/cp-0038.hdf5
 - 3s - loss: 0.0783 - acc: 0.9795 - val_loss: 0.3153 - val_acc: 0.9129
Epoch 39/50

Epoch 00039: saving model to models/mnist_student_e300_L2_b64/normal-cluster_classifier_1000/cp-0039.hdf5
 - 3s - loss: 0.0648 - acc: 0.9756 - val_loss: 0.3359 - val_acc: 0.9087
Epoch 40/50

Epoch 00040: saving model to models/mnist_student_e300_L2_b64/normal-cluster_classifier_1000/cp-0040.hdf5
 - 3s - loss: 0.0653 - acc: 0.9785 - val_loss: 0.3264 - val_acc: 0.9107
Epoch 41/50

Epoch 00041: saving model to models/mnist_student_e300_L2_b64/normal-cluster_classifier_1000/cp-0041.hdf5
 - 3s - loss: 0.0717 - acc: 0.9717 - val_loss: 0.3426 - val_acc: 0.9082
Epoch 42/50

Epoch 00042: saving model to models/mnist_student_e300_L2_b64/normal-cluster_classifier_1000/cp-0042.hdf5
 - 3s - loss: 0.0560 - acc: 0.9844 - val_loss: 0.3264 - val_acc: 0.9130
Epoch 43/50

Epoch 00043: saving model to models/mnist_student_e300_L2_b64/normal-cluster_classifier_1000/cp-0043.hdf5
 - 3s - loss: 0.0577 - acc: 0.9824 - val_loss: 0.3367 - val_acc: 0.9100
Epoch 44/50

Epoch 00044: saving model to models/mnist_student_e300_L2_b64/normal-cluster_classifier_1000/cp-0044.hdf5
 - 3s - loss: 0.0566 - acc: 0.9824 - val_loss: 0.3725 - val_acc: 0.9034
Epoch 45/50

Epoch 00045: saving model to models/mnist_student_e300_L2_b64/normal-cluster_classifier_1000/cp-0045.hdf5
 - 3s - loss: 0.0473 - acc: 0.9814 - val_loss: 0.3332 - val_acc: 0.9155
Epoch 46/50

Epoch 00046: saving model to models/mnist_student_e300_L2_b64/normal-cluster_classifier_1000/cp-0046.hdf5
 - 3s - loss: 0.0459 - acc: 0.9863 - val_loss: 0.3671 - val_acc: 0.9037
Epoch 47/50

Epoch 00047: saving model to models/mnist_student_e300_L2_b64/normal-cluster_classifier_1000/cp-0047.hdf5
 - 3s - loss: 0.0359 - acc: 0.9893 - val_loss: 0.3273 - val_acc: 0.9143
Epoch 48/50

Epoch 00048: saving model to models/mnist_student_e300_L2_b64/normal-cluster_classifier_1000/cp-0048.hdf5
 - 3s - loss: 0.0570 - acc: 0.9785 - val_loss: 0.3545 - val_acc: 0.9092
Epoch 49/50

Epoch 00049: saving model to models/mnist_student_e300_L2_b64/normal-cluster_classifier_1000/cp-0049.hdf5
 - 3s - loss: 0.0406 - acc: 0.9873 - val_loss: 0.3257 - val_acc: 0.9163
Epoch 50/50

Epoch 00050: saving model to models/mnist_student_e300_L2_b64/normal-cluster_classifier_1000/cp-0050.hdf5
 - 3s - loss: 0.0304 - acc: 0.9912 - val_loss: 0.3585 - val_acc: 0.9087
Epoch 1/50

Epoch 00001: saving model to models/mnist_student_e300_L2_b64/multi-normal-cluster_classifier_1000/cp-0001.hdf5
 - 6s - loss: 2.3019 - acc: 0.1221 - val_loss: 2.3009 - val_acc: 0.2065
Epoch 2/50

Epoch 00002: saving model to models/mnist_student_e300_L2_b64/multi-normal-cluster_classifier_1000/cp-0002.hdf5
 - 3s - loss: 2.2997 - acc: 0.1807 - val_loss: 2.2992 - val_acc: 0.2662
Epoch 3/50

Epoch 00003: saving model to models/mnist_student_e300_L2_b64/multi-normal-cluster_classifier_1000/cp-0003.hdf5
 - 3s - loss: 2.2975 - acc: 0.2334 - val_loss: 2.2961 - val_acc: 0.3642
Epoch 4/50

Epoch 00004: saving model to models/mnist_student_e300_L2_b64/multi-normal-cluster_classifier_1000/cp-0004.hdf5
 - 3s - loss: 2.2925 - acc: 0.3066 - val_loss: 2.2906 - val_acc: 0.2772
Epoch 5/50

Epoch 00005: saving model to models/mnist_student_e300_L2_b64/multi-normal-cluster_classifier_1000/cp-0005.hdf5
 - 3s - loss: 2.2816 - acc: 0.2773 - val_loss: 2.2766 - val_acc: 0.2831
Epoch 6/50

Epoch 00006: saving model to models/mnist_student_e300_L2_b64/multi-normal-cluster_classifier_1000/cp-0006.hdf5
 - 3s - loss: 2.2568 - acc: 0.3125 - val_loss: 2.2311 - val_acc: 0.2533
Epoch 7/50

Epoch 00007: saving model to models/mnist_student_e300_L2_b64/multi-normal-cluster_classifier_1000/cp-0007.hdf5
 - 3s - loss: 2.1077 - acc: 0.3545 - val_loss: 1.8481 - val_acc: 0.4528
Epoch 8/50

Epoch 00008: saving model to models/mnist_student_e300_L2_b64/multi-normal-cluster_classifier_1000/cp-0008.hdf5
 - 3s - loss: 1.4664 - acc: 0.5254 - val_loss: 1.3351 - val_acc: 0.5299
Epoch 9/50

Epoch 00009: saving model to models/mnist_student_e300_L2_b64/multi-normal-cluster_classifier_1000/cp-0009.hdf5
 - 3s - loss: 1.1352 - acc: 0.6172 - val_loss: 0.7812 - val_acc: 0.7712
Epoch 10/50

Epoch 00010: saving model to models/mnist_student_e300_L2_b64/multi-normal-cluster_classifier_1000/cp-0010.hdf5
 - 3s - loss: 0.8851 - acc: 0.7031 - val_loss: 0.6233 - val_acc: 0.8006
Epoch 11/50

Epoch 00011: saving model to models/mnist_student_e300_L2_b64/multi-normal-cluster_classifier_1000/cp-0011.hdf5
 - 3s - loss: 0.6781 - acc: 0.7754 - val_loss: 0.7704 - val_acc: 0.7771
Epoch 12/50

Epoch 00012: saving model to models/mnist_student_e300_L2_b64/multi-normal-cluster_classifier_1000/cp-0012.hdf5
 - 3s - loss: 0.5932 - acc: 0.8047 - val_loss: 0.4866 - val_acc: 0.8461
Epoch 13/50

Epoch 00013: saving model to models/mnist_student_e300_L2_b64/multi-normal-cluster_classifier_1000/cp-0013.hdf5
 - 3s - loss: 0.5169 - acc: 0.8174 - val_loss: 0.4199 - val_acc: 0.8631
Epoch 14/50

Epoch 00014: saving model to models/mnist_student_e300_L2_b64/multi-normal-cluster_classifier_1000/cp-0014.hdf5
 - 3s - loss: 0.4428 - acc: 0.8516 - val_loss: 0.4296 - val_acc: 0.8525
Epoch 15/50

Epoch 00015: saving model to models/mnist_student_e300_L2_b64/multi-normal-cluster_classifier_1000/cp-0015.hdf5
 - 3s - loss: 0.4452 - acc: 0.8438 - val_loss: 0.3955 - val_acc: 0.8724
Epoch 16/50

Epoch 00016: saving model to models/mnist_student_e300_L2_b64/multi-normal-cluster_classifier_1000/cp-0016.hdf5
 - 3s - loss: 0.3239 - acc: 0.8867 - val_loss: 0.3372 - val_acc: 0.8917
Epoch 17/50

Epoch 00017: saving model to models/mnist_student_e300_L2_b64/multi-normal-cluster_classifier_1000/cp-0017.hdf5
 - 3s - loss: 0.3130 - acc: 0.8984 - val_loss: 0.3174 - val_acc: 0.9017
Epoch 18/50

Epoch 00018: saving model to models/mnist_student_e300_L2_b64/multi-normal-cluster_classifier_1000/cp-0018.hdf5
 - 3s - loss: 0.2928 - acc: 0.9043 - val_loss: 0.3433 - val_acc: 0.8887
Epoch 19/50

Epoch 00019: saving model to models/mnist_student_e300_L2_b64/multi-normal-cluster_classifier_1000/cp-0019.hdf5
 - 3s - loss: 0.2362 - acc: 0.9219 - val_loss: 0.3304 - val_acc: 0.8971
Epoch 20/50

Epoch 00020: saving model to models/mnist_student_e300_L2_b64/multi-normal-cluster_classifier_1000/cp-0020.hdf5
 - 3s - loss: 0.2326 - acc: 0.9287 - val_loss: 0.2972 - val_acc: 0.9056
Epoch 21/50

Epoch 00021: saving model to models/mnist_student_e300_L2_b64/multi-normal-cluster_classifier_1000/cp-0021.hdf5
 - 3s - loss: 0.2528 - acc: 0.9180 - val_loss: 0.2861 - val_acc: 0.9119
Epoch 22/50

Epoch 00022: saving model to models/mnist_student_e300_L2_b64/multi-normal-cluster_classifier_1000/cp-0022.hdf5
 - 3s - loss: 0.2211 - acc: 0.9258 - val_loss: 0.2707 - val_acc: 0.9161
Epoch 23/50

Epoch 00023: saving model to models/mnist_student_e300_L2_b64/multi-normal-cluster_classifier_1000/cp-0023.hdf5
 - 3s - loss: 0.2025 - acc: 0.9297 - val_loss: 0.2660 - val_acc: 0.9177
Epoch 24/50

Epoch 00024: saving model to models/mnist_student_e300_L2_b64/multi-normal-cluster_classifier_1000/cp-0024.hdf5
 - 3s - loss: 0.1929 - acc: 0.9238 - val_loss: 0.2663 - val_acc: 0.9185
Epoch 25/50

Epoch 00025: saving model to models/mnist_student_e300_L2_b64/multi-normal-cluster_classifier_1000/cp-0025.hdf5
 - 3s - loss: 0.1431 - acc: 0.9561 - val_loss: 0.2648 - val_acc: 0.9204
Epoch 26/50

Epoch 00026: saving model to models/mnist_student_e300_L2_b64/multi-normal-cluster_classifier_1000/cp-0026.hdf5
 - 3s - loss: 0.1532 - acc: 0.9482 - val_loss: 0.2599 - val_acc: 0.9240
Epoch 27/50

Epoch 00027: saving model to models/mnist_student_e300_L2_b64/multi-normal-cluster_classifier_1000/cp-0027.hdf5
 - 3s - loss: 0.1416 - acc: 0.9502 - val_loss: 0.2512 - val_acc: 0.9251
Epoch 28/50

Epoch 00028: saving model to models/mnist_student_e300_L2_b64/multi-normal-cluster_classifier_1000/cp-0028.hdf5
 - 3s - loss: 0.1193 - acc: 0.9590 - val_loss: 0.2726 - val_acc: 0.9198
Epoch 29/50

Epoch 00029: saving model to models/mnist_student_e300_L2_b64/multi-normal-cluster_classifier_1000/cp-0029.hdf5
 - 3s - loss: 0.1068 - acc: 0.9678 - val_loss: 0.2638 - val_acc: 0.9238
Epoch 30/50

Epoch 00030: saving model to models/mnist_student_e300_L2_b64/multi-normal-cluster_classifier_1000/cp-0030.hdf5
 - 3s - loss: 0.1144 - acc: 0.9600 - val_loss: 0.2648 - val_acc: 0.9262
Epoch 31/50

Epoch 00031: saving model to models/mnist_student_e300_L2_b64/multi-normal-cluster_classifier_1000/cp-0031.hdf5
 - 3s - loss: 0.1077 - acc: 0.9609 - val_loss: 0.2811 - val_acc: 0.9172
Epoch 32/50

Epoch 00032: saving model to models/mnist_student_e300_L2_b64/multi-normal-cluster_classifier_1000/cp-0032.hdf5
 - 3s - loss: 0.0969 - acc: 0.9707 - val_loss: 0.2604 - val_acc: 0.9264
Epoch 33/50

Epoch 00033: saving model to models/mnist_student_e300_L2_b64/multi-normal-cluster_classifier_1000/cp-0033.hdf5
 - 3s - loss: 0.0798 - acc: 0.9697 - val_loss: 0.2859 - val_acc: 0.9223
Epoch 34/50

Epoch 00034: saving model to models/mnist_student_e300_L2_b64/multi-normal-cluster_classifier_1000/cp-0034.hdf5
 - 3s - loss: 0.0975 - acc: 0.9668 - val_loss: 0.2581 - val_acc: 0.9271
Epoch 35/50

Epoch 00035: saving model to models/mnist_student_e300_L2_b64/multi-normal-cluster_classifier_1000/cp-0035.hdf5
 - 3s - loss: 0.0874 - acc: 0.9648 - val_loss: 0.2596 - val_acc: 0.9286
Epoch 36/50

Epoch 00036: saving model to models/mnist_student_e300_L2_b64/multi-normal-cluster_classifier_1000/cp-0036.hdf5
 - 3s - loss: 0.0792 - acc: 0.9717 - val_loss: 0.2714 - val_acc: 0.9268
Epoch 37/50

Epoch 00037: saving model to models/mnist_student_e300_L2_b64/multi-normal-cluster_classifier_1000/cp-0037.hdf5
 - 3s - loss: 0.0586 - acc: 0.9795 - val_loss: 0.2742 - val_acc: 0.9262
Epoch 38/50

Epoch 00038: saving model to models/mnist_student_e300_L2_b64/multi-normal-cluster_classifier_1000/cp-0038.hdf5
 - 3s - loss: 0.0674 - acc: 0.9727 - val_loss: 0.2561 - val_acc: 0.9327
Epoch 39/50

Epoch 00039: saving model to models/mnist_student_e300_L2_b64/multi-normal-cluster_classifier_1000/cp-0039.hdf5
 - 3s - loss: 0.0803 - acc: 0.9727 - val_loss: 0.2493 - val_acc: 0.9330
Epoch 40/50

Epoch 00040: saving model to models/mnist_student_e300_L2_b64/multi-normal-cluster_classifier_1000/cp-0040.hdf5
 - 3s - loss: 0.0520 - acc: 0.9785 - val_loss: 0.2831 - val_acc: 0.9267
Epoch 41/50

Epoch 00041: saving model to models/mnist_student_e300_L2_b64/multi-normal-cluster_classifier_1000/cp-0041.hdf5
 - 3s - loss: 0.0646 - acc: 0.9785 - val_loss: 0.2577 - val_acc: 0.9308
Epoch 42/50

Epoch 00042: saving model to models/mnist_student_e300_L2_b64/multi-normal-cluster_classifier_1000/cp-0042.hdf5
 - 3s - loss: 0.0552 - acc: 0.9814 - val_loss: 0.2534 - val_acc: 0.9345
Epoch 43/50

Epoch 00043: saving model to models/mnist_student_e300_L2_b64/multi-normal-cluster_classifier_1000/cp-0043.hdf5
 - 3s - loss: 0.0486 - acc: 0.9863 - val_loss: 0.2601 - val_acc: 0.9335
Epoch 44/50

Epoch 00044: saving model to models/mnist_student_e300_L2_b64/multi-normal-cluster_classifier_1000/cp-0044.hdf5
 - 3s - loss: 0.0556 - acc: 0.9824 - val_loss: 0.2584 - val_acc: 0.9358
Epoch 45/50

Epoch 00045: saving model to models/mnist_student_e300_L2_b64/multi-normal-cluster_classifier_1000/cp-0045.hdf5
 - 3s - loss: 0.0412 - acc: 0.9893 - val_loss: 0.2659 - val_acc: 0.9353
Epoch 46/50

Epoch 00046: saving model to models/mnist_student_e300_L2_b64/multi-normal-cluster_classifier_1000/cp-0046.hdf5
 - 3s - loss: 0.0412 - acc: 0.9854 - val_loss: 0.2591 - val_acc: 0.9350
Epoch 47/50

Epoch 00047: saving model to models/mnist_student_e300_L2_b64/multi-normal-cluster_classifier_1000/cp-0047.hdf5
 - 3s - loss: 0.0430 - acc: 0.9883 - val_loss: 0.2643 - val_acc: 0.9338
Epoch 48/50

Epoch 00048: saving model to models/mnist_student_e300_L2_b64/multi-normal-cluster_classifier_1000/cp-0048.hdf5
 - 3s - loss: 0.0350 - acc: 0.9893 - val_loss: 0.2648 - val_acc: 0.9372
Epoch 49/50

Epoch 00049: saving model to models/mnist_student_e300_L2_b64/multi-normal-cluster_classifier_1000/cp-0049.hdf5
 - 3s - loss: 0.0469 - acc: 0.9854 - val_loss: 0.2558 - val_acc: 0.9384
Epoch 50/50

Epoch 00050: saving model to models/mnist_student_e300_L2_b64/multi-normal-cluster_classifier_1000/cp-0050.hdf5
 - 3s - loss: 0.0337 - acc: 0.9912 - val_loss: 0.2614 - val_acc: 0.9351
Epoch 1/50

Epoch 00001: saving model to models/mnist_student_e300_L2_b64/error_classifier_1000/cp-0001.hdf5
 - 5s - loss: 2.2987 - acc: 0.1553 - val_loss: 2.2955 - val_acc: 0.2069
Epoch 2/50

Epoch 00002: saving model to models/mnist_student_e300_L2_b64/error_classifier_1000/cp-0002.hdf5
 - 3s - loss: 2.2915 - acc: 0.1816 - val_loss: 2.2866 - val_acc: 0.1286
Epoch 3/50

Epoch 00003: saving model to models/mnist_student_e300_L2_b64/error_classifier_1000/cp-0003.hdf5
 - 3s - loss: 2.2785 - acc: 0.1660 - val_loss: 2.2641 - val_acc: 0.1411
Epoch 4/50

Epoch 00004: saving model to models/mnist_student_e300_L2_b64/error_classifier_1000/cp-0004.hdf5
 - 3s - loss: 2.2340 - acc: 0.1826 - val_loss: 2.1786 - val_acc: 0.1186
Epoch 5/50

Epoch 00005: saving model to models/mnist_student_e300_L2_b64/error_classifier_1000/cp-0005.hdf5
 - 3s - loss: 1.9963 - acc: 0.3682 - val_loss: 1.6125 - val_acc: 0.4227
Epoch 6/50

Epoch 00006: saving model to models/mnist_student_e300_L2_b64/error_classifier_1000/cp-0006.hdf5
 - 3s - loss: 1.3660 - acc: 0.5752 - val_loss: 0.9954 - val_acc: 0.6705
Epoch 7/50

Epoch 00007: saving model to models/mnist_student_e300_L2_b64/error_classifier_1000/cp-0007.hdf5
 - 3s - loss: 0.9282 - acc: 0.6826 - val_loss: 0.9403 - val_acc: 0.6889
Epoch 8/50

Epoch 00008: saving model to models/mnist_student_e300_L2_b64/error_classifier_1000/cp-0008.hdf5
 - 3s - loss: 0.7619 - acc: 0.7725 - val_loss: 0.5724 - val_acc: 0.8216
Epoch 9/50

Epoch 00009: saving model to models/mnist_student_e300_L2_b64/error_classifier_1000/cp-0009.hdf5
 - 3s - loss: 0.6191 - acc: 0.8076 - val_loss: 0.4702 - val_acc: 0.8621
Epoch 10/50

Epoch 00010: saving model to models/mnist_student_e300_L2_b64/error_classifier_1000/cp-0010.hdf5
 - 3s - loss: 0.5448 - acc: 0.8330 - val_loss: 0.4437 - val_acc: 0.8620
Epoch 11/50

Epoch 00011: saving model to models/mnist_student_e300_L2_b64/error_classifier_1000/cp-0011.hdf5
 - 3s - loss: 0.4435 - acc: 0.8662 - val_loss: 0.4587 - val_acc: 0.8545
Epoch 12/50

Epoch 00012: saving model to models/mnist_student_e300_L2_b64/error_classifier_1000/cp-0012.hdf5
 - 3s - loss: 0.4167 - acc: 0.8633 - val_loss: 0.3779 - val_acc: 0.8881
Epoch 13/50

Epoch 00013: saving model to models/mnist_student_e300_L2_b64/error_classifier_1000/cp-0013.hdf5
 - 3s - loss: 0.4073 - acc: 0.8750 - val_loss: 0.3603 - val_acc: 0.8931
Epoch 14/50

Epoch 00014: saving model to models/mnist_student_e300_L2_b64/error_classifier_1000/cp-0014.hdf5
 - 3s - loss: 0.3219 - acc: 0.8916 - val_loss: 0.3501 - val_acc: 0.8971
Epoch 15/50

Epoch 00015: saving model to models/mnist_student_e300_L2_b64/error_classifier_1000/cp-0015.hdf5
 - 3s - loss: 0.3188 - acc: 0.9072 - val_loss: 0.3159 - val_acc: 0.9034
Epoch 16/50

Epoch 00016: saving model to models/mnist_student_e300_L2_b64/error_classifier_1000/cp-0016.hdf5
 - 3s - loss: 0.2890 - acc: 0.9033 - val_loss: 0.3023 - val_acc: 0.9117
Epoch 17/50

Epoch 00017: saving model to models/mnist_student_e300_L2_b64/error_classifier_1000/cp-0017.hdf5
 - 3s - loss: 0.2673 - acc: 0.9150 - val_loss: 0.2948 - val_acc: 0.9115
Epoch 18/50

Epoch 00018: saving model to models/mnist_student_e300_L2_b64/error_classifier_1000/cp-0018.hdf5
 - 3s - loss: 0.2434 - acc: 0.9268 - val_loss: 0.2850 - val_acc: 0.9180
Epoch 19/50

Epoch 00019: saving model to models/mnist_student_e300_L2_b64/error_classifier_1000/cp-0019.hdf5
 - 3s - loss: 0.2237 - acc: 0.9209 - val_loss: 0.2821 - val_acc: 0.9140
Epoch 20/50

Epoch 00020: saving model to models/mnist_student_e300_L2_b64/error_classifier_1000/cp-0020.hdf5
 - 3s - loss: 0.2359 - acc: 0.9238 - val_loss: 0.2822 - val_acc: 0.9139
Epoch 21/50

Epoch 00021: saving model to models/mnist_student_e300_L2_b64/error_classifier_1000/cp-0021.hdf5
 - 3s - loss: 0.1703 - acc: 0.9424 - val_loss: 0.2720 - val_acc: 0.9212
Epoch 22/50

Epoch 00022: saving model to models/mnist_student_e300_L2_b64/error_classifier_1000/cp-0022.hdf5
 - 3s - loss: 0.1865 - acc: 0.9453 - val_loss: 0.2509 - val_acc: 0.9260
Epoch 23/50

Epoch 00023: saving model to models/mnist_student_e300_L2_b64/error_classifier_1000/cp-0023.hdf5
 - 3s - loss: 0.1790 - acc: 0.9404 - val_loss: 0.2758 - val_acc: 0.9179
Epoch 24/50

Epoch 00024: saving model to models/mnist_student_e300_L2_b64/error_classifier_1000/cp-0024.hdf5
 - 3s - loss: 0.1220 - acc: 0.9619 - val_loss: 0.2587 - val_acc: 0.9246
Epoch 25/50

Epoch 00025: saving model to models/mnist_student_e300_L2_b64/error_classifier_1000/cp-0025.hdf5
 - 3s - loss: 0.1573 - acc: 0.9473 - val_loss: 0.2514 - val_acc: 0.9240
Epoch 26/50

Epoch 00026: saving model to models/mnist_student_e300_L2_b64/error_classifier_1000/cp-0026.hdf5
 - 3s - loss: 0.1529 - acc: 0.9414 - val_loss: 0.2893 - val_acc: 0.9161
Epoch 27/50

Epoch 00027: saving model to models/mnist_student_e300_L2_b64/error_classifier_1000/cp-0027.hdf5
 - 3s - loss: 0.1339 - acc: 0.9531 - val_loss: 0.2489 - val_acc: 0.9304
Epoch 28/50

Epoch 00028: saving model to models/mnist_student_e300_L2_b64/error_classifier_1000/cp-0028.hdf5
 - 3s - loss: 0.1147 - acc: 0.9648 - val_loss: 0.2598 - val_acc: 0.9258
Epoch 29/50

Epoch 00029: saving model to models/mnist_student_e300_L2_b64/error_classifier_1000/cp-0029.hdf5
 - 3s - loss: 0.1105 - acc: 0.9609 - val_loss: 0.2422 - val_acc: 0.9330
Epoch 30/50

Epoch 00030: saving model to models/mnist_student_e300_L2_b64/error_classifier_1000/cp-0030.hdf5
 - 3s - loss: 0.1279 - acc: 0.9580 - val_loss: 0.2514 - val_acc: 0.9274
Epoch 31/50

Epoch 00031: saving model to models/mnist_student_e300_L2_b64/error_classifier_1000/cp-0031.hdf5
 - 3s - loss: 0.1011 - acc: 0.9727 - val_loss: 0.2573 - val_acc: 0.9277
Epoch 32/50

Epoch 00032: saving model to models/mnist_student_e300_L2_b64/error_classifier_1000/cp-0032.hdf5
 - 3s - loss: 0.0872 - acc: 0.9707 - val_loss: 0.2866 - val_acc: 0.9186
Epoch 33/50

Epoch 00033: saving model to models/mnist_student_e300_L2_b64/error_classifier_1000/cp-0033.hdf5
 - 3s - loss: 0.0872 - acc: 0.9756 - val_loss: 0.2473 - val_acc: 0.9320
Epoch 34/50

Epoch 00034: saving model to models/mnist_student_e300_L2_b64/error_classifier_1000/cp-0034.hdf5
 - 3s - loss: 0.0851 - acc: 0.9688 - val_loss: 0.2496 - val_acc: 0.9317
Epoch 35/50

Epoch 00035: saving model to models/mnist_student_e300_L2_b64/error_classifier_1000/cp-0035.hdf5
 - 3s - loss: 0.0975 - acc: 0.9639 - val_loss: 0.2456 - val_acc: 0.9328
Epoch 36/50

Epoch 00036: saving model to models/mnist_student_e300_L2_b64/error_classifier_1000/cp-0036.hdf5
 - 3s - loss: 0.0888 - acc: 0.9727 - val_loss: 0.2594 - val_acc: 0.9285
Epoch 37/50

Epoch 00037: saving model to models/mnist_student_e300_L2_b64/error_classifier_1000/cp-0037.hdf5
 - 3s - loss: 0.0798 - acc: 0.9756 - val_loss: 0.2470 - val_acc: 0.9320
Epoch 38/50

Epoch 00038: saving model to models/mnist_student_e300_L2_b64/error_classifier_1000/cp-0038.hdf5
 - 3s - loss: 0.0632 - acc: 0.9785 - val_loss: 0.2432 - val_acc: 0.9353
Epoch 39/50

Epoch 00039: saving model to models/mnist_student_e300_L2_b64/error_classifier_1000/cp-0039.hdf5
 - 3s - loss: 0.0758 - acc: 0.9736 - val_loss: 0.2423 - val_acc: 0.9335
Epoch 40/50

Epoch 00040: saving model to models/mnist_student_e300_L2_b64/error_classifier_1000/cp-0040.hdf5
 - 3s - loss: 0.0619 - acc: 0.9805 - val_loss: 0.2566 - val_acc: 0.9318
Epoch 41/50

Epoch 00041: saving model to models/mnist_student_e300_L2_b64/error_classifier_1000/cp-0041.hdf5
 - 3s - loss: 0.0779 - acc: 0.9775 - val_loss: 0.2472 - val_acc: 0.9328
Epoch 42/50

Epoch 00042: saving model to models/mnist_student_e300_L2_b64/error_classifier_1000/cp-0042.hdf5
 - 3s - loss: 0.0686 - acc: 0.9717 - val_loss: 0.2396 - val_acc: 0.9339
Epoch 43/50

Epoch 00043: saving model to models/mnist_student_e300_L2_b64/error_classifier_1000/cp-0043.hdf5
 - 3s - loss: 0.0674 - acc: 0.9727 - val_loss: 0.2381 - val_acc: 0.9358
Epoch 44/50

Epoch 00044: saving model to models/mnist_student_e300_L2_b64/error_classifier_1000/cp-0044.hdf5
 - 3s - loss: 0.0499 - acc: 0.9873 - val_loss: 0.2453 - val_acc: 0.9348
Epoch 45/50

Epoch 00045: saving model to models/mnist_student_e300_L2_b64/error_classifier_1000/cp-0045.hdf5
 - 3s - loss: 0.0542 - acc: 0.9814 - val_loss: 0.2381 - val_acc: 0.9371
Epoch 46/50

Epoch 00046: saving model to models/mnist_student_e300_L2_b64/error_classifier_1000/cp-0046.hdf5
 - 3s - loss: 0.0515 - acc: 0.9854 - val_loss: 0.2433 - val_acc: 0.9352
Epoch 47/50

Epoch 00047: saving model to models/mnist_student_e300_L2_b64/error_classifier_1000/cp-0047.hdf5
 - 3s - loss: 0.0451 - acc: 0.9863 - val_loss: 0.2387 - val_acc: 0.9374
Epoch 48/50

Epoch 00048: saving model to models/mnist_student_e300_L2_b64/error_classifier_1000/cp-0048.hdf5
 - 3s - loss: 0.0482 - acc: 0.9844 - val_loss: 0.2441 - val_acc: 0.9364
Epoch 49/50

Epoch 00049: saving model to models/mnist_student_e300_L2_b64/error_classifier_1000/cp-0049.hdf5
 - 3s - loss: 0.0458 - acc: 0.9854 - val_loss: 0.2407 - val_acc: 0.9369
Epoch 50/50

Epoch 00050: saving model to models/mnist_student_e300_L2_b64/error_classifier_1000/cp-0050.hdf5
 - 3s - loss: 0.0460 - acc: 0.9854 - val_loss: 0.2492 - val_acc: 0.9366
Finished.
