Starting training...
Epoch 1/300

Epoch 00001: saving model to models/mnist_student_e300_L2_b64/autoencoder/cp-0001.hdf5
 - 77s - loss: 0.3353 - mean_absolute_error: 0.1602 - val_loss: 0.2626 - val_mean_absolute_error: 0.1501
Epoch 2/300

Epoch 00002: saving model to models/mnist_student_e300_L2_b64/autoencoder/cp-0002.hdf5
 - 52s - loss: 0.2624 - mean_absolute_error: 0.1491 - val_loss: 0.2561 - val_mean_absolute_error: 0.1544
Epoch 3/300

Epoch 00003: saving model to models/mnist_student_e300_L2_b64/autoencoder/cp-0003.hdf5
 - 53s - loss: 0.2535 - mean_absolute_error: 0.1441 - val_loss: 0.2505 - val_mean_absolute_error: 0.1319
Epoch 4/300

Epoch 00004: saving model to models/mnist_student_e300_L2_b64/autoencoder/cp-0004.hdf5
 - 53s - loss: 0.2428 - mean_absolute_error: 0.1373 - val_loss: 0.2347 - val_mean_absolute_error: 0.1393
Epoch 5/300

Epoch 00005: saving model to models/mnist_student_e300_L2_b64/autoencoder/cp-0005.hdf5
 - 53s - loss: 0.2336 - mean_absolute_error: 0.1320 - val_loss: 0.2288 - val_mean_absolute_error: 0.1347
Epoch 6/300

Epoch 00006: saving model to models/mnist_student_e300_L2_b64/autoencoder/cp-0006.hdf5
 - 53s - loss: 0.2288 - mean_absolute_error: 0.1291 - val_loss: 0.2231 - val_mean_absolute_error: 0.1293
Epoch 7/300

Epoch 00007: saving model to models/mnist_student_e300_L2_b64/autoencoder/cp-0007.hdf5
 - 53s - loss: 0.2247 - mean_absolute_error: 0.1264 - val_loss: 0.2214 - val_mean_absolute_error: 0.1298
Epoch 8/300

Epoch 00008: saving model to models/mnist_student_e300_L2_b64/autoencoder/cp-0008.hdf5
 - 52s - loss: 0.2212 - mean_absolute_error: 0.1239 - val_loss: 0.2149 - val_mean_absolute_error: 0.1188
Epoch 9/300

Epoch 00009: saving model to models/mnist_student_e300_L2_b64/autoencoder/cp-0009.hdf5
 - 52s - loss: 0.2166 - mean_absolute_error: 0.1208 - val_loss: 0.2134 - val_mean_absolute_error: 0.1233
Epoch 10/300

Epoch 00010: saving model to models/mnist_student_e300_L2_b64/autoencoder/cp-0010.hdf5
 - 52s - loss: 0.2138 - mean_absolute_error: 0.1187 - val_loss: 0.2078 - val_mean_absolute_error: 0.1149
Epoch 11/300

Epoch 00011: saving model to models/mnist_student_e300_L2_b64/autoencoder/cp-0011.hdf5
 - 52s - loss: 0.2112 - mean_absolute_error: 0.1169 - val_loss: 0.2063 - val_mean_absolute_error: 0.1150
Epoch 12/300

Epoch 00012: saving model to models/mnist_student_e300_L2_b64/autoencoder/cp-0012.hdf5
 - 52s - loss: 0.2086 - mean_absolute_error: 0.1153 - val_loss: 0.2046 - val_mean_absolute_error: 0.1162
Epoch 13/300

Epoch 00013: saving model to models/mnist_student_e300_L2_b64/autoencoder/cp-0013.hdf5
 - 52s - loss: 0.2068 - mean_absolute_error: 0.1141 - val_loss: 0.2029 - val_mean_absolute_error: 0.1149
Epoch 14/300

Epoch 00014: saving model to models/mnist_student_e300_L2_b64/autoencoder/cp-0014.hdf5
 - 53s - loss: 0.2054 - mean_absolute_error: 0.1129 - val_loss: 0.2038 - val_mean_absolute_error: 0.1083
Epoch 15/300

Epoch 00015: saving model to models/mnist_student_e300_L2_b64/autoencoder/cp-0015.hdf5
 - 52s - loss: 0.2038 - mean_absolute_error: 0.1120 - val_loss: 0.2027 - val_mean_absolute_error: 0.1070
Epoch 16/300

Epoch 00016: saving model to models/mnist_student_e300_L2_b64/autoencoder/cp-0016.hdf5
 - 52s - loss: 0.2026 - mean_absolute_error: 0.1111 - val_loss: 0.1970 - val_mean_absolute_error: 0.1086
Epoch 17/300

Epoch 00017: saving model to models/mnist_student_e300_L2_b64/autoencoder/cp-0017.hdf5
 - 52s - loss: 0.2007 - mean_absolute_error: 0.1099 - val_loss: 0.1994 - val_mean_absolute_error: 0.1127
Epoch 18/300

Epoch 00018: saving model to models/mnist_student_e300_L2_b64/autoencoder/cp-0018.hdf5
 - 52s - loss: 0.1996 - mean_absolute_error: 0.1090 - val_loss: 0.1979 - val_mean_absolute_error: 0.1045
Epoch 19/300

Epoch 00019: saving model to models/mnist_student_e300_L2_b64/autoencoder/cp-0019.hdf5
 - 52s - loss: 0.1984 - mean_absolute_error: 0.1081 - val_loss: 0.1945 - val_mean_absolute_error: 0.1078
Epoch 20/300

Epoch 00020: saving model to models/mnist_student_e300_L2_b64/autoencoder/cp-0020.hdf5
 - 52s - loss: 0.1976 - mean_absolute_error: 0.1078 - val_loss: 0.1961 - val_mean_absolute_error: 0.1095
Epoch 21/300

Epoch 00021: saving model to models/mnist_student_e300_L2_b64/autoencoder/cp-0021.hdf5
 - 52s - loss: 0.1967 - mean_absolute_error: 0.1070 - val_loss: 0.1939 - val_mean_absolute_error: 0.1081
Epoch 22/300

Epoch 00022: saving model to models/mnist_student_e300_L2_b64/autoencoder/cp-0022.hdf5
 - 52s - loss: 0.1960 - mean_absolute_error: 0.1066 - val_loss: 0.1914 - val_mean_absolute_error: 0.1055
Epoch 23/300

Epoch 00023: saving model to models/mnist_student_e300_L2_b64/autoencoder/cp-0023.hdf5
 - 52s - loss: 0.1950 - mean_absolute_error: 0.1059 - val_loss: 0.1924 - val_mean_absolute_error: 0.1083
Epoch 24/300

Epoch 00024: saving model to models/mnist_student_e300_L2_b64/autoencoder/cp-0024.hdf5
 - 52s - loss: 0.1945 - mean_absolute_error: 0.1054 - val_loss: 0.1908 - val_mean_absolute_error: 0.1060
Epoch 25/300

Epoch 00025: saving model to models/mnist_student_e300_L2_b64/autoencoder/cp-0025.hdf5
 - 52s - loss: 0.1934 - mean_absolute_error: 0.1050 - val_loss: 0.1910 - val_mean_absolute_error: 0.1009
Epoch 26/300

Epoch 00026: saving model to models/mnist_student_e300_L2_b64/autoencoder/cp-0026.hdf5
 - 52s - loss: 0.1932 - mean_absolute_error: 0.1045 - val_loss: 0.1946 - val_mean_absolute_error: 0.1093
Epoch 27/300

Epoch 00027: saving model to models/mnist_student_e300_L2_b64/autoencoder/cp-0027.hdf5
 - 52s - loss: 0.1927 - mean_absolute_error: 0.1043 - val_loss: 0.1899 - val_mean_absolute_error: 0.1001
Epoch 28/300

Epoch 00028: saving model to models/mnist_student_e300_L2_b64/autoencoder/cp-0028.hdf5
 - 52s - loss: 0.1918 - mean_absolute_error: 0.1037 - val_loss: 0.1884 - val_mean_absolute_error: 0.1022
Epoch 29/300

Epoch 00029: saving model to models/mnist_student_e300_L2_b64/autoencoder/cp-0029.hdf5
 - 52s - loss: 0.1918 - mean_absolute_error: 0.1036 - val_loss: 0.1880 - val_mean_absolute_error: 0.1028
Epoch 30/300

Epoch 00030: saving model to models/mnist_student_e300_L2_b64/autoencoder/cp-0030.hdf5
 - 52s - loss: 0.1910 - mean_absolute_error: 0.1030 - val_loss: 0.1867 - val_mean_absolute_error: 0.1003
Epoch 31/300

Epoch 00031: saving model to models/mnist_student_e300_L2_b64/autoencoder/cp-0031.hdf5
 - 53s - loss: 0.1906 - mean_absolute_error: 0.1028 - val_loss: 0.1894 - val_mean_absolute_error: 0.1060
Epoch 32/300

Epoch 00032: saving model to models/mnist_student_e300_L2_b64/autoencoder/cp-0032.hdf5
 - 52s - loss: 0.1898 - mean_absolute_error: 0.1023 - val_loss: 0.1859 - val_mean_absolute_error: 0.1018
Epoch 33/300

Epoch 00033: saving model to models/mnist_student_e300_L2_b64/autoencoder/cp-0033.hdf5
 - 52s - loss: 0.1900 - mean_absolute_error: 0.1023 - val_loss: 0.1852 - val_mean_absolute_error: 0.0993
Epoch 34/300

Epoch 00034: saving model to models/mnist_student_e300_L2_b64/autoencoder/cp-0034.hdf5
 - 52s - loss: 0.1892 - mean_absolute_error: 0.1019 - val_loss: 0.1853 - val_mean_absolute_error: 0.1017
Epoch 35/300

Epoch 00035: saving model to models/mnist_student_e300_L2_b64/autoencoder/cp-0035.hdf5
 - 52s - loss: 0.1890 - mean_absolute_error: 0.1017 - val_loss: 0.1840 - val_mean_absolute_error: 0.0998
Epoch 36/300

Epoch 00036: saving model to models/mnist_student_e300_L2_b64/autoencoder/cp-0036.hdf5
 - 52s - loss: 0.1881 - mean_absolute_error: 0.1013 - val_loss: 0.1859 - val_mean_absolute_error: 0.1008
Epoch 37/300

Epoch 00037: saving model to models/mnist_student_e300_L2_b64/autoencoder/cp-0037.hdf5
 - 52s - loss: 0.1881 - mean_absolute_error: 0.1012 - val_loss: 0.1850 - val_mean_absolute_error: 0.0990
Epoch 38/300

Epoch 00038: saving model to models/mnist_student_e300_L2_b64/autoencoder/cp-0038.hdf5
 - 52s - loss: 0.1880 - mean_absolute_error: 0.1011 - val_loss: 0.1842 - val_mean_absolute_error: 0.0983
Epoch 39/300

Epoch 00039: saving model to models/mnist_student_e300_L2_b64/autoencoder/cp-0039.hdf5
 - 52s - loss: 0.1871 - mean_absolute_error: 0.1007 - val_loss: 0.1856 - val_mean_absolute_error: 0.0965
Epoch 40/300

Epoch 00040: saving model to models/mnist_student_e300_L2_b64/autoencoder/cp-0040.hdf5
 - 52s - loss: 0.1869 - mean_absolute_error: 0.1005 - val_loss: 0.1830 - val_mean_absolute_error: 0.0974
Epoch 41/300

Epoch 00041: saving model to models/mnist_student_e300_L2_b64/autoencoder/cp-0041.hdf5
 - 52s - loss: 0.1871 - mean_absolute_error: 0.1005 - val_loss: 0.1830 - val_mean_absolute_error: 0.1006
Epoch 42/300

Epoch 00042: saving model to models/mnist_student_e300_L2_b64/autoencoder/cp-0042.hdf5
 - 52s - loss: 0.1861 - mean_absolute_error: 0.1001 - val_loss: 0.1839 - val_mean_absolute_error: 0.1012
Epoch 43/300

Epoch 00043: saving model to models/mnist_student_e300_L2_b64/autoencoder/cp-0043.hdf5
 - 52s - loss: 0.1862 - mean_absolute_error: 0.1002 - val_loss: 0.1821 - val_mean_absolute_error: 0.0989
Epoch 44/300

Epoch 00044: saving model to models/mnist_student_e300_L2_b64/autoencoder/cp-0044.hdf5
 - 52s - loss: 0.1855 - mean_absolute_error: 0.0997 - val_loss: 0.1820 - val_mean_absolute_error: 0.0994
Epoch 45/300

Epoch 00045: saving model to models/mnist_student_e300_L2_b64/autoencoder/cp-0045.hdf5
 - 52s - loss: 0.1860 - mean_absolute_error: 0.0998 - val_loss: 0.1823 - val_mean_absolute_error: 0.0993
Epoch 46/300

Epoch 00046: saving model to models/mnist_student_e300_L2_b64/autoencoder/cp-0046.hdf5
 - 52s - loss: 0.1855 - mean_absolute_error: 0.0995 - val_loss: 0.1844 - val_mean_absolute_error: 0.1014
Epoch 47/300

Epoch 00047: saving model to models/mnist_student_e300_L2_b64/autoencoder/cp-0047.hdf5
 - 52s - loss: 0.1850 - mean_absolute_error: 0.0993 - val_loss: 0.1872 - val_mean_absolute_error: 0.1023
Epoch 48/300

Epoch 00048: saving model to models/mnist_student_e300_L2_b64/autoencoder/cp-0048.hdf5
 - 52s - loss: 0.1845 - mean_absolute_error: 0.0991 - val_loss: 0.1800 - val_mean_absolute_error: 0.0961
Epoch 49/300

Epoch 00049: saving model to models/mnist_student_e300_L2_b64/autoencoder/cp-0049.hdf5
 - 52s - loss: 0.1847 - mean_absolute_error: 0.0991 - val_loss: 0.1813 - val_mean_absolute_error: 0.0959
Epoch 50/300

Epoch 00050: saving model to models/mnist_student_e300_L2_b64/autoencoder/cp-0050.hdf5
 - 52s - loss: 0.1842 - mean_absolute_error: 0.0990 - val_loss: 0.1807 - val_mean_absolute_error: 0.0972
Epoch 51/300

Epoch 00051: saving model to models/mnist_student_e300_L2_b64/autoencoder/cp-0051.hdf5
 - 52s - loss: 0.1837 - mean_absolute_error: 0.0985 - val_loss: 0.1805 - val_mean_absolute_error: 0.0954
Epoch 52/300

Epoch 00052: saving model to models/mnist_student_e300_L2_b64/autoencoder/cp-0052.hdf5
 - 52s - loss: 0.1838 - mean_absolute_error: 0.0986 - val_loss: 0.1806 - val_mean_absolute_error: 0.0962
Epoch 53/300

Epoch 00053: saving model to models/mnist_student_e300_L2_b64/autoencoder/cp-0053.hdf5
 - 52s - loss: 0.1834 - mean_absolute_error: 0.0985 - val_loss: 0.1874 - val_mean_absolute_error: 0.0971
Epoch 54/300

Epoch 00054: saving model to models/mnist_student_e300_L2_b64/autoencoder/cp-0054.hdf5
 - 52s - loss: 0.1834 - mean_absolute_error: 0.0986 - val_loss: 0.1787 - val_mean_absolute_error: 0.0962
Epoch 55/300

Epoch 00055: saving model to models/mnist_student_e300_L2_b64/autoencoder/cp-0055.hdf5
 - 52s - loss: 0.1830 - mean_absolute_error: 0.0982 - val_loss: 0.1821 - val_mean_absolute_error: 0.1003
Epoch 56/300

Epoch 00056: saving model to models/mnist_student_e300_L2_b64/autoencoder/cp-0056.hdf5
 - 52s - loss: 0.1827 - mean_absolute_error: 0.0981 - val_loss: 0.1785 - val_mean_absolute_error: 0.0957
Epoch 57/300

Epoch 00057: saving model to models/mnist_student_e300_L2_b64/autoencoder/cp-0057.hdf5
 - 52s - loss: 0.1826 - mean_absolute_error: 0.0979 - val_loss: 0.1806 - val_mean_absolute_error: 0.0978
Epoch 58/300

Epoch 00058: saving model to models/mnist_student_e300_L2_b64/autoencoder/cp-0058.hdf5
 - 52s - loss: 0.1828 - mean_absolute_error: 0.0980 - val_loss: 0.1822 - val_mean_absolute_error: 0.0946
Epoch 59/300

Epoch 00059: saving model to models/mnist_student_e300_L2_b64/autoencoder/cp-0059.hdf5
 - 52s - loss: 0.1825 - mean_absolute_error: 0.0979 - val_loss: 0.1785 - val_mean_absolute_error: 0.0960
Epoch 60/300

Epoch 00060: saving model to models/mnist_student_e300_L2_b64/autoencoder/cp-0060.hdf5
 - 52s - loss: 0.1821 - mean_absolute_error: 0.0976 - val_loss: 0.1781 - val_mean_absolute_error: 0.0945
Epoch 61/300

Epoch 00061: saving model to models/mnist_student_e300_L2_b64/autoencoder/cp-0061.hdf5
 - 52s - loss: 0.1817 - mean_absolute_error: 0.0974 - val_loss: 0.1790 - val_mean_absolute_error: 0.0974
Epoch 62/300

Epoch 00062: saving model to models/mnist_student_e300_L2_b64/autoencoder/cp-0062.hdf5
 - 52s - loss: 0.1820 - mean_absolute_error: 0.0976 - val_loss: 0.1779 - val_mean_absolute_error: 0.0962
Epoch 63/300

Epoch 00063: saving model to models/mnist_student_e300_L2_b64/autoencoder/cp-0063.hdf5
 - 53s - loss: 0.1817 - mean_absolute_error: 0.0975 - val_loss: 0.1789 - val_mean_absolute_error: 0.0953
Epoch 64/300

Epoch 00064: saving model to models/mnist_student_e300_L2_b64/autoencoder/cp-0064.hdf5
 - 52s - loss: 0.1815 - mean_absolute_error: 0.0973 - val_loss: 0.1873 - val_mean_absolute_error: 0.1038
Epoch 65/300

Epoch 00065: saving model to models/mnist_student_e300_L2_b64/autoencoder/cp-0065.hdf5
 - 52s - loss: 0.1815 - mean_absolute_error: 0.0973 - val_loss: 0.1837 - val_mean_absolute_error: 0.0976
Epoch 66/300

Epoch 00066: saving model to models/mnist_student_e300_L2_b64/autoencoder/cp-0066.hdf5
 - 52s - loss: 0.1809 - mean_absolute_error: 0.0968 - val_loss: 0.1776 - val_mean_absolute_error: 0.0938
Epoch 67/300

Epoch 00067: saving model to models/mnist_student_e300_L2_b64/autoencoder/cp-0067.hdf5
 - 52s - loss: 0.1807 - mean_absolute_error: 0.0969 - val_loss: 0.1789 - val_mean_absolute_error: 0.0953
Epoch 68/300

Epoch 00068: saving model to models/mnist_student_e300_L2_b64/autoencoder/cp-0068.hdf5
 - 52s - loss: 0.1804 - mean_absolute_error: 0.0968 - val_loss: 0.1761 - val_mean_absolute_error: 0.0940
Epoch 69/300

Epoch 00069: saving model to models/mnist_student_e300_L2_b64/autoencoder/cp-0069.hdf5
 - 53s - loss: 0.1802 - mean_absolute_error: 0.0967 - val_loss: 0.1765 - val_mean_absolute_error: 0.0947
Epoch 70/300

Epoch 00070: saving model to models/mnist_student_e300_L2_b64/autoencoder/cp-0070.hdf5
 - 52s - loss: 0.1803 - mean_absolute_error: 0.0965 - val_loss: 0.1788 - val_mean_absolute_error: 0.0965
Epoch 71/300

Epoch 00071: saving model to models/mnist_student_e300_L2_b64/autoencoder/cp-0071.hdf5
 - 52s - loss: 0.1806 - mean_absolute_error: 0.0967 - val_loss: 0.1768 - val_mean_absolute_error: 0.0954
Epoch 72/300

Epoch 00072: saving model to models/mnist_student_e300_L2_b64/autoencoder/cp-0072.hdf5
 - 52s - loss: 0.1798 - mean_absolute_error: 0.0964 - val_loss: 0.1764 - val_mean_absolute_error: 0.0939
Epoch 73/300

Epoch 00073: saving model to models/mnist_student_e300_L2_b64/autoencoder/cp-0073.hdf5
 - 52s - loss: 0.1799 - mean_absolute_error: 0.0963 - val_loss: 0.1770 - val_mean_absolute_error: 0.0942
Epoch 74/300

Epoch 00074: saving model to models/mnist_student_e300_L2_b64/autoencoder/cp-0074.hdf5
 - 52s - loss: 0.1794 - mean_absolute_error: 0.0962 - val_loss: 0.1788 - val_mean_absolute_error: 0.0977
Epoch 75/300

Epoch 00075: saving model to models/mnist_student_e300_L2_b64/autoencoder/cp-0075.hdf5
 - 52s - loss: 0.1792 - mean_absolute_error: 0.0962 - val_loss: 0.1762 - val_mean_absolute_error: 0.0933
Epoch 76/300

Epoch 00076: saving model to models/mnist_student_e300_L2_b64/autoencoder/cp-0076.hdf5
 - 52s - loss: 0.1794 - mean_absolute_error: 0.0961 - val_loss: 0.1764 - val_mean_absolute_error: 0.0946
Epoch 77/300

Epoch 00077: saving model to models/mnist_student_e300_L2_b64/autoencoder/cp-0077.hdf5
 - 52s - loss: 0.1793 - mean_absolute_error: 0.0960 - val_loss: 0.1754 - val_mean_absolute_error: 0.0949
Epoch 78/300

Epoch 00078: saving model to models/mnist_student_e300_L2_b64/autoencoder/cp-0078.hdf5
 - 52s - loss: 0.1793 - mean_absolute_error: 0.0961 - val_loss: 0.1777 - val_mean_absolute_error: 0.0958
Epoch 79/300

Epoch 00079: saving model to models/mnist_student_e300_L2_b64/autoencoder/cp-0079.hdf5
 - 52s - loss: 0.1793 - mean_absolute_error: 0.0961 - val_loss: 0.1801 - val_mean_absolute_error: 0.0987
Epoch 80/300

Epoch 00080: saving model to models/mnist_student_e300_L2_b64/autoencoder/cp-0080.hdf5
 - 52s - loss: 0.1791 - mean_absolute_error: 0.0959 - val_loss: 0.1754 - val_mean_absolute_error: 0.0934
Epoch 81/300

Epoch 00081: saving model to models/mnist_student_e300_L2_b64/autoencoder/cp-0081.hdf5
 - 52s - loss: 0.1789 - mean_absolute_error: 0.0958 - val_loss: 0.1761 - val_mean_absolute_error: 0.0938
Epoch 82/300

Epoch 00082: saving model to models/mnist_student_e300_L2_b64/autoencoder/cp-0082.hdf5
 - 52s - loss: 0.1787 - mean_absolute_error: 0.0959 - val_loss: 0.1768 - val_mean_absolute_error: 0.0934
Epoch 83/300

Epoch 00083: saving model to models/mnist_student_e300_L2_b64/autoencoder/cp-0083.hdf5
 - 52s - loss: 0.1789 - mean_absolute_error: 0.0960 - val_loss: 0.1757 - val_mean_absolute_error: 0.0945
Epoch 84/300

Epoch 00084: saving model to models/mnist_student_e300_L2_b64/autoencoder/cp-0084.hdf5
 - 52s - loss: 0.1783 - mean_absolute_error: 0.0955 - val_loss: 0.1764 - val_mean_absolute_error: 0.0945
Epoch 85/300

Epoch 00085: saving model to models/mnist_student_e300_L2_b64/autoencoder/cp-0085.hdf5
 - 52s - loss: 0.1783 - mean_absolute_error: 0.0955 - val_loss: 0.1749 - val_mean_absolute_error: 0.0930
Epoch 86/300

Epoch 00086: saving model to models/mnist_student_e300_L2_b64/autoencoder/cp-0086.hdf5
 - 52s - loss: 0.1778 - mean_absolute_error: 0.0952 - val_loss: 0.1763 - val_mean_absolute_error: 0.0929
Epoch 87/300

Epoch 00087: saving model to models/mnist_student_e300_L2_b64/autoencoder/cp-0087.hdf5
 - 52s - loss: 0.1782 - mean_absolute_error: 0.0955 - val_loss: 0.1767 - val_mean_absolute_error: 0.0956
Epoch 88/300

Epoch 00088: saving model to models/mnist_student_e300_L2_b64/autoencoder/cp-0088.hdf5
 - 52s - loss: 0.1778 - mean_absolute_error: 0.0955 - val_loss: 0.1743 - val_mean_absolute_error: 0.0932
Epoch 89/300

Epoch 00089: saving model to models/mnist_student_e300_L2_b64/autoencoder/cp-0089.hdf5
 - 52s - loss: 0.1778 - mean_absolute_error: 0.0956 - val_loss: 0.1750 - val_mean_absolute_error: 0.0946
Epoch 90/300

Epoch 00090: saving model to models/mnist_student_e300_L2_b64/autoencoder/cp-0090.hdf5
 - 52s - loss: 0.1777 - mean_absolute_error: 0.0953 - val_loss: 0.1750 - val_mean_absolute_error: 0.0938
Epoch 91/300

Epoch 00091: saving model to models/mnist_student_e300_L2_b64/autoencoder/cp-0091.hdf5
 - 52s - loss: 0.1776 - mean_absolute_error: 0.0952 - val_loss: 0.1762 - val_mean_absolute_error: 0.0953
Epoch 92/300

Epoch 00092: saving model to models/mnist_student_e300_L2_b64/autoencoder/cp-0092.hdf5
 - 52s - loss: 0.1773 - mean_absolute_error: 0.0953 - val_loss: 0.1753 - val_mean_absolute_error: 0.0956
Epoch 93/300

Epoch 00093: saving model to models/mnist_student_e300_L2_b64/autoencoder/cp-0093.hdf5
 - 52s - loss: 0.1773 - mean_absolute_error: 0.0952 - val_loss: 0.1741 - val_mean_absolute_error: 0.0934
Epoch 94/300

Epoch 00094: saving model to models/mnist_student_e300_L2_b64/autoencoder/cp-0094.hdf5
 - 52s - loss: 0.1778 - mean_absolute_error: 0.0955 - val_loss: 0.1815 - val_mean_absolute_error: 0.0994
Epoch 95/300

Epoch 00095: saving model to models/mnist_student_e300_L2_b64/autoencoder/cp-0095.hdf5
 - 52s - loss: 0.1776 - mean_absolute_error: 0.0954 - val_loss: 0.1755 - val_mean_absolute_error: 0.0927
Epoch 96/300

Epoch 00096: saving model to models/mnist_student_e300_L2_b64/autoencoder/cp-0096.hdf5
 - 52s - loss: 0.1776 - mean_absolute_error: 0.0955 - val_loss: 0.1745 - val_mean_absolute_error: 0.0935
Epoch 97/300

Epoch 00097: saving model to models/mnist_student_e300_L2_b64/autoencoder/cp-0097.hdf5
 - 52s - loss: 0.1770 - mean_absolute_error: 0.0952 - val_loss: 0.1742 - val_mean_absolute_error: 0.0936
Epoch 98/300

Epoch 00098: saving model to models/mnist_student_e300_L2_b64/autoencoder/cp-0098.hdf5
 - 52s - loss: 0.1770 - mean_absolute_error: 0.0951 - val_loss: 0.1779 - val_mean_absolute_error: 0.0970
Epoch 99/300

Epoch 00099: saving model to models/mnist_student_e300_L2_b64/autoencoder/cp-0099.hdf5
 - 52s - loss: 0.1769 - mean_absolute_error: 0.0949 - val_loss: 0.1757 - val_mean_absolute_error: 0.0941
Epoch 100/300

Epoch 00100: saving model to models/mnist_student_e300_L2_b64/autoencoder/cp-0100.hdf5
 - 52s - loss: 0.1769 - mean_absolute_error: 0.0951 - val_loss: 0.1748 - val_mean_absolute_error: 0.0931
Epoch 101/300

Epoch 00101: saving model to models/mnist_student_e300_L2_b64/autoencoder/cp-0101.hdf5
 - 52s - loss: 0.1769 - mean_absolute_error: 0.0952 - val_loss: 0.1832 - val_mean_absolute_error: 0.1021
Epoch 102/300

Epoch 00102: saving model to models/mnist_student_e300_L2_b64/autoencoder/cp-0102.hdf5
 - 52s - loss: 0.1762 - mean_absolute_error: 0.0947 - val_loss: 0.1756 - val_mean_absolute_error: 0.0929
Epoch 103/300

Epoch 00103: saving model to models/mnist_student_e300_L2_b64/autoencoder/cp-0103.hdf5
 - 52s - loss: 0.1766 - mean_absolute_error: 0.0949 - val_loss: 0.1728 - val_mean_absolute_error: 0.0923
Epoch 104/300

Epoch 00104: saving model to models/mnist_student_e300_L2_b64/autoencoder/cp-0104.hdf5
 - 52s - loss: 0.1765 - mean_absolute_error: 0.0949 - val_loss: 0.1788 - val_mean_absolute_error: 0.0947
Epoch 105/300

Epoch 00105: saving model to models/mnist_student_e300_L2_b64/autoencoder/cp-0105.hdf5
 - 52s - loss: 0.1764 - mean_absolute_error: 0.0947 - val_loss: 0.1728 - val_mean_absolute_error: 0.0929
Epoch 106/300

Epoch 00106: saving model to models/mnist_student_e300_L2_b64/autoencoder/cp-0106.hdf5
 - 52s - loss: 0.1765 - mean_absolute_error: 0.0949 - val_loss: 0.1750 - val_mean_absolute_error: 0.0948
Epoch 107/300

Epoch 00107: saving model to models/mnist_student_e300_L2_b64/autoencoder/cp-0107.hdf5
 - 52s - loss: 0.1758 - mean_absolute_error: 0.0942 - val_loss: 0.1752 - val_mean_absolute_error: 0.0918
Epoch 108/300

Epoch 00108: saving model to models/mnist_student_e300_L2_b64/autoencoder/cp-0108.hdf5
 - 52s - loss: 0.1757 - mean_absolute_error: 0.0943 - val_loss: 0.1737 - val_mean_absolute_error: 0.0950
Epoch 109/300

Epoch 00109: saving model to models/mnist_student_e300_L2_b64/autoencoder/cp-0109.hdf5
 - 52s - loss: 0.1759 - mean_absolute_error: 0.0946 - val_loss: 0.1732 - val_mean_absolute_error: 0.0924
Epoch 110/300

Epoch 00110: saving model to models/mnist_student_e300_L2_b64/autoencoder/cp-0110.hdf5
 - 52s - loss: 0.1761 - mean_absolute_error: 0.0948 - val_loss: 0.1729 - val_mean_absolute_error: 0.0932
Epoch 111/300

Epoch 00111: saving model to models/mnist_student_e300_L2_b64/autoencoder/cp-0111.hdf5
 - 52s - loss: 0.1757 - mean_absolute_error: 0.0944 - val_loss: 0.1734 - val_mean_absolute_error: 0.0932
Epoch 112/300

Epoch 00112: saving model to models/mnist_student_e300_L2_b64/autoencoder/cp-0112.hdf5
 - 52s - loss: 0.1761 - mean_absolute_error: 0.0946 - val_loss: 0.1745 - val_mean_absolute_error: 0.0958
Epoch 113/300

Epoch 00113: saving model to models/mnist_student_e300_L2_b64/autoencoder/cp-0113.hdf5
 - 52s - loss: 0.1758 - mean_absolute_error: 0.0944 - val_loss: 0.1747 - val_mean_absolute_error: 0.0957
Epoch 114/300

Epoch 00114: saving model to models/mnist_student_e300_L2_b64/autoencoder/cp-0114.hdf5
 - 52s - loss: 0.1756 - mean_absolute_error: 0.0944 - val_loss: 0.1731 - val_mean_absolute_error: 0.0912
Epoch 115/300

Epoch 00115: saving model to models/mnist_student_e300_L2_b64/autoencoder/cp-0115.hdf5
 - 52s - loss: 0.1753 - mean_absolute_error: 0.0941 - val_loss: 0.1774 - val_mean_absolute_error: 0.0939
Epoch 116/300

Epoch 00116: saving model to models/mnist_student_e300_L2_b64/autoencoder/cp-0116.hdf5
 - 52s - loss: 0.1754 - mean_absolute_error: 0.0942 - val_loss: 0.1735 - val_mean_absolute_error: 0.0930
Epoch 117/300

Epoch 00117: saving model to models/mnist_student_e300_L2_b64/autoencoder/cp-0117.hdf5
 - 52s - loss: 0.1755 - mean_absolute_error: 0.0942 - val_loss: 0.1782 - val_mean_absolute_error: 0.0975
Epoch 118/300

Epoch 00118: saving model to models/mnist_student_e300_L2_b64/autoencoder/cp-0118.hdf5
 - 52s - loss: 0.1750 - mean_absolute_error: 0.0940 - val_loss: 0.1726 - val_mean_absolute_error: 0.0911
Epoch 119/300

Epoch 00119: saving model to models/mnist_student_e300_L2_b64/autoencoder/cp-0119.hdf5
 - 52s - loss: 0.1749 - mean_absolute_error: 0.0942 - val_loss: 0.1731 - val_mean_absolute_error: 0.0929
Epoch 120/300

Epoch 00120: saving model to models/mnist_student_e300_L2_b64/autoencoder/cp-0120.hdf5
 - 52s - loss: 0.1753 - mean_absolute_error: 0.0942 - val_loss: 0.1730 - val_mean_absolute_error: 0.0920
Epoch 121/300

Epoch 00121: saving model to models/mnist_student_e300_L2_b64/autoencoder/cp-0121.hdf5
 - 52s - loss: 0.1750 - mean_absolute_error: 0.0941 - val_loss: 0.1742 - val_mean_absolute_error: 0.0945
Epoch 122/300

Epoch 00122: saving model to models/mnist_student_e300_L2_b64/autoencoder/cp-0122.hdf5
 - 52s - loss: 0.1746 - mean_absolute_error: 0.0938 - val_loss: 0.1748 - val_mean_absolute_error: 0.0933
Epoch 123/300

Epoch 00123: saving model to models/mnist_student_e300_L2_b64/autoencoder/cp-0123.hdf5
 - 53s - loss: 0.1745 - mean_absolute_error: 0.0938 - val_loss: 0.1720 - val_mean_absolute_error: 0.0925
Epoch 124/300

Epoch 00124: saving model to models/mnist_student_e300_L2_b64/autoencoder/cp-0124.hdf5
 - 52s - loss: 0.1749 - mean_absolute_error: 0.0941 - val_loss: 0.1758 - val_mean_absolute_error: 0.0925
Epoch 125/300

Epoch 00125: saving model to models/mnist_student_e300_L2_b64/autoencoder/cp-0125.hdf5
 - 52s - loss: 0.1755 - mean_absolute_error: 0.0948 - val_loss: 0.1731 - val_mean_absolute_error: 0.0913
Epoch 126/300

Epoch 00126: saving model to models/mnist_student_e300_L2_b64/autoencoder/cp-0126.hdf5
 - 52s - loss: 0.1746 - mean_absolute_error: 0.0938 - val_loss: 0.1727 - val_mean_absolute_error: 0.0915
Epoch 127/300

Epoch 00127: saving model to models/mnist_student_e300_L2_b64/autoencoder/cp-0127.hdf5
 - 52s - loss: 0.1743 - mean_absolute_error: 0.0937 - val_loss: 0.1732 - val_mean_absolute_error: 0.0944
Epoch 128/300

Epoch 00128: saving model to models/mnist_student_e300_L2_b64/autoencoder/cp-0128.hdf5
 - 52s - loss: 0.1744 - mean_absolute_error: 0.0937 - val_loss: 0.1719 - val_mean_absolute_error: 0.0918
Epoch 129/300

Epoch 00129: saving model to models/mnist_student_e300_L2_b64/autoencoder/cp-0129.hdf5
 - 52s - loss: 0.1749 - mean_absolute_error: 0.0941 - val_loss: 0.1723 - val_mean_absolute_error: 0.0937
Epoch 130/300

Epoch 00130: saving model to models/mnist_student_e300_L2_b64/autoencoder/cp-0130.hdf5
 - 52s - loss: 0.1737 - mean_absolute_error: 0.0932 - val_loss: 0.1739 - val_mean_absolute_error: 0.0950
Epoch 131/300

Epoch 00131: saving model to models/mnist_student_e300_L2_b64/autoencoder/cp-0131.hdf5
 - 52s - loss: 0.1742 - mean_absolute_error: 0.0937 - val_loss: 0.1720 - val_mean_absolute_error: 0.0917
Epoch 132/300

Epoch 00132: saving model to models/mnist_student_e300_L2_b64/autoencoder/cp-0132.hdf5
 - 52s - loss: 0.1744 - mean_absolute_error: 0.0939 - val_loss: 0.1731 - val_mean_absolute_error: 0.0944
Epoch 133/300

Epoch 00133: saving model to models/mnist_student_e300_L2_b64/autoencoder/cp-0133.hdf5
 - 52s - loss: 0.1746 - mean_absolute_error: 0.0940 - val_loss: 0.1720 - val_mean_absolute_error: 0.0918
Epoch 134/300

Epoch 00134: saving model to models/mnist_student_e300_L2_b64/autoencoder/cp-0134.hdf5
 - 52s - loss: 0.1738 - mean_absolute_error: 0.0935 - val_loss: 0.1716 - val_mean_absolute_error: 0.0913
Epoch 135/300

Epoch 00135: saving model to models/mnist_student_e300_L2_b64/autoencoder/cp-0135.hdf5
 - 52s - loss: 0.1739 - mean_absolute_error: 0.0934 - val_loss: 0.1712 - val_mean_absolute_error: 0.0912
Epoch 136/300

Epoch 00136: saving model to models/mnist_student_e300_L2_b64/autoencoder/cp-0136.hdf5
 - 52s - loss: 0.1742 - mean_absolute_error: 0.0935 - val_loss: 0.1731 - val_mean_absolute_error: 0.0940
Epoch 137/300

Epoch 00137: saving model to models/mnist_student_e300_L2_b64/autoencoder/cp-0137.hdf5
 - 52s - loss: 0.1737 - mean_absolute_error: 0.0935 - val_loss: 0.1737 - val_mean_absolute_error: 0.0941
Epoch 138/300

Epoch 00138: saving model to models/mnist_student_e300_L2_b64/autoencoder/cp-0138.hdf5
 - 52s - loss: 0.1738 - mean_absolute_error: 0.0934 - val_loss: 0.1716 - val_mean_absolute_error: 0.0930
Epoch 139/300

Epoch 00139: saving model to models/mnist_student_e300_L2_b64/autoencoder/cp-0139.hdf5
 - 52s - loss: 0.1739 - mean_absolute_error: 0.0937 - val_loss: 0.1739 - val_mean_absolute_error: 0.0921
Epoch 140/300

Epoch 00140: saving model to models/mnist_student_e300_L2_b64/autoencoder/cp-0140.hdf5
 - 52s - loss: 0.1735 - mean_absolute_error: 0.0935 - val_loss: 0.1705 - val_mean_absolute_error: 0.0919
Epoch 141/300

Epoch 00141: saving model to models/mnist_student_e300_L2_b64/autoencoder/cp-0141.hdf5
 - 52s - loss: 0.1731 - mean_absolute_error: 0.0929 - val_loss: 0.1711 - val_mean_absolute_error: 0.0903
Epoch 142/300

Epoch 00142: saving model to models/mnist_student_e300_L2_b64/autoencoder/cp-0142.hdf5
 - 52s - loss: 0.1736 - mean_absolute_error: 0.0934 - val_loss: 0.1730 - val_mean_absolute_error: 0.0936
Epoch 143/300

Epoch 00143: saving model to models/mnist_student_e300_L2_b64/autoencoder/cp-0143.hdf5
 - 52s - loss: 0.1734 - mean_absolute_error: 0.0934 - val_loss: 0.1702 - val_mean_absolute_error: 0.0920
Epoch 144/300

Epoch 00144: saving model to models/mnist_student_e300_L2_b64/autoencoder/cp-0144.hdf5
 - 52s - loss: 0.1733 - mean_absolute_error: 0.0930 - val_loss: 0.1719 - val_mean_absolute_error: 0.0922
Epoch 145/300

Epoch 00145: saving model to models/mnist_student_e300_L2_b64/autoencoder/cp-0145.hdf5
 - 52s - loss: 0.1734 - mean_absolute_error: 0.0933 - val_loss: 0.1704 - val_mean_absolute_error: 0.0904
Epoch 146/300

Epoch 00146: saving model to models/mnist_student_e300_L2_b64/autoencoder/cp-0146.hdf5
 - 52s - loss: 0.1737 - mean_absolute_error: 0.0936 - val_loss: 0.1722 - val_mean_absolute_error: 0.0932
Epoch 147/300

Epoch 00147: saving model to models/mnist_student_e300_L2_b64/autoencoder/cp-0147.hdf5
 - 52s - loss: 0.1740 - mean_absolute_error: 0.0938 - val_loss: 0.1727 - val_mean_absolute_error: 0.0933
Epoch 148/300

Epoch 00148: saving model to models/mnist_student_e300_L2_b64/autoencoder/cp-0148.hdf5
 - 52s - loss: 0.1731 - mean_absolute_error: 0.0934 - val_loss: 0.1731 - val_mean_absolute_error: 0.0932
Epoch 149/300

Epoch 00149: saving model to models/mnist_student_e300_L2_b64/autoencoder/cp-0149.hdf5
 - 52s - loss: 0.1732 - mean_absolute_error: 0.0930 - val_loss: 0.1710 - val_mean_absolute_error: 0.0908
Epoch 150/300

Epoch 00150: saving model to models/mnist_student_e300_L2_b64/autoencoder/cp-0150.hdf5
 - 52s - loss: 0.1729 - mean_absolute_error: 0.0931 - val_loss: 0.1712 - val_mean_absolute_error: 0.0915
Epoch 151/300

Epoch 00151: saving model to models/mnist_student_e300_L2_b64/autoencoder/cp-0151.hdf5
 - 52s - loss: 0.1731 - mean_absolute_error: 0.0930 - val_loss: 0.1735 - val_mean_absolute_error: 0.0957
Epoch 152/300

Epoch 00152: saving model to models/mnist_student_e300_L2_b64/autoencoder/cp-0152.hdf5
 - 52s - loss: 0.1737 - mean_absolute_error: 0.0935 - val_loss: 0.1705 - val_mean_absolute_error: 0.0905
Epoch 153/300

Epoch 00153: saving model to models/mnist_student_e300_L2_b64/autoencoder/cp-0153.hdf5
 - 52s - loss: 0.1728 - mean_absolute_error: 0.0928 - val_loss: 0.1722 - val_mean_absolute_error: 0.0931
Epoch 154/300

Epoch 00154: saving model to models/mnist_student_e300_L2_b64/autoencoder/cp-0154.hdf5
 - 52s - loss: 0.1731 - mean_absolute_error: 0.0932 - val_loss: 0.1700 - val_mean_absolute_error: 0.0907
Epoch 155/300

Epoch 00155: saving model to models/mnist_student_e300_L2_b64/autoencoder/cp-0155.hdf5
 - 52s - loss: 0.1732 - mean_absolute_error: 0.0930 - val_loss: 0.1721 - val_mean_absolute_error: 0.0915
Epoch 156/300

Epoch 00156: saving model to models/mnist_student_e300_L2_b64/autoencoder/cp-0156.hdf5
 - 52s - loss: 0.1728 - mean_absolute_error: 0.0928 - val_loss: 0.1712 - val_mean_absolute_error: 0.0905
Epoch 157/300

Epoch 00157: saving model to models/mnist_student_e300_L2_b64/autoencoder/cp-0157.hdf5
 - 52s - loss: 0.1731 - mean_absolute_error: 0.0931 - val_loss: 0.1715 - val_mean_absolute_error: 0.0919
Epoch 158/300

Epoch 00158: saving model to models/mnist_student_e300_L2_b64/autoencoder/cp-0158.hdf5
 - 52s - loss: 0.1727 - mean_absolute_error: 0.0929 - val_loss: 0.1734 - val_mean_absolute_error: 0.0919
Epoch 159/300

Epoch 00159: saving model to models/mnist_student_e300_L2_b64/autoencoder/cp-0159.hdf5
 - 52s - loss: 0.1724 - mean_absolute_error: 0.0926 - val_loss: 0.1707 - val_mean_absolute_error: 0.0907
Epoch 160/300

Epoch 00160: saving model to models/mnist_student_e300_L2_b64/autoencoder/cp-0160.hdf5
 - 52s - loss: 0.1732 - mean_absolute_error: 0.0932 - val_loss: 0.1724 - val_mean_absolute_error: 0.0928
Epoch 161/300

Epoch 00161: saving model to models/mnist_student_e300_L2_b64/autoencoder/cp-0161.hdf5
 - 52s - loss: 0.1728 - mean_absolute_error: 0.0930 - val_loss: 0.1714 - val_mean_absolute_error: 0.0905
Epoch 162/300

Epoch 00162: saving model to models/mnist_student_e300_L2_b64/autoencoder/cp-0162.hdf5
 - 52s - loss: 0.1726 - mean_absolute_error: 0.0929 - val_loss: 0.1728 - val_mean_absolute_error: 0.0904
Epoch 163/300

Epoch 00163: saving model to models/mnist_student_e300_L2_b64/autoencoder/cp-0163.hdf5
 - 52s - loss: 0.1731 - mean_absolute_error: 0.0932 - val_loss: 0.1731 - val_mean_absolute_error: 0.0937
Epoch 164/300

Epoch 00164: saving model to models/mnist_student_e300_L2_b64/autoencoder/cp-0164.hdf5
 - 52s - loss: 0.1724 - mean_absolute_error: 0.0929 - val_loss: 0.1733 - val_mean_absolute_error: 0.0922
Epoch 165/300

Epoch 00165: saving model to models/mnist_student_e300_L2_b64/autoencoder/cp-0165.hdf5
 - 52s - loss: 0.1723 - mean_absolute_error: 0.0928 - val_loss: 0.1717 - val_mean_absolute_error: 0.0929
Epoch 166/300

Epoch 00166: saving model to models/mnist_student_e300_L2_b64/autoencoder/cp-0166.hdf5
 - 52s - loss: 0.1722 - mean_absolute_error: 0.0928 - val_loss: 0.1713 - val_mean_absolute_error: 0.0906
Epoch 167/300

Epoch 00167: saving model to models/mnist_student_e300_L2_b64/autoencoder/cp-0167.hdf5
 - 52s - loss: 0.1726 - mean_absolute_error: 0.0929 - val_loss: 0.1715 - val_mean_absolute_error: 0.0933
Epoch 168/300

Epoch 00168: saving model to models/mnist_student_e300_L2_b64/autoencoder/cp-0168.hdf5
 - 52s - loss: 0.1719 - mean_absolute_error: 0.0925 - val_loss: 0.1710 - val_mean_absolute_error: 0.0910
Epoch 169/300

Epoch 00169: saving model to models/mnist_student_e300_L2_b64/autoencoder/cp-0169.hdf5
 - 52s - loss: 0.1715 - mean_absolute_error: 0.0927 - val_loss: 0.1698 - val_mean_absolute_error: 0.0913
Epoch 170/300

Epoch 00170: saving model to models/mnist_student_e300_L2_b64/autoencoder/cp-0170.hdf5
 - 52s - loss: 0.1727 - mean_absolute_error: 0.0929 - val_loss: 0.1716 - val_mean_absolute_error: 0.0897
Epoch 171/300

Epoch 00171: saving model to models/mnist_student_e300_L2_b64/autoencoder/cp-0171.hdf5
 - 52s - loss: 0.1719 - mean_absolute_error: 0.0924 - val_loss: 0.1724 - val_mean_absolute_error: 0.0909
Epoch 172/300

Epoch 00172: saving model to models/mnist_student_e300_L2_b64/autoencoder/cp-0172.hdf5
 - 52s - loss: 0.1724 - mean_absolute_error: 0.0928 - val_loss: 0.1707 - val_mean_absolute_error: 0.0909
Epoch 173/300

Epoch 00173: saving model to models/mnist_student_e300_L2_b64/autoencoder/cp-0173.hdf5
 - 52s - loss: 0.1723 - mean_absolute_error: 0.0927 - val_loss: 0.1706 - val_mean_absolute_error: 0.0915
Epoch 174/300

Epoch 00174: saving model to models/mnist_student_e300_L2_b64/autoencoder/cp-0174.hdf5
 - 52s - loss: 0.1721 - mean_absolute_error: 0.0925 - val_loss: 0.1730 - val_mean_absolute_error: 0.0915
Epoch 175/300

Epoch 00175: saving model to models/mnist_student_e300_L2_b64/autoencoder/cp-0175.hdf5
 - 52s - loss: 0.1721 - mean_absolute_error: 0.0925 - val_loss: 0.1723 - val_mean_absolute_error: 0.0930
Epoch 176/300

Epoch 00176: saving model to models/mnist_student_e300_L2_b64/autoencoder/cp-0176.hdf5
 - 52s - loss: 0.1717 - mean_absolute_error: 0.0923 - val_loss: 0.1692 - val_mean_absolute_error: 0.0908
Epoch 177/300

Epoch 00177: saving model to models/mnist_student_e300_L2_b64/autoencoder/cp-0177.hdf5
 - 52s - loss: 0.1718 - mean_absolute_error: 0.0926 - val_loss: 0.1696 - val_mean_absolute_error: 0.0896
Epoch 178/300

Epoch 00178: saving model to models/mnist_student_e300_L2_b64/autoencoder/cp-0178.hdf5
 - 52s - loss: 0.1715 - mean_absolute_error: 0.0922 - val_loss: 0.1728 - val_mean_absolute_error: 0.0933
Epoch 179/300

Epoch 00179: saving model to models/mnist_student_e300_L2_b64/autoencoder/cp-0179.hdf5
 - 52s - loss: 0.1718 - mean_absolute_error: 0.0924 - val_loss: 0.1702 - val_mean_absolute_error: 0.0920
Epoch 180/300

Epoch 00180: saving model to models/mnist_student_e300_L2_b64/autoencoder/cp-0180.hdf5
 - 52s - loss: 0.1715 - mean_absolute_error: 0.0924 - val_loss: 0.1693 - val_mean_absolute_error: 0.0904
Epoch 181/300

Epoch 00181: saving model to models/mnist_student_e300_L2_b64/autoencoder/cp-0181.hdf5
 - 52s - loss: 0.1715 - mean_absolute_error: 0.0923 - val_loss: 0.1717 - val_mean_absolute_error: 0.0921
Epoch 182/300

Epoch 00182: saving model to models/mnist_student_e300_L2_b64/autoencoder/cp-0182.hdf5
 - 52s - loss: 0.1715 - mean_absolute_error: 0.0925 - val_loss: 0.1738 - val_mean_absolute_error: 0.0919
Epoch 183/300

Epoch 00183: saving model to models/mnist_student_e300_L2_b64/autoencoder/cp-0183.hdf5
 - 52s - loss: 0.1718 - mean_absolute_error: 0.0921 - val_loss: 0.1701 - val_mean_absolute_error: 0.0914
Epoch 184/300

Epoch 00184: saving model to models/mnist_student_e300_L2_b64/autoencoder/cp-0184.hdf5
 - 52s - loss: 0.1713 - mean_absolute_error: 0.0920 - val_loss: 0.1696 - val_mean_absolute_error: 0.0902
Epoch 185/300

Epoch 00185: saving model to models/mnist_student_e300_L2_b64/autoencoder/cp-0185.hdf5
 - 52s - loss: 0.1718 - mean_absolute_error: 0.0923 - val_loss: 0.1691 - val_mean_absolute_error: 0.0893
Epoch 186/300

Epoch 00186: saving model to models/mnist_student_e300_L2_b64/autoencoder/cp-0186.hdf5
 - 52s - loss: 0.1712 - mean_absolute_error: 0.0922 - val_loss: 0.1708 - val_mean_absolute_error: 0.0903
Epoch 187/300

Epoch 00187: saving model to models/mnist_student_e300_L2_b64/autoencoder/cp-0187.hdf5
 - 52s - loss: 0.1716 - mean_absolute_error: 0.0924 - val_loss: 0.1695 - val_mean_absolute_error: 0.0903
Epoch 188/300

Epoch 00188: saving model to models/mnist_student_e300_L2_b64/autoencoder/cp-0188.hdf5
 - 52s - loss: 0.1712 - mean_absolute_error: 0.0923 - val_loss: 0.1694 - val_mean_absolute_error: 0.0923
Epoch 189/300

Epoch 00189: saving model to models/mnist_student_e300_L2_b64/autoencoder/cp-0189.hdf5
 - 52s - loss: 0.1714 - mean_absolute_error: 0.0919 - val_loss: 0.1756 - val_mean_absolute_error: 0.0928
Epoch 190/300

Epoch 00190: saving model to models/mnist_student_e300_L2_b64/autoencoder/cp-0190.hdf5
 - 52s - loss: 0.1716 - mean_absolute_error: 0.0922 - val_loss: 0.1704 - val_mean_absolute_error: 0.0912
Epoch 191/300

Epoch 00191: saving model to models/mnist_student_e300_L2_b64/autoencoder/cp-0191.hdf5
 - 52s - loss: 0.1716 - mean_absolute_error: 0.0923 - val_loss: 0.1694 - val_mean_absolute_error: 0.0909
Epoch 192/300

Epoch 00192: saving model to models/mnist_student_e300_L2_b64/autoencoder/cp-0192.hdf5
 - 52s - loss: 0.1709 - mean_absolute_error: 0.0918 - val_loss: 0.1689 - val_mean_absolute_error: 0.0896
Epoch 193/300

Epoch 00193: saving model to models/mnist_student_e300_L2_b64/autoencoder/cp-0193.hdf5
 - 52s - loss: 0.1711 - mean_absolute_error: 0.0919 - val_loss: 0.1742 - val_mean_absolute_error: 0.0950
Epoch 194/300

Epoch 00194: saving model to models/mnist_student_e300_L2_b64/autoencoder/cp-0194.hdf5
 - 52s - loss: 0.1714 - mean_absolute_error: 0.0923 - val_loss: 0.1703 - val_mean_absolute_error: 0.0894
Epoch 195/300

Epoch 00195: saving model to models/mnist_student_e300_L2_b64/autoencoder/cp-0195.hdf5
 - 52s - loss: 0.1715 - mean_absolute_error: 0.0925 - val_loss: 0.1688 - val_mean_absolute_error: 0.0904
Epoch 196/300

Epoch 00196: saving model to models/mnist_student_e300_L2_b64/autoencoder/cp-0196.hdf5
 - 52s - loss: 0.1704 - mean_absolute_error: 0.0916 - val_loss: 0.1694 - val_mean_absolute_error: 0.0916
Epoch 197/300

Epoch 00197: saving model to models/mnist_student_e300_L2_b64/autoencoder/cp-0197.hdf5
 - 52s - loss: 0.1712 - mean_absolute_error: 0.0921 - val_loss: 0.1707 - val_mean_absolute_error: 0.0903
Epoch 198/300

Epoch 00198: saving model to models/mnist_student_e300_L2_b64/autoencoder/cp-0198.hdf5
 - 52s - loss: 0.1713 - mean_absolute_error: 0.0926 - val_loss: 0.1691 - val_mean_absolute_error: 0.0919
Epoch 199/300

Epoch 00199: saving model to models/mnist_student_e300_L2_b64/autoencoder/cp-0199.hdf5
 - 52s - loss: 0.1707 - mean_absolute_error: 0.0917 - val_loss: 0.1692 - val_mean_absolute_error: 0.0896
Epoch 200/300

Epoch 00200: saving model to models/mnist_student_e300_L2_b64/autoencoder/cp-0200.hdf5
 - 52s - loss: 0.1708 - mean_absolute_error: 0.0916 - val_loss: 0.1703 - val_mean_absolute_error: 0.0894
Epoch 201/300

Epoch 00201: saving model to models/mnist_student_e300_L2_b64/autoencoder/cp-0201.hdf5
 - 52s - loss: 0.1712 - mean_absolute_error: 0.0920 - val_loss: 0.1709 - val_mean_absolute_error: 0.0935
Epoch 202/300

Epoch 00202: saving model to models/mnist_student_e300_L2_b64/autoencoder/cp-0202.hdf5
 - 52s - loss: 0.1711 - mean_absolute_error: 0.0918 - val_loss: 0.1722 - val_mean_absolute_error: 0.0945
Epoch 203/300

Epoch 00203: saving model to models/mnist_student_e300_L2_b64/autoencoder/cp-0203.hdf5
 - 52s - loss: 0.1709 - mean_absolute_error: 0.0919 - val_loss: 0.1692 - val_mean_absolute_error: 0.0909
Epoch 204/300

Epoch 00204: saving model to models/mnist_student_e300_L2_b64/autoencoder/cp-0204.hdf5
 - 52s - loss: 0.1708 - mean_absolute_error: 0.0920 - val_loss: 0.1695 - val_mean_absolute_error: 0.0902
Epoch 205/300

Epoch 00205: saving model to models/mnist_student_e300_L2_b64/autoencoder/cp-0205.hdf5
 - 52s - loss: 0.1701 - mean_absolute_error: 0.0914 - val_loss: 0.1691 - val_mean_absolute_error: 0.0884
Epoch 206/300

Epoch 00206: saving model to models/mnist_student_e300_L2_b64/autoencoder/cp-0206.hdf5
 - 52s - loss: 0.1704 - mean_absolute_error: 0.0916 - val_loss: 0.1713 - val_mean_absolute_error: 0.0928
Epoch 207/300

Epoch 00207: saving model to models/mnist_student_e300_L2_b64/autoencoder/cp-0207.hdf5
 - 52s - loss: 0.1712 - mean_absolute_error: 0.0923 - val_loss: 0.1694 - val_mean_absolute_error: 0.0907
Epoch 208/300

Epoch 00208: saving model to models/mnist_student_e300_L2_b64/autoencoder/cp-0208.hdf5
 - 52s - loss: 0.1704 - mean_absolute_error: 0.0920 - val_loss: 0.1690 - val_mean_absolute_error: 0.0909
Epoch 209/300

Epoch 00209: saving model to models/mnist_student_e300_L2_b64/autoencoder/cp-0209.hdf5
 - 52s - loss: 0.1705 - mean_absolute_error: 0.0917 - val_loss: 0.1694 - val_mean_absolute_error: 0.0894
Epoch 210/300

Epoch 00210: saving model to models/mnist_student_e300_L2_b64/autoencoder/cp-0210.hdf5
 - 52s - loss: 0.1711 - mean_absolute_error: 0.0920 - val_loss: 0.1702 - val_mean_absolute_error: 0.0892
Epoch 211/300

Epoch 00211: saving model to models/mnist_student_e300_L2_b64/autoencoder/cp-0211.hdf5
 - 52s - loss: 0.1709 - mean_absolute_error: 0.0921 - val_loss: 0.1717 - val_mean_absolute_error: 0.0943
Epoch 212/300

Epoch 00212: saving model to models/mnist_student_e300_L2_b64/autoencoder/cp-0212.hdf5
 - 52s - loss: 0.1704 - mean_absolute_error: 0.0922 - val_loss: 0.1682 - val_mean_absolute_error: 0.0907
Epoch 213/300

Epoch 00213: saving model to models/mnist_student_e300_L2_b64/autoencoder/cp-0213.hdf5
 - 52s - loss: 0.1705 - mean_absolute_error: 0.0919 - val_loss: 0.1687 - val_mean_absolute_error: 0.0906
Epoch 214/300

Epoch 00214: saving model to models/mnist_student_e300_L2_b64/autoencoder/cp-0214.hdf5
 - 52s - loss: 0.1709 - mean_absolute_error: 0.0924 - val_loss: 0.1707 - val_mean_absolute_error: 0.0918
Epoch 215/300

Epoch 00215: saving model to models/mnist_student_e300_L2_b64/autoencoder/cp-0215.hdf5
 - 52s - loss: 0.1703 - mean_absolute_error: 0.0920 - val_loss: 0.1692 - val_mean_absolute_error: 0.0924
Epoch 216/300

Epoch 00216: saving model to models/mnist_student_e300_L2_b64/autoencoder/cp-0216.hdf5
 - 52s - loss: 0.1702 - mean_absolute_error: 0.0918 - val_loss: 0.1678 - val_mean_absolute_error: 0.0898
Epoch 217/300

Epoch 00217: saving model to models/mnist_student_e300_L2_b64/autoencoder/cp-0217.hdf5
 - 52s - loss: 0.1702 - mean_absolute_error: 0.0916 - val_loss: 0.1688 - val_mean_absolute_error: 0.0902
Epoch 218/300

Epoch 00218: saving model to models/mnist_student_e300_L2_b64/autoencoder/cp-0218.hdf5
 - 52s - loss: 0.1697 - mean_absolute_error: 0.0914 - val_loss: 0.1721 - val_mean_absolute_error: 0.0922
Epoch 219/300

Epoch 00219: saving model to models/mnist_student_e300_L2_b64/autoencoder/cp-0219.hdf5
 - 52s - loss: 0.1704 - mean_absolute_error: 0.0916 - val_loss: 0.1688 - val_mean_absolute_error: 0.0903
Epoch 220/300

Epoch 00220: saving model to models/mnist_student_e300_L2_b64/autoencoder/cp-0220.hdf5
 - 52s - loss: 0.1697 - mean_absolute_error: 0.0914 - val_loss: 0.1681 - val_mean_absolute_error: 0.0900
Epoch 221/300

Epoch 00221: saving model to models/mnist_student_e300_L2_b64/autoencoder/cp-0221.hdf5
 - 52s - loss: 0.1702 - mean_absolute_error: 0.0914 - val_loss: 0.1680 - val_mean_absolute_error: 0.0905
Epoch 222/300

Epoch 00222: saving model to models/mnist_student_e300_L2_b64/autoencoder/cp-0222.hdf5
 - 52s - loss: 0.1700 - mean_absolute_error: 0.0914 - val_loss: 0.1680 - val_mean_absolute_error: 0.0890
Epoch 223/300

Epoch 00223: saving model to models/mnist_student_e300_L2_b64/autoencoder/cp-0223.hdf5
 - 52s - loss: 0.1703 - mean_absolute_error: 0.0920 - val_loss: 0.1697 - val_mean_absolute_error: 0.0911
Epoch 224/300

Epoch 00224: saving model to models/mnist_student_e300_L2_b64/autoencoder/cp-0224.hdf5
 - 52s - loss: 0.1699 - mean_absolute_error: 0.0916 - val_loss: 0.1681 - val_mean_absolute_error: 0.0912
Epoch 225/300

Epoch 00225: saving model to models/mnist_student_e300_L2_b64/autoencoder/cp-0225.hdf5
 - 52s - loss: 0.1699 - mean_absolute_error: 0.0915 - val_loss: 0.1735 - val_mean_absolute_error: 0.0943
Epoch 226/300

Epoch 00226: saving model to models/mnist_student_e300_L2_b64/autoencoder/cp-0226.hdf5
 - 52s - loss: 0.1704 - mean_absolute_error: 0.0921 - val_loss: 0.1687 - val_mean_absolute_error: 0.0909
Epoch 227/300

Epoch 00227: saving model to models/mnist_student_e300_L2_b64/autoencoder/cp-0227.hdf5
 - 52s - loss: 0.1702 - mean_absolute_error: 0.0917 - val_loss: 0.1688 - val_mean_absolute_error: 0.0900
Epoch 228/300

Epoch 00228: saving model to models/mnist_student_e300_L2_b64/autoencoder/cp-0228.hdf5
 - 52s - loss: 0.1697 - mean_absolute_error: 0.0913 - val_loss: 0.1693 - val_mean_absolute_error: 0.0905
Epoch 229/300

Epoch 00229: saving model to models/mnist_student_e300_L2_b64/autoencoder/cp-0229.hdf5
 - 52s - loss: 0.1699 - mean_absolute_error: 0.0917 - val_loss: 0.1679 - val_mean_absolute_error: 0.0903
Epoch 230/300

Epoch 00230: saving model to models/mnist_student_e300_L2_b64/autoencoder/cp-0230.hdf5
 - 52s - loss: 0.1696 - mean_absolute_error: 0.0916 - val_loss: 0.1696 - val_mean_absolute_error: 0.0915
Epoch 231/300

Epoch 00231: saving model to models/mnist_student_e300_L2_b64/autoencoder/cp-0231.hdf5
 - 52s - loss: 0.1700 - mean_absolute_error: 0.0918 - val_loss: 0.1681 - val_mean_absolute_error: 0.0895
Epoch 232/300

Epoch 00232: saving model to models/mnist_student_e300_L2_b64/autoencoder/cp-0232.hdf5
 - 52s - loss: 0.1697 - mean_absolute_error: 0.0916 - val_loss: 0.1676 - val_mean_absolute_error: 0.0907
Epoch 233/300

Epoch 00233: saving model to models/mnist_student_e300_L2_b64/autoencoder/cp-0233.hdf5
 - 52s - loss: 0.1698 - mean_absolute_error: 0.0918 - val_loss: 0.1696 - val_mean_absolute_error: 0.0916
Epoch 234/300

Epoch 00234: saving model to models/mnist_student_e300_L2_b64/autoencoder/cp-0234.hdf5
 - 52s - loss: 0.1697 - mean_absolute_error: 0.0913 - val_loss: 0.1742 - val_mean_absolute_error: 0.0934
Epoch 235/300

Epoch 00235: saving model to models/mnist_student_e300_L2_b64/autoencoder/cp-0235.hdf5
 - 52s - loss: 0.1695 - mean_absolute_error: 0.0917 - val_loss: 0.1680 - val_mean_absolute_error: 0.0894
Epoch 236/300

Epoch 00236: saving model to models/mnist_student_e300_L2_b64/autoencoder/cp-0236.hdf5
 - 52s - loss: 0.1696 - mean_absolute_error: 0.0913 - val_loss: 0.1681 - val_mean_absolute_error: 0.0896
Epoch 237/300

Epoch 00237: saving model to models/mnist_student_e300_L2_b64/autoencoder/cp-0237.hdf5
 - 52s - loss: 0.1695 - mean_absolute_error: 0.0914 - val_loss: 0.1680 - val_mean_absolute_error: 0.0885
Epoch 238/300

Epoch 00238: saving model to models/mnist_student_e300_L2_b64/autoencoder/cp-0238.hdf5
 - 52s - loss: 0.1695 - mean_absolute_error: 0.0914 - val_loss: 0.1687 - val_mean_absolute_error: 0.0903
Epoch 239/300

Epoch 00239: saving model to models/mnist_student_e300_L2_b64/autoencoder/cp-0239.hdf5
 - 52s - loss: 0.1691 - mean_absolute_error: 0.0916 - val_loss: 0.1692 - val_mean_absolute_error: 0.0911
Epoch 240/300

Epoch 00240: saving model to models/mnist_student_e300_L2_b64/autoencoder/cp-0240.hdf5
 - 52s - loss: 0.1702 - mean_absolute_error: 0.0922 - val_loss: 0.1677 - val_mean_absolute_error: 0.0902
Epoch 241/300

Epoch 00241: saving model to models/mnist_student_e300_L2_b64/autoencoder/cp-0241.hdf5
 - 52s - loss: 0.1692 - mean_absolute_error: 0.0919 - val_loss: 0.1714 - val_mean_absolute_error: 0.0915
Epoch 242/300

Epoch 00242: saving model to models/mnist_student_e300_L2_b64/autoencoder/cp-0242.hdf5
 - 52s - loss: 0.1698 - mean_absolute_error: 0.0918 - val_loss: 0.1699 - val_mean_absolute_error: 0.0910
Epoch 243/300

Epoch 00243: saving model to models/mnist_student_e300_L2_b64/autoencoder/cp-0243.hdf5
 - 52s - loss: 0.1697 - mean_absolute_error: 0.0919 - val_loss: 0.1712 - val_mean_absolute_error: 0.0930
Epoch 244/300

Epoch 00244: saving model to models/mnist_student_e300_L2_b64/autoencoder/cp-0244.hdf5
 - 52s - loss: 0.1694 - mean_absolute_error: 0.0913 - val_loss: 0.1680 - val_mean_absolute_error: 0.0918
Epoch 245/300

Epoch 00245: saving model to models/mnist_student_e300_L2_b64/autoencoder/cp-0245.hdf5
 - 52s - loss: 0.1689 - mean_absolute_error: 0.0915 - val_loss: 0.1681 - val_mean_absolute_error: 0.0908
Epoch 246/300

Epoch 00246: saving model to models/mnist_student_e300_L2_b64/autoencoder/cp-0246.hdf5
 - 52s - loss: 0.1693 - mean_absolute_error: 0.0914 - val_loss: 0.1714 - val_mean_absolute_error: 0.0909
Epoch 247/300

Epoch 00247: saving model to models/mnist_student_e300_L2_b64/autoencoder/cp-0247.hdf5
 - 52s - loss: 0.1699 - mean_absolute_error: 0.0918 - val_loss: 0.1672 - val_mean_absolute_error: 0.0892
Epoch 248/300

Epoch 00248: saving model to models/mnist_student_e300_L2_b64/autoencoder/cp-0248.hdf5
 - 52s - loss: 0.1691 - mean_absolute_error: 0.0915 - val_loss: 0.1681 - val_mean_absolute_error: 0.0912
Epoch 249/300

Epoch 00249: saving model to models/mnist_student_e300_L2_b64/autoencoder/cp-0249.hdf5
 - 52s - loss: 0.1691 - mean_absolute_error: 0.0916 - val_loss: 0.1686 - val_mean_absolute_error: 0.0905
Epoch 250/300

Epoch 00250: saving model to models/mnist_student_e300_L2_b64/autoencoder/cp-0250.hdf5
 - 52s - loss: 0.1693 - mean_absolute_error: 0.0917 - val_loss: 0.1681 - val_mean_absolute_error: 0.0895
Epoch 251/300

Epoch 00251: saving model to models/mnist_student_e300_L2_b64/autoencoder/cp-0251.hdf5
 - 52s - loss: 0.1692 - mean_absolute_error: 0.0916 - val_loss: 0.1705 - val_mean_absolute_error: 0.0927
Epoch 252/300

Epoch 00252: saving model to models/mnist_student_e300_L2_b64/autoencoder/cp-0252.hdf5
 - 52s - loss: 0.1693 - mean_absolute_error: 0.0917 - val_loss: 0.1682 - val_mean_absolute_error: 0.0920
Epoch 253/300

Epoch 00253: saving model to models/mnist_student_e300_L2_b64/autoencoder/cp-0253.hdf5
 - 52s - loss: 0.1686 - mean_absolute_error: 0.0912 - val_loss: 0.1693 - val_mean_absolute_error: 0.0898
Epoch 254/300

Epoch 00254: saving model to models/mnist_student_e300_L2_b64/autoencoder/cp-0254.hdf5
 - 52s - loss: 0.1691 - mean_absolute_error: 0.0914 - val_loss: 0.1682 - val_mean_absolute_error: 0.0915
Epoch 255/300

Epoch 00255: saving model to models/mnist_student_e300_L2_b64/autoencoder/cp-0255.hdf5
 - 52s - loss: 0.1692 - mean_absolute_error: 0.0915 - val_loss: 0.1689 - val_mean_absolute_error: 0.0917
Epoch 256/300

Epoch 00256: saving model to models/mnist_student_e300_L2_b64/autoencoder/cp-0256.hdf5
 - 52s - loss: 0.1687 - mean_absolute_error: 0.0914 - val_loss: 0.1671 - val_mean_absolute_error: 0.0902
Epoch 257/300

Epoch 00257: saving model to models/mnist_student_e300_L2_b64/autoencoder/cp-0257.hdf5
 - 52s - loss: 0.1688 - mean_absolute_error: 0.0910 - val_loss: 0.1669 - val_mean_absolute_error: 0.0894
Epoch 258/300

Epoch 00258: saving model to models/mnist_student_e300_L2_b64/autoencoder/cp-0258.hdf5
 - 52s - loss: 0.1689 - mean_absolute_error: 0.0914 - val_loss: 0.1706 - val_mean_absolute_error: 0.0913
Epoch 259/300

Epoch 00259: saving model to models/mnist_student_e300_L2_b64/autoencoder/cp-0259.hdf5
 - 52s - loss: 0.1686 - mean_absolute_error: 0.0915 - val_loss: 0.1683 - val_mean_absolute_error: 0.0902
Epoch 260/300

Epoch 00260: saving model to models/mnist_student_e300_L2_b64/autoencoder/cp-0260.hdf5
 - 52s - loss: 0.1692 - mean_absolute_error: 0.0914 - val_loss: 0.1687 - val_mean_absolute_error: 0.0916
Epoch 261/300

Epoch 00261: saving model to models/mnist_student_e300_L2_b64/autoencoder/cp-0261.hdf5
 - 52s - loss: 0.1689 - mean_absolute_error: 0.0915 - val_loss: 0.1683 - val_mean_absolute_error: 0.0903
Epoch 262/300

Epoch 00262: saving model to models/mnist_student_e300_L2_b64/autoencoder/cp-0262.hdf5
 - 52s - loss: 0.1689 - mean_absolute_error: 0.0911 - val_loss: 0.1670 - val_mean_absolute_error: 0.0897
Epoch 263/300

Epoch 00263: saving model to models/mnist_student_e300_L2_b64/autoencoder/cp-0263.hdf5
 - 52s - loss: 0.1687 - mean_absolute_error: 0.0912 - val_loss: 0.1702 - val_mean_absolute_error: 0.0930
Epoch 264/300

Epoch 00264: saving model to models/mnist_student_e300_L2_b64/autoencoder/cp-0264.hdf5
 - 52s - loss: 0.1693 - mean_absolute_error: 0.0917 - val_loss: 0.1685 - val_mean_absolute_error: 0.0908
Epoch 265/300

Epoch 00265: saving model to models/mnist_student_e300_L2_b64/autoencoder/cp-0265.hdf5
 - 52s - loss: 0.1688 - mean_absolute_error: 0.0917 - val_loss: 0.1692 - val_mean_absolute_error: 0.0897
Epoch 266/300

Epoch 00266: saving model to models/mnist_student_e300_L2_b64/autoencoder/cp-0266.hdf5
 - 52s - loss: 0.1690 - mean_absolute_error: 0.0918 - val_loss: 0.1670 - val_mean_absolute_error: 0.0895
Epoch 267/300

Epoch 00267: saving model to models/mnist_student_e300_L2_b64/autoencoder/cp-0267.hdf5
 - 52s - loss: 0.1688 - mean_absolute_error: 0.0916 - val_loss: 0.1687 - val_mean_absolute_error: 0.0913
Epoch 268/300

Epoch 00268: saving model to models/mnist_student_e300_L2_b64/autoencoder/cp-0268.hdf5
 - 52s - loss: 0.1689 - mean_absolute_error: 0.0918 - val_loss: 0.1675 - val_mean_absolute_error: 0.0903
Epoch 269/300

Epoch 00269: saving model to models/mnist_student_e300_L2_b64/autoencoder/cp-0269.hdf5
 - 52s - loss: 0.1684 - mean_absolute_error: 0.0916 - val_loss: 0.1676 - val_mean_absolute_error: 0.0899
Epoch 270/300

Epoch 00270: saving model to models/mnist_student_e300_L2_b64/autoencoder/cp-0270.hdf5
 - 52s - loss: 0.1686 - mean_absolute_error: 0.0917 - val_loss: 0.1681 - val_mean_absolute_error: 0.0905
Epoch 271/300

Epoch 00271: saving model to models/mnist_student_e300_L2_b64/autoencoder/cp-0271.hdf5
 - 52s - loss: 0.1686 - mean_absolute_error: 0.0916 - val_loss: 0.1676 - val_mean_absolute_error: 0.0913
Epoch 272/300

Epoch 00272: saving model to models/mnist_student_e300_L2_b64/autoencoder/cp-0272.hdf5
 - 52s - loss: 0.1688 - mean_absolute_error: 0.0917 - val_loss: 0.1701 - val_mean_absolute_error: 0.0918
Epoch 273/300

Epoch 00273: saving model to models/mnist_student_e300_L2_b64/autoencoder/cp-0273.hdf5
 - 52s - loss: 0.1687 - mean_absolute_error: 0.0918 - val_loss: 0.1696 - val_mean_absolute_error: 0.0919
Epoch 274/300

Epoch 00274: saving model to models/mnist_student_e300_L2_b64/autoencoder/cp-0274.hdf5
 - 52s - loss: 0.1682 - mean_absolute_error: 0.0913 - val_loss: 0.1693 - val_mean_absolute_error: 0.0914
Epoch 275/300

Epoch 00275: saving model to models/mnist_student_e300_L2_b64/autoencoder/cp-0275.hdf5
 - 52s - loss: 0.1687 - mean_absolute_error: 0.0918 - val_loss: 0.1705 - val_mean_absolute_error: 0.0919
Epoch 276/300

Epoch 00276: saving model to models/mnist_student_e300_L2_b64/autoencoder/cp-0276.hdf5
 - 52s - loss: 0.1684 - mean_absolute_error: 0.0915 - val_loss: 0.1723 - val_mean_absolute_error: 0.0930
Epoch 277/300

Epoch 00277: saving model to models/mnist_student_e300_L2_b64/autoencoder/cp-0277.hdf5
 - 52s - loss: 0.1681 - mean_absolute_error: 0.0916 - val_loss: 0.1662 - val_mean_absolute_error: 0.0901
Epoch 278/300

Epoch 00278: saving model to models/mnist_student_e300_L2_b64/autoencoder/cp-0278.hdf5
 - 52s - loss: 0.1687 - mean_absolute_error: 0.0918 - val_loss: 0.1676 - val_mean_absolute_error: 0.0898
Epoch 279/300

Epoch 00279: saving model to models/mnist_student_e300_L2_b64/autoencoder/cp-0279.hdf5
 - 52s - loss: 0.1686 - mean_absolute_error: 0.0917 - val_loss: 0.1668 - val_mean_absolute_error: 0.0896
Epoch 280/300

Epoch 00280: saving model to models/mnist_student_e300_L2_b64/autoencoder/cp-0280.hdf5
 - 52s - loss: 0.1682 - mean_absolute_error: 0.0917 - val_loss: 0.1687 - val_mean_absolute_error: 0.0924
Epoch 281/300

Epoch 00281: saving model to models/mnist_student_e300_L2_b64/autoencoder/cp-0281.hdf5
 - 52s - loss: 0.1685 - mean_absolute_error: 0.0919 - val_loss: 0.1669 - val_mean_absolute_error: 0.0907
Epoch 282/300

Epoch 00282: saving model to models/mnist_student_e300_L2_b64/autoencoder/cp-0282.hdf5
 - 52s - loss: 0.1681 - mean_absolute_error: 0.0911 - val_loss: 0.1665 - val_mean_absolute_error: 0.0912
Epoch 283/300

Epoch 00283: saving model to models/mnist_student_e300_L2_b64/autoencoder/cp-0283.hdf5
 - 52s - loss: 0.1681 - mean_absolute_error: 0.0911 - val_loss: 0.1667 - val_mean_absolute_error: 0.0886
Epoch 284/300

Epoch 00284: saving model to models/mnist_student_e300_L2_b64/autoencoder/cp-0284.hdf5
 - 52s - loss: 0.1679 - mean_absolute_error: 0.0912 - val_loss: 0.1666 - val_mean_absolute_error: 0.0904
Epoch 285/300

Epoch 00285: saving model to models/mnist_student_e300_L2_b64/autoencoder/cp-0285.hdf5
 - 52s - loss: 0.1685 - mean_absolute_error: 0.0918 - val_loss: 0.1674 - val_mean_absolute_error: 0.0897
Epoch 286/300

Epoch 00286: saving model to models/mnist_student_e300_L2_b64/autoencoder/cp-0286.hdf5
 - 52s - loss: 0.1678 - mean_absolute_error: 0.0915 - val_loss: 0.1664 - val_mean_absolute_error: 0.0896
Epoch 287/300

Epoch 00287: saving model to models/mnist_student_e300_L2_b64/autoencoder/cp-0287.hdf5
 - 52s - loss: 0.1680 - mean_absolute_error: 0.0918 - val_loss: 0.1704 - val_mean_absolute_error: 0.0943
Epoch 288/300

Epoch 00288: saving model to models/mnist_student_e300_L2_b64/autoencoder/cp-0288.hdf5
 - 52s - loss: 0.1677 - mean_absolute_error: 0.0916 - val_loss: 0.1667 - val_mean_absolute_error: 0.0891
Epoch 289/300

Epoch 00289: saving model to models/mnist_student_e300_L2_b64/autoencoder/cp-0289.hdf5
 - 52s - loss: 0.1679 - mean_absolute_error: 0.0913 - val_loss: 0.1689 - val_mean_absolute_error: 0.0921
Epoch 290/300

Epoch 00290: saving model to models/mnist_student_e300_L2_b64/autoencoder/cp-0290.hdf5
 - 51s - loss: 0.1684 - mean_absolute_error: 0.0924 - val_loss: 0.1667 - val_mean_absolute_error: 0.0912
Epoch 291/300

Epoch 00291: saving model to models/mnist_student_e300_L2_b64/autoencoder/cp-0291.hdf5
 - 51s - loss: 0.1682 - mean_absolute_error: 0.0915 - val_loss: 0.1672 - val_mean_absolute_error: 0.0901
Epoch 292/300

Epoch 00292: saving model to models/mnist_student_e300_L2_b64/autoencoder/cp-0292.hdf5
 - 51s - loss: 0.1676 - mean_absolute_error: 0.0912 - val_loss: 0.1660 - val_mean_absolute_error: 0.0893
Epoch 293/300

Epoch 00293: saving model to models/mnist_student_e300_L2_b64/autoencoder/cp-0293.hdf5
 - 51s - loss: 0.1680 - mean_absolute_error: 0.0915 - val_loss: 0.1711 - val_mean_absolute_error: 0.0943
Epoch 294/300

Epoch 00294: saving model to models/mnist_student_e300_L2_b64/autoencoder/cp-0294.hdf5
 - 51s - loss: 0.1674 - mean_absolute_error: 0.0913 - val_loss: 0.1680 - val_mean_absolute_error: 0.0913
Epoch 295/300

Epoch 00295: saving model to models/mnist_student_e300_L2_b64/autoencoder/cp-0295.hdf5
 - 51s - loss: 0.1676 - mean_absolute_error: 0.0916 - val_loss: 0.1667 - val_mean_absolute_error: 0.0895
Epoch 296/300

Epoch 00296: saving model to models/mnist_student_e300_L2_b64/autoencoder/cp-0296.hdf5
 - 51s - loss: 0.1683 - mean_absolute_error: 0.0920 - val_loss: 0.1666 - val_mean_absolute_error: 0.0885
Epoch 297/300

Epoch 00297: saving model to models/mnist_student_e300_L2_b64/autoencoder/cp-0297.hdf5
 - 51s - loss: 0.1674 - mean_absolute_error: 0.0912 - val_loss: 0.1672 - val_mean_absolute_error: 0.0900
Epoch 298/300

Epoch 00298: saving model to models/mnist_student_e300_L2_b64/autoencoder/cp-0298.hdf5
 - 51s - loss: 0.1680 - mean_absolute_error: 0.0914 - val_loss: 0.1668 - val_mean_absolute_error: 0.0890
Epoch 299/300

Epoch 00299: saving model to models/mnist_student_e300_L2_b64/autoencoder/cp-0299.hdf5
 - 51s - loss: 0.1680 - mean_absolute_error: 0.0913 - val_loss: 0.1668 - val_mean_absolute_error: 0.0897
Epoch 300/300

Epoch 00300: saving model to models/mnist_student_e300_L2_b64/autoencoder/cp-0300.hdf5
 - 51s - loss: 0.1675 - mean_absolute_error: 0.0915 - val_loss: 0.1666 - val_mean_absolute_error: 0.0901
Finished.
