INFO:latens:tensorflow 1.12.0, keras 2.1.6-tf
INFO:latens:command: encode
INFO:latens:model: model
INFO:latens:layer:(None, 28, 28, 1) -> (None, 28, 28, 1):input_2
INFO:latens:layer:(None, 28, 28, 1) -> (None, 4):sequential
INFO:latens:layer:(None, 4) -> (None, 28, 28, 1):sequential_1
2019-03-15 18:27:21.352711: I tensorflow/core/platform/cpu_feature_guard.cc:141] Your CPU supports instructions that this TensorFlow binary was not compiled to use: SSE4.1 SSE4.2 AVX AVX2 FMA
2019-03-15 18:27:22.356427: I tensorflow/core/common_runtime/gpu/gpu_device.cc:1432] Found device 0 with properties: 
name: Tesla K80 major: 3 minor: 7 memoryClockRate(GHz): 0.8235
pciBusID: 0000:88:00.0
totalMemory: 11.17GiB freeMemory: 11.10GiB
2019-03-15 18:27:22.356488: I tensorflow/core/common_runtime/gpu/gpu_device.cc:1511] Adding visible gpu devices: 0
2019-03-15 18:27:22.743378: I tensorflow/core/common_runtime/gpu/gpu_device.cc:982] Device interconnect StreamExecutor with strength 1 edge matrix:
2019-03-15 18:27:22.743431: I tensorflow/core/common_runtime/gpu/gpu_device.cc:988]      0 
2019-03-15 18:27:22.743444: I tensorflow/core/common_runtime/gpu/gpu_device.cc:1001] 0:   N 
2019-03-15 18:27:22.743784: I tensorflow/core/common_runtime/gpu/gpu_device.cc:1115] Created TensorFlow device (/job:localhost/replica:0/task:0/device:GPU:0 with 10758 MB memory) -> physical GPU (device: 0, name: Tesla K80, pci bus id: 0000:88:00.0, compute capability: 3.7)
INFO:latens:restored model from models/mnist_vae_e300_L2_b64/autoencoder/cp-0300.hdf5
DEBUG:latens:encodings:
[[ 0.6707709   0.11395895]
 [-0.38334745 -1.1720618 ]
 [-0.06264313 -0.07446133]
 ...
 [ 0.31538352  0.07725365]
 [-0.28140038  0.22623803]
 [ 0.18121508  0.03990605]]
INFO:latens:saved encodings to 'models/mnist_vae_e300_L2_b64/encodings.npy'
INFO:latens:tensorflow 1.12.0, keras 2.1.6-tf
INFO:latens:command: reconstruct
INFO:latens:model: model
INFO:latens:layer:(None, 28, 28, 1) -> (None, 28, 28, 1):input_2
INFO:latens:layer:(None, 28, 28, 1) -> (None, 4):sequential
INFO:latens:layer:(None, 4) -> (None, 28, 28, 1):sequential_1
2019-03-15 18:27:39.357332: I tensorflow/core/platform/cpu_feature_guard.cc:141] Your CPU supports instructions that this TensorFlow binary was not compiled to use: SSE4.1 SSE4.2 AVX AVX2 FMA
2019-03-15 18:27:39.577913: I tensorflow/core/common_runtime/gpu/gpu_device.cc:1432] Found device 0 with properties: 
name: Tesla K80 major: 3 minor: 7 memoryClockRate(GHz): 0.8235
pciBusID: 0000:88:00.0
totalMemory: 11.17GiB freeMemory: 11.10GiB
2019-03-15 18:27:39.577974: I tensorflow/core/common_runtime/gpu/gpu_device.cc:1511] Adding visible gpu devices: 0
2019-03-15 18:27:39.911936: I tensorflow/core/common_runtime/gpu/gpu_device.cc:982] Device interconnect StreamExecutor with strength 1 edge matrix:
2019-03-15 18:27:39.911985: I tensorflow/core/common_runtime/gpu/gpu_device.cc:988]      0 
2019-03-15 18:27:39.911996: I tensorflow/core/common_runtime/gpu/gpu_device.cc:1001] 0:   N 
2019-03-15 18:27:39.912253: I tensorflow/core/common_runtime/gpu/gpu_device.cc:1115] Created TensorFlow device (/job:localhost/replica:0/task:0/device:GPU:0 with 10758 MB memory) -> physical GPU (device: 0, name: Tesla K80, pci bus id: 0000:88:00.0, compute capability: 3.7)
INFO:latens:restored model from models/mnist_vae_e300_L2_b64/autoencoder/cp-0300.hdf5
2019-03-15 18:27:43.020335: I tensorflow/core/common_runtime/gpu/gpu_device.cc:1511] Adding visible gpu devices: 0
2019-03-15 18:27:43.020395: I tensorflow/core/common_runtime/gpu/gpu_device.cc:982] Device interconnect StreamExecutor with strength 1 edge matrix:
2019-03-15 18:27:43.020408: I tensorflow/core/common_runtime/gpu/gpu_device.cc:988]      0 
2019-03-15 18:27:43.020417: I tensorflow/core/common_runtime/gpu/gpu_device.cc:1001] 0:   N 
2019-03-15 18:27:43.020544: I tensorflow/core/common_runtime/gpu/gpu_device.cc:1115] Created TensorFlow device (/job:localhost/replica:0/task:0/device:GPU:0 with 10758 MB memory) -> physical GPU (device: 0, name: Tesla K80, pci bus id: 0000:88:00.0, compute capability: 3.7)
INFO:latens:tensorflow 1.12.0, keras 2.1.6-tf
INFO:latens:command: sample
INFO:latens:sampling with 'random'
DEBUG:latens:sampling: (50000,), 1000
INFO:latens:writing dataset to models/mnist_vae_e300_L2_b64/random_sample_1000.tfrecord...
2019-03-15 18:27:56.490179: I tensorflow/core/platform/cpu_feature_guard.cc:141] Your CPU supports instructions that this TensorFlow binary was not compiled to use: SSE4.1 SSE4.2 AVX AVX2 FMA
2019-03-15 18:27:56.705267: I tensorflow/core/common_runtime/gpu/gpu_device.cc:1432] Found device 0 with properties: 
name: Tesla K80 major: 3 minor: 7 memoryClockRate(GHz): 0.8235
pciBusID: 0000:88:00.0
totalMemory: 11.17GiB freeMemory: 11.10GiB
2019-03-15 18:27:56.705333: I tensorflow/core/common_runtime/gpu/gpu_device.cc:1511] Adding visible gpu devices: 0
2019-03-15 18:27:57.085289: I tensorflow/core/common_runtime/gpu/gpu_device.cc:982] Device interconnect StreamExecutor with strength 1 edge matrix:
2019-03-15 18:27:57.085353: I tensorflow/core/common_runtime/gpu/gpu_device.cc:988]      0 
2019-03-15 18:27:57.085363: I tensorflow/core/common_runtime/gpu/gpu_device.cc:1001] 0:   N 
2019-03-15 18:27:57.085644: I tensorflow/core/common_runtime/gpu/gpu_device.cc:1115] Created TensorFlow device (/job:localhost/replica:0/task:0/device:GPU:0 with 10758 MB memory) -> physical GPU (device: 0, name: Tesla K80, pci bus id: 0000:88:00.0, compute capability: 3.7)
INFO:latens:wrote 1000 examples
INFO:latens:tensorflow 1.12.0, keras 2.1.6-tf
INFO:latens:command: classifier
INFO:latens:model: model
INFO:latens:layer:(None, 28, 28, 1) -> (None, 28, 28, 1):input_2
INFO:latens:layer:(None, 28, 28, 1) -> (None, 4):sequential
INFO:latens:layer:(None, 4) -> (None, 28, 28, 1):sequential_1
INFO:latens:model: sequential_4
INFO:latens:layer:(None, 28, 28, 1) -> (None, 28, 28, 64):conv2d_19
INFO:latens:layer:(None, 28, 28, 64) -> (None, 28, 28, 64):conv2d_20
INFO:latens:layer:(None, 28, 28, 64) -> (None, 14, 14, 64):max_pooling2d_2
INFO:latens:layer:(None, 14, 14, 64) -> (None, 14, 14, 64):dropout_4
INFO:latens:layer:(None, 14, 14, 64) -> (None, 14, 14, 32):conv2d_21
INFO:latens:layer:(None, 14, 14, 32) -> (None, 14, 14, 32):conv2d_22
INFO:latens:layer:(None, 14, 14, 32) -> (None, 7, 7, 32):max_pooling2d_3
INFO:latens:layer:(None, 7, 7, 32) -> (None, 7, 7, 32):dropout_5
INFO:latens:layer:(None, 7, 7, 32) -> (None, 7, 7, 32):conv2d_23
INFO:latens:layer:(None, 7, 7, 32) -> (None, 7, 7, 32):conv2d_24
INFO:latens:layer:(None, 7, 7, 32) -> (None, 1568):flatten_1
INFO:latens:layer:(None, 1568) -> (None, 1024):dense_6
INFO:latens:layer:(None, 1024) -> (None, 10):dense_7
2019-03-15 18:28:06.167754: I tensorflow/core/platform/cpu_feature_guard.cc:141] Your CPU supports instructions that this TensorFlow binary was not compiled to use: SSE4.1 SSE4.2 AVX AVX2 FMA
2019-03-15 18:28:06.368708: I tensorflow/core/common_runtime/gpu/gpu_device.cc:1432] Found device 0 with properties: 
name: Tesla K80 major: 3 minor: 7 memoryClockRate(GHz): 0.8235
pciBusID: 0000:88:00.0
totalMemory: 11.17GiB freeMemory: 11.10GiB
2019-03-15 18:28:06.368768: I tensorflow/core/common_runtime/gpu/gpu_device.cc:1511] Adding visible gpu devices: 0
2019-03-15 18:28:06.692454: I tensorflow/core/common_runtime/gpu/gpu_device.cc:982] Device interconnect StreamExecutor with strength 1 edge matrix:
2019-03-15 18:28:06.692515: I tensorflow/core/common_runtime/gpu/gpu_device.cc:988]      0 
2019-03-15 18:28:06.692526: I tensorflow/core/common_runtime/gpu/gpu_device.cc:1001] 0:   N 
2019-03-15 18:28:06.692812: I tensorflow/core/common_runtime/gpu/gpu_device.cc:1115] Created TensorFlow device (/job:localhost/replica:0/task:0/device:GPU:0 with 10758 MB memory) -> physical GPU (device: 0, name: Tesla K80, pci bus id: 0000:88:00.0, compute capability: 3.7)
INFO:latens:test accuracy: 94.2%
INFO:latens:tensorflow 1.12.0, keras 2.1.6-tf
INFO:latens:command: visualize
INFO:latens:visualizing and saving
INFO:latens:Plotting encoding...
DEBUG:latens:encodings: [[ 0.6707709   0.11395895]
 [-0.38334745 -1.1720618 ]
 [-0.06264313 -0.07446133]
 ...
 [ 0.31538352  0.07725365]
 [-0.28140038  0.22623803]
 [ 0.18121508  0.03990605]]
INFO:latens:saving encodings plot to models/mnist_vae_e300_L2_b64/encodings.pdf
INFO:latens:saving successful
INFO:latens:Plotting sampling...
INFO:latens:saving sampling plot to models/mnist_vae_e300_L2_b64/random_sampling_1000.pdf
INFO:latens:saving successful
INFO:latens:saving distribution plot to models/mnist_vae_e300_L2_b64/random_sampling_distribution_1000.pdf
INFO:latens:saving successful
INFO:latens:tensorflow 1.12.0, keras 2.1.6-tf
INFO:latens:command: sample
INFO:latens:sampling with 'normal'
DEBUG:latens:sampler: drawing 1000 points
DEBUG:latens:sampler: drawing 15 points
DEBUG:latens:sampling: (50000,), 1000
INFO:latens:writing dataset to models/mnist_vae_e300_L2_b64/normal_sample_1000.tfrecord...
2019-03-15 18:30:47.424520: I tensorflow/core/platform/cpu_feature_guard.cc:141] Your CPU supports instructions that this TensorFlow binary was not compiled to use: SSE4.1 SSE4.2 AVX AVX2 FMA
2019-03-15 18:30:47.641344: I tensorflow/core/common_runtime/gpu/gpu_device.cc:1432] Found device 0 with properties: 
name: Tesla K80 major: 3 minor: 7 memoryClockRate(GHz): 0.8235
pciBusID: 0000:88:00.0
totalMemory: 11.17GiB freeMemory: 11.10GiB
2019-03-15 18:30:47.641407: I tensorflow/core/common_runtime/gpu/gpu_device.cc:1511] Adding visible gpu devices: 0
2019-03-15 18:30:47.974669: I tensorflow/core/common_runtime/gpu/gpu_device.cc:982] Device interconnect StreamExecutor with strength 1 edge matrix:
2019-03-15 18:30:47.974735: I tensorflow/core/common_runtime/gpu/gpu_device.cc:988]      0 
2019-03-15 18:30:47.974748: I tensorflow/core/common_runtime/gpu/gpu_device.cc:1001] 0:   N 
2019-03-15 18:30:47.975092: I tensorflow/core/common_runtime/gpu/gpu_device.cc:1115] Created TensorFlow device (/job:localhost/replica:0/task:0/device:GPU:0 with 10758 MB memory) -> physical GPU (device: 0, name: Tesla K80, pci bus id: 0000:88:00.0, compute capability: 3.7)
INFO:latens:wrote 1000 examples
INFO:latens:tensorflow 1.12.0, keras 2.1.6-tf
INFO:latens:command: classifier
INFO:latens:model: model
INFO:latens:layer:(None, 28, 28, 1) -> (None, 28, 28, 1):input_2
INFO:latens:layer:(None, 28, 28, 1) -> (None, 4):sequential
INFO:latens:layer:(None, 4) -> (None, 28, 28, 1):sequential_1
INFO:latens:model: sequential_4
INFO:latens:layer:(None, 28, 28, 1) -> (None, 28, 28, 64):conv2d_19
INFO:latens:layer:(None, 28, 28, 64) -> (None, 28, 28, 64):conv2d_20
INFO:latens:layer:(None, 28, 28, 64) -> (None, 14, 14, 64):max_pooling2d_2
INFO:latens:layer:(None, 14, 14, 64) -> (None, 14, 14, 64):dropout_4
INFO:latens:layer:(None, 14, 14, 64) -> (None, 14, 14, 32):conv2d_21
INFO:latens:layer:(None, 14, 14, 32) -> (None, 14, 14, 32):conv2d_22
INFO:latens:layer:(None, 14, 14, 32) -> (None, 7, 7, 32):max_pooling2d_3
INFO:latens:layer:(None, 7, 7, 32) -> (None, 7, 7, 32):dropout_5
INFO:latens:layer:(None, 7, 7, 32) -> (None, 7, 7, 32):conv2d_23
INFO:latens:layer:(None, 7, 7, 32) -> (None, 7, 7, 32):conv2d_24
INFO:latens:layer:(None, 7, 7, 32) -> (None, 1568):flatten_1
INFO:latens:layer:(None, 1568) -> (None, 1024):dense_6
INFO:latens:layer:(None, 1024) -> (None, 10):dense_7
2019-03-15 18:30:57.039908: I tensorflow/core/platform/cpu_feature_guard.cc:141] Your CPU supports instructions that this TensorFlow binary was not compiled to use: SSE4.1 SSE4.2 AVX AVX2 FMA
2019-03-15 18:30:57.260695: I tensorflow/core/common_runtime/gpu/gpu_device.cc:1432] Found device 0 with properties: 
name: Tesla K80 major: 3 minor: 7 memoryClockRate(GHz): 0.8235
pciBusID: 0000:88:00.0
totalMemory: 11.17GiB freeMemory: 11.10GiB
2019-03-15 18:30:57.260757: I tensorflow/core/common_runtime/gpu/gpu_device.cc:1511] Adding visible gpu devices: 0
2019-03-15 18:30:57.590452: I tensorflow/core/common_runtime/gpu/gpu_device.cc:982] Device interconnect StreamExecutor with strength 1 edge matrix:
2019-03-15 18:30:57.590508: I tensorflow/core/common_runtime/gpu/gpu_device.cc:988]      0 
2019-03-15 18:30:57.590518: I tensorflow/core/common_runtime/gpu/gpu_device.cc:1001] 0:   N 
2019-03-15 18:30:57.590801: I tensorflow/core/common_runtime/gpu/gpu_device.cc:1115] Created TensorFlow device (/job:localhost/replica:0/task:0/device:GPU:0 with 10758 MB memory) -> physical GPU (device: 0, name: Tesla K80, pci bus id: 0000:88:00.0, compute capability: 3.7)
INFO:latens:test accuracy: 91.6%
INFO:latens:tensorflow 1.12.0, keras 2.1.6-tf
INFO:latens:command: visualize
INFO:latens:visualizing and saving
INFO:latens:Plotting encoding...
DEBUG:latens:encodings: [[ 0.6707709   0.11395895]
 [-0.38334745 -1.1720618 ]
 [-0.06264313 -0.07446133]
 ...
 [ 0.31538352  0.07725365]
 [-0.28140038  0.22623803]
 [ 0.18121508  0.03990605]]
INFO:latens:saving encodings plot to models/mnist_vae_e300_L2_b64/encodings.pdf
INFO:latens:saving successful
INFO:latens:Plotting sampling...
INFO:latens:saving sampling plot to models/mnist_vae_e300_L2_b64/normal_sampling_1000.pdf
INFO:latens:saving successful
INFO:latens:saving distribution plot to models/mnist_vae_e300_L2_b64/normal_sampling_distribution_1000.pdf
INFO:latens:saving successful
INFO:latens:tensorflow 1.12.0, keras 2.1.6-tf
INFO:latens:command: sample
INFO:latens:sampling with 'multi-normal'
DEBUG:latens:sampler: drawing 1000 points
DEBUG:latens:sampler: drawing 13 points
DEBUG:latens:sampling: (50000,), 1000
INFO:latens:writing dataset to models/mnist_vae_e300_L2_b64/multi-normal_sample_1000.tfrecord...
2019-03-15 18:33:44.729177: I tensorflow/core/platform/cpu_feature_guard.cc:141] Your CPU supports instructions that this TensorFlow binary was not compiled to use: SSE4.1 SSE4.2 AVX AVX2 FMA
2019-03-15 18:33:44.932709: I tensorflow/core/common_runtime/gpu/gpu_device.cc:1432] Found device 0 with properties: 
name: Tesla K80 major: 3 minor: 7 memoryClockRate(GHz): 0.8235
pciBusID: 0000:88:00.0
totalMemory: 11.17GiB freeMemory: 11.10GiB
2019-03-15 18:33:44.932774: I tensorflow/core/common_runtime/gpu/gpu_device.cc:1511] Adding visible gpu devices: 0
2019-03-15 18:33:45.264858: I tensorflow/core/common_runtime/gpu/gpu_device.cc:982] Device interconnect StreamExecutor with strength 1 edge matrix:
2019-03-15 18:33:45.264902: I tensorflow/core/common_runtime/gpu/gpu_device.cc:988]      0 
2019-03-15 18:33:45.264913: I tensorflow/core/common_runtime/gpu/gpu_device.cc:1001] 0:   N 
2019-03-15 18:33:45.265191: I tensorflow/core/common_runtime/gpu/gpu_device.cc:1115] Created TensorFlow device (/job:localhost/replica:0/task:0/device:GPU:0 with 10758 MB memory) -> physical GPU (device: 0, name: Tesla K80, pci bus id: 0000:88:00.0, compute capability: 3.7)
INFO:latens:wrote 1000 examples
INFO:latens:tensorflow 1.12.0, keras 2.1.6-tf
INFO:latens:command: classifier
INFO:latens:model: model
INFO:latens:layer:(None, 28, 28, 1) -> (None, 28, 28, 1):input_2
INFO:latens:layer:(None, 28, 28, 1) -> (None, 4):sequential
INFO:latens:layer:(None, 4) -> (None, 28, 28, 1):sequential_1
INFO:latens:model: sequential_4
INFO:latens:layer:(None, 28, 28, 1) -> (None, 28, 28, 64):conv2d_19
INFO:latens:layer:(None, 28, 28, 64) -> (None, 28, 28, 64):conv2d_20
INFO:latens:layer:(None, 28, 28, 64) -> (None, 14, 14, 64):max_pooling2d_2
INFO:latens:layer:(None, 14, 14, 64) -> (None, 14, 14, 64):dropout_4
INFO:latens:layer:(None, 14, 14, 64) -> (None, 14, 14, 32):conv2d_21
INFO:latens:layer:(None, 14, 14, 32) -> (None, 14, 14, 32):conv2d_22
INFO:latens:layer:(None, 14, 14, 32) -> (None, 7, 7, 32):max_pooling2d_3
INFO:latens:layer:(None, 7, 7, 32) -> (None, 7, 7, 32):dropout_5
INFO:latens:layer:(None, 7, 7, 32) -> (None, 7, 7, 32):conv2d_23
INFO:latens:layer:(None, 7, 7, 32) -> (None, 7, 7, 32):conv2d_24
INFO:latens:layer:(None, 7, 7, 32) -> (None, 1568):flatten_1
INFO:latens:layer:(None, 1568) -> (None, 1024):dense_6
INFO:latens:layer:(None, 1024) -> (None, 10):dense_7
2019-03-15 18:33:54.655973: I tensorflow/core/platform/cpu_feature_guard.cc:141] Your CPU supports instructions that this TensorFlow binary was not compiled to use: SSE4.1 SSE4.2 AVX AVX2 FMA
2019-03-15 18:33:54.876898: I tensorflow/core/common_runtime/gpu/gpu_device.cc:1432] Found device 0 with properties: 
name: Tesla K80 major: 3 minor: 7 memoryClockRate(GHz): 0.8235
pciBusID: 0000:88:00.0
totalMemory: 11.17GiB freeMemory: 11.10GiB
2019-03-15 18:33:54.876960: I tensorflow/core/common_runtime/gpu/gpu_device.cc:1511] Adding visible gpu devices: 0
2019-03-15 18:33:55.202836: I tensorflow/core/common_runtime/gpu/gpu_device.cc:982] Device interconnect StreamExecutor with strength 1 edge matrix:
2019-03-15 18:33:55.202912: I tensorflow/core/common_runtime/gpu/gpu_device.cc:988]      0 
2019-03-15 18:33:55.202923: I tensorflow/core/common_runtime/gpu/gpu_device.cc:1001] 0:   N 
2019-03-15 18:33:55.203187: I tensorflow/core/common_runtime/gpu/gpu_device.cc:1115] Created TensorFlow device (/job:localhost/replica:0/task:0/device:GPU:0 with 10758 MB memory) -> physical GPU (device: 0, name: Tesla K80, pci bus id: 0000:88:00.0, compute capability: 3.7)
INFO:latens:test accuracy: 92.1%
INFO:latens:tensorflow 1.12.0, keras 2.1.6-tf
INFO:latens:command: visualize
INFO:latens:visualizing and saving
INFO:latens:Plotting encoding...
DEBUG:latens:encodings: [[ 0.6707709   0.11395895]
 [-0.38334745 -1.1720618 ]
 [-0.06264313 -0.07446133]
 ...
 [ 0.31538352  0.07725365]
 [-0.28140038  0.22623803]
 [ 0.18121508  0.03990605]]
INFO:latens:saving encodings plot to models/mnist_vae_e300_L2_b64/encodings.pdf
INFO:latens:saving successful
INFO:latens:Plotting sampling...
INFO:latens:saving sampling plot to models/mnist_vae_e300_L2_b64/multi-normal_sampling_1000.pdf
INFO:latens:saving successful
INFO:latens:saving distribution plot to models/mnist_vae_e300_L2_b64/multi-normal_sampling_distribution_1000.pdf
INFO:latens:saving successful
INFO:latens:tensorflow 1.12.0, keras 2.1.6-tf
INFO:latens:command: sample
INFO:latens:sampling with 'uniform'
DEBUG:latens:sampler: drawing 1000 points
DEBUG:latens:sampler: drawing 537 points
DEBUG:latens:sampler: drawing 294 points
DEBUG:latens:sampler: drawing 154 points
DEBUG:latens:sampler: drawing 83 points
DEBUG:latens:sampler: drawing 40 points
DEBUG:latens:sampler: drawing 23 points
DEBUG:latens:sampler: drawing 15 points
DEBUG:latens:sampler: drawing 7 points
DEBUG:latens:sampler: drawing 2 points
DEBUG:latens:sampler: drawing 2 points
DEBUG:latens:sampling: (50000,), 1000
INFO:latens:writing dataset to models/mnist_vae_e300_L2_b64/uniform_sample_1000.tfrecord...
2019-03-15 18:36:35.491785: I tensorflow/core/platform/cpu_feature_guard.cc:141] Your CPU supports instructions that this TensorFlow binary was not compiled to use: SSE4.1 SSE4.2 AVX AVX2 FMA
2019-03-15 18:36:35.686240: I tensorflow/core/common_runtime/gpu/gpu_device.cc:1432] Found device 0 with properties: 
name: Tesla K80 major: 3 minor: 7 memoryClockRate(GHz): 0.8235
pciBusID: 0000:88:00.0
totalMemory: 11.17GiB freeMemory: 11.10GiB
2019-03-15 18:36:35.686287: I tensorflow/core/common_runtime/gpu/gpu_device.cc:1511] Adding visible gpu devices: 0
2019-03-15 18:36:36.020225: I tensorflow/core/common_runtime/gpu/gpu_device.cc:982] Device interconnect StreamExecutor with strength 1 edge matrix:
2019-03-15 18:36:36.020280: I tensorflow/core/common_runtime/gpu/gpu_device.cc:988]      0 
2019-03-15 18:36:36.020291: I tensorflow/core/common_runtime/gpu/gpu_device.cc:1001] 0:   N 
2019-03-15 18:36:36.020587: I tensorflow/core/common_runtime/gpu/gpu_device.cc:1115] Created TensorFlow device (/job:localhost/replica:0/task:0/device:GPU:0 with 10758 MB memory) -> physical GPU (device: 0, name: Tesla K80, pci bus id: 0000:88:00.0, compute capability: 3.7)
INFO:latens:wrote 1000 examples
INFO:latens:tensorflow 1.12.0, keras 2.1.6-tf
INFO:latens:command: classifier
INFO:latens:model: model
INFO:latens:layer:(None, 28, 28, 1) -> (None, 28, 28, 1):input_2
INFO:latens:layer:(None, 28, 28, 1) -> (None, 4):sequential
INFO:latens:layer:(None, 4) -> (None, 28, 28, 1):sequential_1
INFO:latens:model: sequential_4
INFO:latens:layer:(None, 28, 28, 1) -> (None, 28, 28, 64):conv2d_19
INFO:latens:layer:(None, 28, 28, 64) -> (None, 28, 28, 64):conv2d_20
INFO:latens:layer:(None, 28, 28, 64) -> (None, 14, 14, 64):max_pooling2d_2
INFO:latens:layer:(None, 14, 14, 64) -> (None, 14, 14, 64):dropout_4
INFO:latens:layer:(None, 14, 14, 64) -> (None, 14, 14, 32):conv2d_21
INFO:latens:layer:(None, 14, 14, 32) -> (None, 14, 14, 32):conv2d_22
INFO:latens:layer:(None, 14, 14, 32) -> (None, 7, 7, 32):max_pooling2d_3
INFO:latens:layer:(None, 7, 7, 32) -> (None, 7, 7, 32):dropout_5
INFO:latens:layer:(None, 7, 7, 32) -> (None, 7, 7, 32):conv2d_23
INFO:latens:layer:(None, 7, 7, 32) -> (None, 7, 7, 32):conv2d_24
INFO:latens:layer:(None, 7, 7, 32) -> (None, 1568):flatten_1
INFO:latens:layer:(None, 1568) -> (None, 1024):dense_6
INFO:latens:layer:(None, 1024) -> (None, 10):dense_7
2019-03-15 18:36:45.664821: I tensorflow/core/platform/cpu_feature_guard.cc:141] Your CPU supports instructions that this TensorFlow binary was not compiled to use: SSE4.1 SSE4.2 AVX AVX2 FMA
2019-03-15 18:36:45.866032: I tensorflow/core/common_runtime/gpu/gpu_device.cc:1432] Found device 0 with properties: 
name: Tesla K80 major: 3 minor: 7 memoryClockRate(GHz): 0.8235
pciBusID: 0000:88:00.0
totalMemory: 11.17GiB freeMemory: 11.10GiB
2019-03-15 18:36:45.866097: I tensorflow/core/common_runtime/gpu/gpu_device.cc:1511] Adding visible gpu devices: 0
2019-03-15 18:36:46.356595: I tensorflow/core/common_runtime/gpu/gpu_device.cc:982] Device interconnect StreamExecutor with strength 1 edge matrix:
2019-03-15 18:36:46.356672: I tensorflow/core/common_runtime/gpu/gpu_device.cc:988]      0 
2019-03-15 18:36:46.356684: I tensorflow/core/common_runtime/gpu/gpu_device.cc:1001] 0:   N 
2019-03-15 18:36:46.356989: I tensorflow/core/common_runtime/gpu/gpu_device.cc:1115] Created TensorFlow device (/job:localhost/replica:0/task:0/device:GPU:0 with 10758 MB memory) -> physical GPU (device: 0, name: Tesla K80, pci bus id: 0000:88:00.0, compute capability: 3.7)
INFO:latens:test accuracy: 68.2%
INFO:latens:tensorflow 1.12.0, keras 2.1.6-tf
INFO:latens:command: visualize
INFO:latens:visualizing and saving
INFO:latens:Plotting encoding...
DEBUG:latens:encodings: [[ 0.6707709   0.11395895]
 [-0.38334745 -1.1720618 ]
 [-0.06264313 -0.07446133]
 ...
 [ 0.31538352  0.07725365]
 [-0.28140038  0.22623803]
 [ 0.18121508  0.03990605]]
INFO:latens:saving encodings plot to models/mnist_vae_e300_L2_b64/encodings.pdf
INFO:latens:saving successful
INFO:latens:Plotting sampling...
INFO:latens:saving sampling plot to models/mnist_vae_e300_L2_b64/uniform_sampling_1000.pdf
INFO:latens:saving successful
INFO:latens:saving distribution plot to models/mnist_vae_e300_L2_b64/uniform_sampling_distribution_1000.pdf
INFO:latens:saving successful
INFO:latens:tensorflow 1.12.0, keras 2.1.6-tf
INFO:latens:command: sample
INFO:latens:sampling with 'uniform-cluster'
INFO:latens:clustering...
DEBUG:latens:sampler: drawing 329 points
DEBUG:latens:sampler: drawing 88 points
DEBUG:latens:sampler: drawing 22 points
DEBUG:latens:sampler: drawing 7 points
DEBUG:latens:sampler: drawing 1 points
DEBUG:latens:sampler: drawing 137 points
DEBUG:latens:sampler: drawing 43 points
DEBUG:latens:sampler: drawing 12 points
DEBUG:latens:sampler: drawing 1 points
DEBUG:latens:sampler: drawing 38 points
DEBUG:latens:sampler: drawing 12 points
DEBUG:latens:sampler: drawing 5 points
DEBUG:latens:sampler: drawing 1 points
DEBUG:latens:sampler: drawing 1 points
DEBUG:latens:sampler: drawing 94 points
DEBUG:latens:sampler: drawing 6 points
DEBUG:latens:sampler: drawing 1 points
DEBUG:latens:sampler: drawing 300 points
DEBUG:latens:sampler: drawing 58 points
DEBUG:latens:sampler: drawing 14 points
DEBUG:latens:sampler: drawing 3 points
DEBUG:latens:sampler: drawing 21 points
DEBUG:latens:sampler: drawing 5 points
DEBUG:latens:sampler: drawing 3 points
DEBUG:latens:sampler: drawing 3 points
DEBUG:latens:sampler: drawing 1 points
DEBUG:latens:sampler: drawing 50 points
DEBUG:latens:sampler: drawing 2 points
DEBUG:latens:sampler: drawing 6 points
DEBUG:latens:sampler: drawing 1 points
DEBUG:latens:sampler: drawing 1 points
DEBUG:latens:sampler: drawing 18 points
DEBUG:latens:sampler: drawing 8 points
DEBUG:latens:sampler: drawing 1 points
DEBUG:latens:sampler: drawing 1 points
DEBUG:latens:sampler: drawing 5 points
DEBUG:latens:sampler: drawing 1 points
DEBUG:latens:sampling: (50000,), 998
INFO:latens:writing dataset to models/mnist_vae_e300_L2_b64/uniform-cluster_sample_1000.tfrecord...
2019-03-15 18:41:53.930229: I tensorflow/core/platform/cpu_feature_guard.cc:141] Your CPU supports instructions that this TensorFlow binary was not compiled to use: SSE4.1 SSE4.2 AVX AVX2 FMA
2019-03-15 18:41:54.147635: I tensorflow/core/common_runtime/gpu/gpu_device.cc:1432] Found device 0 with properties: 
name: Tesla K80 major: 3 minor: 7 memoryClockRate(GHz): 0.8235
pciBusID: 0000:88:00.0
totalMemory: 11.17GiB freeMemory: 11.10GiB
2019-03-15 18:41:54.147691: I tensorflow/core/common_runtime/gpu/gpu_device.cc:1511] Adding visible gpu devices: 0
2019-03-15 18:41:54.488515: I tensorflow/core/common_runtime/gpu/gpu_device.cc:982] Device interconnect StreamExecutor with strength 1 edge matrix:
2019-03-15 18:41:54.488564: I tensorflow/core/common_runtime/gpu/gpu_device.cc:988]      0 
2019-03-15 18:41:54.488581: I tensorflow/core/common_runtime/gpu/gpu_device.cc:1001] 0:   N 
2019-03-15 18:41:54.488859: I tensorflow/core/common_runtime/gpu/gpu_device.cc:1115] Created TensorFlow device (/job:localhost/replica:0/task:0/device:GPU:0 with 10758 MB memory) -> physical GPU (device: 0, name: Tesla K80, pci bus id: 0000:88:00.0, compute capability: 3.7)
INFO:latens:wrote 998 examples
INFO:latens:tensorflow 1.12.0, keras 2.1.6-tf
INFO:latens:command: classifier
INFO:latens:model: model
INFO:latens:layer:(None, 28, 28, 1) -> (None, 28, 28, 1):input_2
INFO:latens:layer:(None, 28, 28, 1) -> (None, 4):sequential
INFO:latens:layer:(None, 4) -> (None, 28, 28, 1):sequential_1
INFO:latens:model: sequential_4
INFO:latens:layer:(None, 28, 28, 1) -> (None, 28, 28, 64):conv2d_19
INFO:latens:layer:(None, 28, 28, 64) -> (None, 28, 28, 64):conv2d_20
INFO:latens:layer:(None, 28, 28, 64) -> (None, 14, 14, 64):max_pooling2d_2
INFO:latens:layer:(None, 14, 14, 64) -> (None, 14, 14, 64):dropout_4
INFO:latens:layer:(None, 14, 14, 64) -> (None, 14, 14, 32):conv2d_21
INFO:latens:layer:(None, 14, 14, 32) -> (None, 14, 14, 32):conv2d_22
INFO:latens:layer:(None, 14, 14, 32) -> (None, 7, 7, 32):max_pooling2d_3
INFO:latens:layer:(None, 7, 7, 32) -> (None, 7, 7, 32):dropout_5
INFO:latens:layer:(None, 7, 7, 32) -> (None, 7, 7, 32):conv2d_23
INFO:latens:layer:(None, 7, 7, 32) -> (None, 7, 7, 32):conv2d_24
INFO:latens:layer:(None, 7, 7, 32) -> (None, 1568):flatten_1
INFO:latens:layer:(None, 1568) -> (None, 1024):dense_6
INFO:latens:layer:(None, 1024) -> (None, 10):dense_7
2019-03-15 18:42:09.959952: I tensorflow/core/platform/cpu_feature_guard.cc:141] Your CPU supports instructions that this TensorFlow binary was not compiled to use: SSE4.1 SSE4.2 AVX AVX2 FMA
2019-03-15 18:42:10.185769: I tensorflow/core/common_runtime/gpu/gpu_device.cc:1432] Found device 0 with properties: 
name: Tesla K80 major: 3 minor: 7 memoryClockRate(GHz): 0.8235
pciBusID: 0000:88:00.0
totalMemory: 11.17GiB freeMemory: 11.10GiB
2019-03-15 18:42:10.185821: I tensorflow/core/common_runtime/gpu/gpu_device.cc:1511] Adding visible gpu devices: 0
2019-03-15 18:42:10.697479: I tensorflow/core/common_runtime/gpu/gpu_device.cc:982] Device interconnect StreamExecutor with strength 1 edge matrix:
2019-03-15 18:42:10.697555: I tensorflow/core/common_runtime/gpu/gpu_device.cc:988]      0 
2019-03-15 18:42:10.697567: I tensorflow/core/common_runtime/gpu/gpu_device.cc:1001] 0:   N 
2019-03-15 18:42:10.697865: I tensorflow/core/common_runtime/gpu/gpu_device.cc:1115] Created TensorFlow device (/job:localhost/replica:0/task:0/device:GPU:0 with 10758 MB memory) -> physical GPU (device: 0, name: Tesla K80, pci bus id: 0000:88:00.0, compute capability: 3.7)
INFO:latens:test accuracy: 86.1%
INFO:latens:tensorflow 1.12.0, keras 2.1.6-tf
INFO:latens:command: visualize
INFO:latens:visualizing and saving
INFO:latens:Plotting encoding...
DEBUG:latens:encodings: [[ 0.6707709   0.11395895]
 [-0.38334745 -1.1720618 ]
 [-0.06264313 -0.07446133]
 ...
 [ 0.31538352  0.07725365]
 [-0.28140038  0.22623803]
 [ 0.18121508  0.03990605]]
INFO:latens:saving encodings plot to models/mnist_vae_e300_L2_b64/encodings.pdf
INFO:latens:saving successful
INFO:latens:Plotting clusters...
INFO:latens:saving clustered encodings plot to models/mnist_vae_e300_L2_b64/clustered_encodings.pdf
INFO:latens:saving successful
INFO:latens:Plotting sampling...
INFO:latens:saving sampling plot to models/mnist_vae_e300_L2_b64/uniform-cluster_sampling_1000.pdf
INFO:latens:saving successful
INFO:latens:saving distribution plot to models/mnist_vae_e300_L2_b64/uniform-cluster_sampling_distribution_1000.pdf
INFO:latens:saving successful
INFO:latens:tensorflow 1.12.0, keras 2.1.6-tf
INFO:latens:command: sample
INFO:latens:sampling with 'normal-cluster'
INFO:latens:clustering...
DEBUG:latens:sampler: drawing 329 points
DEBUG:latens:sampler: drawing 48 points
DEBUG:latens:sampler: drawing 1 points
DEBUG:latens:sampler: drawing 1 points
DEBUG:latens:sampler: drawing 137 points
DEBUG:latens:sampler: drawing 78 points
DEBUG:latens:sampler: drawing 43 points
DEBUG:latens:sampler: drawing 23 points
DEBUG:latens:sampler: drawing 11 points
DEBUG:latens:sampler: drawing 4 points
DEBUG:latens:sampler: drawing 1 points
DEBUG:latens:sampler: drawing 38 points
DEBUG:latens:sampler: drawing 32 points
DEBUG:latens:sampler: drawing 26 points
DEBUG:latens:sampler: drawing 24 points
DEBUG:latens:sampler: drawing 21 points
DEBUG:latens:sampler: drawing 19 points
DEBUG:latens:sampler: drawing 16 points
DEBUG:latens:sampler: drawing 14 points
DEBUG:latens:sampler: drawing 13 points
DEBUG:latens:sampler: drawing 10 points
DEBUG:latens:sampler: drawing 10 points
DEBUG:latens:sampler: drawing 7 points
DEBUG:latens:sampler: drawing 7 points
DEBUG:latens:sampler: drawing 3 points
DEBUG:latens:sampler: drawing 3 points
DEBUG:latens:sampler: drawing 3 points
DEBUG:latens:sampler: drawing 3 points
DEBUG:latens:sampler: drawing 2 points
DEBUG:latens:sampler: drawing 1 points
DEBUG:latens:sampler: drawing 1 points
DEBUG:latens:sampler: drawing 1 points
DEBUG:latens:sampler: drawing 1 points
DEBUG:latens:sampler: drawing 1 points
DEBUG:latens:sampler: drawing 1 points
DEBUG:latens:sampler: drawing 1 points
DEBUG:latens:sampler: drawing 1 points
DEBUG:latens:sampler: drawing 1 points
DEBUG:latens:sampler: drawing 1 points
DEBUG:latens:sampler: drawing 94 points
DEBUG:latens:sampler: drawing 4 points
DEBUG:latens:sampler: drawing 300 points
DEBUG:latens:sampler: drawing 54 points
DEBUG:latens:sampler: drawing 11 points
DEBUG:latens:sampler: drawing 1 points
DEBUG:latens:sampler: drawing 1 points
DEBUG:latens:sampler: drawing 21 points
DEBUG:latens:sampler: drawing 20 points
DEBUG:latens:sampler: drawing 18 points
DEBUG:latens:sampler: drawing 17 points
DEBUG:latens:sampler: drawing 17 points
DEBUG:latens:sampler: drawing 16 points
DEBUG:latens:sampler: drawing 16 points
DEBUG:latens:sampler: drawing 16 points
DEBUG:latens:sampler: drawing 11 points
DEBUG:latens:sampler: drawing 10 points
DEBUG:latens:sampler: drawing 9 points
DEBUG:latens:sampler: drawing 9 points
DEBUG:latens:sampler: drawing 9 points
DEBUG:latens:sampler: drawing 8 points
DEBUG:latens:sampler: drawing 8 points
DEBUG:latens:sampler: drawing 6 points
DEBUG:latens:sampler: drawing 6 points
DEBUG:latens:sampler: drawing 6 points
DEBUG:latens:sampler: drawing 6 points
DEBUG:latens:sampler: drawing 6 points
DEBUG:latens:sampler: drawing 6 points
DEBUG:latens:sampler: drawing 6 points
DEBUG:latens:sampler: drawing 6 points
DEBUG:latens:sampler: drawing 6 points
DEBUG:latens:sampler: drawing 5 points
DEBUG:latens:sampler: drawing 5 points
DEBUG:latens:sampler: drawing 5 points
DEBUG:latens:sampler: drawing 5 points
DEBUG:latens:sampler: drawing 5 points
DEBUG:latens:sampler: drawing 5 points
DEBUG:latens:sampler: drawing 5 points
DEBUG:latens:sampler: drawing 5 points
DEBUG:latens:sampler: drawing 5 points
DEBUG:latens:sampler: drawing 4 points
DEBUG:latens:sampler: drawing 4 points
DEBUG:latens:sampler: drawing 4 points
DEBUG:latens:sampler: drawing 4 points
DEBUG:latens:sampler: drawing 4 points
DEBUG:latens:sampler: drawing 4 points
DEBUG:latens:sampler: drawing 3 points
DEBUG:latens:sampler: drawing 3 points
DEBUG:latens:sampler: drawing 2 points
DEBUG:latens:sampler: drawing 2 points
DEBUG:latens:sampler: drawing 2 points
DEBUG:latens:sampler: drawing 2 points
DEBUG:latens:sampler: drawing 2 points
DEBUG:latens:sampler: drawing 2 points
DEBUG:latens:sampler: drawing 2 points
DEBUG:latens:sampler: drawing 2 points
DEBUG:latens:sampler: drawing 2 points
DEBUG:latens:sampler: drawing 2 points
DEBUG:latens:sampler: drawing 2 points
DEBUG:latens:sampler: drawing 2 points
DEBUG:latens:sampler: drawing 2 points
DEBUG:latens:sampler: drawing 2 points
DEBUG:latens:sampler: drawing 2 points
DEBUG:latens:sampler: drawing 2 points
DEBUG:latens:sampler: drawing 2 points
DEBUG:latens:sampler: drawing 1 points
DEBUG:latens:sampler: drawing 50 points
DEBUG:latens:sampler: drawing 43 points
DEBUG:latens:sampler: drawing 34 points
DEBUG:latens:sampler: drawing 28 points
DEBUG:latens:sampler: drawing 24 points
DEBUG:latens:sampler: drawing 21 points
DEBUG:latens:sampler: drawing 21 points
DEBUG:latens:sampler: drawing 18 points
DEBUG:latens:sampler: drawing 14 points
DEBUG:latens:sampler: drawing 12 points
DEBUG:latens:sampler: drawing 11 points
DEBUG:latens:sampler: drawing 10 points
DEBUG:latens:sampler: drawing 9 points
DEBUG:latens:sampler: drawing 8 points
DEBUG:latens:sampler: drawing 7 points
DEBUG:latens:sampler: drawing 6 points
DEBUG:latens:sampler: drawing 4 points
DEBUG:latens:sampler: drawing 3 points
DEBUG:latens:sampler: drawing 3 points
DEBUG:latens:sampler: drawing 2 points
DEBUG:latens:sampler: drawing 2 points
DEBUG:latens:sampler: drawing 2 points
DEBUG:latens:sampler: drawing 1 points
DEBUG:latens:sampler: drawing 1 points
DEBUG:latens:sampler: drawing 6 points
DEBUG:latens:sampler: drawing 4 points
DEBUG:latens:sampler: drawing 2 points
DEBUG:latens:sampler: drawing 1 points
DEBUG:latens:sampler: drawing 1 points
DEBUG:latens:sampler: drawing 1 points
DEBUG:latens:sampler: drawing 18 points
DEBUG:latens:sampler: drawing 3 points
DEBUG:latens:sampler: drawing 5 points
DEBUG:latens:sampler: drawing 2 points
DEBUG:latens:sampling: (50000,), 998
INFO:latens:writing dataset to models/mnist_vae_e300_L2_b64/normal-cluster_sample_1000.tfrecord...
2019-03-15 18:47:26.351660: I tensorflow/core/platform/cpu_feature_guard.cc:141] Your CPU supports instructions that this TensorFlow binary was not compiled to use: SSE4.1 SSE4.2 AVX AVX2 FMA
2019-03-15 18:47:26.565887: I tensorflow/core/common_runtime/gpu/gpu_device.cc:1432] Found device 0 with properties: 
name: Tesla K80 major: 3 minor: 7 memoryClockRate(GHz): 0.8235
pciBusID: 0000:88:00.0
totalMemory: 11.17GiB freeMemory: 11.10GiB
2019-03-15 18:47:26.565953: I tensorflow/core/common_runtime/gpu/gpu_device.cc:1511] Adding visible gpu devices: 0
2019-03-15 18:47:26.912319: I tensorflow/core/common_runtime/gpu/gpu_device.cc:982] Device interconnect StreamExecutor with strength 1 edge matrix:
2019-03-15 18:47:26.912373: I tensorflow/core/common_runtime/gpu/gpu_device.cc:988]      0 
2019-03-15 18:47:26.912385: I tensorflow/core/common_runtime/gpu/gpu_device.cc:1001] 0:   N 
2019-03-15 18:47:26.912685: I tensorflow/core/common_runtime/gpu/gpu_device.cc:1115] Created TensorFlow device (/job:localhost/replica:0/task:0/device:GPU:0 with 10758 MB memory) -> physical GPU (device: 0, name: Tesla K80, pci bus id: 0000:88:00.0, compute capability: 3.7)
INFO:latens:wrote 998 examples
INFO:latens:tensorflow 1.12.0, keras 2.1.6-tf
INFO:latens:command: classifier
INFO:latens:model: model
INFO:latens:layer:(None, 28, 28, 1) -> (None, 28, 28, 1):input_2
INFO:latens:layer:(None, 28, 28, 1) -> (None, 4):sequential
INFO:latens:layer:(None, 4) -> (None, 28, 28, 1):sequential_1
INFO:latens:model: sequential_4
INFO:latens:layer:(None, 28, 28, 1) -> (None, 28, 28, 64):conv2d_19
INFO:latens:layer:(None, 28, 28, 64) -> (None, 28, 28, 64):conv2d_20
INFO:latens:layer:(None, 28, 28, 64) -> (None, 14, 14, 64):max_pooling2d_2
INFO:latens:layer:(None, 14, 14, 64) -> (None, 14, 14, 64):dropout_4
INFO:latens:layer:(None, 14, 14, 64) -> (None, 14, 14, 32):conv2d_21
INFO:latens:layer:(None, 14, 14, 32) -> (None, 14, 14, 32):conv2d_22
INFO:latens:layer:(None, 14, 14, 32) -> (None, 7, 7, 32):max_pooling2d_3
INFO:latens:layer:(None, 7, 7, 32) -> (None, 7, 7, 32):dropout_5
INFO:latens:layer:(None, 7, 7, 32) -> (None, 7, 7, 32):conv2d_23
INFO:latens:layer:(None, 7, 7, 32) -> (None, 7, 7, 32):conv2d_24
INFO:latens:layer:(None, 7, 7, 32) -> (None, 1568):flatten_1
INFO:latens:layer:(None, 1568) -> (None, 1024):dense_6
INFO:latens:layer:(None, 1024) -> (None, 10):dense_7
2019-03-15 18:47:41.157641: I tensorflow/core/platform/cpu_feature_guard.cc:141] Your CPU supports instructions that this TensorFlow binary was not compiled to use: SSE4.1 SSE4.2 AVX AVX2 FMA
2019-03-15 18:47:41.382799: I tensorflow/core/common_runtime/gpu/gpu_device.cc:1432] Found device 0 with properties: 
name: Tesla K80 major: 3 minor: 7 memoryClockRate(GHz): 0.8235
pciBusID: 0000:88:00.0
totalMemory: 11.17GiB freeMemory: 11.10GiB
2019-03-15 18:47:41.382852: I tensorflow/core/common_runtime/gpu/gpu_device.cc:1511] Adding visible gpu devices: 0
2019-03-15 18:47:41.886967: I tensorflow/core/common_runtime/gpu/gpu_device.cc:982] Device interconnect StreamExecutor with strength 1 edge matrix:
2019-03-15 18:47:41.887047: I tensorflow/core/common_runtime/gpu/gpu_device.cc:988]      0 
2019-03-15 18:47:41.887059: I tensorflow/core/common_runtime/gpu/gpu_device.cc:1001] 0:   N 
2019-03-15 18:47:41.887357: I tensorflow/core/common_runtime/gpu/gpu_device.cc:1115] Created TensorFlow device (/job:localhost/replica:0/task:0/device:GPU:0 with 10758 MB memory) -> physical GPU (device: 0, name: Tesla K80, pci bus id: 0000:88:00.0, compute capability: 3.7)
INFO:latens:test accuracy: 90.9%
INFO:latens:tensorflow 1.12.0, keras 2.1.6-tf
INFO:latens:command: visualize
INFO:latens:visualizing and saving
INFO:latens:Plotting encoding...
DEBUG:latens:encodings: [[ 0.6707709   0.11395895]
 [-0.38334745 -1.1720618 ]
 [-0.06264313 -0.07446133]
 ...
 [ 0.31538352  0.07725365]
 [-0.28140038  0.22623803]
 [ 0.18121508  0.03990605]]
INFO:latens:saving encodings plot to models/mnist_vae_e300_L2_b64/encodings.pdf
INFO:latens:saving successful
INFO:latens:Plotting clusters...
INFO:latens:saving clustered encodings plot to models/mnist_vae_e300_L2_b64/clustered_encodings.pdf
INFO:latens:saving successful
INFO:latens:Plotting sampling...
INFO:latens:saving sampling plot to models/mnist_vae_e300_L2_b64/normal-cluster_sampling_1000.pdf
INFO:latens:saving successful
INFO:latens:saving distribution plot to models/mnist_vae_e300_L2_b64/normal-cluster_sampling_distribution_1000.pdf
INFO:latens:saving successful
INFO:latens:tensorflow 1.12.0, keras 2.1.6-tf
INFO:latens:command: sample
INFO:latens:sampling with 'multi-normal-cluster'
INFO:latens:clustering...
DEBUG:latens:sampler: drawing 329 points
DEBUG:latens:sampler: drawing 1 points
DEBUG:latens:sampler: drawing 137 points
DEBUG:latens:sampler: drawing 3 points
DEBUG:latens:sampler: drawing 38 points
DEBUG:latens:sampler: drawing 2 points
DEBUG:latens:sampler: drawing 94 points
DEBUG:latens:sampler: drawing 1 points
DEBUG:latens:sampler: drawing 300 points
DEBUG:latens:sampler: drawing 1 points
DEBUG:latens:sampler: drawing 21 points
DEBUG:latens:sampler: drawing 1 points
DEBUG:latens:sampler: drawing 50 points
DEBUG:latens:sampler: drawing 6 points
DEBUG:latens:sampler: drawing 1 points
DEBUG:latens:sampler: drawing 18 points
DEBUG:latens:sampler: drawing 5 points
DEBUG:latens:sampling: (50000,), 998
INFO:latens:writing dataset to models/mnist_vae_e300_L2_b64/multi-normal-cluster_sample_1000.tfrecord...
2019-03-15 18:52:49.122949: I tensorflow/core/platform/cpu_feature_guard.cc:141] Your CPU supports instructions that this TensorFlow binary was not compiled to use: SSE4.1 SSE4.2 AVX AVX2 FMA
2019-03-15 18:52:49.336795: I tensorflow/core/common_runtime/gpu/gpu_device.cc:1432] Found device 0 with properties: 
name: Tesla K80 major: 3 minor: 7 memoryClockRate(GHz): 0.8235
pciBusID: 0000:88:00.0
totalMemory: 11.17GiB freeMemory: 11.10GiB
2019-03-15 18:52:49.336843: I tensorflow/core/common_runtime/gpu/gpu_device.cc:1511] Adding visible gpu devices: 0
2019-03-15 18:52:49.683931: I tensorflow/core/common_runtime/gpu/gpu_device.cc:982] Device interconnect StreamExecutor with strength 1 edge matrix:
2019-03-15 18:52:49.683980: I tensorflow/core/common_runtime/gpu/gpu_device.cc:988]      0 
2019-03-15 18:52:49.683991: I tensorflow/core/common_runtime/gpu/gpu_device.cc:1001] 0:   N 
2019-03-15 18:52:49.684286: I tensorflow/core/common_runtime/gpu/gpu_device.cc:1115] Created TensorFlow device (/job:localhost/replica:0/task:0/device:GPU:0 with 10758 MB memory) -> physical GPU (device: 0, name: Tesla K80, pci bus id: 0000:88:00.0, compute capability: 3.7)
INFO:latens:wrote 998 examples
INFO:latens:tensorflow 1.12.0, keras 2.1.6-tf
INFO:latens:command: classifier
INFO:latens:model: model
INFO:latens:layer:(None, 28, 28, 1) -> (None, 28, 28, 1):input_2
INFO:latens:layer:(None, 28, 28, 1) -> (None, 4):sequential
INFO:latens:layer:(None, 4) -> (None, 28, 28, 1):sequential_1
INFO:latens:model: sequential_4
INFO:latens:layer:(None, 28, 28, 1) -> (None, 28, 28, 64):conv2d_19
INFO:latens:layer:(None, 28, 28, 64) -> (None, 28, 28, 64):conv2d_20
INFO:latens:layer:(None, 28, 28, 64) -> (None, 14, 14, 64):max_pooling2d_2
INFO:latens:layer:(None, 14, 14, 64) -> (None, 14, 14, 64):dropout_4
INFO:latens:layer:(None, 14, 14, 64) -> (None, 14, 14, 32):conv2d_21
INFO:latens:layer:(None, 14, 14, 32) -> (None, 14, 14, 32):conv2d_22
INFO:latens:layer:(None, 14, 14, 32) -> (None, 7, 7, 32):max_pooling2d_3
INFO:latens:layer:(None, 7, 7, 32) -> (None, 7, 7, 32):dropout_5
INFO:latens:layer:(None, 7, 7, 32) -> (None, 7, 7, 32):conv2d_23
INFO:latens:layer:(None, 7, 7, 32) -> (None, 7, 7, 32):conv2d_24
INFO:latens:layer:(None, 7, 7, 32) -> (None, 1568):flatten_1
INFO:latens:layer:(None, 1568) -> (None, 1024):dense_6
INFO:latens:layer:(None, 1024) -> (None, 10):dense_7
2019-03-15 18:53:00.382140: I tensorflow/core/platform/cpu_feature_guard.cc:141] Your CPU supports instructions that this TensorFlow binary was not compiled to use: SSE4.1 SSE4.2 AVX AVX2 FMA
2019-03-15 18:53:00.608973: I tensorflow/core/common_runtime/gpu/gpu_device.cc:1432] Found device 0 with properties: 
name: Tesla K80 major: 3 minor: 7 memoryClockRate(GHz): 0.8235
pciBusID: 0000:88:00.0
totalMemory: 11.17GiB freeMemory: 11.10GiB
2019-03-15 18:53:00.609024: I tensorflow/core/common_runtime/gpu/gpu_device.cc:1511] Adding visible gpu devices: 0
2019-03-15 18:53:01.101678: I tensorflow/core/common_runtime/gpu/gpu_device.cc:982] Device interconnect StreamExecutor with strength 1 edge matrix:
2019-03-15 18:53:01.101716: I tensorflow/core/common_runtime/gpu/gpu_device.cc:988]      0 
2019-03-15 18:53:01.101729: I tensorflow/core/common_runtime/gpu/gpu_device.cc:1001] 0:   N 
2019-03-15 18:53:01.102047: I tensorflow/core/common_runtime/gpu/gpu_device.cc:1115] Created TensorFlow device (/job:localhost/replica:0/task:0/device:GPU:0 with 10758 MB memory) -> physical GPU (device: 0, name: Tesla K80, pci bus id: 0000:88:00.0, compute capability: 3.7)
INFO:latens:test accuracy: 94.3%
INFO:latens:tensorflow 1.12.0, keras 2.1.6-tf
INFO:latens:command: visualize
INFO:latens:visualizing and saving
INFO:latens:Plotting encoding...
DEBUG:latens:encodings: [[ 0.6707709   0.11395895]
 [-0.38334745 -1.1720618 ]
 [-0.06264313 -0.07446133]
 ...
 [ 0.31538352  0.07725365]
 [-0.28140038  0.22623803]
 [ 0.18121508  0.03990605]]
INFO:latens:saving encodings plot to models/mnist_vae_e300_L2_b64/encodings.pdf
INFO:latens:saving successful
INFO:latens:Plotting clusters...
INFO:latens:saving clustered encodings plot to models/mnist_vae_e300_L2_b64/clustered_encodings.pdf
INFO:latens:saving successful
INFO:latens:Plotting sampling...
INFO:latens:saving sampling plot to models/mnist_vae_e300_L2_b64/multi-normal-cluster_sampling_1000.pdf
INFO:latens:saving successful
INFO:latens:saving distribution plot to models/mnist_vae_e300_L2_b64/multi-normal-cluster_sampling_distribution_1000.pdf
INFO:latens:saving successful
INFO:latens:tensorflow 1.12.0, keras 2.1.6-tf
INFO:latens:command: sample
INFO:latens:sampling with 'error'
INFO:latens:model: model
INFO:latens:layer:(None, 28, 28, 1) -> (None, 28, 28, 1):input_2
INFO:latens:layer:(None, 28, 28, 1) -> (None, 4):sequential
INFO:latens:layer:(None, 4) -> (None, 28, 28, 1):sequential_1
2019-03-15 18:55:51.050480: I tensorflow/core/platform/cpu_feature_guard.cc:141] Your CPU supports instructions that this TensorFlow binary was not compiled to use: SSE4.1 SSE4.2 AVX AVX2 FMA
2019-03-15 18:55:51.255055: I tensorflow/core/common_runtime/gpu/gpu_device.cc:1432] Found device 0 with properties: 
name: Tesla K80 major: 3 minor: 7 memoryClockRate(GHz): 0.8235
pciBusID: 0000:88:00.0
totalMemory: 11.17GiB freeMemory: 11.10GiB
2019-03-15 18:55:51.255112: I tensorflow/core/common_runtime/gpu/gpu_device.cc:1511] Adding visible gpu devices: 0
2019-03-15 18:55:51.766926: I tensorflow/core/common_runtime/gpu/gpu_device.cc:982] Device interconnect StreamExecutor with strength 1 edge matrix:
2019-03-15 18:55:51.767004: I tensorflow/core/common_runtime/gpu/gpu_device.cc:988]      0 
2019-03-15 18:55:51.767017: I tensorflow/core/common_runtime/gpu/gpu_device.cc:1001] 0:   N 
2019-03-15 18:55:51.767311: I tensorflow/core/common_runtime/gpu/gpu_device.cc:1115] Created TensorFlow device (/job:localhost/replica:0/task:0/device:GPU:0 with 10758 MB memory) -> physical GPU (device: 0, name: Tesla K80, pci bus id: 0000:88:00.0, compute capability: 3.7)
INFO:latens:restored model from models/mnist_vae_e300_L2_b64/autoencoder/cp-0300.hdf5
2019-03-15 18:56:06.996895: I tensorflow/core/common_runtime/gpu/gpu_device.cc:1511] Adding visible gpu devices: 0
2019-03-15 18:56:06.996977: I tensorflow/core/common_runtime/gpu/gpu_device.cc:982] Device interconnect StreamExecutor with strength 1 edge matrix:
2019-03-15 18:56:06.996991: I tensorflow/core/common_runtime/gpu/gpu_device.cc:988]      0 
2019-03-15 18:56:06.997000: I tensorflow/core/common_runtime/gpu/gpu_device.cc:1001] 0:   N 
2019-03-15 18:56:06.997189: I tensorflow/core/common_runtime/gpu/gpu_device.cc:1115] Created TensorFlow device (/job:localhost/replica:0/task:0/device:GPU:0 with 10758 MB memory) -> physical GPU (device: 0, name: Tesla K80, pci bus id: 0000:88:00.0, compute capability: 3.7)
DEBUG:latens:points: (50000,), [0.10946572 0.07870467 0.12518245 ... 1.         1.         1.        ]
DEBUG:latens:values: (50000,)
DEBUG:latens:sampling: [0 0 0 ... 0 0 1]
DEBUG:latens:sampling: (50000,), 1000
INFO:latens:writing dataset to models/mnist_vae_e300_L2_b64/error_sample_1000.tfrecord...
2019-03-15 18:56:07.143880: I tensorflow/core/common_runtime/gpu/gpu_device.cc:1511] Adding visible gpu devices: 0
2019-03-15 18:56:07.143932: I tensorflow/core/common_runtime/gpu/gpu_device.cc:982] Device interconnect StreamExecutor with strength 1 edge matrix:
2019-03-15 18:56:07.143944: I tensorflow/core/common_runtime/gpu/gpu_device.cc:988]      0 
2019-03-15 18:56:07.143952: I tensorflow/core/common_runtime/gpu/gpu_device.cc:1001] 0:   N 
2019-03-15 18:56:07.144119: I tensorflow/core/common_runtime/gpu/gpu_device.cc:1115] Created TensorFlow device (/job:localhost/replica:0/task:0/device:GPU:0 with 10758 MB memory) -> physical GPU (device: 0, name: Tesla K80, pci bus id: 0000:88:00.0, compute capability: 3.7)
INFO:latens:wrote 1000 examples
INFO:latens:tensorflow 1.12.0, keras 2.1.6-tf
INFO:latens:command: classifier
INFO:latens:model: model
INFO:latens:layer:(None, 28, 28, 1) -> (None, 28, 28, 1):input_2
INFO:latens:layer:(None, 28, 28, 1) -> (None, 4):sequential
INFO:latens:layer:(None, 4) -> (None, 28, 28, 1):sequential_1
INFO:latens:model: sequential_4
INFO:latens:layer:(None, 28, 28, 1) -> (None, 28, 28, 64):conv2d_19
INFO:latens:layer:(None, 28, 28, 64) -> (None, 28, 28, 64):conv2d_20
INFO:latens:layer:(None, 28, 28, 64) -> (None, 14, 14, 64):max_pooling2d_2
INFO:latens:layer:(None, 14, 14, 64) -> (None, 14, 14, 64):dropout_4
INFO:latens:layer:(None, 14, 14, 64) -> (None, 14, 14, 32):conv2d_21
INFO:latens:layer:(None, 14, 14, 32) -> (None, 14, 14, 32):conv2d_22
INFO:latens:layer:(None, 14, 14, 32) -> (None, 7, 7, 32):max_pooling2d_3
INFO:latens:layer:(None, 7, 7, 32) -> (None, 7, 7, 32):dropout_5
INFO:latens:layer:(None, 7, 7, 32) -> (None, 7, 7, 32):conv2d_23
INFO:latens:layer:(None, 7, 7, 32) -> (None, 7, 7, 32):conv2d_24
INFO:latens:layer:(None, 7, 7, 32) -> (None, 1568):flatten_1
INFO:latens:layer:(None, 1568) -> (None, 1024):dense_6
INFO:latens:layer:(None, 1024) -> (None, 10):dense_7
2019-03-15 18:56:18.343080: I tensorflow/core/platform/cpu_feature_guard.cc:141] Your CPU supports instructions that this TensorFlow binary was not compiled to use: SSE4.1 SSE4.2 AVX AVX2 FMA
2019-03-15 18:56:18.547657: I tensorflow/core/common_runtime/gpu/gpu_device.cc:1432] Found device 0 with properties: 
name: Tesla K80 major: 3 minor: 7 memoryClockRate(GHz): 0.8235
pciBusID: 0000:88:00.0
totalMemory: 11.17GiB freeMemory: 11.10GiB
2019-03-15 18:56:18.547709: I tensorflow/core/common_runtime/gpu/gpu_device.cc:1511] Adding visible gpu devices: 0
2019-03-15 18:56:19.049479: I tensorflow/core/common_runtime/gpu/gpu_device.cc:982] Device interconnect StreamExecutor with strength 1 edge matrix:
2019-03-15 18:56:19.049555: I tensorflow/core/common_runtime/gpu/gpu_device.cc:988]      0 
2019-03-15 18:56:19.049567: I tensorflow/core/common_runtime/gpu/gpu_device.cc:1001] 0:   N 
2019-03-15 18:56:19.049865: I tensorflow/core/common_runtime/gpu/gpu_device.cc:1115] Created TensorFlow device (/job:localhost/replica:0/task:0/device:GPU:0 with 10758 MB memory) -> physical GPU (device: 0, name: Tesla K80, pci bus id: 0000:88:00.0, compute capability: 3.7)
INFO:latens:test accuracy: 93.8%
INFO:latens:tensorflow 1.12.0, keras 2.1.6-tf
INFO:latens:command: visualize
INFO:latens:visualizing and saving
INFO:latens:Plotting encoding...
DEBUG:latens:encodings: [[ 0.6707709   0.11395895]
 [-0.38334745 -1.1720618 ]
 [-0.06264313 -0.07446133]
 ...
 [ 0.31538352  0.07725365]
 [-0.28140038  0.22623803]
 [ 0.18121508  0.03990605]]
INFO:latens:saving encodings plot to models/mnist_vae_e300_L2_b64/encodings.pdf
INFO:latens:saving successful
INFO:latens:Plotting sampling...
INFO:latens:saving sampling plot to models/mnist_vae_e300_L2_b64/error_sampling_1000.pdf
INFO:latens:saving successful
INFO:latens:saving distribution plot to models/mnist_vae_e300_L2_b64/error_sampling_distribution_1000.pdf
INFO:latens:saving successful
INFO:latens:tensorflow 1.12.0, keras 2.1.6-tf
INFO:latens:command: visualize-classifiers
INFO:latens:saving hist losses plot to models/mnist_vae_e300_L2_b64/classifier_val_losses_1000.pdf
INFO:latens:saving successful
INFO:latens:saving hist losses plot to models/mnist_vae_e300_L2_b64/classifier_val_accs_1000.pdf
INFO:latens:saving successful
INFO:latens:saving hist losses plot to models/mnist_vae_e300_L2_b64/classifier_test_losses_1000.pdf
INFO:latens:saving successful
INFO:latens:saving hist losses plot to models/mnist_vae_e300_L2_b64/classifier_test_accs_1000.pdf
INFO:latens:saving successful
INFO:latens:test accs for conv:[0.9415804140127388, 0.6820262738853503, 0.9209792993630573, 0.8611664012738853, 0.9434713375796179, 0.9384952229299363]
