Starting analysis...
Epoch 1/50

Epoch 00001: saving model to models/mnist_vae_e300_L2_b64/random_classifier_100/cp-0001.hdf5
 - 5s - loss: 2.3003 - acc: 0.1279 - val_loss: 2.3015 - val_acc: 0.1082
Epoch 2/50

Epoch 00002: saving model to models/mnist_vae_e300_L2_b64/random_classifier_100/cp-0002.hdf5
 - 3s - loss: 2.2926 - acc: 0.1592 - val_loss: 2.2985 - val_acc: 0.1882
Epoch 3/50

Epoch 00003: saving model to models/mnist_vae_e300_L2_b64/random_classifier_100/cp-0003.hdf5
 - 3s - loss: 2.2751 - acc: 0.2568 - val_loss: 2.2931 - val_acc: 0.2701
Epoch 4/50

Epoch 00004: saving model to models/mnist_vae_e300_L2_b64/random_classifier_100/cp-0004.hdf5
 - 3s - loss: 2.2330 - acc: 0.3486 - val_loss: 2.2726 - val_acc: 0.2883
Epoch 5/50

Epoch 00005: saving model to models/mnist_vae_e300_L2_b64/random_classifier_100/cp-0005.hdf5
 - 3s - loss: 2.0430 - acc: 0.3926 - val_loss: 1.9274 - val_acc: 0.4082
Epoch 6/50

Epoch 00006: saving model to models/mnist_vae_e300_L2_b64/random_classifier_100/cp-0006.hdf5
 - 3s - loss: 1.4051 - acc: 0.5449 - val_loss: 1.4534 - val_acc: 0.5037
Epoch 7/50

Epoch 00007: saving model to models/mnist_vae_e300_L2_b64/random_classifier_100/cp-0007.hdf5
 - 3s - loss: 0.9082 - acc: 0.7061 - val_loss: 1.0772 - val_acc: 0.6433
Epoch 8/50

Epoch 00008: saving model to models/mnist_vae_e300_L2_b64/random_classifier_100/cp-0008.hdf5
 - 3s - loss: 0.6012 - acc: 0.7959 - val_loss: 1.0669 - val_acc: 0.6797
Epoch 9/50

Epoch 00009: saving model to models/mnist_vae_e300_L2_b64/random_classifier_100/cp-0009.hdf5
 - 3s - loss: 0.3894 - acc: 0.8750 - val_loss: 1.0635 - val_acc: 0.7131
Epoch 10/50

Epoch 00010: saving model to models/mnist_vae_e300_L2_b64/random_classifier_100/cp-0010.hdf5
 - 3s - loss: 0.2817 - acc: 0.9062 - val_loss: 1.0276 - val_acc: 0.7322
Epoch 11/50

Epoch 00011: saving model to models/mnist_vae_e300_L2_b64/random_classifier_100/cp-0011.hdf5
 - 3s - loss: 0.1723 - acc: 0.9482 - val_loss: 1.0297 - val_acc: 0.7561
Epoch 12/50

Epoch 00012: saving model to models/mnist_vae_e300_L2_b64/random_classifier_100/cp-0012.hdf5
 - 3s - loss: 0.1034 - acc: 0.9688 - val_loss: 1.1200 - val_acc: 0.7584
Epoch 13/50

Epoch 00013: saving model to models/mnist_vae_e300_L2_b64/random_classifier_100/cp-0013.hdf5
 - 3s - loss: 0.0622 - acc: 0.9814 - val_loss: 1.1633 - val_acc: 0.7718
Epoch 14/50

Epoch 00014: saving model to models/mnist_vae_e300_L2_b64/random_classifier_100/cp-0014.hdf5
 - 3s - loss: 0.0623 - acc: 0.9834 - val_loss: 1.2104 - val_acc: 0.7665
Epoch 15/50

Epoch 00015: saving model to models/mnist_vae_e300_L2_b64/random_classifier_100/cp-0015.hdf5
 - 3s - loss: 0.0475 - acc: 0.9834 - val_loss: 1.2965 - val_acc: 0.7606
Epoch 16/50

Epoch 00016: saving model to models/mnist_vae_e300_L2_b64/random_classifier_100/cp-0016.hdf5
 - 3s - loss: 0.0315 - acc: 0.9902 - val_loss: 1.2961 - val_acc: 0.7746
Epoch 17/50

Epoch 00017: saving model to models/mnist_vae_e300_L2_b64/random_classifier_100/cp-0017.hdf5
 - 3s - loss: 0.0186 - acc: 0.9961 - val_loss: 1.3271 - val_acc: 0.7759
Epoch 18/50

Epoch 00018: saving model to models/mnist_vae_e300_L2_b64/random_classifier_100/cp-0018.hdf5
 - 3s - loss: 0.0163 - acc: 0.9961 - val_loss: 1.4115 - val_acc: 0.7674
Epoch 19/50

Epoch 00019: saving model to models/mnist_vae_e300_L2_b64/random_classifier_100/cp-0019.hdf5
 - 3s - loss: 0.0174 - acc: 0.9961 - val_loss: 1.4568 - val_acc: 0.7705
Epoch 20/50

Epoch 00020: saving model to models/mnist_vae_e300_L2_b64/random_classifier_100/cp-0020.hdf5
 - 3s - loss: 0.0176 - acc: 0.9961 - val_loss: 1.4341 - val_acc: 0.7740
Epoch 21/50

Epoch 00021: saving model to models/mnist_vae_e300_L2_b64/random_classifier_100/cp-0021.hdf5
 - 3s - loss: 0.0073 - acc: 1.0000 - val_loss: 1.4590 - val_acc: 0.7765
Epoch 22/50

Epoch 00022: saving model to models/mnist_vae_e300_L2_b64/random_classifier_100/cp-0022.hdf5
 - 3s - loss: 0.0113 - acc: 0.9990 - val_loss: 1.4972 - val_acc: 0.7738
Epoch 23/50

Epoch 00023: saving model to models/mnist_vae_e300_L2_b64/random_classifier_100/cp-0023.hdf5
 - 3s - loss: 0.0117 - acc: 0.9961 - val_loss: 1.5471 - val_acc: 0.7711
Epoch 24/50

Epoch 00024: saving model to models/mnist_vae_e300_L2_b64/random_classifier_100/cp-0024.hdf5
 - 3s - loss: 0.0079 - acc: 0.9980 - val_loss: 1.5065 - val_acc: 0.7770
Epoch 25/50

Epoch 00025: saving model to models/mnist_vae_e300_L2_b64/random_classifier_100/cp-0025.hdf5
 - 3s - loss: 0.0067 - acc: 1.0000 - val_loss: 1.5378 - val_acc: 0.7722
Epoch 26/50

Epoch 00026: saving model to models/mnist_vae_e300_L2_b64/random_classifier_100/cp-0026.hdf5
 - 3s - loss: 0.0114 - acc: 0.9980 - val_loss: 1.5391 - val_acc: 0.7767
Epoch 27/50

Epoch 00027: saving model to models/mnist_vae_e300_L2_b64/random_classifier_100/cp-0027.hdf5
 - 3s - loss: 0.0088 - acc: 0.9990 - val_loss: 1.5224 - val_acc: 0.7785
Epoch 28/50

Epoch 00028: saving model to models/mnist_vae_e300_L2_b64/random_classifier_100/cp-0028.hdf5
 - 3s - loss: 0.0055 - acc: 1.0000 - val_loss: 1.5929 - val_acc: 0.7744
Epoch 29/50

Epoch 00029: saving model to models/mnist_vae_e300_L2_b64/random_classifier_100/cp-0029.hdf5
 - 3s - loss: 0.0051 - acc: 0.9990 - val_loss: 1.5733 - val_acc: 0.7715
Epoch 30/50

Epoch 00030: saving model to models/mnist_vae_e300_L2_b64/random_classifier_100/cp-0030.hdf5
 - 3s - loss: 0.0072 - acc: 0.9980 - val_loss: 1.5306 - val_acc: 0.7808
Epoch 31/50

Epoch 00031: saving model to models/mnist_vae_e300_L2_b64/random_classifier_100/cp-0031.hdf5
 - 3s - loss: 0.0053 - acc: 0.9990 - val_loss: 1.5855 - val_acc: 0.7782
Epoch 32/50

Epoch 00032: saving model to models/mnist_vae_e300_L2_b64/random_classifier_100/cp-0032.hdf5
 - 3s - loss: 0.0060 - acc: 0.9990 - val_loss: 1.5998 - val_acc: 0.7760
Epoch 33/50

Epoch 00033: saving model to models/mnist_vae_e300_L2_b64/random_classifier_100/cp-0033.hdf5
 - 3s - loss: 0.0051 - acc: 0.9990 - val_loss: 1.5768 - val_acc: 0.7782
Epoch 34/50

Epoch 00034: saving model to models/mnist_vae_e300_L2_b64/random_classifier_100/cp-0034.hdf5
 - 3s - loss: 0.0025 - acc: 1.0000 - val_loss: 1.5895 - val_acc: 0.7793
Epoch 35/50

Epoch 00035: saving model to models/mnist_vae_e300_L2_b64/random_classifier_100/cp-0035.hdf5
 - 3s - loss: 0.0042 - acc: 0.9990 - val_loss: 1.5941 - val_acc: 0.7803
Epoch 36/50

Epoch 00036: saving model to models/mnist_vae_e300_L2_b64/random_classifier_100/cp-0036.hdf5
 - 3s - loss: 0.0050 - acc: 0.9980 - val_loss: 1.5677 - val_acc: 0.7822
Epoch 37/50

Epoch 00037: saving model to models/mnist_vae_e300_L2_b64/random_classifier_100/cp-0037.hdf5
 - 3s - loss: 0.0043 - acc: 1.0000 - val_loss: 1.5996 - val_acc: 0.7785
Epoch 38/50

Epoch 00038: saving model to models/mnist_vae_e300_L2_b64/random_classifier_100/cp-0038.hdf5
 - 3s - loss: 0.0049 - acc: 0.9980 - val_loss: 1.6712 - val_acc: 0.7732
Epoch 39/50

Epoch 00039: saving model to models/mnist_vae_e300_L2_b64/random_classifier_100/cp-0039.hdf5
 - 3s - loss: 0.0060 - acc: 0.9980 - val_loss: 1.6307 - val_acc: 0.7779
Epoch 40/50

Epoch 00040: saving model to models/mnist_vae_e300_L2_b64/random_classifier_100/cp-0040.hdf5
 - 3s - loss: 0.0048 - acc: 1.0000 - val_loss: 1.6699 - val_acc: 0.7760
Epoch 41/50

Epoch 00041: saving model to models/mnist_vae_e300_L2_b64/random_classifier_100/cp-0041.hdf5
 - 3s - loss: 0.0038 - acc: 0.9990 - val_loss: 1.6615 - val_acc: 0.7754
Epoch 42/50

Epoch 00042: saving model to models/mnist_vae_e300_L2_b64/random_classifier_100/cp-0042.hdf5
 - 3s - loss: 0.0032 - acc: 0.9990 - val_loss: 1.6857 - val_acc: 0.7718
Epoch 43/50

Epoch 00043: saving model to models/mnist_vae_e300_L2_b64/random_classifier_100/cp-0043.hdf5
 - 3s - loss: 0.0056 - acc: 0.9990 - val_loss: 1.6299 - val_acc: 0.7819
Epoch 44/50

Epoch 00044: saving model to models/mnist_vae_e300_L2_b64/random_classifier_100/cp-0044.hdf5
 - 3s - loss: 0.0035 - acc: 0.9990 - val_loss: 1.5978 - val_acc: 0.7819
Epoch 45/50

Epoch 00045: saving model to models/mnist_vae_e300_L2_b64/random_classifier_100/cp-0045.hdf5
 - 3s - loss: 0.0034 - acc: 0.9990 - val_loss: 1.6141 - val_acc: 0.7826
Epoch 46/50

Epoch 00046: saving model to models/mnist_vae_e300_L2_b64/random_classifier_100/cp-0046.hdf5
 - 3s - loss: 0.0030 - acc: 0.9990 - val_loss: 1.6066 - val_acc: 0.7831
Epoch 47/50

Epoch 00047: saving model to models/mnist_vae_e300_L2_b64/random_classifier_100/cp-0047.hdf5
 - 3s - loss: 0.0037 - acc: 0.9990 - val_loss: 1.6223 - val_acc: 0.7828
Epoch 48/50

Epoch 00048: saving model to models/mnist_vae_e300_L2_b64/random_classifier_100/cp-0048.hdf5
 - 3s - loss: 0.0022 - acc: 1.0000 - val_loss: 1.6179 - val_acc: 0.7837
Epoch 49/50

Epoch 00049: saving model to models/mnist_vae_e300_L2_b64/random_classifier_100/cp-0049.hdf5
 - 3s - loss: 0.0032 - acc: 0.9980 - val_loss: 1.6176 - val_acc: 0.7836
Epoch 50/50

Epoch 00050: saving model to models/mnist_vae_e300_L2_b64/random_classifier_100/cp-0050.hdf5
 - 3s - loss: 0.0032 - acc: 0.9990 - val_loss: 1.6546 - val_acc: 0.7811
Epoch 1/50

Epoch 00001: saving model to models/mnist_vae_e300_L2_b64/normal_classifier_100/cp-0001.hdf5
 - 5s - loss: 2.2966 - acc: 0.1523 - val_loss: 2.2987 - val_acc: 0.1060
Epoch 2/50

Epoch 00002: saving model to models/mnist_vae_e300_L2_b64/normal_classifier_100/cp-0002.hdf5
 - 3s - loss: 2.2703 - acc: 0.1982 - val_loss: 2.2967 - val_acc: 0.1613
Epoch 3/50

Epoch 00003: saving model to models/mnist_vae_e300_L2_b64/normal_classifier_100/cp-0003.hdf5
 - 3s - loss: 2.2014 - acc: 0.2256 - val_loss: 2.2951 - val_acc: 0.1542
Epoch 4/50

Epoch 00004: saving model to models/mnist_vae_e300_L2_b64/normal_classifier_100/cp-0004.hdf5
 - 3s - loss: 2.0284 - acc: 0.2852 - val_loss: 2.0857 - val_acc: 0.3205
Epoch 5/50

Epoch 00005: saving model to models/mnist_vae_e300_L2_b64/normal_classifier_100/cp-0005.hdf5
 - 3s - loss: 1.6537 - acc: 0.4375 - val_loss: 1.6805 - val_acc: 0.4518
Epoch 6/50

Epoch 00006: saving model to models/mnist_vae_e300_L2_b64/normal_classifier_100/cp-0006.hdf5
 - 3s - loss: 1.3185 - acc: 0.5527 - val_loss: 1.7935 - val_acc: 0.4321
Epoch 7/50

Epoch 00007: saving model to models/mnist_vae_e300_L2_b64/normal_classifier_100/cp-0007.hdf5
 - 3s - loss: 1.0135 - acc: 0.6719 - val_loss: 1.4598 - val_acc: 0.5635
Epoch 8/50

Epoch 00008: saving model to models/mnist_vae_e300_L2_b64/normal_classifier_100/cp-0008.hdf5
 - 3s - loss: 0.7480 - acc: 0.7451 - val_loss: 1.3404 - val_acc: 0.6035
Epoch 9/50

Epoch 00009: saving model to models/mnist_vae_e300_L2_b64/normal_classifier_100/cp-0009.hdf5
 - 3s - loss: 0.4906 - acc: 0.8271 - val_loss: 1.3926 - val_acc: 0.6334
Epoch 10/50

Epoch 00010: saving model to models/mnist_vae_e300_L2_b64/normal_classifier_100/cp-0010.hdf5
 - 3s - loss: 0.3291 - acc: 0.8848 - val_loss: 1.9479 - val_acc: 0.5563
Epoch 11/50

Epoch 00011: saving model to models/mnist_vae_e300_L2_b64/normal_classifier_100/cp-0011.hdf5
 - 3s - loss: 0.2256 - acc: 0.9287 - val_loss: 1.6119 - val_acc: 0.6463
Epoch 12/50

Epoch 00012: saving model to models/mnist_vae_e300_L2_b64/normal_classifier_100/cp-0012.hdf5
 - 3s - loss: 0.1721 - acc: 0.9424 - val_loss: 1.8039 - val_acc: 0.6526
Epoch 13/50

Epoch 00013: saving model to models/mnist_vae_e300_L2_b64/normal_classifier_100/cp-0013.hdf5
 - 3s - loss: 0.0842 - acc: 0.9785 - val_loss: 1.9987 - val_acc: 0.6573
Epoch 14/50

Epoch 00014: saving model to models/mnist_vae_e300_L2_b64/normal_classifier_100/cp-0014.hdf5
 - 3s - loss: 0.1033 - acc: 0.9629 - val_loss: 2.2008 - val_acc: 0.6432
Epoch 15/50

Epoch 00015: saving model to models/mnist_vae_e300_L2_b64/normal_classifier_100/cp-0015.hdf5
 - 3s - loss: 0.0630 - acc: 0.9863 - val_loss: 2.2690 - val_acc: 0.6548
Epoch 16/50

Epoch 00016: saving model to models/mnist_vae_e300_L2_b64/normal_classifier_100/cp-0016.hdf5
 - 3s - loss: 0.0477 - acc: 0.9912 - val_loss: 2.2099 - val_acc: 0.6608
Epoch 17/50

Epoch 00017: saving model to models/mnist_vae_e300_L2_b64/normal_classifier_100/cp-0017.hdf5
 - 3s - loss: 0.0281 - acc: 0.9922 - val_loss: 2.2990 - val_acc: 0.6604
Epoch 18/50

Epoch 00018: saving model to models/mnist_vae_e300_L2_b64/normal_classifier_100/cp-0018.hdf5
 - 3s - loss: 0.0512 - acc: 0.9795 - val_loss: 2.3790 - val_acc: 0.6455
Epoch 19/50

Epoch 00019: saving model to models/mnist_vae_e300_L2_b64/normal_classifier_100/cp-0019.hdf5
 - 3s - loss: 0.0263 - acc: 0.9912 - val_loss: 2.3986 - val_acc: 0.6602
Epoch 20/50

Epoch 00020: saving model to models/mnist_vae_e300_L2_b64/normal_classifier_100/cp-0020.hdf5
 - 3s - loss: 0.0194 - acc: 0.9971 - val_loss: 2.4586 - val_acc: 0.6594
Epoch 21/50

Epoch 00021: saving model to models/mnist_vae_e300_L2_b64/normal_classifier_100/cp-0021.hdf5
 - 3s - loss: 0.0225 - acc: 0.9932 - val_loss: 2.4258 - val_acc: 0.6657
Epoch 22/50

Epoch 00022: saving model to models/mnist_vae_e300_L2_b64/normal_classifier_100/cp-0022.hdf5
 - 3s - loss: 0.0141 - acc: 0.9980 - val_loss: 2.5899 - val_acc: 0.6548
Epoch 23/50

Epoch 00023: saving model to models/mnist_vae_e300_L2_b64/normal_classifier_100/cp-0023.hdf5
 - 3s - loss: 0.0196 - acc: 0.9951 - val_loss: 2.5516 - val_acc: 0.6618
Epoch 24/50

Epoch 00024: saving model to models/mnist_vae_e300_L2_b64/normal_classifier_100/cp-0024.hdf5
 - 3s - loss: 0.0096 - acc: 0.9990 - val_loss: 2.5129 - val_acc: 0.6654
Epoch 25/50

Epoch 00025: saving model to models/mnist_vae_e300_L2_b64/normal_classifier_100/cp-0025.hdf5
 - 3s - loss: 0.0123 - acc: 0.9971 - val_loss: 2.6841 - val_acc: 0.6591
Epoch 26/50

Epoch 00026: saving model to models/mnist_vae_e300_L2_b64/normal_classifier_100/cp-0026.hdf5
 - 3s - loss: 0.0097 - acc: 0.9980 - val_loss: 2.6516 - val_acc: 0.6618
Epoch 27/50

Epoch 00027: saving model to models/mnist_vae_e300_L2_b64/normal_classifier_100/cp-0027.hdf5
 - 3s - loss: 0.0077 - acc: 1.0000 - val_loss: 2.7120 - val_acc: 0.6607
Epoch 28/50

Epoch 00028: saving model to models/mnist_vae_e300_L2_b64/normal_classifier_100/cp-0028.hdf5
 - 3s - loss: 0.0147 - acc: 0.9961 - val_loss: 2.7142 - val_acc: 0.6611
Epoch 29/50

Epoch 00029: saving model to models/mnist_vae_e300_L2_b64/normal_classifier_100/cp-0029.hdf5
 - 3s - loss: 0.0103 - acc: 0.9961 - val_loss: 2.7261 - val_acc: 0.6631
Epoch 30/50

Epoch 00030: saving model to models/mnist_vae_e300_L2_b64/normal_classifier_100/cp-0030.hdf5
 - 3s - loss: 0.0072 - acc: 0.9990 - val_loss: 2.8004 - val_acc: 0.6620
Epoch 31/50

Epoch 00031: saving model to models/mnist_vae_e300_L2_b64/normal_classifier_100/cp-0031.hdf5
 - 3s - loss: 0.0046 - acc: 1.0000 - val_loss: 2.7690 - val_acc: 0.6632
Epoch 32/50

Epoch 00032: saving model to models/mnist_vae_e300_L2_b64/normal_classifier_100/cp-0032.hdf5
 - 3s - loss: 0.0068 - acc: 0.9990 - val_loss: 2.8294 - val_acc: 0.6594
Epoch 33/50

Epoch 00033: saving model to models/mnist_vae_e300_L2_b64/normal_classifier_100/cp-0033.hdf5
 - 3s - loss: 0.0070 - acc: 0.9990 - val_loss: 2.8198 - val_acc: 0.6633
Epoch 34/50

Epoch 00034: saving model to models/mnist_vae_e300_L2_b64/normal_classifier_100/cp-0034.hdf5
 - 3s - loss: 0.0074 - acc: 0.9971 - val_loss: 2.8208 - val_acc: 0.6634
Epoch 35/50

Epoch 00035: saving model to models/mnist_vae_e300_L2_b64/normal_classifier_100/cp-0035.hdf5
 - 3s - loss: 0.0039 - acc: 1.0000 - val_loss: 2.8626 - val_acc: 0.6648
Epoch 36/50

Epoch 00036: saving model to models/mnist_vae_e300_L2_b64/normal_classifier_100/cp-0036.hdf5
 - 3s - loss: 0.0068 - acc: 0.9980 - val_loss: 2.8673 - val_acc: 0.6649
Epoch 37/50

Epoch 00037: saving model to models/mnist_vae_e300_L2_b64/normal_classifier_100/cp-0037.hdf5
 - 3s - loss: 0.0077 - acc: 0.9990 - val_loss: 2.8934 - val_acc: 0.6623
Epoch 38/50

Epoch 00038: saving model to models/mnist_vae_e300_L2_b64/normal_classifier_100/cp-0038.hdf5
 - 3s - loss: 0.0032 - acc: 1.0000 - val_loss: 2.8544 - val_acc: 0.6623
Epoch 39/50

Epoch 00039: saving model to models/mnist_vae_e300_L2_b64/normal_classifier_100/cp-0039.hdf5
 - 3s - loss: 0.0031 - acc: 1.0000 - val_loss: 2.9606 - val_acc: 0.6595
Epoch 40/50

Epoch 00040: saving model to models/mnist_vae_e300_L2_b64/normal_classifier_100/cp-0040.hdf5
 - 3s - loss: 0.0034 - acc: 1.0000 - val_loss: 2.9085 - val_acc: 0.6609
Epoch 41/50

Epoch 00041: saving model to models/mnist_vae_e300_L2_b64/normal_classifier_100/cp-0041.hdf5
 - 3s - loss: 0.0045 - acc: 0.9990 - val_loss: 2.9485 - val_acc: 0.6629
Epoch 42/50

Epoch 00042: saving model to models/mnist_vae_e300_L2_b64/normal_classifier_100/cp-0042.hdf5
 - 3s - loss: 0.0029 - acc: 1.0000 - val_loss: 2.9227 - val_acc: 0.6644
Epoch 43/50

Epoch 00043: saving model to models/mnist_vae_e300_L2_b64/normal_classifier_100/cp-0043.hdf5
 - 3s - loss: 0.0033 - acc: 1.0000 - val_loss: 3.0387 - val_acc: 0.6582
Epoch 44/50

Epoch 00044: saving model to models/mnist_vae_e300_L2_b64/normal_classifier_100/cp-0044.hdf5
 - 3s - loss: 0.0018 - acc: 1.0000 - val_loss: 2.9864 - val_acc: 0.6620
Epoch 45/50

Epoch 00045: saving model to models/mnist_vae_e300_L2_b64/normal_classifier_100/cp-0045.hdf5
 - 3s - loss: 0.0062 - acc: 0.9971 - val_loss: 3.0872 - val_acc: 0.6581
Epoch 46/50

Epoch 00046: saving model to models/mnist_vae_e300_L2_b64/normal_classifier_100/cp-0046.hdf5
 - 3s - loss: 0.0035 - acc: 0.9990 - val_loss: 3.0221 - val_acc: 0.6603
Epoch 47/50

Epoch 00047: saving model to models/mnist_vae_e300_L2_b64/normal_classifier_100/cp-0047.hdf5
 - 3s - loss: 0.0020 - acc: 1.0000 - val_loss: 3.0107 - val_acc: 0.6639
Epoch 48/50

Epoch 00048: saving model to models/mnist_vae_e300_L2_b64/normal_classifier_100/cp-0048.hdf5
 - 3s - loss: 0.0031 - acc: 1.0000 - val_loss: 3.0475 - val_acc: 0.6613
Epoch 49/50

Epoch 00049: saving model to models/mnist_vae_e300_L2_b64/normal_classifier_100/cp-0049.hdf5
 - 3s - loss: 0.0023 - acc: 1.0000 - val_loss: 3.0903 - val_acc: 0.6611
Epoch 50/50

Epoch 00050: saving model to models/mnist_vae_e300_L2_b64/normal_classifier_100/cp-0050.hdf5
 - 3s - loss: 0.0018 - acc: 1.0000 - val_loss: 3.1234 - val_acc: 0.6584
Epoch 1/50

Epoch 00001: saving model to models/mnist_vae_e300_L2_b64/multi-normal_classifier_100/cp-0001.hdf5
 - 5s - loss: 2.3001 - acc: 0.1055 - val_loss: 2.3007 - val_acc: 0.1026
Epoch 2/50

Epoch 00002: saving model to models/mnist_vae_e300_L2_b64/multi-normal_classifier_100/cp-0002.hdf5
 - 3s - loss: 2.2899 - acc: 0.1572 - val_loss: 2.2988 - val_acc: 0.1031
Epoch 3/50

Epoch 00003: saving model to models/mnist_vae_e300_L2_b64/multi-normal_classifier_100/cp-0003.hdf5
 - 3s - loss: 2.2672 - acc: 0.1660 - val_loss: 2.3013 - val_acc: 0.1030
Epoch 4/50

Epoch 00004: saving model to models/mnist_vae_e300_L2_b64/multi-normal_classifier_100/cp-0004.hdf5
 - 3s - loss: 2.2306 - acc: 0.1582 - val_loss: 2.2939 - val_acc: 0.1336
Epoch 5/50

Epoch 00005: saving model to models/mnist_vae_e300_L2_b64/multi-normal_classifier_100/cp-0005.hdf5
 - 3s - loss: 2.1428 - acc: 0.2793 - val_loss: 2.1691 - val_acc: 0.3266
Epoch 6/50

Epoch 00006: saving model to models/mnist_vae_e300_L2_b64/multi-normal_classifier_100/cp-0006.hdf5
 - 3s - loss: 1.8369 - acc: 0.3848 - val_loss: 1.7560 - val_acc: 0.3851
Epoch 7/50

Epoch 00007: saving model to models/mnist_vae_e300_L2_b64/multi-normal_classifier_100/cp-0007.hdf5
 - 3s - loss: 1.3934 - acc: 0.5322 - val_loss: 1.4924 - val_acc: 0.4581
Epoch 8/50

Epoch 00008: saving model to models/mnist_vae_e300_L2_b64/multi-normal_classifier_100/cp-0008.hdf5
 - 3s - loss: 1.0073 - acc: 0.6738 - val_loss: 1.5120 - val_acc: 0.5362
Epoch 9/50

Epoch 00009: saving model to models/mnist_vae_e300_L2_b64/multi-normal_classifier_100/cp-0009.hdf5
 - 3s - loss: 0.6995 - acc: 0.7646 - val_loss: 1.4437 - val_acc: 0.5703
Epoch 10/50

Epoch 00010: saving model to models/mnist_vae_e300_L2_b64/multi-normal_classifier_100/cp-0010.hdf5
 - 3s - loss: 0.5549 - acc: 0.8193 - val_loss: 1.3930 - val_acc: 0.6440
Epoch 11/50

Epoch 00011: saving model to models/mnist_vae_e300_L2_b64/multi-normal_classifier_100/cp-0011.hdf5
 - 3s - loss: 0.3822 - acc: 0.8789 - val_loss: 1.5600 - val_acc: 0.6557
Epoch 12/50

Epoch 00012: saving model to models/mnist_vae_e300_L2_b64/multi-normal_classifier_100/cp-0012.hdf5
 - 3s - loss: 0.1943 - acc: 0.9492 - val_loss: 1.8999 - val_acc: 0.6128
Epoch 13/50

Epoch 00013: saving model to models/mnist_vae_e300_L2_b64/multi-normal_classifier_100/cp-0013.hdf5
 - 3s - loss: 0.1003 - acc: 0.9805 - val_loss: 2.2219 - val_acc: 0.6483
Epoch 14/50

Epoch 00014: saving model to models/mnist_vae_e300_L2_b64/multi-normal_classifier_100/cp-0014.hdf5
 - 3s - loss: 0.1033 - acc: 0.9736 - val_loss: 1.9480 - val_acc: 0.6699
Epoch 15/50

Epoch 00015: saving model to models/mnist_vae_e300_L2_b64/multi-normal_classifier_100/cp-0015.hdf5
 - 3s - loss: 0.0580 - acc: 0.9873 - val_loss: 2.0868 - val_acc: 0.6691
Epoch 16/50

Epoch 00016: saving model to models/mnist_vae_e300_L2_b64/multi-normal_classifier_100/cp-0016.hdf5
 - 3s - loss: 0.0395 - acc: 0.9932 - val_loss: 2.2438 - val_acc: 0.6683
Epoch 17/50

Epoch 00017: saving model to models/mnist_vae_e300_L2_b64/multi-normal_classifier_100/cp-0017.hdf5
 - 3s - loss: 0.0162 - acc: 1.0000 - val_loss: 2.3410 - val_acc: 0.6678
Epoch 18/50

Epoch 00018: saving model to models/mnist_vae_e300_L2_b64/multi-normal_classifier_100/cp-0018.hdf5
 - 3s - loss: 0.0256 - acc: 0.9941 - val_loss: 2.3360 - val_acc: 0.6691
Epoch 19/50

Epoch 00019: saving model to models/mnist_vae_e300_L2_b64/multi-normal_classifier_100/cp-0019.hdf5
 - 3s - loss: 0.0125 - acc: 0.9990 - val_loss: 2.4460 - val_acc: 0.6705
Epoch 20/50

Epoch 00020: saving model to models/mnist_vae_e300_L2_b64/multi-normal_classifier_100/cp-0020.hdf5
 - 3s - loss: 0.0134 - acc: 0.9980 - val_loss: 2.5661 - val_acc: 0.6631
Epoch 21/50

Epoch 00021: saving model to models/mnist_vae_e300_L2_b64/multi-normal_classifier_100/cp-0021.hdf5
 - 3s - loss: 0.0095 - acc: 1.0000 - val_loss: 2.5387 - val_acc: 0.6699
Epoch 22/50

Epoch 00022: saving model to models/mnist_vae_e300_L2_b64/multi-normal_classifier_100/cp-0022.hdf5
 - 3s - loss: 0.0091 - acc: 0.9980 - val_loss: 2.6250 - val_acc: 0.6695
Epoch 23/50

Epoch 00023: saving model to models/mnist_vae_e300_L2_b64/multi-normal_classifier_100/cp-0023.hdf5
 - 3s - loss: 0.0152 - acc: 0.9951 - val_loss: 2.5056 - val_acc: 0.6751
Epoch 24/50

Epoch 00024: saving model to models/mnist_vae_e300_L2_b64/multi-normal_classifier_100/cp-0024.hdf5
 - 3s - loss: 0.0113 - acc: 0.9990 - val_loss: 2.7644 - val_acc: 0.6609
Epoch 25/50

Epoch 00025: saving model to models/mnist_vae_e300_L2_b64/multi-normal_classifier_100/cp-0025.hdf5
 - 3s - loss: 0.0086 - acc: 0.9990 - val_loss: 2.6170 - val_acc: 0.6698
Epoch 26/50

Epoch 00026: saving model to models/mnist_vae_e300_L2_b64/multi-normal_classifier_100/cp-0026.hdf5
 - 3s - loss: 0.0038 - acc: 1.0000 - val_loss: 2.7296 - val_acc: 0.6675
Epoch 27/50

Epoch 00027: saving model to models/mnist_vae_e300_L2_b64/multi-normal_classifier_100/cp-0027.hdf5
 - 3s - loss: 0.0035 - acc: 1.0000 - val_loss: 2.6981 - val_acc: 0.6689
Epoch 28/50

Epoch 00028: saving model to models/mnist_vae_e300_L2_b64/multi-normal_classifier_100/cp-0028.hdf5
 - 3s - loss: 0.0046 - acc: 1.0000 - val_loss: 2.7763 - val_acc: 0.6680
Epoch 29/50

Epoch 00029: saving model to models/mnist_vae_e300_L2_b64/multi-normal_classifier_100/cp-0029.hdf5
 - 3s - loss: 0.0032 - acc: 1.0000 - val_loss: 2.8661 - val_acc: 0.6626
Epoch 30/50

Epoch 00030: saving model to models/mnist_vae_e300_L2_b64/multi-normal_classifier_100/cp-0030.hdf5
 - 3s - loss: 0.0063 - acc: 0.9980 - val_loss: 2.9155 - val_acc: 0.6621
Epoch 31/50

Epoch 00031: saving model to models/mnist_vae_e300_L2_b64/multi-normal_classifier_100/cp-0031.hdf5
 - 3s - loss: 0.0030 - acc: 1.0000 - val_loss: 2.9145 - val_acc: 0.6631
Epoch 32/50

Epoch 00032: saving model to models/mnist_vae_e300_L2_b64/multi-normal_classifier_100/cp-0032.hdf5
 - 3s - loss: 0.0028 - acc: 1.0000 - val_loss: 2.9080 - val_acc: 0.6655
Epoch 33/50

Epoch 00033: saving model to models/mnist_vae_e300_L2_b64/multi-normal_classifier_100/cp-0033.hdf5
 - 3s - loss: 0.0026 - acc: 1.0000 - val_loss: 2.8788 - val_acc: 0.6702
Epoch 34/50

Epoch 00034: saving model to models/mnist_vae_e300_L2_b64/multi-normal_classifier_100/cp-0034.hdf5
 - 3s - loss: 0.0025 - acc: 1.0000 - val_loss: 2.9197 - val_acc: 0.6676
Epoch 35/50

Epoch 00035: saving model to models/mnist_vae_e300_L2_b64/multi-normal_classifier_100/cp-0035.hdf5
 - 3s - loss: 0.0029 - acc: 1.0000 - val_loss: 2.9844 - val_acc: 0.6662
Epoch 36/50

Epoch 00036: saving model to models/mnist_vae_e300_L2_b64/multi-normal_classifier_100/cp-0036.hdf5
 - 3s - loss: 0.0017 - acc: 1.0000 - val_loss: 2.9064 - val_acc: 0.6683
Epoch 37/50

Epoch 00037: saving model to models/mnist_vae_e300_L2_b64/multi-normal_classifier_100/cp-0037.hdf5
 - 3s - loss: 0.0020 - acc: 1.0000 - val_loss: 2.8701 - val_acc: 0.6757
Epoch 38/50

Epoch 00038: saving model to models/mnist_vae_e300_L2_b64/multi-normal_classifier_100/cp-0038.hdf5
 - 3s - loss: 0.0054 - acc: 0.9990 - val_loss: 2.9762 - val_acc: 0.6682
Epoch 39/50

Epoch 00039: saving model to models/mnist_vae_e300_L2_b64/multi-normal_classifier_100/cp-0039.hdf5
 - 3s - loss: 0.0030 - acc: 0.9990 - val_loss: 2.9408 - val_acc: 0.6710
Epoch 40/50

Epoch 00040: saving model to models/mnist_vae_e300_L2_b64/multi-normal_classifier_100/cp-0040.hdf5
 - 3s - loss: 0.0023 - acc: 1.0000 - val_loss: 2.8632 - val_acc: 0.6767
Epoch 41/50

Epoch 00041: saving model to models/mnist_vae_e300_L2_b64/multi-normal_classifier_100/cp-0041.hdf5
 - 3s - loss: 0.0018 - acc: 1.0000 - val_loss: 2.9323 - val_acc: 0.6748
Epoch 42/50

Epoch 00042: saving model to models/mnist_vae_e300_L2_b64/multi-normal_classifier_100/cp-0042.hdf5
 - 3s - loss: 0.0019 - acc: 1.0000 - val_loss: 2.9360 - val_acc: 0.6717
Epoch 43/50

Epoch 00043: saving model to models/mnist_vae_e300_L2_b64/multi-normal_classifier_100/cp-0043.hdf5
 - 3s - loss: 0.0033 - acc: 0.9990 - val_loss: 2.9564 - val_acc: 0.6720
Epoch 44/50

Epoch 00044: saving model to models/mnist_vae_e300_L2_b64/multi-normal_classifier_100/cp-0044.hdf5
 - 3s - loss: 0.0015 - acc: 1.0000 - val_loss: 2.9799 - val_acc: 0.6707
Epoch 45/50

Epoch 00045: saving model to models/mnist_vae_e300_L2_b64/multi-normal_classifier_100/cp-0045.hdf5
 - 3s - loss: 0.0044 - acc: 0.9990 - val_loss: 3.0543 - val_acc: 0.6639
Epoch 46/50

Epoch 00046: saving model to models/mnist_vae_e300_L2_b64/multi-normal_classifier_100/cp-0046.hdf5
 - 3s - loss: 0.0012 - acc: 1.0000 - val_loss: 3.0430 - val_acc: 0.6691
Epoch 47/50

Epoch 00047: saving model to models/mnist_vae_e300_L2_b64/multi-normal_classifier_100/cp-0047.hdf5
 - 3s - loss: 0.0013 - acc: 1.0000 - val_loss: 3.0659 - val_acc: 0.6682
Epoch 48/50

Epoch 00048: saving model to models/mnist_vae_e300_L2_b64/multi-normal_classifier_100/cp-0048.hdf5
 - 3s - loss: 0.0017 - acc: 1.0000 - val_loss: 3.0394 - val_acc: 0.6705
Epoch 49/50

Epoch 00049: saving model to models/mnist_vae_e300_L2_b64/multi-normal_classifier_100/cp-0049.hdf5
 - 3s - loss: 0.0013 - acc: 1.0000 - val_loss: 3.0401 - val_acc: 0.6717
Epoch 50/50

Epoch 00050: saving model to models/mnist_vae_e300_L2_b64/multi-normal_classifier_100/cp-0050.hdf5
 - 3s - loss: 8.6876e-04 - acc: 1.0000 - val_loss: 3.0092 - val_acc: 0.6730
Epoch 1/50

Epoch 00001: saving model to models/mnist_vae_e300_L2_b64/uniform_classifier_100/cp-0001.hdf5
 - 5s - loss: 2.2745 - acc: 0.2256 - val_loss: 2.3042 - val_acc: 0.0901
Epoch 2/50

Epoch 00002: saving model to models/mnist_vae_e300_L2_b64/uniform_classifier_100/cp-0002.hdf5
 - 3s - loss: 1.8899 - acc: 0.4014 - val_loss: 3.1662 - val_acc: 0.2379
Epoch 3/50

Epoch 00003: saving model to models/mnist_vae_e300_L2_b64/uniform_classifier_100/cp-0003.hdf5
 - 3s - loss: 1.4186 - acc: 0.6504 - val_loss: 3.2722 - val_acc: 0.2481
Epoch 4/50

Epoch 00004: saving model to models/mnist_vae_e300_L2_b64/uniform_classifier_100/cp-0004.hdf5
 - 3s - loss: 1.0189 - acc: 0.7383 - val_loss: 2.9685 - val_acc: 0.2638
Epoch 5/50

Epoch 00005: saving model to models/mnist_vae_e300_L2_b64/uniform_classifier_100/cp-0005.hdf5
 - 3s - loss: 0.7468 - acc: 0.7725 - val_loss: 3.0300 - val_acc: 0.3095
Epoch 6/50

Epoch 00006: saving model to models/mnist_vae_e300_L2_b64/uniform_classifier_100/cp-0006.hdf5
 - 3s - loss: 0.4910 - acc: 0.8457 - val_loss: 3.5081 - val_acc: 0.3632
Epoch 7/50

Epoch 00007: saving model to models/mnist_vae_e300_L2_b64/uniform_classifier_100/cp-0007.hdf5
 - 3s - loss: 0.3607 - acc: 0.8818 - val_loss: 3.2739 - val_acc: 0.3932
Epoch 8/50

Epoch 00008: saving model to models/mnist_vae_e300_L2_b64/uniform_classifier_100/cp-0008.hdf5
 - 3s - loss: 0.1597 - acc: 0.9521 - val_loss: 4.1215 - val_acc: 0.3784
Epoch 9/50

Epoch 00009: saving model to models/mnist_vae_e300_L2_b64/uniform_classifier_100/cp-0009.hdf5
 - 3s - loss: 0.0648 - acc: 0.9912 - val_loss: 4.5772 - val_acc: 0.3859
Epoch 10/50

Epoch 00010: saving model to models/mnist_vae_e300_L2_b64/uniform_classifier_100/cp-0010.hdf5
 - 3s - loss: 0.0539 - acc: 0.9893 - val_loss: 5.1945 - val_acc: 0.3833
Epoch 11/50

Epoch 00011: saving model to models/mnist_vae_e300_L2_b64/uniform_classifier_100/cp-0011.hdf5
 - 3s - loss: 0.0490 - acc: 0.9854 - val_loss: 5.2560 - val_acc: 0.3781
Epoch 12/50

Epoch 00012: saving model to models/mnist_vae_e300_L2_b64/uniform_classifier_100/cp-0012.hdf5
 - 3s - loss: 0.0177 - acc: 0.9971 - val_loss: 5.4106 - val_acc: 0.3899
Epoch 13/50

Epoch 00013: saving model to models/mnist_vae_e300_L2_b64/uniform_classifier_100/cp-0013.hdf5
 - 3s - loss: 0.0145 - acc: 0.9990 - val_loss: 5.6328 - val_acc: 0.3817
Epoch 14/50

Epoch 00014: saving model to models/mnist_vae_e300_L2_b64/uniform_classifier_100/cp-0014.hdf5
 - 3s - loss: 0.0162 - acc: 0.9961 - val_loss: 5.9720 - val_acc: 0.3826
Epoch 15/50

Epoch 00015: saving model to models/mnist_vae_e300_L2_b64/uniform_classifier_100/cp-0015.hdf5
 - 3s - loss: 0.0126 - acc: 0.9971 - val_loss: 5.6919 - val_acc: 0.3939
Epoch 16/50

Epoch 00016: saving model to models/mnist_vae_e300_L2_b64/uniform_classifier_100/cp-0016.hdf5
 - 3s - loss: 0.0132 - acc: 0.9990 - val_loss: 6.3295 - val_acc: 0.3795
Epoch 17/50

Epoch 00017: saving model to models/mnist_vae_e300_L2_b64/uniform_classifier_100/cp-0017.hdf5
 - 3s - loss: 0.0206 - acc: 0.9932 - val_loss: 6.0428 - val_acc: 0.3887
Epoch 18/50

Epoch 00018: saving model to models/mnist_vae_e300_L2_b64/uniform_classifier_100/cp-0018.hdf5
 - 3s - loss: 0.0047 - acc: 1.0000 - val_loss: 6.2546 - val_acc: 0.3840
Epoch 19/50

Epoch 00019: saving model to models/mnist_vae_e300_L2_b64/uniform_classifier_100/cp-0019.hdf5
 - 3s - loss: 0.0113 - acc: 0.9971 - val_loss: 6.2237 - val_acc: 0.3871
Epoch 20/50

Epoch 00020: saving model to models/mnist_vae_e300_L2_b64/uniform_classifier_100/cp-0020.hdf5
 - 3s - loss: 0.0087 - acc: 0.9980 - val_loss: 6.2662 - val_acc: 0.3929
Epoch 21/50

Epoch 00021: saving model to models/mnist_vae_e300_L2_b64/uniform_classifier_100/cp-0021.hdf5
 - 3s - loss: 0.0052 - acc: 1.0000 - val_loss: 6.3320 - val_acc: 0.3886
Epoch 22/50

Epoch 00022: saving model to models/mnist_vae_e300_L2_b64/uniform_classifier_100/cp-0022.hdf5
 - 3s - loss: 0.0030 - acc: 1.0000 - val_loss: 6.3604 - val_acc: 0.3886
Epoch 23/50

Epoch 00023: saving model to models/mnist_vae_e300_L2_b64/uniform_classifier_100/cp-0023.hdf5
 - 3s - loss: 0.0031 - acc: 1.0000 - val_loss: 6.4890 - val_acc: 0.3876
Epoch 24/50

Epoch 00024: saving model to models/mnist_vae_e300_L2_b64/uniform_classifier_100/cp-0024.hdf5
 - 3s - loss: 0.0031 - acc: 1.0000 - val_loss: 6.5941 - val_acc: 0.3803
Epoch 25/50

Epoch 00025: saving model to models/mnist_vae_e300_L2_b64/uniform_classifier_100/cp-0025.hdf5
 - 3s - loss: 0.0045 - acc: 0.9990 - val_loss: 6.4681 - val_acc: 0.3815
Epoch 26/50

Epoch 00026: saving model to models/mnist_vae_e300_L2_b64/uniform_classifier_100/cp-0026.hdf5
 - 3s - loss: 0.0047 - acc: 0.9990 - val_loss: 6.5528 - val_acc: 0.3836
Epoch 27/50

Epoch 00027: saving model to models/mnist_vae_e300_L2_b64/uniform_classifier_100/cp-0027.hdf5
 - 3s - loss: 0.0036 - acc: 0.9990 - val_loss: 6.6488 - val_acc: 0.3854
Epoch 28/50

Epoch 00028: saving model to models/mnist_vae_e300_L2_b64/uniform_classifier_100/cp-0028.hdf5
 - 3s - loss: 0.0027 - acc: 1.0000 - val_loss: 6.6875 - val_acc: 0.3844
Epoch 29/50

Epoch 00029: saving model to models/mnist_vae_e300_L2_b64/uniform_classifier_100/cp-0029.hdf5
 - 3s - loss: 0.0020 - acc: 1.0000 - val_loss: 6.6396 - val_acc: 0.3898
Epoch 30/50

Epoch 00030: saving model to models/mnist_vae_e300_L2_b64/uniform_classifier_100/cp-0030.hdf5
 - 3s - loss: 0.0022 - acc: 1.0000 - val_loss: 6.7827 - val_acc: 0.3821
Epoch 31/50

Epoch 00031: saving model to models/mnist_vae_e300_L2_b64/uniform_classifier_100/cp-0031.hdf5
 - 3s - loss: 0.0023 - acc: 1.0000 - val_loss: 6.9433 - val_acc: 0.3775
Epoch 32/50

Epoch 00032: saving model to models/mnist_vae_e300_L2_b64/uniform_classifier_100/cp-0032.hdf5
 - 3s - loss: 0.0029 - acc: 1.0000 - val_loss: 6.8527 - val_acc: 0.3884
Epoch 33/50

Epoch 00033: saving model to models/mnist_vae_e300_L2_b64/uniform_classifier_100/cp-0033.hdf5
 - 3s - loss: 0.0026 - acc: 0.9990 - val_loss: 6.8477 - val_acc: 0.3853
Epoch 34/50

Epoch 00034: saving model to models/mnist_vae_e300_L2_b64/uniform_classifier_100/cp-0034.hdf5
 - 3s - loss: 0.0019 - acc: 1.0000 - val_loss: 6.9500 - val_acc: 0.3821
Epoch 35/50

Epoch 00035: saving model to models/mnist_vae_e300_L2_b64/uniform_classifier_100/cp-0035.hdf5
 - 3s - loss: 0.0017 - acc: 1.0000 - val_loss: 7.0069 - val_acc: 0.3817
Epoch 36/50

Epoch 00036: saving model to models/mnist_vae_e300_L2_b64/uniform_classifier_100/cp-0036.hdf5
 - 3s - loss: 0.0013 - acc: 1.0000 - val_loss: 7.0205 - val_acc: 0.3819
Epoch 37/50

Epoch 00037: saving model to models/mnist_vae_e300_L2_b64/uniform_classifier_100/cp-0037.hdf5
 - 3s - loss: 0.0022 - acc: 1.0000 - val_loss: 7.1881 - val_acc: 0.3784
Epoch 38/50

Epoch 00038: saving model to models/mnist_vae_e300_L2_b64/uniform_classifier_100/cp-0038.hdf5
 - 3s - loss: 0.0056 - acc: 0.9990 - val_loss: 6.8381 - val_acc: 0.3923
Epoch 39/50

Epoch 00039: saving model to models/mnist_vae_e300_L2_b64/uniform_classifier_100/cp-0039.hdf5
 - 3s - loss: 0.0011 - acc: 1.0000 - val_loss: 6.9613 - val_acc: 0.3867
Epoch 40/50

Epoch 00040: saving model to models/mnist_vae_e300_L2_b64/uniform_classifier_100/cp-0040.hdf5
 - 3s - loss: 5.9139e-04 - acc: 1.0000 - val_loss: 7.0593 - val_acc: 0.3859
Epoch 41/50

Epoch 00041: saving model to models/mnist_vae_e300_L2_b64/uniform_classifier_100/cp-0041.hdf5
 - 3s - loss: 8.9178e-04 - acc: 1.0000 - val_loss: 7.0309 - val_acc: 0.3865
Epoch 42/50

Epoch 00042: saving model to models/mnist_vae_e300_L2_b64/uniform_classifier_100/cp-0042.hdf5
 - 3s - loss: 0.0025 - acc: 0.9990 - val_loss: 7.0615 - val_acc: 0.3858
Epoch 43/50

Epoch 00043: saving model to models/mnist_vae_e300_L2_b64/uniform_classifier_100/cp-0043.hdf5
 - 3s - loss: 0.0014 - acc: 1.0000 - val_loss: 7.0470 - val_acc: 0.3861
Epoch 44/50

Epoch 00044: saving model to models/mnist_vae_e300_L2_b64/uniform_classifier_100/cp-0044.hdf5
 - 3s - loss: 0.0010 - acc: 1.0000 - val_loss: 7.0632 - val_acc: 0.3860
Epoch 45/50

Epoch 00045: saving model to models/mnist_vae_e300_L2_b64/uniform_classifier_100/cp-0045.hdf5
 - 3s - loss: 8.7708e-04 - acc: 1.0000 - val_loss: 7.0978 - val_acc: 0.3864
Epoch 46/50

Epoch 00046: saving model to models/mnist_vae_e300_L2_b64/uniform_classifier_100/cp-0046.hdf5
 - 3s - loss: 4.5443e-04 - acc: 1.0000 - val_loss: 7.1594 - val_acc: 0.3842
Epoch 47/50

Epoch 00047: saving model to models/mnist_vae_e300_L2_b64/uniform_classifier_100/cp-0047.hdf5
 - 3s - loss: 4.2044e-04 - acc: 1.0000 - val_loss: 7.1824 - val_acc: 0.3850
Epoch 48/50

Epoch 00048: saving model to models/mnist_vae_e300_L2_b64/uniform_classifier_100/cp-0048.hdf5
 - 3s - loss: 5.1616e-04 - acc: 1.0000 - val_loss: 7.1715 - val_acc: 0.3858
Epoch 49/50

Epoch 00049: saving model to models/mnist_vae_e300_L2_b64/uniform_classifier_100/cp-0049.hdf5
 - 3s - loss: 8.1990e-04 - acc: 1.0000 - val_loss: 7.2208 - val_acc: 0.3828
Epoch 50/50

Epoch 00050: saving model to models/mnist_vae_e300_L2_b64/uniform_classifier_100/cp-0050.hdf5
 - 3s - loss: 0.0022 - acc: 0.9990 - val_loss: 7.2319 - val_acc: 0.3818
Epoch 1/50

Epoch 00001: saving model to models/mnist_vae_e300_L2_b64/uniform-cluster_classifier_100/cp-0001.hdf5
 - 6s - loss: 2.2959 - acc: 0.1934 - val_loss: 2.3019 - val_acc: 0.0892
Epoch 2/50

Epoch 00002: saving model to models/mnist_vae_e300_L2_b64/uniform-cluster_classifier_100/cp-0002.hdf5
 - 3s - loss: 2.2352 - acc: 0.2178 - val_loss: 2.3654 - val_acc: 0.0891
Epoch 3/50

Epoch 00003: saving model to models/mnist_vae_e300_L2_b64/uniform-cluster_classifier_100/cp-0003.hdf5
 - 3s - loss: 2.0985 - acc: 0.2178 - val_loss: 2.4721 - val_acc: 0.0887
Epoch 4/50

Epoch 00004: saving model to models/mnist_vae_e300_L2_b64/uniform-cluster_classifier_100/cp-0004.hdf5
 - 3s - loss: 2.0112 - acc: 0.2734 - val_loss: 2.4499 - val_acc: 0.1548
Epoch 5/50

Epoch 00005: saving model to models/mnist_vae_e300_L2_b64/uniform-cluster_classifier_100/cp-0005.hdf5
 - 3s - loss: 1.8138 - acc: 0.4160 - val_loss: 2.1621 - val_acc: 0.2741
Epoch 6/50

Epoch 00006: saving model to models/mnist_vae_e300_L2_b64/uniform-cluster_classifier_100/cp-0006.hdf5
 - 3s - loss: 1.4721 - acc: 0.5332 - val_loss: 1.6531 - val_acc: 0.4818
Epoch 7/50

Epoch 00007: saving model to models/mnist_vae_e300_L2_b64/uniform-cluster_classifier_100/cp-0007.hdf5
 - 3s - loss: 1.2075 - acc: 0.6260 - val_loss: 1.4641 - val_acc: 0.5107
Epoch 8/50

Epoch 00008: saving model to models/mnist_vae_e300_L2_b64/uniform-cluster_classifier_100/cp-0008.hdf5
 - 3s - loss: 0.9144 - acc: 0.6982 - val_loss: 1.3409 - val_acc: 0.5852
Epoch 9/50

Epoch 00009: saving model to models/mnist_vae_e300_L2_b64/uniform-cluster_classifier_100/cp-0009.hdf5
 - 3s - loss: 0.6868 - acc: 0.7822 - val_loss: 1.3244 - val_acc: 0.5970
Epoch 10/50

Epoch 00010: saving model to models/mnist_vae_e300_L2_b64/uniform-cluster_classifier_100/cp-0010.hdf5
 - 3s - loss: 0.4275 - acc: 0.8682 - val_loss: 1.4390 - val_acc: 0.6184
Epoch 11/50

Epoch 00011: saving model to models/mnist_vae_e300_L2_b64/uniform-cluster_classifier_100/cp-0011.hdf5
 - 3s - loss: 0.2814 - acc: 0.9170 - val_loss: 1.4046 - val_acc: 0.6388
Epoch 12/50

Epoch 00012: saving model to models/mnist_vae_e300_L2_b64/uniform-cluster_classifier_100/cp-0012.hdf5
 - 3s - loss: 0.2377 - acc: 0.9326 - val_loss: 1.4328 - val_acc: 0.6489
Epoch 13/50

Epoch 00013: saving model to models/mnist_vae_e300_L2_b64/uniform-cluster_classifier_100/cp-0013.hdf5
 - 3s - loss: 0.1868 - acc: 0.9463 - val_loss: 1.4665 - val_acc: 0.6414
Epoch 14/50

Epoch 00014: saving model to models/mnist_vae_e300_L2_b64/uniform-cluster_classifier_100/cp-0014.hdf5
 - 3s - loss: 0.0863 - acc: 0.9805 - val_loss: 1.5277 - val_acc: 0.6591
Epoch 15/50

Epoch 00015: saving model to models/mnist_vae_e300_L2_b64/uniform-cluster_classifier_100/cp-0015.hdf5
 - 3s - loss: 0.0577 - acc: 0.9883 - val_loss: 1.6627 - val_acc: 0.6581
Epoch 16/50

Epoch 00016: saving model to models/mnist_vae_e300_L2_b64/uniform-cluster_classifier_100/cp-0016.hdf5
 - 3s - loss: 0.0305 - acc: 0.9971 - val_loss: 1.7115 - val_acc: 0.6652
Epoch 17/50

Epoch 00017: saving model to models/mnist_vae_e300_L2_b64/uniform-cluster_classifier_100/cp-0017.hdf5
 - 3s - loss: 0.0310 - acc: 0.9951 - val_loss: 1.9222 - val_acc: 0.6544
Epoch 18/50

Epoch 00018: saving model to models/mnist_vae_e300_L2_b64/uniform-cluster_classifier_100/cp-0018.hdf5
 - 3s - loss: 0.0161 - acc: 0.9990 - val_loss: 2.0748 - val_acc: 0.6475
Epoch 19/50

Epoch 00019: saving model to models/mnist_vae_e300_L2_b64/uniform-cluster_classifier_100/cp-0019.hdf5
 - 3s - loss: 0.0167 - acc: 0.9971 - val_loss: 2.1434 - val_acc: 0.6486
Epoch 20/50

Epoch 00020: saving model to models/mnist_vae_e300_L2_b64/uniform-cluster_classifier_100/cp-0020.hdf5
 - 3s - loss: 0.0150 - acc: 0.9951 - val_loss: 2.1252 - val_acc: 0.6533
Epoch 21/50

Epoch 00021: saving model to models/mnist_vae_e300_L2_b64/uniform-cluster_classifier_100/cp-0021.hdf5
 - 3s - loss: 0.0153 - acc: 0.9961 - val_loss: 2.1814 - val_acc: 0.6517
Epoch 22/50

Epoch 00022: saving model to models/mnist_vae_e300_L2_b64/uniform-cluster_classifier_100/cp-0022.hdf5
 - 3s - loss: 0.0086 - acc: 0.9990 - val_loss: 2.2081 - val_acc: 0.6530
Epoch 23/50

Epoch 00023: saving model to models/mnist_vae_e300_L2_b64/uniform-cluster_classifier_100/cp-0023.hdf5
 - 3s - loss: 0.0093 - acc: 0.9980 - val_loss: 2.2773 - val_acc: 0.6495
Epoch 24/50

Epoch 00024: saving model to models/mnist_vae_e300_L2_b64/uniform-cluster_classifier_100/cp-0024.hdf5
 - 3s - loss: 0.0093 - acc: 0.9980 - val_loss: 2.1990 - val_acc: 0.6571
Epoch 25/50

Epoch 00025: saving model to models/mnist_vae_e300_L2_b64/uniform-cluster_classifier_100/cp-0025.hdf5
 - 3s - loss: 0.0107 - acc: 0.9990 - val_loss: 2.1992 - val_acc: 0.6570
Epoch 26/50

Epoch 00026: saving model to models/mnist_vae_e300_L2_b64/uniform-cluster_classifier_100/cp-0026.hdf5
 - 3s - loss: 0.0155 - acc: 0.9941 - val_loss: 2.2243 - val_acc: 0.6556
Epoch 27/50

Epoch 00027: saving model to models/mnist_vae_e300_L2_b64/uniform-cluster_classifier_100/cp-0027.hdf5
 - 3s - loss: 0.0050 - acc: 0.9990 - val_loss: 2.3097 - val_acc: 0.6528
Epoch 28/50

Epoch 00028: saving model to models/mnist_vae_e300_L2_b64/uniform-cluster_classifier_100/cp-0028.hdf5
 - 3s - loss: 0.0050 - acc: 1.0000 - val_loss: 2.3205 - val_acc: 0.6546
Epoch 29/50

Epoch 00029: saving model to models/mnist_vae_e300_L2_b64/uniform-cluster_classifier_100/cp-0029.hdf5
 - 3s - loss: 0.0050 - acc: 0.9990 - val_loss: 2.2768 - val_acc: 0.6607
Epoch 30/50

Epoch 00030: saving model to models/mnist_vae_e300_L2_b64/uniform-cluster_classifier_100/cp-0030.hdf5
 - 3s - loss: 0.0073 - acc: 0.9980 - val_loss: 2.2548 - val_acc: 0.6617
Epoch 31/50

Epoch 00031: saving model to models/mnist_vae_e300_L2_b64/uniform-cluster_classifier_100/cp-0031.hdf5
 - 3s - loss: 0.0051 - acc: 0.9990 - val_loss: 2.3649 - val_acc: 0.6541
Epoch 32/50

Epoch 00032: saving model to models/mnist_vae_e300_L2_b64/uniform-cluster_classifier_100/cp-0032.hdf5
 - 3s - loss: 0.0027 - acc: 1.0000 - val_loss: 2.4531 - val_acc: 0.6486
Epoch 33/50

Epoch 00033: saving model to models/mnist_vae_e300_L2_b64/uniform-cluster_classifier_100/cp-0033.hdf5
 - 3s - loss: 0.0036 - acc: 1.0000 - val_loss: 2.4577 - val_acc: 0.6472
Epoch 34/50

Epoch 00034: saving model to models/mnist_vae_e300_L2_b64/uniform-cluster_classifier_100/cp-0034.hdf5
 - 3s - loss: 0.0032 - acc: 1.0000 - val_loss: 2.3684 - val_acc: 0.6595
Epoch 35/50

Epoch 00035: saving model to models/mnist_vae_e300_L2_b64/uniform-cluster_classifier_100/cp-0035.hdf5
 - 3s - loss: 0.0033 - acc: 1.0000 - val_loss: 2.3860 - val_acc: 0.6604
Epoch 36/50

Epoch 00036: saving model to models/mnist_vae_e300_L2_b64/uniform-cluster_classifier_100/cp-0036.hdf5
 - 3s - loss: 0.0027 - acc: 1.0000 - val_loss: 2.3794 - val_acc: 0.6630
Epoch 37/50

Epoch 00037: saving model to models/mnist_vae_e300_L2_b64/uniform-cluster_classifier_100/cp-0037.hdf5
 - 3s - loss: 0.0096 - acc: 0.9951 - val_loss: 2.3768 - val_acc: 0.6660
Epoch 38/50

Epoch 00038: saving model to models/mnist_vae_e300_L2_b64/uniform-cluster_classifier_100/cp-0038.hdf5
 - 3s - loss: 0.0052 - acc: 0.9990 - val_loss: 2.4867 - val_acc: 0.6550
Epoch 39/50

Epoch 00039: saving model to models/mnist_vae_e300_L2_b64/uniform-cluster_classifier_100/cp-0039.hdf5
 - 3s - loss: 0.0027 - acc: 1.0000 - val_loss: 2.5759 - val_acc: 0.6505
Epoch 40/50

Epoch 00040: saving model to models/mnist_vae_e300_L2_b64/uniform-cluster_classifier_100/cp-0040.hdf5
 - 3s - loss: 0.0027 - acc: 1.0000 - val_loss: 2.5049 - val_acc: 0.6566
Epoch 41/50

Epoch 00041: saving model to models/mnist_vae_e300_L2_b64/uniform-cluster_classifier_100/cp-0041.hdf5
 - 3s - loss: 0.0035 - acc: 0.9990 - val_loss: 2.4097 - val_acc: 0.6673
Epoch 42/50

Epoch 00042: saving model to models/mnist_vae_e300_L2_b64/uniform-cluster_classifier_100/cp-0042.hdf5
 - 3s - loss: 0.0048 - acc: 0.9990 - val_loss: 2.4770 - val_acc: 0.6606
Epoch 43/50

Epoch 00043: saving model to models/mnist_vae_e300_L2_b64/uniform-cluster_classifier_100/cp-0043.hdf5
 - 3s - loss: 0.0027 - acc: 1.0000 - val_loss: 2.5317 - val_acc: 0.6590
Epoch 44/50

Epoch 00044: saving model to models/mnist_vae_e300_L2_b64/uniform-cluster_classifier_100/cp-0044.hdf5
 - 3s - loss: 0.0040 - acc: 0.9990 - val_loss: 2.6043 - val_acc: 0.6516
Epoch 45/50

Epoch 00045: saving model to models/mnist_vae_e300_L2_b64/uniform-cluster_classifier_100/cp-0045.hdf5
 - 3s - loss: 0.0018 - acc: 1.0000 - val_loss: 2.6162 - val_acc: 0.6532
Epoch 46/50

Epoch 00046: saving model to models/mnist_vae_e300_L2_b64/uniform-cluster_classifier_100/cp-0046.hdf5
 - 3s - loss: 0.0035 - acc: 0.9980 - val_loss: 2.5702 - val_acc: 0.6586
Epoch 47/50

Epoch 00047: saving model to models/mnist_vae_e300_L2_b64/uniform-cluster_classifier_100/cp-0047.hdf5
 - 3s - loss: 0.0033 - acc: 1.0000 - val_loss: 2.5211 - val_acc: 0.6605
Epoch 48/50

Epoch 00048: saving model to models/mnist_vae_e300_L2_b64/uniform-cluster_classifier_100/cp-0048.hdf5
 - 3s - loss: 0.0146 - acc: 0.9951 - val_loss: 2.6779 - val_acc: 0.6487
Epoch 49/50

Epoch 00049: saving model to models/mnist_vae_e300_L2_b64/uniform-cluster_classifier_100/cp-0049.hdf5
 - 3s - loss: 0.0037 - acc: 0.9990 - val_loss: 2.5180 - val_acc: 0.6633
Epoch 50/50

Epoch 00050: saving model to models/mnist_vae_e300_L2_b64/uniform-cluster_classifier_100/cp-0050.hdf5
 - 3s - loss: 9.0984e-04 - acc: 1.0000 - val_loss: 2.5547 - val_acc: 0.6594
Epoch 1/50

Epoch 00001: saving model to models/mnist_vae_e300_L2_b64/normal-cluster_classifier_100/cp-0001.hdf5
 - 5s - loss: 2.2890 - acc: 0.1943 - val_loss: 2.2998 - val_acc: 0.0969
Epoch 2/50

Epoch 00002: saving model to models/mnist_vae_e300_L2_b64/normal-cluster_classifier_100/cp-0002.hdf5
 - 3s - loss: 2.2010 - acc: 0.2754 - val_loss: 2.3657 - val_acc: 0.0971
Epoch 3/50

Epoch 00003: saving model to models/mnist_vae_e300_L2_b64/normal-cluster_classifier_100/cp-0003.hdf5
 - 3s - loss: 2.0895 - acc: 0.2783 - val_loss: 2.3422 - val_acc: 0.0972
Epoch 4/50

Epoch 00004: saving model to models/mnist_vae_e300_L2_b64/normal-cluster_classifier_100/cp-0004.hdf5
 - 3s - loss: 1.9921 - acc: 0.2861 - val_loss: 2.1818 - val_acc: 0.1812
Epoch 5/50

Epoch 00005: saving model to models/mnist_vae_e300_L2_b64/normal-cluster_classifier_100/cp-0005.hdf5
 - 3s - loss: 1.7217 - acc: 0.4141 - val_loss: 2.1848 - val_acc: 0.2184
Epoch 6/50

Epoch 00006: saving model to models/mnist_vae_e300_L2_b64/normal-cluster_classifier_100/cp-0006.hdf5
 - 3s - loss: 1.5217 - acc: 0.4688 - val_loss: 1.6389 - val_acc: 0.3891
Epoch 7/50

Epoch 00007: saving model to models/mnist_vae_e300_L2_b64/normal-cluster_classifier_100/cp-0007.hdf5
 - 3s - loss: 1.2445 - acc: 0.5586 - val_loss: 1.3757 - val_acc: 0.5116
Epoch 8/50

Epoch 00008: saving model to models/mnist_vae_e300_L2_b64/normal-cluster_classifier_100/cp-0008.hdf5
 - 3s - loss: 1.0378 - acc: 0.6416 - val_loss: 1.0987 - val_acc: 0.6323
Epoch 9/50

Epoch 00009: saving model to models/mnist_vae_e300_L2_b64/normal-cluster_classifier_100/cp-0009.hdf5
 - 3s - loss: 0.8330 - acc: 0.6924 - val_loss: 1.0639 - val_acc: 0.6462
Epoch 10/50

Epoch 00010: saving model to models/mnist_vae_e300_L2_b64/normal-cluster_classifier_100/cp-0010.hdf5
 - 3s - loss: 0.5962 - acc: 0.7891 - val_loss: 1.0532 - val_acc: 0.6914
Epoch 11/50

Epoch 00011: saving model to models/mnist_vae_e300_L2_b64/normal-cluster_classifier_100/cp-0011.hdf5
 - 3s - loss: 0.3675 - acc: 0.8721 - val_loss: 1.0842 - val_acc: 0.6903
Epoch 12/50

Epoch 00012: saving model to models/mnist_vae_e300_L2_b64/normal-cluster_classifier_100/cp-0012.hdf5
 - 3s - loss: 0.2429 - acc: 0.9287 - val_loss: 1.1881 - val_acc: 0.7131
Epoch 13/50

Epoch 00013: saving model to models/mnist_vae_e300_L2_b64/normal-cluster_classifier_100/cp-0013.hdf5
 - 3s - loss: 0.1352 - acc: 0.9609 - val_loss: 1.2872 - val_acc: 0.6969
Epoch 14/50

Epoch 00014: saving model to models/mnist_vae_e300_L2_b64/normal-cluster_classifier_100/cp-0014.hdf5
 - 3s - loss: 0.2355 - acc: 0.9355 - val_loss: 1.1515 - val_acc: 0.7127
Epoch 15/50

Epoch 00015: saving model to models/mnist_vae_e300_L2_b64/normal-cluster_classifier_100/cp-0015.hdf5
 - 3s - loss: 0.0611 - acc: 0.9922 - val_loss: 1.3103 - val_acc: 0.7103
Epoch 16/50

Epoch 00016: saving model to models/mnist_vae_e300_L2_b64/normal-cluster_classifier_100/cp-0016.hdf5
 - 3s - loss: 0.0500 - acc: 0.9873 - val_loss: 1.4907 - val_acc: 0.7022
Epoch 17/50

Epoch 00017: saving model to models/mnist_vae_e300_L2_b64/normal-cluster_classifier_100/cp-0017.hdf5
 - 3s - loss: 0.0300 - acc: 0.9961 - val_loss: 1.4595 - val_acc: 0.7092
Epoch 18/50

Epoch 00018: saving model to models/mnist_vae_e300_L2_b64/normal-cluster_classifier_100/cp-0018.hdf5
 - 3s - loss: 0.0207 - acc: 0.9971 - val_loss: 1.6259 - val_acc: 0.7063
Epoch 19/50

Epoch 00019: saving model to models/mnist_vae_e300_L2_b64/normal-cluster_classifier_100/cp-0019.hdf5
 - 3s - loss: 0.0235 - acc: 0.9951 - val_loss: 1.6728 - val_acc: 0.6991
Epoch 20/50

Epoch 00020: saving model to models/mnist_vae_e300_L2_b64/normal-cluster_classifier_100/cp-0020.hdf5
 - 3s - loss: 0.0149 - acc: 0.9980 - val_loss: 1.7456 - val_acc: 0.7035
Epoch 21/50

Epoch 00021: saving model to models/mnist_vae_e300_L2_b64/normal-cluster_classifier_100/cp-0021.hdf5
 - 3s - loss: 0.0255 - acc: 0.9922 - val_loss: 1.6399 - val_acc: 0.7149
Epoch 22/50

Epoch 00022: saving model to models/mnist_vae_e300_L2_b64/normal-cluster_classifier_100/cp-0022.hdf5
 - 3s - loss: 0.0154 - acc: 0.9980 - val_loss: 1.7424 - val_acc: 0.7115
Epoch 23/50

Epoch 00023: saving model to models/mnist_vae_e300_L2_b64/normal-cluster_classifier_100/cp-0023.hdf5
 - 3s - loss: 0.0095 - acc: 0.9990 - val_loss: 1.7204 - val_acc: 0.7194
Epoch 24/50

Epoch 00024: saving model to models/mnist_vae_e300_L2_b64/normal-cluster_classifier_100/cp-0024.hdf5
 - 3s - loss: 0.0088 - acc: 0.9990 - val_loss: 1.8117 - val_acc: 0.7129
Epoch 25/50

Epoch 00025: saving model to models/mnist_vae_e300_L2_b64/normal-cluster_classifier_100/cp-0025.hdf5
 - 3s - loss: 0.0093 - acc: 0.9980 - val_loss: 1.6804 - val_acc: 0.7249
Epoch 26/50

Epoch 00026: saving model to models/mnist_vae_e300_L2_b64/normal-cluster_classifier_100/cp-0026.hdf5
 - 3s - loss: 0.0131 - acc: 0.9961 - val_loss: 1.8449 - val_acc: 0.7141
Epoch 27/50

Epoch 00027: saving model to models/mnist_vae_e300_L2_b64/normal-cluster_classifier_100/cp-0027.hdf5
 - 3s - loss: 0.0138 - acc: 0.9941 - val_loss: 1.8861 - val_acc: 0.7045
Epoch 28/50

Epoch 00028: saving model to models/mnist_vae_e300_L2_b64/normal-cluster_classifier_100/cp-0028.hdf5
 - 3s - loss: 0.0081 - acc: 0.9990 - val_loss: 1.8214 - val_acc: 0.7187
Epoch 29/50

Epoch 00029: saving model to models/mnist_vae_e300_L2_b64/normal-cluster_classifier_100/cp-0029.hdf5
 - 3s - loss: 0.0040 - acc: 1.0000 - val_loss: 1.8783 - val_acc: 0.7096
Epoch 30/50

Epoch 00030: saving model to models/mnist_vae_e300_L2_b64/normal-cluster_classifier_100/cp-0030.hdf5
 - 3s - loss: 0.0043 - acc: 1.0000 - val_loss: 1.8891 - val_acc: 0.7085
Epoch 31/50

Epoch 00031: saving model to models/mnist_vae_e300_L2_b64/normal-cluster_classifier_100/cp-0031.hdf5
 - 3s - loss: 0.0056 - acc: 0.9990 - val_loss: 1.8755 - val_acc: 0.7154
Epoch 32/50

Epoch 00032: saving model to models/mnist_vae_e300_L2_b64/normal-cluster_classifier_100/cp-0032.hdf5
 - 3s - loss: 0.0112 - acc: 0.9980 - val_loss: 1.9206 - val_acc: 0.7085
Epoch 33/50

Epoch 00033: saving model to models/mnist_vae_e300_L2_b64/normal-cluster_classifier_100/cp-0033.hdf5
 - 3s - loss: 0.0067 - acc: 0.9990 - val_loss: 1.8699 - val_acc: 0.7165
Epoch 34/50

Epoch 00034: saving model to models/mnist_vae_e300_L2_b64/normal-cluster_classifier_100/cp-0034.hdf5
 - 3s - loss: 0.0066 - acc: 0.9990 - val_loss: 1.7969 - val_acc: 0.7243
Epoch 35/50

Epoch 00035: saving model to models/mnist_vae_e300_L2_b64/normal-cluster_classifier_100/cp-0035.hdf5
 - 3s - loss: 0.0038 - acc: 0.9990 - val_loss: 1.9469 - val_acc: 0.7105
Epoch 36/50

Epoch 00036: saving model to models/mnist_vae_e300_L2_b64/normal-cluster_classifier_100/cp-0036.hdf5
 - 3s - loss: 0.0042 - acc: 0.9980 - val_loss: 1.9002 - val_acc: 0.7200
Epoch 37/50

Epoch 00037: saving model to models/mnist_vae_e300_L2_b64/normal-cluster_classifier_100/cp-0037.hdf5
 - 3s - loss: 0.0052 - acc: 0.9990 - val_loss: 1.9847 - val_acc: 0.7053
Epoch 38/50

Epoch 00038: saving model to models/mnist_vae_e300_L2_b64/normal-cluster_classifier_100/cp-0038.hdf5
 - 3s - loss: 0.0036 - acc: 0.9990 - val_loss: 1.9172 - val_acc: 0.7192
Epoch 39/50

Epoch 00039: saving model to models/mnist_vae_e300_L2_b64/normal-cluster_classifier_100/cp-0039.hdf5
 - 3s - loss: 0.0041 - acc: 1.0000 - val_loss: 1.9545 - val_acc: 0.7160
Epoch 40/50

Epoch 00040: saving model to models/mnist_vae_e300_L2_b64/normal-cluster_classifier_100/cp-0040.hdf5
 - 3s - loss: 0.0062 - acc: 0.9980 - val_loss: 1.9905 - val_acc: 0.7129
Epoch 41/50

Epoch 00041: saving model to models/mnist_vae_e300_L2_b64/normal-cluster_classifier_100/cp-0041.hdf5
 - 3s - loss: 0.0032 - acc: 1.0000 - val_loss: 2.0227 - val_acc: 0.7084
Epoch 42/50

Epoch 00042: saving model to models/mnist_vae_e300_L2_b64/normal-cluster_classifier_100/cp-0042.hdf5
 - 3s - loss: 0.0036 - acc: 1.0000 - val_loss: 2.0019 - val_acc: 0.7135
Epoch 43/50

Epoch 00043: saving model to models/mnist_vae_e300_L2_b64/normal-cluster_classifier_100/cp-0043.hdf5
 - 3s - loss: 0.0019 - acc: 1.0000 - val_loss: 2.0601 - val_acc: 0.7098
Epoch 44/50

Epoch 00044: saving model to models/mnist_vae_e300_L2_b64/normal-cluster_classifier_100/cp-0044.hdf5
 - 3s - loss: 0.0032 - acc: 1.0000 - val_loss: 2.0902 - val_acc: 0.7072
Epoch 45/50

Epoch 00045: saving model to models/mnist_vae_e300_L2_b64/normal-cluster_classifier_100/cp-0045.hdf5
 - 3s - loss: 0.0024 - acc: 1.0000 - val_loss: 1.9752 - val_acc: 0.7218
Epoch 46/50

Epoch 00046: saving model to models/mnist_vae_e300_L2_b64/normal-cluster_classifier_100/cp-0046.hdf5
 - 3s - loss: 0.0027 - acc: 1.0000 - val_loss: 2.1390 - val_acc: 0.7064
Epoch 47/50

Epoch 00047: saving model to models/mnist_vae_e300_L2_b64/normal-cluster_classifier_100/cp-0047.hdf5
 - 3s - loss: 0.0021 - acc: 1.0000 - val_loss: 2.0862 - val_acc: 0.7088
Epoch 48/50

Epoch 00048: saving model to models/mnist_vae_e300_L2_b64/normal-cluster_classifier_100/cp-0048.hdf5
 - 3s - loss: 0.0036 - acc: 0.9990 - val_loss: 2.0786 - val_acc: 0.7136
Epoch 49/50

Epoch 00049: saving model to models/mnist_vae_e300_L2_b64/normal-cluster_classifier_100/cp-0049.hdf5
 - 3s - loss: 0.0037 - acc: 0.9990 - val_loss: 2.1237 - val_acc: 0.7075
Epoch 50/50

Epoch 00050: saving model to models/mnist_vae_e300_L2_b64/normal-cluster_classifier_100/cp-0050.hdf5
 - 3s - loss: 0.0011 - acc: 1.0000 - val_loss: 2.1488 - val_acc: 0.7065
Epoch 1/50

Epoch 00001: saving model to models/mnist_vae_e300_L2_b64/multi-normal-cluster_classifier_100/cp-0001.hdf5
 - 5s - loss: 2.2999 - acc: 0.1084 - val_loss: 2.2980 - val_acc: 0.1393
Epoch 2/50

Epoch 00002: saving model to models/mnist_vae_e300_L2_b64/multi-normal-cluster_classifier_100/cp-0002.hdf5
 - 3s - loss: 2.2936 - acc: 0.1611 - val_loss: 2.2909 - val_acc: 0.1520
Epoch 3/50

Epoch 00003: saving model to models/mnist_vae_e300_L2_b64/multi-normal-cluster_classifier_100/cp-0003.hdf5
 - 3s - loss: 2.2792 - acc: 0.1514 - val_loss: 2.2734 - val_acc: 0.0999
Epoch 4/50

Epoch 00004: saving model to models/mnist_vae_e300_L2_b64/multi-normal-cluster_classifier_100/cp-0004.hdf5
 - 3s - loss: 2.2386 - acc: 0.1260 - val_loss: 2.2143 - val_acc: 0.1587
Epoch 5/50

Epoch 00005: saving model to models/mnist_vae_e300_L2_b64/multi-normal-cluster_classifier_100/cp-0005.hdf5
 - 3s - loss: 2.0647 - acc: 0.2900 - val_loss: 1.7865 - val_acc: 0.4856
Epoch 6/50

Epoch 00006: saving model to models/mnist_vae_e300_L2_b64/multi-normal-cluster_classifier_100/cp-0006.hdf5
 - 3s - loss: 1.5941 - acc: 0.4697 - val_loss: 1.3253 - val_acc: 0.5403
Epoch 7/50

Epoch 00007: saving model to models/mnist_vae_e300_L2_b64/multi-normal-cluster_classifier_100/cp-0007.hdf5
 - 3s - loss: 1.1136 - acc: 0.6465 - val_loss: 1.0674 - val_acc: 0.6474
Epoch 8/50

Epoch 00008: saving model to models/mnist_vae_e300_L2_b64/multi-normal-cluster_classifier_100/cp-0008.hdf5
 - 3s - loss: 0.8032 - acc: 0.7383 - val_loss: 0.8835 - val_acc: 0.7151
Epoch 9/50

Epoch 00009: saving model to models/mnist_vae_e300_L2_b64/multi-normal-cluster_classifier_100/cp-0009.hdf5
 - 3s - loss: 0.5500 - acc: 0.8271 - val_loss: 0.7123 - val_acc: 0.7800
Epoch 10/50

Epoch 00010: saving model to models/mnist_vae_e300_L2_b64/multi-normal-cluster_classifier_100/cp-0010.hdf5
 - 3s - loss: 0.3471 - acc: 0.8877 - val_loss: 0.6487 - val_acc: 0.8065
Epoch 11/50

Epoch 00011: saving model to models/mnist_vae_e300_L2_b64/multi-normal-cluster_classifier_100/cp-0011.hdf5
 - 3s - loss: 0.3063 - acc: 0.9209 - val_loss: 0.6308 - val_acc: 0.8184
Epoch 12/50

Epoch 00012: saving model to models/mnist_vae_e300_L2_b64/multi-normal-cluster_classifier_100/cp-0012.hdf5
 - 3s - loss: 0.1087 - acc: 0.9746 - val_loss: 0.7294 - val_acc: 0.8108
Epoch 13/50

Epoch 00013: saving model to models/mnist_vae_e300_L2_b64/multi-normal-cluster_classifier_100/cp-0013.hdf5
 - 3s - loss: 0.0775 - acc: 0.9814 - val_loss: 0.7883 - val_acc: 0.8135
Epoch 14/50

Epoch 00014: saving model to models/mnist_vae_e300_L2_b64/multi-normal-cluster_classifier_100/cp-0014.hdf5
 - 3s - loss: 0.0502 - acc: 0.9883 - val_loss: 0.7948 - val_acc: 0.8148
Epoch 15/50

Epoch 00015: saving model to models/mnist_vae_e300_L2_b64/multi-normal-cluster_classifier_100/cp-0015.hdf5
 - 3s - loss: 0.0231 - acc: 0.9980 - val_loss: 0.8378 - val_acc: 0.8184
Epoch 16/50

Epoch 00016: saving model to models/mnist_vae_e300_L2_b64/multi-normal-cluster_classifier_100/cp-0016.hdf5
 - 3s - loss: 0.0348 - acc: 0.9932 - val_loss: 0.8065 - val_acc: 0.8266
Epoch 17/50

Epoch 00017: saving model to models/mnist_vae_e300_L2_b64/multi-normal-cluster_classifier_100/cp-0017.hdf5
 - 3s - loss: 0.0260 - acc: 0.9941 - val_loss: 0.8727 - val_acc: 0.8214
Epoch 18/50

Epoch 00018: saving model to models/mnist_vae_e300_L2_b64/multi-normal-cluster_classifier_100/cp-0018.hdf5
 - 3s - loss: 0.0191 - acc: 0.9971 - val_loss: 0.8800 - val_acc: 0.8259
Epoch 19/50

Epoch 00019: saving model to models/mnist_vae_e300_L2_b64/multi-normal-cluster_classifier_100/cp-0019.hdf5
 - 3s - loss: 0.0156 - acc: 0.9971 - val_loss: 0.9406 - val_acc: 0.8156
Epoch 20/50

Epoch 00020: saving model to models/mnist_vae_e300_L2_b64/multi-normal-cluster_classifier_100/cp-0020.hdf5
 - 3s - loss: 0.0180 - acc: 0.9951 - val_loss: 0.8799 - val_acc: 0.8262
Epoch 21/50

Epoch 00021: saving model to models/mnist_vae_e300_L2_b64/multi-normal-cluster_classifier_100/cp-0021.hdf5
 - 3s - loss: 0.0130 - acc: 0.9951 - val_loss: 0.9072 - val_acc: 0.8247
Epoch 22/50

Epoch 00022: saving model to models/mnist_vae_e300_L2_b64/multi-normal-cluster_classifier_100/cp-0022.hdf5
 - 3s - loss: 0.0112 - acc: 0.9990 - val_loss: 0.9437 - val_acc: 0.8217
Epoch 23/50

Epoch 00023: saving model to models/mnist_vae_e300_L2_b64/multi-normal-cluster_classifier_100/cp-0023.hdf5
 - 3s - loss: 0.0151 - acc: 0.9941 - val_loss: 0.8982 - val_acc: 0.8274
Epoch 24/50

Epoch 00024: saving model to models/mnist_vae_e300_L2_b64/multi-normal-cluster_classifier_100/cp-0024.hdf5
 - 3s - loss: 0.0104 - acc: 0.9980 - val_loss: 0.9521 - val_acc: 0.8228
Epoch 25/50

Epoch 00025: saving model to models/mnist_vae_e300_L2_b64/multi-normal-cluster_classifier_100/cp-0025.hdf5
 - 3s - loss: 0.0135 - acc: 0.9971 - val_loss: 0.9363 - val_acc: 0.8267
Epoch 26/50

Epoch 00026: saving model to models/mnist_vae_e300_L2_b64/multi-normal-cluster_classifier_100/cp-0026.hdf5
 - 3s - loss: 0.0064 - acc: 1.0000 - val_loss: 0.9499 - val_acc: 0.8258
Epoch 27/50

Epoch 00027: saving model to models/mnist_vae_e300_L2_b64/multi-normal-cluster_classifier_100/cp-0027.hdf5
 - 3s - loss: 0.0097 - acc: 0.9971 - val_loss: 0.9638 - val_acc: 0.8252
Epoch 28/50

Epoch 00028: saving model to models/mnist_vae_e300_L2_b64/multi-normal-cluster_classifier_100/cp-0028.hdf5
 - 3s - loss: 0.0057 - acc: 1.0000 - val_loss: 0.9756 - val_acc: 0.8235
Epoch 29/50

Epoch 00029: saving model to models/mnist_vae_e300_L2_b64/multi-normal-cluster_classifier_100/cp-0029.hdf5
 - 3s - loss: 0.0044 - acc: 1.0000 - val_loss: 0.9541 - val_acc: 0.8295
Epoch 30/50

Epoch 00030: saving model to models/mnist_vae_e300_L2_b64/multi-normal-cluster_classifier_100/cp-0030.hdf5
 - 3s - loss: 0.0073 - acc: 0.9971 - val_loss: 0.9562 - val_acc: 0.8311
Epoch 31/50

Epoch 00031: saving model to models/mnist_vae_e300_L2_b64/multi-normal-cluster_classifier_100/cp-0031.hdf5
 - 3s - loss: 0.0058 - acc: 0.9990 - val_loss: 0.9815 - val_acc: 0.8283
Epoch 32/50

Epoch 00032: saving model to models/mnist_vae_e300_L2_b64/multi-normal-cluster_classifier_100/cp-0032.hdf5
 - 3s - loss: 0.0107 - acc: 0.9951 - val_loss: 1.0116 - val_acc: 0.8237
Epoch 33/50

Epoch 00033: saving model to models/mnist_vae_e300_L2_b64/multi-normal-cluster_classifier_100/cp-0033.hdf5
 - 3s - loss: 0.0127 - acc: 0.9971 - val_loss: 0.9658 - val_acc: 0.8282
Epoch 34/50

Epoch 00034: saving model to models/mnist_vae_e300_L2_b64/multi-normal-cluster_classifier_100/cp-0034.hdf5
 - 3s - loss: 0.0055 - acc: 0.9980 - val_loss: 0.9928 - val_acc: 0.8261
Epoch 35/50

Epoch 00035: saving model to models/mnist_vae_e300_L2_b64/multi-normal-cluster_classifier_100/cp-0035.hdf5
 - 3s - loss: 0.0058 - acc: 0.9980 - val_loss: 0.9978 - val_acc: 0.8265
Epoch 36/50

Epoch 00036: saving model to models/mnist_vae_e300_L2_b64/multi-normal-cluster_classifier_100/cp-0036.hdf5
 - 3s - loss: 0.0046 - acc: 0.9990 - val_loss: 0.9696 - val_acc: 0.8296
Epoch 37/50

Epoch 00037: saving model to models/mnist_vae_e300_L2_b64/multi-normal-cluster_classifier_100/cp-0037.hdf5
 - 3s - loss: 0.0049 - acc: 0.9990 - val_loss: 0.9604 - val_acc: 0.8314
Epoch 38/50

Epoch 00038: saving model to models/mnist_vae_e300_L2_b64/multi-normal-cluster_classifier_100/cp-0038.hdf5
 - 3s - loss: 0.0058 - acc: 0.9980 - val_loss: 1.0093 - val_acc: 0.8261
Epoch 39/50

Epoch 00039: saving model to models/mnist_vae_e300_L2_b64/multi-normal-cluster_classifier_100/cp-0039.hdf5
 - 3s - loss: 0.0023 - acc: 1.0000 - val_loss: 0.9775 - val_acc: 0.8301
Epoch 40/50

Epoch 00040: saving model to models/mnist_vae_e300_L2_b64/multi-normal-cluster_classifier_100/cp-0040.hdf5
 - 3s - loss: 0.0029 - acc: 1.0000 - val_loss: 0.9851 - val_acc: 0.8294
Epoch 41/50

Epoch 00041: saving model to models/mnist_vae_e300_L2_b64/multi-normal-cluster_classifier_100/cp-0041.hdf5
 - 3s - loss: 0.0024 - acc: 1.0000 - val_loss: 0.9959 - val_acc: 0.8302
Epoch 42/50

Epoch 00042: saving model to models/mnist_vae_e300_L2_b64/multi-normal-cluster_classifier_100/cp-0042.hdf5
 - 3s - loss: 0.0038 - acc: 0.9990 - val_loss: 1.0709 - val_acc: 0.8208
Epoch 43/50

Epoch 00043: saving model to models/mnist_vae_e300_L2_b64/multi-normal-cluster_classifier_100/cp-0043.hdf5
 - 3s - loss: 0.0067 - acc: 0.9980 - val_loss: 1.0054 - val_acc: 0.8299
Epoch 44/50

Epoch 00044: saving model to models/mnist_vae_e300_L2_b64/multi-normal-cluster_classifier_100/cp-0044.hdf5
 - 3s - loss: 0.0031 - acc: 0.9990 - val_loss: 1.0132 - val_acc: 0.8288
Epoch 45/50

Epoch 00045: saving model to models/mnist_vae_e300_L2_b64/multi-normal-cluster_classifier_100/cp-0045.hdf5
 - 3s - loss: 0.0031 - acc: 1.0000 - val_loss: 1.0296 - val_acc: 0.8280
Epoch 46/50

Epoch 00046: saving model to models/mnist_vae_e300_L2_b64/multi-normal-cluster_classifier_100/cp-0046.hdf5
 - 3s - loss: 0.0026 - acc: 1.0000 - val_loss: 1.0657 - val_acc: 0.8255
Epoch 47/50

Epoch 00047: saving model to models/mnist_vae_e300_L2_b64/multi-normal-cluster_classifier_100/cp-0047.hdf5
 - 3s - loss: 0.0053 - acc: 0.9990 - val_loss: 1.0420 - val_acc: 0.8259
Epoch 48/50

Epoch 00048: saving model to models/mnist_vae_e300_L2_b64/multi-normal-cluster_classifier_100/cp-0048.hdf5
 - 3s - loss: 0.0037 - acc: 0.9990 - val_loss: 1.0139 - val_acc: 0.8316
Epoch 49/50

Epoch 00049: saving model to models/mnist_vae_e300_L2_b64/multi-normal-cluster_classifier_100/cp-0049.hdf5
 - 3s - loss: 0.0022 - acc: 1.0000 - val_loss: 1.0390 - val_acc: 0.8278
Epoch 50/50

Epoch 00050: saving model to models/mnist_vae_e300_L2_b64/multi-normal-cluster_classifier_100/cp-0050.hdf5
 - 3s - loss: 0.0012 - acc: 1.0000 - val_loss: 1.0313 - val_acc: 0.8283
Epoch 1/50

Epoch 00001: saving model to models/mnist_vae_e300_L2_b64/error_classifier_100/cp-0001.hdf5
 - 5s - loss: 2.2998 - acc: 0.1514 - val_loss: 2.2984 - val_acc: 0.1086
Epoch 2/50

Epoch 00002: saving model to models/mnist_vae_e300_L2_b64/error_classifier_100/cp-0002.hdf5
 - 3s - loss: 2.2881 - acc: 0.1689 - val_loss: 2.2907 - val_acc: 0.0971
Epoch 3/50

Epoch 00003: saving model to models/mnist_vae_e300_L2_b64/error_classifier_100/cp-0003.hdf5
 - 3s - loss: 2.2617 - acc: 0.1523 - val_loss: 2.2740 - val_acc: 0.0972
Epoch 4/50

Epoch 00004: saving model to models/mnist_vae_e300_L2_b64/error_classifier_100/cp-0004.hdf5
 - 3s - loss: 2.1912 - acc: 0.1494 - val_loss: 2.1917 - val_acc: 0.1089
Epoch 5/50

Epoch 00005: saving model to models/mnist_vae_e300_L2_b64/error_classifier_100/cp-0005.hdf5
 - 3s - loss: 1.8263 - acc: 0.3721 - val_loss: 1.6313 - val_acc: 0.4200
Epoch 6/50

Epoch 00006: saving model to models/mnist_vae_e300_L2_b64/error_classifier_100/cp-0006.hdf5
 - 3s - loss: 1.1842 - acc: 0.5938 - val_loss: 1.2020 - val_acc: 0.5838
Epoch 7/50

Epoch 00007: saving model to models/mnist_vae_e300_L2_b64/error_classifier_100/cp-0007.hdf5
 - 3s - loss: 0.7823 - acc: 0.7588 - val_loss: 1.0020 - val_acc: 0.6925
Epoch 8/50

Epoch 00008: saving model to models/mnist_vae_e300_L2_b64/error_classifier_100/cp-0008.hdf5
 - 3s - loss: 0.4988 - acc: 0.8389 - val_loss: 1.0491 - val_acc: 0.7147
Epoch 9/50

Epoch 00009: saving model to models/mnist_vae_e300_L2_b64/error_classifier_100/cp-0009.hdf5
 - 3s - loss: 0.3497 - acc: 0.8838 - val_loss: 0.9604 - val_acc: 0.7416
Epoch 10/50

Epoch 00010: saving model to models/mnist_vae_e300_L2_b64/error_classifier_100/cp-0010.hdf5
 - 3s - loss: 0.2108 - acc: 0.9336 - val_loss: 1.0256 - val_acc: 0.7475
Epoch 11/50

Epoch 00011: saving model to models/mnist_vae_e300_L2_b64/error_classifier_100/cp-0011.hdf5
 - 3s - loss: 0.1417 - acc: 0.9541 - val_loss: 1.2090 - val_acc: 0.7367
Epoch 12/50

Epoch 00012: saving model to models/mnist_vae_e300_L2_b64/error_classifier_100/cp-0012.hdf5
 - 3s - loss: 0.1059 - acc: 0.9717 - val_loss: 1.1712 - val_acc: 0.7502
Epoch 13/50

Epoch 00013: saving model to models/mnist_vae_e300_L2_b64/error_classifier_100/cp-0013.hdf5
 - 3s - loss: 0.0591 - acc: 0.9854 - val_loss: 1.2279 - val_acc: 0.7526
Epoch 14/50

Epoch 00014: saving model to models/mnist_vae_e300_L2_b64/error_classifier_100/cp-0014.hdf5
 - 3s - loss: 0.0487 - acc: 0.9873 - val_loss: 1.3914 - val_acc: 0.7367
Epoch 15/50

Epoch 00015: saving model to models/mnist_vae_e300_L2_b64/error_classifier_100/cp-0015.hdf5
 - 3s - loss: 0.0525 - acc: 0.9854 - val_loss: 1.2953 - val_acc: 0.7559
Epoch 16/50

Epoch 00016: saving model to models/mnist_vae_e300_L2_b64/error_classifier_100/cp-0016.hdf5
 - 3s - loss: 0.0255 - acc: 0.9951 - val_loss: 1.3913 - val_acc: 0.7477
Epoch 17/50

Epoch 00017: saving model to models/mnist_vae_e300_L2_b64/error_classifier_100/cp-0017.hdf5
 - 3s - loss: 0.0226 - acc: 0.9932 - val_loss: 1.3585 - val_acc: 0.7648
Epoch 18/50

Epoch 00018: saving model to models/mnist_vae_e300_L2_b64/error_classifier_100/cp-0018.hdf5
 - 3s - loss: 0.0230 - acc: 0.9971 - val_loss: 1.4384 - val_acc: 0.7593
Epoch 19/50

Epoch 00019: saving model to models/mnist_vae_e300_L2_b64/error_classifier_100/cp-0019.hdf5
 - 3s - loss: 0.0146 - acc: 0.9980 - val_loss: 1.4681 - val_acc: 0.7557
Epoch 20/50

Epoch 00020: saving model to models/mnist_vae_e300_L2_b64/error_classifier_100/cp-0020.hdf5
 - 3s - loss: 0.0116 - acc: 0.9971 - val_loss: 1.5202 - val_acc: 0.7516
Epoch 21/50

Epoch 00021: saving model to models/mnist_vae_e300_L2_b64/error_classifier_100/cp-0021.hdf5
 - 3s - loss: 0.0116 - acc: 0.9980 - val_loss: 1.5297 - val_acc: 0.7563
Epoch 22/50

Epoch 00022: saving model to models/mnist_vae_e300_L2_b64/error_classifier_100/cp-0022.hdf5
 - 3s - loss: 0.0087 - acc: 0.9971 - val_loss: 1.5501 - val_acc: 0.7572
Epoch 23/50

Epoch 00023: saving model to models/mnist_vae_e300_L2_b64/error_classifier_100/cp-0023.hdf5
 - 3s - loss: 0.0107 - acc: 0.9990 - val_loss: 1.5280 - val_acc: 0.7616
Epoch 24/50

Epoch 00024: saving model to models/mnist_vae_e300_L2_b64/error_classifier_100/cp-0024.hdf5
 - 3s - loss: 0.0087 - acc: 0.9980 - val_loss: 1.6787 - val_acc: 0.7467
Epoch 25/50

Epoch 00025: saving model to models/mnist_vae_e300_L2_b64/error_classifier_100/cp-0025.hdf5
 - 3s - loss: 0.0061 - acc: 0.9990 - val_loss: 1.6059 - val_acc: 0.7568
Epoch 26/50

Epoch 00026: saving model to models/mnist_vae_e300_L2_b64/error_classifier_100/cp-0026.hdf5
 - 3s - loss: 0.0057 - acc: 1.0000 - val_loss: 1.6049 - val_acc: 0.7602
Epoch 27/50

Epoch 00027: saving model to models/mnist_vae_e300_L2_b64/error_classifier_100/cp-0027.hdf5
 - 3s - loss: 0.0098 - acc: 0.9980 - val_loss: 1.6069 - val_acc: 0.7584
Epoch 28/50

Epoch 00028: saving model to models/mnist_vae_e300_L2_b64/error_classifier_100/cp-0028.hdf5
 - 3s - loss: 0.0085 - acc: 0.9971 - val_loss: 1.6539 - val_acc: 0.7580
Epoch 29/50

Epoch 00029: saving model to models/mnist_vae_e300_L2_b64/error_classifier_100/cp-0029.hdf5
 - 3s - loss: 0.0046 - acc: 1.0000 - val_loss: 1.6189 - val_acc: 0.7607
Epoch 30/50

Epoch 00030: saving model to models/mnist_vae_e300_L2_b64/error_classifier_100/cp-0030.hdf5
 - 3s - loss: 0.0046 - acc: 1.0000 - val_loss: 1.6637 - val_acc: 0.7588
Epoch 31/50

Epoch 00031: saving model to models/mnist_vae_e300_L2_b64/error_classifier_100/cp-0031.hdf5
 - 3s - loss: 0.0071 - acc: 0.9980 - val_loss: 1.5988 - val_acc: 0.7665
Epoch 32/50

Epoch 00032: saving model to models/mnist_vae_e300_L2_b64/error_classifier_100/cp-0032.hdf5
 - 3s - loss: 0.0068 - acc: 0.9971 - val_loss: 1.6400 - val_acc: 0.7642
Epoch 33/50

Epoch 00033: saving model to models/mnist_vae_e300_L2_b64/error_classifier_100/cp-0033.hdf5
 - 3s - loss: 0.0061 - acc: 0.9990 - val_loss: 1.6337 - val_acc: 0.7662
Epoch 34/50

Epoch 00034: saving model to models/mnist_vae_e300_L2_b64/error_classifier_100/cp-0034.hdf5
 - 3s - loss: 0.0060 - acc: 0.9980 - val_loss: 1.6082 - val_acc: 0.7676
Epoch 35/50

Epoch 00035: saving model to models/mnist_vae_e300_L2_b64/error_classifier_100/cp-0035.hdf5
 - 3s - loss: 0.0044 - acc: 0.9990 - val_loss: 1.6268 - val_acc: 0.7641
Epoch 36/50

Epoch 00036: saving model to models/mnist_vae_e300_L2_b64/error_classifier_100/cp-0036.hdf5
 - 3s - loss: 0.0023 - acc: 1.0000 - val_loss: 1.6496 - val_acc: 0.7664
Epoch 37/50

Epoch 00037: saving model to models/mnist_vae_e300_L2_b64/error_classifier_100/cp-0037.hdf5
 - 3s - loss: 0.0079 - acc: 0.9971 - val_loss: 1.7365 - val_acc: 0.7554
Epoch 38/50

Epoch 00038: saving model to models/mnist_vae_e300_L2_b64/error_classifier_100/cp-0038.hdf5
 - 3s - loss: 0.0041 - acc: 1.0000 - val_loss: 1.7446 - val_acc: 0.7563
Epoch 39/50

Epoch 00039: saving model to models/mnist_vae_e300_L2_b64/error_classifier_100/cp-0039.hdf5
 - 3s - loss: 0.0032 - acc: 1.0000 - val_loss: 1.7009 - val_acc: 0.7612
Epoch 40/50

Epoch 00040: saving model to models/mnist_vae_e300_L2_b64/error_classifier_100/cp-0040.hdf5
 - 3s - loss: 0.0033 - acc: 1.0000 - val_loss: 1.6420 - val_acc: 0.7678
Epoch 41/50

Epoch 00041: saving model to models/mnist_vae_e300_L2_b64/error_classifier_100/cp-0041.hdf5
 - 3s - loss: 0.0049 - acc: 0.9990 - val_loss: 1.6901 - val_acc: 0.7646
Epoch 42/50

Epoch 00042: saving model to models/mnist_vae_e300_L2_b64/error_classifier_100/cp-0042.hdf5
 - 3s - loss: 0.0038 - acc: 1.0000 - val_loss: 1.6910 - val_acc: 0.7650
Epoch 43/50

Epoch 00043: saving model to models/mnist_vae_e300_L2_b64/error_classifier_100/cp-0043.hdf5
 - 3s - loss: 0.0029 - acc: 1.0000 - val_loss: 1.7997 - val_acc: 0.7563
Epoch 44/50

Epoch 00044: saving model to models/mnist_vae_e300_L2_b64/error_classifier_100/cp-0044.hdf5
 - 3s - loss: 0.0048 - acc: 0.9990 - val_loss: 1.8199 - val_acc: 0.7569
Epoch 45/50

Epoch 00045: saving model to models/mnist_vae_e300_L2_b64/error_classifier_100/cp-0045.hdf5
 - 3s - loss: 0.0041 - acc: 0.9990 - val_loss: 1.7669 - val_acc: 0.7614
Epoch 46/50

Epoch 00046: saving model to models/mnist_vae_e300_L2_b64/error_classifier_100/cp-0046.hdf5
 - 3s - loss: 0.0041 - acc: 0.9980 - val_loss: 1.7862 - val_acc: 0.7582
Epoch 47/50

Epoch 00047: saving model to models/mnist_vae_e300_L2_b64/error_classifier_100/cp-0047.hdf5
 - 3s - loss: 0.0025 - acc: 1.0000 - val_loss: 1.7558 - val_acc: 0.7634
Epoch 48/50

Epoch 00048: saving model to models/mnist_vae_e300_L2_b64/error_classifier_100/cp-0048.hdf5
 - 3s - loss: 0.0026 - acc: 1.0000 - val_loss: 1.7825 - val_acc: 0.7629
Epoch 49/50

Epoch 00049: saving model to models/mnist_vae_e300_L2_b64/error_classifier_100/cp-0049.hdf5
 - 3s - loss: 9.2928e-04 - acc: 1.0000 - val_loss: 1.7483 - val_acc: 0.7644
Epoch 50/50

Epoch 00050: saving model to models/mnist_vae_e300_L2_b64/error_classifier_100/cp-0050.hdf5
 - 3s - loss: 0.0020 - acc: 1.0000 - val_loss: 1.7155 - val_acc: 0.7702
Finished.
