Starting analysis...
Epoch 1/50

Epoch 00001: saving model to models/mnist_vae_e300_L2_b64/random_classifier_1000/cp-0001.hdf5
 - 5s - loss: 2.3028 - acc: 0.0869 - val_loss: 2.2977 - val_acc: 0.0910
Epoch 2/50

Epoch 00002: saving model to models/mnist_vae_e300_L2_b64/random_classifier_1000/cp-0002.hdf5
 - 3s - loss: 2.2940 - acc: 0.1162 - val_loss: 2.2865 - val_acc: 0.2242
Epoch 3/50

Epoch 00003: saving model to models/mnist_vae_e300_L2_b64/random_classifier_1000/cp-0003.hdf5
 - 3s - loss: 2.2779 - acc: 0.1934 - val_loss: 2.2575 - val_acc: 0.2049
Epoch 4/50

Epoch 00004: saving model to models/mnist_vae_e300_L2_b64/random_classifier_1000/cp-0004.hdf5
 - 3s - loss: 2.2230 - acc: 0.2354 - val_loss: 2.1297 - val_acc: 0.4155
Epoch 5/50

Epoch 00005: saving model to models/mnist_vae_e300_L2_b64/random_classifier_1000/cp-0005.hdf5
 - 3s - loss: 1.8984 - acc: 0.4180 - val_loss: 1.4540 - val_acc: 0.5682
Epoch 6/50

Epoch 00006: saving model to models/mnist_vae_e300_L2_b64/random_classifier_1000/cp-0006.hdf5
 - 3s - loss: 1.4140 - acc: 0.5371 - val_loss: 1.0118 - val_acc: 0.6540
Epoch 7/50

Epoch 00007: saving model to models/mnist_vae_e300_L2_b64/random_classifier_1000/cp-0007.hdf5
 - 3s - loss: 1.0395 - acc: 0.6523 - val_loss: 0.7615 - val_acc: 0.7518
Epoch 8/50

Epoch 00008: saving model to models/mnist_vae_e300_L2_b64/random_classifier_1000/cp-0008.hdf5
 - 3s - loss: 0.8801 - acc: 0.7158 - val_loss: 0.6146 - val_acc: 0.8098
Epoch 9/50

Epoch 00009: saving model to models/mnist_vae_e300_L2_b64/random_classifier_1000/cp-0009.hdf5
 - 3s - loss: 0.6950 - acc: 0.7646 - val_loss: 0.5827 - val_acc: 0.8147
Epoch 10/50

Epoch 00010: saving model to models/mnist_vae_e300_L2_b64/random_classifier_1000/cp-0010.hdf5
 - 3s - loss: 0.6486 - acc: 0.7812 - val_loss: 0.6053 - val_acc: 0.7847
Epoch 11/50

Epoch 00011: saving model to models/mnist_vae_e300_L2_b64/random_classifier_1000/cp-0011.hdf5
 - 3s - loss: 0.5844 - acc: 0.8037 - val_loss: 0.4394 - val_acc: 0.8708
Epoch 12/50

Epoch 00012: saving model to models/mnist_vae_e300_L2_b64/random_classifier_1000/cp-0012.hdf5
 - 3s - loss: 0.4715 - acc: 0.8506 - val_loss: 0.4342 - val_acc: 0.8636
Epoch 13/50

Epoch 00013: saving model to models/mnist_vae_e300_L2_b64/random_classifier_1000/cp-0013.hdf5
 - 3s - loss: 0.4781 - acc: 0.8340 - val_loss: 0.3830 - val_acc: 0.8821
Epoch 14/50

Epoch 00014: saving model to models/mnist_vae_e300_L2_b64/random_classifier_1000/cp-0014.hdf5
 - 3s - loss: 0.4232 - acc: 0.8613 - val_loss: 0.3643 - val_acc: 0.8884
Epoch 15/50

Epoch 00015: saving model to models/mnist_vae_e300_L2_b64/random_classifier_1000/cp-0015.hdf5
 - 3s - loss: 0.3911 - acc: 0.8633 - val_loss: 0.3513 - val_acc: 0.8978
Epoch 16/50

Epoch 00016: saving model to models/mnist_vae_e300_L2_b64/random_classifier_1000/cp-0016.hdf5
 - 3s - loss: 0.3764 - acc: 0.8711 - val_loss: 0.3716 - val_acc: 0.8868
Epoch 17/50

Epoch 00017: saving model to models/mnist_vae_e300_L2_b64/random_classifier_1000/cp-0017.hdf5
 - 3s - loss: 0.3776 - acc: 0.8691 - val_loss: 0.3179 - val_acc: 0.9094
Epoch 18/50

Epoch 00018: saving model to models/mnist_vae_e300_L2_b64/random_classifier_1000/cp-0018.hdf5
 - 3s - loss: 0.3202 - acc: 0.8857 - val_loss: 0.3149 - val_acc: 0.9101
Epoch 19/50

Epoch 00019: saving model to models/mnist_vae_e300_L2_b64/random_classifier_1000/cp-0019.hdf5
 - 3s - loss: 0.2867 - acc: 0.9141 - val_loss: 0.3140 - val_acc: 0.9059
Epoch 20/50

Epoch 00020: saving model to models/mnist_vae_e300_L2_b64/random_classifier_1000/cp-0020.hdf5
 - 3s - loss: 0.3177 - acc: 0.8945 - val_loss: 0.3153 - val_acc: 0.9033
Epoch 21/50

Epoch 00021: saving model to models/mnist_vae_e300_L2_b64/random_classifier_1000/cp-0021.hdf5
 - 3s - loss: 0.2457 - acc: 0.9189 - val_loss: 0.2995 - val_acc: 0.9106
Epoch 22/50

Epoch 00022: saving model to models/mnist_vae_e300_L2_b64/random_classifier_1000/cp-0022.hdf5
 - 3s - loss: 0.2255 - acc: 0.9219 - val_loss: 0.2737 - val_acc: 0.9220
Epoch 23/50

Epoch 00023: saving model to models/mnist_vae_e300_L2_b64/random_classifier_1000/cp-0023.hdf5
 - 3s - loss: 0.2333 - acc: 0.9160 - val_loss: 0.2596 - val_acc: 0.9245
Epoch 24/50

Epoch 00024: saving model to models/mnist_vae_e300_L2_b64/random_classifier_1000/cp-0024.hdf5
 - 3s - loss: 0.1911 - acc: 0.9346 - val_loss: 0.2624 - val_acc: 0.9258
Epoch 25/50

Epoch 00025: saving model to models/mnist_vae_e300_L2_b64/random_classifier_1000/cp-0025.hdf5
 - 3s - loss: 0.1995 - acc: 0.9365 - val_loss: 0.2419 - val_acc: 0.9298
Epoch 26/50

Epoch 00026: saving model to models/mnist_vae_e300_L2_b64/random_classifier_1000/cp-0026.hdf5
 - 3s - loss: 0.2035 - acc: 0.9248 - val_loss: 0.2520 - val_acc: 0.9281
Epoch 27/50

Epoch 00027: saving model to models/mnist_vae_e300_L2_b64/random_classifier_1000/cp-0027.hdf5
 - 3s - loss: 0.1776 - acc: 0.9365 - val_loss: 0.2568 - val_acc: 0.9260
Epoch 28/50

Epoch 00028: saving model to models/mnist_vae_e300_L2_b64/random_classifier_1000/cp-0028.hdf5
 - 3s - loss: 0.1628 - acc: 0.9414 - val_loss: 0.2515 - val_acc: 0.9304
Epoch 29/50

Epoch 00029: saving model to models/mnist_vae_e300_L2_b64/random_classifier_1000/cp-0029.hdf5
 - 3s - loss: 0.1571 - acc: 0.9521 - val_loss: 0.2442 - val_acc: 0.9320
Epoch 30/50

Epoch 00030: saving model to models/mnist_vae_e300_L2_b64/random_classifier_1000/cp-0030.hdf5
 - 3s - loss: 0.1449 - acc: 0.9492 - val_loss: 0.2487 - val_acc: 0.9317
Epoch 31/50

Epoch 00031: saving model to models/mnist_vae_e300_L2_b64/random_classifier_1000/cp-0031.hdf5
 - 3s - loss: 0.1477 - acc: 0.9531 - val_loss: 0.2541 - val_acc: 0.9275
Epoch 32/50

Epoch 00032: saving model to models/mnist_vae_e300_L2_b64/random_classifier_1000/cp-0032.hdf5
 - 3s - loss: 0.1222 - acc: 0.9668 - val_loss: 0.2445 - val_acc: 0.9289
Epoch 33/50

Epoch 00033: saving model to models/mnist_vae_e300_L2_b64/random_classifier_1000/cp-0033.hdf5
 - 3s - loss: 0.1201 - acc: 0.9570 - val_loss: 0.2888 - val_acc: 0.9197
Epoch 34/50

Epoch 00034: saving model to models/mnist_vae_e300_L2_b64/random_classifier_1000/cp-0034.hdf5
 - 3s - loss: 0.1253 - acc: 0.9541 - val_loss: 0.2452 - val_acc: 0.9337
Epoch 35/50

Epoch 00035: saving model to models/mnist_vae_e300_L2_b64/random_classifier_1000/cp-0035.hdf5
 - 3s - loss: 0.1327 - acc: 0.9570 - val_loss: 0.2434 - val_acc: 0.9331
Epoch 36/50

Epoch 00036: saving model to models/mnist_vae_e300_L2_b64/random_classifier_1000/cp-0036.hdf5
 - 3s - loss: 0.0915 - acc: 0.9727 - val_loss: 0.2268 - val_acc: 0.9379
Epoch 37/50

Epoch 00037: saving model to models/mnist_vae_e300_L2_b64/random_classifier_1000/cp-0037.hdf5
 - 3s - loss: 0.1052 - acc: 0.9580 - val_loss: 0.2320 - val_acc: 0.9370
Epoch 38/50

Epoch 00038: saving model to models/mnist_vae_e300_L2_b64/random_classifier_1000/cp-0038.hdf5
 - 3s - loss: 0.0986 - acc: 0.9697 - val_loss: 0.2322 - val_acc: 0.9388
Epoch 39/50

Epoch 00039: saving model to models/mnist_vae_e300_L2_b64/random_classifier_1000/cp-0039.hdf5
 - 3s - loss: 0.0974 - acc: 0.9609 - val_loss: 0.2321 - val_acc: 0.9364
Epoch 40/50

Epoch 00040: saving model to models/mnist_vae_e300_L2_b64/random_classifier_1000/cp-0040.hdf5
 - 3s - loss: 0.0789 - acc: 0.9766 - val_loss: 0.2333 - val_acc: 0.9368
Epoch 41/50

Epoch 00041: saving model to models/mnist_vae_e300_L2_b64/random_classifier_1000/cp-0041.hdf5
 - 3s - loss: 0.0880 - acc: 0.9736 - val_loss: 0.2323 - val_acc: 0.9381
Epoch 42/50

Epoch 00042: saving model to models/mnist_vae_e300_L2_b64/random_classifier_1000/cp-0042.hdf5
 - 3s - loss: 0.0793 - acc: 0.9727 - val_loss: 0.2398 - val_acc: 0.9368
Epoch 43/50

Epoch 00043: saving model to models/mnist_vae_e300_L2_b64/random_classifier_1000/cp-0043.hdf5
 - 3s - loss: 0.0866 - acc: 0.9678 - val_loss: 0.2309 - val_acc: 0.9381
Epoch 44/50

Epoch 00044: saving model to models/mnist_vae_e300_L2_b64/random_classifier_1000/cp-0044.hdf5
 - 3s - loss: 0.0723 - acc: 0.9785 - val_loss: 0.2528 - val_acc: 0.9330
Epoch 45/50

Epoch 00045: saving model to models/mnist_vae_e300_L2_b64/random_classifier_1000/cp-0045.hdf5
 - 3s - loss: 0.0645 - acc: 0.9814 - val_loss: 0.2406 - val_acc: 0.9353
Epoch 46/50

Epoch 00046: saving model to models/mnist_vae_e300_L2_b64/random_classifier_1000/cp-0046.hdf5
 - 3s - loss: 0.0715 - acc: 0.9727 - val_loss: 0.2439 - val_acc: 0.9359
Epoch 47/50

Epoch 00047: saving model to models/mnist_vae_e300_L2_b64/random_classifier_1000/cp-0047.hdf5
 - 3s - loss: 0.0560 - acc: 0.9805 - val_loss: 0.2264 - val_acc: 0.9390
Epoch 48/50

Epoch 00048: saving model to models/mnist_vae_e300_L2_b64/random_classifier_1000/cp-0048.hdf5
 - 3s - loss: 0.0522 - acc: 0.9834 - val_loss: 0.2470 - val_acc: 0.9380
Epoch 49/50

Epoch 00049: saving model to models/mnist_vae_e300_L2_b64/random_classifier_1000/cp-0049.hdf5
 - 3s - loss: 0.0579 - acc: 0.9824 - val_loss: 0.2448 - val_acc: 0.9348
Epoch 50/50

Epoch 00050: saving model to models/mnist_vae_e300_L2_b64/random_classifier_1000/cp-0050.hdf5
 - 3s - loss: 0.0497 - acc: 0.9854 - val_loss: 0.2364 - val_acc: 0.9379
Epoch 1/50

Epoch 00001: saving model to models/mnist_vae_e300_L2_b64/normal_classifier_1000/cp-0001.hdf5
 - 5s - loss: 2.3012 - acc: 0.0967 - val_loss: 2.3013 - val_acc: 0.1271
Epoch 2/50

Epoch 00002: saving model to models/mnist_vae_e300_L2_b64/normal_classifier_1000/cp-0002.hdf5
 - 3s - loss: 2.2973 - acc: 0.1396 - val_loss: 2.2988 - val_acc: 0.1472
Epoch 3/50

Epoch 00003: saving model to models/mnist_vae_e300_L2_b64/normal_classifier_1000/cp-0003.hdf5
 - 3s - loss: 2.2884 - acc: 0.1895 - val_loss: 2.2930 - val_acc: 0.1600
Epoch 4/50

Epoch 00004: saving model to models/mnist_vae_e300_L2_b64/normal_classifier_1000/cp-0004.hdf5
 - 3s - loss: 2.2698 - acc: 0.2266 - val_loss: 2.2745 - val_acc: 0.2155
Epoch 5/50

Epoch 00005: saving model to models/mnist_vae_e300_L2_b64/normal_classifier_1000/cp-0005.hdf5
 - 3s - loss: 2.2034 - acc: 0.2793 - val_loss: 2.1954 - val_acc: 0.3244
Epoch 6/50

Epoch 00006: saving model to models/mnist_vae_e300_L2_b64/normal_classifier_1000/cp-0006.hdf5
 - 3s - loss: 1.9411 - acc: 0.3604 - val_loss: 1.7917 - val_acc: 0.3573
Epoch 7/50

Epoch 00007: saving model to models/mnist_vae_e300_L2_b64/normal_classifier_1000/cp-0007.hdf5
 - 3s - loss: 1.5518 - acc: 0.4736 - val_loss: 1.3639 - val_acc: 0.5432
Epoch 8/50

Epoch 00008: saving model to models/mnist_vae_e300_L2_b64/normal_classifier_1000/cp-0008.hdf5
 - 3s - loss: 1.3806 - acc: 0.5264 - val_loss: 1.1554 - val_acc: 0.6819
Epoch 9/50

Epoch 00009: saving model to models/mnist_vae_e300_L2_b64/normal_classifier_1000/cp-0009.hdf5
 - 3s - loss: 1.1196 - acc: 0.6357 - val_loss: 0.8904 - val_acc: 0.7304
Epoch 10/50

Epoch 00010: saving model to models/mnist_vae_e300_L2_b64/normal_classifier_1000/cp-0010.hdf5
 - 3s - loss: 1.0010 - acc: 0.6689 - val_loss: 0.8010 - val_acc: 0.7621
Epoch 11/50

Epoch 00011: saving model to models/mnist_vae_e300_L2_b64/normal_classifier_1000/cp-0011.hdf5
 - 3s - loss: 0.8295 - acc: 0.7305 - val_loss: 0.7121 - val_acc: 0.7596
Epoch 12/50

Epoch 00012: saving model to models/mnist_vae_e300_L2_b64/normal_classifier_1000/cp-0012.hdf5
 - 3s - loss: 0.7726 - acc: 0.7500 - val_loss: 0.6393 - val_acc: 0.8064
Epoch 13/50

Epoch 00013: saving model to models/mnist_vae_e300_L2_b64/normal_classifier_1000/cp-0013.hdf5
 - 3s - loss: 0.6669 - acc: 0.7832 - val_loss: 0.5916 - val_acc: 0.8115
Epoch 14/50

Epoch 00014: saving model to models/mnist_vae_e300_L2_b64/normal_classifier_1000/cp-0014.hdf5
 - 3s - loss: 0.6376 - acc: 0.7861 - val_loss: 0.5438 - val_acc: 0.8219
Epoch 15/50

Epoch 00015: saving model to models/mnist_vae_e300_L2_b64/normal_classifier_1000/cp-0015.hdf5
 - 3s - loss: 0.5786 - acc: 0.8037 - val_loss: 0.5424 - val_acc: 0.8288
Epoch 16/50

Epoch 00016: saving model to models/mnist_vae_e300_L2_b64/normal_classifier_1000/cp-0016.hdf5
 - 3s - loss: 0.4696 - acc: 0.8408 - val_loss: 0.5116 - val_acc: 0.8359
Epoch 17/50

Epoch 00017: saving model to models/mnist_vae_e300_L2_b64/normal_classifier_1000/cp-0017.hdf5
 - 3s - loss: 0.4777 - acc: 0.8291 - val_loss: 0.4556 - val_acc: 0.8567
Epoch 18/50

Epoch 00018: saving model to models/mnist_vae_e300_L2_b64/normal_classifier_1000/cp-0018.hdf5
 - 3s - loss: 0.4029 - acc: 0.8760 - val_loss: 0.4068 - val_acc: 0.8726
Epoch 19/50

Epoch 00019: saving model to models/mnist_vae_e300_L2_b64/normal_classifier_1000/cp-0019.hdf5
 - 3s - loss: 0.3890 - acc: 0.8672 - val_loss: 0.3746 - val_acc: 0.8855
Epoch 20/50

Epoch 00020: saving model to models/mnist_vae_e300_L2_b64/normal_classifier_1000/cp-0020.hdf5
 - 3s - loss: 0.2999 - acc: 0.8984 - val_loss: 0.4031 - val_acc: 0.8741
Epoch 21/50

Epoch 00021: saving model to models/mnist_vae_e300_L2_b64/normal_classifier_1000/cp-0021.hdf5
 - 3s - loss: 0.3236 - acc: 0.8799 - val_loss: 0.3457 - val_acc: 0.8965
Epoch 22/50

Epoch 00022: saving model to models/mnist_vae_e300_L2_b64/normal_classifier_1000/cp-0022.hdf5
 - 3s - loss: 0.2663 - acc: 0.9072 - val_loss: 0.3506 - val_acc: 0.8943
Epoch 23/50

Epoch 00023: saving model to models/mnist_vae_e300_L2_b64/normal_classifier_1000/cp-0023.hdf5
 - 3s - loss: 0.2566 - acc: 0.9102 - val_loss: 0.3624 - val_acc: 0.8930
Epoch 24/50

Epoch 00024: saving model to models/mnist_vae_e300_L2_b64/normal_classifier_1000/cp-0024.hdf5
 - 3s - loss: 0.2258 - acc: 0.9160 - val_loss: 0.3654 - val_acc: 0.8921
Epoch 25/50

Epoch 00025: saving model to models/mnist_vae_e300_L2_b64/normal_classifier_1000/cp-0025.hdf5
 - 3s - loss: 0.2227 - acc: 0.9287 - val_loss: 0.3584 - val_acc: 0.8939
Epoch 26/50

Epoch 00026: saving model to models/mnist_vae_e300_L2_b64/normal_classifier_1000/cp-0026.hdf5
 - 3s - loss: 0.1858 - acc: 0.9365 - val_loss: 0.3343 - val_acc: 0.9022
Epoch 27/50

Epoch 00027: saving model to models/mnist_vae_e300_L2_b64/normal_classifier_1000/cp-0027.hdf5
 - 3s - loss: 0.1540 - acc: 0.9482 - val_loss: 0.3770 - val_acc: 0.8952
Epoch 28/50

Epoch 00028: saving model to models/mnist_vae_e300_L2_b64/normal_classifier_1000/cp-0028.hdf5
 - 3s - loss: 0.1797 - acc: 0.9404 - val_loss: 0.3435 - val_acc: 0.9020
Epoch 29/50

Epoch 00029: saving model to models/mnist_vae_e300_L2_b64/normal_classifier_1000/cp-0029.hdf5
 - 3s - loss: 0.1592 - acc: 0.9463 - val_loss: 0.3431 - val_acc: 0.9014
Epoch 30/50

Epoch 00030: saving model to models/mnist_vae_e300_L2_b64/normal_classifier_1000/cp-0030.hdf5
 - 3s - loss: 0.1435 - acc: 0.9531 - val_loss: 0.3931 - val_acc: 0.8930
Epoch 31/50

Epoch 00031: saving model to models/mnist_vae_e300_L2_b64/normal_classifier_1000/cp-0031.hdf5
 - 3s - loss: 0.1077 - acc: 0.9639 - val_loss: 0.3628 - val_acc: 0.8990
Epoch 32/50

Epoch 00032: saving model to models/mnist_vae_e300_L2_b64/normal_classifier_1000/cp-0032.hdf5
 - 3s - loss: 0.1434 - acc: 0.9453 - val_loss: 0.3862 - val_acc: 0.8961
Epoch 33/50

Epoch 00033: saving model to models/mnist_vae_e300_L2_b64/normal_classifier_1000/cp-0033.hdf5
 - 3s - loss: 0.1169 - acc: 0.9600 - val_loss: 0.3637 - val_acc: 0.8994
Epoch 34/50

Epoch 00034: saving model to models/mnist_vae_e300_L2_b64/normal_classifier_1000/cp-0034.hdf5
 - 3s - loss: 0.1148 - acc: 0.9580 - val_loss: 0.3560 - val_acc: 0.9016
Epoch 35/50

Epoch 00035: saving model to models/mnist_vae_e300_L2_b64/normal_classifier_1000/cp-0035.hdf5
 - 3s - loss: 0.1101 - acc: 0.9609 - val_loss: 0.3475 - val_acc: 0.9055
Epoch 36/50

Epoch 00036: saving model to models/mnist_vae_e300_L2_b64/normal_classifier_1000/cp-0036.hdf5
 - 3s - loss: 0.0984 - acc: 0.9609 - val_loss: 0.3314 - val_acc: 0.9115
Epoch 37/50

Epoch 00037: saving model to models/mnist_vae_e300_L2_b64/normal_classifier_1000/cp-0037.hdf5
 - 3s - loss: 0.0841 - acc: 0.9756 - val_loss: 0.3273 - val_acc: 0.9188
Epoch 38/50

Epoch 00038: saving model to models/mnist_vae_e300_L2_b64/normal_classifier_1000/cp-0038.hdf5
 - 3s - loss: 0.1031 - acc: 0.9609 - val_loss: 0.3365 - val_acc: 0.9100
Epoch 39/50

Epoch 00039: saving model to models/mnist_vae_e300_L2_b64/normal_classifier_1000/cp-0039.hdf5
 - 3s - loss: 0.0746 - acc: 0.9756 - val_loss: 0.3201 - val_acc: 0.9189
Epoch 40/50

Epoch 00040: saving model to models/mnist_vae_e300_L2_b64/normal_classifier_1000/cp-0040.hdf5
 - 3s - loss: 0.0875 - acc: 0.9746 - val_loss: 0.3419 - val_acc: 0.9139
Epoch 41/50

Epoch 00041: saving model to models/mnist_vae_e300_L2_b64/normal_classifier_1000/cp-0041.hdf5
 - 3s - loss: 0.0681 - acc: 0.9805 - val_loss: 0.3403 - val_acc: 0.9141
Epoch 42/50

Epoch 00042: saving model to models/mnist_vae_e300_L2_b64/normal_classifier_1000/cp-0042.hdf5
 - 3s - loss: 0.0781 - acc: 0.9756 - val_loss: 0.3445 - val_acc: 0.9106
Epoch 43/50

Epoch 00043: saving model to models/mnist_vae_e300_L2_b64/normal_classifier_1000/cp-0043.hdf5
 - 3s - loss: 0.0650 - acc: 0.9775 - val_loss: 0.3408 - val_acc: 0.9161
Epoch 44/50

Epoch 00044: saving model to models/mnist_vae_e300_L2_b64/normal_classifier_1000/cp-0044.hdf5
 - 3s - loss: 0.0669 - acc: 0.9766 - val_loss: 0.3535 - val_acc: 0.9141
Epoch 45/50

Epoch 00045: saving model to models/mnist_vae_e300_L2_b64/normal_classifier_1000/cp-0045.hdf5
 - 3s - loss: 0.0528 - acc: 0.9863 - val_loss: 0.3508 - val_acc: 0.9113
Epoch 46/50

Epoch 00046: saving model to models/mnist_vae_e300_L2_b64/normal_classifier_1000/cp-0046.hdf5
 - 3s - loss: 0.0753 - acc: 0.9746 - val_loss: 0.3514 - val_acc: 0.9133
Epoch 47/50

Epoch 00047: saving model to models/mnist_vae_e300_L2_b64/normal_classifier_1000/cp-0047.hdf5
 - 3s - loss: 0.0616 - acc: 0.9785 - val_loss: 0.3550 - val_acc: 0.9169
Epoch 48/50

Epoch 00048: saving model to models/mnist_vae_e300_L2_b64/normal_classifier_1000/cp-0048.hdf5
 - 3s - loss: 0.0595 - acc: 0.9814 - val_loss: 0.3408 - val_acc: 0.9176
Epoch 49/50

Epoch 00049: saving model to models/mnist_vae_e300_L2_b64/normal_classifier_1000/cp-0049.hdf5
 - 3s - loss: 0.0591 - acc: 0.9756 - val_loss: 0.3679 - val_acc: 0.9124
Epoch 50/50

Epoch 00050: saving model to models/mnist_vae_e300_L2_b64/normal_classifier_1000/cp-0050.hdf5
 - 3s - loss: 0.0475 - acc: 0.9844 - val_loss: 0.3689 - val_acc: 0.9122
Epoch 1/50

Epoch 00001: saving model to models/mnist_vae_e300_L2_b64/multi-normal_classifier_1000/cp-0001.hdf5
 - 5s - loss: 2.2974 - acc: 0.1416 - val_loss: 2.3004 - val_acc: 0.1076
Epoch 2/50

Epoch 00002: saving model to models/mnist_vae_e300_L2_b64/multi-normal_classifier_1000/cp-0002.hdf5
 - 3s - loss: 2.2874 - acc: 0.1797 - val_loss: 2.2984 - val_acc: 0.1031
Epoch 3/50

Epoch 00003: saving model to models/mnist_vae_e300_L2_b64/multi-normal_classifier_1000/cp-0003.hdf5
 - 3s - loss: 2.2712 - acc: 0.1592 - val_loss: 2.2977 - val_acc: 0.1538
Epoch 4/50

Epoch 00004: saving model to models/mnist_vae_e300_L2_b64/multi-normal_classifier_1000/cp-0004.hdf5
 - 3s - loss: 2.2424 - acc: 0.1836 - val_loss: 2.2937 - val_acc: 0.2220
Epoch 5/50

Epoch 00005: saving model to models/mnist_vae_e300_L2_b64/multi-normal_classifier_1000/cp-0005.hdf5
 - 3s - loss: 2.2020 - acc: 0.2666 - val_loss: 2.2279 - val_acc: 0.2361
Epoch 6/50

Epoch 00006: saving model to models/mnist_vae_e300_L2_b64/multi-normal_classifier_1000/cp-0006.hdf5
 - 3s - loss: 2.0330 - acc: 0.3545 - val_loss: 1.8992 - val_acc: 0.3537
Epoch 7/50

Epoch 00007: saving model to models/mnist_vae_e300_L2_b64/multi-normal_classifier_1000/cp-0007.hdf5
 - 3s - loss: 1.7021 - acc: 0.4424 - val_loss: 1.4225 - val_acc: 0.5264
Epoch 8/50

Epoch 00008: saving model to models/mnist_vae_e300_L2_b64/multi-normal_classifier_1000/cp-0008.hdf5
 - 3s - loss: 1.4407 - acc: 0.4971 - val_loss: 1.1092 - val_acc: 0.6586
Epoch 9/50

Epoch 00009: saving model to models/mnist_vae_e300_L2_b64/multi-normal_classifier_1000/cp-0009.hdf5
 - 3s - loss: 1.1939 - acc: 0.6211 - val_loss: 0.9055 - val_acc: 0.7386
Epoch 10/50

Epoch 00010: saving model to models/mnist_vae_e300_L2_b64/multi-normal_classifier_1000/cp-0010.hdf5
 - 3s - loss: 1.0134 - acc: 0.6836 - val_loss: 0.9711 - val_acc: 0.7021
Epoch 11/50

Epoch 00011: saving model to models/mnist_vae_e300_L2_b64/multi-normal_classifier_1000/cp-0011.hdf5
 - 3s - loss: 0.9338 - acc: 0.6973 - val_loss: 0.6933 - val_acc: 0.7865
Epoch 12/50

Epoch 00012: saving model to models/mnist_vae_e300_L2_b64/multi-normal_classifier_1000/cp-0012.hdf5
 - 3s - loss: 0.8196 - acc: 0.7510 - val_loss: 0.6706 - val_acc: 0.7833
Epoch 13/50

Epoch 00013: saving model to models/mnist_vae_e300_L2_b64/multi-normal_classifier_1000/cp-0013.hdf5
 - 3s - loss: 0.7419 - acc: 0.7705 - val_loss: 0.6455 - val_acc: 0.7941
Epoch 14/50

Epoch 00014: saving model to models/mnist_vae_e300_L2_b64/multi-normal_classifier_1000/cp-0014.hdf5
 - 3s - loss: 0.6742 - acc: 0.7734 - val_loss: 0.5352 - val_acc: 0.8527
Epoch 15/50

Epoch 00015: saving model to models/mnist_vae_e300_L2_b64/multi-normal_classifier_1000/cp-0015.hdf5
 - 3s - loss: 0.5766 - acc: 0.8145 - val_loss: 0.4910 - val_acc: 0.8449
Epoch 16/50

Epoch 00016: saving model to models/mnist_vae_e300_L2_b64/multi-normal_classifier_1000/cp-0016.hdf5
 - 3s - loss: 0.5695 - acc: 0.8145 - val_loss: 0.4820 - val_acc: 0.8460
Epoch 17/50

Epoch 00017: saving model to models/mnist_vae_e300_L2_b64/multi-normal_classifier_1000/cp-0017.hdf5
 - 3s - loss: 0.4740 - acc: 0.8555 - val_loss: 0.4741 - val_acc: 0.8539
Epoch 18/50

Epoch 00018: saving model to models/mnist_vae_e300_L2_b64/multi-normal_classifier_1000/cp-0018.hdf5
 - 3s - loss: 0.4154 - acc: 0.8740 - val_loss: 0.4189 - val_acc: 0.8791
Epoch 19/50

Epoch 00019: saving model to models/mnist_vae_e300_L2_b64/multi-normal_classifier_1000/cp-0019.hdf5
 - 3s - loss: 0.3980 - acc: 0.8711 - val_loss: 0.3489 - val_acc: 0.8945
Epoch 20/50

Epoch 00020: saving model to models/mnist_vae_e300_L2_b64/multi-normal_classifier_1000/cp-0020.hdf5
 - 3s - loss: 0.3491 - acc: 0.8936 - val_loss: 0.3675 - val_acc: 0.8892
Epoch 21/50

Epoch 00021: saving model to models/mnist_vae_e300_L2_b64/multi-normal_classifier_1000/cp-0021.hdf5
 - 3s - loss: 0.2926 - acc: 0.9072 - val_loss: 0.4006 - val_acc: 0.8793
Epoch 22/50

Epoch 00022: saving model to models/mnist_vae_e300_L2_b64/multi-normal_classifier_1000/cp-0022.hdf5
 - 3s - loss: 0.2916 - acc: 0.9131 - val_loss: 0.3608 - val_acc: 0.8862
Epoch 23/50

Epoch 00023: saving model to models/mnist_vae_e300_L2_b64/multi-normal_classifier_1000/cp-0023.hdf5
 - 3s - loss: 0.2337 - acc: 0.9268 - val_loss: 0.3225 - val_acc: 0.9036
Epoch 24/50

Epoch 00024: saving model to models/mnist_vae_e300_L2_b64/multi-normal_classifier_1000/cp-0024.hdf5
 - 3s - loss: 0.2644 - acc: 0.9180 - val_loss: 0.3635 - val_acc: 0.8888
Epoch 25/50

Epoch 00025: saving model to models/mnist_vae_e300_L2_b64/multi-normal_classifier_1000/cp-0025.hdf5
 - 3s - loss: 0.1693 - acc: 0.9434 - val_loss: 0.3343 - val_acc: 0.9023
Epoch 26/50

Epoch 00026: saving model to models/mnist_vae_e300_L2_b64/multi-normal_classifier_1000/cp-0026.hdf5
 - 3s - loss: 0.2187 - acc: 0.9287 - val_loss: 0.3328 - val_acc: 0.9031
Epoch 27/50

Epoch 00027: saving model to models/mnist_vae_e300_L2_b64/multi-normal_classifier_1000/cp-0027.hdf5
 - 3s - loss: 0.1609 - acc: 0.9434 - val_loss: 0.3454 - val_acc: 0.9000
Epoch 28/50

Epoch 00028: saving model to models/mnist_vae_e300_L2_b64/multi-normal_classifier_1000/cp-0028.hdf5
 - 3s - loss: 0.1650 - acc: 0.9492 - val_loss: 0.3250 - val_acc: 0.9088
Epoch 29/50

Epoch 00029: saving model to models/mnist_vae_e300_L2_b64/multi-normal_classifier_1000/cp-0029.hdf5
 - 3s - loss: 0.1327 - acc: 0.9570 - val_loss: 0.3433 - val_acc: 0.9031
Epoch 30/50

Epoch 00030: saving model to models/mnist_vae_e300_L2_b64/multi-normal_classifier_1000/cp-0030.hdf5
 - 3s - loss: 0.1362 - acc: 0.9590 - val_loss: 0.3238 - val_acc: 0.9110
Epoch 31/50

Epoch 00031: saving model to models/mnist_vae_e300_L2_b64/multi-normal_classifier_1000/cp-0031.hdf5
 - 3s - loss: 0.1178 - acc: 0.9658 - val_loss: 0.3396 - val_acc: 0.9062
Epoch 32/50

Epoch 00032: saving model to models/mnist_vae_e300_L2_b64/multi-normal_classifier_1000/cp-0032.hdf5
 - 3s - loss: 0.1262 - acc: 0.9551 - val_loss: 0.3701 - val_acc: 0.9025
Epoch 33/50

Epoch 00033: saving model to models/mnist_vae_e300_L2_b64/multi-normal_classifier_1000/cp-0033.hdf5
 - 3s - loss: 0.1172 - acc: 0.9629 - val_loss: 0.3523 - val_acc: 0.9082
Epoch 34/50

Epoch 00034: saving model to models/mnist_vae_e300_L2_b64/multi-normal_classifier_1000/cp-0034.hdf5
 - 3s - loss: 0.1125 - acc: 0.9648 - val_loss: 0.3338 - val_acc: 0.9149
Epoch 35/50

Epoch 00035: saving model to models/mnist_vae_e300_L2_b64/multi-normal_classifier_1000/cp-0035.hdf5
 - 3s - loss: 0.1072 - acc: 0.9619 - val_loss: 0.3516 - val_acc: 0.9155
Epoch 36/50

Epoch 00036: saving model to models/mnist_vae_e300_L2_b64/multi-normal_classifier_1000/cp-0036.hdf5
 - 3s - loss: 0.1083 - acc: 0.9619 - val_loss: 0.3492 - val_acc: 0.9117
Epoch 37/50

Epoch 00037: saving model to models/mnist_vae_e300_L2_b64/multi-normal_classifier_1000/cp-0037.hdf5
 - 3s - loss: 0.0784 - acc: 0.9805 - val_loss: 0.3561 - val_acc: 0.9103
Epoch 38/50

Epoch 00038: saving model to models/mnist_vae_e300_L2_b64/multi-normal_classifier_1000/cp-0038.hdf5
 - 3s - loss: 0.0885 - acc: 0.9727 - val_loss: 0.3249 - val_acc: 0.9184
Epoch 39/50

Epoch 00039: saving model to models/mnist_vae_e300_L2_b64/multi-normal_classifier_1000/cp-0039.hdf5
 - 3s - loss: 0.0774 - acc: 0.9775 - val_loss: 0.3406 - val_acc: 0.9151
Epoch 40/50

Epoch 00040: saving model to models/mnist_vae_e300_L2_b64/multi-normal_classifier_1000/cp-0040.hdf5
 - 3s - loss: 0.0619 - acc: 0.9834 - val_loss: 0.3439 - val_acc: 0.9176
Epoch 41/50

Epoch 00041: saving model to models/mnist_vae_e300_L2_b64/multi-normal_classifier_1000/cp-0041.hdf5
 - 3s - loss: 0.0726 - acc: 0.9766 - val_loss: 0.3547 - val_acc: 0.9144
Epoch 42/50

Epoch 00042: saving model to models/mnist_vae_e300_L2_b64/multi-normal_classifier_1000/cp-0042.hdf5
 - 3s - loss: 0.0582 - acc: 0.9854 - val_loss: 0.3513 - val_acc: 0.9146
Epoch 43/50

Epoch 00043: saving model to models/mnist_vae_e300_L2_b64/multi-normal_classifier_1000/cp-0043.hdf5
 - 3s - loss: 0.0572 - acc: 0.9844 - val_loss: 0.3504 - val_acc: 0.9175
Epoch 44/50

Epoch 00044: saving model to models/mnist_vae_e300_L2_b64/multi-normal_classifier_1000/cp-0044.hdf5
 - 3s - loss: 0.0567 - acc: 0.9775 - val_loss: 0.3626 - val_acc: 0.9183
Epoch 45/50

Epoch 00045: saving model to models/mnist_vae_e300_L2_b64/multi-normal_classifier_1000/cp-0045.hdf5
 - 3s - loss: 0.0458 - acc: 0.9863 - val_loss: 0.3642 - val_acc: 0.9166
Epoch 46/50

Epoch 00046: saving model to models/mnist_vae_e300_L2_b64/multi-normal_classifier_1000/cp-0046.hdf5
 - 3s - loss: 0.0557 - acc: 0.9844 - val_loss: 0.3531 - val_acc: 0.9174
Epoch 47/50

Epoch 00047: saving model to models/mnist_vae_e300_L2_b64/multi-normal_classifier_1000/cp-0047.hdf5
 - 3s - loss: 0.0584 - acc: 0.9824 - val_loss: 0.3574 - val_acc: 0.9184
Epoch 48/50

Epoch 00048: saving model to models/mnist_vae_e300_L2_b64/multi-normal_classifier_1000/cp-0048.hdf5
 - 3s - loss: 0.0457 - acc: 0.9873 - val_loss: 0.3674 - val_acc: 0.9153
Epoch 49/50

Epoch 00049: saving model to models/mnist_vae_e300_L2_b64/multi-normal_classifier_1000/cp-0049.hdf5
 - 3s - loss: 0.0393 - acc: 0.9902 - val_loss: 0.3666 - val_acc: 0.9168
Epoch 50/50

Epoch 00050: saving model to models/mnist_vae_e300_L2_b64/multi-normal_classifier_1000/cp-0050.hdf5
 - 3s - loss: 0.0399 - acc: 0.9873 - val_loss: 0.3907 - val_acc: 0.9157
Epoch 1/50

Epoch 00001: saving model to models/mnist_vae_e300_L2_b64/uniform_classifier_1000/cp-0001.hdf5
 - 5s - loss: 2.2896 - acc: 0.1963 - val_loss: 2.3038 - val_acc: 0.1692
Epoch 2/50

Epoch 00002: saving model to models/mnist_vae_e300_L2_b64/uniform_classifier_1000/cp-0002.hdf5
 - 3s - loss: 1.9950 - acc: 0.3242 - val_loss: 3.0324 - val_acc: 0.2178
Epoch 3/50

Epoch 00003: saving model to models/mnist_vae_e300_L2_b64/uniform_classifier_1000/cp-0003.hdf5
 - 3s - loss: 1.6063 - acc: 0.6016 - val_loss: 3.1654 - val_acc: 0.2294
Epoch 4/50

Epoch 00004: saving model to models/mnist_vae_e300_L2_b64/uniform_classifier_1000/cp-0004.hdf5
 - 3s - loss: 1.2976 - acc: 0.6934 - val_loss: 2.9441 - val_acc: 0.2203
Epoch 5/50

Epoch 00005: saving model to models/mnist_vae_e300_L2_b64/uniform_classifier_1000/cp-0005.hdf5
 - 3s - loss: 1.0053 - acc: 0.7402 - val_loss: 2.7039 - val_acc: 0.2647
Epoch 6/50

Epoch 00006: saving model to models/mnist_vae_e300_L2_b64/uniform_classifier_1000/cp-0006.hdf5
 - 3s - loss: 0.8655 - acc: 0.7627 - val_loss: 2.8394 - val_acc: 0.2856
Epoch 7/50

Epoch 00007: saving model to models/mnist_vae_e300_L2_b64/uniform_classifier_1000/cp-0007.hdf5
 - 3s - loss: 0.7437 - acc: 0.7979 - val_loss: 2.9420 - val_acc: 0.2907
Epoch 8/50

Epoch 00008: saving model to models/mnist_vae_e300_L2_b64/uniform_classifier_1000/cp-0008.hdf5
 - 3s - loss: 0.6425 - acc: 0.8281 - val_loss: 2.4834 - val_acc: 0.3274
Epoch 9/50

Epoch 00009: saving model to models/mnist_vae_e300_L2_b64/uniform_classifier_1000/cp-0009.hdf5
 - 3s - loss: 0.5890 - acc: 0.8379 - val_loss: 2.2148 - val_acc: 0.3485
Epoch 10/50

Epoch 00010: saving model to models/mnist_vae_e300_L2_b64/uniform_classifier_1000/cp-0010.hdf5
 - 3s - loss: 0.5447 - acc: 0.8379 - val_loss: 1.9822 - val_acc: 0.4043
Epoch 11/50

Epoch 00011: saving model to models/mnist_vae_e300_L2_b64/uniform_classifier_1000/cp-0011.hdf5
 - 3s - loss: 0.4918 - acc: 0.8516 - val_loss: 1.8780 - val_acc: 0.4532
Epoch 12/50

Epoch 00012: saving model to models/mnist_vae_e300_L2_b64/uniform_classifier_1000/cp-0012.hdf5
 - 3s - loss: 0.4053 - acc: 0.8770 - val_loss: 1.8087 - val_acc: 0.4618
Epoch 13/50

Epoch 00013: saving model to models/mnist_vae_e300_L2_b64/uniform_classifier_1000/cp-0013.hdf5
 - 3s - loss: 0.4162 - acc: 0.8770 - val_loss: 1.5555 - val_acc: 0.5079
Epoch 14/50

Epoch 00014: saving model to models/mnist_vae_e300_L2_b64/uniform_classifier_1000/cp-0014.hdf5
 - 3s - loss: 0.3841 - acc: 0.8838 - val_loss: 1.6785 - val_acc: 0.4900
Epoch 15/50

Epoch 00015: saving model to models/mnist_vae_e300_L2_b64/uniform_classifier_1000/cp-0015.hdf5
 - 3s - loss: 0.3421 - acc: 0.8916 - val_loss: 1.6463 - val_acc: 0.4894
Epoch 16/50

Epoch 00016: saving model to models/mnist_vae_e300_L2_b64/uniform_classifier_1000/cp-0016.hdf5
 - 3s - loss: 0.3481 - acc: 0.8877 - val_loss: 1.6482 - val_acc: 0.5037
Epoch 17/50

Epoch 00017: saving model to models/mnist_vae_e300_L2_b64/uniform_classifier_1000/cp-0017.hdf5
 - 3s - loss: 0.2928 - acc: 0.9111 - val_loss: 1.5532 - val_acc: 0.5338
Epoch 18/50

Epoch 00018: saving model to models/mnist_vae_e300_L2_b64/uniform_classifier_1000/cp-0018.hdf5
 - 3s - loss: 0.2816 - acc: 0.9092 - val_loss: 1.5817 - val_acc: 0.5391
Epoch 19/50

Epoch 00019: saving model to models/mnist_vae_e300_L2_b64/uniform_classifier_1000/cp-0019.hdf5
 - 3s - loss: 0.2708 - acc: 0.9141 - val_loss: 1.6733 - val_acc: 0.5312
Epoch 20/50

Epoch 00020: saving model to models/mnist_vae_e300_L2_b64/uniform_classifier_1000/cp-0020.hdf5
 - 3s - loss: 0.2689 - acc: 0.9150 - val_loss: 1.5274 - val_acc: 0.5480
Epoch 21/50

Epoch 00021: saving model to models/mnist_vae_e300_L2_b64/uniform_classifier_1000/cp-0021.hdf5
 - 3s - loss: 0.2720 - acc: 0.9131 - val_loss: 1.3587 - val_acc: 0.5962
Epoch 22/50

Epoch 00022: saving model to models/mnist_vae_e300_L2_b64/uniform_classifier_1000/cp-0022.hdf5
 - 3s - loss: 0.2236 - acc: 0.9326 - val_loss: 1.4590 - val_acc: 0.5803
Epoch 23/50

Epoch 00023: saving model to models/mnist_vae_e300_L2_b64/uniform_classifier_1000/cp-0023.hdf5
 - 3s - loss: 0.1794 - acc: 0.9365 - val_loss: 1.5401 - val_acc: 0.6030
Epoch 24/50

Epoch 00024: saving model to models/mnist_vae_e300_L2_b64/uniform_classifier_1000/cp-0024.hdf5
 - 3s - loss: 0.2195 - acc: 0.9297 - val_loss: 1.3548 - val_acc: 0.6106
Epoch 25/50

Epoch 00025: saving model to models/mnist_vae_e300_L2_b64/uniform_classifier_1000/cp-0025.hdf5
 - 3s - loss: 0.2045 - acc: 0.9307 - val_loss: 1.4400 - val_acc: 0.6082
Epoch 26/50

Epoch 00026: saving model to models/mnist_vae_e300_L2_b64/uniform_classifier_1000/cp-0026.hdf5
 - 3s - loss: 0.1804 - acc: 0.9414 - val_loss: 1.3985 - val_acc: 0.6140
Epoch 27/50

Epoch 00027: saving model to models/mnist_vae_e300_L2_b64/uniform_classifier_1000/cp-0027.hdf5
 - 3s - loss: 0.1593 - acc: 0.9512 - val_loss: 1.4837 - val_acc: 0.5989
Epoch 28/50

Epoch 00028: saving model to models/mnist_vae_e300_L2_b64/uniform_classifier_1000/cp-0028.hdf5
 - 3s - loss: 0.1779 - acc: 0.9375 - val_loss: 1.4903 - val_acc: 0.6153
Epoch 29/50

Epoch 00029: saving model to models/mnist_vae_e300_L2_b64/uniform_classifier_1000/cp-0029.hdf5
 - 3s - loss: 0.1467 - acc: 0.9502 - val_loss: 1.4267 - val_acc: 0.6178
Epoch 30/50

Epoch 00030: saving model to models/mnist_vae_e300_L2_b64/uniform_classifier_1000/cp-0030.hdf5
 - 3s - loss: 0.1666 - acc: 0.9453 - val_loss: 1.4134 - val_acc: 0.6256
Epoch 31/50

Epoch 00031: saving model to models/mnist_vae_e300_L2_b64/uniform_classifier_1000/cp-0031.hdf5
 - 3s - loss: 0.1491 - acc: 0.9434 - val_loss: 1.5837 - val_acc: 0.6012
Epoch 32/50

Epoch 00032: saving model to models/mnist_vae_e300_L2_b64/uniform_classifier_1000/cp-0032.hdf5
 - 3s - loss: 0.1056 - acc: 0.9717 - val_loss: 1.4281 - val_acc: 0.6439
Epoch 33/50

Epoch 00033: saving model to models/mnist_vae_e300_L2_b64/uniform_classifier_1000/cp-0033.hdf5
 - 3s - loss: 0.1094 - acc: 0.9619 - val_loss: 1.5117 - val_acc: 0.6265
Epoch 34/50

Epoch 00034: saving model to models/mnist_vae_e300_L2_b64/uniform_classifier_1000/cp-0034.hdf5
 - 3s - loss: 0.1337 - acc: 0.9531 - val_loss: 1.5522 - val_acc: 0.6279
Epoch 35/50

Epoch 00035: saving model to models/mnist_vae_e300_L2_b64/uniform_classifier_1000/cp-0035.hdf5
 - 3s - loss: 0.1118 - acc: 0.9639 - val_loss: 1.6125 - val_acc: 0.6214
Epoch 36/50

Epoch 00036: saving model to models/mnist_vae_e300_L2_b64/uniform_classifier_1000/cp-0036.hdf5
 - 3s - loss: 0.0973 - acc: 0.9639 - val_loss: 1.5146 - val_acc: 0.6390
Epoch 37/50

Epoch 00037: saving model to models/mnist_vae_e300_L2_b64/uniform_classifier_1000/cp-0037.hdf5
 - 3s - loss: 0.1449 - acc: 0.9492 - val_loss: 1.4735 - val_acc: 0.6505
Epoch 38/50

Epoch 00038: saving model to models/mnist_vae_e300_L2_b64/uniform_classifier_1000/cp-0038.hdf5
 - 3s - loss: 0.0909 - acc: 0.9707 - val_loss: 1.6189 - val_acc: 0.6332
Epoch 39/50

Epoch 00039: saving model to models/mnist_vae_e300_L2_b64/uniform_classifier_1000/cp-0039.hdf5
 - 3s - loss: 0.1086 - acc: 0.9590 - val_loss: 1.5114 - val_acc: 0.6480
Epoch 40/50

Epoch 00040: saving model to models/mnist_vae_e300_L2_b64/uniform_classifier_1000/cp-0040.hdf5
 - 3s - loss: 0.1052 - acc: 0.9639 - val_loss: 1.4380 - val_acc: 0.6585
Epoch 41/50

Epoch 00041: saving model to models/mnist_vae_e300_L2_b64/uniform_classifier_1000/cp-0041.hdf5
 - 3s - loss: 0.0910 - acc: 0.9668 - val_loss: 1.4509 - val_acc: 0.6610
Epoch 42/50

Epoch 00042: saving model to models/mnist_vae_e300_L2_b64/uniform_classifier_1000/cp-0042.hdf5
 - 3s - loss: 0.0843 - acc: 0.9678 - val_loss: 1.5563 - val_acc: 0.6517
Epoch 43/50

Epoch 00043: saving model to models/mnist_vae_e300_L2_b64/uniform_classifier_1000/cp-0043.hdf5
 - 3s - loss: 0.0734 - acc: 0.9775 - val_loss: 1.6459 - val_acc: 0.6437
Epoch 44/50

Epoch 00044: saving model to models/mnist_vae_e300_L2_b64/uniform_classifier_1000/cp-0044.hdf5
 - 3s - loss: 0.0839 - acc: 0.9736 - val_loss: 1.5668 - val_acc: 0.6625
Epoch 45/50

Epoch 00045: saving model to models/mnist_vae_e300_L2_b64/uniform_classifier_1000/cp-0045.hdf5
 - 3s - loss: 0.0896 - acc: 0.9648 - val_loss: 1.6036 - val_acc: 0.6551
Epoch 46/50

Epoch 00046: saving model to models/mnist_vae_e300_L2_b64/uniform_classifier_1000/cp-0046.hdf5
 - 3s - loss: 0.0873 - acc: 0.9697 - val_loss: 1.5667 - val_acc: 0.6572
Epoch 47/50

Epoch 00047: saving model to models/mnist_vae_e300_L2_b64/uniform_classifier_1000/cp-0047.hdf5
 - 3s - loss: 0.0701 - acc: 0.9795 - val_loss: 1.6424 - val_acc: 0.6583
Epoch 48/50

Epoch 00048: saving model to models/mnist_vae_e300_L2_b64/uniform_classifier_1000/cp-0048.hdf5
 - 3s - loss: 0.0637 - acc: 0.9775 - val_loss: 1.7415 - val_acc: 0.6533
Epoch 49/50

Epoch 00049: saving model to models/mnist_vae_e300_L2_b64/uniform_classifier_1000/cp-0049.hdf5
 - 3s - loss: 0.0678 - acc: 0.9727 - val_loss: 1.6488 - val_acc: 0.6657
Epoch 50/50

Epoch 00050: saving model to models/mnist_vae_e300_L2_b64/uniform_classifier_1000/cp-0050.hdf5
 - 3s - loss: 0.0661 - acc: 0.9766 - val_loss: 1.5720 - val_acc: 0.6686
Epoch 1/50

Epoch 00001: saving model to models/mnist_vae_e300_L2_b64/uniform-cluster_classifier_1000/cp-0001.hdf5
 - 6s - loss: 2.2996 - acc: 0.1406 - val_loss: 2.3002 - val_acc: 0.0939
Epoch 2/50

Epoch 00002: saving model to models/mnist_vae_e300_L2_b64/uniform-cluster_classifier_1000/cp-0002.hdf5
 - 3s - loss: 2.2861 - acc: 0.1875 - val_loss: 2.2982 - val_acc: 0.0891
Epoch 3/50

Epoch 00003: saving model to models/mnist_vae_e300_L2_b64/uniform-cluster_classifier_1000/cp-0003.hdf5
 - 3s - loss: 2.2271 - acc: 0.1875 - val_loss: 2.3656 - val_acc: 0.0893
Epoch 4/50

Epoch 00004: saving model to models/mnist_vae_e300_L2_b64/uniform-cluster_classifier_1000/cp-0004.hdf5
 - 3s - loss: 2.1589 - acc: 0.1904 - val_loss: 2.3324 - val_acc: 0.1187
Epoch 5/50

Epoch 00005: saving model to models/mnist_vae_e300_L2_b64/uniform-cluster_classifier_1000/cp-0005.hdf5
 - 3s - loss: 2.0611 - acc: 0.3057 - val_loss: 2.2822 - val_acc: 0.1997
Epoch 6/50

Epoch 00006: saving model to models/mnist_vae_e300_L2_b64/uniform-cluster_classifier_1000/cp-0006.hdf5
 - 3s - loss: 1.8241 - acc: 0.4014 - val_loss: 1.9349 - val_acc: 0.3855
Epoch 7/50

Epoch 00007: saving model to models/mnist_vae_e300_L2_b64/uniform-cluster_classifier_1000/cp-0007.hdf5
 - 3s - loss: 1.4923 - acc: 0.5234 - val_loss: 1.5717 - val_acc: 0.4304
Epoch 8/50

Epoch 00008: saving model to models/mnist_vae_e300_L2_b64/uniform-cluster_classifier_1000/cp-0008.hdf5
 - 3s - loss: 1.2843 - acc: 0.5703 - val_loss: 1.3837 - val_acc: 0.5228
Epoch 9/50

Epoch 00009: saving model to models/mnist_vae_e300_L2_b64/uniform-cluster_classifier_1000/cp-0009.hdf5
 - 3s - loss: 1.0756 - acc: 0.6572 - val_loss: 1.0760 - val_acc: 0.6490
Epoch 10/50

Epoch 00010: saving model to models/mnist_vae_e300_L2_b64/uniform-cluster_classifier_1000/cp-0010.hdf5
 - 3s - loss: 0.9767 - acc: 0.6943 - val_loss: 1.0819 - val_acc: 0.6431
Epoch 11/50

Epoch 00011: saving model to models/mnist_vae_e300_L2_b64/uniform-cluster_classifier_1000/cp-0011.hdf5
 - 3s - loss: 0.8508 - acc: 0.7236 - val_loss: 0.8906 - val_acc: 0.7067
Epoch 12/50

Epoch 00012: saving model to models/mnist_vae_e300_L2_b64/uniform-cluster_classifier_1000/cp-0012.hdf5
 - 3s - loss: 0.7166 - acc: 0.7715 - val_loss: 0.7920 - val_acc: 0.7347
Epoch 13/50

Epoch 00013: saving model to models/mnist_vae_e300_L2_b64/uniform-cluster_classifier_1000/cp-0013.hdf5
 - 3s - loss: 0.6460 - acc: 0.7891 - val_loss: 0.7757 - val_acc: 0.7437
Epoch 14/50

Epoch 00014: saving model to models/mnist_vae_e300_L2_b64/uniform-cluster_classifier_1000/cp-0014.hdf5
 - 3s - loss: 0.6075 - acc: 0.8008 - val_loss: 0.7517 - val_acc: 0.7439
Epoch 15/50

Epoch 00015: saving model to models/mnist_vae_e300_L2_b64/uniform-cluster_classifier_1000/cp-0015.hdf5
 - 3s - loss: 0.5161 - acc: 0.8291 - val_loss: 0.7318 - val_acc: 0.7441
Epoch 16/50

Epoch 00016: saving model to models/mnist_vae_e300_L2_b64/uniform-cluster_classifier_1000/cp-0016.hdf5
 - 3s - loss: 0.4890 - acc: 0.8486 - val_loss: 0.7177 - val_acc: 0.7567
Epoch 17/50

Epoch 00017: saving model to models/mnist_vae_e300_L2_b64/uniform-cluster_classifier_1000/cp-0017.hdf5
 - 3s - loss: 0.4056 - acc: 0.8701 - val_loss: 0.7091 - val_acc: 0.7704
Epoch 18/50

Epoch 00018: saving model to models/mnist_vae_e300_L2_b64/uniform-cluster_classifier_1000/cp-0018.hdf5
 - 3s - loss: 0.3607 - acc: 0.8818 - val_loss: 0.7815 - val_acc: 0.7513
Epoch 19/50

Epoch 00019: saving model to models/mnist_vae_e300_L2_b64/uniform-cluster_classifier_1000/cp-0019.hdf5
 - 3s - loss: 0.3440 - acc: 0.8945 - val_loss: 0.6546 - val_acc: 0.7873
Epoch 20/50

Epoch 00020: saving model to models/mnist_vae_e300_L2_b64/uniform-cluster_classifier_1000/cp-0020.hdf5
 - 3s - loss: 0.3102 - acc: 0.8984 - val_loss: 0.5382 - val_acc: 0.8174
Epoch 21/50

Epoch 00021: saving model to models/mnist_vae_e300_L2_b64/uniform-cluster_classifier_1000/cp-0021.hdf5
 - 3s - loss: 0.2501 - acc: 0.9102 - val_loss: 0.5630 - val_acc: 0.8181
Epoch 22/50

Epoch 00022: saving model to models/mnist_vae_e300_L2_b64/uniform-cluster_classifier_1000/cp-0022.hdf5
 - 3s - loss: 0.2504 - acc: 0.9131 - val_loss: 0.4874 - val_acc: 0.8427
Epoch 23/50

Epoch 00023: saving model to models/mnist_vae_e300_L2_b64/uniform-cluster_classifier_1000/cp-0023.hdf5
 - 3s - loss: 0.2256 - acc: 0.9277 - val_loss: 0.5073 - val_acc: 0.8325
Epoch 24/50

Epoch 00024: saving model to models/mnist_vae_e300_L2_b64/uniform-cluster_classifier_1000/cp-0024.hdf5
 - 3s - loss: 0.1781 - acc: 0.9385 - val_loss: 0.5215 - val_acc: 0.8352
Epoch 25/50

Epoch 00025: saving model to models/mnist_vae_e300_L2_b64/uniform-cluster_classifier_1000/cp-0025.hdf5
 - 3s - loss: 0.1915 - acc: 0.9287 - val_loss: 0.5831 - val_acc: 0.8291
Epoch 26/50

Epoch 00026: saving model to models/mnist_vae_e300_L2_b64/uniform-cluster_classifier_1000/cp-0026.hdf5
 - 3s - loss: 0.1716 - acc: 0.9443 - val_loss: 0.6078 - val_acc: 0.8238
Epoch 27/50

Epoch 00027: saving model to models/mnist_vae_e300_L2_b64/uniform-cluster_classifier_1000/cp-0027.hdf5
 - 3s - loss: 0.1533 - acc: 0.9502 - val_loss: 0.5298 - val_acc: 0.8414
Epoch 28/50

Epoch 00028: saving model to models/mnist_vae_e300_L2_b64/uniform-cluster_classifier_1000/cp-0028.hdf5
 - 3s - loss: 0.1423 - acc: 0.9561 - val_loss: 0.6064 - val_acc: 0.8335
Epoch 29/50

Epoch 00029: saving model to models/mnist_vae_e300_L2_b64/uniform-cluster_classifier_1000/cp-0029.hdf5
 - 3s - loss: 0.1329 - acc: 0.9619 - val_loss: 0.5228 - val_acc: 0.8480
Epoch 30/50

Epoch 00030: saving model to models/mnist_vae_e300_L2_b64/uniform-cluster_classifier_1000/cp-0030.hdf5
 - 3s - loss: 0.1203 - acc: 0.9561 - val_loss: 0.5518 - val_acc: 0.8399
Epoch 31/50

Epoch 00031: saving model to models/mnist_vae_e300_L2_b64/uniform-cluster_classifier_1000/cp-0031.hdf5
 - 3s - loss: 0.1273 - acc: 0.9590 - val_loss: 0.5801 - val_acc: 0.8329
Epoch 32/50

Epoch 00032: saving model to models/mnist_vae_e300_L2_b64/uniform-cluster_classifier_1000/cp-0032.hdf5
 - 3s - loss: 0.1004 - acc: 0.9717 - val_loss: 0.5270 - val_acc: 0.8505
Epoch 33/50

Epoch 00033: saving model to models/mnist_vae_e300_L2_b64/uniform-cluster_classifier_1000/cp-0033.hdf5
 - 3s - loss: 0.1098 - acc: 0.9570 - val_loss: 0.5324 - val_acc: 0.8520
Epoch 34/50

Epoch 00034: saving model to models/mnist_vae_e300_L2_b64/uniform-cluster_classifier_1000/cp-0034.hdf5
 - 3s - loss: 0.0943 - acc: 0.9688 - val_loss: 0.5443 - val_acc: 0.8473
Epoch 35/50

Epoch 00035: saving model to models/mnist_vae_e300_L2_b64/uniform-cluster_classifier_1000/cp-0035.hdf5
 - 3s - loss: 0.0823 - acc: 0.9746 - val_loss: 0.5866 - val_acc: 0.8471
Epoch 36/50

Epoch 00036: saving model to models/mnist_vae_e300_L2_b64/uniform-cluster_classifier_1000/cp-0036.hdf5
 - 3s - loss: 0.0888 - acc: 0.9717 - val_loss: 0.5293 - val_acc: 0.8583
Epoch 37/50

Epoch 00037: saving model to models/mnist_vae_e300_L2_b64/uniform-cluster_classifier_1000/cp-0037.hdf5
 - 3s - loss: 0.0645 - acc: 0.9814 - val_loss: 0.6065 - val_acc: 0.8405
Epoch 38/50

Epoch 00038: saving model to models/mnist_vae_e300_L2_b64/uniform-cluster_classifier_1000/cp-0038.hdf5
 - 3s - loss: 0.0674 - acc: 0.9824 - val_loss: 0.5389 - val_acc: 0.8615
Epoch 39/50

Epoch 00039: saving model to models/mnist_vae_e300_L2_b64/uniform-cluster_classifier_1000/cp-0039.hdf5
 - 3s - loss: 0.0674 - acc: 0.9795 - val_loss: 0.5560 - val_acc: 0.8555
Epoch 40/50

Epoch 00040: saving model to models/mnist_vae_e300_L2_b64/uniform-cluster_classifier_1000/cp-0040.hdf5
 - 3s - loss: 0.0529 - acc: 0.9854 - val_loss: 0.5744 - val_acc: 0.8550
Epoch 41/50

Epoch 00041: saving model to models/mnist_vae_e300_L2_b64/uniform-cluster_classifier_1000/cp-0041.hdf5
 - 3s - loss: 0.0656 - acc: 0.9785 - val_loss: 0.5169 - val_acc: 0.8647
Epoch 42/50

Epoch 00042: saving model to models/mnist_vae_e300_L2_b64/uniform-cluster_classifier_1000/cp-0042.hdf5
 - 3s - loss: 0.0573 - acc: 0.9805 - val_loss: 0.5911 - val_acc: 0.8487
Epoch 43/50

Epoch 00043: saving model to models/mnist_vae_e300_L2_b64/uniform-cluster_classifier_1000/cp-0043.hdf5
 - 3s - loss: 0.0690 - acc: 0.9746 - val_loss: 0.6356 - val_acc: 0.8474
Epoch 44/50

Epoch 00044: saving model to models/mnist_vae_e300_L2_b64/uniform-cluster_classifier_1000/cp-0044.hdf5
 - 3s - loss: 0.0407 - acc: 0.9912 - val_loss: 0.5906 - val_acc: 0.8522
Epoch 45/50

Epoch 00045: saving model to models/mnist_vae_e300_L2_b64/uniform-cluster_classifier_1000/cp-0045.hdf5
 - 3s - loss: 0.0367 - acc: 0.9902 - val_loss: 0.5682 - val_acc: 0.8594
Epoch 46/50

Epoch 00046: saving model to models/mnist_vae_e300_L2_b64/uniform-cluster_classifier_1000/cp-0046.hdf5
 - 3s - loss: 0.0463 - acc: 0.9854 - val_loss: 0.6156 - val_acc: 0.8578
Epoch 47/50

Epoch 00047: saving model to models/mnist_vae_e300_L2_b64/uniform-cluster_classifier_1000/cp-0047.hdf5
 - 3s - loss: 0.0504 - acc: 0.9795 - val_loss: 0.6143 - val_acc: 0.8561
Epoch 48/50

Epoch 00048: saving model to models/mnist_vae_e300_L2_b64/uniform-cluster_classifier_1000/cp-0048.hdf5
 - 3s - loss: 0.0405 - acc: 0.9883 - val_loss: 0.6418 - val_acc: 0.8548
Epoch 49/50

Epoch 00049: saving model to models/mnist_vae_e300_L2_b64/uniform-cluster_classifier_1000/cp-0049.hdf5
 - 3s - loss: 0.0349 - acc: 0.9893 - val_loss: 0.6534 - val_acc: 0.8513
Epoch 50/50

Epoch 00050: saving model to models/mnist_vae_e300_L2_b64/uniform-cluster_classifier_1000/cp-0050.hdf5
 - 3s - loss: 0.0305 - acc: 0.9902 - val_loss: 0.6462 - val_acc: 0.8525
Epoch 1/50

Epoch 00001: saving model to models/mnist_vae_e300_L2_b64/normal-cluster_classifier_1000/cp-0001.hdf5
 - 6s - loss: 2.2930 - acc: 0.2021 - val_loss: 2.3033 - val_acc: 0.0969
Epoch 2/50

Epoch 00002: saving model to models/mnist_vae_e300_L2_b64/normal-cluster_classifier_1000/cp-0002.hdf5
 - 3s - loss: 2.2490 - acc: 0.2266 - val_loss: 2.3285 - val_acc: 0.0971
Epoch 3/50

Epoch 00003: saving model to models/mnist_vae_e300_L2_b64/normal-cluster_classifier_1000/cp-0003.hdf5
 - 3s - loss: 2.1765 - acc: 0.2334 - val_loss: 2.3645 - val_acc: 0.0972
Epoch 4/50

Epoch 00004: saving model to models/mnist_vae_e300_L2_b64/normal-cluster_classifier_1000/cp-0004.hdf5
 - 3s - loss: 2.1334 - acc: 0.2354 - val_loss: 2.3957 - val_acc: 0.0974
Epoch 5/50

Epoch 00005: saving model to models/mnist_vae_e300_L2_b64/normal-cluster_classifier_1000/cp-0005.hdf5
 - 3s - loss: 2.0920 - acc: 0.2500 - val_loss: 2.2288 - val_acc: 0.1397
Epoch 6/50

Epoch 00006: saving model to models/mnist_vae_e300_L2_b64/normal-cluster_classifier_1000/cp-0006.hdf5
 - 3s - loss: 1.8951 - acc: 0.3545 - val_loss: 1.8928 - val_acc: 0.3515
Epoch 7/50

Epoch 00007: saving model to models/mnist_vae_e300_L2_b64/normal-cluster_classifier_1000/cp-0007.hdf5
 - 3s - loss: 1.6812 - acc: 0.4277 - val_loss: 2.0143 - val_acc: 0.2852
Epoch 8/50

Epoch 00008: saving model to models/mnist_vae_e300_L2_b64/normal-cluster_classifier_1000/cp-0008.hdf5
 - 3s - loss: 1.5415 - acc: 0.4736 - val_loss: 1.4130 - val_acc: 0.4801
Epoch 9/50

Epoch 00009: saving model to models/mnist_vae_e300_L2_b64/normal-cluster_classifier_1000/cp-0009.hdf5
 - 3s - loss: 1.2678 - acc: 0.5957 - val_loss: 1.0703 - val_acc: 0.6380
Epoch 10/50

Epoch 00010: saving model to models/mnist_vae_e300_L2_b64/normal-cluster_classifier_1000/cp-0010.hdf5
 - 3s - loss: 1.2474 - acc: 0.5703 - val_loss: 0.9744 - val_acc: 0.6834
Epoch 11/50

Epoch 00011: saving model to models/mnist_vae_e300_L2_b64/normal-cluster_classifier_1000/cp-0011.hdf5
 - 3s - loss: 1.0088 - acc: 0.6689 - val_loss: 0.8583 - val_acc: 0.7058
Epoch 12/50

Epoch 00012: saving model to models/mnist_vae_e300_L2_b64/normal-cluster_classifier_1000/cp-0012.hdf5
 - 3s - loss: 0.8869 - acc: 0.7158 - val_loss: 0.7783 - val_acc: 0.7373
Epoch 13/50

Epoch 00013: saving model to models/mnist_vae_e300_L2_b64/normal-cluster_classifier_1000/cp-0013.hdf5
 - 3s - loss: 0.8134 - acc: 0.7354 - val_loss: 0.7032 - val_acc: 0.7746
Epoch 14/50

Epoch 00014: saving model to models/mnist_vae_e300_L2_b64/normal-cluster_classifier_1000/cp-0014.hdf5
 - 3s - loss: 0.6588 - acc: 0.7812 - val_loss: 0.5932 - val_acc: 0.8056
Epoch 15/50

Epoch 00015: saving model to models/mnist_vae_e300_L2_b64/normal-cluster_classifier_1000/cp-0015.hdf5
 - 3s - loss: 0.6515 - acc: 0.7842 - val_loss: 0.5547 - val_acc: 0.8185
Epoch 16/50

Epoch 00016: saving model to models/mnist_vae_e300_L2_b64/normal-cluster_classifier_1000/cp-0016.hdf5
 - 3s - loss: 0.5126 - acc: 0.8438 - val_loss: 0.4885 - val_acc: 0.8435
Epoch 17/50

Epoch 00017: saving model to models/mnist_vae_e300_L2_b64/normal-cluster_classifier_1000/cp-0017.hdf5
 - 3s - loss: 0.4665 - acc: 0.8594 - val_loss: 0.5572 - val_acc: 0.8249
Epoch 18/50

Epoch 00018: saving model to models/mnist_vae_e300_L2_b64/normal-cluster_classifier_1000/cp-0018.hdf5
 - 3s - loss: 0.4329 - acc: 0.8633 - val_loss: 0.5208 - val_acc: 0.8170
Epoch 19/50

Epoch 00019: saving model to models/mnist_vae_e300_L2_b64/normal-cluster_classifier_1000/cp-0019.hdf5
 - 3s - loss: 0.3866 - acc: 0.8779 - val_loss: 0.3843 - val_acc: 0.8789
Epoch 20/50

Epoch 00020: saving model to models/mnist_vae_e300_L2_b64/normal-cluster_classifier_1000/cp-0020.hdf5
 - 3s - loss: 0.2926 - acc: 0.9131 - val_loss: 0.4307 - val_acc: 0.8581
Epoch 21/50

Epoch 00021: saving model to models/mnist_vae_e300_L2_b64/normal-cluster_classifier_1000/cp-0021.hdf5
 - 3s - loss: 0.3172 - acc: 0.9033 - val_loss: 0.3771 - val_acc: 0.8875
Epoch 22/50

Epoch 00022: saving model to models/mnist_vae_e300_L2_b64/normal-cluster_classifier_1000/cp-0022.hdf5
 - 3s - loss: 0.2843 - acc: 0.9209 - val_loss: 0.3768 - val_acc: 0.8772
Epoch 23/50

Epoch 00023: saving model to models/mnist_vae_e300_L2_b64/normal-cluster_classifier_1000/cp-0023.hdf5
 - 3s - loss: 0.2427 - acc: 0.9238 - val_loss: 0.3587 - val_acc: 0.8853
Epoch 24/50

Epoch 00024: saving model to models/mnist_vae_e300_L2_b64/normal-cluster_classifier_1000/cp-0024.hdf5
 - 3s - loss: 0.2372 - acc: 0.9248 - val_loss: 0.3472 - val_acc: 0.8940
Epoch 25/50

Epoch 00025: saving model to models/mnist_vae_e300_L2_b64/normal-cluster_classifier_1000/cp-0025.hdf5
 - 3s - loss: 0.1772 - acc: 0.9473 - val_loss: 0.3751 - val_acc: 0.8913
Epoch 26/50

Epoch 00026: saving model to models/mnist_vae_e300_L2_b64/normal-cluster_classifier_1000/cp-0026.hdf5
 - 3s - loss: 0.1916 - acc: 0.9365 - val_loss: 0.3171 - val_acc: 0.9051
Epoch 27/50

Epoch 00027: saving model to models/mnist_vae_e300_L2_b64/normal-cluster_classifier_1000/cp-0027.hdf5
 - 3s - loss: 0.1617 - acc: 0.9541 - val_loss: 0.3223 - val_acc: 0.9041
Epoch 28/50

Epoch 00028: saving model to models/mnist_vae_e300_L2_b64/normal-cluster_classifier_1000/cp-0028.hdf5
 - 3s - loss: 0.1439 - acc: 0.9570 - val_loss: 0.3689 - val_acc: 0.8899
Epoch 29/50

Epoch 00029: saving model to models/mnist_vae_e300_L2_b64/normal-cluster_classifier_1000/cp-0029.hdf5
 - 3s - loss: 0.1365 - acc: 0.9600 - val_loss: 0.3315 - val_acc: 0.9065
Epoch 30/50

Epoch 00030: saving model to models/mnist_vae_e300_L2_b64/normal-cluster_classifier_1000/cp-0030.hdf5
 - 3s - loss: 0.1302 - acc: 0.9580 - val_loss: 0.3507 - val_acc: 0.8981
Epoch 31/50

Epoch 00031: saving model to models/mnist_vae_e300_L2_b64/normal-cluster_classifier_1000/cp-0031.hdf5
 - 3s - loss: 0.1129 - acc: 0.9639 - val_loss: 0.3457 - val_acc: 0.9034
Epoch 32/50

Epoch 00032: saving model to models/mnist_vae_e300_L2_b64/normal-cluster_classifier_1000/cp-0032.hdf5
 - 3s - loss: 0.1108 - acc: 0.9668 - val_loss: 0.3322 - val_acc: 0.9068
Epoch 33/50

Epoch 00033: saving model to models/mnist_vae_e300_L2_b64/normal-cluster_classifier_1000/cp-0033.hdf5
 - 3s - loss: 0.0848 - acc: 0.9785 - val_loss: 0.3518 - val_acc: 0.9043
Epoch 34/50

Epoch 00034: saving model to models/mnist_vae_e300_L2_b64/normal-cluster_classifier_1000/cp-0034.hdf5
 - 3s - loss: 0.0726 - acc: 0.9844 - val_loss: 0.3785 - val_acc: 0.9003
Epoch 35/50

Epoch 00035: saving model to models/mnist_vae_e300_L2_b64/normal-cluster_classifier_1000/cp-0035.hdf5
 - 3s - loss: 0.0555 - acc: 0.9863 - val_loss: 0.3687 - val_acc: 0.9045
Epoch 36/50

Epoch 00036: saving model to models/mnist_vae_e300_L2_b64/normal-cluster_classifier_1000/cp-0036.hdf5
 - 3s - loss: 0.0736 - acc: 0.9746 - val_loss: 0.3525 - val_acc: 0.9087
Epoch 37/50

Epoch 00037: saving model to models/mnist_vae_e300_L2_b64/normal-cluster_classifier_1000/cp-0037.hdf5
 - 3s - loss: 0.0666 - acc: 0.9824 - val_loss: 0.3641 - val_acc: 0.9046
Epoch 38/50

Epoch 00038: saving model to models/mnist_vae_e300_L2_b64/normal-cluster_classifier_1000/cp-0038.hdf5
 - 3s - loss: 0.0658 - acc: 0.9775 - val_loss: 0.3988 - val_acc: 0.8968
Epoch 39/50

Epoch 00039: saving model to models/mnist_vae_e300_L2_b64/normal-cluster_classifier_1000/cp-0039.hdf5
 - 3s - loss: 0.0532 - acc: 0.9863 - val_loss: 0.3749 - val_acc: 0.9045
Epoch 40/50

Epoch 00040: saving model to models/mnist_vae_e300_L2_b64/normal-cluster_classifier_1000/cp-0040.hdf5
 - 3s - loss: 0.0628 - acc: 0.9824 - val_loss: 0.3749 - val_acc: 0.9044
Epoch 41/50

Epoch 00041: saving model to models/mnist_vae_e300_L2_b64/normal-cluster_classifier_1000/cp-0041.hdf5
 - 3s - loss: 0.0467 - acc: 0.9834 - val_loss: 0.3773 - val_acc: 0.9071
Epoch 42/50

Epoch 00042: saving model to models/mnist_vae_e300_L2_b64/normal-cluster_classifier_1000/cp-0042.hdf5
 - 3s - loss: 0.0467 - acc: 0.9873 - val_loss: 0.3924 - val_acc: 0.9039
Epoch 43/50

Epoch 00043: saving model to models/mnist_vae_e300_L2_b64/normal-cluster_classifier_1000/cp-0043.hdf5
 - 3s - loss: 0.0417 - acc: 0.9893 - val_loss: 0.3862 - val_acc: 0.9051
Epoch 44/50

Epoch 00044: saving model to models/mnist_vae_e300_L2_b64/normal-cluster_classifier_1000/cp-0044.hdf5
 - 3s - loss: 0.0296 - acc: 0.9951 - val_loss: 0.3738 - val_acc: 0.9073
Epoch 45/50

Epoch 00045: saving model to models/mnist_vae_e300_L2_b64/normal-cluster_classifier_1000/cp-0045.hdf5
 - 3s - loss: 0.0305 - acc: 0.9922 - val_loss: 0.3827 - val_acc: 0.9076
Epoch 46/50

Epoch 00046: saving model to models/mnist_vae_e300_L2_b64/normal-cluster_classifier_1000/cp-0046.hdf5
 - 3s - loss: 0.0268 - acc: 0.9941 - val_loss: 0.3893 - val_acc: 0.9079
Epoch 47/50

Epoch 00047: saving model to models/mnist_vae_e300_L2_b64/normal-cluster_classifier_1000/cp-0047.hdf5
 - 3s - loss: 0.0392 - acc: 0.9893 - val_loss: 0.4053 - val_acc: 0.9053
Epoch 48/50

Epoch 00048: saving model to models/mnist_vae_e300_L2_b64/normal-cluster_classifier_1000/cp-0048.hdf5
 - 3s - loss: 0.0268 - acc: 0.9922 - val_loss: 0.4021 - val_acc: 0.9068
Epoch 49/50

Epoch 00049: saving model to models/mnist_vae_e300_L2_b64/normal-cluster_classifier_1000/cp-0049.hdf5
 - 3s - loss: 0.0360 - acc: 0.9902 - val_loss: 0.4074 - val_acc: 0.9092
Epoch 50/50

Epoch 00050: saving model to models/mnist_vae_e300_L2_b64/normal-cluster_classifier_1000/cp-0050.hdf5
 - 3s - loss: 0.0272 - acc: 0.9902 - val_loss: 0.4063 - val_acc: 0.9060
Epoch 1/50

Epoch 00001: saving model to models/mnist_vae_e300_L2_b64/multi-normal-cluster_classifier_1000/cp-0001.hdf5
 - 6s - loss: 2.3004 - acc: 0.1191 - val_loss: 2.2983 - val_acc: 0.1777
Epoch 2/50

Epoch 00002: saving model to models/mnist_vae_e300_L2_b64/multi-normal-cluster_classifier_1000/cp-0002.hdf5
 - 3s - loss: 2.2960 - acc: 0.1445 - val_loss: 2.2926 - val_acc: 0.1763
Epoch 3/50

Epoch 00003: saving model to models/mnist_vae_e300_L2_b64/multi-normal-cluster_classifier_1000/cp-0003.hdf5
 - 3s - loss: 2.2873 - acc: 0.1699 - val_loss: 2.2791 - val_acc: 0.1052
Epoch 4/50

Epoch 00004: saving model to models/mnist_vae_e300_L2_b64/multi-normal-cluster_classifier_1000/cp-0004.hdf5
 - 3s - loss: 2.2602 - acc: 0.1445 - val_loss: 2.2395 - val_acc: 0.1847
Epoch 5/50

Epoch 00005: saving model to models/mnist_vae_e300_L2_b64/multi-normal-cluster_classifier_1000/cp-0005.hdf5
 - 3s - loss: 2.1784 - acc: 0.2090 - val_loss: 2.0326 - val_acc: 0.3730
Epoch 6/50

Epoch 00006: saving model to models/mnist_vae_e300_L2_b64/multi-normal-cluster_classifier_1000/cp-0006.hdf5
 - 3s - loss: 1.8064 - acc: 0.4248 - val_loss: 1.4984 - val_acc: 0.5157
Epoch 7/50

Epoch 00007: saving model to models/mnist_vae_e300_L2_b64/multi-normal-cluster_classifier_1000/cp-0007.hdf5
 - 3s - loss: 1.3779 - acc: 0.5312 - val_loss: 0.8253 - val_acc: 0.7651
Epoch 8/50

Epoch 00008: saving model to models/mnist_vae_e300_L2_b64/multi-normal-cluster_classifier_1000/cp-0008.hdf5
 - 3s - loss: 1.1521 - acc: 0.6025 - val_loss: 0.6183 - val_acc: 0.8215
Epoch 9/50

Epoch 00009: saving model to models/mnist_vae_e300_L2_b64/multi-normal-cluster_classifier_1000/cp-0009.hdf5
 - 3s - loss: 0.9562 - acc: 0.6865 - val_loss: 0.5051 - val_acc: 0.8595
Epoch 10/50

Epoch 00010: saving model to models/mnist_vae_e300_L2_b64/multi-normal-cluster_classifier_1000/cp-0010.hdf5
 - 3s - loss: 0.7397 - acc: 0.7656 - val_loss: 0.4789 - val_acc: 0.8646
Epoch 11/50

Epoch 00011: saving model to models/mnist_vae_e300_L2_b64/multi-normal-cluster_classifier_1000/cp-0011.hdf5
 - 3s - loss: 0.7397 - acc: 0.7451 - val_loss: 0.4764 - val_acc: 0.8527
Epoch 12/50

Epoch 00012: saving model to models/mnist_vae_e300_L2_b64/multi-normal-cluster_classifier_1000/cp-0012.hdf5
 - 3s - loss: 0.6246 - acc: 0.7871 - val_loss: 0.3859 - val_acc: 0.8896
Epoch 13/50

Epoch 00013: saving model to models/mnist_vae_e300_L2_b64/multi-normal-cluster_classifier_1000/cp-0013.hdf5
 - 3s - loss: 0.5333 - acc: 0.8223 - val_loss: 0.3203 - val_acc: 0.9001
Epoch 14/50

Epoch 00014: saving model to models/mnist_vae_e300_L2_b64/multi-normal-cluster_classifier_1000/cp-0014.hdf5
 - 3s - loss: 0.4759 - acc: 0.8477 - val_loss: 0.2908 - val_acc: 0.9130
Epoch 15/50

Epoch 00015: saving model to models/mnist_vae_e300_L2_b64/multi-normal-cluster_classifier_1000/cp-0015.hdf5
 - 3s - loss: 0.4703 - acc: 0.8428 - val_loss: 0.3369 - val_acc: 0.8938
Epoch 16/50

Epoch 00016: saving model to models/mnist_vae_e300_L2_b64/multi-normal-cluster_classifier_1000/cp-0016.hdf5
 - 3s - loss: 0.3861 - acc: 0.8818 - val_loss: 0.2463 - val_acc: 0.9275
Epoch 17/50

Epoch 00017: saving model to models/mnist_vae_e300_L2_b64/multi-normal-cluster_classifier_1000/cp-0017.hdf5
 - 3s - loss: 0.3639 - acc: 0.8828 - val_loss: 0.3020 - val_acc: 0.9042
Epoch 18/50

Epoch 00018: saving model to models/mnist_vae_e300_L2_b64/multi-normal-cluster_classifier_1000/cp-0018.hdf5
 - 3s - loss: 0.3276 - acc: 0.8848 - val_loss: 0.2542 - val_acc: 0.9205
Epoch 19/50

Epoch 00019: saving model to models/mnist_vae_e300_L2_b64/multi-normal-cluster_classifier_1000/cp-0019.hdf5
 - 3s - loss: 0.3127 - acc: 0.8965 - val_loss: 0.2441 - val_acc: 0.9233
Epoch 20/50

Epoch 00020: saving model to models/mnist_vae_e300_L2_b64/multi-normal-cluster_classifier_1000/cp-0020.hdf5
 - 3s - loss: 0.2398 - acc: 0.9121 - val_loss: 0.2408 - val_acc: 0.9264
Epoch 21/50

Epoch 00021: saving model to models/mnist_vae_e300_L2_b64/multi-normal-cluster_classifier_1000/cp-0021.hdf5
 - 3s - loss: 0.2513 - acc: 0.9150 - val_loss: 0.2657 - val_acc: 0.9211
Epoch 22/50

Epoch 00022: saving model to models/mnist_vae_e300_L2_b64/multi-normal-cluster_classifier_1000/cp-0022.hdf5
 - 3s - loss: 0.2215 - acc: 0.9268 - val_loss: 0.2129 - val_acc: 0.9353
Epoch 23/50

Epoch 00023: saving model to models/mnist_vae_e300_L2_b64/multi-normal-cluster_classifier_1000/cp-0023.hdf5
 - 3s - loss: 0.1972 - acc: 0.9307 - val_loss: 0.2353 - val_acc: 0.9297
Epoch 24/50

Epoch 00024: saving model to models/mnist_vae_e300_L2_b64/multi-normal-cluster_classifier_1000/cp-0024.hdf5
 - 3s - loss: 0.1762 - acc: 0.9414 - val_loss: 0.2034 - val_acc: 0.9388
Epoch 25/50

Epoch 00025: saving model to models/mnist_vae_e300_L2_b64/multi-normal-cluster_classifier_1000/cp-0025.hdf5
 - 3s - loss: 0.1519 - acc: 0.9434 - val_loss: 0.2217 - val_acc: 0.9321
Epoch 26/50

Epoch 00026: saving model to models/mnist_vae_e300_L2_b64/multi-normal-cluster_classifier_1000/cp-0026.hdf5
 - 3s - loss: 0.1569 - acc: 0.9453 - val_loss: 0.2086 - val_acc: 0.9372
Epoch 27/50

Epoch 00027: saving model to models/mnist_vae_e300_L2_b64/multi-normal-cluster_classifier_1000/cp-0027.hdf5
 - 3s - loss: 0.1498 - acc: 0.9473 - val_loss: 0.2192 - val_acc: 0.9365
Epoch 28/50

Epoch 00028: saving model to models/mnist_vae_e300_L2_b64/multi-normal-cluster_classifier_1000/cp-0028.hdf5
 - 3s - loss: 0.1413 - acc: 0.9502 - val_loss: 0.2182 - val_acc: 0.9368
Epoch 29/50

Epoch 00029: saving model to models/mnist_vae_e300_L2_b64/multi-normal-cluster_classifier_1000/cp-0029.hdf5
 - 3s - loss: 0.1214 - acc: 0.9668 - val_loss: 0.2395 - val_acc: 0.9349
Epoch 30/50

Epoch 00030: saving model to models/mnist_vae_e300_L2_b64/multi-normal-cluster_classifier_1000/cp-0030.hdf5
 - 3s - loss: 0.1059 - acc: 0.9609 - val_loss: 0.2169 - val_acc: 0.9366
Epoch 31/50

Epoch 00031: saving model to models/mnist_vae_e300_L2_b64/multi-normal-cluster_classifier_1000/cp-0031.hdf5
 - 3s - loss: 0.1018 - acc: 0.9668 - val_loss: 0.2423 - val_acc: 0.9332
Epoch 32/50

Epoch 00032: saving model to models/mnist_vae_e300_L2_b64/multi-normal-cluster_classifier_1000/cp-0032.hdf5
 - 3s - loss: 0.0904 - acc: 0.9697 - val_loss: 0.2119 - val_acc: 0.9416
Epoch 33/50

Epoch 00033: saving model to models/mnist_vae_e300_L2_b64/multi-normal-cluster_classifier_1000/cp-0033.hdf5
 - 3s - loss: 0.0908 - acc: 0.9648 - val_loss: 0.2205 - val_acc: 0.9394
Epoch 34/50

Epoch 00034: saving model to models/mnist_vae_e300_L2_b64/multi-normal-cluster_classifier_1000/cp-0034.hdf5
 - 3s - loss: 0.0854 - acc: 0.9678 - val_loss: 0.2207 - val_acc: 0.9400
Epoch 35/50

Epoch 00035: saving model to models/mnist_vae_e300_L2_b64/multi-normal-cluster_classifier_1000/cp-0035.hdf5
 - 3s - loss: 0.0869 - acc: 0.9678 - val_loss: 0.2146 - val_acc: 0.9416
Epoch 36/50

Epoch 00036: saving model to models/mnist_vae_e300_L2_b64/multi-normal-cluster_classifier_1000/cp-0036.hdf5
 - 3s - loss: 0.0750 - acc: 0.9766 - val_loss: 0.2177 - val_acc: 0.9407
Epoch 37/50

Epoch 00037: saving model to models/mnist_vae_e300_L2_b64/multi-normal-cluster_classifier_1000/cp-0037.hdf5
 - 3s - loss: 0.0841 - acc: 0.9795 - val_loss: 0.2156 - val_acc: 0.9431
Epoch 38/50

Epoch 00038: saving model to models/mnist_vae_e300_L2_b64/multi-normal-cluster_classifier_1000/cp-0038.hdf5
 - 3s - loss: 0.0707 - acc: 0.9746 - val_loss: 0.2142 - val_acc: 0.9443
Epoch 39/50

Epoch 00039: saving model to models/mnist_vae_e300_L2_b64/multi-normal-cluster_classifier_1000/cp-0039.hdf5
 - 3s - loss: 0.0677 - acc: 0.9775 - val_loss: 0.2367 - val_acc: 0.9396
Epoch 40/50

Epoch 00040: saving model to models/mnist_vae_e300_L2_b64/multi-normal-cluster_classifier_1000/cp-0040.hdf5
 - 3s - loss: 0.0482 - acc: 0.9834 - val_loss: 0.2195 - val_acc: 0.9440
Epoch 41/50

Epoch 00041: saving model to models/mnist_vae_e300_L2_b64/multi-normal-cluster_classifier_1000/cp-0041.hdf5
 - 3s - loss: 0.0582 - acc: 0.9873 - val_loss: 0.2236 - val_acc: 0.9424
Epoch 42/50

Epoch 00042: saving model to models/mnist_vae_e300_L2_b64/multi-normal-cluster_classifier_1000/cp-0042.hdf5
 - 3s - loss: 0.0632 - acc: 0.9795 - val_loss: 0.2358 - val_acc: 0.9418
Epoch 43/50

Epoch 00043: saving model to models/mnist_vae_e300_L2_b64/multi-normal-cluster_classifier_1000/cp-0043.hdf5
 - 3s - loss: 0.0445 - acc: 0.9834 - val_loss: 0.2232 - val_acc: 0.9453
Epoch 44/50

Epoch 00044: saving model to models/mnist_vae_e300_L2_b64/multi-normal-cluster_classifier_1000/cp-0044.hdf5
 - 3s - loss: 0.0453 - acc: 0.9883 - val_loss: 0.2385 - val_acc: 0.9418
Epoch 45/50

Epoch 00045: saving model to models/mnist_vae_e300_L2_b64/multi-normal-cluster_classifier_1000/cp-0045.hdf5
 - 3s - loss: 0.0439 - acc: 0.9873 - val_loss: 0.2294 - val_acc: 0.9437
Epoch 46/50

Epoch 00046: saving model to models/mnist_vae_e300_L2_b64/multi-normal-cluster_classifier_1000/cp-0046.hdf5
 - 3s - loss: 0.0478 - acc: 0.9834 - val_loss: 0.2318 - val_acc: 0.9430
Epoch 47/50

Epoch 00047: saving model to models/mnist_vae_e300_L2_b64/multi-normal-cluster_classifier_1000/cp-0047.hdf5
 - 3s - loss: 0.0361 - acc: 0.9912 - val_loss: 0.2383 - val_acc: 0.9434
Epoch 48/50

Epoch 00048: saving model to models/mnist_vae_e300_L2_b64/multi-normal-cluster_classifier_1000/cp-0048.hdf5
 - 3s - loss: 0.0486 - acc: 0.9824 - val_loss: 0.2497 - val_acc: 0.9415
Epoch 49/50

Epoch 00049: saving model to models/mnist_vae_e300_L2_b64/multi-normal-cluster_classifier_1000/cp-0049.hdf5
 - 3s - loss: 0.0421 - acc: 0.9844 - val_loss: 0.2376 - val_acc: 0.9457
Epoch 50/50

Epoch 00050: saving model to models/mnist_vae_e300_L2_b64/multi-normal-cluster_classifier_1000/cp-0050.hdf5
 - 3s - loss: 0.0310 - acc: 0.9902 - val_loss: 0.2415 - val_acc: 0.9443
Epoch 1/50

Epoch 00001: saving model to models/mnist_vae_e300_L2_b64/error_classifier_1000/cp-0001.hdf5
 - 5s - loss: 2.3017 - acc: 0.1016 - val_loss: 2.3001 - val_acc: 0.1018
Epoch 2/50

Epoch 00002: saving model to models/mnist_vae_e300_L2_b64/error_classifier_1000/cp-0002.hdf5
 - 3s - loss: 2.2986 - acc: 0.1221 - val_loss: 2.2962 - val_acc: 0.1051
Epoch 3/50

Epoch 00003: saving model to models/mnist_vae_e300_L2_b64/error_classifier_1000/cp-0003.hdf5
 - 3s - loss: 2.2935 - acc: 0.1221 - val_loss: 2.2894 - val_acc: 0.1007
Epoch 4/50

Epoch 00004: saving model to models/mnist_vae_e300_L2_b64/error_classifier_1000/cp-0004.hdf5
 - 3s - loss: 2.2826 - acc: 0.1230 - val_loss: 2.2730 - val_acc: 0.1007
Epoch 5/50

Epoch 00005: saving model to models/mnist_vae_e300_L2_b64/error_classifier_1000/cp-0005.hdf5
 - 3s - loss: 2.2558 - acc: 0.1172 - val_loss: 2.2162 - val_acc: 0.1384
Epoch 6/50

Epoch 00006: saving model to models/mnist_vae_e300_L2_b64/error_classifier_1000/cp-0006.hdf5
 - 3s - loss: 2.0899 - acc: 0.3369 - val_loss: 1.7402 - val_acc: 0.5970
Epoch 7/50

Epoch 00007: saving model to models/mnist_vae_e300_L2_b64/error_classifier_1000/cp-0007.hdf5
 - 3s - loss: 1.4286 - acc: 0.5400 - val_loss: 1.1650 - val_acc: 0.6392
Epoch 8/50

Epoch 00008: saving model to models/mnist_vae_e300_L2_b64/error_classifier_1000/cp-0008.hdf5
 - 3s - loss: 0.9733 - acc: 0.6807 - val_loss: 0.8944 - val_acc: 0.7217
Epoch 9/50

Epoch 00009: saving model to models/mnist_vae_e300_L2_b64/error_classifier_1000/cp-0009.hdf5
 - 3s - loss: 0.7805 - acc: 0.7549 - val_loss: 0.5316 - val_acc: 0.8396
Epoch 10/50

Epoch 00010: saving model to models/mnist_vae_e300_L2_b64/error_classifier_1000/cp-0010.hdf5
 - 3s - loss: 0.6264 - acc: 0.8076 - val_loss: 0.5476 - val_acc: 0.8270
Epoch 11/50

Epoch 00011: saving model to models/mnist_vae_e300_L2_b64/error_classifier_1000/cp-0011.hdf5
 - 3s - loss: 0.5215 - acc: 0.8281 - val_loss: 0.4530 - val_acc: 0.8621
Epoch 12/50

Epoch 00012: saving model to models/mnist_vae_e300_L2_b64/error_classifier_1000/cp-0012.hdf5
 - 3s - loss: 0.4560 - acc: 0.8467 - val_loss: 0.4459 - val_acc: 0.8546
Epoch 13/50

Epoch 00013: saving model to models/mnist_vae_e300_L2_b64/error_classifier_1000/cp-0013.hdf5
 - 3s - loss: 0.4498 - acc: 0.8516 - val_loss: 0.3760 - val_acc: 0.8883
Epoch 14/50

Epoch 00014: saving model to models/mnist_vae_e300_L2_b64/error_classifier_1000/cp-0014.hdf5
 - 3s - loss: 0.3636 - acc: 0.8887 - val_loss: 0.3359 - val_acc: 0.8962
Epoch 15/50

Epoch 00015: saving model to models/mnist_vae_e300_L2_b64/error_classifier_1000/cp-0015.hdf5
 - 3s - loss: 0.3139 - acc: 0.9053 - val_loss: 0.3151 - val_acc: 0.9024
Epoch 16/50

Epoch 00016: saving model to models/mnist_vae_e300_L2_b64/error_classifier_1000/cp-0016.hdf5
 - 3s - loss: 0.3002 - acc: 0.9092 - val_loss: 0.3519 - val_acc: 0.8935
Epoch 17/50

Epoch 00017: saving model to models/mnist_vae_e300_L2_b64/error_classifier_1000/cp-0017.hdf5
 - 3s - loss: 0.2964 - acc: 0.9043 - val_loss: 0.3139 - val_acc: 0.9008
Epoch 18/50

Epoch 00018: saving model to models/mnist_vae_e300_L2_b64/error_classifier_1000/cp-0018.hdf5
 - 3s - loss: 0.2698 - acc: 0.9189 - val_loss: 0.2947 - val_acc: 0.9087
Epoch 19/50

Epoch 00019: saving model to models/mnist_vae_e300_L2_b64/error_classifier_1000/cp-0019.hdf5
 - 3s - loss: 0.2443 - acc: 0.9219 - val_loss: 0.2669 - val_acc: 0.9206
Epoch 20/50

Epoch 00020: saving model to models/mnist_vae_e300_L2_b64/error_classifier_1000/cp-0020.hdf5
 - 3s - loss: 0.2071 - acc: 0.9268 - val_loss: 0.2686 - val_acc: 0.9219
Epoch 21/50

Epoch 00021: saving model to models/mnist_vae_e300_L2_b64/error_classifier_1000/cp-0021.hdf5
 - 3s - loss: 0.1998 - acc: 0.9316 - val_loss: 0.2697 - val_acc: 0.9196
Epoch 22/50

Epoch 00022: saving model to models/mnist_vae_e300_L2_b64/error_classifier_1000/cp-0022.hdf5
 - 3s - loss: 0.1917 - acc: 0.9316 - val_loss: 0.2746 - val_acc: 0.9140
Epoch 23/50

Epoch 00023: saving model to models/mnist_vae_e300_L2_b64/error_classifier_1000/cp-0023.hdf5
 - 3s - loss: 0.1858 - acc: 0.9424 - val_loss: 0.2679 - val_acc: 0.9186
Epoch 24/50

Epoch 00024: saving model to models/mnist_vae_e300_L2_b64/error_classifier_1000/cp-0024.hdf5
 - 3s - loss: 0.1497 - acc: 0.9521 - val_loss: 0.2508 - val_acc: 0.9216
Epoch 25/50

Epoch 00025: saving model to models/mnist_vae_e300_L2_b64/error_classifier_1000/cp-0025.hdf5
 - 3s - loss: 0.1444 - acc: 0.9443 - val_loss: 0.2569 - val_acc: 0.9237
Epoch 26/50

Epoch 00026: saving model to models/mnist_vae_e300_L2_b64/error_classifier_1000/cp-0026.hdf5
 - 3s - loss: 0.1505 - acc: 0.9395 - val_loss: 0.2540 - val_acc: 0.9269
Epoch 27/50

Epoch 00027: saving model to models/mnist_vae_e300_L2_b64/error_classifier_1000/cp-0027.hdf5
 - 3s - loss: 0.0974 - acc: 0.9678 - val_loss: 0.2668 - val_acc: 0.9198
Epoch 28/50

Epoch 00028: saving model to models/mnist_vae_e300_L2_b64/error_classifier_1000/cp-0028.hdf5
 - 3s - loss: 0.1199 - acc: 0.9580 - val_loss: 0.2323 - val_acc: 0.9327
Epoch 29/50

Epoch 00029: saving model to models/mnist_vae_e300_L2_b64/error_classifier_1000/cp-0029.hdf5
 - 3s - loss: 0.1065 - acc: 0.9629 - val_loss: 0.2459 - val_acc: 0.9269
Epoch 30/50

Epoch 00030: saving model to models/mnist_vae_e300_L2_b64/error_classifier_1000/cp-0030.hdf5
 - 3s - loss: 0.0981 - acc: 0.9678 - val_loss: 0.2383 - val_acc: 0.9320
Epoch 31/50

Epoch 00031: saving model to models/mnist_vae_e300_L2_b64/error_classifier_1000/cp-0031.hdf5
 - 3s - loss: 0.1111 - acc: 0.9590 - val_loss: 0.2361 - val_acc: 0.9321
Epoch 32/50

Epoch 00032: saving model to models/mnist_vae_e300_L2_b64/error_classifier_1000/cp-0032.hdf5
 - 3s - loss: 0.0864 - acc: 0.9688 - val_loss: 0.2363 - val_acc: 0.9332
Epoch 33/50

Epoch 00033: saving model to models/mnist_vae_e300_L2_b64/error_classifier_1000/cp-0033.hdf5
 - 3s - loss: 0.0976 - acc: 0.9697 - val_loss: 0.2387 - val_acc: 0.9311
Epoch 34/50

Epoch 00034: saving model to models/mnist_vae_e300_L2_b64/error_classifier_1000/cp-0034.hdf5
 - 3s - loss: 0.0837 - acc: 0.9746 - val_loss: 0.2373 - val_acc: 0.9340
Epoch 35/50

Epoch 00035: saving model to models/mnist_vae_e300_L2_b64/error_classifier_1000/cp-0035.hdf5
 - 3s - loss: 0.0830 - acc: 0.9746 - val_loss: 0.2383 - val_acc: 0.9336
Epoch 36/50

Epoch 00036: saving model to models/mnist_vae_e300_L2_b64/error_classifier_1000/cp-0036.hdf5
 - 3s - loss: 0.0678 - acc: 0.9795 - val_loss: 0.2416 - val_acc: 0.9316
Epoch 37/50

Epoch 00037: saving model to models/mnist_vae_e300_L2_b64/error_classifier_1000/cp-0037.hdf5
 - 3s - loss: 0.0655 - acc: 0.9785 - val_loss: 0.2403 - val_acc: 0.9342
Epoch 38/50

Epoch 00038: saving model to models/mnist_vae_e300_L2_b64/error_classifier_1000/cp-0038.hdf5
 - 3s - loss: 0.0624 - acc: 0.9805 - val_loss: 0.2443 - val_acc: 0.9336
Epoch 39/50

Epoch 00039: saving model to models/mnist_vae_e300_L2_b64/error_classifier_1000/cp-0039.hdf5
 - 3s - loss: 0.0653 - acc: 0.9795 - val_loss: 0.2479 - val_acc: 0.9330
Epoch 40/50

Epoch 00040: saving model to models/mnist_vae_e300_L2_b64/error_classifier_1000/cp-0040.hdf5
 - 3s - loss: 0.0634 - acc: 0.9814 - val_loss: 0.2381 - val_acc: 0.9345
Epoch 41/50

Epoch 00041: saving model to models/mnist_vae_e300_L2_b64/error_classifier_1000/cp-0041.hdf5
 - 3s - loss: 0.0595 - acc: 0.9854 - val_loss: 0.2510 - val_acc: 0.9358
Epoch 42/50

Epoch 00042: saving model to models/mnist_vae_e300_L2_b64/error_classifier_1000/cp-0042.hdf5
 - 3s - loss: 0.0719 - acc: 0.9688 - val_loss: 0.2427 - val_acc: 0.9350
Epoch 43/50

Epoch 00043: saving model to models/mnist_vae_e300_L2_b64/error_classifier_1000/cp-0043.hdf5
 - 3s - loss: 0.0538 - acc: 0.9854 - val_loss: 0.2522 - val_acc: 0.9318
Epoch 44/50

Epoch 00044: saving model to models/mnist_vae_e300_L2_b64/error_classifier_1000/cp-0044.hdf5
 - 3s - loss: 0.0449 - acc: 0.9893 - val_loss: 0.2294 - val_acc: 0.9395
Epoch 45/50

Epoch 00045: saving model to models/mnist_vae_e300_L2_b64/error_classifier_1000/cp-0045.hdf5
 - 3s - loss: 0.0456 - acc: 0.9844 - val_loss: 0.2462 - val_acc: 0.9373
Epoch 46/50

Epoch 00046: saving model to models/mnist_vae_e300_L2_b64/error_classifier_1000/cp-0046.hdf5
 - 3s - loss: 0.0458 - acc: 0.9854 - val_loss: 0.2501 - val_acc: 0.9348
Epoch 47/50

Epoch 00047: saving model to models/mnist_vae_e300_L2_b64/error_classifier_1000/cp-0047.hdf5
 - 3s - loss: 0.0328 - acc: 0.9912 - val_loss: 0.2474 - val_acc: 0.9376
Epoch 48/50

Epoch 00048: saving model to models/mnist_vae_e300_L2_b64/error_classifier_1000/cp-0048.hdf5
 - 3s - loss: 0.0450 - acc: 0.9863 - val_loss: 0.2516 - val_acc: 0.9361
Epoch 49/50

Epoch 00049: saving model to models/mnist_vae_e300_L2_b64/error_classifier_1000/cp-0049.hdf5
 - 3s - loss: 0.0397 - acc: 0.9883 - val_loss: 0.2392 - val_acc: 0.9388
Epoch 50/50

Epoch 00050: saving model to models/mnist_vae_e300_L2_b64/error_classifier_1000/cp-0050.hdf5
 - 3s - loss: 0.0393 - acc: 0.9854 - val_loss: 0.2463 - val_acc: 0.9382
Finished.
