Starting analysis...
Epoch 1/50

Epoch 00001: saving model to models/unbalanced_mnist_conv_e300_L2_b64/random_classifier_100/cp-0001.hdf5
 - 5s - loss: 2.2954 - acc: 0.1318 - val_loss: 2.2984 - val_acc: 0.1324
Epoch 2/50

Epoch 00002: saving model to models/unbalanced_mnist_conv_e300_L2_b64/random_classifier_100/cp-0002.hdf5
 - 3s - loss: 2.2660 - acc: 0.2158 - val_loss: 2.2907 - val_acc: 0.1023
Epoch 3/50

Epoch 00003: saving model to models/unbalanced_mnist_conv_e300_L2_b64/random_classifier_100/cp-0003.hdf5
 - 3s - loss: 2.1657 - acc: 0.2178 - val_loss: 2.3019 - val_acc: 0.2275
Epoch 4/50

Epoch 00004: saving model to models/unbalanced_mnist_conv_e300_L2_b64/random_classifier_100/cp-0004.hdf5
 - 3s - loss: 1.9681 - acc: 0.3613 - val_loss: 1.9552 - val_acc: 0.3111
Epoch 5/50

Epoch 00005: saving model to models/unbalanced_mnist_conv_e300_L2_b64/random_classifier_100/cp-0005.hdf5
 - 3s - loss: 1.3495 - acc: 0.5791 - val_loss: 2.2881 - val_acc: 0.3271
Epoch 6/50

Epoch 00006: saving model to models/unbalanced_mnist_conv_e300_L2_b64/random_classifier_100/cp-0006.hdf5
 - 3s - loss: 0.9765 - acc: 0.6982 - val_loss: 1.1663 - val_acc: 0.6138
Epoch 7/50

Epoch 00007: saving model to models/unbalanced_mnist_conv_e300_L2_b64/random_classifier_100/cp-0007.hdf5
 - 3s - loss: 0.5627 - acc: 0.8223 - val_loss: 1.0404 - val_acc: 0.6710
Epoch 8/50

Epoch 00008: saving model to models/unbalanced_mnist_conv_e300_L2_b64/random_classifier_100/cp-0008.hdf5
 - 3s - loss: 0.3504 - acc: 0.8730 - val_loss: 1.1570 - val_acc: 0.7052
Epoch 9/50

Epoch 00009: saving model to models/unbalanced_mnist_conv_e300_L2_b64/random_classifier_100/cp-0009.hdf5
 - 3s - loss: 0.2639 - acc: 0.9219 - val_loss: 1.2256 - val_acc: 0.6985
Epoch 10/50

Epoch 00010: saving model to models/unbalanced_mnist_conv_e300_L2_b64/random_classifier_100/cp-0010.hdf5
 - 3s - loss: 0.1054 - acc: 0.9746 - val_loss: 1.1530 - val_acc: 0.7571
Epoch 11/50

Epoch 00011: saving model to models/unbalanced_mnist_conv_e300_L2_b64/random_classifier_100/cp-0011.hdf5
 - 3s - loss: 0.0628 - acc: 0.9834 - val_loss: 1.2669 - val_acc: 0.7428
Epoch 12/50

Epoch 00012: saving model to models/unbalanced_mnist_conv_e300_L2_b64/random_classifier_100/cp-0012.hdf5
 - 3s - loss: 0.0458 - acc: 0.9873 - val_loss: 1.2932 - val_acc: 0.7584
Epoch 13/50

Epoch 00013: saving model to models/unbalanced_mnist_conv_e300_L2_b64/random_classifier_100/cp-0013.hdf5
 - 3s - loss: 0.0227 - acc: 0.9941 - val_loss: 1.3786 - val_acc: 0.7598
Epoch 14/50

Epoch 00014: saving model to models/unbalanced_mnist_conv_e300_L2_b64/random_classifier_100/cp-0014.hdf5
 - 3s - loss: 0.0258 - acc: 0.9951 - val_loss: 1.4232 - val_acc: 0.7604
Epoch 15/50

Epoch 00015: saving model to models/unbalanced_mnist_conv_e300_L2_b64/random_classifier_100/cp-0015.hdf5
 - 3s - loss: 0.0267 - acc: 0.9902 - val_loss: 1.4439 - val_acc: 0.7603
Epoch 16/50

Epoch 00016: saving model to models/unbalanced_mnist_conv_e300_L2_b64/random_classifier_100/cp-0016.hdf5
 - 3s - loss: 0.0164 - acc: 0.9961 - val_loss: 1.5031 - val_acc: 0.7574
Epoch 17/50

Epoch 00017: saving model to models/unbalanced_mnist_conv_e300_L2_b64/random_classifier_100/cp-0017.hdf5
 - 3s - loss: 0.0181 - acc: 0.9961 - val_loss: 1.5342 - val_acc: 0.7592
Epoch 18/50

Epoch 00018: saving model to models/unbalanced_mnist_conv_e300_L2_b64/random_classifier_100/cp-0018.hdf5
 - 3s - loss: 0.0081 - acc: 0.9980 - val_loss: 1.5269 - val_acc: 0.7627
Epoch 19/50

Epoch 00019: saving model to models/unbalanced_mnist_conv_e300_L2_b64/random_classifier_100/cp-0019.hdf5
 - 3s - loss: 0.0063 - acc: 0.9990 - val_loss: 1.5502 - val_acc: 0.7647
Epoch 20/50

Epoch 00020: saving model to models/unbalanced_mnist_conv_e300_L2_b64/random_classifier_100/cp-0020.hdf5
 - 3s - loss: 0.0073 - acc: 1.0000 - val_loss: 1.6641 - val_acc: 0.7590
Epoch 21/50

Epoch 00021: saving model to models/unbalanced_mnist_conv_e300_L2_b64/random_classifier_100/cp-0021.hdf5
 - 3s - loss: 0.0084 - acc: 0.9980 - val_loss: 1.6058 - val_acc: 0.7630
Epoch 22/50

Epoch 00022: saving model to models/unbalanced_mnist_conv_e300_L2_b64/random_classifier_100/cp-0022.hdf5
 - 3s - loss: 0.0056 - acc: 0.9990 - val_loss: 1.6389 - val_acc: 0.7561
Epoch 23/50

Epoch 00023: saving model to models/unbalanced_mnist_conv_e300_L2_b64/random_classifier_100/cp-0023.hdf5
 - 3s - loss: 0.0050 - acc: 1.0000 - val_loss: 1.6715 - val_acc: 0.7612
Epoch 24/50

Epoch 00024: saving model to models/unbalanced_mnist_conv_e300_L2_b64/random_classifier_100/cp-0024.hdf5
 - 3s - loss: 0.0096 - acc: 0.9951 - val_loss: 1.6920 - val_acc: 0.7599
Epoch 25/50

Epoch 00025: saving model to models/unbalanced_mnist_conv_e300_L2_b64/random_classifier_100/cp-0025.hdf5
 - 3s - loss: 0.0049 - acc: 1.0000 - val_loss: 1.7244 - val_acc: 0.7468
Epoch 26/50

Epoch 00026: saving model to models/unbalanced_mnist_conv_e300_L2_b64/random_classifier_100/cp-0026.hdf5
 - 3s - loss: 0.0050 - acc: 0.9990 - val_loss: 1.6977 - val_acc: 0.7619
Epoch 27/50

Epoch 00027: saving model to models/unbalanced_mnist_conv_e300_L2_b64/random_classifier_100/cp-0027.hdf5
 - 3s - loss: 0.0068 - acc: 0.9971 - val_loss: 1.6900 - val_acc: 0.7569
Epoch 28/50

Epoch 00028: saving model to models/unbalanced_mnist_conv_e300_L2_b64/random_classifier_100/cp-0028.hdf5
 - 3s - loss: 0.0035 - acc: 1.0000 - val_loss: 1.6387 - val_acc: 0.7679
Epoch 29/50

Epoch 00029: saving model to models/unbalanced_mnist_conv_e300_L2_b64/random_classifier_100/cp-0029.hdf5
 - 3s - loss: 0.0025 - acc: 1.0000 - val_loss: 1.6549 - val_acc: 0.7663
Epoch 30/50

Epoch 00030: saving model to models/unbalanced_mnist_conv_e300_L2_b64/random_classifier_100/cp-0030.hdf5
 - 3s - loss: 0.0027 - acc: 1.0000 - val_loss: 1.6796 - val_acc: 0.7609
Epoch 31/50

Epoch 00031: saving model to models/unbalanced_mnist_conv_e300_L2_b64/random_classifier_100/cp-0031.hdf5
 - 3s - loss: 0.0050 - acc: 0.9980 - val_loss: 1.7573 - val_acc: 0.7535
Epoch 32/50

Epoch 00032: saving model to models/unbalanced_mnist_conv_e300_L2_b64/random_classifier_100/cp-0032.hdf5
 - 3s - loss: 0.0037 - acc: 1.0000 - val_loss: 1.7366 - val_acc: 0.7598
Epoch 33/50

Epoch 00033: saving model to models/unbalanced_mnist_conv_e300_L2_b64/random_classifier_100/cp-0033.hdf5
 - 3s - loss: 0.0013 - acc: 1.0000 - val_loss: 1.7219 - val_acc: 0.7627
Epoch 34/50

Epoch 00034: saving model to models/unbalanced_mnist_conv_e300_L2_b64/random_classifier_100/cp-0034.hdf5
 - 3s - loss: 0.0047 - acc: 0.9990 - val_loss: 1.7349 - val_acc: 0.7604
Epoch 35/50

Epoch 00035: saving model to models/unbalanced_mnist_conv_e300_L2_b64/random_classifier_100/cp-0035.hdf5
 - 3s - loss: 0.0024 - acc: 1.0000 - val_loss: 1.7240 - val_acc: 0.7625
Epoch 36/50

Epoch 00036: saving model to models/unbalanced_mnist_conv_e300_L2_b64/random_classifier_100/cp-0036.hdf5
 - 3s - loss: 0.0023 - acc: 1.0000 - val_loss: 1.7475 - val_acc: 0.7674
Epoch 37/50

Epoch 00037: saving model to models/unbalanced_mnist_conv_e300_L2_b64/random_classifier_100/cp-0037.hdf5
 - 3s - loss: 0.0053 - acc: 0.9990 - val_loss: 1.6958 - val_acc: 0.7664
Epoch 38/50

Epoch 00038: saving model to models/unbalanced_mnist_conv_e300_L2_b64/random_classifier_100/cp-0038.hdf5
 - 3s - loss: 0.0036 - acc: 1.0000 - val_loss: 1.8198 - val_acc: 0.7595
Epoch 39/50

Epoch 00039: saving model to models/unbalanced_mnist_conv_e300_L2_b64/random_classifier_100/cp-0039.hdf5
 - 3s - loss: 0.0021 - acc: 1.0000 - val_loss: 1.7768 - val_acc: 0.7610
Epoch 40/50

Epoch 00040: saving model to models/unbalanced_mnist_conv_e300_L2_b64/random_classifier_100/cp-0040.hdf5
 - 3s - loss: 0.0038 - acc: 0.9980 - val_loss: 1.8403 - val_acc: 0.7518
Epoch 41/50

Epoch 00041: saving model to models/unbalanced_mnist_conv_e300_L2_b64/random_classifier_100/cp-0041.hdf5
 - 3s - loss: 0.0026 - acc: 0.9990 - val_loss: 1.7576 - val_acc: 0.7651
Epoch 42/50

Epoch 00042: saving model to models/unbalanced_mnist_conv_e300_L2_b64/random_classifier_100/cp-0042.hdf5
 - 3s - loss: 0.0026 - acc: 0.9990 - val_loss: 1.7290 - val_acc: 0.7661
Epoch 43/50

Epoch 00043: saving model to models/unbalanced_mnist_conv_e300_L2_b64/random_classifier_100/cp-0043.hdf5
 - 3s - loss: 0.0040 - acc: 0.9990 - val_loss: 1.8017 - val_acc: 0.7672
Epoch 44/50

Epoch 00044: saving model to models/unbalanced_mnist_conv_e300_L2_b64/random_classifier_100/cp-0044.hdf5
 - 3s - loss: 0.0014 - acc: 1.0000 - val_loss: 1.7729 - val_acc: 0.7657
Epoch 45/50

Epoch 00045: saving model to models/unbalanced_mnist_conv_e300_L2_b64/random_classifier_100/cp-0045.hdf5
 - 3s - loss: 0.0022 - acc: 1.0000 - val_loss: 1.8450 - val_acc: 0.7612
Epoch 46/50

Epoch 00046: saving model to models/unbalanced_mnist_conv_e300_L2_b64/random_classifier_100/cp-0046.hdf5
 - 3s - loss: 0.0024 - acc: 1.0000 - val_loss: 1.8016 - val_acc: 0.7621
Epoch 47/50

Epoch 00047: saving model to models/unbalanced_mnist_conv_e300_L2_b64/random_classifier_100/cp-0047.hdf5
 - 3s - loss: 0.0031 - acc: 0.9990 - val_loss: 1.7608 - val_acc: 0.7614
Epoch 48/50

Epoch 00048: saving model to models/unbalanced_mnist_conv_e300_L2_b64/random_classifier_100/cp-0048.hdf5
 - 3s - loss: 9.5516e-04 - acc: 1.0000 - val_loss: 1.7782 - val_acc: 0.7637
Epoch 49/50

Epoch 00049: saving model to models/unbalanced_mnist_conv_e300_L2_b64/random_classifier_100/cp-0049.hdf5
 - 3s - loss: 0.0050 - acc: 0.9990 - val_loss: 1.8380 - val_acc: 0.7589
Epoch 50/50

Epoch 00050: saving model to models/unbalanced_mnist_conv_e300_L2_b64/random_classifier_100/cp-0050.hdf5
 - 3s - loss: 0.0017 - acc: 1.0000 - val_loss: 1.7904 - val_acc: 0.7642
Epoch 1/50

Epoch 00001: saving model to models/unbalanced_mnist_conv_e300_L2_b64/normal_classifier_100/cp-0001.hdf5
 - 5s - loss: 2.2934 - acc: 0.1670 - val_loss: 2.3009 - val_acc: 0.1032
Epoch 2/50

Epoch 00002: saving model to models/unbalanced_mnist_conv_e300_L2_b64/normal_classifier_100/cp-0002.hdf5
 - 3s - loss: 2.2267 - acc: 0.1885 - val_loss: 2.3503 - val_acc: 0.1030
Epoch 3/50

Epoch 00003: saving model to models/unbalanced_mnist_conv_e300_L2_b64/normal_classifier_100/cp-0003.hdf5
 - 3s - loss: 2.0432 - acc: 0.2588 - val_loss: 2.4565 - val_acc: 0.2430
Epoch 4/50

Epoch 00004: saving model to models/unbalanced_mnist_conv_e300_L2_b64/normal_classifier_100/cp-0004.hdf5
 - 3s - loss: 1.6048 - acc: 0.5039 - val_loss: 2.5782 - val_acc: 0.2741
Epoch 5/50

Epoch 00005: saving model to models/unbalanced_mnist_conv_e300_L2_b64/normal_classifier_100/cp-0005.hdf5
 - 3s - loss: 1.1094 - acc: 0.6572 - val_loss: 1.8084 - val_acc: 0.4550
Epoch 6/50

Epoch 00006: saving model to models/unbalanced_mnist_conv_e300_L2_b64/normal_classifier_100/cp-0006.hdf5
 - 3s - loss: 0.7278 - acc: 0.7646 - val_loss: 1.6176 - val_acc: 0.5468
Epoch 7/50

Epoch 00007: saving model to models/unbalanced_mnist_conv_e300_L2_b64/normal_classifier_100/cp-0007.hdf5
 - 3s - loss: 0.5352 - acc: 0.8223 - val_loss: 1.4104 - val_acc: 0.6362
Epoch 8/50

Epoch 00008: saving model to models/unbalanced_mnist_conv_e300_L2_b64/normal_classifier_100/cp-0008.hdf5
 - 3s - loss: 0.2842 - acc: 0.9141 - val_loss: 1.5673 - val_acc: 0.6392
Epoch 9/50

Epoch 00009: saving model to models/unbalanced_mnist_conv_e300_L2_b64/normal_classifier_100/cp-0009.hdf5
 - 3s - loss: 0.2170 - acc: 0.9346 - val_loss: 1.5751 - val_acc: 0.6529
Epoch 10/50

Epoch 00010: saving model to models/unbalanced_mnist_conv_e300_L2_b64/normal_classifier_100/cp-0010.hdf5
 - 3s - loss: 0.0784 - acc: 0.9854 - val_loss: 1.9343 - val_acc: 0.6532
Epoch 11/50

Epoch 00011: saving model to models/unbalanced_mnist_conv_e300_L2_b64/normal_classifier_100/cp-0011.hdf5
 - 3s - loss: 0.0577 - acc: 0.9883 - val_loss: 2.1251 - val_acc: 0.6456
Epoch 12/50

Epoch 00012: saving model to models/unbalanced_mnist_conv_e300_L2_b64/normal_classifier_100/cp-0012.hdf5
 - 3s - loss: 0.0281 - acc: 0.9961 - val_loss: 2.2815 - val_acc: 0.6510
Epoch 13/50

Epoch 00013: saving model to models/unbalanced_mnist_conv_e300_L2_b64/normal_classifier_100/cp-0013.hdf5
 - 3s - loss: 0.0251 - acc: 0.9951 - val_loss: 2.3875 - val_acc: 0.6563
Epoch 14/50

Epoch 00014: saving model to models/unbalanced_mnist_conv_e300_L2_b64/normal_classifier_100/cp-0014.hdf5
 - 3s - loss: 0.0191 - acc: 0.9971 - val_loss: 2.5080 - val_acc: 0.6584
Epoch 15/50

Epoch 00015: saving model to models/unbalanced_mnist_conv_e300_L2_b64/normal_classifier_100/cp-0015.hdf5
 - 3s - loss: 0.0183 - acc: 0.9941 - val_loss: 2.5322 - val_acc: 0.6694
Epoch 16/50

Epoch 00016: saving model to models/unbalanced_mnist_conv_e300_L2_b64/normal_classifier_100/cp-0016.hdf5
 - 3s - loss: 0.0110 - acc: 0.9990 - val_loss: 2.5449 - val_acc: 0.6670
Epoch 17/50

Epoch 00017: saving model to models/unbalanced_mnist_conv_e300_L2_b64/normal_classifier_100/cp-0017.hdf5
 - 3s - loss: 0.0151 - acc: 0.9951 - val_loss: 2.4988 - val_acc: 0.6756
Epoch 18/50

Epoch 00018: saving model to models/unbalanced_mnist_conv_e300_L2_b64/normal_classifier_100/cp-0018.hdf5
 - 3s - loss: 0.0089 - acc: 0.9980 - val_loss: 2.5758 - val_acc: 0.6690
Epoch 19/50

Epoch 00019: saving model to models/unbalanced_mnist_conv_e300_L2_b64/normal_classifier_100/cp-0019.hdf5
 - 3s - loss: 0.0041 - acc: 1.0000 - val_loss: 2.6646 - val_acc: 0.6653
Epoch 20/50

Epoch 00020: saving model to models/unbalanced_mnist_conv_e300_L2_b64/normal_classifier_100/cp-0020.hdf5
 - 3s - loss: 0.0071 - acc: 0.9990 - val_loss: 2.7470 - val_acc: 0.6587
Epoch 21/50

Epoch 00021: saving model to models/unbalanced_mnist_conv_e300_L2_b64/normal_classifier_100/cp-0021.hdf5
 - 3s - loss: 0.0038 - acc: 1.0000 - val_loss: 2.7572 - val_acc: 0.6633
Epoch 22/50

Epoch 00022: saving model to models/unbalanced_mnist_conv_e300_L2_b64/normal_classifier_100/cp-0022.hdf5
 - 3s - loss: 0.0039 - acc: 1.0000 - val_loss: 2.7536 - val_acc: 0.6659
Epoch 23/50

Epoch 00023: saving model to models/unbalanced_mnist_conv_e300_L2_b64/normal_classifier_100/cp-0023.hdf5
 - 3s - loss: 0.0029 - acc: 1.0000 - val_loss: 2.7365 - val_acc: 0.6660
Epoch 24/50

Epoch 00024: saving model to models/unbalanced_mnist_conv_e300_L2_b64/normal_classifier_100/cp-0024.hdf5
 - 3s - loss: 0.0031 - acc: 1.0000 - val_loss: 2.8235 - val_acc: 0.6605
Epoch 25/50

Epoch 00025: saving model to models/unbalanced_mnist_conv_e300_L2_b64/normal_classifier_100/cp-0025.hdf5
 - 3s - loss: 0.0039 - acc: 0.9990 - val_loss: 2.8244 - val_acc: 0.6682
Epoch 26/50

Epoch 00026: saving model to models/unbalanced_mnist_conv_e300_L2_b64/normal_classifier_100/cp-0026.hdf5
 - 3s - loss: 0.0043 - acc: 1.0000 - val_loss: 2.8674 - val_acc: 0.6666
Epoch 27/50

Epoch 00027: saving model to models/unbalanced_mnist_conv_e300_L2_b64/normal_classifier_100/cp-0027.hdf5
 - 3s - loss: 0.0020 - acc: 1.0000 - val_loss: 2.8958 - val_acc: 0.6665
Epoch 28/50

Epoch 00028: saving model to models/unbalanced_mnist_conv_e300_L2_b64/normal_classifier_100/cp-0028.hdf5
 - 3s - loss: 0.0028 - acc: 1.0000 - val_loss: 2.9342 - val_acc: 0.6674
Epoch 29/50

Epoch 00029: saving model to models/unbalanced_mnist_conv_e300_L2_b64/normal_classifier_100/cp-0029.hdf5
 - 3s - loss: 0.0037 - acc: 0.9990 - val_loss: 2.9684 - val_acc: 0.6638
Epoch 30/50

Epoch 00030: saving model to models/unbalanced_mnist_conv_e300_L2_b64/normal_classifier_100/cp-0030.hdf5
 - 3s - loss: 0.0032 - acc: 0.9990 - val_loss: 2.9507 - val_acc: 0.6633
Epoch 31/50

Epoch 00031: saving model to models/unbalanced_mnist_conv_e300_L2_b64/normal_classifier_100/cp-0031.hdf5
 - 3s - loss: 0.0015 - acc: 1.0000 - val_loss: 2.9216 - val_acc: 0.6724
Epoch 32/50

Epoch 00032: saving model to models/unbalanced_mnist_conv_e300_L2_b64/normal_classifier_100/cp-0032.hdf5
 - 3s - loss: 0.0014 - acc: 1.0000 - val_loss: 2.9584 - val_acc: 0.6693
Epoch 33/50

Epoch 00033: saving model to models/unbalanced_mnist_conv_e300_L2_b64/normal_classifier_100/cp-0033.hdf5
 - 3s - loss: 0.0031 - acc: 0.9990 - val_loss: 2.9844 - val_acc: 0.6631
Epoch 34/50

Epoch 00034: saving model to models/unbalanced_mnist_conv_e300_L2_b64/normal_classifier_100/cp-0034.hdf5
 - 3s - loss: 0.0018 - acc: 1.0000 - val_loss: 2.9651 - val_acc: 0.6666
Epoch 35/50

Epoch 00035: saving model to models/unbalanced_mnist_conv_e300_L2_b64/normal_classifier_100/cp-0035.hdf5
 - 3s - loss: 0.0012 - acc: 1.0000 - val_loss: 2.9737 - val_acc: 0.6706
Epoch 36/50

Epoch 00036: saving model to models/unbalanced_mnist_conv_e300_L2_b64/normal_classifier_100/cp-0036.hdf5
 - 3s - loss: 0.0019 - acc: 1.0000 - val_loss: 2.9700 - val_acc: 0.6733
Epoch 37/50

Epoch 00037: saving model to models/unbalanced_mnist_conv_e300_L2_b64/normal_classifier_100/cp-0037.hdf5
 - 3s - loss: 0.0017 - acc: 1.0000 - val_loss: 2.9736 - val_acc: 0.6767
Epoch 38/50

Epoch 00038: saving model to models/unbalanced_mnist_conv_e300_L2_b64/normal_classifier_100/cp-0038.hdf5
 - 3s - loss: 0.0048 - acc: 0.9990 - val_loss: 2.9651 - val_acc: 0.6750
Epoch 39/50

Epoch 00039: saving model to models/unbalanced_mnist_conv_e300_L2_b64/normal_classifier_100/cp-0039.hdf5
 - 3s - loss: 0.0045 - acc: 0.9990 - val_loss: 2.9881 - val_acc: 0.6719
Epoch 40/50

Epoch 00040: saving model to models/unbalanced_mnist_conv_e300_L2_b64/normal_classifier_100/cp-0040.hdf5
 - 3s - loss: 0.0024 - acc: 1.0000 - val_loss: 3.0047 - val_acc: 0.6661
Epoch 41/50

Epoch 00041: saving model to models/unbalanced_mnist_conv_e300_L2_b64/normal_classifier_100/cp-0041.hdf5
 - 3s - loss: 0.0028 - acc: 0.9990 - val_loss: 2.9816 - val_acc: 0.6729
Epoch 42/50

Epoch 00042: saving model to models/unbalanced_mnist_conv_e300_L2_b64/normal_classifier_100/cp-0042.hdf5
 - 3s - loss: 0.0015 - acc: 1.0000 - val_loss: 2.9650 - val_acc: 0.6774
Epoch 43/50

Epoch 00043: saving model to models/unbalanced_mnist_conv_e300_L2_b64/normal_classifier_100/cp-0043.hdf5
 - 3s - loss: 0.0014 - acc: 1.0000 - val_loss: 2.9892 - val_acc: 0.6759
Epoch 44/50

Epoch 00044: saving model to models/unbalanced_mnist_conv_e300_L2_b64/normal_classifier_100/cp-0044.hdf5
 - 3s - loss: 0.0011 - acc: 1.0000 - val_loss: 3.0286 - val_acc: 0.6738
Epoch 45/50

Epoch 00045: saving model to models/unbalanced_mnist_conv_e300_L2_b64/normal_classifier_100/cp-0045.hdf5
 - 3s - loss: 0.0042 - acc: 0.9990 - val_loss: 3.0349 - val_acc: 0.6777
Epoch 46/50

Epoch 00046: saving model to models/unbalanced_mnist_conv_e300_L2_b64/normal_classifier_100/cp-0046.hdf5
 - 3s - loss: 5.8580e-04 - acc: 1.0000 - val_loss: 3.0287 - val_acc: 0.6759
Epoch 47/50

Epoch 00047: saving model to models/unbalanced_mnist_conv_e300_L2_b64/normal_classifier_100/cp-0047.hdf5
 - 3s - loss: 8.5432e-04 - acc: 1.0000 - val_loss: 3.0205 - val_acc: 0.6765
Epoch 48/50

Epoch 00048: saving model to models/unbalanced_mnist_conv_e300_L2_b64/normal_classifier_100/cp-0048.hdf5
 - 3s - loss: 5.6240e-04 - acc: 1.0000 - val_loss: 3.0540 - val_acc: 0.6727
Epoch 49/50

Epoch 00049: saving model to models/unbalanced_mnist_conv_e300_L2_b64/normal_classifier_100/cp-0049.hdf5
 - 3s - loss: 0.0011 - acc: 1.0000 - val_loss: 3.0386 - val_acc: 0.6759
Epoch 50/50

Epoch 00050: saving model to models/unbalanced_mnist_conv_e300_L2_b64/normal_classifier_100/cp-0050.hdf5
 - 3s - loss: 0.0011 - acc: 1.0000 - val_loss: 3.1255 - val_acc: 0.6665
Epoch 1/50

Epoch 00001: saving model to models/unbalanced_mnist_conv_e300_L2_b64/multi-normal_classifier_100/cp-0001.hdf5
 - 5s - loss: 2.2962 - acc: 0.2031 - val_loss: 2.3008 - val_acc: 0.1421
Epoch 2/50

Epoch 00002: saving model to models/unbalanced_mnist_conv_e300_L2_b64/multi-normal_classifier_100/cp-0002.hdf5
 - 3s - loss: 2.2164 - acc: 0.2754 - val_loss: 2.3533 - val_acc: 0.0978
Epoch 3/50

Epoch 00003: saving model to models/unbalanced_mnist_conv_e300_L2_b64/multi-normal_classifier_100/cp-0003.hdf5
 - 3s - loss: 1.9631 - acc: 0.2607 - val_loss: 2.4543 - val_acc: 0.1926
Epoch 4/50

Epoch 00004: saving model to models/unbalanced_mnist_conv_e300_L2_b64/multi-normal_classifier_100/cp-0004.hdf5
 - 3s - loss: 1.5622 - acc: 0.4990 - val_loss: 2.0154 - val_acc: 0.3699
Epoch 5/50

Epoch 00005: saving model to models/unbalanced_mnist_conv_e300_L2_b64/multi-normal_classifier_100/cp-0005.hdf5
 - 3s - loss: 1.0941 - acc: 0.6523 - val_loss: 1.7429 - val_acc: 0.4508
Epoch 6/50

Epoch 00006: saving model to models/unbalanced_mnist_conv_e300_L2_b64/multi-normal_classifier_100/cp-0006.hdf5
 - 3s - loss: 0.7578 - acc: 0.7686 - val_loss: 1.4846 - val_acc: 0.5430
Epoch 7/50

Epoch 00007: saving model to models/unbalanced_mnist_conv_e300_L2_b64/multi-normal_classifier_100/cp-0007.hdf5
 - 3s - loss: 0.5279 - acc: 0.8506 - val_loss: 1.3530 - val_acc: 0.5678
Epoch 8/50

Epoch 00008: saving model to models/unbalanced_mnist_conv_e300_L2_b64/multi-normal_classifier_100/cp-0008.hdf5
 - 3s - loss: 0.4125 - acc: 0.8896 - val_loss: 1.3347 - val_acc: 0.6186
Epoch 9/50

Epoch 00009: saving model to models/unbalanced_mnist_conv_e300_L2_b64/multi-normal_classifier_100/cp-0009.hdf5
 - 3s - loss: 0.2066 - acc: 0.9443 - val_loss: 1.6107 - val_acc: 0.6138
Epoch 10/50

Epoch 00010: saving model to models/unbalanced_mnist_conv_e300_L2_b64/multi-normal_classifier_100/cp-0010.hdf5
 - 3s - loss: 0.1791 - acc: 0.9434 - val_loss: 1.9372 - val_acc: 0.6148
Epoch 11/50

Epoch 00011: saving model to models/unbalanced_mnist_conv_e300_L2_b64/multi-normal_classifier_100/cp-0011.hdf5
 - 3s - loss: 0.0933 - acc: 0.9766 - val_loss: 1.5467 - val_acc: 0.6640
Epoch 12/50

Epoch 00012: saving model to models/unbalanced_mnist_conv_e300_L2_b64/multi-normal_classifier_100/cp-0012.hdf5
 - 3s - loss: 0.0561 - acc: 0.9883 - val_loss: 1.9955 - val_acc: 0.6377
Epoch 13/50

Epoch 00013: saving model to models/unbalanced_mnist_conv_e300_L2_b64/multi-normal_classifier_100/cp-0013.hdf5
 - 3s - loss: 0.0393 - acc: 0.9922 - val_loss: 1.7388 - val_acc: 0.6680
Epoch 14/50

Epoch 00014: saving model to models/unbalanced_mnist_conv_e300_L2_b64/multi-normal_classifier_100/cp-0014.hdf5
 - 3s - loss: 0.0291 - acc: 0.9932 - val_loss: 1.9843 - val_acc: 0.6554
Epoch 15/50

Epoch 00015: saving model to models/unbalanced_mnist_conv_e300_L2_b64/multi-normal_classifier_100/cp-0015.hdf5
 - 3s - loss: 0.0372 - acc: 0.9844 - val_loss: 2.0171 - val_acc: 0.6554
Epoch 16/50

Epoch 00016: saving model to models/unbalanced_mnist_conv_e300_L2_b64/multi-normal_classifier_100/cp-0016.hdf5
 - 3s - loss: 0.0128 - acc: 0.9990 - val_loss: 2.0464 - val_acc: 0.6552
Epoch 17/50

Epoch 00017: saving model to models/unbalanced_mnist_conv_e300_L2_b64/multi-normal_classifier_100/cp-0017.hdf5
 - 3s - loss: 0.0177 - acc: 0.9961 - val_loss: 2.2342 - val_acc: 0.6433
Epoch 18/50

Epoch 00018: saving model to models/unbalanced_mnist_conv_e300_L2_b64/multi-normal_classifier_100/cp-0018.hdf5
 - 3s - loss: 0.0079 - acc: 0.9980 - val_loss: 2.0381 - val_acc: 0.6699
Epoch 19/50

Epoch 00019: saving model to models/unbalanced_mnist_conv_e300_L2_b64/multi-normal_classifier_100/cp-0019.hdf5
 - 3s - loss: 0.0103 - acc: 0.9980 - val_loss: 2.1201 - val_acc: 0.6639
Epoch 20/50

Epoch 00020: saving model to models/unbalanced_mnist_conv_e300_L2_b64/multi-normal_classifier_100/cp-0020.hdf5
 - 3s - loss: 0.0061 - acc: 0.9990 - val_loss: 2.2016 - val_acc: 0.6572
Epoch 21/50

Epoch 00021: saving model to models/unbalanced_mnist_conv_e300_L2_b64/multi-normal_classifier_100/cp-0021.hdf5
 - 3s - loss: 0.0075 - acc: 0.9990 - val_loss: 2.2426 - val_acc: 0.6656
Epoch 22/50

Epoch 00022: saving model to models/unbalanced_mnist_conv_e300_L2_b64/multi-normal_classifier_100/cp-0022.hdf5
 - 3s - loss: 0.0067 - acc: 0.9990 - val_loss: 2.5188 - val_acc: 0.6407
Epoch 23/50

Epoch 00023: saving model to models/unbalanced_mnist_conv_e300_L2_b64/multi-normal_classifier_100/cp-0023.hdf5
 - 3s - loss: 0.0048 - acc: 0.9990 - val_loss: 2.3142 - val_acc: 0.6605
Epoch 24/50

Epoch 00024: saving model to models/unbalanced_mnist_conv_e300_L2_b64/multi-normal_classifier_100/cp-0024.hdf5
 - 3s - loss: 0.0036 - acc: 1.0000 - val_loss: 2.3020 - val_acc: 0.6611
Epoch 25/50

Epoch 00025: saving model to models/unbalanced_mnist_conv_e300_L2_b64/multi-normal_classifier_100/cp-0025.hdf5
 - 3s - loss: 0.0050 - acc: 1.0000 - val_loss: 2.2521 - val_acc: 0.6749
Epoch 26/50

Epoch 00026: saving model to models/unbalanced_mnist_conv_e300_L2_b64/multi-normal_classifier_100/cp-0026.hdf5
 - 3s - loss: 0.0033 - acc: 1.0000 - val_loss: 2.3808 - val_acc: 0.6630
Epoch 27/50

Epoch 00027: saving model to models/unbalanced_mnist_conv_e300_L2_b64/multi-normal_classifier_100/cp-0027.hdf5
 - 3s - loss: 0.0033 - acc: 1.0000 - val_loss: 2.4712 - val_acc: 0.6578
Epoch 28/50

Epoch 00028: saving model to models/unbalanced_mnist_conv_e300_L2_b64/multi-normal_classifier_100/cp-0028.hdf5
 - 3s - loss: 0.0048 - acc: 0.9990 - val_loss: 2.3299 - val_acc: 0.6781
Epoch 29/50

Epoch 00029: saving model to models/unbalanced_mnist_conv_e300_L2_b64/multi-normal_classifier_100/cp-0029.hdf5
 - 3s - loss: 0.0024 - acc: 1.0000 - val_loss: 2.4148 - val_acc: 0.6644
Epoch 30/50

Epoch 00030: saving model to models/unbalanced_mnist_conv_e300_L2_b64/multi-normal_classifier_100/cp-0030.hdf5
 - 3s - loss: 0.0066 - acc: 0.9990 - val_loss: 2.3338 - val_acc: 0.6698
Epoch 31/50

Epoch 00031: saving model to models/unbalanced_mnist_conv_e300_L2_b64/multi-normal_classifier_100/cp-0031.hdf5
 - 3s - loss: 0.0020 - acc: 1.0000 - val_loss: 2.3783 - val_acc: 0.6674
Epoch 32/50

Epoch 00032: saving model to models/unbalanced_mnist_conv_e300_L2_b64/multi-normal_classifier_100/cp-0032.hdf5
 - 3s - loss: 0.0030 - acc: 1.0000 - val_loss: 2.5060 - val_acc: 0.6563
Epoch 33/50

Epoch 00033: saving model to models/unbalanced_mnist_conv_e300_L2_b64/multi-normal_classifier_100/cp-0033.hdf5
 - 3s - loss: 0.0027 - acc: 1.0000 - val_loss: 2.4147 - val_acc: 0.6672
Epoch 34/50

Epoch 00034: saving model to models/unbalanced_mnist_conv_e300_L2_b64/multi-normal_classifier_100/cp-0034.hdf5
 - 3s - loss: 0.0026 - acc: 1.0000 - val_loss: 2.4660 - val_acc: 0.6653
Epoch 35/50

Epoch 00035: saving model to models/unbalanced_mnist_conv_e300_L2_b64/multi-normal_classifier_100/cp-0035.hdf5
 - 3s - loss: 0.0012 - acc: 1.0000 - val_loss: 2.5120 - val_acc: 0.6620
Epoch 36/50

Epoch 00036: saving model to models/unbalanced_mnist_conv_e300_L2_b64/multi-normal_classifier_100/cp-0036.hdf5
 - 3s - loss: 0.0018 - acc: 1.0000 - val_loss: 2.5073 - val_acc: 0.6650
Epoch 37/50

Epoch 00037: saving model to models/unbalanced_mnist_conv_e300_L2_b64/multi-normal_classifier_100/cp-0037.hdf5
 - 3s - loss: 0.0030 - acc: 0.9990 - val_loss: 2.5462 - val_acc: 0.6639
Epoch 38/50

Epoch 00038: saving model to models/unbalanced_mnist_conv_e300_L2_b64/multi-normal_classifier_100/cp-0038.hdf5
 - 3s - loss: 0.0016 - acc: 1.0000 - val_loss: 2.4928 - val_acc: 0.6685
Epoch 39/50

Epoch 00039: saving model to models/unbalanced_mnist_conv_e300_L2_b64/multi-normal_classifier_100/cp-0039.hdf5
 - 3s - loss: 9.6025e-04 - acc: 1.0000 - val_loss: 2.6366 - val_acc: 0.6601
Epoch 40/50

Epoch 00040: saving model to models/unbalanced_mnist_conv_e300_L2_b64/multi-normal_classifier_100/cp-0040.hdf5
 - 3s - loss: 0.0027 - acc: 0.9990 - val_loss: 2.6045 - val_acc: 0.6653
Epoch 41/50

Epoch 00041: saving model to models/unbalanced_mnist_conv_e300_L2_b64/multi-normal_classifier_100/cp-0041.hdf5
 - 3s - loss: 8.7493e-04 - acc: 1.0000 - val_loss: 2.5379 - val_acc: 0.6691
Epoch 42/50

Epoch 00042: saving model to models/unbalanced_mnist_conv_e300_L2_b64/multi-normal_classifier_100/cp-0042.hdf5
 - 3s - loss: 0.0024 - acc: 0.9990 - val_loss: 2.6722 - val_acc: 0.6580
Epoch 43/50

Epoch 00043: saving model to models/unbalanced_mnist_conv_e300_L2_b64/multi-normal_classifier_100/cp-0043.hdf5
 - 3s - loss: 0.0027 - acc: 0.9990 - val_loss: 2.4754 - val_acc: 0.6734
Epoch 44/50

Epoch 00044: saving model to models/unbalanced_mnist_conv_e300_L2_b64/multi-normal_classifier_100/cp-0044.hdf5
 - 3s - loss: 0.0039 - acc: 0.9971 - val_loss: 2.5675 - val_acc: 0.6680
Epoch 45/50

Epoch 00045: saving model to models/unbalanced_mnist_conv_e300_L2_b64/multi-normal_classifier_100/cp-0045.hdf5
 - 3s - loss: 0.0014 - acc: 1.0000 - val_loss: 2.6530 - val_acc: 0.6620
Epoch 46/50

Epoch 00046: saving model to models/unbalanced_mnist_conv_e300_L2_b64/multi-normal_classifier_100/cp-0046.hdf5
 - 3s - loss: 7.4868e-04 - acc: 1.0000 - val_loss: 2.6185 - val_acc: 0.6665
Epoch 47/50

Epoch 00047: saving model to models/unbalanced_mnist_conv_e300_L2_b64/multi-normal_classifier_100/cp-0047.hdf5
 - 3s - loss: 0.0021 - acc: 1.0000 - val_loss: 2.5912 - val_acc: 0.6658
Epoch 48/50

Epoch 00048: saving model to models/unbalanced_mnist_conv_e300_L2_b64/multi-normal_classifier_100/cp-0048.hdf5
 - 3s - loss: 3.4967e-04 - acc: 1.0000 - val_loss: 2.6328 - val_acc: 0.6633
Epoch 49/50

Epoch 00049: saving model to models/unbalanced_mnist_conv_e300_L2_b64/multi-normal_classifier_100/cp-0049.hdf5
 - 3s - loss: 0.0015 - acc: 1.0000 - val_loss: 2.6419 - val_acc: 0.6633
Epoch 50/50

Epoch 00050: saving model to models/unbalanced_mnist_conv_e300_L2_b64/multi-normal_classifier_100/cp-0050.hdf5
 - 3s - loss: 6.4864e-04 - acc: 1.0000 - val_loss: 2.6849 - val_acc: 0.6581
Epoch 1/50

Epoch 00001: saving model to models/unbalanced_mnist_conv_e300_L2_b64/uniform_classifier_100/cp-0001.hdf5
 - 5s - loss: 2.2535 - acc: 0.2441 - val_loss: 2.2975 - val_acc: 0.0980
Epoch 2/50

Epoch 00002: saving model to models/unbalanced_mnist_conv_e300_L2_b64/uniform_classifier_100/cp-0002.hdf5
 - 3s - loss: 1.8781 - acc: 0.3037 - val_loss: 2.8027 - val_acc: 0.2281
Epoch 3/50

Epoch 00003: saving model to models/unbalanced_mnist_conv_e300_L2_b64/uniform_classifier_100/cp-0003.hdf5
 - 3s - loss: 1.1556 - acc: 0.6885 - val_loss: 4.0125 - val_acc: 0.2888
Epoch 4/50

Epoch 00004: saving model to models/unbalanced_mnist_conv_e300_L2_b64/uniform_classifier_100/cp-0004.hdf5
 - 3s - loss: 0.7080 - acc: 0.7783 - val_loss: 3.6124 - val_acc: 0.3514
Epoch 5/50

Epoch 00005: saving model to models/unbalanced_mnist_conv_e300_L2_b64/uniform_classifier_100/cp-0005.hdf5
 - 3s - loss: 0.4293 - acc: 0.8535 - val_loss: 3.5072 - val_acc: 0.4249
Epoch 6/50

Epoch 00006: saving model to models/unbalanced_mnist_conv_e300_L2_b64/uniform_classifier_100/cp-0006.hdf5
 - 3s - loss: 0.3439 - acc: 0.8750 - val_loss: 3.8319 - val_acc: 0.3755
Epoch 7/50

Epoch 00007: saving model to models/unbalanced_mnist_conv_e300_L2_b64/uniform_classifier_100/cp-0007.hdf5
 - 3s - loss: 0.2017 - acc: 0.9297 - val_loss: 3.9610 - val_acc: 0.4139
Epoch 8/50

Epoch 00008: saving model to models/unbalanced_mnist_conv_e300_L2_b64/uniform_classifier_100/cp-0008.hdf5
 - 3s - loss: 0.1386 - acc: 0.9521 - val_loss: 4.0154 - val_acc: 0.4484
Epoch 9/50

Epoch 00009: saving model to models/unbalanced_mnist_conv_e300_L2_b64/uniform_classifier_100/cp-0009.hdf5
 - 3s - loss: 0.0785 - acc: 0.9805 - val_loss: 4.2705 - val_acc: 0.4446
Epoch 10/50

Epoch 00010: saving model to models/unbalanced_mnist_conv_e300_L2_b64/uniform_classifier_100/cp-0010.hdf5
 - 3s - loss: 0.0631 - acc: 0.9824 - val_loss: 4.6730 - val_acc: 0.4300
Epoch 11/50

Epoch 00011: saving model to models/unbalanced_mnist_conv_e300_L2_b64/uniform_classifier_100/cp-0011.hdf5
 - 3s - loss: 0.0526 - acc: 0.9805 - val_loss: 4.6151 - val_acc: 0.4523
Epoch 12/50

Epoch 00012: saving model to models/unbalanced_mnist_conv_e300_L2_b64/uniform_classifier_100/cp-0012.hdf5
 - 3s - loss: 0.0389 - acc: 0.9883 - val_loss: 4.7812 - val_acc: 0.4512
Epoch 13/50

Epoch 00013: saving model to models/unbalanced_mnist_conv_e300_L2_b64/uniform_classifier_100/cp-0013.hdf5
 - 3s - loss: 0.0154 - acc: 0.9990 - val_loss: 4.9211 - val_acc: 0.4489
Epoch 14/50

Epoch 00014: saving model to models/unbalanced_mnist_conv_e300_L2_b64/uniform_classifier_100/cp-0014.hdf5
 - 3s - loss: 0.0105 - acc: 0.9990 - val_loss: 5.2512 - val_acc: 0.4386
Epoch 15/50

Epoch 00015: saving model to models/unbalanced_mnist_conv_e300_L2_b64/uniform_classifier_100/cp-0015.hdf5
 - 3s - loss: 0.0200 - acc: 0.9951 - val_loss: 4.8534 - val_acc: 0.4618
Epoch 16/50

Epoch 00016: saving model to models/unbalanced_mnist_conv_e300_L2_b64/uniform_classifier_100/cp-0016.hdf5
 - 3s - loss: 0.0105 - acc: 0.9980 - val_loss: 5.2005 - val_acc: 0.4457
Epoch 17/50

Epoch 00017: saving model to models/unbalanced_mnist_conv_e300_L2_b64/uniform_classifier_100/cp-0017.hdf5
 - 3s - loss: 0.0176 - acc: 0.9961 - val_loss: 5.2276 - val_acc: 0.4522
Epoch 18/50

Epoch 00018: saving model to models/unbalanced_mnist_conv_e300_L2_b64/uniform_classifier_100/cp-0018.hdf5
 - 3s - loss: 0.0091 - acc: 0.9980 - val_loss: 5.2211 - val_acc: 0.4531
Epoch 19/50

Epoch 00019: saving model to models/unbalanced_mnist_conv_e300_L2_b64/uniform_classifier_100/cp-0019.hdf5
 - 3s - loss: 0.0064 - acc: 0.9990 - val_loss: 5.3998 - val_acc: 0.4521
Epoch 20/50

Epoch 00020: saving model to models/unbalanced_mnist_conv_e300_L2_b64/uniform_classifier_100/cp-0020.hdf5
 - 3s - loss: 0.0107 - acc: 0.9961 - val_loss: 5.5095 - val_acc: 0.4500
Epoch 21/50

Epoch 00021: saving model to models/unbalanced_mnist_conv_e300_L2_b64/uniform_classifier_100/cp-0021.hdf5
 - 3s - loss: 0.0073 - acc: 0.9980 - val_loss: 5.5425 - val_acc: 0.4539
Epoch 22/50

Epoch 00022: saving model to models/unbalanced_mnist_conv_e300_L2_b64/uniform_classifier_100/cp-0022.hdf5
 - 3s - loss: 0.0068 - acc: 0.9980 - val_loss: 5.4561 - val_acc: 0.4552
Epoch 23/50

Epoch 00023: saving model to models/unbalanced_mnist_conv_e300_L2_b64/uniform_classifier_100/cp-0023.hdf5
 - 3s - loss: 0.0143 - acc: 0.9980 - val_loss: 5.7868 - val_acc: 0.4436
Epoch 24/50

Epoch 00024: saving model to models/unbalanced_mnist_conv_e300_L2_b64/uniform_classifier_100/cp-0024.hdf5
 - 3s - loss: 0.0085 - acc: 0.9971 - val_loss: 5.6756 - val_acc: 0.4441
Epoch 25/50

Epoch 00025: saving model to models/unbalanced_mnist_conv_e300_L2_b64/uniform_classifier_100/cp-0025.hdf5
 - 3s - loss: 0.0056 - acc: 0.9990 - val_loss: 5.7909 - val_acc: 0.4452
Epoch 26/50

Epoch 00026: saving model to models/unbalanced_mnist_conv_e300_L2_b64/uniform_classifier_100/cp-0026.hdf5
 - 3s - loss: 0.0091 - acc: 0.9961 - val_loss: 5.9821 - val_acc: 0.4375
Epoch 27/50

Epoch 00027: saving model to models/unbalanced_mnist_conv_e300_L2_b64/uniform_classifier_100/cp-0027.hdf5
 - 3s - loss: 0.0054 - acc: 0.9980 - val_loss: 5.7552 - val_acc: 0.4447
Epoch 28/50

Epoch 00028: saving model to models/unbalanced_mnist_conv_e300_L2_b64/uniform_classifier_100/cp-0028.hdf5
 - 3s - loss: 0.0029 - acc: 1.0000 - val_loss: 5.7670 - val_acc: 0.4478
Epoch 29/50

Epoch 00029: saving model to models/unbalanced_mnist_conv_e300_L2_b64/uniform_classifier_100/cp-0029.hdf5
 - 3s - loss: 0.0015 - acc: 1.0000 - val_loss: 5.8174 - val_acc: 0.4503
Epoch 30/50

Epoch 00030: saving model to models/unbalanced_mnist_conv_e300_L2_b64/uniform_classifier_100/cp-0030.hdf5
 - 3s - loss: 0.0107 - acc: 0.9971 - val_loss: 5.8687 - val_acc: 0.4465
Epoch 31/50

Epoch 00031: saving model to models/unbalanced_mnist_conv_e300_L2_b64/uniform_classifier_100/cp-0031.hdf5
 - 3s - loss: 0.0026 - acc: 1.0000 - val_loss: 5.8375 - val_acc: 0.4514
Epoch 32/50

Epoch 00032: saving model to models/unbalanced_mnist_conv_e300_L2_b64/uniform_classifier_100/cp-0032.hdf5
 - 3s - loss: 0.0029 - acc: 1.0000 - val_loss: 5.8644 - val_acc: 0.4513
Epoch 33/50

Epoch 00033: saving model to models/unbalanced_mnist_conv_e300_L2_b64/uniform_classifier_100/cp-0033.hdf5
 - 3s - loss: 0.0022 - acc: 1.0000 - val_loss: 5.9030 - val_acc: 0.4495
Epoch 34/50

Epoch 00034: saving model to models/unbalanced_mnist_conv_e300_L2_b64/uniform_classifier_100/cp-0034.hdf5
 - 3s - loss: 0.0063 - acc: 0.9980 - val_loss: 6.0406 - val_acc: 0.4447
Epoch 35/50

Epoch 00035: saving model to models/unbalanced_mnist_conv_e300_L2_b64/uniform_classifier_100/cp-0035.hdf5
 - 3s - loss: 0.0029 - acc: 1.0000 - val_loss: 5.8564 - val_acc: 0.4538
Epoch 36/50

Epoch 00036: saving model to models/unbalanced_mnist_conv_e300_L2_b64/uniform_classifier_100/cp-0036.hdf5
 - 3s - loss: 0.0029 - acc: 0.9990 - val_loss: 6.0045 - val_acc: 0.4475
Epoch 37/50

Epoch 00037: saving model to models/unbalanced_mnist_conv_e300_L2_b64/uniform_classifier_100/cp-0037.hdf5
 - 3s - loss: 0.0042 - acc: 0.9980 - val_loss: 6.0319 - val_acc: 0.4509
Epoch 38/50

Epoch 00038: saving model to models/unbalanced_mnist_conv_e300_L2_b64/uniform_classifier_100/cp-0038.hdf5
 - 3s - loss: 0.0017 - acc: 1.0000 - val_loss: 6.0311 - val_acc: 0.4505
Epoch 39/50

Epoch 00039: saving model to models/unbalanced_mnist_conv_e300_L2_b64/uniform_classifier_100/cp-0039.hdf5
 - 3s - loss: 0.0014 - acc: 1.0000 - val_loss: 6.0344 - val_acc: 0.4489
Epoch 40/50

Epoch 00040: saving model to models/unbalanced_mnist_conv_e300_L2_b64/uniform_classifier_100/cp-0040.hdf5
 - 3s - loss: 0.0015 - acc: 1.0000 - val_loss: 5.9829 - val_acc: 0.4519
Epoch 41/50

Epoch 00041: saving model to models/unbalanced_mnist_conv_e300_L2_b64/uniform_classifier_100/cp-0041.hdf5
 - 3s - loss: 0.0070 - acc: 0.9980 - val_loss: 6.1611 - val_acc: 0.4452
Epoch 42/50

Epoch 00042: saving model to models/unbalanced_mnist_conv_e300_L2_b64/uniform_classifier_100/cp-0042.hdf5
 - 3s - loss: 0.0015 - acc: 1.0000 - val_loss: 6.0437 - val_acc: 0.4549
Epoch 43/50

Epoch 00043: saving model to models/unbalanced_mnist_conv_e300_L2_b64/uniform_classifier_100/cp-0043.hdf5
 - 3s - loss: 0.0016 - acc: 1.0000 - val_loss: 5.9764 - val_acc: 0.4593
Epoch 44/50

Epoch 00044: saving model to models/unbalanced_mnist_conv_e300_L2_b64/uniform_classifier_100/cp-0044.hdf5
 - 3s - loss: 0.0016 - acc: 1.0000 - val_loss: 5.9587 - val_acc: 0.4570
Epoch 45/50

Epoch 00045: saving model to models/unbalanced_mnist_conv_e300_L2_b64/uniform_classifier_100/cp-0045.hdf5
 - 3s - loss: 0.0012 - acc: 1.0000 - val_loss: 6.0627 - val_acc: 0.4540
Epoch 46/50

Epoch 00046: saving model to models/unbalanced_mnist_conv_e300_L2_b64/uniform_classifier_100/cp-0046.hdf5
 - 3s - loss: 0.0019 - acc: 0.9990 - val_loss: 6.0930 - val_acc: 0.4525
Epoch 47/50

Epoch 00047: saving model to models/unbalanced_mnist_conv_e300_L2_b64/uniform_classifier_100/cp-0047.hdf5
 - 3s - loss: 5.8174e-04 - acc: 1.0000 - val_loss: 5.9788 - val_acc: 0.4592
Epoch 48/50

Epoch 00048: saving model to models/unbalanced_mnist_conv_e300_L2_b64/uniform_classifier_100/cp-0048.hdf5
 - 3s - loss: 0.0024 - acc: 1.0000 - val_loss: 6.0714 - val_acc: 0.4568
Epoch 49/50

Epoch 00049: saving model to models/unbalanced_mnist_conv_e300_L2_b64/uniform_classifier_100/cp-0049.hdf5
 - 3s - loss: 0.0046 - acc: 0.9980 - val_loss: 6.2188 - val_acc: 0.4439
Epoch 50/50

Epoch 00050: saving model to models/unbalanced_mnist_conv_e300_L2_b64/uniform_classifier_100/cp-0050.hdf5
 - 3s - loss: 0.0012 - acc: 1.0000 - val_loss: 6.0975 - val_acc: 0.4536
Epoch 1/50
Epoch 1/50
Epoch 1/50

Epoch 00001: saving model to models/unbalanced_mnist_conv_e300_L2_b64/multi-normal-cluster_classifier_100/cp-0001.hdf5
 - 6s - loss: 2.2912 - acc: 0.1592 - val_loss: 2.2970 - val_acc: 0.0980
Epoch 2/50

Epoch 00002: saving model to models/unbalanced_mnist_conv_e300_L2_b64/multi-normal-cluster_classifier_100/cp-0002.hdf5
 - 3s - loss: 2.2162 - acc: 0.1680 - val_loss: 2.3348 - val_acc: 0.0978
Epoch 3/50

Epoch 00003: saving model to models/unbalanced_mnist_conv_e300_L2_b64/multi-normal-cluster_classifier_100/cp-0003.hdf5
 - 3s - loss: 2.0581 - acc: 0.2402 - val_loss: 2.3131 - val_acc: 0.2339
Epoch 4/50

Epoch 00004: saving model to models/unbalanced_mnist_conv_e300_L2_b64/multi-normal-cluster_classifier_100/cp-0004.hdf5
 - 3s - loss: 1.7282 - acc: 0.4756 - val_loss: 1.8019 - val_acc: 0.3458
Epoch 5/50

Epoch 00005: saving model to models/unbalanced_mnist_conv_e300_L2_b64/multi-normal-cluster_classifier_100/cp-0005.hdf5
 - 3s - loss: 1.2304 - acc: 0.5850 - val_loss: 1.4768 - val_acc: 0.4925
Epoch 6/50

Epoch 00006: saving model to models/unbalanced_mnist_conv_e300_L2_b64/multi-normal-cluster_classifier_100/cp-0006.hdf5
 - 3s - loss: 0.8390 - acc: 0.7178 - val_loss: 1.1177 - val_acc: 0.6166
Epoch 7/50

Epoch 00007: saving model to models/unbalanced_mnist_conv_e300_L2_b64/multi-normal-cluster_classifier_100/cp-0007.hdf5
 - 3s - loss: 0.6310 - acc: 0.7910 - val_loss: 0.8986 - val_acc: 0.7059
Epoch 8/50

Epoch 00008: saving model to models/unbalanced_mnist_conv_e300_L2_b64/multi-normal-cluster_classifier_100/cp-0008.hdf5
 - 3s - loss: 0.3920 - acc: 0.8604 - val_loss: 0.8440 - val_acc: 0.7456
Epoch 9/50

Epoch 00009: saving model to models/unbalanced_mnist_conv_e300_L2_b64/multi-normal-cluster_classifier_100/cp-0009.hdf5
 - 3s - loss: 0.3170 - acc: 0.8896 - val_loss: 1.1728 - val_acc: 0.6663
Epoch 10/50

Epoch 00010: saving model to models/unbalanced_mnist_conv_e300_L2_b64/multi-normal-cluster_classifier_100/cp-0010.hdf5
 - 3s - loss: 0.2563 - acc: 0.9072 - val_loss: 0.8787 - val_acc: 0.7596
Epoch 11/50

Epoch 00011: saving model to models/unbalanced_mnist_conv_e300_L2_b64/multi-normal-cluster_classifier_100/cp-0011.hdf5
 - 3s - loss: 0.1394 - acc: 0.9570 - val_loss: 0.9296 - val_acc: 0.7596
Epoch 12/50

Epoch 00012: saving model to models/unbalanced_mnist_conv_e300_L2_b64/multi-normal-cluster_classifier_100/cp-0012.hdf5
 - 3s - loss: 0.0986 - acc: 0.9766 - val_loss: 0.9349 - val_acc: 0.7737
Epoch 13/50

Epoch 00013: saving model to models/unbalanced_mnist_conv_e300_L2_b64/multi-normal-cluster_classifier_100/cp-0013.hdf5
 - 3s - loss: 0.0526 - acc: 0.9912 - val_loss: 1.1134 - val_acc: 0.7591
Epoch 14/50

Epoch 00014: saving model to models/unbalanced_mnist_conv_e300_L2_b64/multi-normal-cluster_classifier_100/cp-0014.hdf5
 - 3s - loss: 0.0847 - acc: 0.9736 - val_loss: 1.0647 - val_acc: 0.7670
Epoch 15/50

Epoch 00015: saving model to models/unbalanced_mnist_conv_e300_L2_b64/multi-normal-cluster_classifier_100/cp-0015.hdf5
 - 3s - loss: 0.0369 - acc: 0.9912 - val_loss: 1.0274 - val_acc: 0.7795
Epoch 16/50

Epoch 00016: saving model to models/unbalanced_mnist_conv_e300_L2_b64/multi-normal-cluster_classifier_100/cp-0016.hdf5
 - 3s - loss: 0.0221 - acc: 0.9971 - val_loss: 1.0871 - val_acc: 0.7779
Epoch 17/50

Epoch 00017: saving model to models/unbalanced_mnist_conv_e300_L2_b64/multi-normal-cluster_classifier_100/cp-0017.hdf5
 - 3s - loss: 0.0171 - acc: 0.9961 - val_loss: 1.1585 - val_acc: 0.7780
Epoch 18/50

Epoch 00018: saving model to models/unbalanced_mnist_conv_e300_L2_b64/multi-normal-cluster_classifier_100/cp-0018.hdf5
 - 3s - loss: 0.0196 - acc: 0.9980 - val_loss: 1.1337 - val_acc: 0.7829
Epoch 19/50

Epoch 00019: saving model to models/unbalanced_mnist_conv_e300_L2_b64/multi-normal-cluster_classifier_100/cp-0019.hdf5
 - 3s - loss: 0.0097 - acc: 0.9990 - val_loss: 1.2018 - val_acc: 0.7785
Epoch 20/50

Epoch 00020: saving model to models/unbalanced_mnist_conv_e300_L2_b64/multi-normal-cluster_classifier_100/cp-0020.hdf5
 - 3s - loss: 0.0248 - acc: 0.9922 - val_loss: 1.1834 - val_acc: 0.7746
Epoch 21/50

Epoch 00021: saving model to models/unbalanced_mnist_conv_e300_L2_b64/multi-normal-cluster_classifier_100/cp-0021.hdf5
 - 3s - loss: 0.0106 - acc: 1.0000 - val_loss: 1.2099 - val_acc: 0.7824
Epoch 22/50

Epoch 00022: saving model to models/unbalanced_mnist_conv_e300_L2_b64/multi-normal-cluster_classifier_100/cp-0022.hdf5
 - 3s - loss: 0.0052 - acc: 0.9990 - val_loss: 1.2058 - val_acc: 0.7785
Epoch 23/50

Epoch 00023: saving model to models/unbalanced_mnist_conv_e300_L2_b64/multi-normal-cluster_classifier_100/cp-0023.hdf5
 - 3s - loss: 0.0097 - acc: 0.9980 - val_loss: 1.2799 - val_acc: 0.7756
Epoch 24/50

Epoch 00024: saving model to models/unbalanced_mnist_conv_e300_L2_b64/multi-normal-cluster_classifier_100/cp-0024.hdf5
 - 3s - loss: 0.0095 - acc: 0.9980 - val_loss: 1.2491 - val_acc: 0.7814
Epoch 25/50

Epoch 00025: saving model to models/unbalanced_mnist_conv_e300_L2_b64/multi-normal-cluster_classifier_100/cp-0025.hdf5
 - 3s - loss: 0.0134 - acc: 0.9961 - val_loss: 1.2860 - val_acc: 0.7793
Epoch 26/50

Epoch 00026: saving model to models/unbalanced_mnist_conv_e300_L2_b64/multi-normal-cluster_classifier_100/cp-0026.hdf5
 - 3s - loss: 0.0096 - acc: 0.9971 - val_loss: 1.2421 - val_acc: 0.7838
Epoch 27/50

Epoch 00027: saving model to models/unbalanced_mnist_conv_e300_L2_b64/multi-normal-cluster_classifier_100/cp-0027.hdf5
 - 3s - loss: 0.0120 - acc: 0.9971 - val_loss: 1.3028 - val_acc: 0.7792
Epoch 28/50

Epoch 00028: saving model to models/unbalanced_mnist_conv_e300_L2_b64/multi-normal-cluster_classifier_100/cp-0028.hdf5
 - 3s - loss: 0.0036 - acc: 1.0000 - val_loss: 1.2889 - val_acc: 0.7793
Epoch 29/50

Epoch 00029: saving model to models/unbalanced_mnist_conv_e300_L2_b64/multi-normal-cluster_classifier_100/cp-0029.hdf5
 - 3s - loss: 0.0042 - acc: 1.0000 - val_loss: 1.2799 - val_acc: 0.7822
Epoch 30/50

Epoch 00030: saving model to models/unbalanced_mnist_conv_e300_L2_b64/multi-normal-cluster_classifier_100/cp-0030.hdf5
 - 3s - loss: 0.0090 - acc: 0.9971 - val_loss: 1.2357 - val_acc: 0.7868
Epoch 31/50

Epoch 00031: saving model to models/unbalanced_mnist_conv_e300_L2_b64/multi-normal-cluster_classifier_100/cp-0031.hdf5
 - 3s - loss: 0.0021 - acc: 1.0000 - val_loss: 1.2649 - val_acc: 0.7854
Epoch 32/50

Epoch 00032: saving model to models/unbalanced_mnist_conv_e300_L2_b64/multi-normal-cluster_classifier_100/cp-0032.hdf5
 - 3s - loss: 0.0049 - acc: 0.9990 - val_loss: 1.2960 - val_acc: 0.7831
Epoch 33/50

Epoch 00033: saving model to models/unbalanced_mnist_conv_e300_L2_b64/multi-normal-cluster_classifier_100/cp-0033.hdf5
 - 3s - loss: 0.0039 - acc: 0.9990 - val_loss: 1.2900 - val_acc: 0.7826
Epoch 34/50

Epoch 00034: saving model to models/unbalanced_mnist_conv_e300_L2_b64/multi-normal-cluster_classifier_100/cp-0034.hdf5
 - 3s - loss: 0.0033 - acc: 1.0000 - val_loss: 1.2961 - val_acc: 0.7875
Epoch 35/50

Epoch 00035: saving model to models/unbalanced_mnist_conv_e300_L2_b64/multi-normal-cluster_classifier_100/cp-0035.hdf5
 - 3s - loss: 0.0084 - acc: 0.9971 - val_loss: 1.3122 - val_acc: 0.7858
Epoch 36/50

Epoch 00036: saving model to models/unbalanced_mnist_conv_e300_L2_b64/multi-normal-cluster_classifier_100/cp-0036.hdf5
 - 3s - loss: 0.0027 - acc: 1.0000 - val_loss: 1.3706 - val_acc: 0.7817
Epoch 37/50

Epoch 00037: saving model to models/unbalanced_mnist_conv_e300_L2_b64/multi-normal-cluster_classifier_100/cp-0037.hdf5
 - 3s - loss: 0.0050 - acc: 0.9990 - val_loss: 1.3559 - val_acc: 0.7836
Epoch 38/50

Epoch 00038: saving model to models/unbalanced_mnist_conv_e300_L2_b64/multi-normal-cluster_classifier_100/cp-0038.hdf5
 - 3s - loss: 0.0025 - acc: 1.0000 - val_loss: 1.3253 - val_acc: 0.7855
Epoch 39/50

Epoch 00039: saving model to models/unbalanced_mnist_conv_e300_L2_b64/multi-normal-cluster_classifier_100/cp-0039.hdf5
 - 3s - loss: 0.0034 - acc: 0.9990 - val_loss: 1.3582 - val_acc: 0.7852
Epoch 40/50

Epoch 00040: saving model to models/unbalanced_mnist_conv_e300_L2_b64/multi-normal-cluster_classifier_100/cp-0040.hdf5
 - 3s - loss: 0.0042 - acc: 0.9990 - val_loss: 1.3445 - val_acc: 0.7847
Epoch 41/50

Epoch 00041: saving model to models/unbalanced_mnist_conv_e300_L2_b64/multi-normal-cluster_classifier_100/cp-0041.hdf5
 - 3s - loss: 0.0045 - acc: 0.9980 - val_loss: 1.3349 - val_acc: 0.7846
Epoch 42/50

Epoch 00042: saving model to models/unbalanced_mnist_conv_e300_L2_b64/multi-normal-cluster_classifier_100/cp-0042.hdf5
 - 3s - loss: 0.0012 - acc: 1.0000 - val_loss: 1.3357 - val_acc: 0.7851
Epoch 43/50

Epoch 00043: saving model to models/unbalanced_mnist_conv_e300_L2_b64/multi-normal-cluster_classifier_100/cp-0043.hdf5
 - 3s - loss: 0.0015 - acc: 1.0000 - val_loss: 1.3394 - val_acc: 0.7885
Epoch 44/50

Epoch 00044: saving model to models/unbalanced_mnist_conv_e300_L2_b64/multi-normal-cluster_classifier_100/cp-0044.hdf5
 - 3s - loss: 0.0014 - acc: 1.0000 - val_loss: 1.3725 - val_acc: 0.7855
Epoch 45/50

Epoch 00045: saving model to models/unbalanced_mnist_conv_e300_L2_b64/multi-normal-cluster_classifier_100/cp-0045.hdf5
 - 3s - loss: 0.0015 - acc: 1.0000 - val_loss: 1.3855 - val_acc: 0.7846
Epoch 46/50

Epoch 00046: saving model to models/unbalanced_mnist_conv_e300_L2_b64/multi-normal-cluster_classifier_100/cp-0046.hdf5
 - 3s - loss: 0.0013 - acc: 1.0000 - val_loss: 1.3531 - val_acc: 0.7883
Epoch 47/50

Epoch 00047: saving model to models/unbalanced_mnist_conv_e300_L2_b64/multi-normal-cluster_classifier_100/cp-0047.hdf5
 - 3s - loss: 0.0025 - acc: 1.0000 - val_loss: 1.4323 - val_acc: 0.7824
Epoch 48/50

Epoch 00048: saving model to models/unbalanced_mnist_conv_e300_L2_b64/multi-normal-cluster_classifier_100/cp-0048.hdf5
 - 3s - loss: 0.0070 - acc: 0.9971 - val_loss: 1.3790 - val_acc: 0.7874
Epoch 49/50

Epoch 00049: saving model to models/unbalanced_mnist_conv_e300_L2_b64/multi-normal-cluster_classifier_100/cp-0049.hdf5
 - 3s - loss: 0.0079 - acc: 0.9980 - val_loss: 1.4608 - val_acc: 0.7778
Epoch 50/50

Epoch 00050: saving model to models/unbalanced_mnist_conv_e300_L2_b64/multi-normal-cluster_classifier_100/cp-0050.hdf5
 - 3s - loss: 0.0072 - acc: 0.9980 - val_loss: 1.3851 - val_acc: 0.7880
Epoch 1/50

Epoch 00001: saving model to models/unbalanced_mnist_conv_e300_L2_b64/error_classifier_100/cp-0001.hdf5
 - 5s - loss: 2.2791 - acc: 0.1826 - val_loss: 2.2990 - val_acc: 0.1338
Epoch 2/50

Epoch 00002: saving model to models/unbalanced_mnist_conv_e300_L2_b64/error_classifier_100/cp-0002.hdf5
 - 3s - loss: 1.9560 - acc: 0.2676 - val_loss: 3.1607 - val_acc: 0.0989
Epoch 3/50

Epoch 00003: saving model to models/unbalanced_mnist_conv_e300_L2_b64/error_classifier_100/cp-0003.hdf5
 - 3s - loss: 1.4781 - acc: 0.3906 - val_loss: 4.8848 - val_acc: 0.2335
Epoch 4/50

Epoch 00004: saving model to models/unbalanced_mnist_conv_e300_L2_b64/error_classifier_100/cp-0004.hdf5
 - 3s - loss: 1.3083 - acc: 0.4883 - val_loss: 5.5949 - val_acc: 0.2082
Epoch 5/50

Epoch 00005: saving model to models/unbalanced_mnist_conv_e300_L2_b64/error_classifier_100/cp-0005.hdf5
 - 3s - loss: 0.9920 - acc: 0.6611 - val_loss: 6.1797 - val_acc: 0.2896
Epoch 6/50

Epoch 00006: saving model to models/unbalanced_mnist_conv_e300_L2_b64/error_classifier_100/cp-0006.hdf5
 - 3s - loss: 0.8103 - acc: 0.7256 - val_loss: 5.5377 - val_acc: 0.3962
Epoch 7/50

Epoch 00007: saving model to models/unbalanced_mnist_conv_e300_L2_b64/error_classifier_100/cp-0007.hdf5
 - 3s - loss: 0.6462 - acc: 0.7695 - val_loss: 5.5190 - val_acc: 0.4205
Epoch 8/50

Epoch 00008: saving model to models/unbalanced_mnist_conv_e300_L2_b64/error_classifier_100/cp-0008.hdf5
 - 3s - loss: 0.5327 - acc: 0.8135 - val_loss: 5.8534 - val_acc: 0.4302
Epoch 9/50

Epoch 00009: saving model to models/unbalanced_mnist_conv_e300_L2_b64/error_classifier_100/cp-0009.hdf5
 - 3s - loss: 0.4269 - acc: 0.8516 - val_loss: 6.3308 - val_acc: 0.4359
Epoch 10/50

Epoch 00010: saving model to models/unbalanced_mnist_conv_e300_L2_b64/error_classifier_100/cp-0010.hdf5
 - 3s - loss: 0.4147 - acc: 0.8477 - val_loss: 6.1319 - val_acc: 0.4441
Epoch 11/50

Epoch 00011: saving model to models/unbalanced_mnist_conv_e300_L2_b64/error_classifier_100/cp-0011.hdf5
 - 3s - loss: 0.3012 - acc: 0.8955 - val_loss: 6.7873 - val_acc: 0.4460
Epoch 12/50

Epoch 00012: saving model to models/unbalanced_mnist_conv_e300_L2_b64/error_classifier_100/cp-0012.hdf5
 - 3s - loss: 0.2605 - acc: 0.9033 - val_loss: 6.7844 - val_acc: 0.4536
Epoch 13/50

Epoch 00013: saving model to models/unbalanced_mnist_conv_e300_L2_b64/error_classifier_100/cp-0013.hdf5
 - 3s - loss: 0.1676 - acc: 0.9424 - val_loss: 7.3513 - val_acc: 0.4504
Epoch 14/50

Epoch 00014: saving model to models/unbalanced_mnist_conv_e300_L2_b64/error_classifier_100/cp-0014.hdf5
 - 3s - loss: 0.1530 - acc: 0.9424 - val_loss: 7.6657 - val_acc: 0.4476
Epoch 15/50

Epoch 00015: saving model to models/unbalanced_mnist_conv_e300_L2_b64/error_classifier_100/cp-0015.hdf5
 - 3s - loss: 0.0837 - acc: 0.9775 - val_loss: 7.8695 - val_acc: 0.4534
Epoch 16/50

Epoch 00016: saving model to models/unbalanced_mnist_conv_e300_L2_b64/error_classifier_100/cp-0016.hdf5
 - 3s - loss: 0.0908 - acc: 0.9775 - val_loss: 7.8678 - val_acc: 0.4519
Epoch 17/50

Epoch 00017: saving model to models/unbalanced_mnist_conv_e300_L2_b64/error_classifier_100/cp-0017.hdf5
 - 3s - loss: 0.0700 - acc: 0.9795 - val_loss: 8.0593 - val_acc: 0.4542
Epoch 18/50

Epoch 00018: saving model to models/unbalanced_mnist_conv_e300_L2_b64/error_classifier_100/cp-0018.hdf5
 - 3s - loss: 0.0512 - acc: 0.9854 - val_loss: 8.1257 - val_acc: 0.4547
Epoch 19/50

Epoch 00019: saving model to models/unbalanced_mnist_conv_e300_L2_b64/error_classifier_100/cp-0019.hdf5
 - 3s - loss: 0.0330 - acc: 0.9932 - val_loss: 8.1712 - val_acc: 0.4545
Epoch 20/50

Epoch 00020: saving model to models/unbalanced_mnist_conv_e300_L2_b64/error_classifier_100/cp-0020.hdf5
 - 3s - loss: 0.0345 - acc: 0.9902 - val_loss: 8.2127 - val_acc: 0.4565
Epoch 21/50

Epoch 00021: saving model to models/unbalanced_mnist_conv_e300_L2_b64/error_classifier_100/cp-0021.hdf5
 - 3s - loss: 0.0323 - acc: 0.9912 - val_loss: 8.2141 - val_acc: 0.4575
Epoch 22/50

Epoch 00022: saving model to models/unbalanced_mnist_conv_e300_L2_b64/error_classifier_100/cp-0022.hdf5
 - 3s - loss: 0.0227 - acc: 0.9961 - val_loss: 8.2535 - val_acc: 0.4586
Epoch 23/50

Epoch 00023: saving model to models/unbalanced_mnist_conv_e300_L2_b64/error_classifier_100/cp-0023.hdf5
 - 3s - loss: 0.0140 - acc: 0.9980 - val_loss: 8.2608 - val_acc: 0.4578
Epoch 24/50

Epoch 00024: saving model to models/unbalanced_mnist_conv_e300_L2_b64/error_classifier_100/cp-0024.hdf5
 - 3s - loss: 0.0121 - acc: 0.9971 - val_loss: 8.2911 - val_acc: 0.4553
Epoch 25/50

Epoch 00025: saving model to models/unbalanced_mnist_conv_e300_L2_b64/error_classifier_100/cp-0025.hdf5
 - 3s - loss: 0.0168 - acc: 0.9980 - val_loss: 8.2758 - val_acc: 0.4575
Epoch 26/50

Epoch 00026: saving model to models/unbalanced_mnist_conv_e300_L2_b64/error_classifier_100/cp-0026.hdf5
 - 3s - loss: 0.0130 - acc: 0.9990 - val_loss: 8.2922 - val_acc: 0.4557
Epoch 27/50

Epoch 00027: saving model to models/unbalanced_mnist_conv_e300_L2_b64/error_classifier_100/cp-0027.hdf5
 - 3s - loss: 0.0089 - acc: 0.9990 - val_loss: 8.2992 - val_acc: 0.4562
Epoch 28/50

Epoch 00028: saving model to models/unbalanced_mnist_conv_e300_L2_b64/error_classifier_100/cp-0028.hdf5
 - 3s - loss: 0.0238 - acc: 0.9932 - val_loss: 8.3135 - val_acc: 0.4563
Epoch 29/50

Epoch 00029: saving model to models/unbalanced_mnist_conv_e300_L2_b64/error_classifier_100/cp-0029.hdf5
 - 3s - loss: 0.0101 - acc: 0.9980 - val_loss: 8.3041 - val_acc: 0.4565
Epoch 30/50

Epoch 00030: saving model to models/unbalanced_mnist_conv_e300_L2_b64/error_classifier_100/cp-0030.hdf5
 - 3s - loss: 0.0084 - acc: 0.9980 - val_loss: 8.3023 - val_acc: 0.4579
Epoch 31/50

Epoch 00031: saving model to models/unbalanced_mnist_conv_e300_L2_b64/error_classifier_100/cp-0031.hdf5
 - 3s - loss: 0.0074 - acc: 0.9990 - val_loss: 8.3074 - val_acc: 0.4574
Epoch 32/50

Epoch 00032: saving model to models/unbalanced_mnist_conv_e300_L2_b64/error_classifier_100/cp-0032.hdf5
 - 3s - loss: 0.0046 - acc: 1.0000 - val_loss: 8.3236 - val_acc: 0.4572
Epoch 33/50

Epoch 00033: saving model to models/unbalanced_mnist_conv_e300_L2_b64/error_classifier_100/cp-0033.hdf5
 - 3s - loss: 0.0082 - acc: 0.9980 - val_loss: 8.3147 - val_acc: 0.4577
Epoch 34/50

Epoch 00034: saving model to models/unbalanced_mnist_conv_e300_L2_b64/error_classifier_100/cp-0034.hdf5
 - 3s - loss: 0.0079 - acc: 0.9980 - val_loss: 8.3246 - val_acc: 0.4568
Epoch 35/50

Epoch 00035: saving model to models/unbalanced_mnist_conv_e300_L2_b64/error_classifier_100/cp-0035.hdf5
 - 3s - loss: 0.0123 - acc: 0.9980 - val_loss: 8.3328 - val_acc: 0.4558
Epoch 36/50

Epoch 00036: saving model to models/unbalanced_mnist_conv_e300_L2_b64/error_classifier_100/cp-0036.hdf5
 - 3s - loss: 0.0037 - acc: 1.0000 - val_loss: 8.3200 - val_acc: 0.4586
Epoch 37/50

Epoch 00037: saving model to models/unbalanced_mnist_conv_e300_L2_b64/error_classifier_100/cp-0037.hdf5
 - 3s - loss: 0.0045 - acc: 1.0000 - val_loss: 8.3384 - val_acc: 0.4569
Epoch 38/50

Epoch 00038: saving model to models/unbalanced_mnist_conv_e300_L2_b64/error_classifier_100/cp-0038.hdf5
 - 3s - loss: 0.0071 - acc: 0.9980 - val_loss: 8.3319 - val_acc: 0.4592
Epoch 39/50

Epoch 00039: saving model to models/unbalanced_mnist_conv_e300_L2_b64/error_classifier_100/cp-0039.hdf5
 - 3s - loss: 0.0041 - acc: 0.9990 - val_loss: 8.3284 - val_acc: 0.4580
Epoch 40/50

Epoch 00040: saving model to models/unbalanced_mnist_conv_e300_L2_b64/error_classifier_100/cp-0040.hdf5
 - 3s - loss: 0.0059 - acc: 0.9980 - val_loss: 8.3305 - val_acc: 0.4576
Epoch 41/50

Epoch 00041: saving model to models/unbalanced_mnist_conv_e300_L2_b64/error_classifier_100/cp-0041.hdf5
 - 3s - loss: 0.0036 - acc: 1.0000 - val_loss: 8.3261 - val_acc: 0.4580
Epoch 42/50

Epoch 00042: saving model to models/unbalanced_mnist_conv_e300_L2_b64/error_classifier_100/cp-0042.hdf5
 - 3s - loss: 0.0034 - acc: 1.0000 - val_loss: 8.3245 - val_acc: 0.4600
Epoch 43/50

Epoch 00043: saving model to models/unbalanced_mnist_conv_e300_L2_b64/error_classifier_100/cp-0043.hdf5
 - 3s - loss: 0.0049 - acc: 0.9990 - val_loss: 8.3380 - val_acc: 0.4571
Epoch 44/50

Epoch 00044: saving model to models/unbalanced_mnist_conv_e300_L2_b64/error_classifier_100/cp-0044.hdf5
 - 3s - loss: 0.0076 - acc: 0.9980 - val_loss: 8.3338 - val_acc: 0.4572
Epoch 45/50

Epoch 00045: saving model to models/unbalanced_mnist_conv_e300_L2_b64/error_classifier_100/cp-0045.hdf5
 - 3s - loss: 0.0070 - acc: 0.9971 - val_loss: 8.3304 - val_acc: 0.4589
Epoch 46/50

Epoch 00046: saving model to models/unbalanced_mnist_conv_e300_L2_b64/error_classifier_100/cp-0046.hdf5
 - 3s - loss: 0.0040 - acc: 1.0000 - val_loss: 8.3284 - val_acc: 0.4596
Epoch 47/50

Epoch 00047: saving model to models/unbalanced_mnist_conv_e300_L2_b64/error_classifier_100/cp-0047.hdf5
 - 3s - loss: 0.0027 - acc: 1.0000 - val_loss: 8.3375 - val_acc: 0.4588
Epoch 48/50

Epoch 00048: saving model to models/unbalanced_mnist_conv_e300_L2_b64/error_classifier_100/cp-0048.hdf5
 - 3s - loss: 0.0047 - acc: 0.9990 - val_loss: 8.3491 - val_acc: 0.4571
Epoch 49/50

Epoch 00049: saving model to models/unbalanced_mnist_conv_e300_L2_b64/error_classifier_100/cp-0049.hdf5
 - 3s - loss: 0.0025 - acc: 1.0000 - val_loss: 8.3433 - val_acc: 0.4579
Epoch 50/50

Epoch 00050: saving model to models/unbalanced_mnist_conv_e300_L2_b64/error_classifier_100/cp-0050.hdf5
 - 3s - loss: 0.0029 - acc: 1.0000 - val_loss: 8.3261 - val_acc: 0.4596
Finished.
