Starting analysis...
Epoch 1/50

Epoch 00001: saving model to models/unbalanced_mnist_conv_e300_L2_b64/random_classifier_1000/cp-0001.hdf5
 - 6s - loss: 2.2962 - acc: 0.1436 - val_loss: 2.2987 - val_acc: 0.1399
Epoch 2/50

Epoch 00002: saving model to models/unbalanced_mnist_conv_e300_L2_b64/random_classifier_1000/cp-0002.hdf5
 - 3s - loss: 2.2684 - acc: 0.1865 - val_loss: 2.2940 - val_acc: 0.1717
Epoch 3/50

Epoch 00003: saving model to models/unbalanced_mnist_conv_e300_L2_b64/random_classifier_1000/cp-0003.hdf5
 - 3s - loss: 2.1849 - acc: 0.2168 - val_loss: 2.3261 - val_acc: 0.1745
Epoch 4/50

Epoch 00004: saving model to models/unbalanced_mnist_conv_e300_L2_b64/random_classifier_1000/cp-0004.hdf5
 - 3s - loss: 2.0989 - acc: 0.2686 - val_loss: 2.1821 - val_acc: 0.2877
Epoch 5/50

Epoch 00005: saving model to models/unbalanced_mnist_conv_e300_L2_b64/random_classifier_1000/cp-0005.hdf5
 - 3s - loss: 1.8309 - acc: 0.4004 - val_loss: 1.7895 - val_acc: 0.4554
Epoch 6/50

Epoch 00006: saving model to models/unbalanced_mnist_conv_e300_L2_b64/random_classifier_1000/cp-0006.hdf5
 - 3s - loss: 1.4063 - acc: 0.5527 - val_loss: 1.2764 - val_acc: 0.5538
Epoch 7/50

Epoch 00007: saving model to models/unbalanced_mnist_conv_e300_L2_b64/random_classifier_1000/cp-0007.hdf5
 - 3s - loss: 1.1443 - acc: 0.6348 - val_loss: 1.0245 - val_acc: 0.6483
Epoch 8/50

Epoch 00008: saving model to models/unbalanced_mnist_conv_e300_L2_b64/random_classifier_1000/cp-0008.hdf5
 - 3s - loss: 0.8232 - acc: 0.7441 - val_loss: 0.7203 - val_acc: 0.7781
Epoch 9/50

Epoch 00009: saving model to models/unbalanced_mnist_conv_e300_L2_b64/random_classifier_1000/cp-0009.hdf5
 - 3s - loss: 0.7383 - acc: 0.7617 - val_loss: 0.7816 - val_acc: 0.7496
Epoch 10/50

Epoch 00010: saving model to models/unbalanced_mnist_conv_e300_L2_b64/random_classifier_1000/cp-0010.hdf5
 - 3s - loss: 0.5731 - acc: 0.8252 - val_loss: 0.6341 - val_acc: 0.7823
Epoch 11/50

Epoch 00011: saving model to models/unbalanced_mnist_conv_e300_L2_b64/random_classifier_1000/cp-0011.hdf5
 - 3s - loss: 0.5418 - acc: 0.8379 - val_loss: 0.6387 - val_acc: 0.7969
Epoch 12/50

Epoch 00012: saving model to models/unbalanced_mnist_conv_e300_L2_b64/random_classifier_1000/cp-0012.hdf5
 - 3s - loss: 0.5034 - acc: 0.8359 - val_loss: 0.5494 - val_acc: 0.8300
Epoch 13/50

Epoch 00013: saving model to models/unbalanced_mnist_conv_e300_L2_b64/random_classifier_1000/cp-0013.hdf5
 - 3s - loss: 0.4300 - acc: 0.8652 - val_loss: 0.4951 - val_acc: 0.8459
Epoch 14/50

Epoch 00014: saving model to models/unbalanced_mnist_conv_e300_L2_b64/random_classifier_1000/cp-0014.hdf5
 - 3s - loss: 0.3649 - acc: 0.8867 - val_loss: 0.4159 - val_acc: 0.8789
Epoch 15/50

Epoch 00015: saving model to models/unbalanced_mnist_conv_e300_L2_b64/random_classifier_1000/cp-0015.hdf5
 - 3s - loss: 0.3438 - acc: 0.8818 - val_loss: 0.4091 - val_acc: 0.8752
Epoch 16/50

Epoch 00016: saving model to models/unbalanced_mnist_conv_e300_L2_b64/random_classifier_1000/cp-0016.hdf5
 - 3s - loss: 0.3433 - acc: 0.8887 - val_loss: 0.3876 - val_acc: 0.8822
Epoch 17/50

Epoch 00017: saving model to models/unbalanced_mnist_conv_e300_L2_b64/random_classifier_1000/cp-0017.hdf5
 - 3s - loss: 0.2865 - acc: 0.9102 - val_loss: 0.4026 - val_acc: 0.8801
Epoch 18/50

Epoch 00018: saving model to models/unbalanced_mnist_conv_e300_L2_b64/random_classifier_1000/cp-0018.hdf5
 - 3s - loss: 0.2961 - acc: 0.9102 - val_loss: 0.3811 - val_acc: 0.8840
Epoch 19/50

Epoch 00019: saving model to models/unbalanced_mnist_conv_e300_L2_b64/random_classifier_1000/cp-0019.hdf5
 - 3s - loss: 0.2148 - acc: 0.9375 - val_loss: 0.3422 - val_acc: 0.8940
Epoch 20/50

Epoch 00020: saving model to models/unbalanced_mnist_conv_e300_L2_b64/random_classifier_1000/cp-0020.hdf5
 - 3s - loss: 0.2251 - acc: 0.9219 - val_loss: 0.3243 - val_acc: 0.9052
Epoch 21/50

Epoch 00021: saving model to models/unbalanced_mnist_conv_e300_L2_b64/random_classifier_1000/cp-0021.hdf5
 - 3s - loss: 0.2049 - acc: 0.9355 - val_loss: 0.3666 - val_acc: 0.8903
Epoch 22/50

Epoch 00022: saving model to models/unbalanced_mnist_conv_e300_L2_b64/random_classifier_1000/cp-0022.hdf5
 - 3s - loss: 0.1948 - acc: 0.9336 - val_loss: 0.3408 - val_acc: 0.8973
Epoch 23/50

Epoch 00023: saving model to models/unbalanced_mnist_conv_e300_L2_b64/random_classifier_1000/cp-0023.hdf5
 - 3s - loss: 0.1776 - acc: 0.9385 - val_loss: 0.4105 - val_acc: 0.8743
Epoch 24/50

Epoch 00024: saving model to models/unbalanced_mnist_conv_e300_L2_b64/random_classifier_1000/cp-0024.hdf5
 - 3s - loss: 0.1671 - acc: 0.9424 - val_loss: 0.3316 - val_acc: 0.9001
Epoch 25/50

Epoch 00025: saving model to models/unbalanced_mnist_conv_e300_L2_b64/random_classifier_1000/cp-0025.hdf5
 - 3s - loss: 0.1765 - acc: 0.9463 - val_loss: 0.3289 - val_acc: 0.8992
Epoch 26/50

Epoch 00026: saving model to models/unbalanced_mnist_conv_e300_L2_b64/random_classifier_1000/cp-0026.hdf5
 - 3s - loss: 0.1544 - acc: 0.9502 - val_loss: 0.3348 - val_acc: 0.8999
Epoch 27/50

Epoch 00027: saving model to models/unbalanced_mnist_conv_e300_L2_b64/random_classifier_1000/cp-0027.hdf5
 - 3s - loss: 0.1398 - acc: 0.9551 - val_loss: 0.3017 - val_acc: 0.9111
Epoch 28/50

Epoch 00028: saving model to models/unbalanced_mnist_conv_e300_L2_b64/random_classifier_1000/cp-0028.hdf5
 - 3s - loss: 0.1291 - acc: 0.9600 - val_loss: 0.3630 - val_acc: 0.8959
Epoch 29/50

Epoch 00029: saving model to models/unbalanced_mnist_conv_e300_L2_b64/random_classifier_1000/cp-0029.hdf5
 - 3s - loss: 0.1340 - acc: 0.9609 - val_loss: 0.3642 - val_acc: 0.8909
Epoch 30/50

Epoch 00030: saving model to models/unbalanced_mnist_conv_e300_L2_b64/random_classifier_1000/cp-0030.hdf5
 - 3s - loss: 0.1199 - acc: 0.9639 - val_loss: 0.3170 - val_acc: 0.9108
Epoch 31/50

Epoch 00031: saving model to models/unbalanced_mnist_conv_e300_L2_b64/random_classifier_1000/cp-0031.hdf5
 - 3s - loss: 0.1069 - acc: 0.9590 - val_loss: 0.3208 - val_acc: 0.9042
Epoch 32/50

Epoch 00032: saving model to models/unbalanced_mnist_conv_e300_L2_b64/random_classifier_1000/cp-0032.hdf5
 - 3s - loss: 0.0879 - acc: 0.9736 - val_loss: 0.3134 - val_acc: 0.9122
Epoch 33/50

Epoch 00033: saving model to models/unbalanced_mnist_conv_e300_L2_b64/random_classifier_1000/cp-0033.hdf5
 - 3s - loss: 0.1006 - acc: 0.9629 - val_loss: 0.3758 - val_acc: 0.8964
Epoch 34/50

Epoch 00034: saving model to models/unbalanced_mnist_conv_e300_L2_b64/random_classifier_1000/cp-0034.hdf5
 - 3s - loss: 0.0932 - acc: 0.9658 - val_loss: 0.3327 - val_acc: 0.9068
Epoch 35/50

Epoch 00035: saving model to models/unbalanced_mnist_conv_e300_L2_b64/random_classifier_1000/cp-0035.hdf5
 - 3s - loss: 0.0952 - acc: 0.9658 - val_loss: 0.3376 - val_acc: 0.9077
Epoch 36/50

Epoch 00036: saving model to models/unbalanced_mnist_conv_e300_L2_b64/random_classifier_1000/cp-0036.hdf5
 - 3s - loss: 0.0864 - acc: 0.9746 - val_loss: 0.3358 - val_acc: 0.9098
Epoch 37/50

Epoch 00037: saving model to models/unbalanced_mnist_conv_e300_L2_b64/random_classifier_1000/cp-0037.hdf5
 - 3s - loss: 0.0738 - acc: 0.9805 - val_loss: 0.3289 - val_acc: 0.9144
Epoch 38/50

Epoch 00038: saving model to models/unbalanced_mnist_conv_e300_L2_b64/random_classifier_1000/cp-0038.hdf5
 - 3s - loss: 0.0805 - acc: 0.9736 - val_loss: 0.3381 - val_acc: 0.9070
Epoch 39/50

Epoch 00039: saving model to models/unbalanced_mnist_conv_e300_L2_b64/random_classifier_1000/cp-0039.hdf5
 - 3s - loss: 0.0836 - acc: 0.9688 - val_loss: 0.3482 - val_acc: 0.9072
Epoch 40/50

Epoch 00040: saving model to models/unbalanced_mnist_conv_e300_L2_b64/random_classifier_1000/cp-0040.hdf5
 - 3s - loss: 0.0663 - acc: 0.9844 - val_loss: 0.3409 - val_acc: 0.9083
Epoch 41/50

Epoch 00041: saving model to models/unbalanced_mnist_conv_e300_L2_b64/random_classifier_1000/cp-0041.hdf5
 - 3s - loss: 0.0552 - acc: 0.9834 - val_loss: 0.2929 - val_acc: 0.9250
Epoch 42/50

Epoch 00042: saving model to models/unbalanced_mnist_conv_e300_L2_b64/random_classifier_1000/cp-0042.hdf5
 - 3s - loss: 0.0595 - acc: 0.9844 - val_loss: 0.3255 - val_acc: 0.9148
Epoch 43/50

Epoch 00043: saving model to models/unbalanced_mnist_conv_e300_L2_b64/random_classifier_1000/cp-0043.hdf5
 - 3s - loss: 0.0504 - acc: 0.9844 - val_loss: 0.3613 - val_acc: 0.9072
Epoch 44/50

Epoch 00044: saving model to models/unbalanced_mnist_conv_e300_L2_b64/random_classifier_1000/cp-0044.hdf5
 - 3s - loss: 0.0566 - acc: 0.9785 - val_loss: 0.3246 - val_acc: 0.9133
Epoch 45/50

Epoch 00045: saving model to models/unbalanced_mnist_conv_e300_L2_b64/random_classifier_1000/cp-0045.hdf5
 - 3s - loss: 0.0497 - acc: 0.9844 - val_loss: 0.3136 - val_acc: 0.9223
Epoch 46/50

Epoch 00046: saving model to models/unbalanced_mnist_conv_e300_L2_b64/random_classifier_1000/cp-0046.hdf5
 - 3s - loss: 0.0522 - acc: 0.9844 - val_loss: 0.3612 - val_acc: 0.9120
Epoch 47/50

Epoch 00047: saving model to models/unbalanced_mnist_conv_e300_L2_b64/random_classifier_1000/cp-0047.hdf5
 - 3s - loss: 0.0418 - acc: 0.9902 - val_loss: 0.3713 - val_acc: 0.9095
Epoch 48/50

Epoch 00048: saving model to models/unbalanced_mnist_conv_e300_L2_b64/random_classifier_1000/cp-0048.hdf5
 - 3s - loss: 0.0415 - acc: 0.9854 - val_loss: 0.3475 - val_acc: 0.9154
Epoch 49/50

Epoch 00049: saving model to models/unbalanced_mnist_conv_e300_L2_b64/random_classifier_1000/cp-0049.hdf5
 - 3s - loss: 0.0354 - acc: 0.9912 - val_loss: 0.3552 - val_acc: 0.9166
Epoch 50/50

Epoch 00050: saving model to models/unbalanced_mnist_conv_e300_L2_b64/random_classifier_1000/cp-0050.hdf5
 - 3s - loss: 0.0425 - acc: 0.9854 - val_loss: 0.3276 - val_acc: 0.9224
Epoch 1/50

Epoch 00001: saving model to models/unbalanced_mnist_conv_e300_L2_b64/normal_classifier_1000/cp-0001.hdf5
 - 5s - loss: 2.2996 - acc: 0.1357 - val_loss: 2.3006 - val_acc: 0.1634
Epoch 2/50

Epoch 00002: saving model to models/unbalanced_mnist_conv_e300_L2_b64/normal_classifier_1000/cp-0002.hdf5
 - 3s - loss: 2.2709 - acc: 0.2158 - val_loss: 2.2965 - val_acc: 0.1634
Epoch 3/50

Epoch 00003: saving model to models/unbalanced_mnist_conv_e300_L2_b64/normal_classifier_1000/cp-0003.hdf5
 - 3s - loss: 2.1538 - acc: 0.2061 - val_loss: 2.3951 - val_acc: 0.1519
Epoch 4/50

Epoch 00004: saving model to models/unbalanced_mnist_conv_e300_L2_b64/normal_classifier_1000/cp-0004.hdf5
 - 3s - loss: 2.0439 - acc: 0.2812 - val_loss: 2.3813 - val_acc: 0.3245
Epoch 5/50

Epoch 00005: saving model to models/unbalanced_mnist_conv_e300_L2_b64/normal_classifier_1000/cp-0005.hdf5
 - 3s - loss: 1.7406 - acc: 0.4590 - val_loss: 1.9015 - val_acc: 0.4390
Epoch 6/50

Epoch 00006: saving model to models/unbalanced_mnist_conv_e300_L2_b64/normal_classifier_1000/cp-0006.hdf5
 - 3s - loss: 1.3336 - acc: 0.5928 - val_loss: 1.6274 - val_acc: 0.5552
Epoch 7/50

Epoch 00007: saving model to models/unbalanced_mnist_conv_e300_L2_b64/normal_classifier_1000/cp-0007.hdf5
 - 3s - loss: 1.1554 - acc: 0.6133 - val_loss: 1.1671 - val_acc: 0.6423
Epoch 8/50

Epoch 00008: saving model to models/unbalanced_mnist_conv_e300_L2_b64/normal_classifier_1000/cp-0008.hdf5
 - 3s - loss: 0.8641 - acc: 0.7383 - val_loss: 1.0269 - val_acc: 0.6993
Epoch 9/50

Epoch 00009: saving model to models/unbalanced_mnist_conv_e300_L2_b64/normal_classifier_1000/cp-0009.hdf5
 - 3s - loss: 0.7649 - acc: 0.7549 - val_loss: 0.8538 - val_acc: 0.7433
Epoch 10/50

Epoch 00010: saving model to models/unbalanced_mnist_conv_e300_L2_b64/normal_classifier_1000/cp-0010.hdf5
 - 3s - loss: 0.7062 - acc: 0.7783 - val_loss: 0.7825 - val_acc: 0.7681
Epoch 11/50

Epoch 00011: saving model to models/unbalanced_mnist_conv_e300_L2_b64/normal_classifier_1000/cp-0011.hdf5
 - 3s - loss: 0.5975 - acc: 0.8232 - val_loss: 0.7177 - val_acc: 0.7845
Epoch 12/50

Epoch 00012: saving model to models/unbalanced_mnist_conv_e300_L2_b64/normal_classifier_1000/cp-0012.hdf5
 - 3s - loss: 0.5455 - acc: 0.8291 - val_loss: 0.6039 - val_acc: 0.8260
Epoch 13/50

Epoch 00013: saving model to models/unbalanced_mnist_conv_e300_L2_b64/normal_classifier_1000/cp-0013.hdf5
 - 3s - loss: 0.4551 - acc: 0.8584 - val_loss: 0.5749 - val_acc: 0.8310
Epoch 14/50

Epoch 00014: saving model to models/unbalanced_mnist_conv_e300_L2_b64/normal_classifier_1000/cp-0014.hdf5
 - 3s - loss: 0.4332 - acc: 0.8613 - val_loss: 0.5826 - val_acc: 0.8268
Epoch 15/50

Epoch 00015: saving model to models/unbalanced_mnist_conv_e300_L2_b64/normal_classifier_1000/cp-0015.hdf5
 - 3s - loss: 0.4231 - acc: 0.8662 - val_loss: 0.5566 - val_acc: 0.8545
Epoch 16/50

Epoch 00016: saving model to models/unbalanced_mnist_conv_e300_L2_b64/normal_classifier_1000/cp-0016.hdf5
 - 3s - loss: 0.3667 - acc: 0.8828 - val_loss: 0.5209 - val_acc: 0.8526
Epoch 17/50

Epoch 00017: saving model to models/unbalanced_mnist_conv_e300_L2_b64/normal_classifier_1000/cp-0017.hdf5
 - 3s - loss: 0.3263 - acc: 0.8965 - val_loss: 0.5956 - val_acc: 0.8318
Epoch 18/50

Epoch 00018: saving model to models/unbalanced_mnist_conv_e300_L2_b64/normal_classifier_1000/cp-0018.hdf5
 - 3s - loss: 0.3139 - acc: 0.8896 - val_loss: 0.5565 - val_acc: 0.8524
Epoch 19/50

Epoch 00019: saving model to models/unbalanced_mnist_conv_e300_L2_b64/normal_classifier_1000/cp-0019.hdf5
 - 3s - loss: 0.3214 - acc: 0.8887 - val_loss: 0.5668 - val_acc: 0.8394
Epoch 20/50

Epoch 00020: saving model to models/unbalanced_mnist_conv_e300_L2_b64/normal_classifier_1000/cp-0020.hdf5
 - 3s - loss: 0.2411 - acc: 0.9248 - val_loss: 0.4303 - val_acc: 0.8770
Epoch 21/50

Epoch 00021: saving model to models/unbalanced_mnist_conv_e300_L2_b64/normal_classifier_1000/cp-0021.hdf5
 - 3s - loss: 0.2215 - acc: 0.9297 - val_loss: 0.4820 - val_acc: 0.8677
Epoch 22/50

Epoch 00022: saving model to models/unbalanced_mnist_conv_e300_L2_b64/normal_classifier_1000/cp-0022.hdf5
 - 3s - loss: 0.1910 - acc: 0.9404 - val_loss: 0.4574 - val_acc: 0.8780
Epoch 23/50

Epoch 00023: saving model to models/unbalanced_mnist_conv_e300_L2_b64/normal_classifier_1000/cp-0023.hdf5
 - 3s - loss: 0.1881 - acc: 0.9307 - val_loss: 0.4895 - val_acc: 0.8751
Epoch 24/50

Epoch 00024: saving model to models/unbalanced_mnist_conv_e300_L2_b64/normal_classifier_1000/cp-0024.hdf5
 - 3s - loss: 0.1797 - acc: 0.9385 - val_loss: 0.5046 - val_acc: 0.8675
Epoch 25/50

Epoch 00025: saving model to models/unbalanced_mnist_conv_e300_L2_b64/normal_classifier_1000/cp-0025.hdf5
 - 3s - loss: 0.1957 - acc: 0.9375 - val_loss: 0.4446 - val_acc: 0.8831
Epoch 26/50

Epoch 00026: saving model to models/unbalanced_mnist_conv_e300_L2_b64/normal_classifier_1000/cp-0026.hdf5
 - 3s - loss: 0.1515 - acc: 0.9453 - val_loss: 0.4357 - val_acc: 0.8840
Epoch 27/50

Epoch 00027: saving model to models/unbalanced_mnist_conv_e300_L2_b64/normal_classifier_1000/cp-0027.hdf5
 - 3s - loss: 0.1487 - acc: 0.9580 - val_loss: 0.4196 - val_acc: 0.8865
Epoch 28/50

Epoch 00028: saving model to models/unbalanced_mnist_conv_e300_L2_b64/normal_classifier_1000/cp-0028.hdf5
 - 3s - loss: 0.1179 - acc: 0.9619 - val_loss: 0.4601 - val_acc: 0.8815
Epoch 29/50

Epoch 00029: saving model to models/unbalanced_mnist_conv_e300_L2_b64/normal_classifier_1000/cp-0029.hdf5
 - 3s - loss: 0.1285 - acc: 0.9551 - val_loss: 0.4360 - val_acc: 0.8840
Epoch 30/50

Epoch 00030: saving model to models/unbalanced_mnist_conv_e300_L2_b64/normal_classifier_1000/cp-0030.hdf5
 - 3s - loss: 0.1242 - acc: 0.9600 - val_loss: 0.4416 - val_acc: 0.8854
Epoch 31/50

Epoch 00031: saving model to models/unbalanced_mnist_conv_e300_L2_b64/normal_classifier_1000/cp-0031.hdf5
 - 3s - loss: 0.1192 - acc: 0.9609 - val_loss: 0.4289 - val_acc: 0.8854
Epoch 32/50

Epoch 00032: saving model to models/unbalanced_mnist_conv_e300_L2_b64/normal_classifier_1000/cp-0032.hdf5
 - 3s - loss: 0.0818 - acc: 0.9775 - val_loss: 0.4678 - val_acc: 0.8844
Epoch 33/50

Epoch 00033: saving model to models/unbalanced_mnist_conv_e300_L2_b64/normal_classifier_1000/cp-0033.hdf5
 - 3s - loss: 0.1022 - acc: 0.9580 - val_loss: 0.4406 - val_acc: 0.8878
Epoch 34/50

Epoch 00034: saving model to models/unbalanced_mnist_conv_e300_L2_b64/normal_classifier_1000/cp-0034.hdf5
 - 3s - loss: 0.0769 - acc: 0.9766 - val_loss: 0.4384 - val_acc: 0.8897
Epoch 35/50

Epoch 00035: saving model to models/unbalanced_mnist_conv_e300_L2_b64/normal_classifier_1000/cp-0035.hdf5
 - 3s - loss: 0.0869 - acc: 0.9707 - val_loss: 0.4302 - val_acc: 0.8928
Epoch 36/50

Epoch 00036: saving model to models/unbalanced_mnist_conv_e300_L2_b64/normal_classifier_1000/cp-0036.hdf5
 - 3s - loss: 0.0633 - acc: 0.9805 - val_loss: 0.4523 - val_acc: 0.8910
Epoch 37/50

Epoch 00037: saving model to models/unbalanced_mnist_conv_e300_L2_b64/normal_classifier_1000/cp-0037.hdf5
 - 3s - loss: 0.0715 - acc: 0.9805 - val_loss: 0.4248 - val_acc: 0.8932
Epoch 38/50

Epoch 00038: saving model to models/unbalanced_mnist_conv_e300_L2_b64/normal_classifier_1000/cp-0038.hdf5
 - 3s - loss: 0.0753 - acc: 0.9746 - val_loss: 0.4284 - val_acc: 0.8931
Epoch 39/50

Epoch 00039: saving model to models/unbalanced_mnist_conv_e300_L2_b64/normal_classifier_1000/cp-0039.hdf5
 - 3s - loss: 0.0666 - acc: 0.9795 - val_loss: 0.4748 - val_acc: 0.8890
Epoch 40/50

Epoch 00040: saving model to models/unbalanced_mnist_conv_e300_L2_b64/normal_classifier_1000/cp-0040.hdf5
 - 3s - loss: 0.0579 - acc: 0.9834 - val_loss: 0.4596 - val_acc: 0.8894
Epoch 41/50

Epoch 00041: saving model to models/unbalanced_mnist_conv_e300_L2_b64/normal_classifier_1000/cp-0041.hdf5
 - 3s - loss: 0.0573 - acc: 0.9805 - val_loss: 0.4728 - val_acc: 0.8944
Epoch 42/50

Epoch 00042: saving model to models/unbalanced_mnist_conv_e300_L2_b64/normal_classifier_1000/cp-0042.hdf5
 - 3s - loss: 0.0510 - acc: 0.9854 - val_loss: 0.4482 - val_acc: 0.8986
Epoch 43/50

Epoch 00043: saving model to models/unbalanced_mnist_conv_e300_L2_b64/normal_classifier_1000/cp-0043.hdf5
 - 3s - loss: 0.0516 - acc: 0.9873 - val_loss: 0.4565 - val_acc: 0.8984
Epoch 44/50

Epoch 00044: saving model to models/unbalanced_mnist_conv_e300_L2_b64/normal_classifier_1000/cp-0044.hdf5
 - 3s - loss: 0.0523 - acc: 0.9805 - val_loss: 0.4694 - val_acc: 0.8956
Epoch 45/50

Epoch 00045: saving model to models/unbalanced_mnist_conv_e300_L2_b64/normal_classifier_1000/cp-0045.hdf5
 - 3s - loss: 0.0438 - acc: 0.9873 - val_loss: 0.4693 - val_acc: 0.8975
Epoch 46/50

Epoch 00046: saving model to models/unbalanced_mnist_conv_e300_L2_b64/normal_classifier_1000/cp-0046.hdf5
 - 3s - loss: 0.0515 - acc: 0.9834 - val_loss: 0.4557 - val_acc: 0.8963
Epoch 47/50

Epoch 00047: saving model to models/unbalanced_mnist_conv_e300_L2_b64/normal_classifier_1000/cp-0047.hdf5
 - 3s - loss: 0.0449 - acc: 0.9814 - val_loss: 0.4487 - val_acc: 0.8994
Epoch 48/50

Epoch 00048: saving model to models/unbalanced_mnist_conv_e300_L2_b64/normal_classifier_1000/cp-0048.hdf5
 - 3s - loss: 0.0390 - acc: 0.9863 - val_loss: 0.4456 - val_acc: 0.8991
Epoch 49/50

Epoch 00049: saving model to models/unbalanced_mnist_conv_e300_L2_b64/normal_classifier_1000/cp-0049.hdf5
 - 3s - loss: 0.0362 - acc: 0.9873 - val_loss: 0.4703 - val_acc: 0.8969
Epoch 50/50

Epoch 00050: saving model to models/unbalanced_mnist_conv_e300_L2_b64/normal_classifier_1000/cp-0050.hdf5
 - 3s - loss: 0.0362 - acc: 0.9893 - val_loss: 0.4761 - val_acc: 0.8959
Epoch 1/50

Epoch 00001: saving model to models/unbalanced_mnist_conv_e300_L2_b64/multi-normal_classifier_1000/cp-0001.hdf5
 - 5s - loss: 2.2920 - acc: 0.1621 - val_loss: 2.3008 - val_acc: 0.1546
Epoch 2/50

Epoch 00002: saving model to models/unbalanced_mnist_conv_e300_L2_b64/multi-normal_classifier_1000/cp-0002.hdf5
 - 3s - loss: 2.2172 - acc: 0.2119 - val_loss: 2.3542 - val_acc: 0.0978
Epoch 3/50

Epoch 00003: saving model to models/unbalanced_mnist_conv_e300_L2_b64/multi-normal_classifier_1000/cp-0003.hdf5
 - 3s - loss: 2.0721 - acc: 0.2021 - val_loss: 2.4595 - val_acc: 0.1228
Epoch 4/50

Epoch 00004: saving model to models/unbalanced_mnist_conv_e300_L2_b64/multi-normal_classifier_1000/cp-0004.hdf5
 - 3s - loss: 1.8703 - acc: 0.3691 - val_loss: 2.1664 - val_acc: 0.4902
Epoch 5/50

Epoch 00005: saving model to models/unbalanced_mnist_conv_e300_L2_b64/multi-normal_classifier_1000/cp-0005.hdf5
 - 3s - loss: 1.4687 - acc: 0.5205 - val_loss: 1.7268 - val_acc: 0.5000
Epoch 6/50

Epoch 00006: saving model to models/unbalanced_mnist_conv_e300_L2_b64/multi-normal_classifier_1000/cp-0006.hdf5
 - 3s - loss: 1.1337 - acc: 0.6465 - val_loss: 1.3899 - val_acc: 0.5406
Epoch 7/50

Epoch 00007: saving model to models/unbalanced_mnist_conv_e300_L2_b64/multi-normal_classifier_1000/cp-0007.hdf5
 - 3s - loss: 0.9000 - acc: 0.7236 - val_loss: 1.1628 - val_acc: 0.6251
Epoch 8/50

Epoch 00008: saving model to models/unbalanced_mnist_conv_e300_L2_b64/multi-normal_classifier_1000/cp-0008.hdf5
 - 3s - loss: 0.8483 - acc: 0.7334 - val_loss: 0.9207 - val_acc: 0.7061
Epoch 9/50

Epoch 00009: saving model to models/unbalanced_mnist_conv_e300_L2_b64/multi-normal_classifier_1000/cp-0009.hdf5
 - 3s - loss: 0.7078 - acc: 0.7812 - val_loss: 0.7694 - val_acc: 0.7596
Epoch 10/50

Epoch 00010: saving model to models/unbalanced_mnist_conv_e300_L2_b64/multi-normal_classifier_1000/cp-0010.hdf5
 - 3s - loss: 0.6463 - acc: 0.7891 - val_loss: 0.7914 - val_acc: 0.7405
Epoch 11/50

Epoch 00011: saving model to models/unbalanced_mnist_conv_e300_L2_b64/multi-normal_classifier_1000/cp-0011.hdf5
 - 3s - loss: 0.5305 - acc: 0.8359 - val_loss: 0.6162 - val_acc: 0.8019
Epoch 12/50

Epoch 00012: saving model to models/unbalanced_mnist_conv_e300_L2_b64/multi-normal_classifier_1000/cp-0012.hdf5
 - 3s - loss: 0.5409 - acc: 0.8320 - val_loss: 0.6274 - val_acc: 0.7953
Epoch 13/50

Epoch 00013: saving model to models/unbalanced_mnist_conv_e300_L2_b64/multi-normal_classifier_1000/cp-0013.hdf5
 - 3s - loss: 0.5073 - acc: 0.8369 - val_loss: 0.6066 - val_acc: 0.7971
Epoch 14/50

Epoch 00014: saving model to models/unbalanced_mnist_conv_e300_L2_b64/multi-normal_classifier_1000/cp-0014.hdf5
 - 3s - loss: 0.3974 - acc: 0.8779 - val_loss: 0.6010 - val_acc: 0.8026
Epoch 15/50

Epoch 00015: saving model to models/unbalanced_mnist_conv_e300_L2_b64/multi-normal_classifier_1000/cp-0015.hdf5
 - 3s - loss: 0.4005 - acc: 0.8740 - val_loss: 0.4936 - val_acc: 0.8476
Epoch 16/50

Epoch 00016: saving model to models/unbalanced_mnist_conv_e300_L2_b64/multi-normal_classifier_1000/cp-0016.hdf5
 - 3s - loss: 0.3375 - acc: 0.8828 - val_loss: 0.4906 - val_acc: 0.8499
Epoch 17/50

Epoch 00017: saving model to models/unbalanced_mnist_conv_e300_L2_b64/multi-normal_classifier_1000/cp-0017.hdf5
 - 3s - loss: 0.3337 - acc: 0.8926 - val_loss: 0.4642 - val_acc: 0.8532
Epoch 18/50

Epoch 00018: saving model to models/unbalanced_mnist_conv_e300_L2_b64/multi-normal_classifier_1000/cp-0018.hdf5
 - 3s - loss: 0.2989 - acc: 0.9131 - val_loss: 0.4283 - val_acc: 0.8646
Epoch 19/50

Epoch 00019: saving model to models/unbalanced_mnist_conv_e300_L2_b64/multi-normal_classifier_1000/cp-0019.hdf5
 - 3s - loss: 0.2995 - acc: 0.9014 - val_loss: 0.4093 - val_acc: 0.8808
Epoch 20/50

Epoch 00020: saving model to models/unbalanced_mnist_conv_e300_L2_b64/multi-normal_classifier_1000/cp-0020.hdf5
 - 3s - loss: 0.2412 - acc: 0.9238 - val_loss: 0.4218 - val_acc: 0.8758
Epoch 21/50

Epoch 00021: saving model to models/unbalanced_mnist_conv_e300_L2_b64/multi-normal_classifier_1000/cp-0021.hdf5
 - 3s - loss: 0.2388 - acc: 0.9297 - val_loss: 0.4034 - val_acc: 0.8742
Epoch 22/50

Epoch 00022: saving model to models/unbalanced_mnist_conv_e300_L2_b64/multi-normal_classifier_1000/cp-0022.hdf5
 - 3s - loss: 0.2291 - acc: 0.9287 - val_loss: 0.4137 - val_acc: 0.8712
Epoch 23/50

Epoch 00023: saving model to models/unbalanced_mnist_conv_e300_L2_b64/multi-normal_classifier_1000/cp-0023.hdf5
 - 3s - loss: 0.2347 - acc: 0.9258 - val_loss: 0.3717 - val_acc: 0.8892
Epoch 24/50

Epoch 00024: saving model to models/unbalanced_mnist_conv_e300_L2_b64/multi-normal_classifier_1000/cp-0024.hdf5
 - 3s - loss: 0.2127 - acc: 0.9336 - val_loss: 0.3952 - val_acc: 0.8876
Epoch 25/50

Epoch 00025: saving model to models/unbalanced_mnist_conv_e300_L2_b64/multi-normal_classifier_1000/cp-0025.hdf5
 - 3s - loss: 0.1609 - acc: 0.9492 - val_loss: 0.3730 - val_acc: 0.8943
Epoch 26/50

Epoch 00026: saving model to models/unbalanced_mnist_conv_e300_L2_b64/multi-normal_classifier_1000/cp-0026.hdf5
 - 3s - loss: 0.1692 - acc: 0.9492 - val_loss: 0.3697 - val_acc: 0.8918
Epoch 27/50

Epoch 00027: saving model to models/unbalanced_mnist_conv_e300_L2_b64/multi-normal_classifier_1000/cp-0027.hdf5
 - 3s - loss: 0.1515 - acc: 0.9502 - val_loss: 0.3633 - val_acc: 0.8971
Epoch 28/50

Epoch 00028: saving model to models/unbalanced_mnist_conv_e300_L2_b64/multi-normal_classifier_1000/cp-0028.hdf5
 - 3s - loss: 0.1687 - acc: 0.9424 - val_loss: 0.3960 - val_acc: 0.8830
Epoch 29/50

Epoch 00029: saving model to models/unbalanced_mnist_conv_e300_L2_b64/multi-normal_classifier_1000/cp-0029.hdf5
 - 3s - loss: 0.1480 - acc: 0.9482 - val_loss: 0.3383 - val_acc: 0.9054
Epoch 30/50

Epoch 00030: saving model to models/unbalanced_mnist_conv_e300_L2_b64/multi-normal_classifier_1000/cp-0030.hdf5
 - 3s - loss: 0.1561 - acc: 0.9482 - val_loss: 0.3763 - val_acc: 0.8963
Epoch 31/50

Epoch 00031: saving model to models/unbalanced_mnist_conv_e300_L2_b64/multi-normal_classifier_1000/cp-0031.hdf5
 - 3s - loss: 0.1364 - acc: 0.9561 - val_loss: 0.3365 - val_acc: 0.9041
Epoch 32/50

Epoch 00032: saving model to models/unbalanced_mnist_conv_e300_L2_b64/multi-normal_classifier_1000/cp-0032.hdf5
 - 3s - loss: 0.1258 - acc: 0.9580 - val_loss: 0.3431 - val_acc: 0.9065
Epoch 33/50

Epoch 00033: saving model to models/unbalanced_mnist_conv_e300_L2_b64/multi-normal_classifier_1000/cp-0033.hdf5
 - 3s - loss: 0.1081 - acc: 0.9639 - val_loss: 0.3360 - val_acc: 0.9091
Epoch 34/50

Epoch 00034: saving model to models/unbalanced_mnist_conv_e300_L2_b64/multi-normal_classifier_1000/cp-0034.hdf5
 - 3s - loss: 0.1017 - acc: 0.9629 - val_loss: 0.3519 - val_acc: 0.9030
Epoch 35/50

Epoch 00035: saving model to models/unbalanced_mnist_conv_e300_L2_b64/multi-normal_classifier_1000/cp-0035.hdf5
 - 3s - loss: 0.1010 - acc: 0.9648 - val_loss: 0.3625 - val_acc: 0.9053
Epoch 36/50

Epoch 00036: saving model to models/unbalanced_mnist_conv_e300_L2_b64/multi-normal_classifier_1000/cp-0036.hdf5
 - 3s - loss: 0.0930 - acc: 0.9766 - val_loss: 0.3370 - val_acc: 0.9127
Epoch 37/50

Epoch 00037: saving model to models/unbalanced_mnist_conv_e300_L2_b64/multi-normal_classifier_1000/cp-0037.hdf5
 - 3s - loss: 0.0973 - acc: 0.9736 - val_loss: 0.3386 - val_acc: 0.9121
Epoch 38/50

Epoch 00038: saving model to models/unbalanced_mnist_conv_e300_L2_b64/multi-normal_classifier_1000/cp-0038.hdf5
 - 3s - loss: 0.0841 - acc: 0.9697 - val_loss: 0.3420 - val_acc: 0.9116
Epoch 39/50

Epoch 00039: saving model to models/unbalanced_mnist_conv_e300_L2_b64/multi-normal_classifier_1000/cp-0039.hdf5
 - 3s - loss: 0.0850 - acc: 0.9697 - val_loss: 0.3951 - val_acc: 0.9016
Epoch 40/50

Epoch 00040: saving model to models/unbalanced_mnist_conv_e300_L2_b64/multi-normal_classifier_1000/cp-0040.hdf5
 - 3s - loss: 0.0927 - acc: 0.9648 - val_loss: 0.3470 - val_acc: 0.9081
Epoch 41/50

Epoch 00041: saving model to models/unbalanced_mnist_conv_e300_L2_b64/multi-normal_classifier_1000/cp-0041.hdf5
 - 3s - loss: 0.0681 - acc: 0.9766 - val_loss: 0.3906 - val_acc: 0.9018
Epoch 42/50

Epoch 00042: saving model to models/unbalanced_mnist_conv_e300_L2_b64/multi-normal_classifier_1000/cp-0042.hdf5
 - 3s - loss: 0.0827 - acc: 0.9717 - val_loss: 0.3571 - val_acc: 0.9094
Epoch 43/50

Epoch 00043: saving model to models/unbalanced_mnist_conv_e300_L2_b64/multi-normal_classifier_1000/cp-0043.hdf5
 - 3s - loss: 0.0728 - acc: 0.9775 - val_loss: 0.3872 - val_acc: 0.9039
Epoch 44/50

Epoch 00044: saving model to models/unbalanced_mnist_conv_e300_L2_b64/multi-normal_classifier_1000/cp-0044.hdf5
 - 3s - loss: 0.0675 - acc: 0.9805 - val_loss: 0.3493 - val_acc: 0.9105
Epoch 45/50

Epoch 00045: saving model to models/unbalanced_mnist_conv_e300_L2_b64/multi-normal_classifier_1000/cp-0045.hdf5
 - 3s - loss: 0.0681 - acc: 0.9717 - val_loss: 0.3599 - val_acc: 0.9111
Epoch 46/50

Epoch 00046: saving model to models/unbalanced_mnist_conv_e300_L2_b64/multi-normal_classifier_1000/cp-0046.hdf5
 - 3s - loss: 0.0502 - acc: 0.9844 - val_loss: 0.3575 - val_acc: 0.9135
Epoch 47/50

Epoch 00047: saving model to models/unbalanced_mnist_conv_e300_L2_b64/multi-normal_classifier_1000/cp-0047.hdf5
 - 3s - loss: 0.0606 - acc: 0.9795 - val_loss: 0.3759 - val_acc: 0.9077
Epoch 48/50

Epoch 00048: saving model to models/unbalanced_mnist_conv_e300_L2_b64/multi-normal_classifier_1000/cp-0048.hdf5
 - 3s - loss: 0.0539 - acc: 0.9844 - val_loss: 0.3529 - val_acc: 0.9142
Epoch 49/50

Epoch 00049: saving model to models/unbalanced_mnist_conv_e300_L2_b64/multi-normal_classifier_1000/cp-0049.hdf5
 - 3s - loss: 0.0468 - acc: 0.9863 - val_loss: 0.3696 - val_acc: 0.9129
Epoch 50/50

Epoch 00050: saving model to models/unbalanced_mnist_conv_e300_L2_b64/multi-normal_classifier_1000/cp-0050.hdf5
 - 3s - loss: 0.0549 - acc: 0.9824 - val_loss: 0.3851 - val_acc: 0.9091
Epoch 1/50

Epoch 00001: saving model to models/unbalanced_mnist_conv_e300_L2_b64/uniform_classifier_1000/cp-0001.hdf5
 - 6s - loss: 2.2962 - acc: 0.2041 - val_loss: 2.3002 - val_acc: 0.1776
Epoch 2/50

Epoch 00002: saving model to models/unbalanced_mnist_conv_e300_L2_b64/uniform_classifier_1000/cp-0002.hdf5
 - 3s - loss: 2.2005 - acc: 0.2920 - val_loss: 2.3637 - val_acc: 0.0978
Epoch 3/50

Epoch 00003: saving model to models/unbalanced_mnist_conv_e300_L2_b64/uniform_classifier_1000/cp-0003.hdf5
 - 3s - loss: 1.7953 - acc: 0.3418 - val_loss: 2.7767 - val_acc: 0.2332
Epoch 4/50

Epoch 00004: saving model to models/unbalanced_mnist_conv_e300_L2_b64/uniform_classifier_1000/cp-0004.hdf5
 - 3s - loss: 1.1927 - acc: 0.6582 - val_loss: 2.8358 - val_acc: 0.3145
Epoch 5/50

Epoch 00005: saving model to models/unbalanced_mnist_conv_e300_L2_b64/uniform_classifier_1000/cp-0005.hdf5
 - 3s - loss: 0.7705 - acc: 0.7510 - val_loss: 3.1590 - val_acc: 0.3575
Epoch 6/50

Epoch 00006: saving model to models/unbalanced_mnist_conv_e300_L2_b64/uniform_classifier_1000/cp-0006.hdf5
 - 3s - loss: 0.4624 - acc: 0.8594 - val_loss: 3.1241 - val_acc: 0.4044
Epoch 7/50

Epoch 00007: saving model to models/unbalanced_mnist_conv_e300_L2_b64/uniform_classifier_1000/cp-0007.hdf5
 - 3s - loss: 0.4009 - acc: 0.8809 - val_loss: 3.1680 - val_acc: 0.4159
Epoch 8/50

Epoch 00008: saving model to models/unbalanced_mnist_conv_e300_L2_b64/uniform_classifier_1000/cp-0008.hdf5
 - 3s - loss: 0.3464 - acc: 0.8984 - val_loss: 2.7674 - val_acc: 0.4862
Epoch 9/50

Epoch 00009: saving model to models/unbalanced_mnist_conv_e300_L2_b64/uniform_classifier_1000/cp-0009.hdf5
 - 3s - loss: 0.3013 - acc: 0.9092 - val_loss: 2.7450 - val_acc: 0.4940
Epoch 10/50

Epoch 00010: saving model to models/unbalanced_mnist_conv_e300_L2_b64/uniform_classifier_1000/cp-0010.hdf5
 - 3s - loss: 0.2450 - acc: 0.9189 - val_loss: 2.8729 - val_acc: 0.5129
Epoch 11/50

Epoch 00011: saving model to models/unbalanced_mnist_conv_e300_L2_b64/uniform_classifier_1000/cp-0011.hdf5
 - 3s - loss: 0.2622 - acc: 0.9180 - val_loss: 2.5702 - val_acc: 0.5392
Epoch 12/50

Epoch 00012: saving model to models/unbalanced_mnist_conv_e300_L2_b64/uniform_classifier_1000/cp-0012.hdf5
 - 3s - loss: 0.2301 - acc: 0.9326 - val_loss: 2.7133 - val_acc: 0.5002
Epoch 13/50

Epoch 00013: saving model to models/unbalanced_mnist_conv_e300_L2_b64/uniform_classifier_1000/cp-0013.hdf5
 - 3s - loss: 0.2215 - acc: 0.9365 - val_loss: 2.6352 - val_acc: 0.5396
Epoch 14/50

Epoch 00014: saving model to models/unbalanced_mnist_conv_e300_L2_b64/uniform_classifier_1000/cp-0014.hdf5
 - 3s - loss: 0.1680 - acc: 0.9531 - val_loss: 2.8916 - val_acc: 0.5312
Epoch 15/50

Epoch 00015: saving model to models/unbalanced_mnist_conv_e300_L2_b64/uniform_classifier_1000/cp-0015.hdf5
 - 3s - loss: 0.1747 - acc: 0.9424 - val_loss: 2.8375 - val_acc: 0.5402
Epoch 16/50

Epoch 00016: saving model to models/unbalanced_mnist_conv_e300_L2_b64/uniform_classifier_1000/cp-0016.hdf5
 - 3s - loss: 0.1528 - acc: 0.9473 - val_loss: 2.7486 - val_acc: 0.5638
Epoch 17/50

Epoch 00017: saving model to models/unbalanced_mnist_conv_e300_L2_b64/uniform_classifier_1000/cp-0017.hdf5
 - 3s - loss: 0.1366 - acc: 0.9629 - val_loss: 2.7887 - val_acc: 0.5757
Epoch 18/50

Epoch 00018: saving model to models/unbalanced_mnist_conv_e300_L2_b64/uniform_classifier_1000/cp-0018.hdf5
 - 3s - loss: 0.1424 - acc: 0.9570 - val_loss: 2.8319 - val_acc: 0.5638
Epoch 19/50

Epoch 00019: saving model to models/unbalanced_mnist_conv_e300_L2_b64/uniform_classifier_1000/cp-0019.hdf5
 - 3s - loss: 0.1274 - acc: 0.9580 - val_loss: 2.7664 - val_acc: 0.5807
Epoch 20/50

Epoch 00020: saving model to models/unbalanced_mnist_conv_e300_L2_b64/uniform_classifier_1000/cp-0020.hdf5
 - 3s - loss: 0.1154 - acc: 0.9639 - val_loss: 2.7681 - val_acc: 0.5833
Epoch 21/50

Epoch 00021: saving model to models/unbalanced_mnist_conv_e300_L2_b64/uniform_classifier_1000/cp-0021.hdf5
 - 3s - loss: 0.1020 - acc: 0.9688 - val_loss: 2.7662 - val_acc: 0.5867
Epoch 22/50

Epoch 00022: saving model to models/unbalanced_mnist_conv_e300_L2_b64/uniform_classifier_1000/cp-0022.hdf5
 - 3s - loss: 0.1034 - acc: 0.9736 - val_loss: 2.8229 - val_acc: 0.5710
Epoch 23/50

Epoch 00023: saving model to models/unbalanced_mnist_conv_e300_L2_b64/uniform_classifier_1000/cp-0023.hdf5
 - 3s - loss: 0.1222 - acc: 0.9629 - val_loss: 2.9361 - val_acc: 0.5629
Epoch 24/50

Epoch 00024: saving model to models/unbalanced_mnist_conv_e300_L2_b64/uniform_classifier_1000/cp-0024.hdf5
 - 3s - loss: 0.0852 - acc: 0.9756 - val_loss: 2.9014 - val_acc: 0.5742
Epoch 25/50

Epoch 00025: saving model to models/unbalanced_mnist_conv_e300_L2_b64/uniform_classifier_1000/cp-0025.hdf5
 - 3s - loss: 0.0878 - acc: 0.9707 - val_loss: 2.8803 - val_acc: 0.5816
Epoch 26/50

Epoch 00026: saving model to models/unbalanced_mnist_conv_e300_L2_b64/uniform_classifier_1000/cp-0026.hdf5
 - 3s - loss: 0.0912 - acc: 0.9717 - val_loss: 2.9475 - val_acc: 0.5763
Epoch 27/50

Epoch 00027: saving model to models/unbalanced_mnist_conv_e300_L2_b64/uniform_classifier_1000/cp-0027.hdf5
 - 3s - loss: 0.0818 - acc: 0.9736 - val_loss: 2.8395 - val_acc: 0.5943
Epoch 28/50

Epoch 00028: saving model to models/unbalanced_mnist_conv_e300_L2_b64/uniform_classifier_1000/cp-0028.hdf5
 - 3s - loss: 0.0791 - acc: 0.9727 - val_loss: 2.8360 - val_acc: 0.5999
Epoch 29/50

Epoch 00029: saving model to models/unbalanced_mnist_conv_e300_L2_b64/uniform_classifier_1000/cp-0029.hdf5
 - 3s - loss: 0.0820 - acc: 0.9717 - val_loss: 2.8550 - val_acc: 0.5973
Epoch 30/50

Epoch 00030: saving model to models/unbalanced_mnist_conv_e300_L2_b64/uniform_classifier_1000/cp-0030.hdf5
 - 3s - loss: 0.0643 - acc: 0.9814 - val_loss: 2.8847 - val_acc: 0.5986
Epoch 31/50

Epoch 00031: saving model to models/unbalanced_mnist_conv_e300_L2_b64/uniform_classifier_1000/cp-0031.hdf5
 - 3s - loss: 0.0621 - acc: 0.9814 - val_loss: 2.9607 - val_acc: 0.5864
Epoch 32/50

Epoch 00032: saving model to models/unbalanced_mnist_conv_e300_L2_b64/uniform_classifier_1000/cp-0032.hdf5
 - 3s - loss: 0.0656 - acc: 0.9785 - val_loss: 2.8415 - val_acc: 0.6073
Epoch 33/50

Epoch 00033: saving model to models/unbalanced_mnist_conv_e300_L2_b64/uniform_classifier_1000/cp-0033.hdf5
 - 3s - loss: 0.0521 - acc: 0.9824 - val_loss: 2.8681 - val_acc: 0.6085
Epoch 34/50

Epoch 00034: saving model to models/unbalanced_mnist_conv_e300_L2_b64/uniform_classifier_1000/cp-0034.hdf5
 - 3s - loss: 0.0552 - acc: 0.9814 - val_loss: 2.8224 - val_acc: 0.6175
Epoch 35/50

Epoch 00035: saving model to models/unbalanced_mnist_conv_e300_L2_b64/uniform_classifier_1000/cp-0035.hdf5
 - 3s - loss: 0.0586 - acc: 0.9766 - val_loss: 2.8449 - val_acc: 0.6145
Epoch 36/50

Epoch 00036: saving model to models/unbalanced_mnist_conv_e300_L2_b64/uniform_classifier_1000/cp-0036.hdf5
 - 3s - loss: 0.0373 - acc: 0.9893 - val_loss: 2.8205 - val_acc: 0.6178
Epoch 37/50

Epoch 00037: saving model to models/unbalanced_mnist_conv_e300_L2_b64/uniform_classifier_1000/cp-0037.hdf5
 - 3s - loss: 0.0434 - acc: 0.9844 - val_loss: 2.9051 - val_acc: 0.6145
Epoch 38/50

Epoch 00038: saving model to models/unbalanced_mnist_conv_e300_L2_b64/uniform_classifier_1000/cp-0038.hdf5
 - 3s - loss: 0.0440 - acc: 0.9844 - val_loss: 2.8349 - val_acc: 0.6276
Epoch 39/50

Epoch 00039: saving model to models/unbalanced_mnist_conv_e300_L2_b64/uniform_classifier_1000/cp-0039.hdf5
 - 3s - loss: 0.0336 - acc: 0.9902 - val_loss: 2.8728 - val_acc: 0.6236
Epoch 40/50

Epoch 00040: saving model to models/unbalanced_mnist_conv_e300_L2_b64/uniform_classifier_1000/cp-0040.hdf5
 - 3s - loss: 0.0415 - acc: 0.9873 - val_loss: 2.9184 - val_acc: 0.6199
Epoch 41/50

Epoch 00041: saving model to models/unbalanced_mnist_conv_e300_L2_b64/uniform_classifier_1000/cp-0041.hdf5
 - 3s - loss: 0.0391 - acc: 0.9844 - val_loss: 2.9903 - val_acc: 0.6166
Epoch 42/50

Epoch 00042: saving model to models/unbalanced_mnist_conv_e300_L2_b64/uniform_classifier_1000/cp-0042.hdf5
 - 3s - loss: 0.0399 - acc: 0.9902 - val_loss: 2.9355 - val_acc: 0.6198
Epoch 43/50

Epoch 00043: saving model to models/unbalanced_mnist_conv_e300_L2_b64/uniform_classifier_1000/cp-0043.hdf5
 - 3s - loss: 0.0369 - acc: 0.9854 - val_loss: 3.0063 - val_acc: 0.6104
Epoch 44/50

Epoch 00044: saving model to models/unbalanced_mnist_conv_e300_L2_b64/uniform_classifier_1000/cp-0044.hdf5
 - 3s - loss: 0.0350 - acc: 0.9893 - val_loss: 2.9959 - val_acc: 0.6103
Epoch 45/50

Epoch 00045: saving model to models/unbalanced_mnist_conv_e300_L2_b64/uniform_classifier_1000/cp-0045.hdf5
 - 3s - loss: 0.0329 - acc: 0.9902 - val_loss: 3.0578 - val_acc: 0.6085
Epoch 46/50

Epoch 00046: saving model to models/unbalanced_mnist_conv_e300_L2_b64/uniform_classifier_1000/cp-0046.hdf5
 - 3s - loss: 0.0361 - acc: 0.9873 - val_loss: 2.9895 - val_acc: 0.6184
Epoch 47/50

Epoch 00047: saving model to models/unbalanced_mnist_conv_e300_L2_b64/uniform_classifier_1000/cp-0047.hdf5
 - 3s - loss: 0.0259 - acc: 0.9951 - val_loss: 3.0238 - val_acc: 0.6151
Epoch 48/50

Epoch 00048: saving model to models/unbalanced_mnist_conv_e300_L2_b64/uniform_classifier_1000/cp-0048.hdf5
 - 3s - loss: 0.0387 - acc: 0.9902 - val_loss: 3.0252 - val_acc: 0.6187
Epoch 49/50

Epoch 00049: saving model to models/unbalanced_mnist_conv_e300_L2_b64/uniform_classifier_1000/cp-0049.hdf5
 - 3s - loss: 0.0207 - acc: 0.9912 - val_loss: 2.9374 - val_acc: 0.6311
Epoch 50/50

Epoch 00050: saving model to models/unbalanced_mnist_conv_e300_L2_b64/uniform_classifier_1000/cp-0050.hdf5
 - 3s - loss: 0.0303 - acc: 0.9922 - val_loss: 2.9884 - val_acc: 0.6238
Epoch 1/50

Epoch 00001: saving model to models/unbalanced_mnist_conv_e300_L2_b64/uniform-cluster_classifier_1000/cp-0001.hdf5
 - 6s - loss: 2.2913 - acc: 0.1826 - val_loss: 2.2999 - val_acc: 0.1684
Epoch 2/50

Epoch 00002: saving model to models/unbalanced_mnist_conv_e300_L2_b64/uniform-cluster_classifier_1000/cp-0002.hdf5
 - 3s - loss: 2.2222 - acc: 0.2080 - val_loss: 2.3475 - val_acc: 0.1325
Epoch 3/50

Epoch 00003: saving model to models/unbalanced_mnist_conv_e300_L2_b64/uniform-cluster_classifier_1000/cp-0003.hdf5
 - 3s - loss: 2.0465 - acc: 0.2832 - val_loss: 2.5007 - val_acc: 0.2515
Epoch 4/50

Epoch 00004: saving model to models/unbalanced_mnist_conv_e300_L2_b64/uniform-cluster_classifier_1000/cp-0004.hdf5
 - 3s - loss: 1.7545 - acc: 0.4795 - val_loss: 2.1620 - val_acc: 0.2694
Epoch 5/50

Epoch 00005: saving model to models/unbalanced_mnist_conv_e300_L2_b64/uniform-cluster_classifier_1000/cp-0005.hdf5
 - 3s - loss: 1.4361 - acc: 0.5127 - val_loss: 1.7618 - val_acc: 0.3637
Epoch 6/50

Epoch 00006: saving model to models/unbalanced_mnist_conv_e300_L2_b64/uniform-cluster_classifier_1000/cp-0006.hdf5
 - 3s - loss: 1.1499 - acc: 0.6182 - val_loss: 1.5502 - val_acc: 0.4788
Epoch 7/50

Epoch 00007: saving model to models/unbalanced_mnist_conv_e300_L2_b64/uniform-cluster_classifier_1000/cp-0007.hdf5
 - 3s - loss: 1.0682 - acc: 0.6426 - val_loss: 1.4009 - val_acc: 0.5332
Epoch 8/50

Epoch 00008: saving model to models/unbalanced_mnist_conv_e300_L2_b64/uniform-cluster_classifier_1000/cp-0008.hdf5
 - 3s - loss: 0.8598 - acc: 0.7188 - val_loss: 1.2160 - val_acc: 0.6080
Epoch 9/50

Epoch 00009: saving model to models/unbalanced_mnist_conv_e300_L2_b64/uniform-cluster_classifier_1000/cp-0009.hdf5
 - 3s - loss: 0.8169 - acc: 0.7363 - val_loss: 1.1069 - val_acc: 0.6303
Epoch 10/50

Epoch 00010: saving model to models/unbalanced_mnist_conv_e300_L2_b64/uniform-cluster_classifier_1000/cp-0010.hdf5
 - 3s - loss: 0.6869 - acc: 0.7881 - val_loss: 0.9033 - val_acc: 0.6936
Epoch 11/50

Epoch 00011: saving model to models/unbalanced_mnist_conv_e300_L2_b64/uniform-cluster_classifier_1000/cp-0011.hdf5
 - 3s - loss: 0.6252 - acc: 0.7930 - val_loss: 0.8432 - val_acc: 0.7305
Epoch 12/50

Epoch 00012: saving model to models/unbalanced_mnist_conv_e300_L2_b64/uniform-cluster_classifier_1000/cp-0012.hdf5
 - 3s - loss: 0.5826 - acc: 0.8008 - val_loss: 0.7271 - val_acc: 0.7709
Epoch 13/50

Epoch 00013: saving model to models/unbalanced_mnist_conv_e300_L2_b64/uniform-cluster_classifier_1000/cp-0013.hdf5
 - 3s - loss: 0.4958 - acc: 0.8271 - val_loss: 0.7104 - val_acc: 0.7666
Epoch 14/50

Epoch 00014: saving model to models/unbalanced_mnist_conv_e300_L2_b64/uniform-cluster_classifier_1000/cp-0014.hdf5
 - 3s - loss: 0.4436 - acc: 0.8457 - val_loss: 0.6577 - val_acc: 0.7798
Epoch 15/50

Epoch 00015: saving model to models/unbalanced_mnist_conv_e300_L2_b64/uniform-cluster_classifier_1000/cp-0015.hdf5
 - 3s - loss: 0.4118 - acc: 0.8604 - val_loss: 0.5424 - val_acc: 0.8260
Epoch 16/50

Epoch 00016: saving model to models/unbalanced_mnist_conv_e300_L2_b64/uniform-cluster_classifier_1000/cp-0016.hdf5
 - 3s - loss: 0.3650 - acc: 0.8799 - val_loss: 0.5140 - val_acc: 0.8347
Epoch 17/50

Epoch 00017: saving model to models/unbalanced_mnist_conv_e300_L2_b64/uniform-cluster_classifier_1000/cp-0017.hdf5
 - 3s - loss: 0.3572 - acc: 0.8848 - val_loss: 0.4994 - val_acc: 0.8448
Epoch 18/50

Epoch 00018: saving model to models/unbalanced_mnist_conv_e300_L2_b64/uniform-cluster_classifier_1000/cp-0018.hdf5
 - 3s - loss: 0.3034 - acc: 0.9023 - val_loss: 0.5193 - val_acc: 0.8363
Epoch 19/50

Epoch 00019: saving model to models/unbalanced_mnist_conv_e300_L2_b64/uniform-cluster_classifier_1000/cp-0019.hdf5
 - 3s - loss: 0.2568 - acc: 0.9141 - val_loss: 0.5453 - val_acc: 0.8188
Epoch 20/50

Epoch 00020: saving model to models/unbalanced_mnist_conv_e300_L2_b64/uniform-cluster_classifier_1000/cp-0020.hdf5
 - 3s - loss: 0.2639 - acc: 0.9092 - val_loss: 0.5268 - val_acc: 0.8270
Epoch 21/50

Epoch 00021: saving model to models/unbalanced_mnist_conv_e300_L2_b64/uniform-cluster_classifier_1000/cp-0021.hdf5
 - 3s - loss: 0.2191 - acc: 0.9316 - val_loss: 0.4607 - val_acc: 0.8629
Epoch 22/50

Epoch 00022: saving model to models/unbalanced_mnist_conv_e300_L2_b64/uniform-cluster_classifier_1000/cp-0022.hdf5
 - 3s - loss: 0.2214 - acc: 0.9248 - val_loss: 0.4152 - val_acc: 0.8705
Epoch 23/50

Epoch 00023: saving model to models/unbalanced_mnist_conv_e300_L2_b64/uniform-cluster_classifier_1000/cp-0023.hdf5
 - 3s - loss: 0.1857 - acc: 0.9385 - val_loss: 0.3843 - val_acc: 0.8841
Epoch 24/50

Epoch 00024: saving model to models/unbalanced_mnist_conv_e300_L2_b64/uniform-cluster_classifier_1000/cp-0024.hdf5
 - 3s - loss: 0.1858 - acc: 0.9443 - val_loss: 0.3866 - val_acc: 0.8796
Epoch 25/50

Epoch 00025: saving model to models/unbalanced_mnist_conv_e300_L2_b64/uniform-cluster_classifier_1000/cp-0025.hdf5
 - 3s - loss: 0.1550 - acc: 0.9473 - val_loss: 0.4428 - val_acc: 0.8661
Epoch 26/50

Epoch 00026: saving model to models/unbalanced_mnist_conv_e300_L2_b64/uniform-cluster_classifier_1000/cp-0026.hdf5
 - 3s - loss: 0.1622 - acc: 0.9443 - val_loss: 0.3878 - val_acc: 0.8854
Epoch 27/50

Epoch 00027: saving model to models/unbalanced_mnist_conv_e300_L2_b64/uniform-cluster_classifier_1000/cp-0027.hdf5
 - 3s - loss: 0.1468 - acc: 0.9521 - val_loss: 0.3705 - val_acc: 0.8940
Epoch 28/50

Epoch 00028: saving model to models/unbalanced_mnist_conv_e300_L2_b64/uniform-cluster_classifier_1000/cp-0028.hdf5
 - 3s - loss: 0.1339 - acc: 0.9580 - val_loss: 0.3815 - val_acc: 0.8917
Epoch 29/50

Epoch 00029: saving model to models/unbalanced_mnist_conv_e300_L2_b64/uniform-cluster_classifier_1000/cp-0029.hdf5
 - 3s - loss: 0.1134 - acc: 0.9688 - val_loss: 0.4289 - val_acc: 0.8805
Epoch 30/50

Epoch 00030: saving model to models/unbalanced_mnist_conv_e300_L2_b64/uniform-cluster_classifier_1000/cp-0030.hdf5
 - 3s - loss: 0.1023 - acc: 0.9648 - val_loss: 0.4013 - val_acc: 0.8896
Epoch 31/50

Epoch 00031: saving model to models/unbalanced_mnist_conv_e300_L2_b64/uniform-cluster_classifier_1000/cp-0031.hdf5
 - 3s - loss: 0.0954 - acc: 0.9668 - val_loss: 0.3683 - val_acc: 0.8970
Epoch 32/50

Epoch 00032: saving model to models/unbalanced_mnist_conv_e300_L2_b64/uniform-cluster_classifier_1000/cp-0032.hdf5
 - 3s - loss: 0.0905 - acc: 0.9697 - val_loss: 0.4132 - val_acc: 0.8855
Epoch 33/50

Epoch 00033: saving model to models/unbalanced_mnist_conv_e300_L2_b64/uniform-cluster_classifier_1000/cp-0033.hdf5
 - 3s - loss: 0.0984 - acc: 0.9658 - val_loss: 0.3754 - val_acc: 0.8970
Epoch 34/50

Epoch 00034: saving model to models/unbalanced_mnist_conv_e300_L2_b64/uniform-cluster_classifier_1000/cp-0034.hdf5
 - 3s - loss: 0.0725 - acc: 0.9766 - val_loss: 0.3800 - val_acc: 0.8965
Epoch 35/50

Epoch 00035: saving model to models/unbalanced_mnist_conv_e300_L2_b64/uniform-cluster_classifier_1000/cp-0035.hdf5
 - 3s - loss: 0.0616 - acc: 0.9795 - val_loss: 0.3917 - val_acc: 0.8938
Epoch 36/50

Epoch 00036: saving model to models/unbalanced_mnist_conv_e300_L2_b64/uniform-cluster_classifier_1000/cp-0036.hdf5
 - 3s - loss: 0.0916 - acc: 0.9678 - val_loss: 0.4003 - val_acc: 0.8919
Epoch 37/50

Epoch 00037: saving model to models/unbalanced_mnist_conv_e300_L2_b64/uniform-cluster_classifier_1000/cp-0037.hdf5
 - 3s - loss: 0.0563 - acc: 0.9834 - val_loss: 0.4007 - val_acc: 0.8972
Epoch 38/50

Epoch 00038: saving model to models/unbalanced_mnist_conv_e300_L2_b64/uniform-cluster_classifier_1000/cp-0038.hdf5
 - 3s - loss: 0.0663 - acc: 0.9775 - val_loss: 0.3985 - val_acc: 0.8976
Epoch 39/50

Epoch 00039: saving model to models/unbalanced_mnist_conv_e300_L2_b64/uniform-cluster_classifier_1000/cp-0039.hdf5
 - 3s - loss: 0.0569 - acc: 0.9844 - val_loss: 0.3723 - val_acc: 0.9036
Epoch 40/50

Epoch 00040: saving model to models/unbalanced_mnist_conv_e300_L2_b64/uniform-cluster_classifier_1000/cp-0040.hdf5
 - 3s - loss: 0.0465 - acc: 0.9902 - val_loss: 0.4093 - val_acc: 0.8964
Epoch 41/50

Epoch 00041: saving model to models/unbalanced_mnist_conv_e300_L2_b64/uniform-cluster_classifier_1000/cp-0041.hdf5
 - 3s - loss: 0.0620 - acc: 0.9795 - val_loss: 0.3907 - val_acc: 0.9029
Epoch 42/50

Epoch 00042: saving model to models/unbalanced_mnist_conv_e300_L2_b64/uniform-cluster_classifier_1000/cp-0042.hdf5
 - 3s - loss: 0.0496 - acc: 0.9844 - val_loss: 0.3858 - val_acc: 0.9008
Epoch 43/50

Epoch 00043: saving model to models/unbalanced_mnist_conv_e300_L2_b64/uniform-cluster_classifier_1000/cp-0043.hdf5
 - 3s - loss: 0.0441 - acc: 0.9863 - val_loss: 0.4114 - val_acc: 0.9018
Epoch 44/50

Epoch 00044: saving model to models/unbalanced_mnist_conv_e300_L2_b64/uniform-cluster_classifier_1000/cp-0044.hdf5
 - 3s - loss: 0.0366 - acc: 0.9863 - val_loss: 0.4080 - val_acc: 0.8994
Epoch 45/50

Epoch 00045: saving model to models/unbalanced_mnist_conv_e300_L2_b64/uniform-cluster_classifier_1000/cp-0045.hdf5
 - 3s - loss: 0.0302 - acc: 0.9912 - val_loss: 0.4216 - val_acc: 0.9004
Epoch 46/50

Epoch 00046: saving model to models/unbalanced_mnist_conv_e300_L2_b64/uniform-cluster_classifier_1000/cp-0046.hdf5
 - 3s - loss: 0.0450 - acc: 0.9854 - val_loss: 0.4346 - val_acc: 0.8974
Epoch 47/50

Epoch 00047: saving model to models/unbalanced_mnist_conv_e300_L2_b64/uniform-cluster_classifier_1000/cp-0047.hdf5
 - 3s - loss: 0.0515 - acc: 0.9844 - val_loss: 0.4065 - val_acc: 0.9020
Epoch 48/50

Epoch 00048: saving model to models/unbalanced_mnist_conv_e300_L2_b64/uniform-cluster_classifier_1000/cp-0048.hdf5
 - 3s - loss: 0.0266 - acc: 0.9951 - val_loss: 0.4073 - val_acc: 0.9046
Epoch 49/50

Epoch 00049: saving model to models/unbalanced_mnist_conv_e300_L2_b64/uniform-cluster_classifier_1000/cp-0049.hdf5
 - 3s - loss: 0.0323 - acc: 0.9902 - val_loss: 0.4266 - val_acc: 0.8981
Epoch 50/50

Epoch 00050: saving model to models/unbalanced_mnist_conv_e300_L2_b64/uniform-cluster_classifier_1000/cp-0050.hdf5
 - 3s - loss: 0.0450 - acc: 0.9844 - val_loss: 0.4484 - val_acc: 0.8932
Epoch 1/50

Epoch 00001: saving model to models/unbalanced_mnist_conv_e300_L2_b64/normal-cluster_classifier_1000/cp-0001.hdf5
 - 6s - loss: 2.2958 - acc: 0.1357 - val_loss: 2.2998 - val_acc: 0.1038
Epoch 2/50

Epoch 00002: saving model to models/unbalanced_mnist_conv_e300_L2_b64/normal-cluster_classifier_1000/cp-0002.hdf5
 - 3s - loss: 2.2604 - acc: 0.2002 - val_loss: 2.2995 - val_acc: 0.1030
Epoch 3/50

Epoch 00003: saving model to models/unbalanced_mnist_conv_e300_L2_b64/normal-cluster_classifier_1000/cp-0003.hdf5
 - 3s - loss: 2.1536 - acc: 0.1982 - val_loss: 2.3696 - val_acc: 0.1029
Epoch 4/50

Epoch 00004: saving model to models/unbalanced_mnist_conv_e300_L2_b64/normal-cluster_classifier_1000/cp-0004.hdf5
 - 3s - loss: 2.0692 - acc: 0.2529 - val_loss: 2.3087 - val_acc: 0.1546
Epoch 5/50

Epoch 00005: saving model to models/unbalanced_mnist_conv_e300_L2_b64/normal-cluster_classifier_1000/cp-0005.hdf5
 - 3s - loss: 1.8421 - acc: 0.4141 - val_loss: 1.8722 - val_acc: 0.3916
Epoch 6/50

Epoch 00006: saving model to models/unbalanced_mnist_conv_e300_L2_b64/normal-cluster_classifier_1000/cp-0006.hdf5
 - 3s - loss: 1.5455 - acc: 0.4814 - val_loss: 1.4552 - val_acc: 0.5151
Epoch 7/50

Epoch 00007: saving model to models/unbalanced_mnist_conv_e300_L2_b64/normal-cluster_classifier_1000/cp-0007.hdf5
 - 3s - loss: 1.3129 - acc: 0.5713 - val_loss: 1.4028 - val_acc: 0.4884
Epoch 8/50

Epoch 00008: saving model to models/unbalanced_mnist_conv_e300_L2_b64/normal-cluster_classifier_1000/cp-0008.hdf5
 - 3s - loss: 1.0880 - acc: 0.6533 - val_loss: 0.9732 - val_acc: 0.6575
Epoch 9/50

Epoch 00009: saving model to models/unbalanced_mnist_conv_e300_L2_b64/normal-cluster_classifier_1000/cp-0009.hdf5
 - 3s - loss: 0.9759 - acc: 0.6768 - val_loss: 0.7883 - val_acc: 0.7455
Epoch 10/50

Epoch 00010: saving model to models/unbalanced_mnist_conv_e300_L2_b64/normal-cluster_classifier_1000/cp-0010.hdf5
 - 3s - loss: 0.7885 - acc: 0.7471 - val_loss: 0.6426 - val_acc: 0.7842
Epoch 11/50

Epoch 00011: saving model to models/unbalanced_mnist_conv_e300_L2_b64/normal-cluster_classifier_1000/cp-0011.hdf5
 - 3s - loss: 0.8200 - acc: 0.7314 - val_loss: 0.6778 - val_acc: 0.7830
Epoch 12/50

Epoch 00012: saving model to models/unbalanced_mnist_conv_e300_L2_b64/normal-cluster_classifier_1000/cp-0012.hdf5
 - 3s - loss: 0.7176 - acc: 0.7646 - val_loss: 0.6022 - val_acc: 0.8068
Epoch 13/50

Epoch 00013: saving model to models/unbalanced_mnist_conv_e300_L2_b64/normal-cluster_classifier_1000/cp-0013.hdf5
 - 3s - loss: 0.6131 - acc: 0.8086 - val_loss: 0.6157 - val_acc: 0.7816
Epoch 14/50

Epoch 00014: saving model to models/unbalanced_mnist_conv_e300_L2_b64/normal-cluster_classifier_1000/cp-0014.hdf5
 - 3s - loss: 0.5398 - acc: 0.8164 - val_loss: 0.6275 - val_acc: 0.7719
Epoch 15/50

Epoch 00015: saving model to models/unbalanced_mnist_conv_e300_L2_b64/normal-cluster_classifier_1000/cp-0015.hdf5
 - 3s - loss: 0.4737 - acc: 0.8486 - val_loss: 0.5801 - val_acc: 0.8024
Epoch 16/50

Epoch 00016: saving model to models/unbalanced_mnist_conv_e300_L2_b64/normal-cluster_classifier_1000/cp-0016.hdf5
 - 3s - loss: 0.4320 - acc: 0.8604 - val_loss: 0.5968 - val_acc: 0.7890
Epoch 17/50

Epoch 00017: saving model to models/unbalanced_mnist_conv_e300_L2_b64/normal-cluster_classifier_1000/cp-0017.hdf5
 - 3s - loss: 0.3928 - acc: 0.8789 - val_loss: 0.5325 - val_acc: 0.8250
Epoch 18/50

Epoch 00018: saving model to models/unbalanced_mnist_conv_e300_L2_b64/normal-cluster_classifier_1000/cp-0018.hdf5
 - 3s - loss: 0.3544 - acc: 0.8828 - val_loss: 0.4179 - val_acc: 0.8666
Epoch 19/50

Epoch 00019: saving model to models/unbalanced_mnist_conv_e300_L2_b64/normal-cluster_classifier_1000/cp-0019.hdf5
 - 3s - loss: 0.3435 - acc: 0.8818 - val_loss: 0.3594 - val_acc: 0.8859
Epoch 20/50

Epoch 00020: saving model to models/unbalanced_mnist_conv_e300_L2_b64/normal-cluster_classifier_1000/cp-0020.hdf5
 - 3s - loss: 0.2964 - acc: 0.8965 - val_loss: 0.3987 - val_acc: 0.8691
Epoch 21/50

Epoch 00021: saving model to models/unbalanced_mnist_conv_e300_L2_b64/normal-cluster_classifier_1000/cp-0021.hdf5
 - 3s - loss: 0.2452 - acc: 0.9209 - val_loss: 0.3466 - val_acc: 0.8920
Epoch 22/50

Epoch 00022: saving model to models/unbalanced_mnist_conv_e300_L2_b64/normal-cluster_classifier_1000/cp-0022.hdf5
 - 3s - loss: 0.2667 - acc: 0.9160 - val_loss: 0.3269 - val_acc: 0.8982
Epoch 23/50

Epoch 00023: saving model to models/unbalanced_mnist_conv_e300_L2_b64/normal-cluster_classifier_1000/cp-0023.hdf5
 - 3s - loss: 0.2025 - acc: 0.9307 - val_loss: 0.3331 - val_acc: 0.8979
Epoch 24/50

Epoch 00024: saving model to models/unbalanced_mnist_conv_e300_L2_b64/normal-cluster_classifier_1000/cp-0024.hdf5
 - 3s - loss: 0.2237 - acc: 0.9238 - val_loss: 0.2911 - val_acc: 0.9105
Epoch 25/50

Epoch 00025: saving model to models/unbalanced_mnist_conv_e300_L2_b64/normal-cluster_classifier_1000/cp-0025.hdf5
 - 3s - loss: 0.1754 - acc: 0.9414 - val_loss: 0.3219 - val_acc: 0.9018
Epoch 26/50

Epoch 00026: saving model to models/unbalanced_mnist_conv_e300_L2_b64/normal-cluster_classifier_1000/cp-0026.hdf5
 - 3s - loss: 0.1763 - acc: 0.9365 - val_loss: 0.3411 - val_acc: 0.8993
Epoch 27/50

Epoch 00027: saving model to models/unbalanced_mnist_conv_e300_L2_b64/normal-cluster_classifier_1000/cp-0027.hdf5
 - 3s - loss: 0.1635 - acc: 0.9492 - val_loss: 0.3179 - val_acc: 0.9023
Epoch 28/50

Epoch 00028: saving model to models/unbalanced_mnist_conv_e300_L2_b64/normal-cluster_classifier_1000/cp-0028.hdf5
 - 3s - loss: 0.1493 - acc: 0.9521 - val_loss: 0.3318 - val_acc: 0.9013
Epoch 29/50

Epoch 00029: saving model to models/unbalanced_mnist_conv_e300_L2_b64/normal-cluster_classifier_1000/cp-0029.hdf5
 - 3s - loss: 0.1380 - acc: 0.9580 - val_loss: 0.4119 - val_acc: 0.8766
Epoch 30/50

Epoch 00030: saving model to models/unbalanced_mnist_conv_e300_L2_b64/normal-cluster_classifier_1000/cp-0030.hdf5
 - 3s - loss: 0.1316 - acc: 0.9580 - val_loss: 0.2819 - val_acc: 0.9173
Epoch 31/50

Epoch 00031: saving model to models/unbalanced_mnist_conv_e300_L2_b64/normal-cluster_classifier_1000/cp-0031.hdf5
 - 3s - loss: 0.1176 - acc: 0.9600 - val_loss: 0.3393 - val_acc: 0.8987
Epoch 32/50

Epoch 00032: saving model to models/unbalanced_mnist_conv_e300_L2_b64/normal-cluster_classifier_1000/cp-0032.hdf5
 - 3s - loss: 0.1134 - acc: 0.9619 - val_loss: 0.3488 - val_acc: 0.8971
Epoch 33/50

Epoch 00033: saving model to models/unbalanced_mnist_conv_e300_L2_b64/normal-cluster_classifier_1000/cp-0033.hdf5
 - 3s - loss: 0.0877 - acc: 0.9668 - val_loss: 0.3045 - val_acc: 0.9099
Epoch 34/50

Epoch 00034: saving model to models/unbalanced_mnist_conv_e300_L2_b64/normal-cluster_classifier_1000/cp-0034.hdf5
 - 3s - loss: 0.1065 - acc: 0.9629 - val_loss: 0.2913 - val_acc: 0.9174
Epoch 35/50

Epoch 00035: saving model to models/unbalanced_mnist_conv_e300_L2_b64/normal-cluster_classifier_1000/cp-0035.hdf5
 - 3s - loss: 0.0785 - acc: 0.9766 - val_loss: 0.3157 - val_acc: 0.9081
Epoch 36/50

Epoch 00036: saving model to models/unbalanced_mnist_conv_e300_L2_b64/normal-cluster_classifier_1000/cp-0036.hdf5
 - 3s - loss: 0.0669 - acc: 0.9844 - val_loss: 0.3208 - val_acc: 0.9109
Epoch 37/50

Epoch 00037: saving model to models/unbalanced_mnist_conv_e300_L2_b64/normal-cluster_classifier_1000/cp-0037.hdf5
 - 3s - loss: 0.0711 - acc: 0.9834 - val_loss: 0.4004 - val_acc: 0.8902
Epoch 38/50

Epoch 00038: saving model to models/unbalanced_mnist_conv_e300_L2_b64/normal-cluster_classifier_1000/cp-0038.hdf5
 - 3s - loss: 0.0516 - acc: 0.9834 - val_loss: 0.3398 - val_acc: 0.9103
Epoch 39/50

Epoch 00039: saving model to models/unbalanced_mnist_conv_e300_L2_b64/normal-cluster_classifier_1000/cp-0039.hdf5
 - 3s - loss: 0.0491 - acc: 0.9902 - val_loss: 0.3627 - val_acc: 0.9039
Epoch 40/50

Epoch 00040: saving model to models/unbalanced_mnist_conv_e300_L2_b64/normal-cluster_classifier_1000/cp-0040.hdf5
 - 3s - loss: 0.0746 - acc: 0.9814 - val_loss: 0.3543 - val_acc: 0.9063
Epoch 41/50

Epoch 00041: saving model to models/unbalanced_mnist_conv_e300_L2_b64/normal-cluster_classifier_1000/cp-0041.hdf5
 - 3s - loss: 0.0695 - acc: 0.9736 - val_loss: 0.3196 - val_acc: 0.9121
Epoch 42/50

Epoch 00042: saving model to models/unbalanced_mnist_conv_e300_L2_b64/normal-cluster_classifier_1000/cp-0042.hdf5
 - 3s - loss: 0.0505 - acc: 0.9854 - val_loss: 0.3187 - val_acc: 0.9177
Epoch 43/50

Epoch 00043: saving model to models/unbalanced_mnist_conv_e300_L2_b64/normal-cluster_classifier_1000/cp-0043.hdf5
 - 3s - loss: 0.0375 - acc: 0.9893 - val_loss: 0.3198 - val_acc: 0.9181
Epoch 44/50

Epoch 00044: saving model to models/unbalanced_mnist_conv_e300_L2_b64/normal-cluster_classifier_1000/cp-0044.hdf5
 - 3s - loss: 0.0441 - acc: 0.9883 - val_loss: 0.3653 - val_acc: 0.9101
Epoch 45/50

Epoch 00045: saving model to models/unbalanced_mnist_conv_e300_L2_b64/normal-cluster_classifier_1000/cp-0045.hdf5
 - 3s - loss: 0.0379 - acc: 0.9873 - val_loss: 0.2920 - val_acc: 0.9251
Epoch 46/50

Epoch 00046: saving model to models/unbalanced_mnist_conv_e300_L2_b64/normal-cluster_classifier_1000/cp-0046.hdf5
 - 3s - loss: 0.0398 - acc: 0.9883 - val_loss: 0.3422 - val_acc: 0.9159
Epoch 47/50

Epoch 00047: saving model to models/unbalanced_mnist_conv_e300_L2_b64/normal-cluster_classifier_1000/cp-0047.hdf5
 - 3s - loss: 0.0352 - acc: 0.9902 - val_loss: 0.3206 - val_acc: 0.9225
Epoch 48/50

Epoch 00048: saving model to models/unbalanced_mnist_conv_e300_L2_b64/normal-cluster_classifier_1000/cp-0048.hdf5
 - 3s - loss: 0.0283 - acc: 0.9922 - val_loss: 0.3403 - val_acc: 0.9170
Epoch 49/50

Epoch 00049: saving model to models/unbalanced_mnist_conv_e300_L2_b64/normal-cluster_classifier_1000/cp-0049.hdf5
 - 3s - loss: 0.0448 - acc: 0.9834 - val_loss: 0.3195 - val_acc: 0.9226
Epoch 50/50

Epoch 00050: saving model to models/unbalanced_mnist_conv_e300_L2_b64/normal-cluster_classifier_1000/cp-0050.hdf5
 - 3s - loss: 0.0339 - acc: 0.9902 - val_loss: 0.3465 - val_acc: 0.9189
Epoch 1/50

Epoch 00001: saving model to models/unbalanced_mnist_conv_e300_L2_b64/multi-normal-cluster_classifier_1000/cp-0001.hdf5
 - 6s - loss: 2.2960 - acc: 0.1582 - val_loss: 2.2980 - val_acc: 0.1033
Epoch 2/50

Epoch 00002: saving model to models/unbalanced_mnist_conv_e300_L2_b64/multi-normal-cluster_classifier_1000/cp-0002.hdf5
 - 3s - loss: 2.2683 - acc: 0.1748 - val_loss: 2.2910 - val_acc: 0.1030
Epoch 3/50

Epoch 00003: saving model to models/unbalanced_mnist_conv_e300_L2_b64/multi-normal-cluster_classifier_1000/cp-0003.hdf5
 - 3s - loss: 2.1756 - acc: 0.1807 - val_loss: 2.3508 - val_acc: 0.1029
Epoch 4/50

Epoch 00004: saving model to models/unbalanced_mnist_conv_e300_L2_b64/multi-normal-cluster_classifier_1000/cp-0004.hdf5
 - 3s - loss: 2.1234 - acc: 0.2080 - val_loss: 2.2399 - val_acc: 0.3156
Epoch 5/50

Epoch 00005: saving model to models/unbalanced_mnist_conv_e300_L2_b64/multi-normal-cluster_classifier_1000/cp-0005.hdf5
 - 3s - loss: 1.9193 - acc: 0.4033 - val_loss: 1.7787 - val_acc: 0.4652
Epoch 6/50

Epoch 00006: saving model to models/unbalanced_mnist_conv_e300_L2_b64/multi-normal-cluster_classifier_1000/cp-0006.hdf5
 - 3s - loss: 1.5600 - acc: 0.4932 - val_loss: 1.3218 - val_acc: 0.6031
Epoch 7/50

Epoch 00007: saving model to models/unbalanced_mnist_conv_e300_L2_b64/multi-normal-cluster_classifier_1000/cp-0007.hdf5
 - 3s - loss: 1.2042 - acc: 0.5879 - val_loss: 1.0857 - val_acc: 0.5552
Epoch 8/50

Epoch 00008: saving model to models/unbalanced_mnist_conv_e300_L2_b64/multi-normal-cluster_classifier_1000/cp-0008.hdf5
 - 3s - loss: 1.0713 - acc: 0.6602 - val_loss: 1.0870 - val_acc: 0.5949
Epoch 9/50

Epoch 00009: saving model to models/unbalanced_mnist_conv_e300_L2_b64/multi-normal-cluster_classifier_1000/cp-0009.hdf5
 - 3s - loss: 0.9043 - acc: 0.7070 - val_loss: 0.6658 - val_acc: 0.8325
Epoch 10/50

Epoch 00010: saving model to models/unbalanced_mnist_conv_e300_L2_b64/multi-normal-cluster_classifier_1000/cp-0010.hdf5
 - 3s - loss: 0.7552 - acc: 0.7607 - val_loss: 0.6726 - val_acc: 0.7820
Epoch 11/50

Epoch 00011: saving model to models/unbalanced_mnist_conv_e300_L2_b64/multi-normal-cluster_classifier_1000/cp-0011.hdf5
 - 3s - loss: 0.6473 - acc: 0.7793 - val_loss: 0.5597 - val_acc: 0.8266
Epoch 12/50

Epoch 00012: saving model to models/unbalanced_mnist_conv_e300_L2_b64/multi-normal-cluster_classifier_1000/cp-0012.hdf5
 - 3s - loss: 0.6485 - acc: 0.7852 - val_loss: 0.4732 - val_acc: 0.8569
Epoch 13/50

Epoch 00013: saving model to models/unbalanced_mnist_conv_e300_L2_b64/multi-normal-cluster_classifier_1000/cp-0013.hdf5
 - 3s - loss: 0.5275 - acc: 0.8271 - val_loss: 0.4308 - val_acc: 0.8799
Epoch 14/50

Epoch 00014: saving model to models/unbalanced_mnist_conv_e300_L2_b64/multi-normal-cluster_classifier_1000/cp-0014.hdf5
 - 3s - loss: 0.5399 - acc: 0.8154 - val_loss: 0.4505 - val_acc: 0.8723
Epoch 15/50

Epoch 00015: saving model to models/unbalanced_mnist_conv_e300_L2_b64/multi-normal-cluster_classifier_1000/cp-0015.hdf5
 - 3s - loss: 0.4386 - acc: 0.8496 - val_loss: 0.3728 - val_acc: 0.8959
Epoch 16/50

Epoch 00016: saving model to models/unbalanced_mnist_conv_e300_L2_b64/multi-normal-cluster_classifier_1000/cp-0016.hdf5
 - 3s - loss: 0.3868 - acc: 0.8730 - val_loss: 0.3759 - val_acc: 0.8869
Epoch 17/50

Epoch 00017: saving model to models/unbalanced_mnist_conv_e300_L2_b64/multi-normal-cluster_classifier_1000/cp-0017.hdf5
 - 3s - loss: 0.3687 - acc: 0.8838 - val_loss: 0.4278 - val_acc: 0.8625
Epoch 18/50

Epoch 00018: saving model to models/unbalanced_mnist_conv_e300_L2_b64/multi-normal-cluster_classifier_1000/cp-0018.hdf5
 - 3s - loss: 0.3222 - acc: 0.8984 - val_loss: 0.4050 - val_acc: 0.8679
Epoch 19/50

Epoch 00019: saving model to models/unbalanced_mnist_conv_e300_L2_b64/multi-normal-cluster_classifier_1000/cp-0019.hdf5
 - 3s - loss: 0.3217 - acc: 0.8955 - val_loss: 0.3300 - val_acc: 0.9032
Epoch 20/50

Epoch 00020: saving model to models/unbalanced_mnist_conv_e300_L2_b64/multi-normal-cluster_classifier_1000/cp-0020.hdf5
 - 3s - loss: 0.2554 - acc: 0.9248 - val_loss: 0.3330 - val_acc: 0.8978
Epoch 21/50

Epoch 00021: saving model to models/unbalanced_mnist_conv_e300_L2_b64/multi-normal-cluster_classifier_1000/cp-0021.hdf5
 - 3s - loss: 0.2773 - acc: 0.9062 - val_loss: 0.2967 - val_acc: 0.9093
Epoch 22/50

Epoch 00022: saving model to models/unbalanced_mnist_conv_e300_L2_b64/multi-normal-cluster_classifier_1000/cp-0022.hdf5
 - 3s - loss: 0.2319 - acc: 0.9199 - val_loss: 0.3483 - val_acc: 0.8980
Epoch 23/50

Epoch 00023: saving model to models/unbalanced_mnist_conv_e300_L2_b64/multi-normal-cluster_classifier_1000/cp-0023.hdf5
 - 3s - loss: 0.2004 - acc: 0.9375 - val_loss: 0.3272 - val_acc: 0.9040
Epoch 24/50

Epoch 00024: saving model to models/unbalanced_mnist_conv_e300_L2_b64/multi-normal-cluster_classifier_1000/cp-0024.hdf5
 - 3s - loss: 0.2052 - acc: 0.9346 - val_loss: 0.2807 - val_acc: 0.9181
Epoch 25/50

Epoch 00025: saving model to models/unbalanced_mnist_conv_e300_L2_b64/multi-normal-cluster_classifier_1000/cp-0025.hdf5
 - 3s - loss: 0.1713 - acc: 0.9482 - val_loss: 0.3039 - val_acc: 0.9158
Epoch 26/50

Epoch 00026: saving model to models/unbalanced_mnist_conv_e300_L2_b64/multi-normal-cluster_classifier_1000/cp-0026.hdf5
 - 3s - loss: 0.1415 - acc: 0.9570 - val_loss: 0.2992 - val_acc: 0.9151
Epoch 27/50

Epoch 00027: saving model to models/unbalanced_mnist_conv_e300_L2_b64/multi-normal-cluster_classifier_1000/cp-0027.hdf5
 - 3s - loss: 0.1512 - acc: 0.9541 - val_loss: 0.3034 - val_acc: 0.9149
Epoch 28/50

Epoch 00028: saving model to models/unbalanced_mnist_conv_e300_L2_b64/multi-normal-cluster_classifier_1000/cp-0028.hdf5
 - 3s - loss: 0.1266 - acc: 0.9590 - val_loss: 0.2888 - val_acc: 0.9214
Epoch 29/50

Epoch 00029: saving model to models/unbalanced_mnist_conv_e300_L2_b64/multi-normal-cluster_classifier_1000/cp-0029.hdf5
 - 3s - loss: 0.1229 - acc: 0.9580 - val_loss: 0.2790 - val_acc: 0.9218
Epoch 30/50

Epoch 00030: saving model to models/unbalanced_mnist_conv_e300_L2_b64/multi-normal-cluster_classifier_1000/cp-0030.hdf5
 - 3s - loss: 0.1032 - acc: 0.9678 - val_loss: 0.2870 - val_acc: 0.9217
Epoch 31/50

Epoch 00031: saving model to models/unbalanced_mnist_conv_e300_L2_b64/multi-normal-cluster_classifier_1000/cp-0031.hdf5
 - 3s - loss: 0.0949 - acc: 0.9668 - val_loss: 0.3135 - val_acc: 0.9169
Epoch 32/50

Epoch 00032: saving model to models/unbalanced_mnist_conv_e300_L2_b64/multi-normal-cluster_classifier_1000/cp-0032.hdf5
 - 3s - loss: 0.0908 - acc: 0.9717 - val_loss: 0.3249 - val_acc: 0.9155
Epoch 33/50

Epoch 00033: saving model to models/unbalanced_mnist_conv_e300_L2_b64/multi-normal-cluster_classifier_1000/cp-0033.hdf5
 - 3s - loss: 0.1065 - acc: 0.9668 - val_loss: 0.3127 - val_acc: 0.9184
Epoch 34/50

Epoch 00034: saving model to models/unbalanced_mnist_conv_e300_L2_b64/multi-normal-cluster_classifier_1000/cp-0034.hdf5
 - 3s - loss: 0.0776 - acc: 0.9756 - val_loss: 0.2916 - val_acc: 0.9232
Epoch 35/50

Epoch 00035: saving model to models/unbalanced_mnist_conv_e300_L2_b64/multi-normal-cluster_classifier_1000/cp-0035.hdf5
 - 3s - loss: 0.0775 - acc: 0.9785 - val_loss: 0.3095 - val_acc: 0.9226
Epoch 36/50

Epoch 00036: saving model to models/unbalanced_mnist_conv_e300_L2_b64/multi-normal-cluster_classifier_1000/cp-0036.hdf5
 - 3s - loss: 0.0627 - acc: 0.9844 - val_loss: 0.3026 - val_acc: 0.9220
Epoch 37/50

Epoch 00037: saving model to models/unbalanced_mnist_conv_e300_L2_b64/multi-normal-cluster_classifier_1000/cp-0037.hdf5
 - 3s - loss: 0.0615 - acc: 0.9775 - val_loss: 0.2944 - val_acc: 0.9256
Epoch 38/50

Epoch 00038: saving model to models/unbalanced_mnist_conv_e300_L2_b64/multi-normal-cluster_classifier_1000/cp-0038.hdf5
 - 3s - loss: 0.0740 - acc: 0.9756 - val_loss: 0.2925 - val_acc: 0.9239
Epoch 39/50

Epoch 00039: saving model to models/unbalanced_mnist_conv_e300_L2_b64/multi-normal-cluster_classifier_1000/cp-0039.hdf5
 - 3s - loss: 0.0629 - acc: 0.9785 - val_loss: 0.2988 - val_acc: 0.9269
Epoch 40/50

Epoch 00040: saving model to models/unbalanced_mnist_conv_e300_L2_b64/multi-normal-cluster_classifier_1000/cp-0040.hdf5
 - 3s - loss: 0.0550 - acc: 0.9834 - val_loss: 0.3026 - val_acc: 0.9263
Epoch 41/50

Epoch 00041: saving model to models/unbalanced_mnist_conv_e300_L2_b64/multi-normal-cluster_classifier_1000/cp-0041.hdf5
 - 3s - loss: 0.0486 - acc: 0.9824 - val_loss: 0.2942 - val_acc: 0.9276
Epoch 42/50

Epoch 00042: saving model to models/unbalanced_mnist_conv_e300_L2_b64/multi-normal-cluster_classifier_1000/cp-0042.hdf5
 - 3s - loss: 0.0547 - acc: 0.9854 - val_loss: 0.3159 - val_acc: 0.9225
Epoch 43/50

Epoch 00043: saving model to models/unbalanced_mnist_conv_e300_L2_b64/multi-normal-cluster_classifier_1000/cp-0043.hdf5
 - 3s - loss: 0.0438 - acc: 0.9893 - val_loss: 0.2998 - val_acc: 0.9271
Epoch 44/50

Epoch 00044: saving model to models/unbalanced_mnist_conv_e300_L2_b64/multi-normal-cluster_classifier_1000/cp-0044.hdf5
 - 3s - loss: 0.0536 - acc: 0.9795 - val_loss: 0.3070 - val_acc: 0.9275
Epoch 45/50

Epoch 00045: saving model to models/unbalanced_mnist_conv_e300_L2_b64/multi-normal-cluster_classifier_1000/cp-0045.hdf5
 - 3s - loss: 0.0533 - acc: 0.9814 - val_loss: 0.3031 - val_acc: 0.9283
Epoch 46/50

Epoch 00046: saving model to models/unbalanced_mnist_conv_e300_L2_b64/multi-normal-cluster_classifier_1000/cp-0046.hdf5
 - 3s - loss: 0.0357 - acc: 0.9893 - val_loss: 0.3255 - val_acc: 0.9238
Epoch 47/50

Epoch 00047: saving model to models/unbalanced_mnist_conv_e300_L2_b64/multi-normal-cluster_classifier_1000/cp-0047.hdf5
 - 3s - loss: 0.0335 - acc: 0.9932 - val_loss: 0.3082 - val_acc: 0.9271
Epoch 48/50

Epoch 00048: saving model to models/unbalanced_mnist_conv_e300_L2_b64/multi-normal-cluster_classifier_1000/cp-0048.hdf5
 - 3s - loss: 0.0313 - acc: 0.9902 - val_loss: 0.3132 - val_acc: 0.9277
Epoch 49/50

Epoch 00049: saving model to models/unbalanced_mnist_conv_e300_L2_b64/multi-normal-cluster_classifier_1000/cp-0049.hdf5
 - 3s - loss: 0.0319 - acc: 0.9902 - val_loss: 0.3107 - val_acc: 0.9294
Epoch 50/50

Epoch 00050: saving model to models/unbalanced_mnist_conv_e300_L2_b64/multi-normal-cluster_classifier_1000/cp-0050.hdf5
 - 3s - loss: 0.0367 - acc: 0.9893 - val_loss: 0.3280 - val_acc: 0.9259
Epoch 1/50

Epoch 00001: saving model to models/unbalanced_mnist_conv_e300_L2_b64/error_classifier_1000/cp-0001.hdf5
 - 6s - loss: 2.2860 - acc: 0.2051 - val_loss: 2.3002 - val_acc: 0.1290
Epoch 2/50

Epoch 00002: saving model to models/unbalanced_mnist_conv_e300_L2_b64/error_classifier_1000/cp-0002.hdf5
 - 3s - loss: 2.0662 - acc: 0.2725 - val_loss: 2.7980 - val_acc: 0.1581
Epoch 3/50

Epoch 00003: saving model to models/unbalanced_mnist_conv_e300_L2_b64/error_classifier_1000/cp-0003.hdf5
 - 3s - loss: 1.5441 - acc: 0.3867 - val_loss: 3.8897 - val_acc: 0.2311
Epoch 4/50

Epoch 00004: saving model to models/unbalanced_mnist_conv_e300_L2_b64/error_classifier_1000/cp-0004.hdf5
 - 3s - loss: 1.2620 - acc: 0.5098 - val_loss: 4.0106 - val_acc: 0.3338
Epoch 5/50

Epoch 00005: saving model to models/unbalanced_mnist_conv_e300_L2_b64/error_classifier_1000/cp-0005.hdf5
 - 3s - loss: 0.9278 - acc: 0.7002 - val_loss: 4.6434 - val_acc: 0.4199
Epoch 6/50

Epoch 00006: saving model to models/unbalanced_mnist_conv_e300_L2_b64/error_classifier_1000/cp-0006.hdf5
 - 3s - loss: 0.6196 - acc: 0.7988 - val_loss: 5.3272 - val_acc: 0.4365
Epoch 7/50

Epoch 00007: saving model to models/unbalanced_mnist_conv_e300_L2_b64/error_classifier_1000/cp-0007.hdf5
 - 3s - loss: 0.4950 - acc: 0.8271 - val_loss: 5.3391 - val_acc: 0.4523
Epoch 8/50

Epoch 00008: saving model to models/unbalanced_mnist_conv_e300_L2_b64/error_classifier_1000/cp-0008.hdf5
 - 3s - loss: 0.4459 - acc: 0.8428 - val_loss: 5.1398 - val_acc: 0.4533
Epoch 9/50

Epoch 00009: saving model to models/unbalanced_mnist_conv_e300_L2_b64/error_classifier_1000/cp-0009.hdf5
 - 3s - loss: 0.3690 - acc: 0.8721 - val_loss: 4.9166 - val_acc: 0.4825
Epoch 10/50

Epoch 00010: saving model to models/unbalanced_mnist_conv_e300_L2_b64/error_classifier_1000/cp-0010.hdf5
 - 3s - loss: 0.3632 - acc: 0.8867 - val_loss: 5.0861 - val_acc: 0.4750
Epoch 11/50

Epoch 00011: saving model to models/unbalanced_mnist_conv_e300_L2_b64/error_classifier_1000/cp-0011.hdf5
 - 3s - loss: 0.3273 - acc: 0.8926 - val_loss: 5.2779 - val_acc: 0.5613
Epoch 12/50

Epoch 00012: saving model to models/unbalanced_mnist_conv_e300_L2_b64/error_classifier_1000/cp-0012.hdf5
 - 3s - loss: 0.2765 - acc: 0.9160 - val_loss: 5.6122 - val_acc: 0.4728
Epoch 13/50

Epoch 00013: saving model to models/unbalanced_mnist_conv_e300_L2_b64/error_classifier_1000/cp-0013.hdf5
 - 3s - loss: 0.2781 - acc: 0.9141 - val_loss: 5.4048 - val_acc: 0.5563
Epoch 14/50

Epoch 00014: saving model to models/unbalanced_mnist_conv_e300_L2_b64/error_classifier_1000/cp-0014.hdf5
 - 3s - loss: 0.2301 - acc: 0.9326 - val_loss: 5.8952 - val_acc: 0.4907
Epoch 15/50

Epoch 00015: saving model to models/unbalanced_mnist_conv_e300_L2_b64/error_classifier_1000/cp-0015.hdf5
 - 3s - loss: 0.2377 - acc: 0.9258 - val_loss: 5.9006 - val_acc: 0.5273
Epoch 16/50

Epoch 00016: saving model to models/unbalanced_mnist_conv_e300_L2_b64/error_classifier_1000/cp-0016.hdf5
 - 3s - loss: 0.2374 - acc: 0.9307 - val_loss: 5.6502 - val_acc: 0.5701
Epoch 17/50

Epoch 00017: saving model to models/unbalanced_mnist_conv_e300_L2_b64/error_classifier_1000/cp-0017.hdf5
 - 3s - loss: 0.1957 - acc: 0.9365 - val_loss: 5.8355 - val_acc: 0.5666
Epoch 18/50

Epoch 00018: saving model to models/unbalanced_mnist_conv_e300_L2_b64/error_classifier_1000/cp-0018.hdf5
 - 3s - loss: 0.1923 - acc: 0.9395 - val_loss: 5.6570 - val_acc: 0.5708
Epoch 19/50

Epoch 00019: saving model to models/unbalanced_mnist_conv_e300_L2_b64/error_classifier_1000/cp-0019.hdf5
 - 3s - loss: 0.1750 - acc: 0.9443 - val_loss: 5.6227 - val_acc: 0.5785
Epoch 20/50

Epoch 00020: saving model to models/unbalanced_mnist_conv_e300_L2_b64/error_classifier_1000/cp-0020.hdf5
 - 3s - loss: 0.1526 - acc: 0.9482 - val_loss: 5.9386 - val_acc: 0.5771
Epoch 21/50

Epoch 00021: saving model to models/unbalanced_mnist_conv_e300_L2_b64/error_classifier_1000/cp-0021.hdf5
 - 3s - loss: 0.1248 - acc: 0.9570 - val_loss: 6.1505 - val_acc: 0.5747
Epoch 22/50

Epoch 00022: saving model to models/unbalanced_mnist_conv_e300_L2_b64/error_classifier_1000/cp-0022.hdf5
 - 3s - loss: 0.1605 - acc: 0.9492 - val_loss: 5.9962 - val_acc: 0.5796
Epoch 23/50

Epoch 00023: saving model to models/unbalanced_mnist_conv_e300_L2_b64/error_classifier_1000/cp-0023.hdf5
 - 3s - loss: 0.1094 - acc: 0.9717 - val_loss: 6.2101 - val_acc: 0.5728
Epoch 24/50

Epoch 00024: saving model to models/unbalanced_mnist_conv_e300_L2_b64/error_classifier_1000/cp-0024.hdf5
 - 3s - loss: 0.1298 - acc: 0.9561 - val_loss: 6.0817 - val_acc: 0.5803
Epoch 25/50

Epoch 00025: saving model to models/unbalanced_mnist_conv_e300_L2_b64/error_classifier_1000/cp-0025.hdf5
 - 3s - loss: 0.1123 - acc: 0.9688 - val_loss: 6.1758 - val_acc: 0.5786
Epoch 26/50

Epoch 00026: saving model to models/unbalanced_mnist_conv_e300_L2_b64/error_classifier_1000/cp-0026.hdf5
 - 3s - loss: 0.1039 - acc: 0.9658 - val_loss: 6.1917 - val_acc: 0.5811
Epoch 27/50

Epoch 00027: saving model to models/unbalanced_mnist_conv_e300_L2_b64/error_classifier_1000/cp-0027.hdf5
 - 3s - loss: 0.1066 - acc: 0.9697 - val_loss: 6.2374 - val_acc: 0.5798
Epoch 28/50

Epoch 00028: saving model to models/unbalanced_mnist_conv_e300_L2_b64/error_classifier_1000/cp-0028.hdf5
 - 3s - loss: 0.1112 - acc: 0.9707 - val_loss: 6.2254 - val_acc: 0.5792
Epoch 29/50

Epoch 00029: saving model to models/unbalanced_mnist_conv_e300_L2_b64/error_classifier_1000/cp-0029.hdf5
 - 3s - loss: 0.0871 - acc: 0.9736 - val_loss: 6.2331 - val_acc: 0.5820
Epoch 30/50

Epoch 00030: saving model to models/unbalanced_mnist_conv_e300_L2_b64/error_classifier_1000/cp-0030.hdf5
 - 3s - loss: 0.0892 - acc: 0.9658 - val_loss: 6.3094 - val_acc: 0.5834
Epoch 31/50

Epoch 00031: saving model to models/unbalanced_mnist_conv_e300_L2_b64/error_classifier_1000/cp-0031.hdf5
 - 3s - loss: 0.0867 - acc: 0.9746 - val_loss: 6.3121 - val_acc: 0.5796
Epoch 32/50

Epoch 00032: saving model to models/unbalanced_mnist_conv_e300_L2_b64/error_classifier_1000/cp-0032.hdf5
 - 3s - loss: 0.0944 - acc: 0.9707 - val_loss: 6.3010 - val_acc: 0.5825
Epoch 33/50

Epoch 00033: saving model to models/unbalanced_mnist_conv_e300_L2_b64/error_classifier_1000/cp-0033.hdf5
 - 3s - loss: 0.0679 - acc: 0.9795 - val_loss: 6.3296 - val_acc: 0.5823
Epoch 34/50

Epoch 00034: saving model to models/unbalanced_mnist_conv_e300_L2_b64/error_classifier_1000/cp-0034.hdf5
 - 3s - loss: 0.0840 - acc: 0.9775 - val_loss: 6.3101 - val_acc: 0.5823
Epoch 35/50

Epoch 00035: saving model to models/unbalanced_mnist_conv_e300_L2_b64/error_classifier_1000/cp-0035.hdf5
 - 3s - loss: 0.0754 - acc: 0.9766 - val_loss: 6.3218 - val_acc: 0.5835
Epoch 36/50

Epoch 00036: saving model to models/unbalanced_mnist_conv_e300_L2_b64/error_classifier_1000/cp-0036.hdf5
 - 3s - loss: 0.0636 - acc: 0.9824 - val_loss: 6.3722 - val_acc: 0.5780
Epoch 37/50

Epoch 00037: saving model to models/unbalanced_mnist_conv_e300_L2_b64/error_classifier_1000/cp-0037.hdf5
 - 3s - loss: 0.0590 - acc: 0.9844 - val_loss: 6.3650 - val_acc: 0.5808
Epoch 38/50

Epoch 00038: saving model to models/unbalanced_mnist_conv_e300_L2_b64/error_classifier_1000/cp-0038.hdf5
 - 3s - loss: 0.0582 - acc: 0.9814 - val_loss: 6.3806 - val_acc: 0.5829
Epoch 39/50

Epoch 00039: saving model to models/unbalanced_mnist_conv_e300_L2_b64/error_classifier_1000/cp-0039.hdf5
 - 3s - loss: 0.0660 - acc: 0.9756 - val_loss: 6.3732 - val_acc: 0.5825
Epoch 40/50

Epoch 00040: saving model to models/unbalanced_mnist_conv_e300_L2_b64/error_classifier_1000/cp-0040.hdf5
 - 3s - loss: 0.0478 - acc: 0.9824 - val_loss: 6.3849 - val_acc: 0.5819
Epoch 41/50

Epoch 00041: saving model to models/unbalanced_mnist_conv_e300_L2_b64/error_classifier_1000/cp-0041.hdf5
 - 3s - loss: 0.0594 - acc: 0.9863 - val_loss: 6.3989 - val_acc: 0.5805
Epoch 42/50

Epoch 00042: saving model to models/unbalanced_mnist_conv_e300_L2_b64/error_classifier_1000/cp-0042.hdf5
 - 3s - loss: 0.0489 - acc: 0.9873 - val_loss: 6.3776 - val_acc: 0.5823
Epoch 43/50

Epoch 00043: saving model to models/unbalanced_mnist_conv_e300_L2_b64/error_classifier_1000/cp-0043.hdf5
 - 3s - loss: 0.0576 - acc: 0.9824 - val_loss: 6.3914 - val_acc: 0.5822
Epoch 44/50

Epoch 00044: saving model to models/unbalanced_mnist_conv_e300_L2_b64/error_classifier_1000/cp-0044.hdf5
 - 3s - loss: 0.0530 - acc: 0.9795 - val_loss: 6.4126 - val_acc: 0.5806
Epoch 45/50

Epoch 00045: saving model to models/unbalanced_mnist_conv_e300_L2_b64/error_classifier_1000/cp-0045.hdf5
 - 3s - loss: 0.0471 - acc: 0.9873 - val_loss: 6.4021 - val_acc: 0.5839
Epoch 46/50

Epoch 00046: saving model to models/unbalanced_mnist_conv_e300_L2_b64/error_classifier_1000/cp-0046.hdf5
 - 3s - loss: 0.0382 - acc: 0.9932 - val_loss: 6.3969 - val_acc: 0.5832
Epoch 47/50

Epoch 00047: saving model to models/unbalanced_mnist_conv_e300_L2_b64/error_classifier_1000/cp-0047.hdf5
 - 3s - loss: 0.0477 - acc: 0.9863 - val_loss: 6.4231 - val_acc: 0.5805
Epoch 48/50

Epoch 00048: saving model to models/unbalanced_mnist_conv_e300_L2_b64/error_classifier_1000/cp-0048.hdf5
 - 3s - loss: 0.0325 - acc: 0.9883 - val_loss: 6.4196 - val_acc: 0.5826
Epoch 49/50

Epoch 00049: saving model to models/unbalanced_mnist_conv_e300_L2_b64/error_classifier_1000/cp-0049.hdf5
 - 3s - loss: 0.0399 - acc: 0.9902 - val_loss: 6.4073 - val_acc: 0.5846
Epoch 50/50

Epoch 00050: saving model to models/unbalanced_mnist_conv_e300_L2_b64/error_classifier_1000/cp-0050.hdf5
 - 3s - loss: 0.0411 - acc: 0.9883 - val_loss: 6.4008 - val_acc: 0.5837
Finished.
