Starting training...
Epoch 1/300

Epoch 00001: saving model to models/unbalanced_mnist_conv_e300_L2_b64/autoencoder/cp-0001.hdf5
 - 59s - loss: 4.3917 - mean_absolute_error: 0.1526 - val_loss: 3.4349 - val_mean_absolute_error: 0.1261
Epoch 2/300

Epoch 00002: saving model to models/unbalanced_mnist_conv_e300_L2_b64/autoencoder/cp-0002.hdf5
 - 50s - loss: 3.3076 - mean_absolute_error: 0.1203 - val_loss: 2.9839 - val_mean_absolute_error: 0.1114
Epoch 3/300

Epoch 00003: saving model to models/unbalanced_mnist_conv_e300_L2_b64/autoencoder/cp-0003.hdf5
 - 50s - loss: 3.0817 - mean_absolute_error: 0.1139 - val_loss: 2.8025 - val_mean_absolute_error: 0.1050
Epoch 4/300

Epoch 00004: saving model to models/unbalanced_mnist_conv_e300_L2_b64/autoencoder/cp-0004.hdf5
 - 50s - loss: 2.9669 - mean_absolute_error: 0.1106 - val_loss: 2.7021 - val_mean_absolute_error: 0.1032
Epoch 5/300

Epoch 00005: saving model to models/unbalanced_mnist_conv_e300_L2_b64/autoencoder/cp-0005.hdf5
 - 50s - loss: 2.8910 - mean_absolute_error: 0.1083 - val_loss: 2.6609 - val_mean_absolute_error: 0.0999
Epoch 6/300

Epoch 00006: saving model to models/unbalanced_mnist_conv_e300_L2_b64/autoencoder/cp-0006.hdf5
 - 50s - loss: 2.8381 - mean_absolute_error: 0.1067 - val_loss: 2.6201 - val_mean_absolute_error: 0.0968
Epoch 7/300

Epoch 00007: saving model to models/unbalanced_mnist_conv_e300_L2_b64/autoencoder/cp-0007.hdf5
 - 50s - loss: 2.7998 - mean_absolute_error: 0.1054 - val_loss: 2.5631 - val_mean_absolute_error: 0.0971
Epoch 8/300

Epoch 00008: saving model to models/unbalanced_mnist_conv_e300_L2_b64/autoencoder/cp-0008.hdf5
 - 50s - loss: 2.7619 - mean_absolute_error: 0.1042 - val_loss: 2.5713 - val_mean_absolute_error: 0.1000
Epoch 9/300

Epoch 00009: saving model to models/unbalanced_mnist_conv_e300_L2_b64/autoencoder/cp-0009.hdf5
 - 50s - loss: 2.7333 - mean_absolute_error: 0.1033 - val_loss: 2.5148 - val_mean_absolute_error: 0.0953
Epoch 10/300

Epoch 00010: saving model to models/unbalanced_mnist_conv_e300_L2_b64/autoencoder/cp-0010.hdf5
 - 50s - loss: 2.7073 - mean_absolute_error: 0.1024 - val_loss: 2.5112 - val_mean_absolute_error: 0.0967
Epoch 11/300

Epoch 00011: saving model to models/unbalanced_mnist_conv_e300_L2_b64/autoencoder/cp-0011.hdf5
 - 50s - loss: 2.6833 - mean_absolute_error: 0.1017 - val_loss: 2.5076 - val_mean_absolute_error: 0.0973
Epoch 12/300

Epoch 00012: saving model to models/unbalanced_mnist_conv_e300_L2_b64/autoencoder/cp-0012.hdf5
 - 50s - loss: 2.6599 - mean_absolute_error: 0.1009 - val_loss: 2.4924 - val_mean_absolute_error: 0.0950
Epoch 13/300

Epoch 00013: saving model to models/unbalanced_mnist_conv_e300_L2_b64/autoencoder/cp-0013.hdf5
 - 50s - loss: 2.6390 - mean_absolute_error: 0.1003 - val_loss: 2.4520 - val_mean_absolute_error: 0.0931
Epoch 14/300

Epoch 00014: saving model to models/unbalanced_mnist_conv_e300_L2_b64/autoencoder/cp-0014.hdf5
 - 50s - loss: 2.6230 - mean_absolute_error: 0.0998 - val_loss: 2.4465 - val_mean_absolute_error: 0.0932
Epoch 15/300

Epoch 00015: saving model to models/unbalanced_mnist_conv_e300_L2_b64/autoencoder/cp-0015.hdf5
 - 50s - loss: 2.6072 - mean_absolute_error: 0.0992 - val_loss: 2.4493 - val_mean_absolute_error: 0.0921
Epoch 16/300

Epoch 00016: saving model to models/unbalanced_mnist_conv_e300_L2_b64/autoencoder/cp-0016.hdf5
 - 50s - loss: 2.5913 - mean_absolute_error: 0.0988 - val_loss: 2.4030 - val_mean_absolute_error: 0.0914
Epoch 17/300

Epoch 00017: saving model to models/unbalanced_mnist_conv_e300_L2_b64/autoencoder/cp-0017.hdf5
 - 50s - loss: 2.5772 - mean_absolute_error: 0.0983 - val_loss: 2.4301 - val_mean_absolute_error: 0.0914
Epoch 18/300

Epoch 00018: saving model to models/unbalanced_mnist_conv_e300_L2_b64/autoencoder/cp-0018.hdf5
 - 50s - loss: 2.5650 - mean_absolute_error: 0.0979 - val_loss: 2.3956 - val_mean_absolute_error: 0.0931
Epoch 19/300

Epoch 00019: saving model to models/unbalanced_mnist_conv_e300_L2_b64/autoencoder/cp-0019.hdf5
 - 50s - loss: 2.5545 - mean_absolute_error: 0.0976 - val_loss: 2.3715 - val_mean_absolute_error: 0.0917
Epoch 20/300

Epoch 00020: saving model to models/unbalanced_mnist_conv_e300_L2_b64/autoencoder/cp-0020.hdf5
 - 50s - loss: 2.5430 - mean_absolute_error: 0.0973 - val_loss: 2.3581 - val_mean_absolute_error: 0.0898
Epoch 21/300

Epoch 00021: saving model to models/unbalanced_mnist_conv_e300_L2_b64/autoencoder/cp-0021.hdf5
 - 50s - loss: 2.5326 - mean_absolute_error: 0.0969 - val_loss: 2.3726 - val_mean_absolute_error: 0.0893
Epoch 22/300

Epoch 00022: saving model to models/unbalanced_mnist_conv_e300_L2_b64/autoencoder/cp-0022.hdf5
 - 50s - loss: 2.5213 - mean_absolute_error: 0.0966 - val_loss: 2.3648 - val_mean_absolute_error: 0.0893
Epoch 23/300

Epoch 00023: saving model to models/unbalanced_mnist_conv_e300_L2_b64/autoencoder/cp-0023.hdf5
 - 50s - loss: 2.5121 - mean_absolute_error: 0.0963 - val_loss: 2.3499 - val_mean_absolute_error: 0.0903
Epoch 24/300

Epoch 00024: saving model to models/unbalanced_mnist_conv_e300_L2_b64/autoencoder/cp-0024.hdf5
 - 50s - loss: 2.5040 - mean_absolute_error: 0.0960 - val_loss: 2.3472 - val_mean_absolute_error: 0.0910
Epoch 25/300

Epoch 00025: saving model to models/unbalanced_mnist_conv_e300_L2_b64/autoencoder/cp-0025.hdf5
 - 50s - loss: 2.4957 - mean_absolute_error: 0.0958 - val_loss: 2.3473 - val_mean_absolute_error: 0.0921
Epoch 26/300

Epoch 00026: saving model to models/unbalanced_mnist_conv_e300_L2_b64/autoencoder/cp-0026.hdf5
 - 50s - loss: 2.4894 - mean_absolute_error: 0.0955 - val_loss: 2.3484 - val_mean_absolute_error: 0.0940
Epoch 27/300

Epoch 00027: saving model to models/unbalanced_mnist_conv_e300_L2_b64/autoencoder/cp-0027.hdf5
 - 50s - loss: 2.4785 - mean_absolute_error: 0.0952 - val_loss: 2.3270 - val_mean_absolute_error: 0.0891
Epoch 28/300

Epoch 00028: saving model to models/unbalanced_mnist_conv_e300_L2_b64/autoencoder/cp-0028.hdf5
 - 50s - loss: 2.4722 - mean_absolute_error: 0.0950 - val_loss: 2.3327 - val_mean_absolute_error: 0.0888
Epoch 29/300

Epoch 00029: saving model to models/unbalanced_mnist_conv_e300_L2_b64/autoencoder/cp-0029.hdf5
 - 50s - loss: 2.4679 - mean_absolute_error: 0.0948 - val_loss: 2.3300 - val_mean_absolute_error: 0.0888
Epoch 30/300

Epoch 00030: saving model to models/unbalanced_mnist_conv_e300_L2_b64/autoencoder/cp-0030.hdf5
 - 50s - loss: 2.4625 - mean_absolute_error: 0.0947 - val_loss: 2.3048 - val_mean_absolute_error: 0.0880
Epoch 31/300

Epoch 00031: saving model to models/unbalanced_mnist_conv_e300_L2_b64/autoencoder/cp-0031.hdf5
 - 50s - loss: 2.4520 - mean_absolute_error: 0.0943 - val_loss: 2.3208 - val_mean_absolute_error: 0.0913
Epoch 32/300

Epoch 00032: saving model to models/unbalanced_mnist_conv_e300_L2_b64/autoencoder/cp-0032.hdf5
 - 50s - loss: 2.4504 - mean_absolute_error: 0.0943 - val_loss: 2.3149 - val_mean_absolute_error: 0.0897
Epoch 33/300

Epoch 00033: saving model to models/unbalanced_mnist_conv_e300_L2_b64/autoencoder/cp-0033.hdf5
 - 50s - loss: 2.4424 - mean_absolute_error: 0.0940 - val_loss: 2.3105 - val_mean_absolute_error: 0.0903
Epoch 34/300

Epoch 00034: saving model to models/unbalanced_mnist_conv_e300_L2_b64/autoencoder/cp-0034.hdf5
 - 50s - loss: 2.4350 - mean_absolute_error: 0.0938 - val_loss: 2.3039 - val_mean_absolute_error: 0.0867
Epoch 35/300

Epoch 00035: saving model to models/unbalanced_mnist_conv_e300_L2_b64/autoencoder/cp-0035.hdf5
 - 50s - loss: 2.4316 - mean_absolute_error: 0.0937 - val_loss: 2.2842 - val_mean_absolute_error: 0.0881
Epoch 36/300

Epoch 00036: saving model to models/unbalanced_mnist_conv_e300_L2_b64/autoencoder/cp-0036.hdf5
 - 50s - loss: 2.4250 - mean_absolute_error: 0.0935 - val_loss: 2.3025 - val_mean_absolute_error: 0.0878
Epoch 37/300

Epoch 00037: saving model to models/unbalanced_mnist_conv_e300_L2_b64/autoencoder/cp-0037.hdf5
 - 50s - loss: 2.4207 - mean_absolute_error: 0.0933 - val_loss: 2.2919 - val_mean_absolute_error: 0.0870
Epoch 38/300

Epoch 00038: saving model to models/unbalanced_mnist_conv_e300_L2_b64/autoencoder/cp-0038.hdf5
 - 50s - loss: 2.4156 - mean_absolute_error: 0.0932 - val_loss: 2.2905 - val_mean_absolute_error: 0.0868
Epoch 39/300

Epoch 00039: saving model to models/unbalanced_mnist_conv_e300_L2_b64/autoencoder/cp-0039.hdf5
 - 50s - loss: 2.4102 - mean_absolute_error: 0.0930 - val_loss: 2.2859 - val_mean_absolute_error: 0.0861
Epoch 40/300

Epoch 00040: saving model to models/unbalanced_mnist_conv_e300_L2_b64/autoencoder/cp-0040.hdf5
 - 50s - loss: 2.4106 - mean_absolute_error: 0.0930 - val_loss: 2.2640 - val_mean_absolute_error: 0.0864
Epoch 41/300

Epoch 00041: saving model to models/unbalanced_mnist_conv_e300_L2_b64/autoencoder/cp-0041.hdf5
 - 50s - loss: 2.4019 - mean_absolute_error: 0.0927 - val_loss: 2.2792 - val_mean_absolute_error: 0.0856
Epoch 42/300

Epoch 00042: saving model to models/unbalanced_mnist_conv_e300_L2_b64/autoencoder/cp-0042.hdf5
 - 50s - loss: 2.3981 - mean_absolute_error: 0.0926 - val_loss: 2.2830 - val_mean_absolute_error: 0.0855
Epoch 43/300

Epoch 00043: saving model to models/unbalanced_mnist_conv_e300_L2_b64/autoencoder/cp-0043.hdf5
 - 50s - loss: 2.3943 - mean_absolute_error: 0.0924 - val_loss: 2.2649 - val_mean_absolute_error: 0.0877
Epoch 44/300

Epoch 00044: saving model to models/unbalanced_mnist_conv_e300_L2_b64/autoencoder/cp-0044.hdf5
 - 50s - loss: 2.3916 - mean_absolute_error: 0.0923 - val_loss: 2.2867 - val_mean_absolute_error: 0.0863
Epoch 45/300

Epoch 00045: saving model to models/unbalanced_mnist_conv_e300_L2_b64/autoencoder/cp-0045.hdf5
 - 50s - loss: 2.3860 - mean_absolute_error: 0.0921 - val_loss: 2.2572 - val_mean_absolute_error: 0.0848
Epoch 46/300

Epoch 00046: saving model to models/unbalanced_mnist_conv_e300_L2_b64/autoencoder/cp-0046.hdf5
 - 50s - loss: 2.3846 - mean_absolute_error: 0.0921 - val_loss: 2.2548 - val_mean_absolute_error: 0.0865
Epoch 47/300

Epoch 00047: saving model to models/unbalanced_mnist_conv_e300_L2_b64/autoencoder/cp-0047.hdf5
 - 50s - loss: 2.3790 - mean_absolute_error: 0.0919 - val_loss: 2.2652 - val_mean_absolute_error: 0.0855
Epoch 48/300

Epoch 00048: saving model to models/unbalanced_mnist_conv_e300_L2_b64/autoencoder/cp-0048.hdf5
 - 50s - loss: 2.3771 - mean_absolute_error: 0.0918 - val_loss: 2.2617 - val_mean_absolute_error: 0.0865
Epoch 49/300

Epoch 00049: saving model to models/unbalanced_mnist_conv_e300_L2_b64/autoencoder/cp-0049.hdf5
 - 50s - loss: 2.3717 - mean_absolute_error: 0.0917 - val_loss: 2.2522 - val_mean_absolute_error: 0.0862
Epoch 50/300

Epoch 00050: saving model to models/unbalanced_mnist_conv_e300_L2_b64/autoencoder/cp-0050.hdf5
 - 50s - loss: 2.3709 - mean_absolute_error: 0.0916 - val_loss: 2.2495 - val_mean_absolute_error: 0.0857
Epoch 51/300

Epoch 00051: saving model to models/unbalanced_mnist_conv_e300_L2_b64/autoencoder/cp-0051.hdf5
 - 50s - loss: 2.3627 - mean_absolute_error: 0.0914 - val_loss: 2.2716 - val_mean_absolute_error: 0.0857
Epoch 52/300

Epoch 00052: saving model to models/unbalanced_mnist_conv_e300_L2_b64/autoencoder/cp-0052.hdf5
 - 50s - loss: 2.3651 - mean_absolute_error: 0.0914 - val_loss: 2.2454 - val_mean_absolute_error: 0.0852
Epoch 53/300

Epoch 00053: saving model to models/unbalanced_mnist_conv_e300_L2_b64/autoencoder/cp-0053.hdf5
 - 50s - loss: 2.3593 - mean_absolute_error: 0.0912 - val_loss: 2.2441 - val_mean_absolute_error: 0.0858
Epoch 54/300

Epoch 00054: saving model to models/unbalanced_mnist_conv_e300_L2_b64/autoencoder/cp-0054.hdf5
 - 50s - loss: 2.3575 - mean_absolute_error: 0.0912 - val_loss: 2.2398 - val_mean_absolute_error: 0.0859
Epoch 55/300

Epoch 00055: saving model to models/unbalanced_mnist_conv_e300_L2_b64/autoencoder/cp-0055.hdf5
 - 50s - loss: 2.3498 - mean_absolute_error: 0.0910 - val_loss: 2.2409 - val_mean_absolute_error: 0.0850
Epoch 56/300

Epoch 00056: saving model to models/unbalanced_mnist_conv_e300_L2_b64/autoencoder/cp-0056.hdf5
 - 50s - loss: 2.3487 - mean_absolute_error: 0.0909 - val_loss: 2.2457 - val_mean_absolute_error: 0.0857
Epoch 57/300

Epoch 00057: saving model to models/unbalanced_mnist_conv_e300_L2_b64/autoencoder/cp-0057.hdf5
 - 50s - loss: 2.3500 - mean_absolute_error: 0.0910 - val_loss: 2.2380 - val_mean_absolute_error: 0.0846
Epoch 58/300

Epoch 00058: saving model to models/unbalanced_mnist_conv_e300_L2_b64/autoencoder/cp-0058.hdf5
 - 50s - loss: 2.3424 - mean_absolute_error: 0.0907 - val_loss: 2.2319 - val_mean_absolute_error: 0.0887
Epoch 59/300

Epoch 00059: saving model to models/unbalanced_mnist_conv_e300_L2_b64/autoencoder/cp-0059.hdf5
 - 50s - loss: 2.3419 - mean_absolute_error: 0.0907 - val_loss: 2.2443 - val_mean_absolute_error: 0.0850
Epoch 60/300

Epoch 00060: saving model to models/unbalanced_mnist_conv_e300_L2_b64/autoencoder/cp-0060.hdf5
 - 50s - loss: 2.3357 - mean_absolute_error: 0.0905 - val_loss: 2.2280 - val_mean_absolute_error: 0.0861
Epoch 61/300

Epoch 00061: saving model to models/unbalanced_mnist_conv_e300_L2_b64/autoencoder/cp-0061.hdf5
 - 50s - loss: 2.3354 - mean_absolute_error: 0.0905 - val_loss: 2.2442 - val_mean_absolute_error: 0.0846
Epoch 62/300

Epoch 00062: saving model to models/unbalanced_mnist_conv_e300_L2_b64/autoencoder/cp-0062.hdf5
 - 50s - loss: 2.3337 - mean_absolute_error: 0.0904 - val_loss: 2.2247 - val_mean_absolute_error: 0.0843
Epoch 63/300

Epoch 00063: saving model to models/unbalanced_mnist_conv_e300_L2_b64/autoencoder/cp-0063.hdf5
 - 50s - loss: 2.3302 - mean_absolute_error: 0.0903 - val_loss: 2.2260 - val_mean_absolute_error: 0.0855
Epoch 64/300

Epoch 00064: saving model to models/unbalanced_mnist_conv_e300_L2_b64/autoencoder/cp-0064.hdf5
 - 50s - loss: 2.3293 - mean_absolute_error: 0.0903 - val_loss: 2.2277 - val_mean_absolute_error: 0.0858
Epoch 65/300

Epoch 00065: saving model to models/unbalanced_mnist_conv_e300_L2_b64/autoencoder/cp-0065.hdf5
 - 50s - loss: 2.3222 - mean_absolute_error: 0.0900 - val_loss: 2.2145 - val_mean_absolute_error: 0.0845
Epoch 66/300

Epoch 00066: saving model to models/unbalanced_mnist_conv_e300_L2_b64/autoencoder/cp-0066.hdf5
 - 50s - loss: 2.3224 - mean_absolute_error: 0.0900 - val_loss: 2.2132 - val_mean_absolute_error: 0.0867
Epoch 67/300

Epoch 00067: saving model to models/unbalanced_mnist_conv_e300_L2_b64/autoencoder/cp-0067.hdf5
 - 50s - loss: 2.3241 - mean_absolute_error: 0.0901 - val_loss: 2.2223 - val_mean_absolute_error: 0.0832
Epoch 68/300

Epoch 00068: saving model to models/unbalanced_mnist_conv_e300_L2_b64/autoencoder/cp-0068.hdf5
 - 50s - loss: 2.3166 - mean_absolute_error: 0.0898 - val_loss: 2.2142 - val_mean_absolute_error: 0.0853
Epoch 69/300

Epoch 00069: saving model to models/unbalanced_mnist_conv_e300_L2_b64/autoencoder/cp-0069.hdf5
 - 50s - loss: 2.3153 - mean_absolute_error: 0.0898 - val_loss: 2.2202 - val_mean_absolute_error: 0.0842
Epoch 70/300

Epoch 00070: saving model to models/unbalanced_mnist_conv_e300_L2_b64/autoencoder/cp-0070.hdf5
 - 50s - loss: 2.3126 - mean_absolute_error: 0.0897 - val_loss: 2.2233 - val_mean_absolute_error: 0.0847
Epoch 71/300

Epoch 00071: saving model to models/unbalanced_mnist_conv_e300_L2_b64/autoencoder/cp-0071.hdf5
 - 50s - loss: 2.3097 - mean_absolute_error: 0.0896 - val_loss: 2.2169 - val_mean_absolute_error: 0.0840
Epoch 72/300

Epoch 00072: saving model to models/unbalanced_mnist_conv_e300_L2_b64/autoencoder/cp-0072.hdf5
 - 50s - loss: 2.3083 - mean_absolute_error: 0.0896 - val_loss: 2.2110 - val_mean_absolute_error: 0.0846
Epoch 73/300

Epoch 00073: saving model to models/unbalanced_mnist_conv_e300_L2_b64/autoencoder/cp-0073.hdf5
 - 50s - loss: 2.3022 - mean_absolute_error: 0.0894 - val_loss: 2.2075 - val_mean_absolute_error: 0.0852
Epoch 74/300

Epoch 00074: saving model to models/unbalanced_mnist_conv_e300_L2_b64/autoencoder/cp-0074.hdf5
 - 50s - loss: 2.3034 - mean_absolute_error: 0.0894 - val_loss: 2.2086 - val_mean_absolute_error: 0.0840
Epoch 75/300

Epoch 00075: saving model to models/unbalanced_mnist_conv_e300_L2_b64/autoencoder/cp-0075.hdf5
 - 50s - loss: 2.3060 - mean_absolute_error: 0.0895 - val_loss: 2.2231 - val_mean_absolute_error: 0.0858
Epoch 76/300

Epoch 00076: saving model to models/unbalanced_mnist_conv_e300_L2_b64/autoencoder/cp-0076.hdf5
 - 50s - loss: 2.2978 - mean_absolute_error: 0.0892 - val_loss: 2.2061 - val_mean_absolute_error: 0.0877
Epoch 77/300

Epoch 00077: saving model to models/unbalanced_mnist_conv_e300_L2_b64/autoencoder/cp-0077.hdf5
 - 50s - loss: 2.2970 - mean_absolute_error: 0.0892 - val_loss: 2.2080 - val_mean_absolute_error: 0.0850
Epoch 78/300

Epoch 00078: saving model to models/unbalanced_mnist_conv_e300_L2_b64/autoencoder/cp-0078.hdf5
 - 50s - loss: 2.2970 - mean_absolute_error: 0.0892 - val_loss: 2.2029 - val_mean_absolute_error: 0.0846
Epoch 79/300

Epoch 00079: saving model to models/unbalanced_mnist_conv_e300_L2_b64/autoencoder/cp-0079.hdf5
 - 50s - loss: 2.2915 - mean_absolute_error: 0.0890 - val_loss: 2.2090 - val_mean_absolute_error: 0.0846
Epoch 80/300

Epoch 00080: saving model to models/unbalanced_mnist_conv_e300_L2_b64/autoencoder/cp-0080.hdf5
 - 50s - loss: 2.2893 - mean_absolute_error: 0.0889 - val_loss: 2.2138 - val_mean_absolute_error: 0.0839
Epoch 81/300

Epoch 00081: saving model to models/unbalanced_mnist_conv_e300_L2_b64/autoencoder/cp-0081.hdf5
 - 50s - loss: 2.2901 - mean_absolute_error: 0.0890 - val_loss: 2.2096 - val_mean_absolute_error: 0.0848
Epoch 82/300

Epoch 00082: saving model to models/unbalanced_mnist_conv_e300_L2_b64/autoencoder/cp-0082.hdf5
 - 50s - loss: 2.2845 - mean_absolute_error: 0.0888 - val_loss: 2.2001 - val_mean_absolute_error: 0.0825
Epoch 83/300

Epoch 00083: saving model to models/unbalanced_mnist_conv_e300_L2_b64/autoencoder/cp-0083.hdf5
 - 50s - loss: 2.2842 - mean_absolute_error: 0.0888 - val_loss: 2.1984 - val_mean_absolute_error: 0.0831
Epoch 84/300

Epoch 00084: saving model to models/unbalanced_mnist_conv_e300_L2_b64/autoencoder/cp-0084.hdf5
 - 50s - loss: 2.2844 - mean_absolute_error: 0.0887 - val_loss: 2.2203 - val_mean_absolute_error: 0.0871
Epoch 85/300

Epoch 00085: saving model to models/unbalanced_mnist_conv_e300_L2_b64/autoencoder/cp-0085.hdf5
 - 50s - loss: 2.2827 - mean_absolute_error: 0.0888 - val_loss: 2.1994 - val_mean_absolute_error: 0.0882
Epoch 86/300

Epoch 00086: saving model to models/unbalanced_mnist_conv_e300_L2_b64/autoencoder/cp-0086.hdf5
 - 50s - loss: 2.2769 - mean_absolute_error: 0.0885 - val_loss: 2.1877 - val_mean_absolute_error: 0.0825
Epoch 87/300

Epoch 00087: saving model to models/unbalanced_mnist_conv_e300_L2_b64/autoencoder/cp-0087.hdf5
 - 50s - loss: 2.2784 - mean_absolute_error: 0.0886 - val_loss: 2.1888 - val_mean_absolute_error: 0.0835
Epoch 88/300

Epoch 00088: saving model to models/unbalanced_mnist_conv_e300_L2_b64/autoencoder/cp-0088.hdf5
 - 50s - loss: 2.2772 - mean_absolute_error: 0.0885 - val_loss: 2.1917 - val_mean_absolute_error: 0.0845
Epoch 89/300

Epoch 00089: saving model to models/unbalanced_mnist_conv_e300_L2_b64/autoencoder/cp-0089.hdf5
 - 50s - loss: 2.2738 - mean_absolute_error: 0.0884 - val_loss: 2.1889 - val_mean_absolute_error: 0.0828
Epoch 90/300

Epoch 00090: saving model to models/unbalanced_mnist_conv_e300_L2_b64/autoencoder/cp-0090.hdf5
 - 50s - loss: 2.2693 - mean_absolute_error: 0.0883 - val_loss: 2.2076 - val_mean_absolute_error: 0.0826
Epoch 91/300

Epoch 00091: saving model to models/unbalanced_mnist_conv_e300_L2_b64/autoencoder/cp-0091.hdf5
 - 50s - loss: 2.2703 - mean_absolute_error: 0.0883 - val_loss: 2.1929 - val_mean_absolute_error: 0.0841
Epoch 92/300

Epoch 00092: saving model to models/unbalanced_mnist_conv_e300_L2_b64/autoencoder/cp-0092.hdf5
 - 50s - loss: 2.2705 - mean_absolute_error: 0.0883 - val_loss: 2.1967 - val_mean_absolute_error: 0.0833
Epoch 93/300

Epoch 00093: saving model to models/unbalanced_mnist_conv_e300_L2_b64/autoencoder/cp-0093.hdf5
 - 50s - loss: 2.2653 - mean_absolute_error: 0.0881 - val_loss: 2.1861 - val_mean_absolute_error: 0.0835
Epoch 94/300

Epoch 00094: saving model to models/unbalanced_mnist_conv_e300_L2_b64/autoencoder/cp-0094.hdf5
 - 50s - loss: 2.2646 - mean_absolute_error: 0.0881 - val_loss: 2.1919 - val_mean_absolute_error: 0.0833
Epoch 95/300

Epoch 00095: saving model to models/unbalanced_mnist_conv_e300_L2_b64/autoencoder/cp-0095.hdf5
 - 50s - loss: 2.2668 - mean_absolute_error: 0.0882 - val_loss: 2.1922 - val_mean_absolute_error: 0.0817
Epoch 96/300

Epoch 00096: saving model to models/unbalanced_mnist_conv_e300_L2_b64/autoencoder/cp-0096.hdf5
 - 50s - loss: 2.2653 - mean_absolute_error: 0.0881 - val_loss: 2.2254 - val_mean_absolute_error: 0.0833
Epoch 97/300

Epoch 00097: saving model to models/unbalanced_mnist_conv_e300_L2_b64/autoencoder/cp-0097.hdf5
 - 50s - loss: 2.2597 - mean_absolute_error: 0.0879 - val_loss: 2.1729 - val_mean_absolute_error: 0.0828
Epoch 98/300

Epoch 00098: saving model to models/unbalanced_mnist_conv_e300_L2_b64/autoencoder/cp-0098.hdf5
 - 50s - loss: 2.2607 - mean_absolute_error: 0.0880 - val_loss: 2.1728 - val_mean_absolute_error: 0.0836
Epoch 99/300

Epoch 00099: saving model to models/unbalanced_mnist_conv_e300_L2_b64/autoencoder/cp-0099.hdf5
 - 50s - loss: 2.2585 - mean_absolute_error: 0.0879 - val_loss: 2.1703 - val_mean_absolute_error: 0.0834
Epoch 100/300

Epoch 00100: saving model to models/unbalanced_mnist_conv_e300_L2_b64/autoencoder/cp-0100.hdf5
 - 50s - loss: 2.2547 - mean_absolute_error: 0.0877 - val_loss: 2.1914 - val_mean_absolute_error: 0.0864
Epoch 101/300

Epoch 00101: saving model to models/unbalanced_mnist_conv_e300_L2_b64/autoencoder/cp-0101.hdf5
 - 50s - loss: 2.2546 - mean_absolute_error: 0.0878 - val_loss: 2.1801 - val_mean_absolute_error: 0.0829
Epoch 102/300

Epoch 00102: saving model to models/unbalanced_mnist_conv_e300_L2_b64/autoencoder/cp-0102.hdf5
 - 50s - loss: 2.2534 - mean_absolute_error: 0.0877 - val_loss: 2.1898 - val_mean_absolute_error: 0.0836
Epoch 103/300

Epoch 00103: saving model to models/unbalanced_mnist_conv_e300_L2_b64/autoencoder/cp-0103.hdf5
 - 50s - loss: 2.2492 - mean_absolute_error: 0.0876 - val_loss: 2.1812 - val_mean_absolute_error: 0.0831
Epoch 104/300

Epoch 00104: saving model to models/unbalanced_mnist_conv_e300_L2_b64/autoencoder/cp-0104.hdf5
 - 50s - loss: 2.2484 - mean_absolute_error: 0.0876 - val_loss: 2.1759 - val_mean_absolute_error: 0.0863
Epoch 105/300

Epoch 00105: saving model to models/unbalanced_mnist_conv_e300_L2_b64/autoencoder/cp-0105.hdf5
 - 50s - loss: 2.2448 - mean_absolute_error: 0.0874 - val_loss: 2.1873 - val_mean_absolute_error: 0.0837
Epoch 106/300

Epoch 00106: saving model to models/unbalanced_mnist_conv_e300_L2_b64/autoencoder/cp-0106.hdf5
 - 50s - loss: 2.2473 - mean_absolute_error: 0.0875 - val_loss: 2.1688 - val_mean_absolute_error: 0.0841
Epoch 107/300

Epoch 00107: saving model to models/unbalanced_mnist_conv_e300_L2_b64/autoencoder/cp-0107.hdf5
 - 50s - loss: 2.2415 - mean_absolute_error: 0.0873 - val_loss: 2.1768 - val_mean_absolute_error: 0.0832
Epoch 108/300

Epoch 00108: saving model to models/unbalanced_mnist_conv_e300_L2_b64/autoencoder/cp-0108.hdf5
 - 50s - loss: 2.2483 - mean_absolute_error: 0.0875 - val_loss: 2.1670 - val_mean_absolute_error: 0.0842
Epoch 109/300

Epoch 00109: saving model to models/unbalanced_mnist_conv_e300_L2_b64/autoencoder/cp-0109.hdf5
 - 50s - loss: 2.2405 - mean_absolute_error: 0.0873 - val_loss: 2.1620 - val_mean_absolute_error: 0.0833
Epoch 110/300

Epoch 00110: saving model to models/unbalanced_mnist_conv_e300_L2_b64/autoencoder/cp-0110.hdf5
 - 50s - loss: 2.2369 - mean_absolute_error: 0.0872 - val_loss: 2.1804 - val_mean_absolute_error: 0.0808
Epoch 111/300

Epoch 00111: saving model to models/unbalanced_mnist_conv_e300_L2_b64/autoencoder/cp-0111.hdf5
 - 50s - loss: 2.2395 - mean_absolute_error: 0.0872 - val_loss: 2.1734 - val_mean_absolute_error: 0.0832
Epoch 112/300

Epoch 00112: saving model to models/unbalanced_mnist_conv_e300_L2_b64/autoencoder/cp-0112.hdf5
 - 50s - loss: 2.2373 - mean_absolute_error: 0.0872 - val_loss: 2.1619 - val_mean_absolute_error: 0.0840
Epoch 113/300

Epoch 00113: saving model to models/unbalanced_mnist_conv_e300_L2_b64/autoencoder/cp-0113.hdf5
 - 50s - loss: 2.2332 - mean_absolute_error: 0.0871 - val_loss: 2.1676 - val_mean_absolute_error: 0.0830
Epoch 114/300

Epoch 00114: saving model to models/unbalanced_mnist_conv_e300_L2_b64/autoencoder/cp-0114.hdf5
 - 50s - loss: 2.2346 - mean_absolute_error: 0.0871 - val_loss: 2.1927 - val_mean_absolute_error: 0.0821
Epoch 115/300

Epoch 00115: saving model to models/unbalanced_mnist_conv_e300_L2_b64/autoencoder/cp-0115.hdf5
 - 50s - loss: 2.2345 - mean_absolute_error: 0.0871 - val_loss: 2.1641 - val_mean_absolute_error: 0.0839
Epoch 116/300

Epoch 00116: saving model to models/unbalanced_mnist_conv_e300_L2_b64/autoencoder/cp-0116.hdf5
 - 50s - loss: 2.2342 - mean_absolute_error: 0.0871 - val_loss: 2.1826 - val_mean_absolute_error: 0.0831
Epoch 117/300

Epoch 00117: saving model to models/unbalanced_mnist_conv_e300_L2_b64/autoencoder/cp-0117.hdf5
 - 50s - loss: 2.2249 - mean_absolute_error: 0.0868 - val_loss: 2.1776 - val_mean_absolute_error: 0.0822
Epoch 118/300

Epoch 00118: saving model to models/unbalanced_mnist_conv_e300_L2_b64/autoencoder/cp-0118.hdf5
 - 50s - loss: 2.2288 - mean_absolute_error: 0.0869 - val_loss: 2.1667 - val_mean_absolute_error: 0.0826
Epoch 119/300

Epoch 00119: saving model to models/unbalanced_mnist_conv_e300_L2_b64/autoencoder/cp-0119.hdf5
 - 50s - loss: 2.2294 - mean_absolute_error: 0.0869 - val_loss: 2.1610 - val_mean_absolute_error: 0.0824
Epoch 120/300

Epoch 00120: saving model to models/unbalanced_mnist_conv_e300_L2_b64/autoencoder/cp-0120.hdf5
 - 50s - loss: 2.2255 - mean_absolute_error: 0.0868 - val_loss: 2.1501 - val_mean_absolute_error: 0.0822
Epoch 121/300

Epoch 00121: saving model to models/unbalanced_mnist_conv_e300_L2_b64/autoencoder/cp-0121.hdf5
 - 50s - loss: 2.2248 - mean_absolute_error: 0.0868 - val_loss: 2.1704 - val_mean_absolute_error: 0.0821
Epoch 122/300

Epoch 00122: saving model to models/unbalanced_mnist_conv_e300_L2_b64/autoencoder/cp-0122.hdf5
 - 50s - loss: 2.2249 - mean_absolute_error: 0.0868 - val_loss: 2.1548 - val_mean_absolute_error: 0.0819
Epoch 123/300

Epoch 00123: saving model to models/unbalanced_mnist_conv_e300_L2_b64/autoencoder/cp-0123.hdf5
 - 50s - loss: 2.2194 - mean_absolute_error: 0.0866 - val_loss: 2.1725 - val_mean_absolute_error: 0.0830
Epoch 124/300

Epoch 00124: saving model to models/unbalanced_mnist_conv_e300_L2_b64/autoencoder/cp-0124.hdf5
 - 50s - loss: 2.2186 - mean_absolute_error: 0.0866 - val_loss: 2.1674 - val_mean_absolute_error: 0.0835
Epoch 125/300

Epoch 00125: saving model to models/unbalanced_mnist_conv_e300_L2_b64/autoencoder/cp-0125.hdf5
 - 50s - loss: 2.2219 - mean_absolute_error: 0.0867 - val_loss: 2.1724 - val_mean_absolute_error: 0.0847
Epoch 126/300

Epoch 00126: saving model to models/unbalanced_mnist_conv_e300_L2_b64/autoencoder/cp-0126.hdf5
 - 50s - loss: 2.2165 - mean_absolute_error: 0.0865 - val_loss: 2.1633 - val_mean_absolute_error: 0.0823
Epoch 127/300

Epoch 00127: saving model to models/unbalanced_mnist_conv_e300_L2_b64/autoencoder/cp-0127.hdf5
 - 50s - loss: 2.2139 - mean_absolute_error: 0.0864 - val_loss: 2.1508 - val_mean_absolute_error: 0.0837
Epoch 128/300

Epoch 00128: saving model to models/unbalanced_mnist_conv_e300_L2_b64/autoencoder/cp-0128.hdf5
 - 50s - loss: 2.2156 - mean_absolute_error: 0.0864 - val_loss: 2.1649 - val_mean_absolute_error: 0.0818
Epoch 129/300

Epoch 00129: saving model to models/unbalanced_mnist_conv_e300_L2_b64/autoencoder/cp-0129.hdf5
 - 50s - loss: 2.2135 - mean_absolute_error: 0.0864 - val_loss: 2.1626 - val_mean_absolute_error: 0.0841
Epoch 130/300

Epoch 00130: saving model to models/unbalanced_mnist_conv_e300_L2_b64/autoencoder/cp-0130.hdf5
 - 50s - loss: 2.2177 - mean_absolute_error: 0.0865 - val_loss: 2.1451 - val_mean_absolute_error: 0.0815
Epoch 131/300

Epoch 00131: saving model to models/unbalanced_mnist_conv_e300_L2_b64/autoencoder/cp-0131.hdf5
 - 50s - loss: 2.2116 - mean_absolute_error: 0.0863 - val_loss: 2.1472 - val_mean_absolute_error: 0.0819
Epoch 132/300

Epoch 00132: saving model to models/unbalanced_mnist_conv_e300_L2_b64/autoencoder/cp-0132.hdf5
 - 50s - loss: 2.2096 - mean_absolute_error: 0.0863 - val_loss: 2.1468 - val_mean_absolute_error: 0.0828
Epoch 133/300

Epoch 00133: saving model to models/unbalanced_mnist_conv_e300_L2_b64/autoencoder/cp-0133.hdf5
 - 50s - loss: 2.2114 - mean_absolute_error: 0.0863 - val_loss: 2.1487 - val_mean_absolute_error: 0.0807
Epoch 134/300

Epoch 00134: saving model to models/unbalanced_mnist_conv_e300_L2_b64/autoencoder/cp-0134.hdf5
 - 50s - loss: 2.2074 - mean_absolute_error: 0.0862 - val_loss: 2.1537 - val_mean_absolute_error: 0.0813
Epoch 135/300

Epoch 00135: saving model to models/unbalanced_mnist_conv_e300_L2_b64/autoencoder/cp-0135.hdf5
 - 50s - loss: 2.2096 - mean_absolute_error: 0.0863 - val_loss: 2.1570 - val_mean_absolute_error: 0.0811
Epoch 136/300

Epoch 00136: saving model to models/unbalanced_mnist_conv_e300_L2_b64/autoencoder/cp-0136.hdf5
 - 50s - loss: 2.2057 - mean_absolute_error: 0.0861 - val_loss: 2.1441 - val_mean_absolute_error: 0.0827
Epoch 137/300

Epoch 00137: saving model to models/unbalanced_mnist_conv_e300_L2_b64/autoencoder/cp-0137.hdf5
 - 50s - loss: 2.2019 - mean_absolute_error: 0.0860 - val_loss: 2.1438 - val_mean_absolute_error: 0.0822
Epoch 138/300

Epoch 00138: saving model to models/unbalanced_mnist_conv_e300_L2_b64/autoencoder/cp-0138.hdf5
 - 50s - loss: 2.2047 - mean_absolute_error: 0.0861 - val_loss: 2.1591 - val_mean_absolute_error: 0.0811
Epoch 139/300

Epoch 00139: saving model to models/unbalanced_mnist_conv_e300_L2_b64/autoencoder/cp-0139.hdf5
 - 50s - loss: 2.2019 - mean_absolute_error: 0.0860 - val_loss: 2.1554 - val_mean_absolute_error: 0.0814
Epoch 140/300

Epoch 00140: saving model to models/unbalanced_mnist_conv_e300_L2_b64/autoencoder/cp-0140.hdf5
 - 50s - loss: 2.2007 - mean_absolute_error: 0.0860 - val_loss: 2.1467 - val_mean_absolute_error: 0.0817
Epoch 141/300

Epoch 00141: saving model to models/unbalanced_mnist_conv_e300_L2_b64/autoencoder/cp-0141.hdf5
 - 50s - loss: 2.2023 - mean_absolute_error: 0.0860 - val_loss: 2.1466 - val_mean_absolute_error: 0.0823
Epoch 142/300

Epoch 00142: saving model to models/unbalanced_mnist_conv_e300_L2_b64/autoencoder/cp-0142.hdf5
 - 50s - loss: 2.2004 - mean_absolute_error: 0.0860 - val_loss: 2.1416 - val_mean_absolute_error: 0.0815
Epoch 143/300

Epoch 00143: saving model to models/unbalanced_mnist_conv_e300_L2_b64/autoencoder/cp-0143.hdf5
 - 50s - loss: 2.1979 - mean_absolute_error: 0.0859 - val_loss: 2.1471 - val_mean_absolute_error: 0.0823
Epoch 144/300

Epoch 00144: saving model to models/unbalanced_mnist_conv_e300_L2_b64/autoencoder/cp-0144.hdf5
 - 50s - loss: 2.1959 - mean_absolute_error: 0.0858 - val_loss: 2.1432 - val_mean_absolute_error: 0.0809
Epoch 145/300

Epoch 00145: saving model to models/unbalanced_mnist_conv_e300_L2_b64/autoencoder/cp-0145.hdf5
 - 50s - loss: 2.1994 - mean_absolute_error: 0.0859 - val_loss: 2.1508 - val_mean_absolute_error: 0.0831
Epoch 146/300

Epoch 00146: saving model to models/unbalanced_mnist_conv_e300_L2_b64/autoencoder/cp-0146.hdf5
 - 50s - loss: 2.1918 - mean_absolute_error: 0.0857 - val_loss: 2.1395 - val_mean_absolute_error: 0.0827
Epoch 147/300

Epoch 00147: saving model to models/unbalanced_mnist_conv_e300_L2_b64/autoencoder/cp-0147.hdf5
 - 50s - loss: 2.1966 - mean_absolute_error: 0.0859 - val_loss: 2.1482 - val_mean_absolute_error: 0.0813
Epoch 148/300

Epoch 00148: saving model to models/unbalanced_mnist_conv_e300_L2_b64/autoencoder/cp-0148.hdf5
 - 50s - loss: 2.1900 - mean_absolute_error: 0.0856 - val_loss: 2.1414 - val_mean_absolute_error: 0.0809
Epoch 149/300

Epoch 00149: saving model to models/unbalanced_mnist_conv_e300_L2_b64/autoencoder/cp-0149.hdf5
 - 50s - loss: 2.1914 - mean_absolute_error: 0.0857 - val_loss: 2.1547 - val_mean_absolute_error: 0.0806
Epoch 150/300

Epoch 00150: saving model to models/unbalanced_mnist_conv_e300_L2_b64/autoencoder/cp-0150.hdf5
 - 50s - loss: 2.1877 - mean_absolute_error: 0.0855 - val_loss: 2.1423 - val_mean_absolute_error: 0.0819
Epoch 151/300

Epoch 00151: saving model to models/unbalanced_mnist_conv_e300_L2_b64/autoencoder/cp-0151.hdf5
 - 50s - loss: 2.1900 - mean_absolute_error: 0.0856 - val_loss: 2.1417 - val_mean_absolute_error: 0.0813
Epoch 152/300

Epoch 00152: saving model to models/unbalanced_mnist_conv_e300_L2_b64/autoencoder/cp-0152.hdf5
 - 50s - loss: 2.1916 - mean_absolute_error: 0.0857 - val_loss: 2.1351 - val_mean_absolute_error: 0.0820
Epoch 153/300

Epoch 00153: saving model to models/unbalanced_mnist_conv_e300_L2_b64/autoencoder/cp-0153.hdf5
 - 50s - loss: 2.1879 - mean_absolute_error: 0.0855 - val_loss: 2.1403 - val_mean_absolute_error: 0.0831
Epoch 154/300

Epoch 00154: saving model to models/unbalanced_mnist_conv_e300_L2_b64/autoencoder/cp-0154.hdf5
 - 50s - loss: 2.1842 - mean_absolute_error: 0.0854 - val_loss: 2.1341 - val_mean_absolute_error: 0.0825
Epoch 155/300

Epoch 00155: saving model to models/unbalanced_mnist_conv_e300_L2_b64/autoencoder/cp-0155.hdf5
 - 50s - loss: 2.1817 - mean_absolute_error: 0.0854 - val_loss: 2.1384 - val_mean_absolute_error: 0.0828
Epoch 156/300

Epoch 00156: saving model to models/unbalanced_mnist_conv_e300_L2_b64/autoencoder/cp-0156.hdf5
 - 50s - loss: 2.1879 - mean_absolute_error: 0.0856 - val_loss: 2.1293 - val_mean_absolute_error: 0.0821
Epoch 157/300

Epoch 00157: saving model to models/unbalanced_mnist_conv_e300_L2_b64/autoencoder/cp-0157.hdf5
 - 50s - loss: 2.1820 - mean_absolute_error: 0.0854 - val_loss: 2.1417 - val_mean_absolute_error: 0.0823
Epoch 158/300

Epoch 00158: saving model to models/unbalanced_mnist_conv_e300_L2_b64/autoencoder/cp-0158.hdf5
 - 50s - loss: 2.1817 - mean_absolute_error: 0.0854 - val_loss: 2.1512 - val_mean_absolute_error: 0.0847
Epoch 159/300

Epoch 00159: saving model to models/unbalanced_mnist_conv_e300_L2_b64/autoencoder/cp-0159.hdf5
 - 50s - loss: 2.1769 - mean_absolute_error: 0.0852 - val_loss: 2.1411 - val_mean_absolute_error: 0.0808
Epoch 160/300

Epoch 00160: saving model to models/unbalanced_mnist_conv_e300_L2_b64/autoencoder/cp-0160.hdf5
 - 50s - loss: 2.1786 - mean_absolute_error: 0.0853 - val_loss: 2.1253 - val_mean_absolute_error: 0.0812
Epoch 161/300

Epoch 00161: saving model to models/unbalanced_mnist_conv_e300_L2_b64/autoencoder/cp-0161.hdf5
 - 50s - loss: 2.1814 - mean_absolute_error: 0.0854 - val_loss: 2.1285 - val_mean_absolute_error: 0.0812
Epoch 162/300

Epoch 00162: saving model to models/unbalanced_mnist_conv_e300_L2_b64/autoencoder/cp-0162.hdf5
 - 50s - loss: 2.1770 - mean_absolute_error: 0.0852 - val_loss: 2.1377 - val_mean_absolute_error: 0.0823
Epoch 163/300

Epoch 00163: saving model to models/unbalanced_mnist_conv_e300_L2_b64/autoencoder/cp-0163.hdf5
 - 50s - loss: 2.1763 - mean_absolute_error: 0.0852 - val_loss: 2.1458 - val_mean_absolute_error: 0.0810
Epoch 164/300

Epoch 00164: saving model to models/unbalanced_mnist_conv_e300_L2_b64/autoencoder/cp-0164.hdf5
 - 50s - loss: 2.1733 - mean_absolute_error: 0.0851 - val_loss: 2.1340 - val_mean_absolute_error: 0.0820
Epoch 165/300

Epoch 00165: saving model to models/unbalanced_mnist_conv_e300_L2_b64/autoencoder/cp-0165.hdf5
 - 50s - loss: 2.1718 - mean_absolute_error: 0.0851 - val_loss: 2.1464 - val_mean_absolute_error: 0.0811
Epoch 166/300

Epoch 00166: saving model to models/unbalanced_mnist_conv_e300_L2_b64/autoencoder/cp-0166.hdf5
 - 50s - loss: 2.1760 - mean_absolute_error: 0.0852 - val_loss: 2.1289 - val_mean_absolute_error: 0.0823
Epoch 167/300

Epoch 00167: saving model to models/unbalanced_mnist_conv_e300_L2_b64/autoencoder/cp-0167.hdf5
 - 50s - loss: 2.1728 - mean_absolute_error: 0.0851 - val_loss: 2.1349 - val_mean_absolute_error: 0.0808
Epoch 168/300

Epoch 00168: saving model to models/unbalanced_mnist_conv_e300_L2_b64/autoencoder/cp-0168.hdf5
 - 50s - loss: 2.1688 - mean_absolute_error: 0.0850 - val_loss: 2.1411 - val_mean_absolute_error: 0.0812
Epoch 169/300

Epoch 00169: saving model to models/unbalanced_mnist_conv_e300_L2_b64/autoencoder/cp-0169.hdf5
 - 50s - loss: 2.1686 - mean_absolute_error: 0.0849 - val_loss: 2.1287 - val_mean_absolute_error: 0.0816
Epoch 170/300

Epoch 00170: saving model to models/unbalanced_mnist_conv_e300_L2_b64/autoencoder/cp-0170.hdf5
 - 50s - loss: 2.1679 - mean_absolute_error: 0.0849 - val_loss: 2.1571 - val_mean_absolute_error: 0.0837
Epoch 171/300

Epoch 00171: saving model to models/unbalanced_mnist_conv_e300_L2_b64/autoencoder/cp-0171.hdf5
 - 50s - loss: 2.1703 - mean_absolute_error: 0.0850 - val_loss: 2.1451 - val_mean_absolute_error: 0.0811
Epoch 172/300

Epoch 00172: saving model to models/unbalanced_mnist_conv_e300_L2_b64/autoencoder/cp-0172.hdf5
 - 50s - loss: 2.1637 - mean_absolute_error: 0.0848 - val_loss: 2.1291 - val_mean_absolute_error: 0.0813
Epoch 173/300

Epoch 00173: saving model to models/unbalanced_mnist_conv_e300_L2_b64/autoencoder/cp-0173.hdf5
 - 50s - loss: 2.1640 - mean_absolute_error: 0.0848 - val_loss: 2.1348 - val_mean_absolute_error: 0.0817
Epoch 174/300

Epoch 00174: saving model to models/unbalanced_mnist_conv_e300_L2_b64/autoencoder/cp-0174.hdf5
 - 50s - loss: 2.1681 - mean_absolute_error: 0.0849 - val_loss: 2.1433 - val_mean_absolute_error: 0.0802
Epoch 175/300

Epoch 00175: saving model to models/unbalanced_mnist_conv_e300_L2_b64/autoencoder/cp-0175.hdf5
 - 50s - loss: 2.1618 - mean_absolute_error: 0.0847 - val_loss: 2.1427 - val_mean_absolute_error: 0.0805
Epoch 176/300

Epoch 00176: saving model to models/unbalanced_mnist_conv_e300_L2_b64/autoencoder/cp-0176.hdf5
 - 50s - loss: 2.1653 - mean_absolute_error: 0.0848 - val_loss: 2.1305 - val_mean_absolute_error: 0.0815
Epoch 177/300

Epoch 00177: saving model to models/unbalanced_mnist_conv_e300_L2_b64/autoencoder/cp-0177.hdf5
 - 50s - loss: 2.1582 - mean_absolute_error: 0.0846 - val_loss: 2.1369 - val_mean_absolute_error: 0.0790
Epoch 178/300

Epoch 00178: saving model to models/unbalanced_mnist_conv_e300_L2_b64/autoencoder/cp-0178.hdf5
 - 50s - loss: 2.1588 - mean_absolute_error: 0.0846 - val_loss: 2.1370 - val_mean_absolute_error: 0.0804
Epoch 179/300

Epoch 00179: saving model to models/unbalanced_mnist_conv_e300_L2_b64/autoencoder/cp-0179.hdf5
 - 50s - loss: 2.1618 - mean_absolute_error: 0.0847 - val_loss: 2.1248 - val_mean_absolute_error: 0.0803
Epoch 180/300

Epoch 00180: saving model to models/unbalanced_mnist_conv_e300_L2_b64/autoencoder/cp-0180.hdf5
 - 50s - loss: 2.1599 - mean_absolute_error: 0.0847 - val_loss: 2.1279 - val_mean_absolute_error: 0.0813
Epoch 181/300

Epoch 00181: saving model to models/unbalanced_mnist_conv_e300_L2_b64/autoencoder/cp-0181.hdf5
 - 50s - loss: 2.1579 - mean_absolute_error: 0.0846 - val_loss: 2.1194 - val_mean_absolute_error: 0.0813
Epoch 182/300

Epoch 00182: saving model to models/unbalanced_mnist_conv_e300_L2_b64/autoencoder/cp-0182.hdf5
 - 50s - loss: 2.1519 - mean_absolute_error: 0.0844 - val_loss: 2.1242 - val_mean_absolute_error: 0.0804
Epoch 183/300

Epoch 00183: saving model to models/unbalanced_mnist_conv_e300_L2_b64/autoencoder/cp-0183.hdf5
 - 50s - loss: 2.1582 - mean_absolute_error: 0.0846 - val_loss: 2.1308 - val_mean_absolute_error: 0.0817
Epoch 184/300

Epoch 00184: saving model to models/unbalanced_mnist_conv_e300_L2_b64/autoencoder/cp-0184.hdf5
 - 50s - loss: 2.1572 - mean_absolute_error: 0.0846 - val_loss: 2.1306 - val_mean_absolute_error: 0.0816
Epoch 185/300

Epoch 00185: saving model to models/unbalanced_mnist_conv_e300_L2_b64/autoencoder/cp-0185.hdf5
 - 50s - loss: 2.1518 - mean_absolute_error: 0.0844 - val_loss: 2.1263 - val_mean_absolute_error: 0.0818
Epoch 186/300

Epoch 00186: saving model to models/unbalanced_mnist_conv_e300_L2_b64/autoencoder/cp-0186.hdf5
 - 50s - loss: 2.1513 - mean_absolute_error: 0.0844 - val_loss: 2.1169 - val_mean_absolute_error: 0.0815
Epoch 187/300

Epoch 00187: saving model to models/unbalanced_mnist_conv_e300_L2_b64/autoencoder/cp-0187.hdf5
 - 50s - loss: 2.1510 - mean_absolute_error: 0.0844 - val_loss: 2.1172 - val_mean_absolute_error: 0.0810
Epoch 188/300

Epoch 00188: saving model to models/unbalanced_mnist_conv_e300_L2_b64/autoencoder/cp-0188.hdf5
 - 50s - loss: 2.1515 - mean_absolute_error: 0.0844 - val_loss: 2.1219 - val_mean_absolute_error: 0.0811
Epoch 189/300

Epoch 00189: saving model to models/unbalanced_mnist_conv_e300_L2_b64/autoencoder/cp-0189.hdf5
 - 50s - loss: 2.1544 - mean_absolute_error: 0.0845 - val_loss: 2.1183 - val_mean_absolute_error: 0.0808
Epoch 190/300

Epoch 00190: saving model to models/unbalanced_mnist_conv_e300_L2_b64/autoencoder/cp-0190.hdf5
 - 50s - loss: 2.1438 - mean_absolute_error: 0.0841 - val_loss: 2.1250 - val_mean_absolute_error: 0.0819
Epoch 191/300

Epoch 00191: saving model to models/unbalanced_mnist_conv_e300_L2_b64/autoencoder/cp-0191.hdf5
 - 50s - loss: 2.1481 - mean_absolute_error: 0.0843 - val_loss: 2.1326 - val_mean_absolute_error: 0.0798
Epoch 192/300

Epoch 00192: saving model to models/unbalanced_mnist_conv_e300_L2_b64/autoencoder/cp-0192.hdf5
 - 50s - loss: 2.1506 - mean_absolute_error: 0.0843 - val_loss: 2.1258 - val_mean_absolute_error: 0.0821
Epoch 193/300

Epoch 00193: saving model to models/unbalanced_mnist_conv_e300_L2_b64/autoencoder/cp-0193.hdf5
 - 50s - loss: 2.1454 - mean_absolute_error: 0.0842 - val_loss: 2.1193 - val_mean_absolute_error: 0.0804
Epoch 194/300

Epoch 00194: saving model to models/unbalanced_mnist_conv_e300_L2_b64/autoencoder/cp-0194.hdf5
 - 50s - loss: 2.1430 - mean_absolute_error: 0.0841 - val_loss: 2.1203 - val_mean_absolute_error: 0.0807
Epoch 195/300

Epoch 00195: saving model to models/unbalanced_mnist_conv_e300_L2_b64/autoencoder/cp-0195.hdf5
 - 50s - loss: 2.1471 - mean_absolute_error: 0.0842 - val_loss: 2.1159 - val_mean_absolute_error: 0.0806
Epoch 196/300

Epoch 00196: saving model to models/unbalanced_mnist_conv_e300_L2_b64/autoencoder/cp-0196.hdf5
 - 50s - loss: 2.1429 - mean_absolute_error: 0.0841 - val_loss: 2.1199 - val_mean_absolute_error: 0.0799
Epoch 197/300

Epoch 00197: saving model to models/unbalanced_mnist_conv_e300_L2_b64/autoencoder/cp-0197.hdf5
 - 50s - loss: 2.1438 - mean_absolute_error: 0.0841 - val_loss: 2.1277 - val_mean_absolute_error: 0.0822
Epoch 198/300

Epoch 00198: saving model to models/unbalanced_mnist_conv_e300_L2_b64/autoencoder/cp-0198.hdf5
 - 50s - loss: 2.1407 - mean_absolute_error: 0.0840 - val_loss: 2.1168 - val_mean_absolute_error: 0.0809
Epoch 199/300

Epoch 00199: saving model to models/unbalanced_mnist_conv_e300_L2_b64/autoencoder/cp-0199.hdf5
 - 50s - loss: 2.1428 - mean_absolute_error: 0.0841 - val_loss: 2.1271 - val_mean_absolute_error: 0.0810
Epoch 200/300

Epoch 00200: saving model to models/unbalanced_mnist_conv_e300_L2_b64/autoencoder/cp-0200.hdf5
 - 50s - loss: 2.1425 - mean_absolute_error: 0.0841 - val_loss: 2.1232 - val_mean_absolute_error: 0.0807
Epoch 201/300

Epoch 00201: saving model to models/unbalanced_mnist_conv_e300_L2_b64/autoencoder/cp-0201.hdf5
 - 50s - loss: 2.1421 - mean_absolute_error: 0.0840 - val_loss: 2.1197 - val_mean_absolute_error: 0.0809
Epoch 202/300

Epoch 00202: saving model to models/unbalanced_mnist_conv_e300_L2_b64/autoencoder/cp-0202.hdf5
 - 50s - loss: 2.1381 - mean_absolute_error: 0.0839 - val_loss: 2.1172 - val_mean_absolute_error: 0.0809
Epoch 203/300

Epoch 00203: saving model to models/unbalanced_mnist_conv_e300_L2_b64/autoencoder/cp-0203.hdf5
 - 50s - loss: 2.1376 - mean_absolute_error: 0.0839 - val_loss: 2.1198 - val_mean_absolute_error: 0.0827
Epoch 204/300

Epoch 00204: saving model to models/unbalanced_mnist_conv_e300_L2_b64/autoencoder/cp-0204.hdf5
 - 50s - loss: 2.1454 - mean_absolute_error: 0.0842 - val_loss: 2.1224 - val_mean_absolute_error: 0.0817
Epoch 205/300

Epoch 00205: saving model to models/unbalanced_mnist_conv_e300_L2_b64/autoencoder/cp-0205.hdf5
 - 50s - loss: 2.1333 - mean_absolute_error: 0.0838 - val_loss: 2.1254 - val_mean_absolute_error: 0.0801
Epoch 206/300

Epoch 00206: saving model to models/unbalanced_mnist_conv_e300_L2_b64/autoencoder/cp-0206.hdf5
 - 50s - loss: 2.1357 - mean_absolute_error: 0.0839 - val_loss: 2.1173 - val_mean_absolute_error: 0.0822
Epoch 207/300

Epoch 00207: saving model to models/unbalanced_mnist_conv_e300_L2_b64/autoencoder/cp-0207.hdf5
 - 50s - loss: 2.1341 - mean_absolute_error: 0.0838 - val_loss: 2.1197 - val_mean_absolute_error: 0.0796
Epoch 208/300

Epoch 00208: saving model to models/unbalanced_mnist_conv_e300_L2_b64/autoencoder/cp-0208.hdf5
 - 50s - loss: 2.1360 - mean_absolute_error: 0.0839 - val_loss: 2.1161 - val_mean_absolute_error: 0.0792
Epoch 209/300

Epoch 00209: saving model to models/unbalanced_mnist_conv_e300_L2_b64/autoencoder/cp-0209.hdf5
 - 50s - loss: 2.1332 - mean_absolute_error: 0.0838 - val_loss: 2.1269 - val_mean_absolute_error: 0.0795
Epoch 210/300

Epoch 00210: saving model to models/unbalanced_mnist_conv_e300_L2_b64/autoencoder/cp-0210.hdf5
 - 50s - loss: 2.1347 - mean_absolute_error: 0.0838 - val_loss: 2.1201 - val_mean_absolute_error: 0.0803
Epoch 211/300

Epoch 00211: saving model to models/unbalanced_mnist_conv_e300_L2_b64/autoencoder/cp-0211.hdf5
 - 50s - loss: 2.1330 - mean_absolute_error: 0.0838 - val_loss: 2.1331 - val_mean_absolute_error: 0.0798
Epoch 212/300

Epoch 00212: saving model to models/unbalanced_mnist_conv_e300_L2_b64/autoencoder/cp-0212.hdf5
 - 50s - loss: 2.1294 - mean_absolute_error: 0.0837 - val_loss: 2.1205 - val_mean_absolute_error: 0.0814
Epoch 213/300

Epoch 00213: saving model to models/unbalanced_mnist_conv_e300_L2_b64/autoencoder/cp-0213.hdf5
 - 50s - loss: 2.1303 - mean_absolute_error: 0.0837 - val_loss: 2.1148 - val_mean_absolute_error: 0.0815
Epoch 214/300

Epoch 00214: saving model to models/unbalanced_mnist_conv_e300_L2_b64/autoencoder/cp-0214.hdf5
 - 50s - loss: 2.1284 - mean_absolute_error: 0.0836 - val_loss: 2.1144 - val_mean_absolute_error: 0.0800
Epoch 215/300

Epoch 00215: saving model to models/unbalanced_mnist_conv_e300_L2_b64/autoencoder/cp-0215.hdf5
 - 50s - loss: 2.1279 - mean_absolute_error: 0.0836 - val_loss: 2.1153 - val_mean_absolute_error: 0.0806
Epoch 216/300

Epoch 00216: saving model to models/unbalanced_mnist_conv_e300_L2_b64/autoencoder/cp-0216.hdf5
 - 50s - loss: 2.1311 - mean_absolute_error: 0.0837 - val_loss: 2.1155 - val_mean_absolute_error: 0.0814
Epoch 217/300

Epoch 00217: saving model to models/unbalanced_mnist_conv_e300_L2_b64/autoencoder/cp-0217.hdf5
 - 50s - loss: 2.1268 - mean_absolute_error: 0.0836 - val_loss: 2.1310 - val_mean_absolute_error: 0.0830
Epoch 218/300

Epoch 00218: saving model to models/unbalanced_mnist_conv_e300_L2_b64/autoencoder/cp-0218.hdf5
 - 50s - loss: 2.1261 - mean_absolute_error: 0.0836 - val_loss: 2.1067 - val_mean_absolute_error: 0.0796
Epoch 219/300

Epoch 00219: saving model to models/unbalanced_mnist_conv_e300_L2_b64/autoencoder/cp-0219.hdf5
 - 50s - loss: 2.1271 - mean_absolute_error: 0.0836 - val_loss: 2.1120 - val_mean_absolute_error: 0.0799
Epoch 220/300

Epoch 00220: saving model to models/unbalanced_mnist_conv_e300_L2_b64/autoencoder/cp-0220.hdf5
 - 50s - loss: 2.1228 - mean_absolute_error: 0.0834 - val_loss: 2.1106 - val_mean_absolute_error: 0.0803
Epoch 221/300

Epoch 00221: saving model to models/unbalanced_mnist_conv_e300_L2_b64/autoencoder/cp-0221.hdf5
 - 50s - loss: 2.1283 - mean_absolute_error: 0.0836 - val_loss: 2.1043 - val_mean_absolute_error: 0.0802
Epoch 222/300

Epoch 00222: saving model to models/unbalanced_mnist_conv_e300_L2_b64/autoencoder/cp-0222.hdf5
 - 50s - loss: 2.1196 - mean_absolute_error: 0.0833 - val_loss: 2.1136 - val_mean_absolute_error: 0.0793
Epoch 223/300

Epoch 00223: saving model to models/unbalanced_mnist_conv_e300_L2_b64/autoencoder/cp-0223.hdf5
 - 50s - loss: 2.1233 - mean_absolute_error: 0.0835 - val_loss: 2.1184 - val_mean_absolute_error: 0.0808
Epoch 224/300

Epoch 00224: saving model to models/unbalanced_mnist_conv_e300_L2_b64/autoencoder/cp-0224.hdf5
 - 50s - loss: 2.1196 - mean_absolute_error: 0.0833 - val_loss: 2.1107 - val_mean_absolute_error: 0.0799
Epoch 225/300

Epoch 00225: saving model to models/unbalanced_mnist_conv_e300_L2_b64/autoencoder/cp-0225.hdf5
 - 50s - loss: 2.1195 - mean_absolute_error: 0.0834 - val_loss: 2.1217 - val_mean_absolute_error: 0.0804
Epoch 226/300

Epoch 00226: saving model to models/unbalanced_mnist_conv_e300_L2_b64/autoencoder/cp-0226.hdf5
 - 50s - loss: 2.1239 - mean_absolute_error: 0.0835 - val_loss: 2.1078 - val_mean_absolute_error: 0.0808
Epoch 227/300

Epoch 00227: saving model to models/unbalanced_mnist_conv_e300_L2_b64/autoencoder/cp-0227.hdf5
 - 50s - loss: 2.1181 - mean_absolute_error: 0.0833 - val_loss: 2.1327 - val_mean_absolute_error: 0.0812
Epoch 228/300

Epoch 00228: saving model to models/unbalanced_mnist_conv_e300_L2_b64/autoencoder/cp-0228.hdf5
 - 50s - loss: 2.1223 - mean_absolute_error: 0.0834 - val_loss: 2.1098 - val_mean_absolute_error: 0.0796
Epoch 229/300

Epoch 00229: saving model to models/unbalanced_mnist_conv_e300_L2_b64/autoencoder/cp-0229.hdf5
 - 50s - loss: 2.1129 - mean_absolute_error: 0.0831 - val_loss: 2.1203 - val_mean_absolute_error: 0.0799
Epoch 230/300

Epoch 00230: saving model to models/unbalanced_mnist_conv_e300_L2_b64/autoencoder/cp-0230.hdf5
 - 50s - loss: 2.1197 - mean_absolute_error: 0.0833 - val_loss: 2.1133 - val_mean_absolute_error: 0.0796
Epoch 231/300

Epoch 00231: saving model to models/unbalanced_mnist_conv_e300_L2_b64/autoencoder/cp-0231.hdf5
 - 50s - loss: 2.1136 - mean_absolute_error: 0.0831 - val_loss: 2.1134 - val_mean_absolute_error: 0.0824
Epoch 232/300

Epoch 00232: saving model to models/unbalanced_mnist_conv_e300_L2_b64/autoencoder/cp-0232.hdf5
 - 50s - loss: 2.1178 - mean_absolute_error: 0.0833 - val_loss: 2.1137 - val_mean_absolute_error: 0.0806
Epoch 233/300

Epoch 00233: saving model to models/unbalanced_mnist_conv_e300_L2_b64/autoencoder/cp-0233.hdf5
 - 50s - loss: 2.1201 - mean_absolute_error: 0.0834 - val_loss: 2.1107 - val_mean_absolute_error: 0.0804
Epoch 234/300

Epoch 00234: saving model to models/unbalanced_mnist_conv_e300_L2_b64/autoencoder/cp-0234.hdf5
 - 50s - loss: 2.1121 - mean_absolute_error: 0.0831 - val_loss: 2.1085 - val_mean_absolute_error: 0.0800
Epoch 235/300

Epoch 00235: saving model to models/unbalanced_mnist_conv_e300_L2_b64/autoencoder/cp-0235.hdf5
 - 50s - loss: 2.1155 - mean_absolute_error: 0.0832 - val_loss: 2.1095 - val_mean_absolute_error: 0.0804
Epoch 236/300

Epoch 00236: saving model to models/unbalanced_mnist_conv_e300_L2_b64/autoencoder/cp-0236.hdf5
 - 50s - loss: 2.1072 - mean_absolute_error: 0.0829 - val_loss: 2.1196 - val_mean_absolute_error: 0.0795
Epoch 237/300

Epoch 00237: saving model to models/unbalanced_mnist_conv_e300_L2_b64/autoencoder/cp-0237.hdf5
 - 50s - loss: 2.1123 - mean_absolute_error: 0.0831 - val_loss: 2.1031 - val_mean_absolute_error: 0.0798
Epoch 238/300

Epoch 00238: saving model to models/unbalanced_mnist_conv_e300_L2_b64/autoencoder/cp-0238.hdf5
 - 50s - loss: 2.1093 - mean_absolute_error: 0.0830 - val_loss: 2.1079 - val_mean_absolute_error: 0.0797
Epoch 239/300

Epoch 00239: saving model to models/unbalanced_mnist_conv_e300_L2_b64/autoencoder/cp-0239.hdf5
 - 50s - loss: 2.1146 - mean_absolute_error: 0.0832 - val_loss: 2.1195 - val_mean_absolute_error: 0.0804
Epoch 240/300

Epoch 00240: saving model to models/unbalanced_mnist_conv_e300_L2_b64/autoencoder/cp-0240.hdf5
 - 50s - loss: 2.1105 - mean_absolute_error: 0.0831 - val_loss: 2.1007 - val_mean_absolute_error: 0.0803
Epoch 241/300

Epoch 00241: saving model to models/unbalanced_mnist_conv_e300_L2_b64/autoencoder/cp-0241.hdf5
 - 50s - loss: 2.1099 - mean_absolute_error: 0.0830 - val_loss: 2.1170 - val_mean_absolute_error: 0.0809
Epoch 242/300

Epoch 00242: saving model to models/unbalanced_mnist_conv_e300_L2_b64/autoencoder/cp-0242.hdf5
 - 50s - loss: 2.1067 - mean_absolute_error: 0.0829 - val_loss: 2.1213 - val_mean_absolute_error: 0.0799
Epoch 243/300

Epoch 00243: saving model to models/unbalanced_mnist_conv_e300_L2_b64/autoencoder/cp-0243.hdf5
 - 50s - loss: 2.1086 - mean_absolute_error: 0.0830 - val_loss: 2.1045 - val_mean_absolute_error: 0.0818
Epoch 244/300

Epoch 00244: saving model to models/unbalanced_mnist_conv_e300_L2_b64/autoencoder/cp-0244.hdf5
 - 50s - loss: 2.1064 - mean_absolute_error: 0.0829 - val_loss: 2.1065 - val_mean_absolute_error: 0.0795
Epoch 245/300

Epoch 00245: saving model to models/unbalanced_mnist_conv_e300_L2_b64/autoencoder/cp-0245.hdf5
 - 50s - loss: 2.1012 - mean_absolute_error: 0.0827 - val_loss: 2.0999 - val_mean_absolute_error: 0.0799
Epoch 246/300

Epoch 00246: saving model to models/unbalanced_mnist_conv_e300_L2_b64/autoencoder/cp-0246.hdf5
 - 50s - loss: 2.1087 - mean_absolute_error: 0.0830 - val_loss: 2.1089 - val_mean_absolute_error: 0.0802
Epoch 247/300

Epoch 00247: saving model to models/unbalanced_mnist_conv_e300_L2_b64/autoencoder/cp-0247.hdf5
 - 50s - loss: 2.1022 - mean_absolute_error: 0.0828 - val_loss: 2.1072 - val_mean_absolute_error: 0.0792
Epoch 248/300

Epoch 00248: saving model to models/unbalanced_mnist_conv_e300_L2_b64/autoencoder/cp-0248.hdf5
 - 50s - loss: 2.1061 - mean_absolute_error: 0.0829 - val_loss: 2.1037 - val_mean_absolute_error: 0.0804
Epoch 249/300

Epoch 00249: saving model to models/unbalanced_mnist_conv_e300_L2_b64/autoencoder/cp-0249.hdf5
 - 50s - loss: 2.0990 - mean_absolute_error: 0.0827 - val_loss: 2.1006 - val_mean_absolute_error: 0.0806
Epoch 250/300

Epoch 00250: saving model to models/unbalanced_mnist_conv_e300_L2_b64/autoencoder/cp-0250.hdf5
 - 50s - loss: 2.1007 - mean_absolute_error: 0.0827 - val_loss: 2.1040 - val_mean_absolute_error: 0.0793
Epoch 251/300

Epoch 00251: saving model to models/unbalanced_mnist_conv_e300_L2_b64/autoencoder/cp-0251.hdf5
 - 50s - loss: 2.1058 - mean_absolute_error: 0.0829 - val_loss: 2.1080 - val_mean_absolute_error: 0.0796
Epoch 252/300

Epoch 00252: saving model to models/unbalanced_mnist_conv_e300_L2_b64/autoencoder/cp-0252.hdf5
 - 50s - loss: 2.1066 - mean_absolute_error: 0.0829 - val_loss: 2.1068 - val_mean_absolute_error: 0.0790
Epoch 253/300

Epoch 00253: saving model to models/unbalanced_mnist_conv_e300_L2_b64/autoencoder/cp-0253.hdf5
 - 50s - loss: 2.0945 - mean_absolute_error: 0.0825 - val_loss: 2.1154 - val_mean_absolute_error: 0.0805
Epoch 254/300

Epoch 00254: saving model to models/unbalanced_mnist_conv_e300_L2_b64/autoencoder/cp-0254.hdf5
 - 50s - loss: 2.0978 - mean_absolute_error: 0.0826 - val_loss: 2.0971 - val_mean_absolute_error: 0.0800
Epoch 255/300

Epoch 00255: saving model to models/unbalanced_mnist_conv_e300_L2_b64/autoencoder/cp-0255.hdf5
 - 50s - loss: 2.1005 - mean_absolute_error: 0.0827 - val_loss: 2.1077 - val_mean_absolute_error: 0.0810
Epoch 256/300

Epoch 00256: saving model to models/unbalanced_mnist_conv_e300_L2_b64/autoencoder/cp-0256.hdf5
 - 50s - loss: 2.0999 - mean_absolute_error: 0.0827 - val_loss: 2.0956 - val_mean_absolute_error: 0.0798
Epoch 257/300

Epoch 00257: saving model to models/unbalanced_mnist_conv_e300_L2_b64/autoencoder/cp-0257.hdf5
 - 50s - loss: 2.0982 - mean_absolute_error: 0.0826 - val_loss: 2.1055 - val_mean_absolute_error: 0.0793
Epoch 258/300

Epoch 00258: saving model to models/unbalanced_mnist_conv_e300_L2_b64/autoencoder/cp-0258.hdf5
 - 50s - loss: 2.0914 - mean_absolute_error: 0.0824 - val_loss: 2.1006 - val_mean_absolute_error: 0.0791
Epoch 259/300

Epoch 00259: saving model to models/unbalanced_mnist_conv_e300_L2_b64/autoencoder/cp-0259.hdf5
 - 50s - loss: 2.0963 - mean_absolute_error: 0.0826 - val_loss: 2.0987 - val_mean_absolute_error: 0.0797
Epoch 260/300

Epoch 00260: saving model to models/unbalanced_mnist_conv_e300_L2_b64/autoencoder/cp-0260.hdf5
 - 50s - loss: 2.0952 - mean_absolute_error: 0.0825 - val_loss: 2.1128 - val_mean_absolute_error: 0.0816
Epoch 261/300

Epoch 00261: saving model to models/unbalanced_mnist_conv_e300_L2_b64/autoencoder/cp-0261.hdf5
 - 50s - loss: 2.0990 - mean_absolute_error: 0.0827 - val_loss: 2.1094 - val_mean_absolute_error: 0.0789
Epoch 262/300

Epoch 00262: saving model to models/unbalanced_mnist_conv_e300_L2_b64/autoencoder/cp-0262.hdf5
 - 50s - loss: 2.0935 - mean_absolute_error: 0.0825 - val_loss: 2.1031 - val_mean_absolute_error: 0.0792
Epoch 263/300

Epoch 00263: saving model to models/unbalanced_mnist_conv_e300_L2_b64/autoencoder/cp-0263.hdf5
 - 50s - loss: 2.0887 - mean_absolute_error: 0.0823 - val_loss: 2.0998 - val_mean_absolute_error: 0.0792
Epoch 264/300

Epoch 00264: saving model to models/unbalanced_mnist_conv_e300_L2_b64/autoencoder/cp-0264.hdf5
 - 50s - loss: 2.0992 - mean_absolute_error: 0.0827 - val_loss: 2.1167 - val_mean_absolute_error: 0.0807
Epoch 265/300

Epoch 00265: saving model to models/unbalanced_mnist_conv_e300_L2_b64/autoencoder/cp-0265.hdf5
 - 50s - loss: 2.0903 - mean_absolute_error: 0.0824 - val_loss: 2.1070 - val_mean_absolute_error: 0.0817
Epoch 266/300

Epoch 00266: saving model to models/unbalanced_mnist_conv_e300_L2_b64/autoencoder/cp-0266.hdf5
 - 50s - loss: 2.0966 - mean_absolute_error: 0.0826 - val_loss: 2.1058 - val_mean_absolute_error: 0.0790
Epoch 267/300

Epoch 00267: saving model to models/unbalanced_mnist_conv_e300_L2_b64/autoencoder/cp-0267.hdf5
 - 50s - loss: 2.0854 - mean_absolute_error: 0.0822 - val_loss: 2.1132 - val_mean_absolute_error: 0.0799
Epoch 268/300

Epoch 00268: saving model to models/unbalanced_mnist_conv_e300_L2_b64/autoencoder/cp-0268.hdf5
 - 50s - loss: 2.0903 - mean_absolute_error: 0.0824 - val_loss: 2.0967 - val_mean_absolute_error: 0.0795
Epoch 269/300

Epoch 00269: saving model to models/unbalanced_mnist_conv_e300_L2_b64/autoencoder/cp-0269.hdf5
 - 50s - loss: 2.0900 - mean_absolute_error: 0.0824 - val_loss: 2.1006 - val_mean_absolute_error: 0.0794
Epoch 270/300

Epoch 00270: saving model to models/unbalanced_mnist_conv_e300_L2_b64/autoencoder/cp-0270.hdf5
 - 50s - loss: 2.0892 - mean_absolute_error: 0.0823 - val_loss: 2.1125 - val_mean_absolute_error: 0.0793
Epoch 271/300

Epoch 00271: saving model to models/unbalanced_mnist_conv_e300_L2_b64/autoencoder/cp-0271.hdf5
 - 50s - loss: 2.0871 - mean_absolute_error: 0.0823 - val_loss: 2.0944 - val_mean_absolute_error: 0.0797
Epoch 272/300

Epoch 00272: saving model to models/unbalanced_mnist_conv_e300_L2_b64/autoencoder/cp-0272.hdf5
 - 50s - loss: 2.0893 - mean_absolute_error: 0.0823 - val_loss: 2.1144 - val_mean_absolute_error: 0.0792
Epoch 273/300

Epoch 00273: saving model to models/unbalanced_mnist_conv_e300_L2_b64/autoencoder/cp-0273.hdf5
 - 50s - loss: 2.0885 - mean_absolute_error: 0.0823 - val_loss: 2.1022 - val_mean_absolute_error: 0.0792
Epoch 274/300

Epoch 00274: saving model to models/unbalanced_mnist_conv_e300_L2_b64/autoencoder/cp-0274.hdf5
 - 50s - loss: 2.0836 - mean_absolute_error: 0.0822 - val_loss: 2.1000 - val_mean_absolute_error: 0.0795
Epoch 275/300

Epoch 00275: saving model to models/unbalanced_mnist_conv_e300_L2_b64/autoencoder/cp-0275.hdf5
 - 50s - loss: 2.0861 - mean_absolute_error: 0.0822 - val_loss: 2.1062 - val_mean_absolute_error: 0.0790
Epoch 276/300

Epoch 00276: saving model to models/unbalanced_mnist_conv_e300_L2_b64/autoencoder/cp-0276.hdf5
 - 50s - loss: 2.0863 - mean_absolute_error: 0.0822 - val_loss: 2.1082 - val_mean_absolute_error: 0.0787
Epoch 277/300

Epoch 00277: saving model to models/unbalanced_mnist_conv_e300_L2_b64/autoencoder/cp-0277.hdf5
 - 50s - loss: 2.0844 - mean_absolute_error: 0.0822 - val_loss: 2.0949 - val_mean_absolute_error: 0.0807
Epoch 278/300

Epoch 00278: saving model to models/unbalanced_mnist_conv_e300_L2_b64/autoencoder/cp-0278.hdf5
 - 50s - loss: 2.0841 - mean_absolute_error: 0.0822 - val_loss: 2.1079 - val_mean_absolute_error: 0.0804
Epoch 279/300

Epoch 00279: saving model to models/unbalanced_mnist_conv_e300_L2_b64/autoencoder/cp-0279.hdf5
 - 50s - loss: 2.0834 - mean_absolute_error: 0.0822 - val_loss: 2.1004 - val_mean_absolute_error: 0.0802
Epoch 280/300

Epoch 00280: saving model to models/unbalanced_mnist_conv_e300_L2_b64/autoencoder/cp-0280.hdf5
 - 50s - loss: 2.0829 - mean_absolute_error: 0.0821 - val_loss: 2.1055 - val_mean_absolute_error: 0.0786
Epoch 281/300

Epoch 00281: saving model to models/unbalanced_mnist_conv_e300_L2_b64/autoencoder/cp-0281.hdf5
 - 50s - loss: 2.0793 - mean_absolute_error: 0.0820 - val_loss: 2.1016 - val_mean_absolute_error: 0.0792
Epoch 282/300

Epoch 00282: saving model to models/unbalanced_mnist_conv_e300_L2_b64/autoencoder/cp-0282.hdf5
 - 50s - loss: 2.0846 - mean_absolute_error: 0.0822 - val_loss: 2.1089 - val_mean_absolute_error: 0.0795
Epoch 283/300

Epoch 00283: saving model to models/unbalanced_mnist_conv_e300_L2_b64/autoencoder/cp-0283.hdf5
 - 50s - loss: 2.0789 - mean_absolute_error: 0.0820 - val_loss: 2.1020 - val_mean_absolute_error: 0.0789
Epoch 284/300

Epoch 00284: saving model to models/unbalanced_mnist_conv_e300_L2_b64/autoencoder/cp-0284.hdf5
 - 50s - loss: 2.0799 - mean_absolute_error: 0.0821 - val_loss: 2.0971 - val_mean_absolute_error: 0.0801
Epoch 285/300

Epoch 00285: saving model to models/unbalanced_mnist_conv_e300_L2_b64/autoencoder/cp-0285.hdf5
 - 50s - loss: 2.0786 - mean_absolute_error: 0.0820 - val_loss: 2.1101 - val_mean_absolute_error: 0.0797
Epoch 286/300

Epoch 00286: saving model to models/unbalanced_mnist_conv_e300_L2_b64/autoencoder/cp-0286.hdf5
 - 50s - loss: 2.0750 - mean_absolute_error: 0.0819 - val_loss: 2.0977 - val_mean_absolute_error: 0.0793
Epoch 287/300

Epoch 00287: saving model to models/unbalanced_mnist_conv_e300_L2_b64/autoencoder/cp-0287.hdf5
 - 50s - loss: 2.0777 - mean_absolute_error: 0.0819 - val_loss: 2.0971 - val_mean_absolute_error: 0.0815
Epoch 288/300

Epoch 00288: saving model to models/unbalanced_mnist_conv_e300_L2_b64/autoencoder/cp-0288.hdf5
 - 50s - loss: 2.0760 - mean_absolute_error: 0.0819 - val_loss: 2.1067 - val_mean_absolute_error: 0.0794
Epoch 289/300

Epoch 00289: saving model to models/unbalanced_mnist_conv_e300_L2_b64/autoencoder/cp-0289.hdf5
 - 50s - loss: 2.0823 - mean_absolute_error: 0.0821 - val_loss: 2.0942 - val_mean_absolute_error: 0.0805
Epoch 290/300

Epoch 00290: saving model to models/unbalanced_mnist_conv_e300_L2_b64/autoencoder/cp-0290.hdf5
 - 50s - loss: 2.0767 - mean_absolute_error: 0.0819 - val_loss: 2.1067 - val_mean_absolute_error: 0.0806
Epoch 291/300

Epoch 00291: saving model to models/unbalanced_mnist_conv_e300_L2_b64/autoencoder/cp-0291.hdf5
 - 50s - loss: 2.0721 - mean_absolute_error: 0.0818 - val_loss: 2.0996 - val_mean_absolute_error: 0.0798
Epoch 292/300

Epoch 00292: saving model to models/unbalanced_mnist_conv_e300_L2_b64/autoencoder/cp-0292.hdf5
 - 50s - loss: 2.0714 - mean_absolute_error: 0.0818 - val_loss: 2.0993 - val_mean_absolute_error: 0.0789
Epoch 293/300

Epoch 00293: saving model to models/unbalanced_mnist_conv_e300_L2_b64/autoencoder/cp-0293.hdf5
 - 50s - loss: 2.0753 - mean_absolute_error: 0.0819 - val_loss: 2.0963 - val_mean_absolute_error: 0.0793
Epoch 294/300

Epoch 00294: saving model to models/unbalanced_mnist_conv_e300_L2_b64/autoencoder/cp-0294.hdf5
 - 50s - loss: 2.0752 - mean_absolute_error: 0.0819 - val_loss: 2.1068 - val_mean_absolute_error: 0.0782
Epoch 295/300

Epoch 00295: saving model to models/unbalanced_mnist_conv_e300_L2_b64/autoencoder/cp-0295.hdf5
 - 50s - loss: 2.0774 - mean_absolute_error: 0.0819 - val_loss: 2.0971 - val_mean_absolute_error: 0.0798
Epoch 296/300

Epoch 00296: saving model to models/unbalanced_mnist_conv_e300_L2_b64/autoencoder/cp-0296.hdf5
 - 50s - loss: 2.0704 - mean_absolute_error: 0.0817 - val_loss: 2.1067 - val_mean_absolute_error: 0.0790
Epoch 297/300

Epoch 00297: saving model to models/unbalanced_mnist_conv_e300_L2_b64/autoencoder/cp-0297.hdf5
 - 50s - loss: 2.0687 - mean_absolute_error: 0.0817 - val_loss: 2.0969 - val_mean_absolute_error: 0.0794
Epoch 298/300

Epoch 00298: saving model to models/unbalanced_mnist_conv_e300_L2_b64/autoencoder/cp-0298.hdf5
 - 50s - loss: 2.0691 - mean_absolute_error: 0.0817 - val_loss: 2.1140 - val_mean_absolute_error: 0.0805
Epoch 299/300

Epoch 00299: saving model to models/unbalanced_mnist_conv_e300_L2_b64/autoencoder/cp-0299.hdf5
 - 50s - loss: 2.0706 - mean_absolute_error: 0.0817 - val_loss: 2.1030 - val_mean_absolute_error: 0.0803
Epoch 300/300

Epoch 00300: saving model to models/unbalanced_mnist_conv_e300_L2_b64/autoencoder/cp-0300.hdf5
 - 50s - loss: 2.0753 - mean_absolute_error: 0.0819 - val_loss: 2.1015 - val_mean_absolute_error: 0.0800
Finished.
