This is pdfTeX, Version 3.14159265-2.6-1.40.16 (TeX Live 2015) (preloaded format=pdflatex 2015.5.24)  13 MAR 2019 13:32
entering extended mode
 restricted \write18 enabled.
 file:line:error style messages enabled.
 %&-line parsing enabled.
**\input presentation.tex
(./presentation.tex
(/usr/local/texlive/2015/texmf-dist/tex/latex/beamer/beamer.cls
(/usr/local/texlive/2015/texmf-dist/tex/latex/beamer/beamerbasercs.sty
Package: beamerbasercs 2015/03/08 (rcs-revision 368aa9ba9d38)
)
Document Class: beamer 2015/01/05 3.36 A class for typesetting presentations (r
cs-revision 8a39122e1f63)
(/usr/local/texlive/2015/texmf-dist/tex/latex/beamer/beamerbasemodes.sty
Package: beamerbasemodes 2013/09/03 (rcs-revision 768f2d98ca64)
\beamer@tempbox=\box26
\beamer@tempcount=\count79
\c@beamerpauses=\count80

(/usr/local/texlive/2015/texmf-dist/tex/latex/beamer/beamerbasedecode.sty
Package: beamerbasedecode 2010/05/01 (rcs-revision efa082c6111d)
\beamer@slideinframe=\count81
\beamer@minimum=\count82
)
\beamer@commentbox=\box27
\beamer@modecount=\count83
)
(/usr/local/texlive/2015/texmf-dist/tex/generic/oberdiek/ifpdf.sty
Package: ifpdf 2011/01/30 v2.3 Provides the ifpdf switch (HO)
Package ifpdf Info: pdfTeX in PDF mode is detected.
)
\headheight=\dimen102
\headdp=\dimen103
\footheight=\dimen104
\sidebarheight=\dimen105
\beamer@tempdim=\dimen106
\beamer@finalheight=\dimen107
\beamer@animht=\dimen108
\beamer@animdp=\dimen109
\beamer@animwd=\dimen110
\beamer@leftmargin=\dimen111
\beamer@rightmargin=\dimen112
\beamer@leftsidebar=\dimen113
\beamer@rightsidebar=\dimen114
\beamer@boxsize=\dimen115
\beamer@vboxoffset=\dimen116
\beamer@descdefault=\dimen117
\beamer@descriptionwidth=\dimen118
\beamer@lastskip=\skip41
\beamer@areabox=\box28
\beamer@animcurrent=\box29
\beamer@animshowbox=\box30
\beamer@sectionbox=\box31
\beamer@logobox=\box32
\beamer@linebox=\box33
\beamer@sectioncount=\count84
\beamer@subsubsectionmax=\count85
\beamer@subsectionmax=\count86
\beamer@sectionmax=\count87
\beamer@totalheads=\count88
\beamer@headcounter=\count89
\beamer@partstartpage=\count90
\beamer@sectionstartpage=\count91
\beamer@subsectionstartpage=\count92
\beamer@animationtempa=\count93
\beamer@animationtempb=\count94
\beamer@xpos=\count95
\beamer@ypos=\count96
\beamer@showpartnumber=\count97
\beamer@currentsubsection=\count98
\beamer@coveringdepth=\count99
\beamer@sectionadjust=\count100
\beamer@tocsectionnumber=\count101

(/usr/local/texlive/2015/texmf-dist/tex/latex/beamer/beamerbaseoptions.sty
Package: beamerbaseoptions 2013/03/10 (rcs-revision 47431932db0d)

(/usr/local/texlive/2015/texmf-dist/tex/latex/graphics/keyval.sty
Package: keyval 2014/10/28 v1.15 key=value parser (DPC)
\KV@toks@=\toks14
))
\beamer@paperwidth=\skip42
\beamer@paperheight=\skip43

(/usr/local/texlive/2015/texmf-dist/tex/latex/geometry/geometry.sty
Package: geometry 2010/09/12 v5.6 Page Geometry

(/usr/local/texlive/2015/texmf-dist/tex/generic/oberdiek/ifvtex.sty
Package: ifvtex 2010/03/01 v1.5 Detect VTeX and its facilities (HO)
Package ifvtex Info: VTeX not detected.
)
(/usr/local/texlive/2015/texmf-dist/tex/generic/ifxetex/ifxetex.sty
Package: ifxetex 2010/09/12 v0.6 Provides ifxetex conditional
)
\Gm@cnth=\count102
\Gm@cntv=\count103
\c@Gm@tempcnt=\count104
\Gm@bindingoffset=\dimen119
\Gm@wd@mp=\dimen120
\Gm@odd@mp=\dimen121
\Gm@even@mp=\dimen122
\Gm@layoutwidth=\dimen123
\Gm@layoutheight=\dimen124
\Gm@layouthoffset=\dimen125
\Gm@layoutvoffset=\dimen126
\Gm@dimlist=\toks15
)
(/usr/local/texlive/2015/texmf-dist/tex/latex/base/size10.clo
File: size10.clo 2014/09/29 v1.4h Standard LaTeX file (size option)
)
(/usr/local/texlive/2015/texmf-dist/tex/latex/pgf/basiclayer/pgfcore.sty
(/usr/local/texlive/2015/texmf-dist/tex/latex/graphics/graphicx.sty
Package: graphicx 2014/10/28 v1.0g Enhanced LaTeX Graphics (DPC,SPQR)

(/usr/local/texlive/2015/texmf-dist/tex/latex/graphics/graphics.sty
Package: graphics 2014/10/28 v1.0p Standard LaTeX Graphics (DPC,SPQR)

(/usr/local/texlive/2015/texmf-dist/tex/latex/graphics/trig.sty
Package: trig 1999/03/16 v1.09 sin cos tan (DPC)
)
(/usr/local/texlive/2015/texmf-dist/tex/latex/latexconfig/graphics.cfg
File: graphics.cfg 2010/04/23 v1.9 graphics configuration of TeX Live
)
Package graphics Info: Driver file: pdftex.def on input line 94.

(/usr/local/texlive/2015/texmf-dist/tex/latex/pdftex-def/pdftex.def
File: pdftex.def 2011/05/27 v0.06d Graphics/color for pdfTeX

(/usr/local/texlive/2015/texmf-dist/tex/generic/oberdiek/infwarerr.sty
Package: infwarerr 2010/04/08 v1.3 Providing info/warning/error messages (HO)
)
(/usr/local/texlive/2015/texmf-dist/tex/generic/oberdiek/ltxcmds.sty
Package: ltxcmds 2011/11/09 v1.22 LaTeX kernel commands for general use (HO)
)
\Gread@gobject=\count105
))
\Gin@req@height=\dimen127
\Gin@req@width=\dimen128
)
(/usr/local/texlive/2015/texmf-dist/tex/latex/pgf/systemlayer/pgfsys.sty
(/usr/local/texlive/2015/texmf-dist/tex/latex/pgf/utilities/pgfrcs.sty
(/usr/local/texlive/2015/texmf-dist/tex/generic/pgf/utilities/pgfutil-common.te
x
\pgfutil@everybye=\toks16
\pgfutil@tempdima=\dimen129
\pgfutil@tempdimb=\dimen130

(/usr/local/texlive/2015/texmf-dist/tex/generic/pgf/utilities/pgfutil-common-li
sts.tex))
(/usr/local/texlive/2015/texmf-dist/tex/generic/pgf/utilities/pgfutil-latex.def
\pgfutil@abb=\box34
(/usr/local/texlive/2015/texmf-dist/tex/latex/ms/everyshi.sty
Package: everyshi 2001/05/15 v3.00 EveryShipout Package (MS)
))
(/usr/local/texlive/2015/texmf-dist/tex/generic/pgf/utilities/pgfrcs.code.tex
Package: pgfrcs 2013/12/20 v3.0.0 (rcs-revision 1.28)
))
(/usr/local/texlive/2015/texmf-dist/tex/generic/pgf/systemlayer/pgfsys.code.tex
Package: pgfsys 2013/11/30 v3.0.0 (rcs-revision 1.47)
(/usr/local/texlive/2015/texmf-dist/tex/generic/pgf/utilities/pgfkeys.code.tex
\pgfkeys@pathtoks=\toks17
\pgfkeys@temptoks=\toks18

(/usr/local/texlive/2015/texmf-dist/tex/generic/pgf/utilities/pgfkeysfiltered.c
ode.tex
\pgfkeys@tmptoks=\toks19
))
\pgf@x=\dimen131
\pgf@y=\dimen132
\pgf@xa=\dimen133
\pgf@ya=\dimen134
\pgf@xb=\dimen135
\pgf@yb=\dimen136
\pgf@xc=\dimen137
\pgf@yc=\dimen138
\w@pgf@writea=\write3
\r@pgf@reada=\read1
\c@pgf@counta=\count106
\c@pgf@countb=\count107
\c@pgf@countc=\count108
\c@pgf@countd=\count109
\t@pgf@toka=\toks20
\t@pgf@tokb=\toks21
\t@pgf@tokc=\toks22

(/usr/local/texlive/2015/texmf-dist/tex/generic/pgf/systemlayer/pgf.cfg
File: pgf.cfg 2008/05/14  (rcs-revision 1.7)
)
Driver file for pgf: pgfsys-pdftex.def

(/usr/local/texlive/2015/texmf-dist/tex/generic/pgf/systemlayer/pgfsys-pdftex.d
ef
File: pgfsys-pdftex.def 2013/07/18  (rcs-revision 1.33)

(/usr/local/texlive/2015/texmf-dist/tex/generic/pgf/systemlayer/pgfsys-common-p
df.def
File: pgfsys-common-pdf.def 2013/10/10  (rcs-revision 1.13)
)))
(/usr/local/texlive/2015/texmf-dist/tex/generic/pgf/systemlayer/pgfsyssoftpath.
code.tex
File: pgfsyssoftpath.code.tex 2013/09/09  (rcs-revision 1.9)
\pgfsyssoftpath@smallbuffer@items=\count110
\pgfsyssoftpath@bigbuffer@items=\count111
)
(/usr/local/texlive/2015/texmf-dist/tex/generic/pgf/systemlayer/pgfsysprotocol.
code.tex
File: pgfsysprotocol.code.tex 2006/10/16  (rcs-revision 1.4)
)) (/usr/local/texlive/2015/texmf-dist/tex/latex/xcolor/xcolor.sty
Package: xcolor 2007/01/21 v2.11 LaTeX color extensions (UK)

(/usr/local/texlive/2015/texmf-dist/tex/latex/latexconfig/color.cfg
File: color.cfg 2007/01/18 v1.5 color configuration of teTeX/TeXLive
)
Package xcolor Info: Driver file: pdftex.def on input line 225.

(/usr/local/texlive/2015/texmf-dist/tex/latex/colortbl/colortbl.sty
Package: colortbl 2012/02/13 v1.0a Color table columns (DPC)

(/usr/local/texlive/2015/texmf-dist/tex/latex/tools/array.sty
Package: array 2014/10/28 v2.4c Tabular extension package (FMi)
\col@sep=\dimen139
\extrarowheight=\dimen140
\NC@list=\toks23
\extratabsurround=\skip44
\backup@length=\skip45
)
\everycr=\toks24
\minrowclearance=\skip46
)
\rownum=\count112
Package xcolor Info: Model `cmy' substituted by `cmy0' on input line 1337.
Package xcolor Info: Model `hsb' substituted by `rgb' on input line 1341.
Package xcolor Info: Model `RGB' extended on input line 1353.
Package xcolor Info: Model `HTML' substituted by `rgb' on input line 1355.
Package xcolor Info: Model `Hsb' substituted by `hsb' on input line 1356.
Package xcolor Info: Model `tHsb' substituted by `hsb' on input line 1357.
Package xcolor Info: Model `HSB' substituted by `hsb' on input line 1358.
Package xcolor Info: Model `Gray' substituted by `gray' on input line 1359.
Package xcolor Info: Model `wave' substituted by `hsb' on input line 1360.

(/usr/local/texlive/2015/texmf-dist/tex/latex/graphics/dvipsnam.def
File: dvipsnam.def 2014/10/14 v3.0j Driver-dependent file (DPC,SPQR)
))
(/usr/local/texlive/2015/texmf-dist/tex/generic/pgf/basiclayer/pgfcore.code.tex
Package: pgfcore 2010/04/11 v3.0.0 (rcs-revision 1.7)
(/usr/local/texlive/2015/texmf-dist/tex/generic/pgf/math/pgfmath.code.tex
(/usr/local/texlive/2015/texmf-dist/tex/generic/pgf/math/pgfmathcalc.code.tex
(/usr/local/texlive/2015/texmf-dist/tex/generic/pgf/math/pgfmathutil.code.tex)
(/usr/local/texlive/2015/texmf-dist/tex/generic/pgf/math/pgfmathparser.code.tex
\pgfmath@dimen=\dimen141
\pgfmath@count=\count113
\pgfmath@box=\box35
\pgfmath@toks=\toks25
\pgfmath@stack@operand=\toks26
\pgfmath@stack@operation=\toks27
)
(/usr/local/texlive/2015/texmf-dist/tex/generic/pgf/math/pgfmathfunctions.code.
tex
(/usr/local/texlive/2015/texmf-dist/tex/generic/pgf/math/pgfmathfunctions.basic
.code.tex)
(/usr/local/texlive/2015/texmf-dist/tex/generic/pgf/math/pgfmathfunctions.trigo
nometric.code.tex)
(/usr/local/texlive/2015/texmf-dist/tex/generic/pgf/math/pgfmathfunctions.rando
m.code.tex)
(/usr/local/texlive/2015/texmf-dist/tex/generic/pgf/math/pgfmathfunctions.compa
rison.code.tex)
(/usr/local/texlive/2015/texmf-dist/tex/generic/pgf/math/pgfmathfunctions.base.
code.tex)
(/usr/local/texlive/2015/texmf-dist/tex/generic/pgf/math/pgfmathfunctions.round
.code.tex)
(/usr/local/texlive/2015/texmf-dist/tex/generic/pgf/math/pgfmathfunctions.misc.
code.tex)
(/usr/local/texlive/2015/texmf-dist/tex/generic/pgf/math/pgfmathfunctions.integ
erarithmetics.code.tex)))
(/usr/local/texlive/2015/texmf-dist/tex/generic/pgf/math/pgfmathfloat.code.tex
\c@pgfmathroundto@lastzeros=\count114
))
(/usr/local/texlive/2015/texmf-dist/tex/generic/pgf/basiclayer/pgfcorepoints.co
de.tex
File: pgfcorepoints.code.tex 2013/10/07  (rcs-revision 1.27)
\pgf@picminx=\dimen142
\pgf@picmaxx=\dimen143
\pgf@picminy=\dimen144
\pgf@picmaxy=\dimen145
\pgf@pathminx=\dimen146
\pgf@pathmaxx=\dimen147
\pgf@pathminy=\dimen148
\pgf@pathmaxy=\dimen149
\pgf@xx=\dimen150
\pgf@xy=\dimen151
\pgf@yx=\dimen152
\pgf@yy=\dimen153
\pgf@zx=\dimen154
\pgf@zy=\dimen155
)
(/usr/local/texlive/2015/texmf-dist/tex/generic/pgf/basiclayer/pgfcorepathconst
ruct.code.tex
File: pgfcorepathconstruct.code.tex 2013/10/07  (rcs-revision 1.29)
\pgf@path@lastx=\dimen156
\pgf@path@lasty=\dimen157
)
(/usr/local/texlive/2015/texmf-dist/tex/generic/pgf/basiclayer/pgfcorepathusage
.code.tex
File: pgfcorepathusage.code.tex 2013/12/13  (rcs-revision 1.23)
\pgf@shorten@end@additional=\dimen158
\pgf@shorten@start@additional=\dimen159
)
(/usr/local/texlive/2015/texmf-dist/tex/generic/pgf/basiclayer/pgfcorescopes.co
de.tex
File: pgfcorescopes.code.tex 2013/10/09  (rcs-revision 1.44)
\pgfpic=\box36
\pgf@hbox=\box37
\pgf@layerbox@main=\box38
\pgf@picture@serial@count=\count115
)
(/usr/local/texlive/2015/texmf-dist/tex/generic/pgf/basiclayer/pgfcoregraphicst
ate.code.tex
File: pgfcoregraphicstate.code.tex 2013/09/19  (rcs-revision 1.11)
\pgflinewidth=\dimen160
)
(/usr/local/texlive/2015/texmf-dist/tex/generic/pgf/basiclayer/pgfcoretransform
ations.code.tex
File: pgfcoretransformations.code.tex 2013/10/10  (rcs-revision 1.17)
\pgf@pt@x=\dimen161
\pgf@pt@y=\dimen162
\pgf@pt@temp=\dimen163
)
(/usr/local/texlive/2015/texmf-dist/tex/generic/pgf/basiclayer/pgfcorequick.cod
e.tex
File: pgfcorequick.code.tex 2008/10/09  (rcs-revision 1.3)
)
(/usr/local/texlive/2015/texmf-dist/tex/generic/pgf/basiclayer/pgfcoreobjects.c
ode.tex
File: pgfcoreobjects.code.tex 2006/10/11  (rcs-revision 1.2)
)
(/usr/local/texlive/2015/texmf-dist/tex/generic/pgf/basiclayer/pgfcorepathproce
ssing.code.tex
File: pgfcorepathprocessing.code.tex 2013/09/09  (rcs-revision 1.9)
)
(/usr/local/texlive/2015/texmf-dist/tex/generic/pgf/basiclayer/pgfcorearrows.co
de.tex
File: pgfcorearrows.code.tex 2013/11/07  (rcs-revision 1.40)
\pgfarrowsep=\dimen164
)
(/usr/local/texlive/2015/texmf-dist/tex/generic/pgf/basiclayer/pgfcoreshade.cod
e.tex
File: pgfcoreshade.code.tex 2013/07/15  (rcs-revision 1.15)
\pgf@max=\dimen165
\pgf@sys@shading@range@num=\count116
)
(/usr/local/texlive/2015/texmf-dist/tex/generic/pgf/basiclayer/pgfcoreimage.cod
e.tex
File: pgfcoreimage.code.tex 2013/07/15  (rcs-revision 1.18)

(/usr/local/texlive/2015/texmf-dist/tex/generic/pgf/basiclayer/pgfcoreexternal.
code.tex
File: pgfcoreexternal.code.tex 2013/07/15  (rcs-revision 1.20)
\pgfexternal@startupbox=\box39
))
(/usr/local/texlive/2015/texmf-dist/tex/generic/pgf/basiclayer/pgfcorelayers.co
de.tex
File: pgfcorelayers.code.tex 2013/07/18  (rcs-revision 1.7)
)
(/usr/local/texlive/2015/texmf-dist/tex/generic/pgf/basiclayer/pgfcoretranspare
ncy.code.tex
File: pgfcoretransparency.code.tex 2013/09/30  (rcs-revision 1.5)
)
(/usr/local/texlive/2015/texmf-dist/tex/generic/pgf/basiclayer/pgfcorepatterns.
code.tex
File: pgfcorepatterns.code.tex 2013/11/07  (rcs-revision 1.5)
)))
(/usr/local/texlive/2015/texmf-dist/tex/latex/pgf/utilities/xxcolor.sty
Package: xxcolor 2003/10/24 ver 0.1
\XC@nummixins=\count117
\XC@countmixins=\count118
)
(/usr/local/texlive/2015/texmf-dist/tex/generic/oberdiek/atbegshi.sty
Package: atbegshi 2011/10/05 v1.16 At begin shipout hook (HO)
)
(/usr/local/texlive/2015/texmf-dist/tex/latex/hyperref/hyperref.sty
Package: hyperref 2012/11/06 v6.83m Hypertext links for LaTeX

(/usr/local/texlive/2015/texmf-dist/tex/generic/oberdiek/hobsub-hyperref.sty
Package: hobsub-hyperref 2012/05/28 v1.13 Bundle oberdiek, subset hyperref (HO)


(/usr/local/texlive/2015/texmf-dist/tex/generic/oberdiek/hobsub-generic.sty
Package: hobsub-generic 2012/05/28 v1.13 Bundle oberdiek, subset generic (HO)
Package: hobsub 2012/05/28 v1.13 Construct package bundles (HO)
Package hobsub Info: Skipping package `infwarerr' (already loaded).
Package hobsub Info: Skipping package `ltxcmds' (already loaded).
Package: ifluatex 2010/03/01 v1.3 Provides the ifluatex switch (HO)
Package ifluatex Info: LuaTeX not detected.
Package hobsub Info: Skipping package `ifvtex' (already loaded).
Package: intcalc 2007/09/27 v1.1 Expandable calculations with integers (HO)
Package hobsub Info: Skipping package `ifpdf' (already loaded).
Package: etexcmds 2011/02/16 v1.5 Avoid name clashes with e-TeX commands (HO)
Package etexcmds Info: Could not find \expanded.
(etexcmds)             That can mean that you are not using pdfTeX 1.50 or
(etexcmds)             that some package has redefined \expanded.
(etexcmds)             In the latter case, load this package earlier.
Package: kvsetkeys 2012/04/25 v1.16 Key value parser (HO)
Package: kvdefinekeys 2011/04/07 v1.3 Define keys (HO)
Package: pdftexcmds 2011/11/29 v0.20 Utility functions of pdfTeX for LuaTeX (HO
)
Package pdftexcmds Info: LuaTeX not detected.
Package pdftexcmds Info: \pdf@primitive is available.
Package pdftexcmds Info: \pdf@ifprimitive is available.
Package pdftexcmds Info: \pdfdraftmode found.
Package: pdfescape 2011/11/25 v1.13 Implements pdfTeX's escape features (HO)
Package: bigintcalc 2012/04/08 v1.3 Expandable calculations on big integers (HO
)
Package: bitset 2011/01/30 v1.1 Handle bit-vector datatype (HO)
Package: uniquecounter 2011/01/30 v1.2 Provide unlimited unique counter (HO)
)
Package hobsub Info: Skipping package `hobsub' (already loaded).
Package: letltxmacro 2010/09/02 v1.4 Let assignment for LaTeX macros (HO)
Package: hopatch 2012/05/28 v1.2 Wrapper for package hooks (HO)
Package: xcolor-patch 2011/01/30 xcolor patch
Package: atveryend 2011/06/30 v1.8 Hooks at the very end of document (HO)
Package atveryend Info: \enddocument detected (standard20110627).
Package hobsub Info: Skipping package `atbegshi' (already loaded).
Package: refcount 2011/10/16 v3.4 Data extraction from label references (HO)
Package: hycolor 2011/01/30 v1.7 Color options for hyperref/bookmark (HO)
)
(/usr/local/texlive/2015/texmf-dist/tex/latex/oberdiek/auxhook.sty
Package: auxhook 2011/03/04 v1.3 Hooks for auxiliary files (HO)
)
(/usr/local/texlive/2015/texmf-dist/tex/latex/oberdiek/kvoptions.sty
Package: kvoptions 2011/06/30 v3.11 Key value format for package options (HO)
)
\@linkdim=\dimen166
\Hy@linkcounter=\count119
\Hy@pagecounter=\count120

(/usr/local/texlive/2015/texmf-dist/tex/latex/hyperref/pd1enc.def
File: pd1enc.def 2012/11/06 v6.83m Hyperref: PDFDocEncoding definition (HO)
)
\Hy@SavedSpaceFactor=\count121

(/usr/local/texlive/2015/texmf-dist/tex/latex/latexconfig/hyperref.cfg
File: hyperref.cfg 2002/06/06 v1.2 hyperref configuration of TeXLive
)
Package hyperref Info: Option `bookmarks' set `true' on input line 4319.
Package hyperref Info: Option `bookmarksopen' set `true' on input line 4319.
Package hyperref Info: Option `implicit' set `false' on input line 4319.
Package hyperref Info: Hyper figures OFF on input line 4443.
Package hyperref Info: Link nesting OFF on input line 4448.
Package hyperref Info: Hyper index ON on input line 4451.
Package hyperref Info: Plain pages OFF on input line 4458.
Package hyperref Info: Backreferencing OFF on input line 4463.
Package hyperref Info: Implicit mode OFF; no redefinition of LaTeX internals.
Package hyperref Info: Bookmarks ON on input line 4688.
\c@Hy@tempcnt=\count122

(/usr/local/texlive/2015/texmf-dist/tex/latex/url/url.sty
\Urlmuskip=\muskip10
Package: url 2013/09/16  ver 3.4  Verb mode for urls, etc.
)
LaTeX Info: Redefining \url on input line 5041.
\XeTeXLinkMargin=\dimen167
\Fld@menulength=\count123
\Field@Width=\dimen168
\Fld@charsize=\dimen169
Package hyperref Info: Hyper figures OFF on input line 6295.
Package hyperref Info: Link nesting OFF on input line 6300.
Package hyperref Info: Hyper index ON on input line 6303.
Package hyperref Info: backreferencing OFF on input line 6310.
Package hyperref Info: Link coloring OFF on input line 6315.
Package hyperref Info: Link coloring with OCG OFF on input line 6320.
Package hyperref Info: PDF/A mode OFF on input line 6325.
LaTeX Info: Redefining \ref on input line 6365.
LaTeX Info: Redefining \pageref on input line 6369.
\Hy@abspage=\count124


Package hyperref Message: Stopped early.

)

Package hyperref Message: Driver (autodetected): hpdftex.

(/usr/local/texlive/2015/texmf-dist/tex/latex/hyperref/hpdftex.def
File: hpdftex.def 2012/11/06 v6.83m Hyperref driver for pdfTeX
\Fld@listcount=\count125
\c@bookmark@seq@number=\count126

(/usr/local/texlive/2015/texmf-dist/tex/latex/oberdiek/rerunfilecheck.sty
Package: rerunfilecheck 2011/04/15 v1.7 Rerun checks for auxiliary files (HO)
Package uniquecounter Info: New unique counter `rerunfilecheck' on input line 2
82.
))
(/usr/local/texlive/2015/texmf-dist/tex/latex/beamer/beamerbaserequires.sty
Package: beamerbaserequires 2010/05/01  (rcs-revision efa082c6111d)

(/usr/local/texlive/2015/texmf-dist/tex/latex/beamer/beamerbasecompatibility.st
y
Package: beamerbasecompatibility 2012/05/01  (rcs-revision 67c48b3b652d)
) (/usr/local/texlive/2015/texmf-dist/tex/latex/beamer/beamerbasefont.sty
Package: beamerbasefont 2015/01/05  (rcs-revision b4b4bee242e2)

(/usr/local/texlive/2015/texmf-dist/tex/latex/amsfonts/amssymb.sty
Package: amssymb 2013/01/14 v3.01 AMS font symbols

(/usr/local/texlive/2015/texmf-dist/tex/latex/amsfonts/amsfonts.sty
Package: amsfonts 2013/01/14 v3.01 Basic AMSFonts support
\@emptytoks=\toks28
\symAMSa=\mathgroup4
\symAMSb=\mathgroup5
LaTeX Font Info:    Overwriting math alphabet `\mathfrak' in version `bold'
(Font)                  U/euf/m/n --> U/euf/b/n on input line 106.
))
(/usr/local/texlive/2015/texmf-dist/tex/latex/sansmathaccent/sansmathaccent.sty
Package: sansmathaccent 2013/03/28
(/usr/local/texlive/2015/texmf-dist/tex/latex/filehook/filehook.sty
Package: filehook 2011/10/12 v0.5d Hooks for input files
)))
(/usr/local/texlive/2015/texmf-dist/tex/latex/beamer/beamerbasetranslator.sty
Package: beamerbasetranslator 2010/06/11  (rcs-revision 85fd1cc7fc42)

(/usr/local/texlive/2015/texmf-dist/tex/latex/beamer/translator/translator.sty
Package: translator 2010/06/12 ver 1.10

(/usr/local/texlive/2015/texmf-dist/tex/latex/beamer/translator/translator-lang
uage-mappings.tex)))
(/usr/local/texlive/2015/texmf-dist/tex/latex/beamer/beamerbasemisc.sty
Package: beamerbasemisc 2013/09/03  (rcs-revision a55719c41d85)
)
(/usr/local/texlive/2015/texmf-dist/tex/latex/beamer/beamerbasetwoscreens.sty
Package: beamerbasetwoscreens 2010/05/01  (rcs-revision efa082c6111d)
)
(/usr/local/texlive/2015/texmf-dist/tex/latex/beamer/beamerbaseoverlay.sty
Package: beamerbaseoverlay 2013/12/25  (rcs-revision f6bd5e3805da)
\beamer@argscount=\count127
\beamer@lastskipcover=\skip47
\beamer@trivlistdepth=\count128
)
(/usr/local/texlive/2015/texmf-dist/tex/latex/beamer/beamerbasetitle.sty
Package: beamerbasetitle 2010/09/21  (rcs-revision f0446ed0b6ae)
)
(/usr/local/texlive/2015/texmf-dist/tex/latex/beamer/beamerbasesection.sty
Package: beamerbasesection 2013/06/07  (rcs-revision 60b9fe0f342f)
\c@lecture=\count129
\c@part=\count130
\c@section=\count131
\c@subsection=\count132
\c@subsubsection=\count133
)
(/usr/local/texlive/2015/texmf-dist/tex/latex/beamer/beamerbaseframe.sty
Package: beamerbaseframe 2014/02/20  (rcs-revision 4b8ceeeff434)
\beamer@framebox=\box40
\beamer@frametitlebox=\box41
\beamer@zoombox=\box42
\beamer@zoomcount=\count134
\beamer@zoomframecount=\count135
\beamer@frametextheight=\dimen170
\c@subsectionslide=\count136
\beamer@frametopskip=\skip48
\beamer@framebottomskip=\skip49
\beamer@frametopskipautobreak=\skip50
\beamer@framebottomskipautobreak=\skip51
\beamer@envbody=\toks29
\framewidth=\dimen171
\c@framenumber=\count137
)
(/usr/local/texlive/2015/texmf-dist/tex/latex/beamer/beamerbaseverbatim.sty
Package: beamerbaseverbatim 2015/01/05  (rcs-revision 431510bb5890)
\beamer@verbatimfileout=\write4
)
(/usr/local/texlive/2015/texmf-dist/tex/latex/beamer/beamerbaseframesize.sty
Package: beamerbaseframesize 2011/09/12  (rcs-revision 70f9d8411e54)
\beamer@splitbox=\box43
\beamer@autobreakcount=\count138
\beamer@autobreaklastheight=\dimen172
\beamer@frametitletoks=\toks30
\beamer@framesubtitletoks=\toks31
)
(/usr/local/texlive/2015/texmf-dist/tex/latex/beamer/beamerbaseframecomponents.
sty
Package: beamerbaseframecomponents 2013/10/18  (rcs-revision 5cf6c5555a45)
\beamer@footins=\box44
) (/usr/local/texlive/2015/texmf-dist/tex/latex/beamer/beamerbasecolor.sty
Package: beamerbasecolor 2015/02/21  (rcs-revision d944b04ee2d5)
)
(/usr/local/texlive/2015/texmf-dist/tex/latex/beamer/beamerbasenotes.sty
Package: beamerbasenotes 2012/12/19  (rcs-revision 1686da3db3c9)
\beamer@frameboxcopy=\box45
)
(/usr/local/texlive/2015/texmf-dist/tex/latex/beamer/beamerbasetoc.sty
Package: beamerbasetoc 2015/03/08  (rcs-revision 7270298bbaae)
)
(/usr/local/texlive/2015/texmf-dist/tex/latex/beamer/beamerbasetemplates.sty
Package: beamerbasetemplates 2010/05/01  (rcs-revision efa082c6111d)
\beamer@sbttoks=\toks32

(/usr/local/texlive/2015/texmf-dist/tex/latex/beamer/beamerbaseauxtemplates.sty
Package: beamerbaseauxtemplates 2014/06/30  (rcs-revision 580088513a67)
(/usr/local/texlive/2015/texmf-dist/tex/latex/beamer/beamerbaseboxes.sty
Package: beamerbaseboxes 2012/05/13  (rcs-revision 56972908a390)
\bmb@box=\box46
\bmb@colorbox=\box47
\bmb@boxshadow=\box48
\bmb@boxshadowball=\box49
\bmb@boxshadowballlarge=\box50
\bmb@temp=\dimen173
\bmb@dima=\dimen174
\bmb@dimb=\dimen175
\bmb@prevheight=\dimen176
)
\beamer@blockheadheight=\dimen177
))
(/usr/local/texlive/2015/texmf-dist/tex/latex/beamer/beamerbaselocalstructure.s
ty
Package: beamerbaselocalstructure 2014/09/10  (rcs-revision 393f6dcff371)
 (/usr/local/texlive/2015/texmf-dist/tex/latex/tools/enumerate.sty
Package: enumerate 2014/10/28 v3.00 enumerate extensions (DPC)
\@enLab=\toks33
)
\c@figure=\count139
\c@table=\count140
\abovecaptionskip=\skip52
\belowcaptionskip=\skip53
)
(/usr/local/texlive/2015/texmf-dist/tex/latex/beamer/beamerbasenavigation.sty
Package: beamerbasenavigation 2015/02/27  (rcs-revision 923f4bf87efa)
\beamer@section@min@dim=\dimen178
)
(/usr/local/texlive/2015/texmf-dist/tex/latex/beamer/beamerbasetheorems.sty
Package: beamerbasetheorems 2010/06/06  (rcs-revision 7e7cc5e53e9d)

(/usr/local/texlive/2015/texmf-dist/tex/latex/amsmath/amsmath.sty
Package: amsmath 2013/01/14 v2.14 AMS math features
\@mathmargin=\skip54

For additional information on amsmath, use the `?' option.
(/usr/local/texlive/2015/texmf-dist/tex/latex/amsmath/amstext.sty
Package: amstext 2000/06/29 v2.01

(/usr/local/texlive/2015/texmf-dist/tex/latex/amsmath/amsgen.sty
File: amsgen.sty 1999/11/30 v2.0
\@emptytoks=\toks34
\ex@=\dimen179
))
(/usr/local/texlive/2015/texmf-dist/tex/latex/amsmath/amsbsy.sty
Package: amsbsy 1999/11/29 v1.2d
\pmbraise@=\dimen180
)
(/usr/local/texlive/2015/texmf-dist/tex/latex/amsmath/amsopn.sty
Package: amsopn 1999/12/14 v2.01 operator names
)
\inf@bad=\count141
LaTeX Info: Redefining \frac on input line 210.
\uproot@=\count142
\leftroot@=\count143
LaTeX Info: Redefining \overline on input line 306.
\classnum@=\count144
\DOTSCASE@=\count145
LaTeX Info: Redefining \ldots on input line 378.
LaTeX Info: Redefining \dots on input line 381.
LaTeX Info: Redefining \cdots on input line 466.
\Mathstrutbox@=\box51
\strutbox@=\box52
\big@size=\dimen181
LaTeX Font Info:    Redeclaring font encoding OML on input line 566.
LaTeX Font Info:    Redeclaring font encoding OMS on input line 567.
\macc@depth=\count146
\c@MaxMatrixCols=\count147
\dotsspace@=\muskip11
\c@parentequation=\count148
\dspbrk@lvl=\count149
\tag@help=\toks35
\row@=\count150
\column@=\count151
\maxfields@=\count152
\andhelp@=\toks36
\eqnshift@=\dimen182
\alignsep@=\dimen183
\tagshift@=\dimen184
\tagwidth@=\dimen185
\totwidth@=\dimen186
\lineht@=\dimen187
\@envbody=\toks37
\multlinegap=\skip55
\multlinetaggap=\skip56
\mathdisplay@stack=\toks38
LaTeX Info: Redefining \[ on input line 2665.
LaTeX Info: Redefining \] on input line 2666.
)
(/usr/local/texlive/2015/texmf-dist/tex/latex/amscls/amsthm.sty
Package: amsthm 2015/03/04 v2.20.2
\thm@style=\toks39
\thm@bodyfont=\toks40
\thm@headfont=\toks41
\thm@notefont=\toks42
\thm@headpunct=\toks43
\thm@preskip=\skip57
\thm@postskip=\skip58
\thm@headsep=\skip59
\dth@everypar=\toks44
)
\c@theorem=\count153
)
(/usr/local/texlive/2015/texmf-dist/tex/latex/beamer/beamerbasethemes.sty
Package: beamerbasethemes 2010/05/01  (rcs-revision efa082c6111d)
))
(/usr/local/texlive/2015/texmf-dist/tex/latex/beamer/themes/theme/beamerthemede
fault.sty
Package: beamerthemedefault 2010/06/17  (rcs-revision d02a7cf4d8ae)

(/usr/local/texlive/2015/texmf-dist/tex/latex/beamer/themes/font/beamerfontthem
edefault.sty
Package: beamerfontthemedefault 2012/12/19  (rcs-revision 1686da3db3c9)
)
(/usr/local/texlive/2015/texmf-dist/tex/latex/beamer/themes/color/beamercolorth
emedefault.sty
Package: beamercolorthemedefault 2012/12/19  (rcs-revision 1686da3db3c9)
)
(/usr/local/texlive/2015/texmf-dist/tex/latex/beamer/themes/inner/beamerinnerth
emedefault.sty
Package: beamerinnerthemedefault 2014/06/30  (rcs-revision 580088513a67)
\beamer@dima=\dimen188
\beamer@dimb=\dimen189
)
(/usr/local/texlive/2015/texmf-dist/tex/latex/beamer/themes/outer/beamerouterth
emedefault.sty
Package: beamerouterthemedefault 2012/12/19  (rcs-revision 1686da3db3c9)
)))
(/usr/local/texlive/2015/texmf-dist/tex/latex/beamer/themes/theme/beamerthemeBe
rkeley.sty
Package: beamerthemeBerkeley 2010/06/17  (rcs-revision d02a7cf4d8ae)

(/usr/local/texlive/2015/texmf-dist/tex/latex/beamer/themes/outer/beamerouterth
emesidebar.sty
Package: beamerouterthemesidebar 2010/06/17  (rcs-revision d02a7cf4d8ae)
\beamer@sidebarwidth=\dimen190
\beamer@headheight=\dimen191
)
(/usr/local/texlive/2015/texmf-dist/tex/latex/beamer/themes/inner/beamerinnerth
emerectangles.sty
Package: beamerinnerthemerectangles 2010/06/17  (rcs-revision d02a7cf4d8ae)
)
(/usr/local/texlive/2015/texmf-dist/tex/latex/beamer/themes/color/beamercolorth
emewhale.sty
Package: beamercolorthemewhale 2010/06/17  (rcs-revision d02a7cf4d8ae)
)
(/usr/local/texlive/2015/texmf-dist/tex/latex/beamer/themes/color/beamercolorth
emeorchid.sty
Package: beamercolorthemeorchid 2010/06/17  (rcs-revision d02a7cf4d8ae)
))
(/usr/local/texlive/2015/texmf-dist/tex/latex/beamer/themes/color/beamercolorth
emebeetle.sty
Package: beamercolorthemebeetle 2010/06/17  (rcs-revision d02a7cf4d8ae)
) (/usr/local/texlive/2015/texmf-dist/tex/latex/base/fix-cm.sty
Package: fix-cm 2015/01/14 v1.1t fixes to LaTeX

(/usr/local/texlive/2015/texmf-dist/tex/latex/base/ts1enc.def
File: ts1enc.def 2001/06/05 v3.0e (jk/car/fm) Standard LaTeX file
))
(/usr/local/texlive/2015/texmf-dist/tex/latex/graphbox/graphbox.sty
Package: graphbox 2014/08/31 v1.0 extension for graphicx to adjust containing b
ox
\Gin@box@box=\box53
\Gin@box@width=\skip60
\Gin@box@height=\skip61
\Gin@box@raise=\skip62
\Gin@box@hspace=\skip63
\Gin@box@bwidth=\skip64
\Gin@box@bheight=\skip65
)
(/usr/local/texlive/2015/texmf-dist/tex/latex/algorithms/algorithm.sty
Package: algorithm 2009/08/24 v0.1 Document Style `algorithm' - floating enviro
nment

(/usr/local/texlive/2015/texmf-dist/tex/latex/float/float.sty
Package: float 2001/11/08 v1.3d Float enhancements (AL)
\c@float@type=\count154
\float@exts=\toks45
\float@box=\box54
\@float@everytoks=\toks46
\@floatcapt=\box55
)
(/usr/local/texlive/2015/texmf-dist/tex/latex/base/ifthen.sty
Package: ifthen 2014/09/29 v1.1c Standard LaTeX ifthen package (DPC)
)
\@float@every@algorithm=\toks47
\c@algorithm=\count155
)
(/usr/local/texlive/2015/texmf-dist/tex/latex/algorithmicx/algpseudocode.sty
Package: algpseudocode 

(/usr/local/texlive/2015/texmf-dist/tex/latex/algorithmicx/algorithmicx.sty
Package: algorithmicx 2005/04/27 v1.2 Algorithmicx

Document Style algorithmicx 1.2 - a greatly improved `algorithmic' style
\c@ALG@line=\count156
\c@ALG@rem=\count157
\c@ALG@nested=\count158
\ALG@tlm=\skip66
\ALG@thistlm=\skip67
\c@ALG@Lnr=\count159
\c@ALG@blocknr=\count160
\c@ALG@storecount=\count161
\c@ALG@tmpcounter=\count162
\ALG@tmplength=\skip68
)
Document Style - pseudocode environments for use with the `algorithmicx' style
) (./presentation.aux

LaTeX Warning: Label `fig:semi-supervised' multiply defined.


LaTeX Warning: Label `fig:conv-uniform' multiply defined.


LaTeX Warning: Label `' multiply defined.


LaTeX Warning: Label `' multiply defined.


LaTeX Warning: Label `' multiply defined.


LaTeX Warning: Label `' multiply defined.


LaTeX Warning: Label `' multiply defined.


LaTeX Warning: Label `' multiply defined.


LaTeX Warning: Label `' multiply defined.


LaTeX Warning: Label `' multiply defined.


LaTeX Warning: Label `' multiply defined.


LaTeX Warning: Label `' multiply defined.


LaTeX Warning: Label `' multiply defined.


LaTeX Warning: Label `' multiply defined.


LaTeX Warning: Label `' multiply defined.


LaTeX Warning: Label `' multiply defined.


LaTeX Warning: Label `' multiply defined.


LaTeX Warning: Label `' multiply defined.


LaTeX Warning: Label `' multiply defined.


LaTeX Warning: Label `' multiply defined.


LaTeX Warning: Label `' multiply defined.

)
\openout1 = `presentation.aux'.

LaTeX Font Info:    Checking defaults for OML/cmm/m/it on input line 20.
LaTeX Font Info:    ... okay on input line 20.
LaTeX Font Info:    Checking defaults for T1/cmr/m/n on input line 20.
LaTeX Font Info:    ... okay on input line 20.
LaTeX Font Info:    Checking defaults for OT1/cmr/m/n on input line 20.
LaTeX Font Info:    ... okay on input line 20.
LaTeX Font Info:    Checking defaults for OMS/cmsy/m/n on input line 20.
LaTeX Font Info:    ... okay on input line 20.
LaTeX Font Info:    Checking defaults for OMX/cmex/m/n on input line 20.
LaTeX Font Info:    ... okay on input line 20.
LaTeX Font Info:    Checking defaults for U/cmr/m/n on input line 20.
LaTeX Font Info:    ... okay on input line 20.
LaTeX Font Info:    Checking defaults for PD1/pdf/m/n on input line 20.
LaTeX Font Info:    ... okay on input line 20.
LaTeX Font Info:    Checking defaults for TS1/cmr/m/n on input line 20.
LaTeX Font Info:    ... okay on input line 20.

*geometry* driver: auto-detecting
*geometry* detected driver: pdftex
*geometry* verbose mode - [ preamble ] result:
* driver: pdftex
* paper: custom
* layout: <same size as paper>
* layoutoffset:(h,v)=(0.0pt,0.0pt)
* modes: includehead includefoot 
* h-part:(L,W,R)=(59.22636pt, 290.74263pt, 14.22636pt)
* v-part:(T,H,B)=(0.0pt, 273.14662pt, 0.0pt)
* \paperwidth=364.19536pt
* \paperheight=273.14662pt
* \textwidth=290.74263pt
* \textheight=244.6939pt
* \oddsidemargin=-13.04362pt
* \evensidemargin=-13.04362pt
* \topmargin=-72.26999pt
* \headheight=14.22636pt
* \headsep=0.0pt
* \topskip=10.0pt
* \footskip=14.22636pt
* \marginparwidth=3.0pt
* \marginparsep=11.0pt
* \columnsep=10.0pt
* \skip\footins=9.0pt plus 4.0pt minus 2.0pt
* \hoffset=0.0pt
* \voffset=0.0pt
* \mag=1000
* \@twocolumnfalse
* \@twosidefalse
* \@mparswitchfalse
* \@reversemarginfalse
* (1in=72.27pt=25.4mm, 1cm=28.453pt)

(/usr/local/texlive/2015/texmf-dist/tex/context/base/supp-pdf.mkii
[Loading MPS to PDF converter (version 2006.09.02).]
\scratchcounter=\count163
\scratchdimen=\dimen192
\scratchbox=\box56
\nofMPsegments=\count164
\nofMParguments=\count165
\everyMPshowfont=\toks48
\MPscratchCnt=\count166
\MPscratchDim=\dimen193
\MPnumerator=\count167
\makeMPintoPDFobject=\count168
\everyMPtoPDFconversion=\toks49
) (/usr/local/texlive/2015/texmf-dist/tex/latex/oberdiek/epstopdf-base.sty
Package: epstopdf-base 2010/02/09 v2.5 Base part for package epstopdf

(/usr/local/texlive/2015/texmf-dist/tex/latex/oberdiek/grfext.sty
Package: grfext 2010/08/19 v1.1 Manage graphics extensions (HO)
)
Package grfext Info: Graphics extension search list:
(grfext)             [.png,.pdf,.jpg,.mps,.jpeg,.jbig2,.jb2,.PNG,.PDF,.JPG,.JPE
G,.JBIG2,.JB2,.eps]
(grfext)             \AppendGraphicsExtensions on input line 452.

(/usr/local/texlive/2015/texmf-dist/tex/latex/latexconfig/epstopdf-sys.cfg
File: epstopdf-sys.cfg 2010/07/13 v1.3 Configuration of (r)epstopdf for TeX Liv
e
))
ABD: EveryShipout initializing macros
\AtBeginShipoutBox=\box57
Package hyperref Info: Link coloring OFF on input line 20.

(/usr/local/texlive/2015/texmf-dist/tex/latex/hyperref/nameref.sty
Package: nameref 2012/10/27 v2.43 Cross-referencing by name of section

(/usr/local/texlive/2015/texmf-dist/tex/generic/oberdiek/gettitlestring.sty
Package: gettitlestring 2010/12/03 v1.4 Cleanup title references (HO)
)
\c@section@level=\count169
)
LaTeX Info: Redefining \ref on input line 20.
LaTeX Info: Redefining \pageref on input line 20.
LaTeX Info: Redefining \nameref on input line 20.

(./presentation.out) (./presentation.out)
\@outlinefile=\write5
\openout5 = `presentation.out'.

LaTeX Font Info:    Overwriting symbol font `operators' in version `normal'
(Font)                  OT1/cmr/m/n --> OT1/cmss/m/n on input line 20.
LaTeX Font Info:    Overwriting symbol font `operators' in version `bold'
(Font)                  OT1/cmr/bx/n --> OT1/cmss/bx/n on input line 20.
\symnumbers=\mathgroup6
\sympureletters=\mathgroup7
LaTeX Font Info:    Overwriting math alphabet `\mathrm' in version `normal'
(Font)                  OT1/cmss/m/n --> OT1/cmr/m/n on input line 20.
LaTeX Font Info:    Redeclaring math alphabet \mathbf on input line 20.
LaTeX Font Info:    Overwriting math alphabet `\mathbf' in version `normal'
(Font)                  OT1/cmr/bx/n --> OT1/cmss/bx/n on input line 20.
LaTeX Font Info:    Overwriting math alphabet `\mathbf' in version `bold'
(Font)                  OT1/cmr/bx/n --> OT1/cmss/bx/n on input line 20.
LaTeX Font Info:    Redeclaring math alphabet \mathsf on input line 20.
LaTeX Font Info:    Overwriting math alphabet `\mathsf' in version `normal'
(Font)                  OT1/cmss/m/n --> OT1/cmss/m/n on input line 20.
LaTeX Font Info:    Overwriting math alphabet `\mathsf' in version `bold'
(Font)                  OT1/cmss/bx/n --> OT1/cmss/m/n on input line 20.
LaTeX Font Info:    Redeclaring math alphabet \mathit on input line 20.
LaTeX Font Info:    Overwriting math alphabet `\mathit' in version `normal'
(Font)                  OT1/cmr/m/it --> OT1/cmss/m/it on input line 20.
LaTeX Font Info:    Overwriting math alphabet `\mathit' in version `bold'
(Font)                  OT1/cmr/bx/it --> OT1/cmss/m/it on input line 20.
LaTeX Font Info:    Redeclaring math alphabet \mathtt on input line 20.
LaTeX Font Info:    Overwriting math alphabet `\mathtt' in version `normal'
(Font)                  OT1/cmtt/m/n --> OT1/cmtt/m/n on input line 20.
LaTeX Font Info:    Overwriting math alphabet `\mathtt' in version `bold'
(Font)                  OT1/cmtt/m/n --> OT1/cmtt/m/n on input line 20.
LaTeX Font Info:    Overwriting symbol font `numbers' in version `bold'
(Font)                  OT1/cmss/m/n --> OT1/cmss/bx/n on input line 20.
LaTeX Font Info:    Overwriting symbol font `pureletters' in version `bold'
(Font)                  OT1/cmss/m/it --> OT1/cmss/bx/it on input line 20.
LaTeX Font Info:    Overwriting math alphabet `\mathrm' in version `bold'
(Font)                  OT1/cmss/bx/n --> OT1/cmr/bx/n on input line 20.
LaTeX Font Info:    Overwriting math alphabet `\mathbf' in version `bold'
(Font)                  OT1/cmss/bx/n --> OT1/cmss/bx/n on input line 20.
LaTeX Font Info:    Overwriting math alphabet `\mathsf' in version `bold'
(Font)                  OT1/cmss/m/n --> OT1/cmss/bx/n on input line 20.
LaTeX Font Info:    Overwriting math alphabet `\mathit' in version `bold'
(Font)                  OT1/cmss/m/it --> OT1/cmss/bx/it on input line 20.
LaTeX Font Info:    Overwriting math alphabet `\mathtt' in version `bold'
(Font)                  OT1/cmtt/m/n --> OT1/cmtt/bx/n on input line 20.
LaTeX Font Info:    Redeclaring symbol font `pureletters' on input line 20.
LaTeX Font Info:    Overwriting symbol font `pureletters' in version `normal'
(Font)                  OT1/cmss/m/it --> OT1/mathkerncmss/m/sl on input line 2
0.
LaTeX Font Info:    Overwriting symbol font `pureletters' in version `bold'
(Font)                  OT1/cmss/bx/it --> OT1/mathkerncmss/m/sl on input line 
20.
LaTeX Font Info:    Overwriting symbol font `pureletters' in version `bold'
(Font)                  OT1/mathkerncmss/m/sl --> OT1/mathkerncmss/bx/sl on inp
ut line 20.

(/usr/local/texlive/2015/texmf-dist/tex/latex/beamer/translator/dicts/translato
r-basic-dictionary/translator-basic-dictionary-English.dict
Dictionary: translator-basic-dictionary, Language: English 
)
(/usr/local/texlive/2015/texmf-dist/tex/latex/beamer/translator/dicts/translato
r-bibliography-dictionary/translator-bibliography-dictionary-English.dict
Dictionary: translator-bibliography-dictionary, Language: English 
)
(/usr/local/texlive/2015/texmf-dist/tex/latex/beamer/translator/dicts/translato
r-environment-dictionary/translator-environment-dictionary-English.dict
Dictionary: translator-environment-dictionary, Language: English 
)
(/usr/local/texlive/2015/texmf-dist/tex/latex/beamer/translator/dicts/translato
r-months-dictionary/translator-months-dictionary-English.dict
Dictionary: translator-months-dictionary, Language: English 
)
(/usr/local/texlive/2015/texmf-dist/tex/latex/beamer/translator/dicts/translato
r-numbers-dictionary/translator-numbers-dictionary-English.dict
Dictionary: translator-numbers-dictionary, Language: English 
)
(/usr/local/texlive/2015/texmf-dist/tex/latex/beamer/translator/dicts/translato
r-theorem-dictionary/translator-theorem-dictionary-English.dict
Dictionary: translator-theorem-dictionary, Language: English 
)
LaTeX Info: Redefining \includegraphics on input line 20.

(./presentation.nav) [1{/usr/local/texlive/2015/texmf-var/fonts/map/pdftex/updm
ap/pdftex.map}

] (./presentation.toc) [2

]
<../docs/supervised.pdf, id=159, 1192.455pt x 338.26375pt>
File: ../docs/supervised.pdf Graphic file (type pdf)

<use ../docs/supervised.pdf>
Package pdftex.def Info: ../docs/supervised.pdf used on input line 62.
(pdftex.def)             Requested size: 145.3713pt x 41.23508pt.
LaTeX Font Info:    Try loading font information for U+msa on input line 62.

(/usr/local/texlive/2015/texmf-dist/tex/latex/amsfonts/umsa.fd
File: umsa.fd 2013/01/14 v3.01 AMS symbols A
)
LaTeX Font Info:    Try loading font information for U+msb on input line 62.

(/usr/local/texlive/2015/texmf-dist/tex/latex/amsfonts/umsb.fd
File: umsb.fd 2013/01/14 v3.01 AMS symbols B
)
LaTeX Font Info:    Try loading font information for OT1+mathkerncmss on input 
line 62.

(/usr/local/texlive/2015/texmf-dist/tex/latex/sansmathaccent/ot1mathkerncmss.fd
File: ot1mathkerncmss.fd 2013/03/27 Fontinst v1.933 font definitions for OT1/ma
thkerncmss.
) <../docs/imagenet.png, id=161, 2047.65pt x 2047.65pt>
File: ../docs/imagenet.png Graphic file (type png)

<use ../docs/imagenet.png>
Package pdftex.def Info: ../docs/imagenet.png used on input line 62.
(pdftex.def)             Requested size: 145.3713pt x 145.3498pt.
 [3

 <../docs/supervised.pdf> <../docs/imagenet.png (PNG copy)>]
File: ../docs/supervised.pdf Graphic file (type pdf)
 <use ../docs/supervised.pdf>
Package pdftex.def Info: ../docs/supervised.pdf used on input line 62.
(pdftex.def)             Requested size: 145.3713pt x 41.23508pt.
File: ../docs/imagenet.png Graphic file (type png)
 <use ../docs/imagenet.png>
Package pdftex.def Info: ../docs/imagenet.png used on input line 62.
(pdftex.def)             Requested size: 145.3713pt x 145.3498pt.
 [4

]
File: ../docs/supervised.pdf Graphic file (type pdf)

<use ../docs/supervised.pdf>
Package pdftex.def Info: ../docs/supervised.pdf used on input line 62.
(pdftex.def)             Requested size: 145.3713pt x 41.23508pt.
File: ../docs/imagenet.png Graphic file (type png)
 <use ../docs/imagenet.png>
Package pdftex.def Info: ../docs/imagenet.png used on input line 62.
(pdftex.def)             Requested size: 145.3713pt x 145.3498pt.
 [5

]
<../docs/unsupervised.pdf, id=368, 1208.515pt x 446.66875pt>
File: ../docs/unsupervised.pdf Graphic file (type pdf)

<use ../docs/unsupervised.pdf>
Package pdftex.def Info: ../docs/unsupervised.pdf used on input line 79.
(pdftex.def)             Requested size: 116.29527pt x 42.97922pt.

<../docs/visualize_decoding.pdf, id=369, 722.7pt x 361.35pt>
File: ../docs/visualize_decoding.pdf Graphic file (type pdf)

<use ../docs/visualize_decoding.pdf>
Package pdftex.def Info: ../docs/visualize_decoding.pdf used on input line 79.
(pdftex.def)             Requested size: 159.90933pt x 79.95488pt.
 [6

]
File: ../docs/unsupervised.pdf Graphic file (type pdf)
 <use ../docs/unsupervised.pdf>
Package pdftex.def Info: ../docs/unsupervised.pdf used on input line 79.
(pdftex.def)             Requested size: 116.29527pt x 42.97922pt.
File: ../docs/visualize_decoding.pdf Graphic file (type pdf)

<use ../docs/visualize_decoding.pdf>
Package pdftex.def Info: ../docs/visualize_decoding.pdf used on input line 79.
(pdftex.def)             Requested size: 159.90933pt x 79.95488pt.
 [7

]
File: ../docs/unsupervised.pdf Graphic file (type pdf)
 <use ../docs/unsupervised.pdf>
Package pdftex.def Info: ../docs/unsupervised.pdf used on input line 79.
(pdftex.def)             Requested size: 116.29527pt x 42.97922pt.
File: ../docs/visualize_decoding.pdf Graphic file (type pdf)

<use ../docs/visualize_decoding.pdf>
Package pdftex.def Info: ../docs/visualize_decoding.pdf used on input line 79.
(pdftex.def)             Requested size: 159.90933pt x 79.95488pt.
 [8

 <../docs/unsupervised.pdf> <../docs/visualize_decoding.pdf>]
<../docs/semi_supervised.pdf, id=968, 1890.06125pt x 842.14626pt>
File: ../docs/semi_supervised.pdf Graphic file (type pdf)

<use ../docs/semi_supervised.pdf>
Package pdftex.def Info: ../docs/semi_supervised.pdf used on input line 89.
(pdftex.def)             Requested size: 290.74263pt x 129.54185pt.
 [9

 <../docs/semi_supervised.pdf>]
<../docs/query_selection.pdf, id=1192, 1890.06125pt x 1221.56375pt>
File: ../docs/query_selection.pdf Graphic file (type pdf)

<use ../docs/query_selection.pdf>
Package pdftex.def Info: ../docs/query_selection.pdf used on input line 99.
(pdftex.def)             Requested size: 290.74263pt x 187.90518pt.
pdfTeX warning (ext4): destination with the same identifier (name{fig:semi-supe
rvised}) has been already used, duplicate ignored
<to be read again> 
                   \relax 
l.99 \end{frame}
                
Overfull \vbox (5.00856pt too high) detected at line 99
 []

[10

 <../docs/query_selection.pdf>]

LaTeX Font Warning: Font shape `OT1/cmss/m/it' in size <10> not available
(Font)              Font shape `OT1/cmss/m/sl' tried instead on input line 121.


<../docs/gyros.png, id=1452, 803.0pt x 602.25pt>
File: ../docs/gyros.png Graphic file (type png)
 <use ../docs/gyros.png>
Package pdftex.def Info: ../docs/gyros.png used on input line 121.
(pdftex.def)             Requested size: 145.3713pt x 109.0252pt.

[11

]
File: ../docs/gyros.png Graphic file (type png)
 <use ../docs/gyros.png>
Package pdftex.def Info: ../docs/gyros.png used on input line 121.
(pdftex.def)             Requested size: 145.3713pt x 109.0252pt.
 [12

]
File: ../docs/gyros.png Graphic file (type png)
 <use ../docs/gyros.png>
Package pdftex.def Info: ../docs/gyros.png used on input line 121.
(pdftex.def)             Requested size: 145.3713pt x 109.0252pt.
 [13

 <../docs/gyros.png (PNG copy)>] <../docs/overview.pdf, id=1570, 1822.81pt x 12
07.51125pt>
File: ../docs/overview.pdf Graphic file (type pdf)

<use ../docs/overview.pdf>
Package pdftex.def Info: ../docs/overview.pdf used on input line 135.
(pdftex.def)             Requested size: 232.59499pt x 154.0708pt.
 [14

 <../docs/overview.pdf>] [15

] [16

] [17

] [18

]
[19

] [20

] [21

] [22

] [23

]
<../models/mnist_conv_e300_L2_b64/encodings.pdf, id=2787, 462.52798pt x 346.896
01pt>
File: ../models/mnist_conv_e300_L2_b64/encodings.pdf Graphic file (type pdf)
 <use ../models/mnist_conv_e300_L2_b64/encodings.pdf>
Package pdftex.def Info: ../models/mnist_conv_e300_L2_b64/encodings.pdf used on
 input line 256.
(pdftex.def)             Requested size: 145.3713pt x 109.02933pt.

<../models/mnist_conv_e300_L2_b64/reconstruction_1.pdf, id=2788, 72.27pt x 36.1
35pt>
File: ../models/mnist_conv_e300_L2_b64/reconstruction_1.pdf Graphic file (type 
pdf)
 <use ../models/mnist_conv_e300_L2_b64/reconstruction_1.pdf>
Package pdftex.def Info: ../models/mnist_conv_e300_L2_b64/reconstruction_1.pdf 
used on input line 256.
(pdftex.def)             Requested size: 145.3713pt x 72.68936pt.

<../models/mnist_conv_e300_L2_b64/uniform_sampling_1000.pdf, id=2789, 462.52798
pt x 346.89601pt>
File: ../models/mnist_conv_e300_L2_b64/uniform_sampling_1000.pdf Graphic file (
type pdf)

<use ../models/mnist_conv_e300_L2_b64/uniform_sampling_1000.pdf>
Package pdftex.def Info: ../models/mnist_conv_e300_L2_b64/uniform_sampling_1000
.pdf used on input line 256.
(pdftex.def)             Requested size: 145.3713pt x 109.02933pt.
 [24

 <../models/mnist_conv_e300_L2_b64/reconstruction_1.pdf>]
File: ../models/mnist_conv_e300_L2_b64/encodings.pdf Graphic file (type pdf)

<use ../models/mnist_conv_e300_L2_b64/encodings.pdf>
Package pdftex.def Info: ../models/mnist_conv_e300_L2_b64/encodings.pdf used on
 input line 256.
(pdftex.def)             Requested size: 145.3713pt x 109.02933pt.
File: ../models/mnist_conv_e300_L2_b64/reconstruction_1.pdf Graphic file (type 
pdf)

<use ../models/mnist_conv_e300_L2_b64/reconstruction_1.pdf>
Package pdftex.def Info: ../models/mnist_conv_e300_L2_b64/reconstruction_1.pdf 
used on input line 256.
(pdftex.def)             Requested size: 145.3713pt x 72.68936pt.
File: ../models/mnist_conv_e300_L2_b64/uniform_sampling_1000.pdf Graphic file (
type pdf)

<use ../models/mnist_conv_e300_L2_b64/uniform_sampling_1000.pdf>
Package pdftex.def Info: ../models/mnist_conv_e300_L2_b64/uniform_sampling_1000
.pdf used on input line 256.
(pdftex.def)             Requested size: 145.3713pt x 109.02933pt.
 [25

 <../models/mnist_conv_e300_L2_b64/encodings.pdf>]
File: ../models/mnist_conv_e300_L2_b64/encodings.pdf Graphic file (type pdf)

<use ../models/mnist_conv_e300_L2_b64/encodings.pdf>
Package pdftex.def Info: ../models/mnist_conv_e300_L2_b64/encodings.pdf used on
 input line 256.
(pdftex.def)             Requested size: 145.3713pt x 109.02933pt.
File: ../models/mnist_conv_e300_L2_b64/reconstruction_1.pdf Graphic file (type 
pdf)

<use ../models/mnist_conv_e300_L2_b64/reconstruction_1.pdf>
Package pdftex.def Info: ../models/mnist_conv_e300_L2_b64/reconstruction_1.pdf 
used on input line 256.
(pdftex.def)             Requested size: 145.3713pt x 72.68936pt.
File: ../models/mnist_conv_e300_L2_b64/uniform_sampling_1000.pdf Graphic file (
type pdf)

<use ../models/mnist_conv_e300_L2_b64/uniform_sampling_1000.pdf>
Package pdftex.def Info: ../models/mnist_conv_e300_L2_b64/uniform_sampling_1000
.pdf used on input line 256.
(pdftex.def)             Requested size: 145.3713pt x 109.02933pt.
 [26

 <../models/mnist_conv_e300_L2_b64/uniform_sampling_1000.pdf>]
File: ../models/mnist_conv_e300_L2_b64/encodings.pdf Graphic file (type pdf)

<use ../models/mnist_conv_e300_L2_b64/encodings.pdf>
Package pdftex.def Info: ../models/mnist_conv_e300_L2_b64/encodings.pdf used on
 input line 279.
(pdftex.def)             Requested size: 145.3713pt x 109.02933pt.
File: ../models/mnist_conv_e300_L2_b64/reconstruction_1.pdf Graphic file (type 
pdf)

<use ../models/mnist_conv_e300_L2_b64/reconstruction_1.pdf>
Package pdftex.def Info: ../models/mnist_conv_e300_L2_b64/reconstruction_1.pdf 
used on input line 279.
(pdftex.def)             Requested size: 145.3713pt x 72.68936pt.
File: ../models/mnist_conv_e300_L2_b64/uniform_sampling_1000.pdf Graphic file (
type pdf)

<use ../models/mnist_conv_e300_L2_b64/uniform_sampling_1000.pdf>
Package pdftex.def Info: ../models/mnist_conv_e300_L2_b64/uniform_sampling_1000
.pdf used on input line 279.
(pdftex.def)             Requested size: 145.3713pt x 109.02933pt.
 [27

]
<../models/mnist_conv_e300_L2_b64/reconstruction_0.pdf, id=3030, 72.27pt x 36.1
35pt>
File: ../models/mnist_conv_e300_L2_b64/reconstruction_0.pdf Graphic file (type 
pdf)
 <use ../models/mnist_conv_e300_L2_b64/reconstruction_0.pdf>
Package pdftex.def Info: ../models/mnist_conv_e300_L2_b64/reconstruction_0.pdf 
used on input line 300.
(pdftex.def)             Requested size: 145.3713pt x 72.68936pt.

<../models/mnist_conv_e300_L2_b64/reconstruction_2.pdf, id=3031, 72.27pt x 36.1
35pt>
File: ../models/mnist_conv_e300_L2_b64/reconstruction_2.pdf Graphic file (type 
pdf)
 <use ../models/mnist_conv_e300_L2_b64/reconstruction_2.pdf>
Package pdftex.def Info: ../models/mnist_conv_e300_L2_b64/reconstruction_2.pdf 
used on input line 300.
(pdftex.def)             Requested size: 145.3713pt x 72.68936pt.

<../models/mnist_conv_e300_L2_b64/reconstruction_3.pdf, id=3032, 72.27pt x 36.1
35pt>
File: ../models/mnist_conv_e300_L2_b64/reconstruction_3.pdf Graphic file (type 
pdf)
 <use ../models/mnist_conv_e300_L2_b64/reconstruction_3.pdf>
Package pdftex.def Info: ../models/mnist_conv_e300_L2_b64/reconstruction_3.pdf 
used on input line 300.
(pdftex.def)             Requested size: 145.3713pt x 72.68936pt.

<../models/mnist_conv_e300_L2_b64/reconstruction_5.pdf, id=3033, 72.27pt x 36.1
35pt>
File: ../models/mnist_conv_e300_L2_b64/reconstruction_5.pdf Graphic file (type 
pdf)
 <use ../models/mnist_conv_e300_L2_b64/reconstruction_5.pdf>
Package pdftex.def Info: ../models/mnist_conv_e300_L2_b64/reconstruction_5.pdf 
used on input line 300.
(pdftex.def)             Requested size: 145.3713pt x 72.68936pt.
 [28

 <../models/mnist_conv_e300_L2_b64/reconstruction_0.pdf> <../models/mnist_conv_
e300_L2_b64/reconstruction_2.pdf

pdfTeX warning: pdflatex (file ../models/mnist_conv_e300_L2_b64/reconstruction_
2.pdf): PDF inclusion: multiple pdfs with page group included in a single page
> <../models/mnist_conv_e300_L2_b64/reconstruction_3.pdf

pdfTeX warning: pdflatex (file ../models/mnist_conv_e300_L2_b64/reconstruction_
3.pdf): PDF inclusion: multiple pdfs with page group included in a single page
> <../models/mnist_conv_e300_L2_b64/reconstruction_5.pdf

pdfTeX warning: pdflatex (file ../models/mnist_conv_e300_L2_b64/reconstruction_
5.pdf): PDF inclusion: multiple pdfs with page group included in a single page
>]
File: ../models/mnist_conv_e300_L2_b64/encodings.pdf Graphic file (type pdf)
 <use ../models/mnist_conv_e300_L2_b64/encodings.pdf>
Package pdftex.def Info: ../models/mnist_conv_e300_L2_b64/encodings.pdf used on
 input line 311.
(pdftex.def)             Requested size: 290.74263pt x 218.06924pt.

Overfull \vbox (35.17262pt too high) detected at line 311
 []

[29

]
File: ../models/mnist_conv_e300_L2_b64/uniform_sampling_1000.pdf Graphic file (
type pdf)
 <use ../models/mnist_conv_e300_L2_b64/uniform_sampling_1000.pdf>
Package pdftex.def Info: ../models/mnist_conv_e300_L2_b64/uniform_sampling_1000
.pdf used on input line 322.
(pdftex.def)             Requested size: 290.74263pt x 218.06924pt.

Overfull \vbox (35.17262pt too high) detected at line 322
 []

[30

]
<../models/mnist_conv_e300_L2_b64/uniform_sampling_distribution_1000.pdf, id=31
71, 462.52798pt x 346.89601pt>
File: ../models/mnist_conv_e300_L2_b64/uniform_sampling_distribution_1000.pdf G
raphic file (type pdf)

<use ../models/mnist_conv_e300_L2_b64/uniform_sampling_distribution_1000.pdf>
Package pdftex.def Info: ../models/mnist_conv_e300_L2_b64/uniform_sampling_dist
ribution_1000.pdf used on input line 333.
(pdftex.def)             Requested size: 290.74263pt x 218.06924pt.
pdfTeX warning (ext4): destination with the same identifier (name{fig:conv-unif
orm}) has been already used, duplicate ignored
<to be read again> 
                   \relax 
l.333 \end{frame}
                 
Overfull \vbox (35.17262pt too high) detected at line 333
 []

[31

 <../models/mnist_conv_e300_L2_b64/uniform_sampling_distribution_1000.pdf>]
<../models/mnist_conv_e300_L2_b64/normal_sampling_1000.pdf, id=3244, 462.52798p
t x 346.89601pt>
File: ../models/mnist_conv_e300_L2_b64/normal_sampling_1000.pdf Graphic file (t
ype pdf)

<use ../models/mnist_conv_e300_L2_b64/normal_sampling_1000.pdf>
Package pdftex.def Info: ../models/mnist_conv_e300_L2_b64/normal_sampling_1000.
pdf used on input line 344.
(pdftex.def)             Requested size: 290.74263pt x 218.06924pt.


Package hyperref Warning: Ignoring empty anchor on input line 344.


Overfull \vbox (35.17262pt too high) detected at line 344
 []

[32

 <../models/mnist_conv_e300_L2_b64/normal_sampling_1000.pdf>]
<../models/mnist_conv_e300_L2_b64/normal_sampling_distribution_1000.pdf, id=332
3, 462.52798pt x 346.89601pt>
File: ../models/mnist_conv_e300_L2_b64/normal_sampling_distribution_1000.pdf Gr
aphic file (type pdf)

<use ../models/mnist_conv_e300_L2_b64/normal_sampling_distribution_1000.pdf>
Package pdftex.def Info: ../models/mnist_conv_e300_L2_b64/normal_sampling_distr
ibution_1000.pdf used on input line 355.
(pdftex.def)             Requested size: 290.74263pt x 218.06924pt.


Package hyperref Warning: Ignoring empty anchor on input line 355.


Overfull \vbox (35.17262pt too high) detected at line 355
 []

[33

 <../models/mnist_conv_e300_L2_b64/normal_sampling_distribution_1000.pdf>]
<../models/mnist_conv_e300_L2_b64/uniform-cluster_clustered_encodings.pdf, id=3
395, 462.52798pt x 346.89601pt>
File: ../models/mnist_conv_e300_L2_b64/uniform-cluster_clustered_encodings.pdf 
Graphic file (type pdf)

<use ../models/mnist_conv_e300_L2_b64/uniform-cluster_clustered_encodings.pdf>
Package pdftex.def Info: ../models/mnist_conv_e300_L2_b64/uniform-cluster_clust
ered_encodings.pdf used on input line 366.
(pdftex.def)             Requested size: 290.74263pt x 218.06924pt.


Package hyperref Warning: Ignoring empty anchor on input line 366.


Overfull \vbox (35.17262pt too high) detected at line 366
 []

[34

 <../models/mnist_conv_e300_L2_b64/uniform-cluster_clustered_encodings.pdf>]
<../models/mnist_conv_e300_L2_b64/uniform-cluster_sampling_1000.pdf, id=3475, 4
62.52798pt x 346.89601pt>
File: ../models/mnist_conv_e300_L2_b64/uniform-cluster_sampling_1000.pdf Graphi
c file (type pdf)

<use ../models/mnist_conv_e300_L2_b64/uniform-cluster_sampling_1000.pdf>
Package pdftex.def Info: ../models/mnist_conv_e300_L2_b64/uniform-cluster_sampl
ing_1000.pdf used on input line 377.
(pdftex.def)             Requested size: 290.74263pt x 218.06924pt.


Package hyperref Warning: Ignoring empty anchor on input line 377.


Overfull \vbox (35.17262pt too high) detected at line 377
 []

[35

 <../models/mnist_conv_e300_L2_b64/uniform-cluster_sampling_1000.pdf>]
<../models/mnist_conv_e300_L2_b64/uniform-cluster_sampling_distribution_1000.pd
f, id=3554, 462.52798pt x 346.89601pt>
File: ../models/mnist_conv_e300_L2_b64/uniform-cluster_sampling_distribution_10
00.pdf Graphic file (type pdf)

<use ../models/mnist_conv_e300_L2_b64/uniform-cluster_sampling_distribution_100
0.pdf>
Package pdftex.def Info: ../models/mnist_conv_e300_L2_b64/uniform-cluster_sampl
ing_distribution_1000.pdf used on input line 388.
(pdftex.def)             Requested size: 290.74263pt x 218.06924pt.


Package hyperref Warning: Ignoring empty anchor on input line 388.


Overfull \vbox (35.17262pt too high) detected at line 388
 []

[36

 <../models/mnist_conv_e300_L2_b64/uniform-cluster_sampling_distribution_1000.p
df>]
<../models/mnist_conv_e300_L2_b64/multi-normal-cluster_sampling_1000.pdf, id=36
26, 462.52798pt x 346.89601pt>
File: ../models/mnist_conv_e300_L2_b64/multi-normal-cluster_sampling_1000.pdf G
raphic file (type pdf)

<use ../models/mnist_conv_e300_L2_b64/multi-normal-cluster_sampling_1000.pdf>
Package pdftex.def Info: ../models/mnist_conv_e300_L2_b64/multi-normal-cluster_
sampling_1000.pdf used on input line 399.
(pdftex.def)             Requested size: 290.74263pt x 218.06924pt.


Package hyperref Warning: Ignoring empty anchor on input line 399.


Overfull \vbox (35.17262pt too high) detected at line 399
 []

[37

 <../models/mnist_conv_e300_L2_b64/multi-normal-cluster_sampling_1000.pdf>]
<../models/mnist_conv_e300_L2_b64/multi-normal-cluster_sampling_distribution_10
00.pdf, id=3705, 462.52798pt x 346.89601pt>
File: ../models/mnist_conv_e300_L2_b64/multi-normal-cluster_sampling_distributi
on_1000.pdf Graphic file (type pdf)

<use ../models/mnist_conv_e300_L2_b64/multi-normal-cluster_sampling_distributio
n_1000.pdf>
Package pdftex.def Info: ../models/mnist_conv_e300_L2_b64/multi-normal-cluster_
sampling_distribution_1000.pdf used on input line 410.
(pdftex.def)             Requested size: 290.74263pt x 218.06924pt.


Package hyperref Warning: Ignoring empty anchor on input line 410.


Overfull \vbox (35.17262pt too high) detected at line 410
 []

[38

 <../models/mnist_conv_e300_L2_b64/multi-normal-cluster_sampling_distribution_1
000.pdf>]
<../models/mnist_vae_e300_L2_b64/encodings.pdf, id=3776, 462.52798pt x 346.8960
1pt>
File: ../models/mnist_vae_e300_L2_b64/encodings.pdf Graphic file (type pdf)
 <use ../models/mnist_vae_e300_L2_b64/encodings.pdf>
Package pdftex.def Info: ../models/mnist_vae_e300_L2_b64/encodings.pdf used on 
input line 441.
(pdftex.def)             Requested size: 290.74263pt x 218.06924pt.


Package hyperref Warning: Ignoring empty anchor on input line 441.


Overfull \vbox (35.17262pt too high) detected at line 441
 []

[39

 <../models/mnist_vae_e300_L2_b64/encodings.pdf>]
<../models/mnist_vae_e300_L2_b64/multi-normal_sampling_1000.pdf, id=3857, 462.5
2798pt x 346.89601pt>
File: ../models/mnist_vae_e300_L2_b64/multi-normal_sampling_1000.pdf Graphic fi
le (type pdf)

<use ../models/mnist_vae_e300_L2_b64/multi-normal_sampling_1000.pdf>
Package pdftex.def Info: ../models/mnist_vae_e300_L2_b64/multi-normal_sampling_
1000.pdf used on input line 452.
(pdftex.def)             Requested size: 290.74263pt x 218.06924pt.


Package hyperref Warning: Ignoring empty anchor on input line 452.


Overfull \vbox (35.17262pt too high) detected at line 452
 []

[40

 <../models/mnist_vae_e300_L2_b64/multi-normal_sampling_1000.pdf>]
<../models/mnist_vae_e300_L2_b64/multi-normal_sampling_distribution_1000.pdf, i
d=3936, 462.52798pt x 346.89601pt>
File: ../models/mnist_vae_e300_L2_b64/multi-normal_sampling_distribution_1000.p
df Graphic file (type pdf)

<use ../models/mnist_vae_e300_L2_b64/multi-normal_sampling_distribution_1000.pd
f>
Package pdftex.def Info: ../models/mnist_vae_e300_L2_b64/multi-normal_sampling_
distribution_1000.pdf used on input line 463.
(pdftex.def)             Requested size: 290.74263pt x 218.06924pt.


Package hyperref Warning: Ignoring empty anchor on input line 463.


Overfull \vbox (35.17262pt too high) detected at line 463
 []

[41

 <../models/mnist_vae_e300_L2_b64/multi-normal_sampling_distribution_1000.pdf>]

<../models/mnist_student_e300_L2_b64/encodings.pdf, id=4006, 462.52798pt x 346.
89601pt>
File: ../models/mnist_student_e300_L2_b64/encodings.pdf Graphic file (type pdf)

 <use ../models/mnist_student_e300_L2_b64/encodings.pdf>
Package pdftex.def Info: ../models/mnist_student_e300_L2_b64/encodings.pdf used
 on input line 494.
(pdftex.def)             Requested size: 290.74263pt x 218.06924pt.


Package hyperref Warning: Ignoring empty anchor on input line 494.


Overfull \vbox (35.17262pt too high) detected at line 494
 []

[42

 <../models/mnist_student_e300_L2_b64/encodings.pdf>]
<../models/mnist_student_e300_L2_b64/multi-normal-cluster_clustered_encodings.p
df, id=4088, 462.52798pt x 346.89601pt>
File: ../models/mnist_student_e300_L2_b64/multi-normal-cluster_clustered_encodi
ngs.pdf Graphic file (type pdf)

<use ../models/mnist_student_e300_L2_b64/multi-normal-cluster_clustered_encodin
gs.pdf>
Package pdftex.def Info: ../models/mnist_student_e300_L2_b64/multi-normal-clust
er_clustered_encodings.pdf used on input line 505.
(pdftex.def)             Requested size: 290.74263pt x 218.06924pt.


Package hyperref Warning: Ignoring empty anchor on input line 505.


Overfull \vbox (35.17262pt too high) detected at line 505
 []

[43

 <../models/mnist_student_e300_L2_b64/multi-normal-cluster_clustered_encodings.
pdf>]
<../models/mnist_student_e300_L2_b64/multi-normal-cluster_sampling_1000.pdf, id
=4171, 462.52798pt x 346.89601pt>
File: ../models/mnist_student_e300_L2_b64/multi-normal-cluster_sampling_1000.pd
f Graphic file (type pdf)

<use ../models/mnist_student_e300_L2_b64/multi-normal-cluster_sampling_1000.pdf
>
Package pdftex.def Info: ../models/mnist_student_e300_L2_b64/multi-normal-clust
er_sampling_1000.pdf used on input line 516.
(pdftex.def)             Requested size: 290.74263pt x 218.06924pt.


Package hyperref Warning: Ignoring empty anchor on input line 516.


Overfull \vbox (35.17262pt too high) detected at line 516
 []

[44

 <../models/mnist_student_e300_L2_b64/multi-normal-cluster_sampling_1000.pdf>]
<../models/mnist_student_e300_L2_b64/multi-normal-cluster_sampling_distribution
_1000.pdf, id=4250, 462.52798pt x 346.89601pt>
File: ../models/mnist_student_e300_L2_b64/multi-normal-cluster_sampling_distrib
ution_1000.pdf Graphic file (type pdf)

<use ../models/mnist_student_e300_L2_b64/multi-normal-cluster_sampling_distribu
tion_1000.pdf>
Package pdftex.def Info: ../models/mnist_student_e300_L2_b64/multi-normal-clust
er_sampling_distribution_1000.pdf used on input line 527.
(pdftex.def)             Requested size: 290.74263pt x 218.06924pt.


Package hyperref Warning: Ignoring empty anchor on input line 527.


Overfull \vbox (35.17262pt too high) detected at line 527
 []

[45

 <../models/mnist_student_e300_L2_b64/multi-normal-cluster_sampling_distributio
n_1000.pdf>]
<../models/mnist_vaestudent_e300_L2_b64/encodings.pdf, id=4321, 462.52798pt x 3
46.89601pt>
File: ../models/mnist_vaestudent_e300_L2_b64/encodings.pdf Graphic file (type p
df)
 <use ../models/mnist_vaestudent_e300_L2_b64/encodings.pdf>
Package pdftex.def Info: ../models/mnist_vaestudent_e300_L2_b64/encodings.pdf u
sed on input line 558.
(pdftex.def)             Requested size: 290.74263pt x 218.06924pt.


Package hyperref Warning: Ignoring empty anchor on input line 558.


Overfull \vbox (35.17262pt too high) detected at line 558
 []

[46

 <../models/mnist_vaestudent_e300_L2_b64/encodings.pdf>]
<../models/mnist_vaestudent_e300_L2_b64/multi-normal-cluster_sampling_1000.pdf,
 id=4403, 462.52798pt x 346.89601pt>
File: ../models/mnist_vaestudent_e300_L2_b64/multi-normal-cluster_sampling_1000
.pdf Graphic file (type pdf)

<use ../models/mnist_vaestudent_e300_L2_b64/multi-normal-cluster_sampling_1000.
pdf>
Package pdftex.def Info: ../models/mnist_vaestudent_e300_L2_b64/multi-normal-cl
uster_sampling_1000.pdf used on input line 570.
(pdftex.def)             Requested size: 290.74263pt x 218.06924pt.


Package hyperref Warning: Ignoring empty anchor on input line 570.


Overfull \vbox (35.17262pt too high) detected at line 570
 []

[47

 <../models/mnist_vaestudent_e300_L2_b64/multi-normal-cluster_sampling_1000.pdf
>]
<../models/mnist_vaestudent_e300_L2_b64/multi-normal-cluster_sampling_distribut
ion_1000.pdf, id=4482, 462.52798pt x 346.89601pt>
File: ../models/mnist_vaestudent_e300_L2_b64/multi-normal-cluster_sampling_dist
ribution_1000.pdf Graphic file (type pdf)

<use ../models/mnist_vaestudent_e300_L2_b64/multi-normal-cluster_sampling_distr
ibution_1000.pdf>
Package pdftex.def Info: ../models/mnist_vaestudent_e300_L2_b64/multi-normal-cl
uster_sampling_distribution_1000.pdf used on input line 581.
(pdftex.def)             Requested size: 290.74263pt x 218.06924pt.


Package hyperref Warning: Ignoring empty anchor on input line 581.


Overfull \vbox (35.17262pt too high) detected at line 581
 []

[48

 <../models/mnist_vaestudent_e300_L2_b64/multi-normal-cluster_sampling_distribu
tion_1000.pdf>]
<../models/mnist_student_e300_L2_b64/error_sampling_1000.pdf, id=4553, 462.5279
8pt x 346.89601pt>
File: ../models/mnist_student_e300_L2_b64/error_sampling_1000.pdf Graphic file 
(type pdf)

<use ../models/mnist_student_e300_L2_b64/error_sampling_1000.pdf>
Package pdftex.def Info: ../models/mnist_student_e300_L2_b64/error_sampling_100
0.pdf used on input line 595.
(pdftex.def)             Requested size: 290.74263pt x 218.06924pt.


Package hyperref Warning: Ignoring empty anchor on input line 595.


Overfull \vbox (35.17262pt too high) detected at line 595
 []

[49

 <../models/mnist_student_e300_L2_b64/error_sampling_1000.pdf>]
<../models/mnist_student_e300_L2_b64/error_sampling_distribution_1000.pdf, id=4
633, 462.52798pt x 346.89601pt>
File: ../models/mnist_student_e300_L2_b64/error_sampling_distribution_1000.pdf 
Graphic file (type pdf)

<use ../models/mnist_student_e300_L2_b64/error_sampling_distribution_1000.pdf>
Package pdftex.def Info: ../models/mnist_student_e300_L2_b64/error_sampling_dis
tribution_1000.pdf used on input line 606.
(pdftex.def)             Requested size: 290.74263pt x 218.06924pt.


Package hyperref Warning: Ignoring empty anchor on input line 606.


Overfull \vbox (35.17262pt too high) detected at line 606
 []

[50

 <../models/mnist_student_e300_L2_b64/error_sampling_distribution_1000.pdf>]
File: ../models/mnist_student_e300_L2_b64/encodings.pdf Graphic file (type pdf)

<use ../models/mnist_student_e300_L2_b64/encodings.pdf>
Package pdftex.def Info: ../models/mnist_student_e300_L2_b64/encodings.pdf used
 on input line 627.
(pdftex.def)             Requested size: 142.46548pt x 106.84853pt.

<../models/mnist_student_e300_L2_b64/classifier-loss_sampling_1000.pdf, id=4704
, 462.52798pt x 346.89601pt>
File: ../models/mnist_student_e300_L2_b64/classifier-loss_sampling_1000.pdf Gra
phic file (type pdf)

<use ../models/mnist_student_e300_L2_b64/classifier-loss_sampling_1000.pdf>
Package pdftex.def Info: ../models/mnist_student_e300_L2_b64/classifier-loss_sa
mpling_1000.pdf used on input line 627.
(pdftex.def)             Requested size: 142.46548pt x 106.84853pt.


Package hyperref Warning: Ignoring empty anchor on input line 627.

[51

]
File: ../models/mnist_student_e300_L2_b64/encodings.pdf Graphic file (type pdf)

 <use ../models/mnist_student_e300_L2_b64/encodings.pdf>
Package pdftex.def Info: ../models/mnist_student_e300_L2_b64/encodings.pdf used
 on input line 627.
(pdftex.def)             Requested size: 142.46548pt x 106.84853pt.
File: ../models/mnist_student_e300_L2_b64/classifier-loss_sampling_1000.pdf Gra
phic file (type pdf)

<use ../models/mnist_student_e300_L2_b64/classifier-loss_sampling_1000.pdf>
Package pdftex.def Info: ../models/mnist_student_e300_L2_b64/classifier-loss_sa
mpling_1000.pdf used on input line 627.
(pdftex.def)             Requested size: 142.46548pt x 106.84853pt.

[52

]
File: ../models/mnist_student_e300_L2_b64/encodings.pdf Graphic file (type pdf)

 <use ../models/mnist_student_e300_L2_b64/encodings.pdf>
Package pdftex.def Info: ../models/mnist_student_e300_L2_b64/encodings.pdf used
 on input line 627.
(pdftex.def)             Requested size: 142.46548pt x 106.84853pt.
File: ../models/mnist_student_e300_L2_b64/classifier-loss_sampling_1000.pdf Gra
phic file (type pdf)

<use ../models/mnist_student_e300_L2_b64/classifier-loss_sampling_1000.pdf>
Package pdftex.def Info: ../models/mnist_student_e300_L2_b64/classifier-loss_sa
mpling_1000.pdf used on input line 627.
(pdftex.def)             Requested size: 142.46548pt x 106.84853pt.

[53

]
File: ../models/mnist_student_e300_L2_b64/encodings.pdf Graphic file (type pdf)

 <use ../models/mnist_student_e300_L2_b64/encodings.pdf>
Package pdftex.def Info: ../models/mnist_student_e300_L2_b64/encodings.pdf used
 on input line 627.
(pdftex.def)             Requested size: 142.46548pt x 106.84853pt.
File: ../models/mnist_student_e300_L2_b64/classifier-loss_sampling_1000.pdf Gra
phic file (type pdf)

<use ../models/mnist_student_e300_L2_b64/classifier-loss_sampling_1000.pdf>
Package pdftex.def Info: ../models/mnist_student_e300_L2_b64/classifier-loss_sa
mpling_1000.pdf used on input line 627.
(pdftex.def)             Requested size: 142.46548pt x 106.84853pt.

[54

 <../models/mnist_student_e300_L2_b64/classifier-loss_sampling_1000.pdf>]
[55

] [56

] [57

] [58

] (./presentation.bbl

LaTeX Font Warning: Font shape `OT1/cmss/m/it' in size <5> not available
(Font)              Font shape `OT1/cmss/m/sl' tried instead on input line 26.

** WARNING: IEEEtran.bst: No hyphenation pattern has been
** loaded for the language `en'. Using the pattern for
** the default language instead.
) [59

 </usr/local/texlive/2015/texmf-dist/tex/latex/beamer/art/beamericonarticle.pdf
>]
\tf@nav=\write6
\openout6 = `presentation.nav'.

\tf@toc=\write7
\openout7 = `presentation.toc'.

\tf@snm=\write8
\openout8 = `presentation.snm'.

Package atveryend Info: Empty hook `BeforeClearDocument' on input line 651.
Package atveryend Info: Empty hook `AfterLastShipout' on input line 651.
 (./presentation.aux)
Package atveryend Info: Executing hook `AtVeryEndDocument' on input line 651.
Package atveryend Info: Executing hook `AtEndAfterFileList' on input line 651.
Package rerunfilecheck Info: File `presentation.out' has not changed.
(rerunfilecheck)             Checksum: D8B04B9355E9CF589A8C5EFA68EBE9AC;615.


LaTeX Warning: There were multiply-defined labels.

Package atveryend Info: Empty hook `AtVeryVeryEnd' on input line 651.
 ) 
Here is how much of TeX's memory you used:
 18494 strings out of 493089
 361395 string characters out of 6134842
 413060 words of memory out of 5000000
 21343 multiletter control sequences out of 15000+600000
 13246 words of font info for 48 fonts, out of 8000000 for 9000
 1141 hyphenation exceptions out of 8191
 56i,16n,60p,418b,679s stack positions out of 5000i,500n,10000p,200000b,80000s
</usr/local/texlive/2015/texmf-dist/fonts/type1/public/amsfonts/cm/cmmi10.pfb
></usr/local/texlive/2015/texmf-dist/fonts/type1/public/amsfonts/cm/cmss10.pfb>
</usr/local/texlive/2015/texmf-dist/fonts/type1/public/amsfonts/cm/cmss12.pfb><
/usr/local/texlive/2015/texmf-dist/fonts/type1/public/amsfonts/cm/cmss8.pfb></u
sr/local/texlive/2015/texmf-dist/fonts/type1/public/amsfonts/cm/cmss9.pfb></usr
/local/texlive/2015/texmf-dist/fonts/type1/public/amsfonts/cm/cmssbx10.pfb></us
r/local/texlive/2015/texmf-dist/fonts/type1/public/amsfonts/cm/cmssi10.pfb></us
r/local/texlive/2015/texmf-dist/fonts/type1/public/amsfonts/cm/cmssi8.pfb></usr
/local/texlive/2015/texmf-dist/fonts/type1/public/amsfonts/cm/cmssi9.pfb></usr/
local/texlive/2015/texmf-dist/fonts/type1/public/amsfonts/cm/cmsy10.pfb></usr/l
ocal/texlive/2015/texmf-dist/fonts/type1/public/amsfonts/cm/cmsy7.pfb></usr/loc
al/texlive/2015/texmf-dist/fonts/type1/public/amsfonts/cm/cmsy9.pfb></usr/local
/texlive/2015/texmf-dist/fonts/type1/public/amsfonts/symbols/msbm10.pfb>
Output written on presentation.pdf (59 pages, 21345351 bytes).
PDF statistics:
 5172 PDF objects out of 6186 (max. 8388607)
 3775 compressed objects within 38 object streams
 149 named destinations out of 1000 (max. 500000)
 311 words of extra memory for PDF output out of 10000 (max. 10000000)

