INFO:latens:tensorflow 1.12.0, keras 2.1.6-tf
INFO:latens:command: encode
INFO:latens:model: model
INFO:latens:layer:(None, 28, 28, 1) -> (None, 28, 28, 1):input_2
INFO:latens:layer:(None, 28, 28, 1) -> (None, 4):sequential
INFO:latens:layer:(None, 4) -> (None, 28, 28, 1):sequential_1
2019-03-16 17:47:58.346424: I tensorflow/core/platform/cpu_feature_guard.cc:141] Your CPU supports instructions that this TensorFlow binary was not compiled to use: SSE4.1 SSE4.2 AVX AVX2 FMA
2019-03-16 17:47:58.575761: I tensorflow/core/common_runtime/gpu/gpu_device.cc:1432] Found device 0 with properties: 
name: Tesla K80 major: 3 minor: 7 memoryClockRate(GHz): 0.8235
pciBusID: 0000:09:00.0
totalMemory: 11.17GiB freeMemory: 11.10GiB
2019-03-16 17:47:58.575883: I tensorflow/core/common_runtime/gpu/gpu_device.cc:1511] Adding visible gpu devices: 0
2019-03-16 17:47:58.926364: I tensorflow/core/common_runtime/gpu/gpu_device.cc:982] Device interconnect StreamExecutor with strength 1 edge matrix:
2019-03-16 17:47:58.926423: I tensorflow/core/common_runtime/gpu/gpu_device.cc:988]      0 
2019-03-16 17:47:58.926435: I tensorflow/core/common_runtime/gpu/gpu_device.cc:1001] 0:   N 
2019-03-16 17:47:58.926785: I tensorflow/core/common_runtime/gpu/gpu_device.cc:1115] Created TensorFlow device (/job:localhost/replica:0/task:0/device:GPU:0 with 10757 MB memory) -> physical GPU (device: 0, name: Tesla K80, pci bus id: 0000:09:00.0, compute capability: 3.7)
INFO:latens:restored model from models/unbalanced_mnist_vaestudent_e300_L2_b64/autoencoder/cp-0300.hdf5
DEBUG:latens:encodings:
[[ 0.05007329 -0.49162433]
 [ 0.32934967  0.27516648]
 [-0.15424171 -0.46201462]
 ...
 [ 0.01956552  0.01262269]
 [-0.03518917 -0.11864506]
 [ 0.00070586 -0.02858645]]
INFO:latens:saved encodings to 'models/unbalanced_mnist_vaestudent_e300_L2_b64/encodings.npy'
INFO:latens:tensorflow 1.12.0, keras 2.1.6-tf
INFO:latens:command: reconstruct
INFO:latens:model: model
INFO:latens:layer:(None, 28, 28, 1) -> (None, 28, 28, 1):input_2
INFO:latens:layer:(None, 28, 28, 1) -> (None, 4):sequential
INFO:latens:layer:(None, 4) -> (None, 28, 28, 1):sequential_1
2019-03-16 17:48:21.298145: I tensorflow/core/platform/cpu_feature_guard.cc:141] Your CPU supports instructions that this TensorFlow binary was not compiled to use: SSE4.1 SSE4.2 AVX AVX2 FMA
2019-03-16 17:48:21.651193: I tensorflow/core/common_runtime/gpu/gpu_device.cc:1432] Found device 0 with properties: 
name: Tesla K80 major: 3 minor: 7 memoryClockRate(GHz): 0.8235
pciBusID: 0000:09:00.0
totalMemory: 11.17GiB freeMemory: 11.10GiB
2019-03-16 17:48:21.651252: I tensorflow/core/common_runtime/gpu/gpu_device.cc:1511] Adding visible gpu devices: 0
2019-03-16 17:48:22.048111: I tensorflow/core/common_runtime/gpu/gpu_device.cc:982] Device interconnect StreamExecutor with strength 1 edge matrix:
2019-03-16 17:48:22.048191: I tensorflow/core/common_runtime/gpu/gpu_device.cc:988]      0 
2019-03-16 17:48:22.048204: I tensorflow/core/common_runtime/gpu/gpu_device.cc:1001] 0:   N 
2019-03-16 17:48:22.048508: I tensorflow/core/common_runtime/gpu/gpu_device.cc:1115] Created TensorFlow device (/job:localhost/replica:0/task:0/device:GPU:0 with 10757 MB memory) -> physical GPU (device: 0, name: Tesla K80, pci bus id: 0000:09:00.0, compute capability: 3.7)
INFO:latens:restored model from models/unbalanced_mnist_vaestudent_e300_L2_b64/autoencoder/cp-0300.hdf5
2019-03-16 17:48:25.249139: I tensorflow/core/common_runtime/gpu/gpu_device.cc:1511] Adding visible gpu devices: 0
2019-03-16 17:48:25.249207: I tensorflow/core/common_runtime/gpu/gpu_device.cc:982] Device interconnect StreamExecutor with strength 1 edge matrix:
2019-03-16 17:48:25.249222: I tensorflow/core/common_runtime/gpu/gpu_device.cc:988]      0 
2019-03-16 17:48:25.249231: I tensorflow/core/common_runtime/gpu/gpu_device.cc:1001] 0:   N 
2019-03-16 17:48:25.249363: I tensorflow/core/common_runtime/gpu/gpu_device.cc:1115] Created TensorFlow device (/job:localhost/replica:0/task:0/device:GPU:0 with 10757 MB memory) -> physical GPU (device: 0, name: Tesla K80, pci bus id: 0000:09:00.0, compute capability: 3.7)
INFO:latens:tensorflow 1.12.0, keras 2.1.6-tf
INFO:latens:command: sample
INFO:latens:sampling with 'random'
DEBUG:latens:sampling: (50000,), 100
INFO:latens:writing dataset to models/unbalanced_mnist_vaestudent_e300_L2_b64/random_sample_100.tfrecord...
2019-03-16 17:48:35.867270: I tensorflow/core/platform/cpu_feature_guard.cc:141] Your CPU supports instructions that this TensorFlow binary was not compiled to use: SSE4.1 SSE4.2 AVX AVX2 FMA
2019-03-16 17:48:36.109542: I tensorflow/core/common_runtime/gpu/gpu_device.cc:1432] Found device 0 with properties: 
name: Tesla K80 major: 3 minor: 7 memoryClockRate(GHz): 0.8235
pciBusID: 0000:09:00.0
totalMemory: 11.17GiB freeMemory: 11.10GiB
2019-03-16 17:48:36.109609: I tensorflow/core/common_runtime/gpu/gpu_device.cc:1511] Adding visible gpu devices: 0
2019-03-16 17:48:36.559804: I tensorflow/core/common_runtime/gpu/gpu_device.cc:982] Device interconnect StreamExecutor with strength 1 edge matrix:
2019-03-16 17:48:36.559870: I tensorflow/core/common_runtime/gpu/gpu_device.cc:988]      0 
2019-03-16 17:48:36.559883: I tensorflow/core/common_runtime/gpu/gpu_device.cc:1001] 0:   N 
2019-03-16 17:48:36.560227: I tensorflow/core/common_runtime/gpu/gpu_device.cc:1115] Created TensorFlow device (/job:localhost/replica:0/task:0/device:GPU:0 with 10757 MB memory) -> physical GPU (device: 0, name: Tesla K80, pci bus id: 0000:09:00.0, compute capability: 3.7)
INFO:latens:wrote 100 examples
INFO:latens:tensorflow 1.12.0, keras 2.1.6-tf
INFO:latens:command: classifier
INFO:latens:model: model
INFO:latens:layer:(None, 28, 28, 1) -> (None, 28, 28, 1):input_2
INFO:latens:layer:(None, 28, 28, 1) -> (None, 4):sequential
INFO:latens:layer:(None, 4) -> (None, 28, 28, 1):sequential_1
INFO:latens:model: sequential_4
INFO:latens:layer:(None, 28, 28, 1) -> (None, 28, 28, 64):conv2d_19
INFO:latens:layer:(None, 28, 28, 64) -> (None, 28, 28, 64):conv2d_20
INFO:latens:layer:(None, 28, 28, 64) -> (None, 14, 14, 64):max_pooling2d_2
INFO:latens:layer:(None, 14, 14, 64) -> (None, 14, 14, 64):dropout_4
INFO:latens:layer:(None, 14, 14, 64) -> (None, 14, 14, 32):conv2d_21
INFO:latens:layer:(None, 14, 14, 32) -> (None, 14, 14, 32):conv2d_22
INFO:latens:layer:(None, 14, 14, 32) -> (None, 7, 7, 32):max_pooling2d_3
INFO:latens:layer:(None, 7, 7, 32) -> (None, 7, 7, 32):dropout_5
INFO:latens:layer:(None, 7, 7, 32) -> (None, 7, 7, 32):conv2d_23
INFO:latens:layer:(None, 7, 7, 32) -> (None, 7, 7, 32):conv2d_24
INFO:latens:layer:(None, 7, 7, 32) -> (None, 1568):flatten_1
INFO:latens:layer:(None, 1568) -> (None, 1024):dense_6
INFO:latens:layer:(None, 1024) -> (None, 10):dense_7
2019-03-16 17:48:47.724109: I tensorflow/core/platform/cpu_feature_guard.cc:141] Your CPU supports instructions that this TensorFlow binary was not compiled to use: SSE4.1 SSE4.2 AVX AVX2 FMA
2019-03-16 17:48:47.952382: I tensorflow/core/common_runtime/gpu/gpu_device.cc:1432] Found device 0 with properties: 
name: Tesla K80 major: 3 minor: 7 memoryClockRate(GHz): 0.8235
pciBusID: 0000:09:00.0
totalMemory: 11.17GiB freeMemory: 11.10GiB
2019-03-16 17:48:47.952447: I tensorflow/core/common_runtime/gpu/gpu_device.cc:1511] Adding visible gpu devices: 0
2019-03-16 17:48:48.368096: I tensorflow/core/common_runtime/gpu/gpu_device.cc:982] Device interconnect StreamExecutor with strength 1 edge matrix:
2019-03-16 17:48:48.368154: I tensorflow/core/common_runtime/gpu/gpu_device.cc:988]      0 
2019-03-16 17:48:48.368174: I tensorflow/core/common_runtime/gpu/gpu_device.cc:1001] 0:   N 
2019-03-16 17:48:48.368513: I tensorflow/core/common_runtime/gpu/gpu_device.cc:1115] Created TensorFlow device (/job:localhost/replica:0/task:0/device:GPU:0 with 10757 MB memory) -> physical GPU (device: 0, name: Tesla K80, pci bus id: 0000:09:00.0, compute capability: 3.7)
INFO:latens:test accuracy: 76.2%
INFO:latens:tensorflow 1.12.0, keras 2.1.6-tf
INFO:latens:command: visualize
INFO:latens:visualizing and saving
INFO:latens:Plotting encoding...
DEBUG:latens:encodings: [[ 0.05007329 -0.49162433]
 [ 0.32934967  0.27516648]
 [-0.15424171 -0.46201462]
 ...
 [ 0.01956552  0.01262269]
 [-0.03518917 -0.11864506]
 [ 0.00070586 -0.02858645]]
INFO:latens:saving encodings plot to models/unbalanced_mnist_vaestudent_e300_L2_b64/encodings.pdf
INFO:latens:saving successful
INFO:latens:Plotting sampling...
INFO:latens:saving sampling plot to models/unbalanced_mnist_vaestudent_e300_L2_b64/random_sampling_100.pdf
INFO:latens:saving successful
INFO:latens:saving distribution plot to models/unbalanced_mnist_vaestudent_e300_L2_b64/random_sampling_distribution_100.pdf
INFO:latens:saving successful
INFO:latens:tensorflow 1.12.0, keras 2.1.6-tf
INFO:latens:command: sample
INFO:latens:sampling with 'normal'
DEBUG:latens:sampler: drawing 100 points
DEBUG:latens:sampling: (50000,), 100
INFO:latens:writing dataset to models/unbalanced_mnist_vaestudent_e300_L2_b64/normal_sample_100.tfrecord...
2019-03-16 17:51:26.676902: I tensorflow/core/platform/cpu_feature_guard.cc:141] Your CPU supports instructions that this TensorFlow binary was not compiled to use: SSE4.1 SSE4.2 AVX AVX2 FMA
2019-03-16 17:51:26.892490: I tensorflow/core/common_runtime/gpu/gpu_device.cc:1432] Found device 0 with properties: 
name: Tesla K80 major: 3 minor: 7 memoryClockRate(GHz): 0.8235
pciBusID: 0000:09:00.0
totalMemory: 11.17GiB freeMemory: 11.10GiB
2019-03-16 17:51:26.892559: I tensorflow/core/common_runtime/gpu/gpu_device.cc:1511] Adding visible gpu devices: 0
2019-03-16 17:51:27.287732: I tensorflow/core/common_runtime/gpu/gpu_device.cc:982] Device interconnect StreamExecutor with strength 1 edge matrix:
2019-03-16 17:51:27.287787: I tensorflow/core/common_runtime/gpu/gpu_device.cc:988]      0 
2019-03-16 17:51:27.287801: I tensorflow/core/common_runtime/gpu/gpu_device.cc:1001] 0:   N 
2019-03-16 17:51:27.288154: I tensorflow/core/common_runtime/gpu/gpu_device.cc:1115] Created TensorFlow device (/job:localhost/replica:0/task:0/device:GPU:0 with 10757 MB memory) -> physical GPU (device: 0, name: Tesla K80, pci bus id: 0000:09:00.0, compute capability: 3.7)
INFO:latens:wrote 100 examples
INFO:latens:tensorflow 1.12.0, keras 2.1.6-tf
INFO:latens:command: classifier
INFO:latens:model: model
INFO:latens:layer:(None, 28, 28, 1) -> (None, 28, 28, 1):input_2
INFO:latens:layer:(None, 28, 28, 1) -> (None, 4):sequential
INFO:latens:layer:(None, 4) -> (None, 28, 28, 1):sequential_1
INFO:latens:model: sequential_4
INFO:latens:layer:(None, 28, 28, 1) -> (None, 28, 28, 64):conv2d_19
INFO:latens:layer:(None, 28, 28, 64) -> (None, 28, 28, 64):conv2d_20
INFO:latens:layer:(None, 28, 28, 64) -> (None, 14, 14, 64):max_pooling2d_2
INFO:latens:layer:(None, 14, 14, 64) -> (None, 14, 14, 64):dropout_4
INFO:latens:layer:(None, 14, 14, 64) -> (None, 14, 14, 32):conv2d_21
INFO:latens:layer:(None, 14, 14, 32) -> (None, 14, 14, 32):conv2d_22
INFO:latens:layer:(None, 14, 14, 32) -> (None, 7, 7, 32):max_pooling2d_3
INFO:latens:layer:(None, 7, 7, 32) -> (None, 7, 7, 32):dropout_5
INFO:latens:layer:(None, 7, 7, 32) -> (None, 7, 7, 32):conv2d_23
INFO:latens:layer:(None, 7, 7, 32) -> (None, 7, 7, 32):conv2d_24
INFO:latens:layer:(None, 7, 7, 32) -> (None, 1568):flatten_1
INFO:latens:layer:(None, 1568) -> (None, 1024):dense_6
INFO:latens:layer:(None, 1024) -> (None, 10):dense_7
2019-03-16 17:51:35.135233: I tensorflow/core/platform/cpu_feature_guard.cc:141] Your CPU supports instructions that this TensorFlow binary was not compiled to use: SSE4.1 SSE4.2 AVX AVX2 FMA
2019-03-16 17:51:35.356536: I tensorflow/core/common_runtime/gpu/gpu_device.cc:1432] Found device 0 with properties: 
name: Tesla K80 major: 3 minor: 7 memoryClockRate(GHz): 0.8235
pciBusID: 0000:09:00.0
totalMemory: 11.17GiB freeMemory: 11.10GiB
2019-03-16 17:51:35.356595: I tensorflow/core/common_runtime/gpu/gpu_device.cc:1511] Adding visible gpu devices: 0
2019-03-16 17:51:35.735782: I tensorflow/core/common_runtime/gpu/gpu_device.cc:982] Device interconnect StreamExecutor with strength 1 edge matrix:
2019-03-16 17:51:35.735842: I tensorflow/core/common_runtime/gpu/gpu_device.cc:988]      0 
2019-03-16 17:51:35.735854: I tensorflow/core/common_runtime/gpu/gpu_device.cc:1001] 0:   N 
2019-03-16 17:51:35.736142: I tensorflow/core/common_runtime/gpu/gpu_device.cc:1115] Created TensorFlow device (/job:localhost/replica:0/task:0/device:GPU:0 with 10757 MB memory) -> physical GPU (device: 0, name: Tesla K80, pci bus id: 0000:09:00.0, compute capability: 3.7)
INFO:latens:test accuracy: 72.9%
INFO:latens:tensorflow 1.12.0, keras 2.1.6-tf
INFO:latens:command: visualize
INFO:latens:visualizing and saving
INFO:latens:Plotting encoding...
DEBUG:latens:encodings: [[ 0.05007329 -0.49162433]
 [ 0.32934967  0.27516648]
 [-0.15424171 -0.46201462]
 ...
 [ 0.01956552  0.01262269]
 [-0.03518917 -0.11864506]
 [ 0.00070586 -0.02858645]]
INFO:latens:saving encodings plot to models/unbalanced_mnist_vaestudent_e300_L2_b64/encodings.pdf
INFO:latens:saving successful
INFO:latens:Plotting sampling...
INFO:latens:saving sampling plot to models/unbalanced_mnist_vaestudent_e300_L2_b64/normal_sampling_100.pdf
INFO:latens:saving successful
INFO:latens:saving distribution plot to models/unbalanced_mnist_vaestudent_e300_L2_b64/normal_sampling_distribution_100.pdf
INFO:latens:saving successful
INFO:latens:tensorflow 1.12.0, keras 2.1.6-tf
INFO:latens:command: sample
INFO:latens:sampling with 'multi-normal'
DEBUG:latens:sampler: drawing 100 points
DEBUG:latens:sampling: (50000,), 100
INFO:latens:writing dataset to models/unbalanced_mnist_vaestudent_e300_L2_b64/multi-normal_sample_100.tfrecord...
2019-03-16 17:54:16.623284: I tensorflow/core/platform/cpu_feature_guard.cc:141] Your CPU supports instructions that this TensorFlow binary was not compiled to use: SSE4.1 SSE4.2 AVX AVX2 FMA
2019-03-16 17:54:16.839996: I tensorflow/core/common_runtime/gpu/gpu_device.cc:1432] Found device 0 with properties: 
name: Tesla K80 major: 3 minor: 7 memoryClockRate(GHz): 0.8235
pciBusID: 0000:09:00.0
totalMemory: 11.17GiB freeMemory: 11.10GiB
2019-03-16 17:54:16.840066: I tensorflow/core/common_runtime/gpu/gpu_device.cc:1511] Adding visible gpu devices: 0
2019-03-16 17:54:17.230717: I tensorflow/core/common_runtime/gpu/gpu_device.cc:982] Device interconnect StreamExecutor with strength 1 edge matrix:
2019-03-16 17:54:17.230774: I tensorflow/core/common_runtime/gpu/gpu_device.cc:988]      0 
2019-03-16 17:54:17.230788: I tensorflow/core/common_runtime/gpu/gpu_device.cc:1001] 0:   N 
2019-03-16 17:54:17.231118: I tensorflow/core/common_runtime/gpu/gpu_device.cc:1115] Created TensorFlow device (/job:localhost/replica:0/task:0/device:GPU:0 with 10757 MB memory) -> physical GPU (device: 0, name: Tesla K80, pci bus id: 0000:09:00.0, compute capability: 3.7)
INFO:latens:wrote 100 examples
INFO:latens:tensorflow 1.12.0, keras 2.1.6-tf
INFO:latens:command: classifier
INFO:latens:model: model
INFO:latens:layer:(None, 28, 28, 1) -> (None, 28, 28, 1):input_2
INFO:latens:layer:(None, 28, 28, 1) -> (None, 4):sequential
INFO:latens:layer:(None, 4) -> (None, 28, 28, 1):sequential_1
INFO:latens:model: sequential_4
INFO:latens:layer:(None, 28, 28, 1) -> (None, 28, 28, 64):conv2d_19
INFO:latens:layer:(None, 28, 28, 64) -> (None, 28, 28, 64):conv2d_20
INFO:latens:layer:(None, 28, 28, 64) -> (None, 14, 14, 64):max_pooling2d_2
INFO:latens:layer:(None, 14, 14, 64) -> (None, 14, 14, 64):dropout_4
INFO:latens:layer:(None, 14, 14, 64) -> (None, 14, 14, 32):conv2d_21
INFO:latens:layer:(None, 14, 14, 32) -> (None, 14, 14, 32):conv2d_22
INFO:latens:layer:(None, 14, 14, 32) -> (None, 7, 7, 32):max_pooling2d_3
INFO:latens:layer:(None, 7, 7, 32) -> (None, 7, 7, 32):dropout_5
INFO:latens:layer:(None, 7, 7, 32) -> (None, 7, 7, 32):conv2d_23
INFO:latens:layer:(None, 7, 7, 32) -> (None, 7, 7, 32):conv2d_24
INFO:latens:layer:(None, 7, 7, 32) -> (None, 1568):flatten_1
INFO:latens:layer:(None, 1568) -> (None, 1024):dense_6
INFO:latens:layer:(None, 1024) -> (None, 10):dense_7
2019-03-16 17:54:28.238239: I tensorflow/core/platform/cpu_feature_guard.cc:141] Your CPU supports instructions that this TensorFlow binary was not compiled to use: SSE4.1 SSE4.2 AVX AVX2 FMA
2019-03-16 17:54:28.454671: I tensorflow/core/common_runtime/gpu/gpu_device.cc:1432] Found device 0 with properties: 
name: Tesla K80 major: 3 minor: 7 memoryClockRate(GHz): 0.8235
pciBusID: 0000:09:00.0
totalMemory: 11.17GiB freeMemory: 11.10GiB
2019-03-16 17:54:28.454742: I tensorflow/core/common_runtime/gpu/gpu_device.cc:1511] Adding visible gpu devices: 0
2019-03-16 17:54:28.841804: I tensorflow/core/common_runtime/gpu/gpu_device.cc:982] Device interconnect StreamExecutor with strength 1 edge matrix:
2019-03-16 17:54:28.841876: I tensorflow/core/common_runtime/gpu/gpu_device.cc:988]      0 
2019-03-16 17:54:28.841888: I tensorflow/core/common_runtime/gpu/gpu_device.cc:1001] 0:   N 
2019-03-16 17:54:28.842229: I tensorflow/core/common_runtime/gpu/gpu_device.cc:1115] Created TensorFlow device (/job:localhost/replica:0/task:0/device:GPU:0 with 10757 MB memory) -> physical GPU (device: 0, name: Tesla K80, pci bus id: 0000:09:00.0, compute capability: 3.7)
INFO:latens:test accuracy: 69.0%
INFO:latens:tensorflow 1.12.0, keras 2.1.6-tf
INFO:latens:command: visualize
INFO:latens:visualizing and saving
INFO:latens:Plotting encoding...
DEBUG:latens:encodings: [[ 0.05007329 -0.49162433]
 [ 0.32934967  0.27516648]
 [-0.15424171 -0.46201462]
 ...
 [ 0.01956552  0.01262269]
 [-0.03518917 -0.11864506]
 [ 0.00070586 -0.02858645]]
INFO:latens:saving encodings plot to models/unbalanced_mnist_vaestudent_e300_L2_b64/encodings.pdf
INFO:latens:saving successful
INFO:latens:Plotting sampling...
INFO:latens:saving sampling plot to models/unbalanced_mnist_vaestudent_e300_L2_b64/multi-normal_sampling_100.pdf
INFO:latens:saving successful
INFO:latens:saving distribution plot to models/unbalanced_mnist_vaestudent_e300_L2_b64/multi-normal_sampling_distribution_100.pdf
INFO:latens:saving successful
INFO:latens:tensorflow 1.12.0, keras 2.1.6-tf
INFO:latens:command: sample
INFO:latens:sampling with 'uniform'
DEBUG:latens:sampler: drawing 100 points
DEBUG:latens:sampler: drawing 9 points
DEBUG:latens:sampling: (50000,), 100
INFO:latens:writing dataset to models/unbalanced_mnist_vaestudent_e300_L2_b64/uniform_sample_100.tfrecord...
2019-03-16 17:57:08.967123: I tensorflow/core/platform/cpu_feature_guard.cc:141] Your CPU supports instructions that this TensorFlow binary was not compiled to use: SSE4.1 SSE4.2 AVX AVX2 FMA
2019-03-16 17:57:09.177320: I tensorflow/core/common_runtime/gpu/gpu_device.cc:1432] Found device 0 with properties: 
name: Tesla K80 major: 3 minor: 7 memoryClockRate(GHz): 0.8235
pciBusID: 0000:09:00.0
totalMemory: 11.17GiB freeMemory: 11.10GiB
2019-03-16 17:57:09.177390: I tensorflow/core/common_runtime/gpu/gpu_device.cc:1511] Adding visible gpu devices: 0
2019-03-16 17:57:09.559523: I tensorflow/core/common_runtime/gpu/gpu_device.cc:982] Device interconnect StreamExecutor with strength 1 edge matrix:
2019-03-16 17:57:09.559593: I tensorflow/core/common_runtime/gpu/gpu_device.cc:988]      0 
2019-03-16 17:57:09.559607: I tensorflow/core/common_runtime/gpu/gpu_device.cc:1001] 0:   N 
2019-03-16 17:57:09.559943: I tensorflow/core/common_runtime/gpu/gpu_device.cc:1115] Created TensorFlow device (/job:localhost/replica:0/task:0/device:GPU:0 with 10757 MB memory) -> physical GPU (device: 0, name: Tesla K80, pci bus id: 0000:09:00.0, compute capability: 3.7)
INFO:latens:wrote 100 examples
INFO:latens:tensorflow 1.12.0, keras 2.1.6-tf
INFO:latens:command: classifier
INFO:latens:model: model
INFO:latens:layer:(None, 28, 28, 1) -> (None, 28, 28, 1):input_2
INFO:latens:layer:(None, 28, 28, 1) -> (None, 4):sequential
INFO:latens:layer:(None, 4) -> (None, 28, 28, 1):sequential_1
INFO:latens:model: sequential_4
INFO:latens:layer:(None, 28, 28, 1) -> (None, 28, 28, 64):conv2d_19
INFO:latens:layer:(None, 28, 28, 64) -> (None, 28, 28, 64):conv2d_20
INFO:latens:layer:(None, 28, 28, 64) -> (None, 14, 14, 64):max_pooling2d_2
INFO:latens:layer:(None, 14, 14, 64) -> (None, 14, 14, 64):dropout_4
INFO:latens:layer:(None, 14, 14, 64) -> (None, 14, 14, 32):conv2d_21
INFO:latens:layer:(None, 14, 14, 32) -> (None, 14, 14, 32):conv2d_22
INFO:latens:layer:(None, 14, 14, 32) -> (None, 7, 7, 32):max_pooling2d_3
INFO:latens:layer:(None, 7, 7, 32) -> (None, 7, 7, 32):dropout_5
INFO:latens:layer:(None, 7, 7, 32) -> (None, 7, 7, 32):conv2d_23
INFO:latens:layer:(None, 7, 7, 32) -> (None, 7, 7, 32):conv2d_24
INFO:latens:layer:(None, 7, 7, 32) -> (None, 1568):flatten_1
INFO:latens:layer:(None, 1568) -> (None, 1024):dense_6
INFO:latens:layer:(None, 1024) -> (None, 10):dense_7
2019-03-16 17:57:19.937981: I tensorflow/core/platform/cpu_feature_guard.cc:141] Your CPU supports instructions that this TensorFlow binary was not compiled to use: SSE4.1 SSE4.2 AVX AVX2 FMA
2019-03-16 17:57:20.291104: I tensorflow/core/common_runtime/gpu/gpu_device.cc:1432] Found device 0 with properties: 
name: Tesla K80 major: 3 minor: 7 memoryClockRate(GHz): 0.8235
pciBusID: 0000:09:00.0
totalMemory: 11.17GiB freeMemory: 11.10GiB
2019-03-16 17:57:20.291186: I tensorflow/core/common_runtime/gpu/gpu_device.cc:1511] Adding visible gpu devices: 0
2019-03-16 17:57:20.680049: I tensorflow/core/common_runtime/gpu/gpu_device.cc:982] Device interconnect StreamExecutor with strength 1 edge matrix:
2019-03-16 17:57:20.680120: I tensorflow/core/common_runtime/gpu/gpu_device.cc:988]      0 
2019-03-16 17:57:20.680133: I tensorflow/core/common_runtime/gpu/gpu_device.cc:1001] 0:   N 
2019-03-16 17:57:20.680447: I tensorflow/core/common_runtime/gpu/gpu_device.cc:1115] Created TensorFlow device (/job:localhost/replica:0/task:0/device:GPU:0 with 10757 MB memory) -> physical GPU (device: 0, name: Tesla K80, pci bus id: 0000:09:00.0, compute capability: 3.7)
INFO:latens:test accuracy: 40.6%
INFO:latens:tensorflow 1.12.0, keras 2.1.6-tf
INFO:latens:command: visualize
INFO:latens:visualizing and saving
INFO:latens:Plotting encoding...
DEBUG:latens:encodings: [[ 0.05007329 -0.49162433]
 [ 0.32934967  0.27516648]
 [-0.15424171 -0.46201462]
 ...
 [ 0.01956552  0.01262269]
 [-0.03518917 -0.11864506]
 [ 0.00070586 -0.02858645]]
INFO:latens:saving encodings plot to models/unbalanced_mnist_vaestudent_e300_L2_b64/encodings.pdf
INFO:latens:saving successful
INFO:latens:Plotting sampling...
INFO:latens:saving sampling plot to models/unbalanced_mnist_vaestudent_e300_L2_b64/uniform_sampling_100.pdf
INFO:latens:saving successful
INFO:latens:saving distribution plot to models/unbalanced_mnist_vaestudent_e300_L2_b64/uniform_sampling_distribution_100.pdf
INFO:latens:saving successful
INFO:latens:tensorflow 1.12.0, keras 2.1.6-tf
INFO:latens:command: sample
INFO:latens:sampling with 'uniform-cluster'
INFO:latens:clustering...
DEBUG:latens:sampler: drawing 13 points
DEBUG:latens:sampler: drawing 8 points
DEBUG:latens:sampler: drawing 43 points
DEBUG:latens:sampler: drawing 2 points
DEBUG:latens:sampler: drawing 1 points
DEBUG:latens:sampler: drawing 6 points
DEBUG:latens:sampler: drawing 1 points
DEBUG:latens:sampler: drawing 18 points
DEBUG:latens:sampler: drawing 7 points
DEBUG:latens:sampler: drawing 1 points
DEBUG:latens:sampler: drawing 1 points
DEBUG:latens:sampling: (50000,), 100
INFO:latens:writing dataset to models/unbalanced_mnist_vaestudent_e300_L2_b64/uniform-cluster_sample_100.tfrecord...
2019-03-16 18:02:07.725920: I tensorflow/core/platform/cpu_feature_guard.cc:141] Your CPU supports instructions that this TensorFlow binary was not compiled to use: SSE4.1 SSE4.2 AVX AVX2 FMA
2019-03-16 18:02:07.958966: I tensorflow/core/common_runtime/gpu/gpu_device.cc:1432] Found device 0 with properties: 
name: Tesla K80 major: 3 minor: 7 memoryClockRate(GHz): 0.8235
pciBusID: 0000:09:00.0
totalMemory: 11.17GiB freeMemory: 11.10GiB
2019-03-16 18:02:07.959035: I tensorflow/core/common_runtime/gpu/gpu_device.cc:1511] Adding visible gpu devices: 0
2019-03-16 18:02:08.351506: I tensorflow/core/common_runtime/gpu/gpu_device.cc:982] Device interconnect StreamExecutor with strength 1 edge matrix:
2019-03-16 18:02:08.351572: I tensorflow/core/common_runtime/gpu/gpu_device.cc:988]      0 
2019-03-16 18:02:08.351583: I tensorflow/core/common_runtime/gpu/gpu_device.cc:1001] 0:   N 
2019-03-16 18:02:08.351872: I tensorflow/core/common_runtime/gpu/gpu_device.cc:1115] Created TensorFlow device (/job:localhost/replica:0/task:0/device:GPU:0 with 10757 MB memory) -> physical GPU (device: 0, name: Tesla K80, pci bus id: 0000:09:00.0, compute capability: 3.7)
INFO:latens:wrote 100 examples
INFO:latens:tensorflow 1.12.0, keras 2.1.6-tf
INFO:latens:command: classifier
INFO:latens:model: model
INFO:latens:layer:(None, 28, 28, 1) -> (None, 28, 28, 1):input_2
INFO:latens:layer:(None, 28, 28, 1) -> (None, 4):sequential
INFO:latens:layer:(None, 4) -> (None, 28, 28, 1):sequential_1
INFO:latens:model: sequential_4
INFO:latens:layer:(None, 28, 28, 1) -> (None, 28, 28, 64):conv2d_19
INFO:latens:layer:(None, 28, 28, 64) -> (None, 28, 28, 64):conv2d_20
INFO:latens:layer:(None, 28, 28, 64) -> (None, 14, 14, 64):max_pooling2d_2
INFO:latens:layer:(None, 14, 14, 64) -> (None, 14, 14, 64):dropout_4
INFO:latens:layer:(None, 14, 14, 64) -> (None, 14, 14, 32):conv2d_21
INFO:latens:layer:(None, 14, 14, 32) -> (None, 14, 14, 32):conv2d_22
INFO:latens:layer:(None, 14, 14, 32) -> (None, 7, 7, 32):max_pooling2d_3
INFO:latens:layer:(None, 7, 7, 32) -> (None, 7, 7, 32):dropout_5
INFO:latens:layer:(None, 7, 7, 32) -> (None, 7, 7, 32):conv2d_23
INFO:latens:layer:(None, 7, 7, 32) -> (None, 7, 7, 32):conv2d_24
INFO:latens:layer:(None, 7, 7, 32) -> (None, 1568):flatten_1
INFO:latens:layer:(None, 1568) -> (None, 1024):dense_6
INFO:latens:layer:(None, 1024) -> (None, 10):dense_7
2019-03-16 18:02:18.900834: I tensorflow/core/platform/cpu_feature_guard.cc:141] Your CPU supports instructions that this TensorFlow binary was not compiled to use: SSE4.1 SSE4.2 AVX AVX2 FMA
2019-03-16 18:02:19.146934: I tensorflow/core/common_runtime/gpu/gpu_device.cc:1432] Found device 0 with properties: 
name: Tesla K80 major: 3 minor: 7 memoryClockRate(GHz): 0.8235
pciBusID: 0000:09:00.0
totalMemory: 11.17GiB freeMemory: 11.10GiB
2019-03-16 18:02:19.147026: I tensorflow/core/common_runtime/gpu/gpu_device.cc:1511] Adding visible gpu devices: 0
2019-03-16 18:02:19.529711: I tensorflow/core/common_runtime/gpu/gpu_device.cc:982] Device interconnect StreamExecutor with strength 1 edge matrix:
2019-03-16 18:02:19.529776: I tensorflow/core/common_runtime/gpu/gpu_device.cc:988]      0 
2019-03-16 18:02:19.529788: I tensorflow/core/common_runtime/gpu/gpu_device.cc:1001] 0:   N 
2019-03-16 18:02:19.530104: I tensorflow/core/common_runtime/gpu/gpu_device.cc:1115] Created TensorFlow device (/job:localhost/replica:0/task:0/device:GPU:0 with 10757 MB memory) -> physical GPU (device: 0, name: Tesla K80, pci bus id: 0000:09:00.0, compute capability: 3.7)
INFO:latens:test accuracy: 63.5%
INFO:latens:tensorflow 1.12.0, keras 2.1.6-tf
INFO:latens:command: visualize
INFO:latens:visualizing and saving
INFO:latens:Plotting encoding...
DEBUG:latens:encodings: [[ 0.05007329 -0.49162433]
 [ 0.32934967  0.27516648]
 [-0.15424171 -0.46201462]
 ...
 [ 0.01956552  0.01262269]
 [-0.03518917 -0.11864506]
 [ 0.00070586 -0.02858645]]
INFO:latens:saving encodings plot to models/unbalanced_mnist_vaestudent_e300_L2_b64/encodings.pdf
INFO:latens:saving successful
INFO:latens:Plotting clusters...
INFO:latens:saving clustered encodings plot to models/unbalanced_mnist_vaestudent_e300_L2_b64/clustered_encodings.pdf
INFO:latens:saving successful
INFO:latens:Plotting sampling...
INFO:latens:saving sampling plot to models/unbalanced_mnist_vaestudent_e300_L2_b64/uniform-cluster_sampling_100.pdf
INFO:latens:saving successful
INFO:latens:saving distribution plot to models/unbalanced_mnist_vaestudent_e300_L2_b64/uniform-cluster_sampling_distribution_100.pdf
INFO:latens:saving successful
INFO:latens:tensorflow 1.12.0, keras 2.1.6-tf
INFO:latens:command: sample
INFO:latens:sampling with 'normal-cluster'
INFO:latens:clustering...
DEBUG:latens:sampler: drawing 13 points
DEBUG:latens:sampler: drawing 8 points
DEBUG:latens:sampler: drawing 4 points
DEBUG:latens:sampler: drawing 1 points
DEBUG:latens:sampler: drawing 43 points
DEBUG:latens:sampler: drawing 2 points
DEBUG:latens:sampler: drawing 1 points
DEBUG:latens:sampler: drawing 6 points
DEBUG:latens:sampler: drawing 6 points
DEBUG:latens:sampler: drawing 4 points
DEBUG:latens:sampler: drawing 3 points
DEBUG:latens:sampler: drawing 1 points
DEBUG:latens:sampler: drawing 1 points
DEBUG:latens:sampler: drawing 1 points
DEBUG:latens:sampler: drawing 1 points
DEBUG:latens:sampler: drawing 18 points
DEBUG:latens:sampler: drawing 7 points
DEBUG:latens:sampler: drawing 1 points
DEBUG:latens:sampler: drawing 1 points
DEBUG:latens:sampler: drawing 1 points
DEBUG:latens:sampler: drawing 1 points
DEBUG:latens:sampler: drawing 1 points
DEBUG:latens:sampler: drawing 1 points
DEBUG:latens:sampler: drawing 1 points
DEBUG:latens:sampler: drawing 1 points
DEBUG:latens:sampler: drawing 1 points
DEBUG:latens:sampling: (50000,), 100
INFO:latens:writing dataset to models/unbalanced_mnist_vaestudent_e300_L2_b64/normal-cluster_sample_100.tfrecord...
2019-03-16 18:07:03.783242: I tensorflow/core/platform/cpu_feature_guard.cc:141] Your CPU supports instructions that this TensorFlow binary was not compiled to use: SSE4.1 SSE4.2 AVX AVX2 FMA
2019-03-16 18:07:04.083203: I tensorflow/core/common_runtime/gpu/gpu_device.cc:1432] Found device 0 with properties: 
name: Tesla K80 major: 3 minor: 7 memoryClockRate(GHz): 0.8235
pciBusID: 0000:09:00.0
totalMemory: 11.17GiB freeMemory: 11.10GiB
2019-03-16 18:07:04.083265: I tensorflow/core/common_runtime/gpu/gpu_device.cc:1511] Adding visible gpu devices: 0
2019-03-16 18:07:04.442375: I tensorflow/core/common_runtime/gpu/gpu_device.cc:982] Device interconnect StreamExecutor with strength 1 edge matrix:
2019-03-16 18:07:04.442444: I tensorflow/core/common_runtime/gpu/gpu_device.cc:988]      0 
2019-03-16 18:07:04.442457: I tensorflow/core/common_runtime/gpu/gpu_device.cc:1001] 0:   N 
2019-03-16 18:07:04.443331: I tensorflow/core/common_runtime/gpu/gpu_device.cc:1115] Created TensorFlow device (/job:localhost/replica:0/task:0/device:GPU:0 with 10757 MB memory) -> physical GPU (device: 0, name: Tesla K80, pci bus id: 0000:09:00.0, compute capability: 3.7)
INFO:latens:wrote 100 examples
INFO:latens:tensorflow 1.12.0, keras 2.1.6-tf
INFO:latens:command: classifier
INFO:latens:model: model
INFO:latens:layer:(None, 28, 28, 1) -> (None, 28, 28, 1):input_2
INFO:latens:layer:(None, 28, 28, 1) -> (None, 4):sequential
INFO:latens:layer:(None, 4) -> (None, 28, 28, 1):sequential_1
INFO:latens:model: sequential_4
INFO:latens:layer:(None, 28, 28, 1) -> (None, 28, 28, 64):conv2d_19
INFO:latens:layer:(None, 28, 28, 64) -> (None, 28, 28, 64):conv2d_20
INFO:latens:layer:(None, 28, 28, 64) -> (None, 14, 14, 64):max_pooling2d_2
INFO:latens:layer:(None, 14, 14, 64) -> (None, 14, 14, 64):dropout_4
INFO:latens:layer:(None, 14, 14, 64) -> (None, 14, 14, 32):conv2d_21
INFO:latens:layer:(None, 14, 14, 32) -> (None, 14, 14, 32):conv2d_22
INFO:latens:layer:(None, 14, 14, 32) -> (None, 7, 7, 32):max_pooling2d_3
INFO:latens:layer:(None, 7, 7, 32) -> (None, 7, 7, 32):dropout_5
INFO:latens:layer:(None, 7, 7, 32) -> (None, 7, 7, 32):conv2d_23
INFO:latens:layer:(None, 7, 7, 32) -> (None, 7, 7, 32):conv2d_24
INFO:latens:layer:(None, 7, 7, 32) -> (None, 1568):flatten_1
INFO:latens:layer:(None, 1568) -> (None, 1024):dense_6
INFO:latens:layer:(None, 1024) -> (None, 10):dense_7
2019-03-16 18:07:11.650024: I tensorflow/core/platform/cpu_feature_guard.cc:141] Your CPU supports instructions that this TensorFlow binary was not compiled to use: SSE4.1 SSE4.2 AVX AVX2 FMA
2019-03-16 18:07:11.870761: I tensorflow/core/common_runtime/gpu/gpu_device.cc:1432] Found device 0 with properties: 
name: Tesla K80 major: 3 minor: 7 memoryClockRate(GHz): 0.8235
pciBusID: 0000:09:00.0
totalMemory: 11.17GiB freeMemory: 11.10GiB
2019-03-16 18:07:11.870841: I tensorflow/core/common_runtime/gpu/gpu_device.cc:1511] Adding visible gpu devices: 0
2019-03-16 18:07:12.273834: I tensorflow/core/common_runtime/gpu/gpu_device.cc:982] Device interconnect StreamExecutor with strength 1 edge matrix:
2019-03-16 18:07:12.273904: I tensorflow/core/common_runtime/gpu/gpu_device.cc:988]      0 
2019-03-16 18:07:12.273916: I tensorflow/core/common_runtime/gpu/gpu_device.cc:1001] 0:   N 
2019-03-16 18:07:12.274220: I tensorflow/core/common_runtime/gpu/gpu_device.cc:1115] Created TensorFlow device (/job:localhost/replica:0/task:0/device:GPU:0 with 10757 MB memory) -> physical GPU (device: 0, name: Tesla K80, pci bus id: 0000:09:00.0, compute capability: 3.7)
INFO:latens:test accuracy: 74.1%
INFO:latens:tensorflow 1.12.0, keras 2.1.6-tf
INFO:latens:command: visualize
INFO:latens:visualizing and saving
INFO:latens:Plotting encoding...
DEBUG:latens:encodings: [[ 0.05007329 -0.49162433]
 [ 0.32934967  0.27516648]
 [-0.15424171 -0.46201462]
 ...
 [ 0.01956552  0.01262269]
 [-0.03518917 -0.11864506]
 [ 0.00070586 -0.02858645]]
INFO:latens:saving encodings plot to models/unbalanced_mnist_vaestudent_e300_L2_b64/encodings.pdf
INFO:latens:saving successful
INFO:latens:Plotting clusters...
INFO:latens:saving clustered encodings plot to models/unbalanced_mnist_vaestudent_e300_L2_b64/clustered_encodings.pdf
INFO:latens:saving successful
INFO:latens:Plotting sampling...
INFO:latens:saving sampling plot to models/unbalanced_mnist_vaestudent_e300_L2_b64/normal-cluster_sampling_100.pdf
INFO:latens:saving successful
INFO:latens:saving distribution plot to models/unbalanced_mnist_vaestudent_e300_L2_b64/normal-cluster_sampling_distribution_100.pdf
INFO:latens:saving successful
INFO:latens:tensorflow 1.12.0, keras 2.1.6-tf
INFO:latens:command: sample
INFO:latens:sampling with 'multi-normal-cluster'
INFO:latens:clustering...
DEBUG:latens:sampler: drawing 13 points
DEBUG:latens:sampler: drawing 8 points
DEBUG:latens:sampler: drawing 43 points
DEBUG:latens:sampler: drawing 2 points
DEBUG:latens:sampler: drawing 1 points
DEBUG:latens:sampler: drawing 6 points
DEBUG:latens:sampler: drawing 1 points
DEBUG:latens:sampler: drawing 18 points
DEBUG:latens:sampler: drawing 7 points
DEBUG:latens:sampler: drawing 1 points
DEBUG:latens:sampler: drawing 1 points
DEBUG:latens:sampling: (50000,), 100
INFO:latens:writing dataset to models/unbalanced_mnist_vaestudent_e300_L2_b64/multi-normal-cluster_sample_100.tfrecord...
2019-03-16 18:11:43.542854: I tensorflow/core/platform/cpu_feature_guard.cc:141] Your CPU supports instructions that this TensorFlow binary was not compiled to use: SSE4.1 SSE4.2 AVX AVX2 FMA
2019-03-16 18:11:43.791789: I tensorflow/core/common_runtime/gpu/gpu_device.cc:1432] Found device 0 with properties: 
name: Tesla K80 major: 3 minor: 7 memoryClockRate(GHz): 0.8235
pciBusID: 0000:09:00.0
totalMemory: 11.17GiB freeMemory: 11.10GiB
2019-03-16 18:11:43.791852: I tensorflow/core/common_runtime/gpu/gpu_device.cc:1511] Adding visible gpu devices: 0
2019-03-16 18:11:44.182514: I tensorflow/core/common_runtime/gpu/gpu_device.cc:982] Device interconnect StreamExecutor with strength 1 edge matrix:
2019-03-16 18:11:44.182577: I tensorflow/core/common_runtime/gpu/gpu_device.cc:988]      0 
2019-03-16 18:11:44.182589: I tensorflow/core/common_runtime/gpu/gpu_device.cc:1001] 0:   N 
2019-03-16 18:11:44.182890: I tensorflow/core/common_runtime/gpu/gpu_device.cc:1115] Created TensorFlow device (/job:localhost/replica:0/task:0/device:GPU:0 with 10757 MB memory) -> physical GPU (device: 0, name: Tesla K80, pci bus id: 0000:09:00.0, compute capability: 3.7)
INFO:latens:wrote 100 examples
INFO:latens:tensorflow 1.12.0, keras 2.1.6-tf
INFO:latens:command: classifier
INFO:latens:model: model
INFO:latens:layer:(None, 28, 28, 1) -> (None, 28, 28, 1):input_2
INFO:latens:layer:(None, 28, 28, 1) -> (None, 4):sequential
INFO:latens:layer:(None, 4) -> (None, 28, 28, 1):sequential_1
INFO:latens:model: sequential_4
INFO:latens:layer:(None, 28, 28, 1) -> (None, 28, 28, 64):conv2d_19
INFO:latens:layer:(None, 28, 28, 64) -> (None, 28, 28, 64):conv2d_20
INFO:latens:layer:(None, 28, 28, 64) -> (None, 14, 14, 64):max_pooling2d_2
INFO:latens:layer:(None, 14, 14, 64) -> (None, 14, 14, 64):dropout_4
INFO:latens:layer:(None, 14, 14, 64) -> (None, 14, 14, 32):conv2d_21
INFO:latens:layer:(None, 14, 14, 32) -> (None, 14, 14, 32):conv2d_22
INFO:latens:layer:(None, 14, 14, 32) -> (None, 7, 7, 32):max_pooling2d_3
INFO:latens:layer:(None, 7, 7, 32) -> (None, 7, 7, 32):dropout_5
INFO:latens:layer:(None, 7, 7, 32) -> (None, 7, 7, 32):conv2d_23
INFO:latens:layer:(None, 7, 7, 32) -> (None, 7, 7, 32):conv2d_24
INFO:latens:layer:(None, 7, 7, 32) -> (None, 1568):flatten_1
INFO:latens:layer:(None, 1568) -> (None, 1024):dense_6
INFO:latens:layer:(None, 1024) -> (None, 10):dense_7
2019-03-16 18:11:54.413171: I tensorflow/core/platform/cpu_feature_guard.cc:141] Your CPU supports instructions that this TensorFlow binary was not compiled to use: SSE4.1 SSE4.2 AVX AVX2 FMA
2019-03-16 18:11:54.653526: I tensorflow/core/common_runtime/gpu/gpu_device.cc:1432] Found device 0 with properties: 
name: Tesla K80 major: 3 minor: 7 memoryClockRate(GHz): 0.8235
pciBusID: 0000:09:00.0
totalMemory: 11.17GiB freeMemory: 11.10GiB
2019-03-16 18:11:54.653589: I tensorflow/core/common_runtime/gpu/gpu_device.cc:1511] Adding visible gpu devices: 0
2019-03-16 18:11:55.065562: I tensorflow/core/common_runtime/gpu/gpu_device.cc:982] Device interconnect StreamExecutor with strength 1 edge matrix:
2019-03-16 18:11:55.065654: I tensorflow/core/common_runtime/gpu/gpu_device.cc:988]      0 
2019-03-16 18:11:55.065666: I tensorflow/core/common_runtime/gpu/gpu_device.cc:1001] 0:   N 
2019-03-16 18:11:55.066034: I tensorflow/core/common_runtime/gpu/gpu_device.cc:1115] Created TensorFlow device (/job:localhost/replica:0/task:0/device:GPU:0 with 10757 MB memory) -> physical GPU (device: 0, name: Tesla K80, pci bus id: 0000:09:00.0, compute capability: 3.7)
INFO:latens:test accuracy: 73.7%
INFO:latens:tensorflow 1.12.0, keras 2.1.6-tf
INFO:latens:command: visualize
INFO:latens:visualizing and saving
INFO:latens:Plotting encoding...
DEBUG:latens:encodings: [[ 0.05007329 -0.49162433]
 [ 0.32934967  0.27516648]
 [-0.15424171 -0.46201462]
 ...
 [ 0.01956552  0.01262269]
 [-0.03518917 -0.11864506]
 [ 0.00070586 -0.02858645]]
INFO:latens:saving encodings plot to models/unbalanced_mnist_vaestudent_e300_L2_b64/encodings.pdf
INFO:latens:saving successful
INFO:latens:Plotting clusters...
INFO:latens:saving clustered encodings plot to models/unbalanced_mnist_vaestudent_e300_L2_b64/clustered_encodings.pdf
INFO:latens:saving successful
INFO:latens:Plotting sampling...
INFO:latens:saving sampling plot to models/unbalanced_mnist_vaestudent_e300_L2_b64/multi-normal-cluster_sampling_100.pdf
INFO:latens:saving successful
INFO:latens:saving distribution plot to models/unbalanced_mnist_vaestudent_e300_L2_b64/multi-normal-cluster_sampling_distribution_100.pdf
INFO:latens:saving successful
INFO:latens:tensorflow 1.12.0, keras 2.1.6-tf
INFO:latens:command: sample
INFO:latens:sampling with 'error'
INFO:latens:model: model
INFO:latens:layer:(None, 28, 28, 1) -> (None, 28, 28, 1):input_2
INFO:latens:layer:(None, 28, 28, 1) -> (None, 4):sequential
INFO:latens:layer:(None, 4) -> (None, 28, 28, 1):sequential_1
2019-03-16 18:14:36.706606: I tensorflow/core/platform/cpu_feature_guard.cc:141] Your CPU supports instructions that this TensorFlow binary was not compiled to use: SSE4.1 SSE4.2 AVX AVX2 FMA
2019-03-16 18:14:36.922345: I tensorflow/core/common_runtime/gpu/gpu_device.cc:1432] Found device 0 with properties: 
name: Tesla K80 major: 3 minor: 7 memoryClockRate(GHz): 0.8235
pciBusID: 0000:09:00.0
totalMemory: 11.17GiB freeMemory: 11.10GiB
2019-03-16 18:14:36.922404: I tensorflow/core/common_runtime/gpu/gpu_device.cc:1511] Adding visible gpu devices: 0
2019-03-16 18:14:37.280614: I tensorflow/core/common_runtime/gpu/gpu_device.cc:982] Device interconnect StreamExecutor with strength 1 edge matrix:
2019-03-16 18:14:37.280680: I tensorflow/core/common_runtime/gpu/gpu_device.cc:988]      0 
2019-03-16 18:14:37.280692: I tensorflow/core/common_runtime/gpu/gpu_device.cc:1001] 0:   N 
2019-03-16 18:14:37.280964: I tensorflow/core/common_runtime/gpu/gpu_device.cc:1115] Created TensorFlow device (/job:localhost/replica:0/task:0/device:GPU:0 with 10757 MB memory) -> physical GPU (device: 0, name: Tesla K80, pci bus id: 0000:09:00.0, compute capability: 3.7)
INFO:latens:restored model from models/unbalanced_mnist_vaestudent_e300_L2_b64/autoencoder/cp-0300.hdf5
2019-03-16 18:14:52.653351: I tensorflow/core/common_runtime/gpu/gpu_device.cc:1511] Adding visible gpu devices: 0
2019-03-16 18:14:52.653439: I tensorflow/core/common_runtime/gpu/gpu_device.cc:982] Device interconnect StreamExecutor with strength 1 edge matrix:
2019-03-16 18:14:52.653451: I tensorflow/core/common_runtime/gpu/gpu_device.cc:988]      0 
2019-03-16 18:14:52.653459: I tensorflow/core/common_runtime/gpu/gpu_device.cc:1001] 0:   N 
2019-03-16 18:14:52.653656: I tensorflow/core/common_runtime/gpu/gpu_device.cc:1115] Created TensorFlow device (/job:localhost/replica:0/task:0/device:GPU:0 with 10757 MB memory) -> physical GPU (device: 0, name: Tesla K80, pci bus id: 0000:09:00.0, compute capability: 3.7)
DEBUG:latens:points: (50000,), [0.10472298 0.07571211 0.09282583 ... 1.         1.         1.        ]
DEBUG:latens:values: (50000,)
DEBUG:latens:sampling: [0 0 0 ... 0 0 1]
DEBUG:latens:sampling: (50000,), 100
INFO:latens:writing dataset to models/unbalanced_mnist_vaestudent_e300_L2_b64/error_sample_100.tfrecord...
2019-03-16 18:14:52.821296: I tensorflow/core/common_runtime/gpu/gpu_device.cc:1511] Adding visible gpu devices: 0
2019-03-16 18:14:52.821344: I tensorflow/core/common_runtime/gpu/gpu_device.cc:982] Device interconnect StreamExecutor with strength 1 edge matrix:
2019-03-16 18:14:52.821357: I tensorflow/core/common_runtime/gpu/gpu_device.cc:988]      0 
2019-03-16 18:14:52.821365: I tensorflow/core/common_runtime/gpu/gpu_device.cc:1001] 0:   N 
2019-03-16 18:14:52.821556: I tensorflow/core/common_runtime/gpu/gpu_device.cc:1115] Created TensorFlow device (/job:localhost/replica:0/task:0/device:GPU:0 with 10757 MB memory) -> physical GPU (device: 0, name: Tesla K80, pci bus id: 0000:09:00.0, compute capability: 3.7)
INFO:latens:wrote 100 examples
INFO:latens:tensorflow 1.12.0, keras 2.1.6-tf
INFO:latens:command: classifier
INFO:latens:model: model
INFO:latens:layer:(None, 28, 28, 1) -> (None, 28, 28, 1):input_2
INFO:latens:layer:(None, 28, 28, 1) -> (None, 4):sequential
INFO:latens:layer:(None, 4) -> (None, 28, 28, 1):sequential_1
INFO:latens:model: sequential_4
INFO:latens:layer:(None, 28, 28, 1) -> (None, 28, 28, 64):conv2d_19
INFO:latens:layer:(None, 28, 28, 64) -> (None, 28, 28, 64):conv2d_20
INFO:latens:layer:(None, 28, 28, 64) -> (None, 14, 14, 64):max_pooling2d_2
INFO:latens:layer:(None, 14, 14, 64) -> (None, 14, 14, 64):dropout_4
INFO:latens:layer:(None, 14, 14, 64) -> (None, 14, 14, 32):conv2d_21
INFO:latens:layer:(None, 14, 14, 32) -> (None, 14, 14, 32):conv2d_22
INFO:latens:layer:(None, 14, 14, 32) -> (None, 7, 7, 32):max_pooling2d_3
INFO:latens:layer:(None, 7, 7, 32) -> (None, 7, 7, 32):dropout_5
INFO:latens:layer:(None, 7, 7, 32) -> (None, 7, 7, 32):conv2d_23
INFO:latens:layer:(None, 7, 7, 32) -> (None, 7, 7, 32):conv2d_24
INFO:latens:layer:(None, 7, 7, 32) -> (None, 1568):flatten_1
INFO:latens:layer:(None, 1568) -> (None, 1024):dense_6
INFO:latens:layer:(None, 1024) -> (None, 10):dense_7
2019-03-16 18:15:04.459140: I tensorflow/core/platform/cpu_feature_guard.cc:141] Your CPU supports instructions that this TensorFlow binary was not compiled to use: SSE4.1 SSE4.2 AVX AVX2 FMA
2019-03-16 18:15:04.664216: I tensorflow/core/common_runtime/gpu/gpu_device.cc:1432] Found device 0 with properties: 
name: Tesla K80 major: 3 minor: 7 memoryClockRate(GHz): 0.8235
pciBusID: 0000:09:00.0
totalMemory: 11.17GiB freeMemory: 11.10GiB
2019-03-16 18:15:04.664283: I tensorflow/core/common_runtime/gpu/gpu_device.cc:1511] Adding visible gpu devices: 0
2019-03-16 18:15:05.010736: I tensorflow/core/common_runtime/gpu/gpu_device.cc:982] Device interconnect StreamExecutor with strength 1 edge matrix:
2019-03-16 18:15:05.010807: I tensorflow/core/common_runtime/gpu/gpu_device.cc:988]      0 
2019-03-16 18:15:05.010820: I tensorflow/core/common_runtime/gpu/gpu_device.cc:1001] 0:   N 
2019-03-16 18:15:05.011167: I tensorflow/core/common_runtime/gpu/gpu_device.cc:1115] Created TensorFlow device (/job:localhost/replica:0/task:0/device:GPU:0 with 10757 MB memory) -> physical GPU (device: 0, name: Tesla K80, pci bus id: 0000:09:00.0, compute capability: 3.7)
INFO:latens:test accuracy: 46.5%
INFO:latens:tensorflow 1.12.0, keras 2.1.6-tf
INFO:latens:command: visualize
INFO:latens:visualizing and saving
INFO:latens:Plotting encoding...
DEBUG:latens:encodings: [[ 0.05007329 -0.49162433]
 [ 0.32934967  0.27516648]
 [-0.15424171 -0.46201462]
 ...
 [ 0.01956552  0.01262269]
 [-0.03518917 -0.11864506]
 [ 0.00070586 -0.02858645]]
INFO:latens:saving encodings plot to models/unbalanced_mnist_vaestudent_e300_L2_b64/encodings.pdf
INFO:latens:saving successful
INFO:latens:Plotting sampling...
INFO:latens:saving sampling plot to models/unbalanced_mnist_vaestudent_e300_L2_b64/error_sampling_100.pdf
INFO:latens:saving successful
INFO:latens:saving distribution plot to models/unbalanced_mnist_vaestudent_e300_L2_b64/error_sampling_distribution_100.pdf
INFO:latens:saving successful
INFO:latens:tensorflow 1.12.0, keras 2.1.6-tf
INFO:latens:command: visualize-classifiers
INFO:latens:saving hist losses plot to models/unbalanced_mnist_vaestudent_e300_L2_b64/classifier_val_losses_1000.pdf
INFO:latens:saving successful
INFO:latens:saving hist losses plot to models/unbalanced_mnist_vaestudent_e300_L2_b64/classifier_val_accs_1000.pdf
INFO:latens:saving successful
INFO:latens:saving hist losses plot to models/unbalanced_mnist_vaestudent_e300_L2_b64/classifier_test_losses_1000.pdf
INFO:latens:saving successful
INFO:latens:saving hist losses plot to models/unbalanced_mnist_vaestudent_e300_L2_b64/classifier_test_accs_1000.pdf
INFO:latens:saving successful
INFO:latens:test accs for vaestudent:[0.9272492038216561, 0.62390525477707, 0.9174960191082803, 0.868531050955414, 0.9232683121019108, 0.5766321656050956]
