Starting analysis...
Epoch 1/50

Epoch 00001: saving model to models/unbalanced_mnist_vaestudent_e300_L2_b64/random_classifier_100/cp-0001.hdf5
 - 6s - loss: 2.2876 - acc: 0.1572 - val_loss: 2.2988 - val_acc: 0.0984
Epoch 2/50

Epoch 00002: saving model to models/unbalanced_mnist_vaestudent_e300_L2_b64/random_classifier_100/cp-0002.hdf5
 - 3s - loss: 2.1974 - acc: 0.1953 - val_loss: 2.3616 - val_acc: 0.2472
Epoch 3/50

Epoch 00003: saving model to models/unbalanced_mnist_vaestudent_e300_L2_b64/random_classifier_100/cp-0003.hdf5
 - 3s - loss: 2.0525 - acc: 0.3672 - val_loss: 2.3876 - val_acc: 0.3628
Epoch 4/50

Epoch 00004: saving model to models/unbalanced_mnist_vaestudent_e300_L2_b64/random_classifier_100/cp-0004.hdf5
 - 3s - loss: 1.8410 - acc: 0.4590 - val_loss: 2.1685 - val_acc: 0.3374
Epoch 5/50

Epoch 00005: saving model to models/unbalanced_mnist_vaestudent_e300_L2_b64/random_classifier_100/cp-0005.hdf5
 - 3s - loss: 1.3889 - acc: 0.5547 - val_loss: 1.7525 - val_acc: 0.4506
Epoch 6/50

Epoch 00006: saving model to models/unbalanced_mnist_vaestudent_e300_L2_b64/random_classifier_100/cp-0006.hdf5
 - 3s - loss: 1.0273 - acc: 0.6514 - val_loss: 1.4431 - val_acc: 0.5000
Epoch 7/50

Epoch 00007: saving model to models/unbalanced_mnist_vaestudent_e300_L2_b64/random_classifier_100/cp-0007.hdf5
 - 3s - loss: 0.7586 - acc: 0.7305 - val_loss: 1.1513 - val_acc: 0.6160
Epoch 8/50

Epoch 00008: saving model to models/unbalanced_mnist_vaestudent_e300_L2_b64/random_classifier_100/cp-0008.hdf5
 - 3s - loss: 0.5175 - acc: 0.8193 - val_loss: 1.0432 - val_acc: 0.6803
Epoch 9/50

Epoch 00009: saving model to models/unbalanced_mnist_vaestudent_e300_L2_b64/random_classifier_100/cp-0009.hdf5
 - 3s - loss: 0.3296 - acc: 0.8887 - val_loss: 1.0519 - val_acc: 0.7016
Epoch 10/50

Epoch 00010: saving model to models/unbalanced_mnist_vaestudent_e300_L2_b64/random_classifier_100/cp-0010.hdf5
 - 3s - loss: 0.2300 - acc: 0.9307 - val_loss: 1.0193 - val_acc: 0.7173
Epoch 11/50

Epoch 00011: saving model to models/unbalanced_mnist_vaestudent_e300_L2_b64/random_classifier_100/cp-0011.hdf5
 - 3s - loss: 0.1198 - acc: 0.9697 - val_loss: 1.2712 - val_acc: 0.7223
Epoch 12/50

Epoch 00012: saving model to models/unbalanced_mnist_vaestudent_e300_L2_b64/random_classifier_100/cp-0012.hdf5
 - 3s - loss: 0.1201 - acc: 0.9668 - val_loss: 1.2047 - val_acc: 0.7334
Epoch 13/50

Epoch 00013: saving model to models/unbalanced_mnist_vaestudent_e300_L2_b64/random_classifier_100/cp-0013.hdf5
 - 3s - loss: 0.0585 - acc: 0.9873 - val_loss: 1.2761 - val_acc: 0.7396
Epoch 14/50

Epoch 00014: saving model to models/unbalanced_mnist_vaestudent_e300_L2_b64/random_classifier_100/cp-0014.hdf5
 - 3s - loss: 0.0473 - acc: 0.9854 - val_loss: 1.4010 - val_acc: 0.7326
Epoch 15/50

Epoch 00015: saving model to models/unbalanced_mnist_vaestudent_e300_L2_b64/random_classifier_100/cp-0015.hdf5
 - 3s - loss: 0.0436 - acc: 0.9893 - val_loss: 1.5566 - val_acc: 0.7184
Epoch 16/50

Epoch 00016: saving model to models/unbalanced_mnist_vaestudent_e300_L2_b64/random_classifier_100/cp-0016.hdf5
 - 3s - loss: 0.0253 - acc: 0.9961 - val_loss: 1.5107 - val_acc: 0.7421
Epoch 17/50

Epoch 00017: saving model to models/unbalanced_mnist_vaestudent_e300_L2_b64/random_classifier_100/cp-0017.hdf5
 - 3s - loss: 0.0194 - acc: 0.9961 - val_loss: 1.5276 - val_acc: 0.7421
Epoch 18/50

Epoch 00018: saving model to models/unbalanced_mnist_vaestudent_e300_L2_b64/random_classifier_100/cp-0018.hdf5
 - 3s - loss: 0.0380 - acc: 0.9863 - val_loss: 1.4699 - val_acc: 0.7437
Epoch 19/50

Epoch 00019: saving model to models/unbalanced_mnist_vaestudent_e300_L2_b64/random_classifier_100/cp-0019.hdf5
 - 3s - loss: 0.0185 - acc: 0.9971 - val_loss: 1.5090 - val_acc: 0.7442
Epoch 20/50

Epoch 00020: saving model to models/unbalanced_mnist_vaestudent_e300_L2_b64/random_classifier_100/cp-0020.hdf5
 - 3s - loss: 0.0172 - acc: 0.9980 - val_loss: 1.5989 - val_acc: 0.7280
Epoch 21/50

Epoch 00021: saving model to models/unbalanced_mnist_vaestudent_e300_L2_b64/random_classifier_100/cp-0021.hdf5
 - 3s - loss: 0.0114 - acc: 0.9971 - val_loss: 1.6001 - val_acc: 0.7439
Epoch 22/50

Epoch 00022: saving model to models/unbalanced_mnist_vaestudent_e300_L2_b64/random_classifier_100/cp-0022.hdf5
 - 3s - loss: 0.0109 - acc: 0.9971 - val_loss: 1.5842 - val_acc: 0.7474
Epoch 23/50

Epoch 00023: saving model to models/unbalanced_mnist_vaestudent_e300_L2_b64/random_classifier_100/cp-0023.hdf5
 - 3s - loss: 0.0070 - acc: 1.0000 - val_loss: 1.7068 - val_acc: 0.7485
Epoch 24/50

Epoch 00024: saving model to models/unbalanced_mnist_vaestudent_e300_L2_b64/random_classifier_100/cp-0024.hdf5
 - 3s - loss: 0.0096 - acc: 0.9971 - val_loss: 1.6290 - val_acc: 0.7481
Epoch 25/50

Epoch 00025: saving model to models/unbalanced_mnist_vaestudent_e300_L2_b64/random_classifier_100/cp-0025.hdf5
 - 3s - loss: 0.0060 - acc: 0.9990 - val_loss: 1.7727 - val_acc: 0.7399
Epoch 26/50

Epoch 00026: saving model to models/unbalanced_mnist_vaestudent_e300_L2_b64/random_classifier_100/cp-0026.hdf5
 - 3s - loss: 0.0092 - acc: 0.9971 - val_loss: 1.7982 - val_acc: 0.7365
Epoch 27/50

Epoch 00027: saving model to models/unbalanced_mnist_vaestudent_e300_L2_b64/random_classifier_100/cp-0027.hdf5
 - 3s - loss: 0.0067 - acc: 0.9990 - val_loss: 1.7225 - val_acc: 0.7472
Epoch 28/50

Epoch 00028: saving model to models/unbalanced_mnist_vaestudent_e300_L2_b64/random_classifier_100/cp-0028.hdf5
 - 3s - loss: 0.0059 - acc: 0.9990 - val_loss: 1.7752 - val_acc: 0.7480
Epoch 29/50

Epoch 00029: saving model to models/unbalanced_mnist_vaestudent_e300_L2_b64/random_classifier_100/cp-0029.hdf5
 - 3s - loss: 0.0065 - acc: 0.9980 - val_loss: 1.7315 - val_acc: 0.7479
Epoch 30/50

Epoch 00030: saving model to models/unbalanced_mnist_vaestudent_e300_L2_b64/random_classifier_100/cp-0030.hdf5
 - 3s - loss: 0.0043 - acc: 1.0000 - val_loss: 1.8723 - val_acc: 0.7367
Epoch 31/50

Epoch 00031: saving model to models/unbalanced_mnist_vaestudent_e300_L2_b64/random_classifier_100/cp-0031.hdf5
 - 3s - loss: 0.0078 - acc: 0.9980 - val_loss: 1.8535 - val_acc: 0.7387
Epoch 32/50

Epoch 00032: saving model to models/unbalanced_mnist_vaestudent_e300_L2_b64/random_classifier_100/cp-0032.hdf5
 - 3s - loss: 0.0048 - acc: 0.9990 - val_loss: 1.8570 - val_acc: 0.7427
Epoch 33/50

Epoch 00033: saving model to models/unbalanced_mnist_vaestudent_e300_L2_b64/random_classifier_100/cp-0033.hdf5
 - 3s - loss: 0.0052 - acc: 0.9980 - val_loss: 1.8800 - val_acc: 0.7387
Epoch 34/50

Epoch 00034: saving model to models/unbalanced_mnist_vaestudent_e300_L2_b64/random_classifier_100/cp-0034.hdf5
 - 3s - loss: 0.0031 - acc: 0.9990 - val_loss: 1.8241 - val_acc: 0.7425
Epoch 35/50

Epoch 00035: saving model to models/unbalanced_mnist_vaestudent_e300_L2_b64/random_classifier_100/cp-0035.hdf5
 - 3s - loss: 0.0036 - acc: 0.9990 - val_loss: 1.9255 - val_acc: 0.7353
Epoch 36/50

Epoch 00036: saving model to models/unbalanced_mnist_vaestudent_e300_L2_b64/random_classifier_100/cp-0036.hdf5
 - 3s - loss: 0.0024 - acc: 1.0000 - val_loss: 1.9076 - val_acc: 0.7431
Epoch 37/50

Epoch 00037: saving model to models/unbalanced_mnist_vaestudent_e300_L2_b64/random_classifier_100/cp-0037.hdf5
 - 3s - loss: 0.0031 - acc: 0.9990 - val_loss: 1.9790 - val_acc: 0.7424
Epoch 38/50

Epoch 00038: saving model to models/unbalanced_mnist_vaestudent_e300_L2_b64/random_classifier_100/cp-0038.hdf5
 - 3s - loss: 0.0030 - acc: 1.0000 - val_loss: 1.9081 - val_acc: 0.7431
Epoch 39/50

Epoch 00039: saving model to models/unbalanced_mnist_vaestudent_e300_L2_b64/random_classifier_100/cp-0039.hdf5
 - 3s - loss: 0.0043 - acc: 0.9990 - val_loss: 1.8328 - val_acc: 0.7518
Epoch 40/50

Epoch 00040: saving model to models/unbalanced_mnist_vaestudent_e300_L2_b64/random_classifier_100/cp-0040.hdf5
 - 3s - loss: 0.0033 - acc: 0.9990 - val_loss: 1.8527 - val_acc: 0.7509
Epoch 41/50

Epoch 00041: saving model to models/unbalanced_mnist_vaestudent_e300_L2_b64/random_classifier_100/cp-0041.hdf5
 - 3s - loss: 0.0034 - acc: 0.9990 - val_loss: 1.8845 - val_acc: 0.7499
Epoch 42/50

Epoch 00042: saving model to models/unbalanced_mnist_vaestudent_e300_L2_b64/random_classifier_100/cp-0042.hdf5
 - 3s - loss: 0.0043 - acc: 0.9990 - val_loss: 1.8604 - val_acc: 0.7508
Epoch 43/50

Epoch 00043: saving model to models/unbalanced_mnist_vaestudent_e300_L2_b64/random_classifier_100/cp-0043.hdf5
 - 3s - loss: 0.0015 - acc: 1.0000 - val_loss: 1.8964 - val_acc: 0.7498
Epoch 44/50

Epoch 00044: saving model to models/unbalanced_mnist_vaestudent_e300_L2_b64/random_classifier_100/cp-0044.hdf5
 - 3s - loss: 0.0029 - acc: 1.0000 - val_loss: 1.8723 - val_acc: 0.7485
Epoch 45/50

Epoch 00045: saving model to models/unbalanced_mnist_vaestudent_e300_L2_b64/random_classifier_100/cp-0045.hdf5
 - 3s - loss: 0.0014 - acc: 1.0000 - val_loss: 1.9880 - val_acc: 0.7403
Epoch 46/50

Epoch 00046: saving model to models/unbalanced_mnist_vaestudent_e300_L2_b64/random_classifier_100/cp-0046.hdf5
 - 3s - loss: 0.0034 - acc: 0.9990 - val_loss: 1.9456 - val_acc: 0.7458
Epoch 47/50

Epoch 00047: saving model to models/unbalanced_mnist_vaestudent_e300_L2_b64/random_classifier_100/cp-0047.hdf5
 - 3s - loss: 0.0067 - acc: 0.9971 - val_loss: 2.1377 - val_acc: 0.7356
Epoch 48/50

Epoch 00048: saving model to models/unbalanced_mnist_vaestudent_e300_L2_b64/random_classifier_100/cp-0048.hdf5
 - 3s - loss: 0.0036 - acc: 0.9980 - val_loss: 1.9140 - val_acc: 0.7477
Epoch 49/50

Epoch 00049: saving model to models/unbalanced_mnist_vaestudent_e300_L2_b64/random_classifier_100/cp-0049.hdf5
 - 3s - loss: 0.0021 - acc: 1.0000 - val_loss: 1.9276 - val_acc: 0.7488
Epoch 50/50

Epoch 00050: saving model to models/unbalanced_mnist_vaestudent_e300_L2_b64/random_classifier_100/cp-0050.hdf5
 - 3s - loss: 0.0023 - acc: 1.0000 - val_loss: 1.9017 - val_acc: 0.7513
Epoch 1/50

Epoch 00001: saving model to models/unbalanced_mnist_vaestudent_e300_L2_b64/normal_classifier_100/cp-0001.hdf5
 - 5s - loss: 2.2789 - acc: 0.1689 - val_loss: 2.3021 - val_acc: 0.0980
Epoch 2/50

Epoch 00002: saving model to models/unbalanced_mnist_vaestudent_e300_L2_b64/normal_classifier_100/cp-0002.hdf5
 - 3s - loss: 2.1782 - acc: 0.1641 - val_loss: 2.4135 - val_acc: 0.0978
Epoch 3/50

Epoch 00003: saving model to models/unbalanced_mnist_vaestudent_e300_L2_b64/normal_classifier_100/cp-0003.hdf5
 - 3s - loss: 2.1001 - acc: 0.2148 - val_loss: 2.3974 - val_acc: 0.1779
Epoch 4/50

Epoch 00004: saving model to models/unbalanced_mnist_vaestudent_e300_L2_b64/normal_classifier_100/cp-0004.hdf5
 - 3s - loss: 1.9769 - acc: 0.3223 - val_loss: 2.3193 - val_acc: 0.2881
Epoch 5/50

Epoch 00005: saving model to models/unbalanced_mnist_vaestudent_e300_L2_b64/normal_classifier_100/cp-0005.hdf5
 - 3s - loss: 1.6913 - acc: 0.4629 - val_loss: 1.9963 - val_acc: 0.3227
Epoch 6/50

Epoch 00006: saving model to models/unbalanced_mnist_vaestudent_e300_L2_b64/normal_classifier_100/cp-0006.hdf5
 - 3s - loss: 1.2950 - acc: 0.5898 - val_loss: 2.1625 - val_acc: 0.4959
Epoch 7/50

Epoch 00007: saving model to models/unbalanced_mnist_vaestudent_e300_L2_b64/normal_classifier_100/cp-0007.hdf5
 - 3s - loss: 0.9816 - acc: 0.6973 - val_loss: 1.6152 - val_acc: 0.5795
Epoch 8/50

Epoch 00008: saving model to models/unbalanced_mnist_vaestudent_e300_L2_b64/normal_classifier_100/cp-0008.hdf5
 - 3s - loss: 0.6699 - acc: 0.7881 - val_loss: 1.3718 - val_acc: 0.6132
Epoch 9/50

Epoch 00009: saving model to models/unbalanced_mnist_vaestudent_e300_L2_b64/normal_classifier_100/cp-0009.hdf5
 - 3s - loss: 0.5227 - acc: 0.8516 - val_loss: 1.2529 - val_acc: 0.6927
Epoch 10/50

Epoch 00010: saving model to models/unbalanced_mnist_vaestudent_e300_L2_b64/normal_classifier_100/cp-0010.hdf5
 - 3s - loss: 0.2510 - acc: 0.9326 - val_loss: 1.5188 - val_acc: 0.7066
Epoch 11/50

Epoch 00011: saving model to models/unbalanced_mnist_vaestudent_e300_L2_b64/normal_classifier_100/cp-0011.hdf5
 - 3s - loss: 0.1421 - acc: 0.9619 - val_loss: 1.6938 - val_acc: 0.7114
Epoch 12/50

Epoch 00012: saving model to models/unbalanced_mnist_vaestudent_e300_L2_b64/normal_classifier_100/cp-0012.hdf5
 - 3s - loss: 0.0813 - acc: 0.9824 - val_loss: 1.8949 - val_acc: 0.7063
Epoch 13/50

Epoch 00013: saving model to models/unbalanced_mnist_vaestudent_e300_L2_b64/normal_classifier_100/cp-0013.hdf5
 - 3s - loss: 0.0508 - acc: 0.9893 - val_loss: 1.9921 - val_acc: 0.7245
Epoch 14/50

Epoch 00014: saving model to models/unbalanced_mnist_vaestudent_e300_L2_b64/normal_classifier_100/cp-0014.hdf5
 - 3s - loss: 0.0224 - acc: 1.0000 - val_loss: 2.1057 - val_acc: 0.7204
Epoch 15/50

Epoch 00015: saving model to models/unbalanced_mnist_vaestudent_e300_L2_b64/normal_classifier_100/cp-0015.hdf5
 - 3s - loss: 0.0160 - acc: 0.9980 - val_loss: 2.1912 - val_acc: 0.7252
Epoch 16/50

Epoch 00016: saving model to models/unbalanced_mnist_vaestudent_e300_L2_b64/normal_classifier_100/cp-0016.hdf5
 - 3s - loss: 0.0176 - acc: 0.9961 - val_loss: 2.2160 - val_acc: 0.7312
Epoch 17/50

Epoch 00017: saving model to models/unbalanced_mnist_vaestudent_e300_L2_b64/normal_classifier_100/cp-0017.hdf5
 - 3s - loss: 0.0123 - acc: 0.9990 - val_loss: 2.2636 - val_acc: 0.7280
Epoch 18/50

Epoch 00018: saving model to models/unbalanced_mnist_vaestudent_e300_L2_b64/normal_classifier_100/cp-0018.hdf5
 - 3s - loss: 0.0132 - acc: 0.9990 - val_loss: 2.3213 - val_acc: 0.7285
Epoch 19/50

Epoch 00019: saving model to models/unbalanced_mnist_vaestudent_e300_L2_b64/normal_classifier_100/cp-0019.hdf5
 - 3s - loss: 0.0244 - acc: 0.9932 - val_loss: 2.2979 - val_acc: 0.7283
Epoch 20/50

Epoch 00020: saving model to models/unbalanced_mnist_vaestudent_e300_L2_b64/normal_classifier_100/cp-0020.hdf5
 - 3s - loss: 0.0063 - acc: 1.0000 - val_loss: 2.3504 - val_acc: 0.7290
Epoch 21/50

Epoch 00021: saving model to models/unbalanced_mnist_vaestudent_e300_L2_b64/normal_classifier_100/cp-0021.hdf5
 - 3s - loss: 0.0103 - acc: 0.9980 - val_loss: 2.3923 - val_acc: 0.7283
Epoch 22/50

Epoch 00022: saving model to models/unbalanced_mnist_vaestudent_e300_L2_b64/normal_classifier_100/cp-0022.hdf5
 - 3s - loss: 0.0055 - acc: 1.0000 - val_loss: 2.4169 - val_acc: 0.7269
Epoch 23/50

Epoch 00023: saving model to models/unbalanced_mnist_vaestudent_e300_L2_b64/normal_classifier_100/cp-0023.hdf5
 - 3s - loss: 0.0084 - acc: 0.9980 - val_loss: 2.4431 - val_acc: 0.7253
Epoch 24/50

Epoch 00024: saving model to models/unbalanced_mnist_vaestudent_e300_L2_b64/normal_classifier_100/cp-0024.hdf5
 - 3s - loss: 0.0039 - acc: 1.0000 - val_loss: 2.4762 - val_acc: 0.7250
Epoch 25/50

Epoch 00025: saving model to models/unbalanced_mnist_vaestudent_e300_L2_b64/normal_classifier_100/cp-0025.hdf5
 - 3s - loss: 0.0064 - acc: 0.9990 - val_loss: 2.4652 - val_acc: 0.7298
Epoch 26/50

Epoch 00026: saving model to models/unbalanced_mnist_vaestudent_e300_L2_b64/normal_classifier_100/cp-0026.hdf5
 - 3s - loss: 0.0040 - acc: 1.0000 - val_loss: 2.5326 - val_acc: 0.7260
Epoch 27/50

Epoch 00027: saving model to models/unbalanced_mnist_vaestudent_e300_L2_b64/normal_classifier_100/cp-0027.hdf5
 - 3s - loss: 0.0038 - acc: 1.0000 - val_loss: 2.4810 - val_acc: 0.7351
Epoch 28/50

Epoch 00028: saving model to models/unbalanced_mnist_vaestudent_e300_L2_b64/normal_classifier_100/cp-0028.hdf5
 - 3s - loss: 0.0041 - acc: 0.9990 - val_loss: 2.5264 - val_acc: 0.7281
Epoch 29/50

Epoch 00029: saving model to models/unbalanced_mnist_vaestudent_e300_L2_b64/normal_classifier_100/cp-0029.hdf5
 - 3s - loss: 0.0032 - acc: 1.0000 - val_loss: 2.5242 - val_acc: 0.7285
Epoch 30/50

Epoch 00030: saving model to models/unbalanced_mnist_vaestudent_e300_L2_b64/normal_classifier_100/cp-0030.hdf5
 - 3s - loss: 0.0072 - acc: 0.9980 - val_loss: 2.5544 - val_acc: 0.7277
Epoch 31/50

Epoch 00031: saving model to models/unbalanced_mnist_vaestudent_e300_L2_b64/normal_classifier_100/cp-0031.hdf5
 - 3s - loss: 0.0027 - acc: 1.0000 - val_loss: 2.5064 - val_acc: 0.7342
Epoch 32/50

Epoch 00032: saving model to models/unbalanced_mnist_vaestudent_e300_L2_b64/normal_classifier_100/cp-0032.hdf5
 - 3s - loss: 0.0016 - acc: 1.0000 - val_loss: 2.5374 - val_acc: 0.7327
Epoch 33/50

Epoch 00033: saving model to models/unbalanced_mnist_vaestudent_e300_L2_b64/normal_classifier_100/cp-0033.hdf5
 - 3s - loss: 0.0020 - acc: 1.0000 - val_loss: 2.5336 - val_acc: 0.7367
Epoch 34/50

Epoch 00034: saving model to models/unbalanced_mnist_vaestudent_e300_L2_b64/normal_classifier_100/cp-0034.hdf5
 - 3s - loss: 0.0023 - acc: 1.0000 - val_loss: 2.6067 - val_acc: 0.7284
Epoch 35/50

Epoch 00035: saving model to models/unbalanced_mnist_vaestudent_e300_L2_b64/normal_classifier_100/cp-0035.hdf5
 - 3s - loss: 0.0020 - acc: 1.0000 - val_loss: 2.6059 - val_acc: 0.7288
Epoch 36/50

Epoch 00036: saving model to models/unbalanced_mnist_vaestudent_e300_L2_b64/normal_classifier_100/cp-0036.hdf5
 - 3s - loss: 0.0044 - acc: 0.9980 - val_loss: 2.5591 - val_acc: 0.7370
Epoch 37/50

Epoch 00037: saving model to models/unbalanced_mnist_vaestudent_e300_L2_b64/normal_classifier_100/cp-0037.hdf5
 - 3s - loss: 0.0034 - acc: 0.9990 - val_loss: 2.5763 - val_acc: 0.7340
Epoch 38/50

Epoch 00038: saving model to models/unbalanced_mnist_vaestudent_e300_L2_b64/normal_classifier_100/cp-0038.hdf5
 - 3s - loss: 0.0027 - acc: 1.0000 - val_loss: 2.6025 - val_acc: 0.7336
Epoch 39/50

Epoch 00039: saving model to models/unbalanced_mnist_vaestudent_e300_L2_b64/normal_classifier_100/cp-0039.hdf5
 - 3s - loss: 0.0021 - acc: 1.0000 - val_loss: 2.6010 - val_acc: 0.7366
Epoch 40/50

Epoch 00040: saving model to models/unbalanced_mnist_vaestudent_e300_L2_b64/normal_classifier_100/cp-0040.hdf5
 - 3s - loss: 0.0035 - acc: 0.9980 - val_loss: 2.6133 - val_acc: 0.7347
Epoch 41/50

Epoch 00041: saving model to models/unbalanced_mnist_vaestudent_e300_L2_b64/normal_classifier_100/cp-0041.hdf5
 - 3s - loss: 0.0041 - acc: 0.9990 - val_loss: 2.6128 - val_acc: 0.7338
Epoch 42/50

Epoch 00042: saving model to models/unbalanced_mnist_vaestudent_e300_L2_b64/normal_classifier_100/cp-0042.hdf5
 - 3s - loss: 0.0019 - acc: 1.0000 - val_loss: 2.6141 - val_acc: 0.7343
Epoch 43/50

Epoch 00043: saving model to models/unbalanced_mnist_vaestudent_e300_L2_b64/normal_classifier_100/cp-0043.hdf5
 - 3s - loss: 7.7771e-04 - acc: 1.0000 - val_loss: 2.6130 - val_acc: 0.7340
Epoch 44/50

Epoch 00044: saving model to models/unbalanced_mnist_vaestudent_e300_L2_b64/normal_classifier_100/cp-0044.hdf5
 - 3s - loss: 0.0017 - acc: 1.0000 - val_loss: 2.6523 - val_acc: 0.7331
Epoch 45/50

Epoch 00045: saving model to models/unbalanced_mnist_vaestudent_e300_L2_b64/normal_classifier_100/cp-0045.hdf5
 - 3s - loss: 0.0021 - acc: 0.9990 - val_loss: 2.6336 - val_acc: 0.7339
Epoch 46/50

Epoch 00046: saving model to models/unbalanced_mnist_vaestudent_e300_L2_b64/normal_classifier_100/cp-0046.hdf5
 - 3s - loss: 6.7676e-04 - acc: 1.0000 - val_loss: 2.6479 - val_acc: 0.7327
Epoch 47/50

Epoch 00047: saving model to models/unbalanced_mnist_vaestudent_e300_L2_b64/normal_classifier_100/cp-0047.hdf5
 - 3s - loss: 0.0015 - acc: 1.0000 - val_loss: 2.6837 - val_acc: 0.7307
Epoch 48/50

Epoch 00048: saving model to models/unbalanced_mnist_vaestudent_e300_L2_b64/normal_classifier_100/cp-0048.hdf5
 - 3s - loss: 0.0013 - acc: 1.0000 - val_loss: 2.6487 - val_acc: 0.7368
Epoch 49/50

Epoch 00049: saving model to models/unbalanced_mnist_vaestudent_e300_L2_b64/normal_classifier_100/cp-0049.hdf5
 - 3s - loss: 0.0017 - acc: 1.0000 - val_loss: 2.6468 - val_acc: 0.7314
Epoch 50/50

Epoch 00050: saving model to models/unbalanced_mnist_vaestudent_e300_L2_b64/normal_classifier_100/cp-0050.hdf5
 - 3s - loss: 0.0021 - acc: 0.9990 - val_loss: 2.6577 - val_acc: 0.7333
Epoch 1/50

Epoch 00001: saving model to models/unbalanced_mnist_vaestudent_e300_L2_b64/multi-normal_classifier_100/cp-0001.hdf5
 - 6s - loss: 2.2929 - acc: 0.1709 - val_loss: 2.2996 - val_acc: 0.1694
Epoch 2/50

Epoch 00002: saving model to models/unbalanced_mnist_vaestudent_e300_L2_b64/multi-normal_classifier_100/cp-0002.hdf5
 - 3s - loss: 2.2384 - acc: 0.2568 - val_loss: 2.3161 - val_acc: 0.1813
Epoch 3/50

Epoch 00003: saving model to models/unbalanced_mnist_vaestudent_e300_L2_b64/multi-normal_classifier_100/cp-0003.hdf5
 - 3s - loss: 2.1050 - acc: 0.2754 - val_loss: 2.3558 - val_acc: 0.2089
Epoch 4/50

Epoch 00004: saving model to models/unbalanced_mnist_vaestudent_e300_L2_b64/multi-normal_classifier_100/cp-0004.hdf5
 - 3s - loss: 1.8439 - acc: 0.4062 - val_loss: 2.1296 - val_acc: 0.3852
Epoch 5/50

Epoch 00005: saving model to models/unbalanced_mnist_vaestudent_e300_L2_b64/multi-normal_classifier_100/cp-0005.hdf5
 - 3s - loss: 1.4334 - acc: 0.5498 - val_loss: 1.6351 - val_acc: 0.5034
Epoch 6/50

Epoch 00006: saving model to models/unbalanced_mnist_vaestudent_e300_L2_b64/multi-normal_classifier_100/cp-0006.hdf5
 - 3s - loss: 1.0594 - acc: 0.6641 - val_loss: 1.5626 - val_acc: 0.5364
Epoch 7/50

Epoch 00007: saving model to models/unbalanced_mnist_vaestudent_e300_L2_b64/multi-normal_classifier_100/cp-0007.hdf5
 - 3s - loss: 0.8001 - acc: 0.7432 - val_loss: 1.4372 - val_acc: 0.5870
Epoch 8/50

Epoch 00008: saving model to models/unbalanced_mnist_vaestudent_e300_L2_b64/multi-normal_classifier_100/cp-0008.hdf5
 - 3s - loss: 0.6036 - acc: 0.8076 - val_loss: 1.3706 - val_acc: 0.5983
Epoch 9/50

Epoch 00009: saving model to models/unbalanced_mnist_vaestudent_e300_L2_b64/multi-normal_classifier_100/cp-0009.hdf5
 - 3s - loss: 0.4568 - acc: 0.8467 - val_loss: 1.1818 - val_acc: 0.6553
Epoch 10/50

Epoch 00010: saving model to models/unbalanced_mnist_vaestudent_e300_L2_b64/multi-normal_classifier_100/cp-0010.hdf5
 - 3s - loss: 0.3966 - acc: 0.8799 - val_loss: 1.2800 - val_acc: 0.6293
Epoch 11/50

Epoch 00011: saving model to models/unbalanced_mnist_vaestudent_e300_L2_b64/multi-normal_classifier_100/cp-0011.hdf5
 - 3s - loss: 0.2247 - acc: 0.9326 - val_loss: 1.3838 - val_acc: 0.6457
Epoch 12/50

Epoch 00012: saving model to models/unbalanced_mnist_vaestudent_e300_L2_b64/multi-normal_classifier_100/cp-0012.hdf5
 - 3s - loss: 0.1687 - acc: 0.9434 - val_loss: 1.4623 - val_acc: 0.6611
Epoch 13/50

Epoch 00013: saving model to models/unbalanced_mnist_vaestudent_e300_L2_b64/multi-normal_classifier_100/cp-0013.hdf5
 - 3s - loss: 0.1295 - acc: 0.9590 - val_loss: 1.5197 - val_acc: 0.6583
Epoch 14/50

Epoch 00014: saving model to models/unbalanced_mnist_vaestudent_e300_L2_b64/multi-normal_classifier_100/cp-0014.hdf5
 - 3s - loss: 0.0595 - acc: 0.9863 - val_loss: 1.7104 - val_acc: 0.6635
Epoch 15/50

Epoch 00015: saving model to models/unbalanced_mnist_vaestudent_e300_L2_b64/multi-normal_classifier_100/cp-0015.hdf5
 - 3s - loss: 0.0438 - acc: 0.9873 - val_loss: 1.9100 - val_acc: 0.6483
Epoch 16/50

Epoch 00016: saving model to models/unbalanced_mnist_vaestudent_e300_L2_b64/multi-normal_classifier_100/cp-0016.hdf5
 - 3s - loss: 0.0367 - acc: 0.9922 - val_loss: 1.7805 - val_acc: 0.6696
Epoch 17/50

Epoch 00017: saving model to models/unbalanced_mnist_vaestudent_e300_L2_b64/multi-normal_classifier_100/cp-0017.hdf5
 - 3s - loss: 0.0273 - acc: 0.9951 - val_loss: 1.9505 - val_acc: 0.6625
Epoch 18/50

Epoch 00018: saving model to models/unbalanced_mnist_vaestudent_e300_L2_b64/multi-normal_classifier_100/cp-0018.hdf5
 - 3s - loss: 0.0152 - acc: 0.9980 - val_loss: 2.0160 - val_acc: 0.6600
Epoch 19/50

Epoch 00019: saving model to models/unbalanced_mnist_vaestudent_e300_L2_b64/multi-normal_classifier_100/cp-0019.hdf5
 - 3s - loss: 0.0130 - acc: 0.9990 - val_loss: 2.1078 - val_acc: 0.6576
Epoch 20/50

Epoch 00020: saving model to models/unbalanced_mnist_vaestudent_e300_L2_b64/multi-normal_classifier_100/cp-0020.hdf5
 - 3s - loss: 0.0106 - acc: 0.9971 - val_loss: 1.9933 - val_acc: 0.6678
Epoch 21/50

Epoch 00021: saving model to models/unbalanced_mnist_vaestudent_e300_L2_b64/multi-normal_classifier_100/cp-0021.hdf5
 - 3s - loss: 0.0125 - acc: 0.9951 - val_loss: 2.0673 - val_acc: 0.6690
Epoch 22/50

Epoch 00022: saving model to models/unbalanced_mnist_vaestudent_e300_L2_b64/multi-normal_classifier_100/cp-0022.hdf5
 - 3s - loss: 0.0079 - acc: 0.9990 - val_loss: 2.1598 - val_acc: 0.6627
Epoch 23/50

Epoch 00023: saving model to models/unbalanced_mnist_vaestudent_e300_L2_b64/multi-normal_classifier_100/cp-0023.hdf5
 - 3s - loss: 0.0065 - acc: 1.0000 - val_loss: 2.1234 - val_acc: 0.6662
Epoch 24/50

Epoch 00024: saving model to models/unbalanced_mnist_vaestudent_e300_L2_b64/multi-normal_classifier_100/cp-0024.hdf5
 - 3s - loss: 0.0091 - acc: 0.9971 - val_loss: 2.0586 - val_acc: 0.6795
Epoch 25/50

Epoch 00025: saving model to models/unbalanced_mnist_vaestudent_e300_L2_b64/multi-normal_classifier_100/cp-0025.hdf5
 - 3s - loss: 0.0068 - acc: 0.9990 - val_loss: 2.1818 - val_acc: 0.6737
Epoch 26/50

Epoch 00026: saving model to models/unbalanced_mnist_vaestudent_e300_L2_b64/multi-normal_classifier_100/cp-0026.hdf5
 - 3s - loss: 0.0051 - acc: 0.9990 - val_loss: 2.3059 - val_acc: 0.6630
Epoch 27/50

Epoch 00027: saving model to models/unbalanced_mnist_vaestudent_e300_L2_b64/multi-normal_classifier_100/cp-0027.hdf5
 - 3s - loss: 0.0076 - acc: 0.9980 - val_loss: 2.2694 - val_acc: 0.6689
Epoch 28/50

Epoch 00028: saving model to models/unbalanced_mnist_vaestudent_e300_L2_b64/multi-normal_classifier_100/cp-0028.hdf5
 - 3s - loss: 0.0074 - acc: 0.9990 - val_loss: 2.2032 - val_acc: 0.6721
Epoch 29/50

Epoch 00029: saving model to models/unbalanced_mnist_vaestudent_e300_L2_b64/multi-normal_classifier_100/cp-0029.hdf5
 - 3s - loss: 0.0031 - acc: 1.0000 - val_loss: 2.2000 - val_acc: 0.6756
Epoch 30/50

Epoch 00030: saving model to models/unbalanced_mnist_vaestudent_e300_L2_b64/multi-normal_classifier_100/cp-0030.hdf5
 - 3s - loss: 0.0033 - acc: 0.9990 - val_loss: 2.2482 - val_acc: 0.6718
Epoch 31/50

Epoch 00031: saving model to models/unbalanced_mnist_vaestudent_e300_L2_b64/multi-normal_classifier_100/cp-0031.hdf5
 - 3s - loss: 0.0077 - acc: 0.9961 - val_loss: 2.2148 - val_acc: 0.6731
Epoch 32/50

Epoch 00032: saving model to models/unbalanced_mnist_vaestudent_e300_L2_b64/multi-normal_classifier_100/cp-0032.hdf5
 - 3s - loss: 0.0052 - acc: 0.9990 - val_loss: 2.2625 - val_acc: 0.6717
Epoch 33/50

Epoch 00033: saving model to models/unbalanced_mnist_vaestudent_e300_L2_b64/multi-normal_classifier_100/cp-0033.hdf5
 - 3s - loss: 0.0057 - acc: 0.9980 - val_loss: 2.2318 - val_acc: 0.6751
Epoch 34/50

Epoch 00034: saving model to models/unbalanced_mnist_vaestudent_e300_L2_b64/multi-normal_classifier_100/cp-0034.hdf5
 - 3s - loss: 0.0028 - acc: 1.0000 - val_loss: 2.3095 - val_acc: 0.6726
Epoch 35/50

Epoch 00035: saving model to models/unbalanced_mnist_vaestudent_e300_L2_b64/multi-normal_classifier_100/cp-0035.hdf5
 - 3s - loss: 0.0027 - acc: 1.0000 - val_loss: 2.2375 - val_acc: 0.6766
Epoch 36/50

Epoch 00036: saving model to models/unbalanced_mnist_vaestudent_e300_L2_b64/multi-normal_classifier_100/cp-0036.hdf5
 - 3s - loss: 0.0036 - acc: 0.9990 - val_loss: 2.2423 - val_acc: 0.6780
Epoch 37/50

Epoch 00037: saving model to models/unbalanced_mnist_vaestudent_e300_L2_b64/multi-normal_classifier_100/cp-0037.hdf5
 - 3s - loss: 0.0022 - acc: 1.0000 - val_loss: 2.2508 - val_acc: 0.6807
Epoch 38/50

Epoch 00038: saving model to models/unbalanced_mnist_vaestudent_e300_L2_b64/multi-normal_classifier_100/cp-0038.hdf5
 - 3s - loss: 0.0029 - acc: 1.0000 - val_loss: 2.3335 - val_acc: 0.6726
Epoch 39/50

Epoch 00039: saving model to models/unbalanced_mnist_vaestudent_e300_L2_b64/multi-normal_classifier_100/cp-0039.hdf5
 - 3s - loss: 0.0043 - acc: 0.9990 - val_loss: 2.4069 - val_acc: 0.6712
Epoch 40/50

Epoch 00040: saving model to models/unbalanced_mnist_vaestudent_e300_L2_b64/multi-normal_classifier_100/cp-0040.hdf5
 - 3s - loss: 0.0022 - acc: 0.9990 - val_loss: 2.3800 - val_acc: 0.6723
Epoch 41/50

Epoch 00041: saving model to models/unbalanced_mnist_vaestudent_e300_L2_b64/multi-normal_classifier_100/cp-0041.hdf5
 - 3s - loss: 0.0033 - acc: 1.0000 - val_loss: 2.4329 - val_acc: 0.6660
Epoch 42/50

Epoch 00042: saving model to models/unbalanced_mnist_vaestudent_e300_L2_b64/multi-normal_classifier_100/cp-0042.hdf5
 - 3s - loss: 0.0021 - acc: 1.0000 - val_loss: 2.3861 - val_acc: 0.6722
Epoch 43/50

Epoch 00043: saving model to models/unbalanced_mnist_vaestudent_e300_L2_b64/multi-normal_classifier_100/cp-0043.hdf5
 - 3s - loss: 0.0016 - acc: 1.0000 - val_loss: 2.3337 - val_acc: 0.6767
Epoch 44/50

Epoch 00044: saving model to models/unbalanced_mnist_vaestudent_e300_L2_b64/multi-normal_classifier_100/cp-0044.hdf5
 - 3s - loss: 0.0030 - acc: 0.9990 - val_loss: 2.4528 - val_acc: 0.6688
Epoch 45/50

Epoch 00045: saving model to models/unbalanced_mnist_vaestudent_e300_L2_b64/multi-normal_classifier_100/cp-0045.hdf5
 - 3s - loss: 0.0015 - acc: 1.0000 - val_loss: 2.3013 - val_acc: 0.6835
Epoch 46/50

Epoch 00046: saving model to models/unbalanced_mnist_vaestudent_e300_L2_b64/multi-normal_classifier_100/cp-0046.hdf5
 - 3s - loss: 0.0019 - acc: 1.0000 - val_loss: 2.2319 - val_acc: 0.6903
Epoch 47/50

Epoch 00047: saving model to models/unbalanced_mnist_vaestudent_e300_L2_b64/multi-normal_classifier_100/cp-0047.hdf5
 - 3s - loss: 0.0011 - acc: 1.0000 - val_loss: 2.3580 - val_acc: 0.6787
Epoch 48/50

Epoch 00048: saving model to models/unbalanced_mnist_vaestudent_e300_L2_b64/multi-normal_classifier_100/cp-0048.hdf5
 - 3s - loss: 0.0029 - acc: 0.9990 - val_loss: 2.2951 - val_acc: 0.6836
Epoch 49/50

Epoch 00049: saving model to models/unbalanced_mnist_vaestudent_e300_L2_b64/multi-normal_classifier_100/cp-0049.hdf5
 - 3s - loss: 0.0036 - acc: 0.9980 - val_loss: 2.2262 - val_acc: 0.6899
Epoch 50/50

Epoch 00050: saving model to models/unbalanced_mnist_vaestudent_e300_L2_b64/multi-normal_classifier_100/cp-0050.hdf5
 - 3s - loss: 0.0018 - acc: 0.9990 - val_loss: 2.3121 - val_acc: 0.6835
Epoch 1/50

Epoch 00001: saving model to models/unbalanced_mnist_vaestudent_e300_L2_b64/uniform_classifier_100/cp-0001.hdf5
 - 5s - loss: 2.2624 - acc: 0.2920 - val_loss: 2.3035 - val_acc: 0.0980
Epoch 2/50

Epoch 00002: saving model to models/unbalanced_mnist_vaestudent_e300_L2_b64/uniform_classifier_100/cp-0002.hdf5
 - 3s - loss: 1.9026 - acc: 0.2744 - val_loss: 2.8423 - val_acc: 0.1165
Epoch 3/50

Epoch 00003: saving model to models/unbalanced_mnist_vaestudent_e300_L2_b64/uniform_classifier_100/cp-0003.hdf5
 - 3s - loss: 1.1711 - acc: 0.7021 - val_loss: 4.6571 - val_acc: 0.2560
Epoch 4/50

Epoch 00004: saving model to models/unbalanced_mnist_vaestudent_e300_L2_b64/uniform_classifier_100/cp-0004.hdf5
 - 3s - loss: 0.6951 - acc: 0.7881 - val_loss: 4.3921 - val_acc: 0.3044
Epoch 5/50

Epoch 00005: saving model to models/unbalanced_mnist_vaestudent_e300_L2_b64/uniform_classifier_100/cp-0005.hdf5
 - 3s - loss: 0.5098 - acc: 0.8379 - val_loss: 4.3983 - val_acc: 0.3430
Epoch 6/50

Epoch 00006: saving model to models/unbalanced_mnist_vaestudent_e300_L2_b64/uniform_classifier_100/cp-0006.hdf5
 - 3s - loss: 0.2968 - acc: 0.9033 - val_loss: 4.9902 - val_acc: 0.3768
Epoch 7/50

Epoch 00007: saving model to models/unbalanced_mnist_vaestudent_e300_L2_b64/uniform_classifier_100/cp-0007.hdf5
 - 3s - loss: 0.2059 - acc: 0.9326 - val_loss: 5.2394 - val_acc: 0.3734
Epoch 8/50

Epoch 00008: saving model to models/unbalanced_mnist_vaestudent_e300_L2_b64/uniform_classifier_100/cp-0008.hdf5
 - 3s - loss: 0.1696 - acc: 0.9482 - val_loss: 5.5106 - val_acc: 0.3914
Epoch 9/50

Epoch 00009: saving model to models/unbalanced_mnist_vaestudent_e300_L2_b64/uniform_classifier_100/cp-0009.hdf5
 - 3s - loss: 0.1013 - acc: 0.9707 - val_loss: 5.6234 - val_acc: 0.3823
Epoch 10/50

Epoch 00010: saving model to models/unbalanced_mnist_vaestudent_e300_L2_b64/uniform_classifier_100/cp-0010.hdf5
 - 3s - loss: 0.1504 - acc: 0.9580 - val_loss: 5.5651 - val_acc: 0.4055
Epoch 11/50

Epoch 00011: saving model to models/unbalanced_mnist_vaestudent_e300_L2_b64/uniform_classifier_100/cp-0011.hdf5
 - 3s - loss: 0.0406 - acc: 0.9941 - val_loss: 6.2152 - val_acc: 0.3950
Epoch 12/50

Epoch 00012: saving model to models/unbalanced_mnist_vaestudent_e300_L2_b64/uniform_classifier_100/cp-0012.hdf5
 - 3s - loss: 0.0313 - acc: 0.9922 - val_loss: 6.3074 - val_acc: 0.4001
Epoch 13/50

Epoch 00013: saving model to models/unbalanced_mnist_vaestudent_e300_L2_b64/uniform_classifier_100/cp-0013.hdf5
 - 3s - loss: 0.0446 - acc: 0.9883 - val_loss: 6.3358 - val_acc: 0.4044
Epoch 14/50

Epoch 00014: saving model to models/unbalanced_mnist_vaestudent_e300_L2_b64/uniform_classifier_100/cp-0014.hdf5
 - 3s - loss: 0.0221 - acc: 0.9971 - val_loss: 6.3780 - val_acc: 0.4021
Epoch 15/50

Epoch 00015: saving model to models/unbalanced_mnist_vaestudent_e300_L2_b64/uniform_classifier_100/cp-0015.hdf5
 - 3s - loss: 0.0267 - acc: 0.9951 - val_loss: 6.5634 - val_acc: 0.4049
Epoch 16/50

Epoch 00016: saving model to models/unbalanced_mnist_vaestudent_e300_L2_b64/uniform_classifier_100/cp-0016.hdf5
 - 3s - loss: 0.0134 - acc: 0.9980 - val_loss: 6.4981 - val_acc: 0.4094
Epoch 17/50

Epoch 00017: saving model to models/unbalanced_mnist_vaestudent_e300_L2_b64/uniform_classifier_100/cp-0017.hdf5
 - 3s - loss: 0.0071 - acc: 1.0000 - val_loss: 6.5668 - val_acc: 0.4087
Epoch 18/50

Epoch 00018: saving model to models/unbalanced_mnist_vaestudent_e300_L2_b64/uniform_classifier_100/cp-0018.hdf5
 - 3s - loss: 0.0089 - acc: 0.9990 - val_loss: 6.7279 - val_acc: 0.4083
Epoch 19/50

Epoch 00019: saving model to models/unbalanced_mnist_vaestudent_e300_L2_b64/uniform_classifier_100/cp-0019.hdf5
 - 3s - loss: 0.0060 - acc: 1.0000 - val_loss: 6.7583 - val_acc: 0.4049
Epoch 20/50

Epoch 00020: saving model to models/unbalanced_mnist_vaestudent_e300_L2_b64/uniform_classifier_100/cp-0020.hdf5
 - 3s - loss: 0.0046 - acc: 1.0000 - val_loss: 6.8209 - val_acc: 0.4014
Epoch 21/50

Epoch 00021: saving model to models/unbalanced_mnist_vaestudent_e300_L2_b64/uniform_classifier_100/cp-0021.hdf5
 - 3s - loss: 0.0039 - acc: 1.0000 - val_loss: 6.8438 - val_acc: 0.4107
Epoch 22/50

Epoch 00022: saving model to models/unbalanced_mnist_vaestudent_e300_L2_b64/uniform_classifier_100/cp-0022.hdf5
 - 3s - loss: 0.0054 - acc: 0.9990 - val_loss: 6.9845 - val_acc: 0.4070
Epoch 23/50

Epoch 00023: saving model to models/unbalanced_mnist_vaestudent_e300_L2_b64/uniform_classifier_100/cp-0023.hdf5
 - 3s - loss: 0.0056 - acc: 1.0000 - val_loss: 6.9976 - val_acc: 0.4070
Epoch 24/50

Epoch 00024: saving model to models/unbalanced_mnist_vaestudent_e300_L2_b64/uniform_classifier_100/cp-0024.hdf5
 - 3s - loss: 0.0052 - acc: 0.9990 - val_loss: 6.9265 - val_acc: 0.4113
Epoch 25/50

Epoch 00025: saving model to models/unbalanced_mnist_vaestudent_e300_L2_b64/uniform_classifier_100/cp-0025.hdf5
 - 3s - loss: 0.0031 - acc: 1.0000 - val_loss: 6.8631 - val_acc: 0.4165
Epoch 26/50

Epoch 00026: saving model to models/unbalanced_mnist_vaestudent_e300_L2_b64/uniform_classifier_100/cp-0026.hdf5
 - 3s - loss: 0.0029 - acc: 1.0000 - val_loss: 7.0041 - val_acc: 0.4160
Epoch 27/50

Epoch 00027: saving model to models/unbalanced_mnist_vaestudent_e300_L2_b64/uniform_classifier_100/cp-0027.hdf5
 - 3s - loss: 0.0026 - acc: 1.0000 - val_loss: 6.9399 - val_acc: 0.4190
Epoch 28/50

Epoch 00028: saving model to models/unbalanced_mnist_vaestudent_e300_L2_b64/uniform_classifier_100/cp-0028.hdf5
 - 3s - loss: 0.0034 - acc: 0.9990 - val_loss: 7.0557 - val_acc: 0.4142
Epoch 29/50

Epoch 00029: saving model to models/unbalanced_mnist_vaestudent_e300_L2_b64/uniform_classifier_100/cp-0029.hdf5
 - 3s - loss: 0.0029 - acc: 1.0000 - val_loss: 7.0246 - val_acc: 0.4145
Epoch 30/50

Epoch 00030: saving model to models/unbalanced_mnist_vaestudent_e300_L2_b64/uniform_classifier_100/cp-0030.hdf5
 - 3s - loss: 0.0021 - acc: 1.0000 - val_loss: 7.1192 - val_acc: 0.4141
Epoch 31/50

Epoch 00031: saving model to models/unbalanced_mnist_vaestudent_e300_L2_b64/uniform_classifier_100/cp-0031.hdf5
 - 3s - loss: 0.0015 - acc: 1.0000 - val_loss: 7.0901 - val_acc: 0.4117
Epoch 32/50

Epoch 00032: saving model to models/unbalanced_mnist_vaestudent_e300_L2_b64/uniform_classifier_100/cp-0032.hdf5
 - 3s - loss: 0.0021 - acc: 1.0000 - val_loss: 7.1723 - val_acc: 0.4129
Epoch 33/50

Epoch 00033: saving model to models/unbalanced_mnist_vaestudent_e300_L2_b64/uniform_classifier_100/cp-0033.hdf5
 - 3s - loss: 0.0019 - acc: 1.0000 - val_loss: 7.1020 - val_acc: 0.4147
Epoch 34/50

Epoch 00034: saving model to models/unbalanced_mnist_vaestudent_e300_L2_b64/uniform_classifier_100/cp-0034.hdf5
 - 3s - loss: 0.0015 - acc: 1.0000 - val_loss: 7.2928 - val_acc: 0.4093
Epoch 35/50

Epoch 00035: saving model to models/unbalanced_mnist_vaestudent_e300_L2_b64/uniform_classifier_100/cp-0035.hdf5
 - 3s - loss: 0.0021 - acc: 1.0000 - val_loss: 7.3087 - val_acc: 0.4130
Epoch 36/50

Epoch 00036: saving model to models/unbalanced_mnist_vaestudent_e300_L2_b64/uniform_classifier_100/cp-0036.hdf5
 - 3s - loss: 9.7270e-04 - acc: 1.0000 - val_loss: 7.2133 - val_acc: 0.4163
Epoch 37/50

Epoch 00037: saving model to models/unbalanced_mnist_vaestudent_e300_L2_b64/uniform_classifier_100/cp-0037.hdf5
 - 3s - loss: 0.0014 - acc: 1.0000 - val_loss: 7.2961 - val_acc: 0.4127
Epoch 38/50

Epoch 00038: saving model to models/unbalanced_mnist_vaestudent_e300_L2_b64/uniform_classifier_100/cp-0038.hdf5
 - 3s - loss: 0.0011 - acc: 1.0000 - val_loss: 7.2312 - val_acc: 0.4150
Epoch 39/50

Epoch 00039: saving model to models/unbalanced_mnist_vaestudent_e300_L2_b64/uniform_classifier_100/cp-0039.hdf5
 - 3s - loss: 6.8405e-04 - acc: 1.0000 - val_loss: 7.4122 - val_acc: 0.4116
Epoch 40/50

Epoch 00040: saving model to models/unbalanced_mnist_vaestudent_e300_L2_b64/uniform_classifier_100/cp-0040.hdf5
 - 3s - loss: 0.0021 - acc: 0.9990 - val_loss: 7.1957 - val_acc: 0.4172
Epoch 41/50

Epoch 00041: saving model to models/unbalanced_mnist_vaestudent_e300_L2_b64/uniform_classifier_100/cp-0041.hdf5
 - 3s - loss: 0.0025 - acc: 1.0000 - val_loss: 7.4192 - val_acc: 0.4114
Epoch 42/50

Epoch 00042: saving model to models/unbalanced_mnist_vaestudent_e300_L2_b64/uniform_classifier_100/cp-0042.hdf5
 - 3s - loss: 6.8662e-04 - acc: 1.0000 - val_loss: 7.3449 - val_acc: 0.4133
Epoch 43/50

Epoch 00043: saving model to models/unbalanced_mnist_vaestudent_e300_L2_b64/uniform_classifier_100/cp-0043.hdf5
 - 3s - loss: 0.0013 - acc: 1.0000 - val_loss: 7.2697 - val_acc: 0.4142
Epoch 44/50

Epoch 00044: saving model to models/unbalanced_mnist_vaestudent_e300_L2_b64/uniform_classifier_100/cp-0044.hdf5
 - 3s - loss: 8.1677e-04 - acc: 1.0000 - val_loss: 7.3542 - val_acc: 0.4155
Epoch 45/50

Epoch 00045: saving model to models/unbalanced_mnist_vaestudent_e300_L2_b64/uniform_classifier_100/cp-0045.hdf5
 - 3s - loss: 5.5916e-04 - acc: 1.0000 - val_loss: 7.4056 - val_acc: 0.4148
Epoch 46/50

Epoch 00046: saving model to models/unbalanced_mnist_vaestudent_e300_L2_b64/uniform_classifier_100/cp-0046.hdf5
 - 3s - loss: 0.0025 - acc: 0.9990 - val_loss: 7.4199 - val_acc: 0.4084
Epoch 47/50

Epoch 00047: saving model to models/unbalanced_mnist_vaestudent_e300_L2_b64/uniform_classifier_100/cp-0047.hdf5
 - 3s - loss: 0.0013 - acc: 1.0000 - val_loss: 7.4259 - val_acc: 0.4096
Epoch 48/50

Epoch 00048: saving model to models/unbalanced_mnist_vaestudent_e300_L2_b64/uniform_classifier_100/cp-0048.hdf5
 - 3s - loss: 0.0032 - acc: 0.9990 - val_loss: 7.5747 - val_acc: 0.4094
Epoch 49/50

Epoch 00049: saving model to models/unbalanced_mnist_vaestudent_e300_L2_b64/uniform_classifier_100/cp-0049.hdf5
 - 3s - loss: 0.0019 - acc: 0.9990 - val_loss: 7.4542 - val_acc: 0.4122
Epoch 50/50

Epoch 00050: saving model to models/unbalanced_mnist_vaestudent_e300_L2_b64/uniform_classifier_100/cp-0050.hdf5
 - 3s - loss: 5.5830e-04 - acc: 1.0000 - val_loss: 7.4947 - val_acc: 0.4109
Epoch 1/50

Epoch 00001: saving model to models/unbalanced_mnist_vaestudent_e300_L2_b64/uniform-cluster_classifier_100/cp-0001.hdf5
 - 6s - loss: 2.2898 - acc: 0.1621 - val_loss: 2.2996 - val_acc: 0.0980
Epoch 2/50

Epoch 00002: saving model to models/unbalanced_mnist_vaestudent_e300_L2_b64/uniform-cluster_classifier_100/cp-0002.hdf5
 - 3s - loss: 2.1574 - acc: 0.2393 - val_loss: 2.4644 - val_acc: 0.0978
Epoch 3/50

Epoch 00003: saving model to models/unbalanced_mnist_vaestudent_e300_L2_b64/uniform-cluster_classifier_100/cp-0003.hdf5
 - 3s - loss: 1.9844 - acc: 0.2432 - val_loss: 2.4429 - val_acc: 0.0999
Epoch 4/50

Epoch 00004: saving model to models/unbalanced_mnist_vaestudent_e300_L2_b64/uniform-cluster_classifier_100/cp-0004.hdf5
 - 3s - loss: 1.7517 - acc: 0.3887 - val_loss: 2.3308 - val_acc: 0.2542
Epoch 5/50

Epoch 00005: saving model to models/unbalanced_mnist_vaestudent_e300_L2_b64/uniform-cluster_classifier_100/cp-0005.hdf5
 - 3s - loss: 1.4815 - acc: 0.5010 - val_loss: 2.1631 - val_acc: 0.3642
Epoch 6/50

Epoch 00006: saving model to models/unbalanced_mnist_vaestudent_e300_L2_b64/uniform-cluster_classifier_100/cp-0006.hdf5
 - 3s - loss: 1.2089 - acc: 0.6025 - val_loss: 1.5286 - val_acc: 0.5035
Epoch 7/50

Epoch 00007: saving model to models/unbalanced_mnist_vaestudent_e300_L2_b64/uniform-cluster_classifier_100/cp-0007.hdf5
 - 3s - loss: 0.9643 - acc: 0.6807 - val_loss: 1.3601 - val_acc: 0.5834
Epoch 8/50

Epoch 00008: saving model to models/unbalanced_mnist_vaestudent_e300_L2_b64/uniform-cluster_classifier_100/cp-0008.hdf5
 - 3s - loss: 0.6721 - acc: 0.8008 - val_loss: 1.9718 - val_acc: 0.4495
Epoch 9/50

Epoch 00009: saving model to models/unbalanced_mnist_vaestudent_e300_L2_b64/uniform-cluster_classifier_100/cp-0009.hdf5
 - 3s - loss: 0.5995 - acc: 0.8066 - val_loss: 1.5159 - val_acc: 0.6100
Epoch 10/50

Epoch 00010: saving model to models/unbalanced_mnist_vaestudent_e300_L2_b64/uniform-cluster_classifier_100/cp-0010.hdf5
 - 3s - loss: 0.4093 - acc: 0.8799 - val_loss: 1.8053 - val_acc: 0.6062
Epoch 11/50

Epoch 00011: saving model to models/unbalanced_mnist_vaestudent_e300_L2_b64/uniform-cluster_classifier_100/cp-0011.hdf5
 - 3s - loss: 0.2639 - acc: 0.9131 - val_loss: 1.8868 - val_acc: 0.6269
Epoch 12/50

Epoch 00012: saving model to models/unbalanced_mnist_vaestudent_e300_L2_b64/uniform-cluster_classifier_100/cp-0012.hdf5
 - 3s - loss: 0.1695 - acc: 0.9531 - val_loss: 2.0467 - val_acc: 0.6202
Epoch 13/50

Epoch 00013: saving model to models/unbalanced_mnist_vaestudent_e300_L2_b64/uniform-cluster_classifier_100/cp-0013.hdf5
 - 3s - loss: 0.1091 - acc: 0.9697 - val_loss: 2.1281 - val_acc: 0.6294
Epoch 14/50

Epoch 00014: saving model to models/unbalanced_mnist_vaestudent_e300_L2_b64/uniform-cluster_classifier_100/cp-0014.hdf5
 - 3s - loss: 0.0950 - acc: 0.9795 - val_loss: 2.1802 - val_acc: 0.6251
Epoch 15/50

Epoch 00015: saving model to models/unbalanced_mnist_vaestudent_e300_L2_b64/uniform-cluster_classifier_100/cp-0015.hdf5
 - 3s - loss: 0.0721 - acc: 0.9824 - val_loss: 2.2392 - val_acc: 0.6287
Epoch 16/50

Epoch 00016: saving model to models/unbalanced_mnist_vaestudent_e300_L2_b64/uniform-cluster_classifier_100/cp-0016.hdf5
 - 3s - loss: 0.0377 - acc: 0.9912 - val_loss: 2.4351 - val_acc: 0.6278
Epoch 17/50

Epoch 00017: saving model to models/unbalanced_mnist_vaestudent_e300_L2_b64/uniform-cluster_classifier_100/cp-0017.hdf5
 - 3s - loss: 0.0296 - acc: 0.9941 - val_loss: 2.5002 - val_acc: 0.6302
Epoch 18/50

Epoch 00018: saving model to models/unbalanced_mnist_vaestudent_e300_L2_b64/uniform-cluster_classifier_100/cp-0018.hdf5
 - 3s - loss: 0.0438 - acc: 0.9912 - val_loss: 2.5203 - val_acc: 0.6239
Epoch 19/50

Epoch 00019: saving model to models/unbalanced_mnist_vaestudent_e300_L2_b64/uniform-cluster_classifier_100/cp-0019.hdf5
 - 3s - loss: 0.0254 - acc: 0.9951 - val_loss: 2.6333 - val_acc: 0.6239
Epoch 20/50

Epoch 00020: saving model to models/unbalanced_mnist_vaestudent_e300_L2_b64/uniform-cluster_classifier_100/cp-0020.hdf5
 - 3s - loss: 0.0229 - acc: 0.9922 - val_loss: 2.4934 - val_acc: 0.6332
Epoch 21/50

Epoch 00021: saving model to models/unbalanced_mnist_vaestudent_e300_L2_b64/uniform-cluster_classifier_100/cp-0021.hdf5
 - 3s - loss: 0.0145 - acc: 0.9961 - val_loss: 2.6591 - val_acc: 0.6280
Epoch 22/50

Epoch 00022: saving model to models/unbalanced_mnist_vaestudent_e300_L2_b64/uniform-cluster_classifier_100/cp-0022.hdf5
 - 3s - loss: 0.0191 - acc: 0.9951 - val_loss: 2.7118 - val_acc: 0.6252
Epoch 23/50

Epoch 00023: saving model to models/unbalanced_mnist_vaestudent_e300_L2_b64/uniform-cluster_classifier_100/cp-0023.hdf5
 - 3s - loss: 0.0117 - acc: 0.9990 - val_loss: 2.8911 - val_acc: 0.6234
Epoch 24/50

Epoch 00024: saving model to models/unbalanced_mnist_vaestudent_e300_L2_b64/uniform-cluster_classifier_100/cp-0024.hdf5
 - 3s - loss: 0.0128 - acc: 0.9951 - val_loss: 2.9019 - val_acc: 0.6215
Epoch 25/50

Epoch 00025: saving model to models/unbalanced_mnist_vaestudent_e300_L2_b64/uniform-cluster_classifier_100/cp-0025.hdf5
 - 3s - loss: 0.0077 - acc: 0.9990 - val_loss: 2.9679 - val_acc: 0.6197
Epoch 26/50

Epoch 00026: saving model to models/unbalanced_mnist_vaestudent_e300_L2_b64/uniform-cluster_classifier_100/cp-0026.hdf5
 - 3s - loss: 0.0068 - acc: 1.0000 - val_loss: 2.8711 - val_acc: 0.6292
Epoch 27/50

Epoch 00027: saving model to models/unbalanced_mnist_vaestudent_e300_L2_b64/uniform-cluster_classifier_100/cp-0027.hdf5
 - 3s - loss: 0.0058 - acc: 1.0000 - val_loss: 2.8994 - val_acc: 0.6295
Epoch 28/50

Epoch 00028: saving model to models/unbalanced_mnist_vaestudent_e300_L2_b64/uniform-cluster_classifier_100/cp-0028.hdf5
 - 3s - loss: 0.0100 - acc: 0.9980 - val_loss: 3.0250 - val_acc: 0.6228
Epoch 29/50

Epoch 00029: saving model to models/unbalanced_mnist_vaestudent_e300_L2_b64/uniform-cluster_classifier_100/cp-0029.hdf5
 - 3s - loss: 0.0038 - acc: 1.0000 - val_loss: 3.0879 - val_acc: 0.6201
Epoch 30/50

Epoch 00030: saving model to models/unbalanced_mnist_vaestudent_e300_L2_b64/uniform-cluster_classifier_100/cp-0030.hdf5
 - 3s - loss: 0.0063 - acc: 0.9990 - val_loss: 3.0978 - val_acc: 0.6191
Epoch 31/50

Epoch 00031: saving model to models/unbalanced_mnist_vaestudent_e300_L2_b64/uniform-cluster_classifier_100/cp-0031.hdf5
 - 3s - loss: 0.0073 - acc: 0.9990 - val_loss: 3.0610 - val_acc: 0.6287
Epoch 32/50

Epoch 00032: saving model to models/unbalanced_mnist_vaestudent_e300_L2_b64/uniform-cluster_classifier_100/cp-0032.hdf5
 - 3s - loss: 0.0054 - acc: 0.9980 - val_loss: 3.0977 - val_acc: 0.6235
Epoch 33/50

Epoch 00033: saving model to models/unbalanced_mnist_vaestudent_e300_L2_b64/uniform-cluster_classifier_100/cp-0033.hdf5
 - 3s - loss: 0.0035 - acc: 1.0000 - val_loss: 3.0793 - val_acc: 0.6256
Epoch 34/50

Epoch 00034: saving model to models/unbalanced_mnist_vaestudent_e300_L2_b64/uniform-cluster_classifier_100/cp-0034.hdf5
 - 3s - loss: 0.0021 - acc: 1.0000 - val_loss: 3.1381 - val_acc: 0.6288
Epoch 35/50

Epoch 00035: saving model to models/unbalanced_mnist_vaestudent_e300_L2_b64/uniform-cluster_classifier_100/cp-0035.hdf5
 - 3s - loss: 0.0033 - acc: 1.0000 - val_loss: 3.1177 - val_acc: 0.6268
Epoch 36/50

Epoch 00036: saving model to models/unbalanced_mnist_vaestudent_e300_L2_b64/uniform-cluster_classifier_100/cp-0036.hdf5
 - 3s - loss: 0.0078 - acc: 0.9971 - val_loss: 3.1469 - val_acc: 0.6232
Epoch 37/50

Epoch 00037: saving model to models/unbalanced_mnist_vaestudent_e300_L2_b64/uniform-cluster_classifier_100/cp-0037.hdf5
 - 3s - loss: 0.0036 - acc: 1.0000 - val_loss: 3.0896 - val_acc: 0.6277
Epoch 38/50

Epoch 00038: saving model to models/unbalanced_mnist_vaestudent_e300_L2_b64/uniform-cluster_classifier_100/cp-0038.hdf5
 - 3s - loss: 0.0027 - acc: 0.9990 - val_loss: 3.1194 - val_acc: 0.6267
Epoch 39/50

Epoch 00039: saving model to models/unbalanced_mnist_vaestudent_e300_L2_b64/uniform-cluster_classifier_100/cp-0039.hdf5
 - 3s - loss: 0.0051 - acc: 0.9971 - val_loss: 3.1006 - val_acc: 0.6298
Epoch 40/50

Epoch 00040: saving model to models/unbalanced_mnist_vaestudent_e300_L2_b64/uniform-cluster_classifier_100/cp-0040.hdf5
 - 3s - loss: 0.0046 - acc: 0.9980 - val_loss: 3.1785 - val_acc: 0.6263
Epoch 41/50

Epoch 00041: saving model to models/unbalanced_mnist_vaestudent_e300_L2_b64/uniform-cluster_classifier_100/cp-0041.hdf5
 - 3s - loss: 0.0047 - acc: 0.9990 - val_loss: 3.1649 - val_acc: 0.6247
Epoch 42/50

Epoch 00042: saving model to models/unbalanced_mnist_vaestudent_e300_L2_b64/uniform-cluster_classifier_100/cp-0042.hdf5
 - 3s - loss: 0.0038 - acc: 0.9980 - val_loss: 3.1712 - val_acc: 0.6248
Epoch 43/50

Epoch 00043: saving model to models/unbalanced_mnist_vaestudent_e300_L2_b64/uniform-cluster_classifier_100/cp-0043.hdf5
 - 3s - loss: 0.0053 - acc: 0.9990 - val_loss: 3.1974 - val_acc: 0.6231
Epoch 44/50

Epoch 00044: saving model to models/unbalanced_mnist_vaestudent_e300_L2_b64/uniform-cluster_classifier_100/cp-0044.hdf5
 - 3s - loss: 0.0017 - acc: 1.0000 - val_loss: 3.2758 - val_acc: 0.6247
Epoch 45/50

Epoch 00045: saving model to models/unbalanced_mnist_vaestudent_e300_L2_b64/uniform-cluster_classifier_100/cp-0045.hdf5
 - 3s - loss: 0.0043 - acc: 0.9990 - val_loss: 3.3400 - val_acc: 0.6198
Epoch 46/50

Epoch 00046: saving model to models/unbalanced_mnist_vaestudent_e300_L2_b64/uniform-cluster_classifier_100/cp-0046.hdf5
 - 3s - loss: 0.0024 - acc: 0.9990 - val_loss: 3.2263 - val_acc: 0.6247
Epoch 47/50

Epoch 00047: saving model to models/unbalanced_mnist_vaestudent_e300_L2_b64/uniform-cluster_classifier_100/cp-0047.hdf5
 - 3s - loss: 0.0034 - acc: 0.9990 - val_loss: 3.3926 - val_acc: 0.6188
Epoch 48/50

Epoch 00048: saving model to models/unbalanced_mnist_vaestudent_e300_L2_b64/uniform-cluster_classifier_100/cp-0048.hdf5
 - 3s - loss: 0.0031 - acc: 0.9990 - val_loss: 3.3002 - val_acc: 0.6239
Epoch 49/50

Epoch 00049: saving model to models/unbalanced_mnist_vaestudent_e300_L2_b64/uniform-cluster_classifier_100/cp-0049.hdf5
 - 3s - loss: 0.0060 - acc: 0.9980 - val_loss: 3.3769 - val_acc: 0.6143
Epoch 50/50

Epoch 00050: saving model to models/unbalanced_mnist_vaestudent_e300_L2_b64/uniform-cluster_classifier_100/cp-0050.hdf5
 - 3s - loss: 0.0033 - acc: 1.0000 - val_loss: 3.2974 - val_acc: 0.6212
Epoch 1/50

Epoch 00001: saving model to models/unbalanced_mnist_vaestudent_e300_L2_b64/normal-cluster_classifier_100/cp-0001.hdf5
 - 6s - loss: 2.3003 - acc: 0.1133 - val_loss: 2.3003 - val_acc: 0.1123
Epoch 2/50

Epoch 00002: saving model to models/unbalanced_mnist_vaestudent_e300_L2_b64/normal-cluster_classifier_100/cp-0002.hdf5
 - 3s - loss: 2.2801 - acc: 0.1982 - val_loss: 2.2959 - val_acc: 0.1232
Epoch 3/50

Epoch 00003: saving model to models/unbalanced_mnist_vaestudent_e300_L2_b64/normal-cluster_classifier_100/cp-0003.hdf5
 - 3s - loss: 2.2273 - acc: 0.2354 - val_loss: 2.3028 - val_acc: 0.1817
Epoch 4/50

Epoch 00004: saving model to models/unbalanced_mnist_vaestudent_e300_L2_b64/normal-cluster_classifier_100/cp-0004.hdf5
 - 3s - loss: 2.1478 - acc: 0.2686 - val_loss: 2.2209 - val_acc: 0.1956
Epoch 5/50

Epoch 00005: saving model to models/unbalanced_mnist_vaestudent_e300_L2_b64/normal-cluster_classifier_100/cp-0005.hdf5
 - 3s - loss: 1.9072 - acc: 0.3320 - val_loss: 2.0096 - val_acc: 0.2595
Epoch 6/50

Epoch 00006: saving model to models/unbalanced_mnist_vaestudent_e300_L2_b64/normal-cluster_classifier_100/cp-0006.hdf5
 - 3s - loss: 1.5594 - acc: 0.4639 - val_loss: 1.5484 - val_acc: 0.4974
Epoch 7/50

Epoch 00007: saving model to models/unbalanced_mnist_vaestudent_e300_L2_b64/normal-cluster_classifier_100/cp-0007.hdf5
 - 3s - loss: 1.2531 - acc: 0.5781 - val_loss: 1.4576 - val_acc: 0.5152
Epoch 8/50

Epoch 00008: saving model to models/unbalanced_mnist_vaestudent_e300_L2_b64/normal-cluster_classifier_100/cp-0008.hdf5
 - 3s - loss: 0.8825 - acc: 0.7217 - val_loss: 1.3974 - val_acc: 0.5810
Epoch 9/50

Epoch 00009: saving model to models/unbalanced_mnist_vaestudent_e300_L2_b64/normal-cluster_classifier_100/cp-0009.hdf5
 - 3s - loss: 0.7513 - acc: 0.7646 - val_loss: 1.1243 - val_acc: 0.6542
Epoch 10/50

Epoch 00010: saving model to models/unbalanced_mnist_vaestudent_e300_L2_b64/normal-cluster_classifier_100/cp-0010.hdf5
 - 3s - loss: 0.5301 - acc: 0.8213 - val_loss: 1.1908 - val_acc: 0.6826
Epoch 11/50

Epoch 00011: saving model to models/unbalanced_mnist_vaestudent_e300_L2_b64/normal-cluster_classifier_100/cp-0011.hdf5
 - 3s - loss: 0.3864 - acc: 0.8604 - val_loss: 1.2073 - val_acc: 0.6839
Epoch 12/50

Epoch 00012: saving model to models/unbalanced_mnist_vaestudent_e300_L2_b64/normal-cluster_classifier_100/cp-0012.hdf5
 - 3s - loss: 0.2613 - acc: 0.9258 - val_loss: 1.3409 - val_acc: 0.6886
Epoch 13/50

Epoch 00013: saving model to models/unbalanced_mnist_vaestudent_e300_L2_b64/normal-cluster_classifier_100/cp-0013.hdf5
 - 3s - loss: 0.1617 - acc: 0.9453 - val_loss: 1.4652 - val_acc: 0.7100
Epoch 14/50

Epoch 00014: saving model to models/unbalanced_mnist_vaestudent_e300_L2_b64/normal-cluster_classifier_100/cp-0014.hdf5
 - 3s - loss: 0.1096 - acc: 0.9707 - val_loss: 1.7205 - val_acc: 0.6985
Epoch 15/50

Epoch 00015: saving model to models/unbalanced_mnist_vaestudent_e300_L2_b64/normal-cluster_classifier_100/cp-0015.hdf5
 - 3s - loss: 0.0525 - acc: 0.9873 - val_loss: 1.6128 - val_acc: 0.7291
Epoch 16/50

Epoch 00016: saving model to models/unbalanced_mnist_vaestudent_e300_L2_b64/normal-cluster_classifier_100/cp-0016.hdf5
 - 3s - loss: 0.0812 - acc: 0.9805 - val_loss: 1.7211 - val_acc: 0.7215
Epoch 17/50

Epoch 00017: saving model to models/unbalanced_mnist_vaestudent_e300_L2_b64/normal-cluster_classifier_100/cp-0017.hdf5
 - 3s - loss: 0.0349 - acc: 0.9932 - val_loss: 1.7616 - val_acc: 0.7270
Epoch 18/50

Epoch 00018: saving model to models/unbalanced_mnist_vaestudent_e300_L2_b64/normal-cluster_classifier_100/cp-0018.hdf5
 - 3s - loss: 0.0273 - acc: 0.9971 - val_loss: 1.7882 - val_acc: 0.7277
Epoch 19/50

Epoch 00019: saving model to models/unbalanced_mnist_vaestudent_e300_L2_b64/normal-cluster_classifier_100/cp-0019.hdf5
 - 3s - loss: 0.0234 - acc: 0.9932 - val_loss: 2.0139 - val_acc: 0.7137
Epoch 20/50

Epoch 00020: saving model to models/unbalanced_mnist_vaestudent_e300_L2_b64/normal-cluster_classifier_100/cp-0020.hdf5
 - 3s - loss: 0.0160 - acc: 0.9990 - val_loss: 1.8498 - val_acc: 0.7304
Epoch 21/50

Epoch 00021: saving model to models/unbalanced_mnist_vaestudent_e300_L2_b64/normal-cluster_classifier_100/cp-0021.hdf5
 - 3s - loss: 0.0195 - acc: 0.9961 - val_loss: 1.9029 - val_acc: 0.7228
Epoch 22/50

Epoch 00022: saving model to models/unbalanced_mnist_vaestudent_e300_L2_b64/normal-cluster_classifier_100/cp-0022.hdf5
 - 3s - loss: 0.0110 - acc: 0.9980 - val_loss: 1.9336 - val_acc: 0.7254
Epoch 23/50

Epoch 00023: saving model to models/unbalanced_mnist_vaestudent_e300_L2_b64/normal-cluster_classifier_100/cp-0023.hdf5
 - 3s - loss: 0.0116 - acc: 0.9971 - val_loss: 1.8829 - val_acc: 0.7325
Epoch 24/50

Epoch 00024: saving model to models/unbalanced_mnist_vaestudent_e300_L2_b64/normal-cluster_classifier_100/cp-0024.hdf5
 - 3s - loss: 0.0101 - acc: 0.9980 - val_loss: 1.9733 - val_acc: 0.7277
Epoch 25/50

Epoch 00025: saving model to models/unbalanced_mnist_vaestudent_e300_L2_b64/normal-cluster_classifier_100/cp-0025.hdf5
 - 3s - loss: 0.0084 - acc: 0.9990 - val_loss: 2.0271 - val_acc: 0.7271
Epoch 26/50

Epoch 00026: saving model to models/unbalanced_mnist_vaestudent_e300_L2_b64/normal-cluster_classifier_100/cp-0026.hdf5
 - 3s - loss: 0.0090 - acc: 0.9971 - val_loss: 2.0293 - val_acc: 0.7279
Epoch 27/50

Epoch 00027: saving model to models/unbalanced_mnist_vaestudent_e300_L2_b64/normal-cluster_classifier_100/cp-0027.hdf5
 - 3s - loss: 0.0107 - acc: 0.9980 - val_loss: 2.0530 - val_acc: 0.7240
Epoch 28/50

Epoch 00028: saving model to models/unbalanced_mnist_vaestudent_e300_L2_b64/normal-cluster_classifier_100/cp-0028.hdf5
 - 3s - loss: 0.0120 - acc: 0.9961 - val_loss: 1.9623 - val_acc: 0.7332
Epoch 29/50

Epoch 00029: saving model to models/unbalanced_mnist_vaestudent_e300_L2_b64/normal-cluster_classifier_100/cp-0029.hdf5
 - 3s - loss: 0.0039 - acc: 1.0000 - val_loss: 2.0106 - val_acc: 0.7295
Epoch 30/50

Epoch 00030: saving model to models/unbalanced_mnist_vaestudent_e300_L2_b64/normal-cluster_classifier_100/cp-0030.hdf5
 - 3s - loss: 0.0056 - acc: 0.9990 - val_loss: 2.0769 - val_acc: 0.7256
Epoch 31/50

Epoch 00031: saving model to models/unbalanced_mnist_vaestudent_e300_L2_b64/normal-cluster_classifier_100/cp-0031.hdf5
 - 3s - loss: 0.0111 - acc: 0.9980 - val_loss: 1.9779 - val_acc: 0.7325
Epoch 32/50

Epoch 00032: saving model to models/unbalanced_mnist_vaestudent_e300_L2_b64/normal-cluster_classifier_100/cp-0032.hdf5
 - 3s - loss: 0.0061 - acc: 0.9990 - val_loss: 2.0555 - val_acc: 0.7253
Epoch 33/50

Epoch 00033: saving model to models/unbalanced_mnist_vaestudent_e300_L2_b64/normal-cluster_classifier_100/cp-0033.hdf5
 - 3s - loss: 0.0036 - acc: 1.0000 - val_loss: 2.0497 - val_acc: 0.7283
Epoch 34/50

Epoch 00034: saving model to models/unbalanced_mnist_vaestudent_e300_L2_b64/normal-cluster_classifier_100/cp-0034.hdf5
 - 3s - loss: 0.0058 - acc: 0.9990 - val_loss: 2.1486 - val_acc: 0.7211
Epoch 35/50

Epoch 00035: saving model to models/unbalanced_mnist_vaestudent_e300_L2_b64/normal-cluster_classifier_100/cp-0035.hdf5
 - 3s - loss: 0.0041 - acc: 1.0000 - val_loss: 2.1023 - val_acc: 0.7292
Epoch 36/50

Epoch 00036: saving model to models/unbalanced_mnist_vaestudent_e300_L2_b64/normal-cluster_classifier_100/cp-0036.hdf5
 - 3s - loss: 0.0039 - acc: 1.0000 - val_loss: 2.1159 - val_acc: 0.7293
Epoch 37/50

Epoch 00037: saving model to models/unbalanced_mnist_vaestudent_e300_L2_b64/normal-cluster_classifier_100/cp-0037.hdf5
 - 3s - loss: 0.0035 - acc: 1.0000 - val_loss: 2.1822 - val_acc: 0.7234
Epoch 38/50

Epoch 00038: saving model to models/unbalanced_mnist_vaestudent_e300_L2_b64/normal-cluster_classifier_100/cp-0038.hdf5
 - 3s - loss: 0.0071 - acc: 0.9971 - val_loss: 2.1285 - val_acc: 0.7280
Epoch 39/50

Epoch 00039: saving model to models/unbalanced_mnist_vaestudent_e300_L2_b64/normal-cluster_classifier_100/cp-0039.hdf5
 - 3s - loss: 0.0039 - acc: 0.9990 - val_loss: 2.0885 - val_acc: 0.7311
Epoch 40/50

Epoch 00040: saving model to models/unbalanced_mnist_vaestudent_e300_L2_b64/normal-cluster_classifier_100/cp-0040.hdf5
 - 3s - loss: 0.0028 - acc: 1.0000 - val_loss: 2.1385 - val_acc: 0.7297
Epoch 41/50

Epoch 00041: saving model to models/unbalanced_mnist_vaestudent_e300_L2_b64/normal-cluster_classifier_100/cp-0041.hdf5
 - 3s - loss: 0.0039 - acc: 0.9990 - val_loss: 2.1424 - val_acc: 0.7289
Epoch 42/50

Epoch 00042: saving model to models/unbalanced_mnist_vaestudent_e300_L2_b64/normal-cluster_classifier_100/cp-0042.hdf5
 - 3s - loss: 0.0027 - acc: 0.9990 - val_loss: 2.1315 - val_acc: 0.7308
Epoch 43/50

Epoch 00043: saving model to models/unbalanced_mnist_vaestudent_e300_L2_b64/normal-cluster_classifier_100/cp-0043.hdf5
 - 3s - loss: 0.0021 - acc: 1.0000 - val_loss: 2.1500 - val_acc: 0.7310
Epoch 44/50

Epoch 00044: saving model to models/unbalanced_mnist_vaestudent_e300_L2_b64/normal-cluster_classifier_100/cp-0044.hdf5
 - 3s - loss: 0.0013 - acc: 1.0000 - val_loss: 2.1708 - val_acc: 0.7296
Epoch 45/50

Epoch 00045: saving model to models/unbalanced_mnist_vaestudent_e300_L2_b64/normal-cluster_classifier_100/cp-0045.hdf5
 - 3s - loss: 0.0020 - acc: 1.0000 - val_loss: 2.1894 - val_acc: 0.7294
Epoch 46/50

Epoch 00046: saving model to models/unbalanced_mnist_vaestudent_e300_L2_b64/normal-cluster_classifier_100/cp-0046.hdf5
 - 3s - loss: 0.0043 - acc: 0.9990 - val_loss: 2.1779 - val_acc: 0.7308
Epoch 47/50

Epoch 00047: saving model to models/unbalanced_mnist_vaestudent_e300_L2_b64/normal-cluster_classifier_100/cp-0047.hdf5
 - 3s - loss: 0.0021 - acc: 1.0000 - val_loss: 2.2364 - val_acc: 0.7292
Epoch 48/50

Epoch 00048: saving model to models/unbalanced_mnist_vaestudent_e300_L2_b64/normal-cluster_classifier_100/cp-0048.hdf5
 - 3s - loss: 0.0022 - acc: 1.0000 - val_loss: 2.2655 - val_acc: 0.7258
Epoch 49/50

Epoch 00049: saving model to models/unbalanced_mnist_vaestudent_e300_L2_b64/normal-cluster_classifier_100/cp-0049.hdf5
 - 3s - loss: 0.0033 - acc: 0.9990 - val_loss: 2.2884 - val_acc: 0.7235
Epoch 50/50

Epoch 00050: saving model to models/unbalanced_mnist_vaestudent_e300_L2_b64/normal-cluster_classifier_100/cp-0050.hdf5
 - 3s - loss: 0.0032 - acc: 0.9990 - val_loss: 2.2765 - val_acc: 0.7252
Epoch 1/50

Epoch 00001: saving model to models/unbalanced_mnist_vaestudent_e300_L2_b64/multi-normal-cluster_classifier_100/cp-0001.hdf5
 - 6s - loss: 2.2975 - acc: 0.1396 - val_loss: 2.3003 - val_acc: 0.1278
Epoch 2/50

Epoch 00002: saving model to models/unbalanced_mnist_vaestudent_e300_L2_b64/multi-normal-cluster_classifier_100/cp-0002.hdf5
 - 3s - loss: 2.2771 - acc: 0.1484 - val_loss: 2.2977 - val_acc: 0.0978
Epoch 3/50

Epoch 00003: saving model to models/unbalanced_mnist_vaestudent_e300_L2_b64/multi-normal-cluster_classifier_100/cp-0003.hdf5
 - 3s - loss: 2.1993 - acc: 0.1787 - val_loss: 2.3287 - val_acc: 0.1122
Epoch 4/50

Epoch 00004: saving model to models/unbalanced_mnist_vaestudent_e300_L2_b64/multi-normal-cluster_classifier_100/cp-0004.hdf5
 - 3s - loss: 2.0944 - acc: 0.2656 - val_loss: 2.2508 - val_acc: 0.2934
Epoch 5/50

Epoch 00005: saving model to models/unbalanced_mnist_vaestudent_e300_L2_b64/multi-normal-cluster_classifier_100/cp-0005.hdf5
 - 3s - loss: 1.8073 - acc: 0.4404 - val_loss: 2.0924 - val_acc: 0.3012
Epoch 6/50

Epoch 00006: saving model to models/unbalanced_mnist_vaestudent_e300_L2_b64/multi-normal-cluster_classifier_100/cp-0006.hdf5
 - 3s - loss: 1.4344 - acc: 0.5488 - val_loss: 1.6311 - val_acc: 0.4525
Epoch 7/50

Epoch 00007: saving model to models/unbalanced_mnist_vaestudent_e300_L2_b64/multi-normal-cluster_classifier_100/cp-0007.hdf5
 - 3s - loss: 1.0998 - acc: 0.6299 - val_loss: 1.0701 - val_acc: 0.6396
Epoch 8/50

Epoch 00008: saving model to models/unbalanced_mnist_vaestudent_e300_L2_b64/multi-normal-cluster_classifier_100/cp-0008.hdf5
 - 3s - loss: 0.7656 - acc: 0.7412 - val_loss: 1.1050 - val_acc: 0.6696
Epoch 9/50

Epoch 00009: saving model to models/unbalanced_mnist_vaestudent_e300_L2_b64/multi-normal-cluster_classifier_100/cp-0009.hdf5
 - 3s - loss: 0.5232 - acc: 0.8203 - val_loss: 0.9649 - val_acc: 0.6915
Epoch 10/50

Epoch 00010: saving model to models/unbalanced_mnist_vaestudent_e300_L2_b64/multi-normal-cluster_classifier_100/cp-0010.hdf5
 - 3s - loss: 0.3613 - acc: 0.8750 - val_loss: 1.0198 - val_acc: 0.6977
Epoch 11/50

Epoch 00011: saving model to models/unbalanced_mnist_vaestudent_e300_L2_b64/multi-normal-cluster_classifier_100/cp-0011.hdf5
 - 3s - loss: 0.2056 - acc: 0.9395 - val_loss: 1.1560 - val_acc: 0.7067
Epoch 12/50

Epoch 00012: saving model to models/unbalanced_mnist_vaestudent_e300_L2_b64/multi-normal-cluster_classifier_100/cp-0012.hdf5
 - 3s - loss: 0.1960 - acc: 0.9336 - val_loss: 1.0253 - val_acc: 0.7256
Epoch 13/50

Epoch 00013: saving model to models/unbalanced_mnist_vaestudent_e300_L2_b64/multi-normal-cluster_classifier_100/cp-0013.hdf5
 - 3s - loss: 0.0821 - acc: 0.9863 - val_loss: 1.1676 - val_acc: 0.7326
Epoch 14/50

Epoch 00014: saving model to models/unbalanced_mnist_vaestudent_e300_L2_b64/multi-normal-cluster_classifier_100/cp-0014.hdf5
 - 3s - loss: 0.0427 - acc: 0.9912 - val_loss: 1.2725 - val_acc: 0.7324
Epoch 15/50

Epoch 00015: saving model to models/unbalanced_mnist_vaestudent_e300_L2_b64/multi-normal-cluster_classifier_100/cp-0015.hdf5
 - 3s - loss: 0.0441 - acc: 0.9873 - val_loss: 1.3224 - val_acc: 0.7320
Epoch 16/50

Epoch 00016: saving model to models/unbalanced_mnist_vaestudent_e300_L2_b64/multi-normal-cluster_classifier_100/cp-0016.hdf5
 - 3s - loss: 0.0348 - acc: 0.9912 - val_loss: 1.3470 - val_acc: 0.7337
Epoch 17/50

Epoch 00017: saving model to models/unbalanced_mnist_vaestudent_e300_L2_b64/multi-normal-cluster_classifier_100/cp-0017.hdf5
 - 3s - loss: 0.0176 - acc: 0.9990 - val_loss: 1.4669 - val_acc: 0.7317
Epoch 18/50

Epoch 00018: saving model to models/unbalanced_mnist_vaestudent_e300_L2_b64/multi-normal-cluster_classifier_100/cp-0018.hdf5
 - 3s - loss: 0.0121 - acc: 0.9971 - val_loss: 1.4704 - val_acc: 0.7275
Epoch 19/50

Epoch 00019: saving model to models/unbalanced_mnist_vaestudent_e300_L2_b64/multi-normal-cluster_classifier_100/cp-0019.hdf5
 - 3s - loss: 0.0116 - acc: 0.9990 - val_loss: 1.4552 - val_acc: 0.7367
Epoch 20/50

Epoch 00020: saving model to models/unbalanced_mnist_vaestudent_e300_L2_b64/multi-normal-cluster_classifier_100/cp-0020.hdf5
 - 3s - loss: 0.0084 - acc: 0.9971 - val_loss: 1.5755 - val_acc: 0.7279
Epoch 21/50

Epoch 00021: saving model to models/unbalanced_mnist_vaestudent_e300_L2_b64/multi-normal-cluster_classifier_100/cp-0021.hdf5
 - 3s - loss: 0.0106 - acc: 0.9990 - val_loss: 1.5471 - val_acc: 0.7238
Epoch 22/50

Epoch 00022: saving model to models/unbalanced_mnist_vaestudent_e300_L2_b64/multi-normal-cluster_classifier_100/cp-0022.hdf5
 - 3s - loss: 0.0082 - acc: 0.9990 - val_loss: 1.5581 - val_acc: 0.7268
Epoch 23/50

Epoch 00023: saving model to models/unbalanced_mnist_vaestudent_e300_L2_b64/multi-normal-cluster_classifier_100/cp-0023.hdf5
 - 3s - loss: 0.0060 - acc: 0.9990 - val_loss: 1.5836 - val_acc: 0.7377
Epoch 24/50

Epoch 00024: saving model to models/unbalanced_mnist_vaestudent_e300_L2_b64/multi-normal-cluster_classifier_100/cp-0024.hdf5
 - 3s - loss: 0.0059 - acc: 0.9990 - val_loss: 1.5606 - val_acc: 0.7379
Epoch 25/50

Epoch 00025: saving model to models/unbalanced_mnist_vaestudent_e300_L2_b64/multi-normal-cluster_classifier_100/cp-0025.hdf5
 - 3s - loss: 0.0058 - acc: 1.0000 - val_loss: 1.6435 - val_acc: 0.7362
Epoch 26/50

Epoch 00026: saving model to models/unbalanced_mnist_vaestudent_e300_L2_b64/multi-normal-cluster_classifier_100/cp-0026.hdf5
 - 3s - loss: 0.0080 - acc: 0.9990 - val_loss: 1.6408 - val_acc: 0.7343
Epoch 27/50

Epoch 00027: saving model to models/unbalanced_mnist_vaestudent_e300_L2_b64/multi-normal-cluster_classifier_100/cp-0027.hdf5
 - 3s - loss: 0.0112 - acc: 0.9961 - val_loss: 1.6291 - val_acc: 0.7399
Epoch 28/50

Epoch 00028: saving model to models/unbalanced_mnist_vaestudent_e300_L2_b64/multi-normal-cluster_classifier_100/cp-0028.hdf5
 - 3s - loss: 0.0047 - acc: 0.9980 - val_loss: 1.6912 - val_acc: 0.7345
Epoch 29/50

Epoch 00029: saving model to models/unbalanced_mnist_vaestudent_e300_L2_b64/multi-normal-cluster_classifier_100/cp-0029.hdf5
 - 3s - loss: 0.0040 - acc: 1.0000 - val_loss: 1.6486 - val_acc: 0.7332
Epoch 30/50

Epoch 00030: saving model to models/unbalanced_mnist_vaestudent_e300_L2_b64/multi-normal-cluster_classifier_100/cp-0030.hdf5
 - 3s - loss: 0.0038 - acc: 0.9990 - val_loss: 1.7079 - val_acc: 0.7305
Epoch 31/50

Epoch 00031: saving model to models/unbalanced_mnist_vaestudent_e300_L2_b64/multi-normal-cluster_classifier_100/cp-0031.hdf5
 - 3s - loss: 0.0040 - acc: 0.9990 - val_loss: 1.6730 - val_acc: 0.7326
Epoch 32/50

Epoch 00032: saving model to models/unbalanced_mnist_vaestudent_e300_L2_b64/multi-normal-cluster_classifier_100/cp-0032.hdf5
 - 3s - loss: 0.0022 - acc: 1.0000 - val_loss: 1.7007 - val_acc: 0.7379
Epoch 33/50

Epoch 00033: saving model to models/unbalanced_mnist_vaestudent_e300_L2_b64/multi-normal-cluster_classifier_100/cp-0033.hdf5
 - 3s - loss: 0.0030 - acc: 1.0000 - val_loss: 1.7538 - val_acc: 0.7349
Epoch 34/50

Epoch 00034: saving model to models/unbalanced_mnist_vaestudent_e300_L2_b64/multi-normal-cluster_classifier_100/cp-0034.hdf5
 - 3s - loss: 0.0028 - acc: 1.0000 - val_loss: 1.7421 - val_acc: 0.7328
Epoch 35/50

Epoch 00035: saving model to models/unbalanced_mnist_vaestudent_e300_L2_b64/multi-normal-cluster_classifier_100/cp-0035.hdf5
 - 3s - loss: 0.0077 - acc: 0.9971 - val_loss: 1.7258 - val_acc: 0.7338
Epoch 36/50

Epoch 00036: saving model to models/unbalanced_mnist_vaestudent_e300_L2_b64/multi-normal-cluster_classifier_100/cp-0036.hdf5
 - 3s - loss: 0.0037 - acc: 0.9990 - val_loss: 1.7591 - val_acc: 0.7301
Epoch 37/50

Epoch 00037: saving model to models/unbalanced_mnist_vaestudent_e300_L2_b64/multi-normal-cluster_classifier_100/cp-0037.hdf5
 - 3s - loss: 0.0025 - acc: 1.0000 - val_loss: 1.7738 - val_acc: 0.7266
Epoch 38/50

Epoch 00038: saving model to models/unbalanced_mnist_vaestudent_e300_L2_b64/multi-normal-cluster_classifier_100/cp-0038.hdf5
 - 3s - loss: 0.0041 - acc: 0.9990 - val_loss: 1.7637 - val_acc: 0.7313
Epoch 39/50

Epoch 00039: saving model to models/unbalanced_mnist_vaestudent_e300_L2_b64/multi-normal-cluster_classifier_100/cp-0039.hdf5
 - 3s - loss: 0.0020 - acc: 1.0000 - val_loss: 1.8188 - val_acc: 0.7267
Epoch 40/50

Epoch 00040: saving model to models/unbalanced_mnist_vaestudent_e300_L2_b64/multi-normal-cluster_classifier_100/cp-0040.hdf5
 - 3s - loss: 0.0044 - acc: 0.9990 - val_loss: 1.7988 - val_acc: 0.7315
Epoch 41/50

Epoch 00041: saving model to models/unbalanced_mnist_vaestudent_e300_L2_b64/multi-normal-cluster_classifier_100/cp-0041.hdf5
 - 3s - loss: 0.0018 - acc: 1.0000 - val_loss: 1.7996 - val_acc: 0.7310
Epoch 42/50

Epoch 00042: saving model to models/unbalanced_mnist_vaestudent_e300_L2_b64/multi-normal-cluster_classifier_100/cp-0042.hdf5
 - 3s - loss: 0.0016 - acc: 1.0000 - val_loss: 1.7866 - val_acc: 0.7316
Epoch 43/50

Epoch 00043: saving model to models/unbalanced_mnist_vaestudent_e300_L2_b64/multi-normal-cluster_classifier_100/cp-0043.hdf5
 - 3s - loss: 0.0053 - acc: 0.9990 - val_loss: 1.7863 - val_acc: 0.7375
Epoch 44/50

Epoch 00044: saving model to models/unbalanced_mnist_vaestudent_e300_L2_b64/multi-normal-cluster_classifier_100/cp-0044.hdf5
 - 3s - loss: 0.0017 - acc: 1.0000 - val_loss: 1.8062 - val_acc: 0.7331
Epoch 45/50

Epoch 00045: saving model to models/unbalanced_mnist_vaestudent_e300_L2_b64/multi-normal-cluster_classifier_100/cp-0045.hdf5
 - 3s - loss: 0.0015 - acc: 1.0000 - val_loss: 1.8302 - val_acc: 0.7308
Epoch 46/50

Epoch 00046: saving model to models/unbalanced_mnist_vaestudent_e300_L2_b64/multi-normal-cluster_classifier_100/cp-0046.hdf5
 - 3s - loss: 0.0022 - acc: 0.9990 - val_loss: 1.8036 - val_acc: 0.7296
Epoch 47/50

Epoch 00047: saving model to models/unbalanced_mnist_vaestudent_e300_L2_b64/multi-normal-cluster_classifier_100/cp-0047.hdf5
 - 3s - loss: 0.0022 - acc: 1.0000 - val_loss: 1.8313 - val_acc: 0.7318
Epoch 48/50

Epoch 00048: saving model to models/unbalanced_mnist_vaestudent_e300_L2_b64/multi-normal-cluster_classifier_100/cp-0048.hdf5
 - 3s - loss: 0.0015 - acc: 1.0000 - val_loss: 1.8522 - val_acc: 0.7333
Epoch 49/50

Epoch 00049: saving model to models/unbalanced_mnist_vaestudent_e300_L2_b64/multi-normal-cluster_classifier_100/cp-0049.hdf5
 - 3s - loss: 0.0030 - acc: 0.9990 - val_loss: 1.8694 - val_acc: 0.7321
Epoch 50/50

Epoch 00050: saving model to models/unbalanced_mnist_vaestudent_e300_L2_b64/multi-normal-cluster_classifier_100/cp-0050.hdf5
 - 3s - loss: 8.4336e-04 - acc: 1.0000 - val_loss: 1.8512 - val_acc: 0.7319
Epoch 1/50

Epoch 00001: saving model to models/unbalanced_mnist_vaestudent_e300_L2_b64/error_classifier_100/cp-0001.hdf5
 - 6s - loss: 2.2484 - acc: 0.2305 - val_loss: 2.3066 - val_acc: 0.0969
Epoch 2/50

Epoch 00002: saving model to models/unbalanced_mnist_vaestudent_e300_L2_b64/error_classifier_100/cp-0002.hdf5
 - 3s - loss: 1.7499 - acc: 0.2822 - val_loss: 3.6366 - val_acc: 0.1661
Epoch 3/50

Epoch 00003: saving model to models/unbalanced_mnist_vaestudent_e300_L2_b64/error_classifier_100/cp-0003.hdf5
 - 3s - loss: 1.4270 - acc: 0.4141 - val_loss: 4.5120 - val_acc: 0.1744
Epoch 4/50

Epoch 00004: saving model to models/unbalanced_mnist_vaestudent_e300_L2_b64/error_classifier_100/cp-0004.hdf5
 - 3s - loss: 1.1859 - acc: 0.5576 - val_loss: 4.4786 - val_acc: 0.3535
Epoch 5/50

Epoch 00005: saving model to models/unbalanced_mnist_vaestudent_e300_L2_b64/error_classifier_100/cp-0005.hdf5
 - 3s - loss: 0.8981 - acc: 0.6865 - val_loss: 5.2609 - val_acc: 0.3401
Epoch 6/50

Epoch 00006: saving model to models/unbalanced_mnist_vaestudent_e300_L2_b64/error_classifier_100/cp-0006.hdf5
 - 3s - loss: 0.7477 - acc: 0.7393 - val_loss: 4.9891 - val_acc: 0.4195
Epoch 7/50

Epoch 00007: saving model to models/unbalanced_mnist_vaestudent_e300_L2_b64/error_classifier_100/cp-0007.hdf5
 - 3s - loss: 0.6100 - acc: 0.8027 - val_loss: 5.6755 - val_acc: 0.4307
Epoch 8/50

Epoch 00008: saving model to models/unbalanced_mnist_vaestudent_e300_L2_b64/error_classifier_100/cp-0008.hdf5
 - 3s - loss: 0.5126 - acc: 0.8242 - val_loss: 6.0838 - val_acc: 0.4008
Epoch 9/50

Epoch 00009: saving model to models/unbalanced_mnist_vaestudent_e300_L2_b64/error_classifier_100/cp-0009.hdf5
 - 3s - loss: 0.4577 - acc: 0.8467 - val_loss: 6.2130 - val_acc: 0.4301
Epoch 10/50

Epoch 00010: saving model to models/unbalanced_mnist_vaestudent_e300_L2_b64/error_classifier_100/cp-0010.hdf5
 - 3s - loss: 0.3622 - acc: 0.8730 - val_loss: 6.7487 - val_acc: 0.4352
Epoch 11/50

Epoch 00011: saving model to models/unbalanced_mnist_vaestudent_e300_L2_b64/error_classifier_100/cp-0011.hdf5
 - 3s - loss: 0.3082 - acc: 0.8984 - val_loss: 6.7458 - val_acc: 0.4422
Epoch 12/50

Epoch 00012: saving model to models/unbalanced_mnist_vaestudent_e300_L2_b64/error_classifier_100/cp-0012.hdf5
 - 3s - loss: 0.2427 - acc: 0.9150 - val_loss: 7.3809 - val_acc: 0.4436
Epoch 13/50

Epoch 00013: saving model to models/unbalanced_mnist_vaestudent_e300_L2_b64/error_classifier_100/cp-0013.hdf5
 - 3s - loss: 0.2185 - acc: 0.9180 - val_loss: 7.5096 - val_acc: 0.4474
Epoch 14/50

Epoch 00014: saving model to models/unbalanced_mnist_vaestudent_e300_L2_b64/error_classifier_100/cp-0014.hdf5
 - 3s - loss: 0.1391 - acc: 0.9541 - val_loss: 7.9112 - val_acc: 0.4505
Epoch 15/50

Epoch 00015: saving model to models/unbalanced_mnist_vaestudent_e300_L2_b64/error_classifier_100/cp-0015.hdf5
 - 3s - loss: 0.1921 - acc: 0.9365 - val_loss: 7.5404 - val_acc: 0.4531
Epoch 16/50

Epoch 00016: saving model to models/unbalanced_mnist_vaestudent_e300_L2_b64/error_classifier_100/cp-0016.hdf5
 - 3s - loss: 0.1168 - acc: 0.9658 - val_loss: 7.7333 - val_acc: 0.4584
Epoch 17/50

Epoch 00017: saving model to models/unbalanced_mnist_vaestudent_e300_L2_b64/error_classifier_100/cp-0017.hdf5
 - 3s - loss: 0.0636 - acc: 0.9834 - val_loss: 7.9454 - val_acc: 0.4573
Epoch 18/50

Epoch 00018: saving model to models/unbalanced_mnist_vaestudent_e300_L2_b64/error_classifier_100/cp-0018.hdf5
 - 3s - loss: 0.0523 - acc: 0.9893 - val_loss: 8.1128 - val_acc: 0.4588
Epoch 19/50

Epoch 00019: saving model to models/unbalanced_mnist_vaestudent_e300_L2_b64/error_classifier_100/cp-0019.hdf5
 - 3s - loss: 0.0489 - acc: 0.9902 - val_loss: 8.1503 - val_acc: 0.4592
Epoch 20/50

Epoch 00020: saving model to models/unbalanced_mnist_vaestudent_e300_L2_b64/error_classifier_100/cp-0020.hdf5
 - 3s - loss: 0.0317 - acc: 0.9922 - val_loss: 8.1861 - val_acc: 0.4567
Epoch 21/50

Epoch 00021: saving model to models/unbalanced_mnist_vaestudent_e300_L2_b64/error_classifier_100/cp-0021.hdf5
 - 3s - loss: 0.0251 - acc: 0.9961 - val_loss: 8.2275 - val_acc: 0.4601
Epoch 22/50

Epoch 00022: saving model to models/unbalanced_mnist_vaestudent_e300_L2_b64/error_classifier_100/cp-0022.hdf5
 - 3s - loss: 0.0249 - acc: 0.9951 - val_loss: 8.2478 - val_acc: 0.4607
Epoch 23/50

Epoch 00023: saving model to models/unbalanced_mnist_vaestudent_e300_L2_b64/error_classifier_100/cp-0023.hdf5
 - 3s - loss: 0.0209 - acc: 0.9941 - val_loss: 8.2730 - val_acc: 0.4589
Epoch 24/50

Epoch 00024: saving model to models/unbalanced_mnist_vaestudent_e300_L2_b64/error_classifier_100/cp-0024.hdf5
 - 3s - loss: 0.0205 - acc: 0.9961 - val_loss: 8.2736 - val_acc: 0.4595
Epoch 25/50

Epoch 00025: saving model to models/unbalanced_mnist_vaestudent_e300_L2_b64/error_classifier_100/cp-0025.hdf5
 - 3s - loss: 0.0159 - acc: 0.9941 - val_loss: 8.2751 - val_acc: 0.4609
Epoch 26/50

Epoch 00026: saving model to models/unbalanced_mnist_vaestudent_e300_L2_b64/error_classifier_100/cp-0026.hdf5
 - 3s - loss: 0.0154 - acc: 0.9971 - val_loss: 8.2790 - val_acc: 0.4607
Epoch 27/50

Epoch 00027: saving model to models/unbalanced_mnist_vaestudent_e300_L2_b64/error_classifier_100/cp-0027.hdf5
 - 3s - loss: 0.0120 - acc: 0.9980 - val_loss: 8.2814 - val_acc: 0.4611
Epoch 28/50

Epoch 00028: saving model to models/unbalanced_mnist_vaestudent_e300_L2_b64/error_classifier_100/cp-0028.hdf5
 - 3s - loss: 0.0136 - acc: 0.9971 - val_loss: 8.3022 - val_acc: 0.4593
Epoch 29/50

Epoch 00029: saving model to models/unbalanced_mnist_vaestudent_e300_L2_b64/error_classifier_100/cp-0029.hdf5
 - 3s - loss: 0.0174 - acc: 0.9961 - val_loss: 8.2894 - val_acc: 0.4600
Epoch 30/50

Epoch 00030: saving model to models/unbalanced_mnist_vaestudent_e300_L2_b64/error_classifier_100/cp-0030.hdf5
 - 3s - loss: 0.0122 - acc: 0.9980 - val_loss: 8.2906 - val_acc: 0.4611
Epoch 31/50

Epoch 00031: saving model to models/unbalanced_mnist_vaestudent_e300_L2_b64/error_classifier_100/cp-0031.hdf5
 - 3s - loss: 0.0083 - acc: 0.9980 - val_loss: 8.2905 - val_acc: 0.4612
Epoch 32/50

Epoch 00032: saving model to models/unbalanced_mnist_vaestudent_e300_L2_b64/error_classifier_100/cp-0032.hdf5
 - 3s - loss: 0.0076 - acc: 0.9990 - val_loss: 8.3006 - val_acc: 0.4618
Epoch 33/50

Epoch 00033: saving model to models/unbalanced_mnist_vaestudent_e300_L2_b64/error_classifier_100/cp-0033.hdf5
 - 3s - loss: 0.0138 - acc: 0.9941 - val_loss: 8.2842 - val_acc: 0.4615
Epoch 34/50

Epoch 00034: saving model to models/unbalanced_mnist_vaestudent_e300_L2_b64/error_classifier_100/cp-0034.hdf5
 - 3s - loss: 0.0097 - acc: 0.9990 - val_loss: 8.3062 - val_acc: 0.4604
Epoch 35/50

Epoch 00035: saving model to models/unbalanced_mnist_vaestudent_e300_L2_b64/error_classifier_100/cp-0035.hdf5
 - 3s - loss: 0.0067 - acc: 0.9980 - val_loss: 8.3097 - val_acc: 0.4592
Epoch 36/50

Epoch 00036: saving model to models/unbalanced_mnist_vaestudent_e300_L2_b64/error_classifier_100/cp-0036.hdf5
 - 3s - loss: 0.0050 - acc: 1.0000 - val_loss: 8.3029 - val_acc: 0.4606
Epoch 37/50

Epoch 00037: saving model to models/unbalanced_mnist_vaestudent_e300_L2_b64/error_classifier_100/cp-0037.hdf5
 - 3s - loss: 0.0048 - acc: 0.9990 - val_loss: 8.3120 - val_acc: 0.4611
Epoch 38/50

Epoch 00038: saving model to models/unbalanced_mnist_vaestudent_e300_L2_b64/error_classifier_100/cp-0038.hdf5
 - 3s - loss: 0.0097 - acc: 0.9961 - val_loss: 8.3130 - val_acc: 0.4608
Epoch 39/50

Epoch 00039: saving model to models/unbalanced_mnist_vaestudent_e300_L2_b64/error_classifier_100/cp-0039.hdf5
 - 3s - loss: 0.0049 - acc: 0.9990 - val_loss: 8.3114 - val_acc: 0.4605
Epoch 40/50

Epoch 00040: saving model to models/unbalanced_mnist_vaestudent_e300_L2_b64/error_classifier_100/cp-0040.hdf5
 - 3s - loss: 0.0048 - acc: 0.9990 - val_loss: 8.3110 - val_acc: 0.4607
Epoch 41/50

Epoch 00041: saving model to models/unbalanced_mnist_vaestudent_e300_L2_b64/error_classifier_100/cp-0041.hdf5
 - 3s - loss: 0.0058 - acc: 0.9980 - val_loss: 8.3149 - val_acc: 0.4593
Epoch 42/50

Epoch 00042: saving model to models/unbalanced_mnist_vaestudent_e300_L2_b64/error_classifier_100/cp-0042.hdf5
 - 3s - loss: 0.0026 - acc: 1.0000 - val_loss: 8.3121 - val_acc: 0.4609
Epoch 43/50

Epoch 00043: saving model to models/unbalanced_mnist_vaestudent_e300_L2_b64/error_classifier_100/cp-0043.hdf5
 - 3s - loss: 0.0051 - acc: 0.9990 - val_loss: 8.3210 - val_acc: 0.4603
Epoch 44/50

Epoch 00044: saving model to models/unbalanced_mnist_vaestudent_e300_L2_b64/error_classifier_100/cp-0044.hdf5
 - 3s - loss: 0.0039 - acc: 0.9990 - val_loss: 8.3151 - val_acc: 0.4604
Epoch 45/50

Epoch 00045: saving model to models/unbalanced_mnist_vaestudent_e300_L2_b64/error_classifier_100/cp-0045.hdf5
 - 3s - loss: 0.0018 - acc: 1.0000 - val_loss: 8.3091 - val_acc: 0.4617
Epoch 46/50

Epoch 00046: saving model to models/unbalanced_mnist_vaestudent_e300_L2_b64/error_classifier_100/cp-0046.hdf5
 - 3s - loss: 0.0023 - acc: 1.0000 - val_loss: 8.3082 - val_acc: 0.4618
Epoch 47/50

Epoch 00047: saving model to models/unbalanced_mnist_vaestudent_e300_L2_b64/error_classifier_100/cp-0047.hdf5
 - 3s - loss: 0.0029 - acc: 1.0000 - val_loss: 8.3287 - val_acc: 0.4613
Epoch 48/50

Epoch 00048: saving model to models/unbalanced_mnist_vaestudent_e300_L2_b64/error_classifier_100/cp-0048.hdf5
 - 3s - loss: 0.0053 - acc: 0.9980 - val_loss: 8.3303 - val_acc: 0.4620
Epoch 49/50

Epoch 00049: saving model to models/unbalanced_mnist_vaestudent_e300_L2_b64/error_classifier_100/cp-0049.hdf5
 - 3s - loss: 0.0034 - acc: 0.9990 - val_loss: 8.3275 - val_acc: 0.4621
Epoch 50/50

Epoch 00050: saving model to models/unbalanced_mnist_vaestudent_e300_L2_b64/error_classifier_100/cp-0050.hdf5
 - 3s - loss: 0.0078 - acc: 0.9971 - val_loss: 8.3110 - val_acc: 0.4619
Finished.
