INFO:latens:tensorflow 1.12.0, keras 2.1.6-tf
INFO:latens:command: encode
INFO:latens:model: model
INFO:latens:layer:(None, 28, 28, 1) -> (None, 28, 28, 1):input_2
INFO:latens:layer:(None, 28, 28, 1) -> (None, 4):sequential
INFO:latens:layer:(None, 4) -> (None, 28, 28, 1):sequential_1
2019-03-16 16:43:30.166739: I tensorflow/core/platform/cpu_feature_guard.cc:141] Your CPU supports instructions that this TensorFlow binary was not compiled to use: SSE4.1 SSE4.2 AVX AVX2 FMA
2019-03-16 16:43:30.409644: I tensorflow/core/common_runtime/gpu/gpu_device.cc:1432] Found device 0 with properties: 
name: Tesla K80 major: 3 minor: 7 memoryClockRate(GHz): 0.8235
pciBusID: 0000:09:00.0
totalMemory: 11.17GiB freeMemory: 11.10GiB
2019-03-16 16:43:30.409731: I tensorflow/core/common_runtime/gpu/gpu_device.cc:1511] Adding visible gpu devices: 0
2019-03-16 16:43:30.786412: I tensorflow/core/common_runtime/gpu/gpu_device.cc:982] Device interconnect StreamExecutor with strength 1 edge matrix:
2019-03-16 16:43:30.786482: I tensorflow/core/common_runtime/gpu/gpu_device.cc:988]      0 
2019-03-16 16:43:30.786510: I tensorflow/core/common_runtime/gpu/gpu_device.cc:1001] 0:   N 
2019-03-16 16:43:30.786833: I tensorflow/core/common_runtime/gpu/gpu_device.cc:1115] Created TensorFlow device (/job:localhost/replica:0/task:0/device:GPU:0 with 10757 MB memory) -> physical GPU (device: 0, name: Tesla K80, pci bus id: 0000:09:00.0, compute capability: 3.7)
INFO:latens:restored model from models/unbalanced_mnist_vaestudent_e300_L2_b64/autoencoder/cp-0300.hdf5
DEBUG:latens:encodings:
[[ 0.05007329 -0.49162433]
 [ 0.32934967  0.27516648]
 [-0.15424171 -0.46201462]
 ...
 [ 0.01956552  0.01262269]
 [-0.03518917 -0.11864506]
 [ 0.00070586 -0.02858645]]
INFO:latens:saved encodings to 'models/unbalanced_mnist_vaestudent_e300_L2_b64/encodings.npy'
INFO:latens:tensorflow 1.12.0, keras 2.1.6-tf
INFO:latens:command: reconstruct
INFO:latens:model: model
INFO:latens:layer:(None, 28, 28, 1) -> (None, 28, 28, 1):input_2
INFO:latens:layer:(None, 28, 28, 1) -> (None, 4):sequential
INFO:latens:layer:(None, 4) -> (None, 28, 28, 1):sequential_1
2019-03-16 16:43:46.538251: I tensorflow/core/platform/cpu_feature_guard.cc:141] Your CPU supports instructions that this TensorFlow binary was not compiled to use: SSE4.1 SSE4.2 AVX AVX2 FMA
2019-03-16 16:43:46.779122: I tensorflow/core/common_runtime/gpu/gpu_device.cc:1432] Found device 0 with properties: 
name: Tesla K80 major: 3 minor: 7 memoryClockRate(GHz): 0.8235
pciBusID: 0000:09:00.0
totalMemory: 11.17GiB freeMemory: 11.10GiB
2019-03-16 16:43:46.779196: I tensorflow/core/common_runtime/gpu/gpu_device.cc:1511] Adding visible gpu devices: 0
2019-03-16 16:43:47.247002: I tensorflow/core/common_runtime/gpu/gpu_device.cc:982] Device interconnect StreamExecutor with strength 1 edge matrix:
2019-03-16 16:43:47.247072: I tensorflow/core/common_runtime/gpu/gpu_device.cc:988]      0 
2019-03-16 16:43:47.247085: I tensorflow/core/common_runtime/gpu/gpu_device.cc:1001] 0:   N 
2019-03-16 16:43:47.247405: I tensorflow/core/common_runtime/gpu/gpu_device.cc:1115] Created TensorFlow device (/job:localhost/replica:0/task:0/device:GPU:0 with 10757 MB memory) -> physical GPU (device: 0, name: Tesla K80, pci bus id: 0000:09:00.0, compute capability: 3.7)
INFO:latens:restored model from models/unbalanced_mnist_vaestudent_e300_L2_b64/autoencoder/cp-0300.hdf5
2019-03-16 16:43:50.354744: I tensorflow/core/common_runtime/gpu/gpu_device.cc:1511] Adding visible gpu devices: 0
2019-03-16 16:43:50.354817: I tensorflow/core/common_runtime/gpu/gpu_device.cc:982] Device interconnect StreamExecutor with strength 1 edge matrix:
2019-03-16 16:43:50.354831: I tensorflow/core/common_runtime/gpu/gpu_device.cc:988]      0 
2019-03-16 16:43:50.354839: I tensorflow/core/common_runtime/gpu/gpu_device.cc:1001] 0:   N 
2019-03-16 16:43:50.354967: I tensorflow/core/common_runtime/gpu/gpu_device.cc:1115] Created TensorFlow device (/job:localhost/replica:0/task:0/device:GPU:0 with 10757 MB memory) -> physical GPU (device: 0, name: Tesla K80, pci bus id: 0000:09:00.0, compute capability: 3.7)
INFO:latens:tensorflow 1.12.0, keras 2.1.6-tf
INFO:latens:command: sample
INFO:latens:sampling with 'random'
DEBUG:latens:sampling: (50000,), 1000
INFO:latens:writing dataset to models/unbalanced_mnist_vaestudent_e300_L2_b64/random_sample_1000.tfrecord...
2019-03-16 16:44:00.118013: I tensorflow/core/platform/cpu_feature_guard.cc:141] Your CPU supports instructions that this TensorFlow binary was not compiled to use: SSE4.1 SSE4.2 AVX AVX2 FMA
2019-03-16 16:44:00.357649: I tensorflow/core/common_runtime/gpu/gpu_device.cc:1432] Found device 0 with properties: 
name: Tesla K80 major: 3 minor: 7 memoryClockRate(GHz): 0.8235
pciBusID: 0000:09:00.0
totalMemory: 11.17GiB freeMemory: 11.10GiB
2019-03-16 16:44:00.357722: I tensorflow/core/common_runtime/gpu/gpu_device.cc:1511] Adding visible gpu devices: 0
2019-03-16 16:44:00.810421: I tensorflow/core/common_runtime/gpu/gpu_device.cc:982] Device interconnect StreamExecutor with strength 1 edge matrix:
2019-03-16 16:44:00.810480: I tensorflow/core/common_runtime/gpu/gpu_device.cc:988]      0 
2019-03-16 16:44:00.810494: I tensorflow/core/common_runtime/gpu/gpu_device.cc:1001] 0:   N 
2019-03-16 16:44:00.810850: I tensorflow/core/common_runtime/gpu/gpu_device.cc:1115] Created TensorFlow device (/job:localhost/replica:0/task:0/device:GPU:0 with 10757 MB memory) -> physical GPU (device: 0, name: Tesla K80, pci bus id: 0000:09:00.0, compute capability: 3.7)
INFO:latens:wrote 1000 examples
INFO:latens:tensorflow 1.12.0, keras 2.1.6-tf
INFO:latens:command: classifier
INFO:latens:model: model
INFO:latens:layer:(None, 28, 28, 1) -> (None, 28, 28, 1):input_2
INFO:latens:layer:(None, 28, 28, 1) -> (None, 4):sequential
INFO:latens:layer:(None, 4) -> (None, 28, 28, 1):sequential_1
INFO:latens:model: sequential_4
INFO:latens:layer:(None, 28, 28, 1) -> (None, 28, 28, 64):conv2d_19
INFO:latens:layer:(None, 28, 28, 64) -> (None, 28, 28, 64):conv2d_20
INFO:latens:layer:(None, 28, 28, 64) -> (None, 14, 14, 64):max_pooling2d_2
INFO:latens:layer:(None, 14, 14, 64) -> (None, 14, 14, 64):dropout_4
INFO:latens:layer:(None, 14, 14, 64) -> (None, 14, 14, 32):conv2d_21
INFO:latens:layer:(None, 14, 14, 32) -> (None, 14, 14, 32):conv2d_22
INFO:latens:layer:(None, 14, 14, 32) -> (None, 7, 7, 32):max_pooling2d_3
INFO:latens:layer:(None, 7, 7, 32) -> (None, 7, 7, 32):dropout_5
INFO:latens:layer:(None, 7, 7, 32) -> (None, 7, 7, 32):conv2d_23
INFO:latens:layer:(None, 7, 7, 32) -> (None, 7, 7, 32):conv2d_24
INFO:latens:layer:(None, 7, 7, 32) -> (None, 1568):flatten_1
INFO:latens:layer:(None, 1568) -> (None, 1024):dense_6
INFO:latens:layer:(None, 1024) -> (None, 10):dense_7
2019-03-16 16:44:12.260652: I tensorflow/core/platform/cpu_feature_guard.cc:141] Your CPU supports instructions that this TensorFlow binary was not compiled to use: SSE4.1 SSE4.2 AVX AVX2 FMA
2019-03-16 16:44:12.487544: I tensorflow/core/common_runtime/gpu/gpu_device.cc:1432] Found device 0 with properties: 
name: Tesla K80 major: 3 minor: 7 memoryClockRate(GHz): 0.8235
pciBusID: 0000:09:00.0
totalMemory: 11.17GiB freeMemory: 11.10GiB
2019-03-16 16:44:12.487609: I tensorflow/core/common_runtime/gpu/gpu_device.cc:1511] Adding visible gpu devices: 0
2019-03-16 16:44:12.900681: I tensorflow/core/common_runtime/gpu/gpu_device.cc:982] Device interconnect StreamExecutor with strength 1 edge matrix:
2019-03-16 16:44:12.900744: I tensorflow/core/common_runtime/gpu/gpu_device.cc:988]      0 
2019-03-16 16:44:12.900756: I tensorflow/core/common_runtime/gpu/gpu_device.cc:1001] 0:   N 
2019-03-16 16:44:12.901073: I tensorflow/core/common_runtime/gpu/gpu_device.cc:1115] Created TensorFlow device (/job:localhost/replica:0/task:0/device:GPU:0 with 10757 MB memory) -> physical GPU (device: 0, name: Tesla K80, pci bus id: 0000:09:00.0, compute capability: 3.7)
INFO:latens:test accuracy: 92.7%
INFO:latens:tensorflow 1.12.0, keras 2.1.6-tf
INFO:latens:command: visualize
INFO:latens:visualizing and saving
INFO:latens:Plotting encoding...
DEBUG:latens:encodings: [[ 0.05007329 -0.49162433]
 [ 0.32934967  0.27516648]
 [-0.15424171 -0.46201462]
 ...
 [ 0.01956552  0.01262269]
 [-0.03518917 -0.11864506]
 [ 0.00070586 -0.02858645]]
INFO:latens:saving encodings plot to models/unbalanced_mnist_vaestudent_e300_L2_b64/encodings.pdf
INFO:latens:saving successful
INFO:latens:Plotting sampling...
INFO:latens:saving sampling plot to models/unbalanced_mnist_vaestudent_e300_L2_b64/random_sampling_1000.pdf
INFO:latens:saving successful
INFO:latens:saving distribution plot to models/unbalanced_mnist_vaestudent_e300_L2_b64/random_sampling_distribution_1000.pdf
INFO:latens:saving successful
INFO:latens:tensorflow 1.12.0, keras 2.1.6-tf
INFO:latens:command: sample
INFO:latens:sampling with 'normal'
DEBUG:latens:sampler: drawing 1000 points
DEBUG:latens:sampling: (50000,), 1000
INFO:latens:writing dataset to models/unbalanced_mnist_vaestudent_e300_L2_b64/normal_sample_1000.tfrecord...
2019-03-16 16:46:55.262935: I tensorflow/core/platform/cpu_feature_guard.cc:141] Your CPU supports instructions that this TensorFlow binary was not compiled to use: SSE4.1 SSE4.2 AVX AVX2 FMA
2019-03-16 16:46:56.492574: I tensorflow/core/common_runtime/gpu/gpu_device.cc:1432] Found device 0 with properties: 
name: Tesla K80 major: 3 minor: 7 memoryClockRate(GHz): 0.8235
pciBusID: 0000:09:00.0
totalMemory: 11.17GiB freeMemory: 11.10GiB
2019-03-16 16:46:56.492641: I tensorflow/core/common_runtime/gpu/gpu_device.cc:1511] Adding visible gpu devices: 0
2019-03-16 16:46:56.886270: I tensorflow/core/common_runtime/gpu/gpu_device.cc:982] Device interconnect StreamExecutor with strength 1 edge matrix:
2019-03-16 16:46:56.886325: I tensorflow/core/common_runtime/gpu/gpu_device.cc:988]      0 
2019-03-16 16:46:56.886337: I tensorflow/core/common_runtime/gpu/gpu_device.cc:1001] 0:   N 
2019-03-16 16:46:56.886643: I tensorflow/core/common_runtime/gpu/gpu_device.cc:1115] Created TensorFlow device (/job:localhost/replica:0/task:0/device:GPU:0 with 10757 MB memory) -> physical GPU (device: 0, name: Tesla K80, pci bus id: 0000:09:00.0, compute capability: 3.7)
INFO:latens:wrote 1000 examples
INFO:latens:tensorflow 1.12.0, keras 2.1.6-tf
INFO:latens:command: classifier
INFO:latens:model: model
INFO:latens:layer:(None, 28, 28, 1) -> (None, 28, 28, 1):input_2
INFO:latens:layer:(None, 28, 28, 1) -> (None, 4):sequential
INFO:latens:layer:(None, 4) -> (None, 28, 28, 1):sequential_1
INFO:latens:model: sequential_4
INFO:latens:layer:(None, 28, 28, 1) -> (None, 28, 28, 64):conv2d_19
INFO:latens:layer:(None, 28, 28, 64) -> (None, 28, 28, 64):conv2d_20
INFO:latens:layer:(None, 28, 28, 64) -> (None, 14, 14, 64):max_pooling2d_2
INFO:latens:layer:(None, 14, 14, 64) -> (None, 14, 14, 64):dropout_4
INFO:latens:layer:(None, 14, 14, 64) -> (None, 14, 14, 32):conv2d_21
INFO:latens:layer:(None, 14, 14, 32) -> (None, 14, 14, 32):conv2d_22
INFO:latens:layer:(None, 14, 14, 32) -> (None, 7, 7, 32):max_pooling2d_3
INFO:latens:layer:(None, 7, 7, 32) -> (None, 7, 7, 32):dropout_5
INFO:latens:layer:(None, 7, 7, 32) -> (None, 7, 7, 32):conv2d_23
INFO:latens:layer:(None, 7, 7, 32) -> (None, 7, 7, 32):conv2d_24
INFO:latens:layer:(None, 7, 7, 32) -> (None, 1568):flatten_1
INFO:latens:layer:(None, 1568) -> (None, 1024):dense_6
INFO:latens:layer:(None, 1024) -> (None, 10):dense_7
2019-03-16 16:47:04.673915: I tensorflow/core/platform/cpu_feature_guard.cc:141] Your CPU supports instructions that this TensorFlow binary was not compiled to use: SSE4.1 SSE4.2 AVX AVX2 FMA
2019-03-16 16:47:04.901452: I tensorflow/core/common_runtime/gpu/gpu_device.cc:1432] Found device 0 with properties: 
name: Tesla K80 major: 3 minor: 7 memoryClockRate(GHz): 0.8235
pciBusID: 0000:09:00.0
totalMemory: 11.17GiB freeMemory: 11.10GiB
2019-03-16 16:47:04.901522: I tensorflow/core/common_runtime/gpu/gpu_device.cc:1511] Adding visible gpu devices: 0
2019-03-16 16:47:05.293075: I tensorflow/core/common_runtime/gpu/gpu_device.cc:982] Device interconnect StreamExecutor with strength 1 edge matrix:
2019-03-16 16:47:05.293144: I tensorflow/core/common_runtime/gpu/gpu_device.cc:988]      0 
2019-03-16 16:47:05.293156: I tensorflow/core/common_runtime/gpu/gpu_device.cc:1001] 0:   N 
2019-03-16 16:47:05.293491: I tensorflow/core/common_runtime/gpu/gpu_device.cc:1115] Created TensorFlow device (/job:localhost/replica:0/task:0/device:GPU:0 with 10757 MB memory) -> physical GPU (device: 0, name: Tesla K80, pci bus id: 0000:09:00.0, compute capability: 3.7)
INFO:latens:test accuracy: 93.4%
INFO:latens:tensorflow 1.12.0, keras 2.1.6-tf
INFO:latens:command: visualize
INFO:latens:visualizing and saving
INFO:latens:Plotting encoding...
DEBUG:latens:encodings: [[ 0.05007329 -0.49162433]
 [ 0.32934967  0.27516648]
 [-0.15424171 -0.46201462]
 ...
 [ 0.01956552  0.01262269]
 [-0.03518917 -0.11864506]
 [ 0.00070586 -0.02858645]]
INFO:latens:saving encodings plot to models/unbalanced_mnist_vaestudent_e300_L2_b64/encodings.pdf
INFO:latens:saving successful
INFO:latens:Plotting sampling...
INFO:latens:saving sampling plot to models/unbalanced_mnist_vaestudent_e300_L2_b64/normal_sampling_1000.pdf
INFO:latens:saving successful
INFO:latens:saving distribution plot to models/unbalanced_mnist_vaestudent_e300_L2_b64/normal_sampling_distribution_1000.pdf
INFO:latens:saving successful
INFO:latens:tensorflow 1.12.0, keras 2.1.6-tf
INFO:latens:command: sample
INFO:latens:sampling with 'multi-normal'
DEBUG:latens:sampler: drawing 1000 points
DEBUG:latens:sampling: (50000,), 1000
INFO:latens:writing dataset to models/unbalanced_mnist_vaestudent_e300_L2_b64/multi-normal_sample_1000.tfrecord...
2019-03-16 16:49:48.204054: I tensorflow/core/platform/cpu_feature_guard.cc:141] Your CPU supports instructions that this TensorFlow binary was not compiled to use: SSE4.1 SSE4.2 AVX AVX2 FMA
2019-03-16 16:49:48.445078: I tensorflow/core/common_runtime/gpu/gpu_device.cc:1432] Found device 0 with properties: 
name: Tesla K80 major: 3 minor: 7 memoryClockRate(GHz): 0.8235
pciBusID: 0000:09:00.0
totalMemory: 11.17GiB freeMemory: 11.10GiB
2019-03-16 16:49:48.445145: I tensorflow/core/common_runtime/gpu/gpu_device.cc:1511] Adding visible gpu devices: 0
2019-03-16 16:49:48.844589: I tensorflow/core/common_runtime/gpu/gpu_device.cc:982] Device interconnect StreamExecutor with strength 1 edge matrix:
2019-03-16 16:49:48.844655: I tensorflow/core/common_runtime/gpu/gpu_device.cc:988]      0 
2019-03-16 16:49:48.844667: I tensorflow/core/common_runtime/gpu/gpu_device.cc:1001] 0:   N 
2019-03-16 16:49:48.844965: I tensorflow/core/common_runtime/gpu/gpu_device.cc:1115] Created TensorFlow device (/job:localhost/replica:0/task:0/device:GPU:0 with 10757 MB memory) -> physical GPU (device: 0, name: Tesla K80, pci bus id: 0000:09:00.0, compute capability: 3.7)
INFO:latens:wrote 1000 examples
INFO:latens:tensorflow 1.12.0, keras 2.1.6-tf
INFO:latens:command: classifier
INFO:latens:model: model
INFO:latens:layer:(None, 28, 28, 1) -> (None, 28, 28, 1):input_2
INFO:latens:layer:(None, 28, 28, 1) -> (None, 4):sequential
INFO:latens:layer:(None, 4) -> (None, 28, 28, 1):sequential_1
INFO:latens:model: sequential_4
INFO:latens:layer:(None, 28, 28, 1) -> (None, 28, 28, 64):conv2d_19
INFO:latens:layer:(None, 28, 28, 64) -> (None, 28, 28, 64):conv2d_20
INFO:latens:layer:(None, 28, 28, 64) -> (None, 14, 14, 64):max_pooling2d_2
INFO:latens:layer:(None, 14, 14, 64) -> (None, 14, 14, 64):dropout_4
INFO:latens:layer:(None, 14, 14, 64) -> (None, 14, 14, 32):conv2d_21
INFO:latens:layer:(None, 14, 14, 32) -> (None, 14, 14, 32):conv2d_22
INFO:latens:layer:(None, 14, 14, 32) -> (None, 7, 7, 32):max_pooling2d_3
INFO:latens:layer:(None, 7, 7, 32) -> (None, 7, 7, 32):dropout_5
INFO:latens:layer:(None, 7, 7, 32) -> (None, 7, 7, 32):conv2d_23
INFO:latens:layer:(None, 7, 7, 32) -> (None, 7, 7, 32):conv2d_24
INFO:latens:layer:(None, 7, 7, 32) -> (None, 1568):flatten_1
INFO:latens:layer:(None, 1568) -> (None, 1024):dense_6
INFO:latens:layer:(None, 1024) -> (None, 10):dense_7
2019-03-16 16:50:05.139334: I tensorflow/core/platform/cpu_feature_guard.cc:141] Your CPU supports instructions that this TensorFlow binary was not compiled to use: SSE4.1 SSE4.2 AVX AVX2 FMA
2019-03-16 16:50:05.387710: I tensorflow/core/common_runtime/gpu/gpu_device.cc:1432] Found device 0 with properties: 
name: Tesla K80 major: 3 minor: 7 memoryClockRate(GHz): 0.8235
pciBusID: 0000:09:00.0
totalMemory: 11.17GiB freeMemory: 11.10GiB
2019-03-16 16:50:05.387787: I tensorflow/core/common_runtime/gpu/gpu_device.cc:1511] Adding visible gpu devices: 0
2019-03-16 16:50:05.774011: I tensorflow/core/common_runtime/gpu/gpu_device.cc:982] Device interconnect StreamExecutor with strength 1 edge matrix:
2019-03-16 16:50:05.774076: I tensorflow/core/common_runtime/gpu/gpu_device.cc:988]      0 
2019-03-16 16:50:05.774088: I tensorflow/core/common_runtime/gpu/gpu_device.cc:1001] 0:   N 
2019-03-16 16:50:05.774411: I tensorflow/core/common_runtime/gpu/gpu_device.cc:1115] Created TensorFlow device (/job:localhost/replica:0/task:0/device:GPU:0 with 10757 MB memory) -> physical GPU (device: 0, name: Tesla K80, pci bus id: 0000:09:00.0, compute capability: 3.7)
INFO:latens:test accuracy: 91.7%
INFO:latens:tensorflow 1.12.0, keras 2.1.6-tf
INFO:latens:command: visualize
INFO:latens:visualizing and saving
INFO:latens:Plotting encoding...
DEBUG:latens:encodings: [[ 0.05007329 -0.49162433]
 [ 0.32934967  0.27516648]
 [-0.15424171 -0.46201462]
 ...
 [ 0.01956552  0.01262269]
 [-0.03518917 -0.11864506]
 [ 0.00070586 -0.02858645]]
INFO:latens:saving encodings plot to models/unbalanced_mnist_vaestudent_e300_L2_b64/encodings.pdf
INFO:latens:saving successful
INFO:latens:Plotting sampling...
INFO:latens:saving sampling plot to models/unbalanced_mnist_vaestudent_e300_L2_b64/multi-normal_sampling_1000.pdf
INFO:latens:saving successful
INFO:latens:saving distribution plot to models/unbalanced_mnist_vaestudent_e300_L2_b64/multi-normal_sampling_distribution_1000.pdf
INFO:latens:saving successful
INFO:latens:tensorflow 1.12.0, keras 2.1.6-tf
INFO:latens:command: sample
INFO:latens:sampling with 'uniform'
DEBUG:latens:sampler: drawing 1000 points
DEBUG:latens:sampler: drawing 175 points
DEBUG:latens:sampler: drawing 25 points
DEBUG:latens:sampler: drawing 1 points
DEBUG:latens:sampler: drawing 1 points
DEBUG:latens:sampling: (50000,), 1000
INFO:latens:writing dataset to models/unbalanced_mnist_vaestudent_e300_L2_b64/uniform_sample_1000.tfrecord...
2019-03-16 16:52:50.088846: I tensorflow/core/platform/cpu_feature_guard.cc:141] Your CPU supports instructions that this TensorFlow binary was not compiled to use: SSE4.1 SSE4.2 AVX AVX2 FMA
2019-03-16 16:52:50.315070: I tensorflow/core/common_runtime/gpu/gpu_device.cc:1432] Found device 0 with properties: 
name: Tesla K80 major: 3 minor: 7 memoryClockRate(GHz): 0.8235
pciBusID: 0000:09:00.0
totalMemory: 11.17GiB freeMemory: 11.10GiB
2019-03-16 16:52:50.315138: I tensorflow/core/common_runtime/gpu/gpu_device.cc:1511] Adding visible gpu devices: 0
2019-03-16 16:52:50.703108: I tensorflow/core/common_runtime/gpu/gpu_device.cc:982] Device interconnect StreamExecutor with strength 1 edge matrix:
2019-03-16 16:52:50.703195: I tensorflow/core/common_runtime/gpu/gpu_device.cc:988]      0 
2019-03-16 16:52:50.703208: I tensorflow/core/common_runtime/gpu/gpu_device.cc:1001] 0:   N 
2019-03-16 16:52:50.703531: I tensorflow/core/common_runtime/gpu/gpu_device.cc:1115] Created TensorFlow device (/job:localhost/replica:0/task:0/device:GPU:0 with 10757 MB memory) -> physical GPU (device: 0, name: Tesla K80, pci bus id: 0000:09:00.0, compute capability: 3.7)
INFO:latens:wrote 1000 examples
INFO:latens:tensorflow 1.12.0, keras 2.1.6-tf
INFO:latens:command: classifier
INFO:latens:model: model
INFO:latens:layer:(None, 28, 28, 1) -> (None, 28, 28, 1):input_2
INFO:latens:layer:(None, 28, 28, 1) -> (None, 4):sequential
INFO:latens:layer:(None, 4) -> (None, 28, 28, 1):sequential_1
INFO:latens:model: sequential_4
INFO:latens:layer:(None, 28, 28, 1) -> (None, 28, 28, 64):conv2d_19
INFO:latens:layer:(None, 28, 28, 64) -> (None, 28, 28, 64):conv2d_20
INFO:latens:layer:(None, 28, 28, 64) -> (None, 14, 14, 64):max_pooling2d_2
INFO:latens:layer:(None, 14, 14, 64) -> (None, 14, 14, 64):dropout_4
INFO:latens:layer:(None, 14, 14, 64) -> (None, 14, 14, 32):conv2d_21
INFO:latens:layer:(None, 14, 14, 32) -> (None, 14, 14, 32):conv2d_22
INFO:latens:layer:(None, 14, 14, 32) -> (None, 7, 7, 32):max_pooling2d_3
INFO:latens:layer:(None, 7, 7, 32) -> (None, 7, 7, 32):dropout_5
INFO:latens:layer:(None, 7, 7, 32) -> (None, 7, 7, 32):conv2d_23
INFO:latens:layer:(None, 7, 7, 32) -> (None, 7, 7, 32):conv2d_24
INFO:latens:layer:(None, 7, 7, 32) -> (None, 1568):flatten_1
INFO:latens:layer:(None, 1568) -> (None, 1024):dense_6
INFO:latens:layer:(None, 1024) -> (None, 10):dense_7
2019-03-16 16:53:03.688999: I tensorflow/core/platform/cpu_feature_guard.cc:141] Your CPU supports instructions that this TensorFlow binary was not compiled to use: SSE4.1 SSE4.2 AVX AVX2 FMA
2019-03-16 16:53:03.916609: I tensorflow/core/common_runtime/gpu/gpu_device.cc:1432] Found device 0 with properties: 
name: Tesla K80 major: 3 minor: 7 memoryClockRate(GHz): 0.8235
pciBusID: 0000:09:00.0
totalMemory: 11.17GiB freeMemory: 11.10GiB
2019-03-16 16:53:03.916677: I tensorflow/core/common_runtime/gpu/gpu_device.cc:1511] Adding visible gpu devices: 0
2019-03-16 16:53:04.307728: I tensorflow/core/common_runtime/gpu/gpu_device.cc:982] Device interconnect StreamExecutor with strength 1 edge matrix:
2019-03-16 16:53:04.307799: I tensorflow/core/common_runtime/gpu/gpu_device.cc:988]      0 
2019-03-16 16:53:04.307810: I tensorflow/core/common_runtime/gpu/gpu_device.cc:1001] 0:   N 
2019-03-16 16:53:04.308114: I tensorflow/core/common_runtime/gpu/gpu_device.cc:1115] Created TensorFlow device (/job:localhost/replica:0/task:0/device:GPU:0 with 10757 MB memory) -> physical GPU (device: 0, name: Tesla K80, pci bus id: 0000:09:00.0, compute capability: 3.7)
INFO:latens:test accuracy: 62.4%
INFO:latens:tensorflow 1.12.0, keras 2.1.6-tf
INFO:latens:command: visualize
INFO:latens:visualizing and saving
INFO:latens:Plotting encoding...
DEBUG:latens:encodings: [[ 0.05007329 -0.49162433]
 [ 0.32934967  0.27516648]
 [-0.15424171 -0.46201462]
 ...
 [ 0.01956552  0.01262269]
 [-0.03518917 -0.11864506]
 [ 0.00070586 -0.02858645]]
INFO:latens:saving encodings plot to models/unbalanced_mnist_vaestudent_e300_L2_b64/encodings.pdf
INFO:latens:saving successful
INFO:latens:Plotting sampling...
INFO:latens:saving sampling plot to models/unbalanced_mnist_vaestudent_e300_L2_b64/uniform_sampling_1000.pdf
INFO:latens:saving successful
INFO:latens:saving distribution plot to models/unbalanced_mnist_vaestudent_e300_L2_b64/uniform_sampling_distribution_1000.pdf
INFO:latens:saving successful
INFO:latens:tensorflow 1.12.0, keras 2.1.6-tf
INFO:latens:command: sample
INFO:latens:sampling with 'uniform-cluster'
INFO:latens:clustering...
DEBUG:latens:sampler: drawing 128 points
DEBUG:latens:sampler: drawing 12 points
DEBUG:latens:sampler: drawing 2 points
DEBUG:latens:sampler: drawing 84 points
DEBUG:latens:sampler: drawing 9 points
DEBUG:latens:sampler: drawing 3 points
DEBUG:latens:sampler: drawing 1 points
DEBUG:latens:sampler: drawing 431 points
DEBUG:latens:sampler: drawing 16 points
DEBUG:latens:sampler: drawing 2 points
DEBUG:latens:sampler: drawing 1 points
DEBUG:latens:sampler: drawing 63 points
DEBUG:latens:sampler: drawing 14 points
DEBUG:latens:sampler: drawing 1 points
DEBUG:latens:sampler: drawing 176 points
DEBUG:latens:sampler: drawing 70 points
DEBUG:latens:sampler: drawing 8 points
DEBUG:latens:sampler: drawing 10 points
DEBUG:latens:sampling: (50000,), 1000
INFO:latens:writing dataset to models/unbalanced_mnist_vaestudent_e300_L2_b64/uniform-cluster_sample_1000.tfrecord...
2019-03-16 16:57:44.506839: I tensorflow/core/platform/cpu_feature_guard.cc:141] Your CPU supports instructions that this TensorFlow binary was not compiled to use: SSE4.1 SSE4.2 AVX AVX2 FMA
2019-03-16 16:57:44.731364: I tensorflow/core/common_runtime/gpu/gpu_device.cc:1432] Found device 0 with properties: 
name: Tesla K80 major: 3 minor: 7 memoryClockRate(GHz): 0.8235
pciBusID: 0000:09:00.0
totalMemory: 11.17GiB freeMemory: 11.10GiB
2019-03-16 16:57:44.731439: I tensorflow/core/common_runtime/gpu/gpu_device.cc:1511] Adding visible gpu devices: 0
2019-03-16 16:57:45.069226: I tensorflow/core/common_runtime/gpu/gpu_device.cc:982] Device interconnect StreamExecutor with strength 1 edge matrix:
2019-03-16 16:57:45.069296: I tensorflow/core/common_runtime/gpu/gpu_device.cc:988]      0 
2019-03-16 16:57:45.069308: I tensorflow/core/common_runtime/gpu/gpu_device.cc:1001] 0:   N 
2019-03-16 16:57:45.069600: I tensorflow/core/common_runtime/gpu/gpu_device.cc:1115] Created TensorFlow device (/job:localhost/replica:0/task:0/device:GPU:0 with 10757 MB memory) -> physical GPU (device: 0, name: Tesla K80, pci bus id: 0000:09:00.0, compute capability: 3.7)
INFO:latens:wrote 1000 examples
INFO:latens:tensorflow 1.12.0, keras 2.1.6-tf
INFO:latens:command: classifier
INFO:latens:model: model
INFO:latens:layer:(None, 28, 28, 1) -> (None, 28, 28, 1):input_2
INFO:latens:layer:(None, 28, 28, 1) -> (None, 4):sequential
INFO:latens:layer:(None, 4) -> (None, 28, 28, 1):sequential_1
INFO:latens:model: sequential_4
INFO:latens:layer:(None, 28, 28, 1) -> (None, 28, 28, 64):conv2d_19
INFO:latens:layer:(None, 28, 28, 64) -> (None, 28, 28, 64):conv2d_20
INFO:latens:layer:(None, 28, 28, 64) -> (None, 14, 14, 64):max_pooling2d_2
INFO:latens:layer:(None, 14, 14, 64) -> (None, 14, 14, 64):dropout_4
INFO:latens:layer:(None, 14, 14, 64) -> (None, 14, 14, 32):conv2d_21
INFO:latens:layer:(None, 14, 14, 32) -> (None, 14, 14, 32):conv2d_22
INFO:latens:layer:(None, 14, 14, 32) -> (None, 7, 7, 32):max_pooling2d_3
INFO:latens:layer:(None, 7, 7, 32) -> (None, 7, 7, 32):dropout_5
INFO:latens:layer:(None, 7, 7, 32) -> (None, 7, 7, 32):conv2d_23
INFO:latens:layer:(None, 7, 7, 32) -> (None, 7, 7, 32):conv2d_24
INFO:latens:layer:(None, 7, 7, 32) -> (None, 1568):flatten_1
INFO:latens:layer:(None, 1568) -> (None, 1024):dense_6
INFO:latens:layer:(None, 1024) -> (None, 10):dense_7
2019-03-16 16:57:56.326264: I tensorflow/core/platform/cpu_feature_guard.cc:141] Your CPU supports instructions that this TensorFlow binary was not compiled to use: SSE4.1 SSE4.2 AVX AVX2 FMA
2019-03-16 16:57:56.552768: I tensorflow/core/common_runtime/gpu/gpu_device.cc:1432] Found device 0 with properties: 
name: Tesla K80 major: 3 minor: 7 memoryClockRate(GHz): 0.8235
pciBusID: 0000:09:00.0
totalMemory: 11.17GiB freeMemory: 11.10GiB
2019-03-16 16:57:56.552831: I tensorflow/core/common_runtime/gpu/gpu_device.cc:1511] Adding visible gpu devices: 0
2019-03-16 16:57:56.931120: I tensorflow/core/common_runtime/gpu/gpu_device.cc:982] Device interconnect StreamExecutor with strength 1 edge matrix:
2019-03-16 16:57:56.931201: I tensorflow/core/common_runtime/gpu/gpu_device.cc:988]      0 
2019-03-16 16:57:56.931214: I tensorflow/core/common_runtime/gpu/gpu_device.cc:1001] 0:   N 
2019-03-16 16:57:56.931504: I tensorflow/core/common_runtime/gpu/gpu_device.cc:1115] Created TensorFlow device (/job:localhost/replica:0/task:0/device:GPU:0 with 10757 MB memory) -> physical GPU (device: 0, name: Tesla K80, pci bus id: 0000:09:00.0, compute capability: 3.7)
INFO:latens:test accuracy: 86.9%
INFO:latens:tensorflow 1.12.0, keras 2.1.6-tf
INFO:latens:command: visualize
INFO:latens:visualizing and saving
INFO:latens:Plotting encoding...
DEBUG:latens:encodings: [[ 0.05007329 -0.49162433]
 [ 0.32934967  0.27516648]
 [-0.15424171 -0.46201462]
 ...
 [ 0.01956552  0.01262269]
 [-0.03518917 -0.11864506]
 [ 0.00070586 -0.02858645]]
INFO:latens:saving encodings plot to models/unbalanced_mnist_vaestudent_e300_L2_b64/encodings.pdf
INFO:latens:saving successful
INFO:latens:Plotting clusters...
INFO:latens:saving clustered encodings plot to models/unbalanced_mnist_vaestudent_e300_L2_b64/clustered_encodings.pdf
INFO:latens:saving successful
INFO:latens:Plotting sampling...
INFO:latens:saving sampling plot to models/unbalanced_mnist_vaestudent_e300_L2_b64/uniform-cluster_sampling_1000.pdf
INFO:latens:saving successful
INFO:latens:saving distribution plot to models/unbalanced_mnist_vaestudent_e300_L2_b64/uniform-cluster_sampling_distribution_1000.pdf
INFO:latens:saving successful
INFO:latens:tensorflow 1.12.0, keras 2.1.6-tf
INFO:latens:command: sample
INFO:latens:sampling with 'normal-cluster'
INFO:latens:clustering...
DEBUG:latens:sampler: drawing 128 points
DEBUG:latens:sampler: drawing 1 points
DEBUG:latens:sampler: drawing 84 points
DEBUG:latens:sampler: drawing 45 points
DEBUG:latens:sampler: drawing 26 points
DEBUG:latens:sampler: drawing 15 points
DEBUG:latens:sampler: drawing 10 points
DEBUG:latens:sampler: drawing 4 points
DEBUG:latens:sampler: drawing 4 points
DEBUG:latens:sampler: drawing 1 points
DEBUG:latens:sampler: drawing 1 points
DEBUG:latens:sampler: drawing 431 points
DEBUG:latens:sampler: drawing 16 points
DEBUG:latens:sampler: drawing 63 points
DEBUG:latens:sampler: drawing 44 points
DEBUG:latens:sampler: drawing 26 points
DEBUG:latens:sampler: drawing 18 points
DEBUG:latens:sampler: drawing 11 points
DEBUG:latens:sampler: drawing 8 points
DEBUG:latens:sampler: drawing 5 points
DEBUG:latens:sampler: drawing 4 points
DEBUG:latens:sampler: drawing 4 points
DEBUG:latens:sampler: drawing 2 points
DEBUG:latens:sampler: drawing 14 points
DEBUG:latens:sampler: drawing 9 points
DEBUG:latens:sampler: drawing 6 points
DEBUG:latens:sampler: drawing 1 points
DEBUG:latens:sampler: drawing 1 points
DEBUG:latens:sampler: drawing 1 points
DEBUG:latens:sampler: drawing 176 points
DEBUG:latens:sampler: drawing 70 points
DEBUG:latens:sampler: drawing 9 points
DEBUG:latens:sampler: drawing 1 points
DEBUG:latens:sampler: drawing 8 points
DEBUG:latens:sampler: drawing 8 points
DEBUG:latens:sampler: drawing 5 points
DEBUG:latens:sampler: drawing 4 points
DEBUG:latens:sampler: drawing 3 points
DEBUG:latens:sampler: drawing 2 points
DEBUG:latens:sampler: drawing 1 points
DEBUG:latens:sampler: drawing 1 points
DEBUG:latens:sampler: drawing 1 points
DEBUG:latens:sampler: drawing 10 points
DEBUG:latens:sampler: drawing 1 points
DEBUG:latens:sampling: (50000,), 1000
INFO:latens:writing dataset to models/unbalanced_mnist_vaestudent_e300_L2_b64/normal-cluster_sample_1000.tfrecord...
2019-03-16 17:02:35.657979: I tensorflow/core/platform/cpu_feature_guard.cc:141] Your CPU supports instructions that this TensorFlow binary was not compiled to use: SSE4.1 SSE4.2 AVX AVX2 FMA
2019-03-16 17:02:35.875777: I tensorflow/core/common_runtime/gpu/gpu_device.cc:1432] Found device 0 with properties: 
name: Tesla K80 major: 3 minor: 7 memoryClockRate(GHz): 0.8235
pciBusID: 0000:09:00.0
totalMemory: 11.17GiB freeMemory: 11.10GiB
2019-03-16 17:02:35.875844: I tensorflow/core/common_runtime/gpu/gpu_device.cc:1511] Adding visible gpu devices: 0
2019-03-16 17:02:36.221046: I tensorflow/core/common_runtime/gpu/gpu_device.cc:982] Device interconnect StreamExecutor with strength 1 edge matrix:
2019-03-16 17:02:36.221118: I tensorflow/core/common_runtime/gpu/gpu_device.cc:988]      0 
2019-03-16 17:02:36.221130: I tensorflow/core/common_runtime/gpu/gpu_device.cc:1001] 0:   N 
2019-03-16 17:02:36.221443: I tensorflow/core/common_runtime/gpu/gpu_device.cc:1115] Created TensorFlow device (/job:localhost/replica:0/task:0/device:GPU:0 with 10757 MB memory) -> physical GPU (device: 0, name: Tesla K80, pci bus id: 0000:09:00.0, compute capability: 3.7)
INFO:latens:wrote 1000 examples
INFO:latens:tensorflow 1.12.0, keras 2.1.6-tf
INFO:latens:command: classifier
INFO:latens:model: model
INFO:latens:layer:(None, 28, 28, 1) -> (None, 28, 28, 1):input_2
INFO:latens:layer:(None, 28, 28, 1) -> (None, 4):sequential
INFO:latens:layer:(None, 4) -> (None, 28, 28, 1):sequential_1
INFO:latens:model: sequential_4
INFO:latens:layer:(None, 28, 28, 1) -> (None, 28, 28, 64):conv2d_19
INFO:latens:layer:(None, 28, 28, 64) -> (None, 28, 28, 64):conv2d_20
INFO:latens:layer:(None, 28, 28, 64) -> (None, 14, 14, 64):max_pooling2d_2
INFO:latens:layer:(None, 14, 14, 64) -> (None, 14, 14, 64):dropout_4
INFO:latens:layer:(None, 14, 14, 64) -> (None, 14, 14, 32):conv2d_21
INFO:latens:layer:(None, 14, 14, 32) -> (None, 14, 14, 32):conv2d_22
INFO:latens:layer:(None, 14, 14, 32) -> (None, 7, 7, 32):max_pooling2d_3
INFO:latens:layer:(None, 7, 7, 32) -> (None, 7, 7, 32):dropout_5
INFO:latens:layer:(None, 7, 7, 32) -> (None, 7, 7, 32):conv2d_23
INFO:latens:layer:(None, 7, 7, 32) -> (None, 7, 7, 32):conv2d_24
INFO:latens:layer:(None, 7, 7, 32) -> (None, 1568):flatten_1
INFO:latens:layer:(None, 1568) -> (None, 1024):dense_6
INFO:latens:layer:(None, 1024) -> (None, 10):dense_7
2019-03-16 17:02:47.183318: I tensorflow/core/platform/cpu_feature_guard.cc:141] Your CPU supports instructions that this TensorFlow binary was not compiled to use: SSE4.1 SSE4.2 AVX AVX2 FMA
2019-03-16 17:02:47.403363: I tensorflow/core/common_runtime/gpu/gpu_device.cc:1432] Found device 0 with properties: 
name: Tesla K80 major: 3 minor: 7 memoryClockRate(GHz): 0.8235
pciBusID: 0000:09:00.0
totalMemory: 11.17GiB freeMemory: 11.10GiB
2019-03-16 17:02:47.403435: I tensorflow/core/common_runtime/gpu/gpu_device.cc:1511] Adding visible gpu devices: 0
2019-03-16 17:02:47.741733: I tensorflow/core/common_runtime/gpu/gpu_device.cc:982] Device interconnect StreamExecutor with strength 1 edge matrix:
2019-03-16 17:02:47.741806: I tensorflow/core/common_runtime/gpu/gpu_device.cc:988]      0 
2019-03-16 17:02:47.741819: I tensorflow/core/common_runtime/gpu/gpu_device.cc:1001] 0:   N 
2019-03-16 17:02:47.742111: I tensorflow/core/common_runtime/gpu/gpu_device.cc:1115] Created TensorFlow device (/job:localhost/replica:0/task:0/device:GPU:0 with 10757 MB memory) -> physical GPU (device: 0, name: Tesla K80, pci bus id: 0000:09:00.0, compute capability: 3.7)
INFO:latens:test accuracy: 91.4%
INFO:latens:tensorflow 1.12.0, keras 2.1.6-tf
INFO:latens:command: visualize
INFO:latens:visualizing and saving
INFO:latens:Plotting encoding...
DEBUG:latens:encodings: [[ 0.05007329 -0.49162433]
 [ 0.32934967  0.27516648]
 [-0.15424171 -0.46201462]
 ...
 [ 0.01956552  0.01262269]
 [-0.03518917 -0.11864506]
 [ 0.00070586 -0.02858645]]
INFO:latens:saving encodings plot to models/unbalanced_mnist_vaestudent_e300_L2_b64/encodings.pdf
INFO:latens:saving successful
INFO:latens:Plotting clusters...
INFO:latens:saving clustered encodings plot to models/unbalanced_mnist_vaestudent_e300_L2_b64/clustered_encodings.pdf
INFO:latens:saving successful
INFO:latens:Plotting sampling...
INFO:latens:saving sampling plot to models/unbalanced_mnist_vaestudent_e300_L2_b64/normal-cluster_sampling_1000.pdf
INFO:latens:saving successful
INFO:latens:saving distribution plot to models/unbalanced_mnist_vaestudent_e300_L2_b64/normal-cluster_sampling_distribution_1000.pdf
INFO:latens:saving successful
INFO:latens:tensorflow 1.12.0, keras 2.1.6-tf
INFO:latens:command: sample
INFO:latens:sampling with 'multi-normal-cluster'
INFO:latens:clustering...
DEBUG:latens:sampler: drawing 128 points
DEBUG:latens:sampler: drawing 84 points
DEBUG:latens:sampler: drawing 1 points
DEBUG:latens:sampler: drawing 431 points
DEBUG:latens:sampler: drawing 16 points
DEBUG:latens:sampler: drawing 63 points
DEBUG:latens:sampler: drawing 14 points
DEBUG:latens:sampler: drawing 176 points
DEBUG:latens:sampler: drawing 70 points
DEBUG:latens:sampler: drawing 8 points
DEBUG:latens:sampler: drawing 10 points
DEBUG:latens:sampling: (50000,), 1000
INFO:latens:writing dataset to models/unbalanced_mnist_vaestudent_e300_L2_b64/multi-normal-cluster_sample_1000.tfrecord...
2019-03-16 17:07:32.071159: I tensorflow/core/platform/cpu_feature_guard.cc:141] Your CPU supports instructions that this TensorFlow binary was not compiled to use: SSE4.1 SSE4.2 AVX AVX2 FMA
2019-03-16 17:07:32.284284: I tensorflow/core/common_runtime/gpu/gpu_device.cc:1432] Found device 0 with properties: 
name: Tesla K80 major: 3 minor: 7 memoryClockRate(GHz): 0.8235
pciBusID: 0000:09:00.0
totalMemory: 11.17GiB freeMemory: 11.10GiB
2019-03-16 17:07:32.284355: I tensorflow/core/common_runtime/gpu/gpu_device.cc:1511] Adding visible gpu devices: 0
2019-03-16 17:07:32.615010: I tensorflow/core/common_runtime/gpu/gpu_device.cc:982] Device interconnect StreamExecutor with strength 1 edge matrix:
2019-03-16 17:07:32.615074: I tensorflow/core/common_runtime/gpu/gpu_device.cc:988]      0 
2019-03-16 17:07:32.615085: I tensorflow/core/common_runtime/gpu/gpu_device.cc:1001] 0:   N 
2019-03-16 17:07:32.615365: I tensorflow/core/common_runtime/gpu/gpu_device.cc:1115] Created TensorFlow device (/job:localhost/replica:0/task:0/device:GPU:0 with 10757 MB memory) -> physical GPU (device: 0, name: Tesla K80, pci bus id: 0000:09:00.0, compute capability: 3.7)
INFO:latens:wrote 1000 examples
INFO:latens:tensorflow 1.12.0, keras 2.1.6-tf
INFO:latens:command: classifier
INFO:latens:model: model
INFO:latens:layer:(None, 28, 28, 1) -> (None, 28, 28, 1):input_2
INFO:latens:layer:(None, 28, 28, 1) -> (None, 4):sequential
INFO:latens:layer:(None, 4) -> (None, 28, 28, 1):sequential_1
INFO:latens:model: sequential_4
INFO:latens:layer:(None, 28, 28, 1) -> (None, 28, 28, 64):conv2d_19
INFO:latens:layer:(None, 28, 28, 64) -> (None, 28, 28, 64):conv2d_20
INFO:latens:layer:(None, 28, 28, 64) -> (None, 14, 14, 64):max_pooling2d_2
INFO:latens:layer:(None, 14, 14, 64) -> (None, 14, 14, 64):dropout_4
INFO:latens:layer:(None, 14, 14, 64) -> (None, 14, 14, 32):conv2d_21
INFO:latens:layer:(None, 14, 14, 32) -> (None, 14, 14, 32):conv2d_22
INFO:latens:layer:(None, 14, 14, 32) -> (None, 7, 7, 32):max_pooling2d_3
INFO:latens:layer:(None, 7, 7, 32) -> (None, 7, 7, 32):dropout_5
INFO:latens:layer:(None, 7, 7, 32) -> (None, 7, 7, 32):conv2d_23
INFO:latens:layer:(None, 7, 7, 32) -> (None, 7, 7, 32):conv2d_24
INFO:latens:layer:(None, 7, 7, 32) -> (None, 1568):flatten_1
INFO:latens:layer:(None, 1568) -> (None, 1024):dense_6
INFO:latens:layer:(None, 1024) -> (None, 10):dense_7
2019-03-16 17:07:44.208523: I tensorflow/core/platform/cpu_feature_guard.cc:141] Your CPU supports instructions that this TensorFlow binary was not compiled to use: SSE4.1 SSE4.2 AVX AVX2 FMA
2019-03-16 17:07:44.422064: I tensorflow/core/common_runtime/gpu/gpu_device.cc:1432] Found device 0 with properties: 
name: Tesla K80 major: 3 minor: 7 memoryClockRate(GHz): 0.8235
pciBusID: 0000:09:00.0
totalMemory: 11.17GiB freeMemory: 11.10GiB
2019-03-16 17:07:44.422128: I tensorflow/core/common_runtime/gpu/gpu_device.cc:1511] Adding visible gpu devices: 0
2019-03-16 17:07:44.792320: I tensorflow/core/common_runtime/gpu/gpu_device.cc:982] Device interconnect StreamExecutor with strength 1 edge matrix:
2019-03-16 17:07:44.792393: I tensorflow/core/common_runtime/gpu/gpu_device.cc:988]      0 
2019-03-16 17:07:44.792405: I tensorflow/core/common_runtime/gpu/gpu_device.cc:1001] 0:   N 
2019-03-16 17:07:44.792696: I tensorflow/core/common_runtime/gpu/gpu_device.cc:1115] Created TensorFlow device (/job:localhost/replica:0/task:0/device:GPU:0 with 10757 MB memory) -> physical GPU (device: 0, name: Tesla K80, pci bus id: 0000:09:00.0, compute capability: 3.7)
INFO:latens:test accuracy: 92.3%
INFO:latens:tensorflow 1.12.0, keras 2.1.6-tf
INFO:latens:command: visualize
INFO:latens:visualizing and saving
INFO:latens:Plotting encoding...
DEBUG:latens:encodings: [[ 0.05007329 -0.49162433]
 [ 0.32934967  0.27516648]
 [-0.15424171 -0.46201462]
 ...
 [ 0.01956552  0.01262269]
 [-0.03518917 -0.11864506]
 [ 0.00070586 -0.02858645]]
INFO:latens:saving encodings plot to models/unbalanced_mnist_vaestudent_e300_L2_b64/encodings.pdf
INFO:latens:saving successful
INFO:latens:Plotting clusters...
INFO:latens:saving clustered encodings plot to models/unbalanced_mnist_vaestudent_e300_L2_b64/clustered_encodings.pdf
INFO:latens:saving successful
INFO:latens:Plotting sampling...
INFO:latens:saving sampling plot to models/unbalanced_mnist_vaestudent_e300_L2_b64/multi-normal-cluster_sampling_1000.pdf
INFO:latens:saving successful
INFO:latens:saving distribution plot to models/unbalanced_mnist_vaestudent_e300_L2_b64/multi-normal-cluster_sampling_distribution_1000.pdf
INFO:latens:saving successful
INFO:latens:tensorflow 1.12.0, keras 2.1.6-tf
INFO:latens:command: sample
INFO:latens:sampling with 'error'
INFO:latens:model: model
INFO:latens:layer:(None, 28, 28, 1) -> (None, 28, 28, 1):input_2
INFO:latens:layer:(None, 28, 28, 1) -> (None, 4):sequential
INFO:latens:layer:(None, 4) -> (None, 28, 28, 1):sequential_1
2019-03-16 17:10:31.024759: I tensorflow/core/platform/cpu_feature_guard.cc:141] Your CPU supports instructions that this TensorFlow binary was not compiled to use: SSE4.1 SSE4.2 AVX AVX2 FMA
2019-03-16 17:10:31.225218: I tensorflow/core/common_runtime/gpu/gpu_device.cc:1432] Found device 0 with properties: 
name: Tesla K80 major: 3 minor: 7 memoryClockRate(GHz): 0.8235
pciBusID: 0000:09:00.0
totalMemory: 11.17GiB freeMemory: 11.10GiB
2019-03-16 17:10:31.225286: I tensorflow/core/common_runtime/gpu/gpu_device.cc:1511] Adding visible gpu devices: 0
2019-03-16 17:10:31.607130: I tensorflow/core/common_runtime/gpu/gpu_device.cc:982] Device interconnect StreamExecutor with strength 1 edge matrix:
2019-03-16 17:10:31.607186: I tensorflow/core/common_runtime/gpu/gpu_device.cc:988]      0 
2019-03-16 17:10:31.607198: I tensorflow/core/common_runtime/gpu/gpu_device.cc:1001] 0:   N 
2019-03-16 17:10:31.607506: I tensorflow/core/common_runtime/gpu/gpu_device.cc:1115] Created TensorFlow device (/job:localhost/replica:0/task:0/device:GPU:0 with 10757 MB memory) -> physical GPU (device: 0, name: Tesla K80, pci bus id: 0000:09:00.0, compute capability: 3.7)
INFO:latens:restored model from models/unbalanced_mnist_vaestudent_e300_L2_b64/autoencoder/cp-0300.hdf5
2019-03-16 17:10:47.052806: I tensorflow/core/common_runtime/gpu/gpu_device.cc:1511] Adding visible gpu devices: 0
2019-03-16 17:10:47.052880: I tensorflow/core/common_runtime/gpu/gpu_device.cc:982] Device interconnect StreamExecutor with strength 1 edge matrix:
2019-03-16 17:10:47.052895: I tensorflow/core/common_runtime/gpu/gpu_device.cc:988]      0 
2019-03-16 17:10:47.052904: I tensorflow/core/common_runtime/gpu/gpu_device.cc:1001] 0:   N 
2019-03-16 17:10:47.053147: I tensorflow/core/common_runtime/gpu/gpu_device.cc:1115] Created TensorFlow device (/job:localhost/replica:0/task:0/device:GPU:0 with 10757 MB memory) -> physical GPU (device: 0, name: Tesla K80, pci bus id: 0000:09:00.0, compute capability: 3.7)
DEBUG:latens:points: (50000,), [0.1047389  0.07556794 0.09267338 ... 1.         1.         1.        ]
DEBUG:latens:values: (50000,)
DEBUG:latens:sampling: [0 0 0 ... 0 0 1]
DEBUG:latens:sampling: (50000,), 1000
INFO:latens:writing dataset to models/unbalanced_mnist_vaestudent_e300_L2_b64/error_sample_1000.tfrecord...
2019-03-16 17:10:47.222632: I tensorflow/core/common_runtime/gpu/gpu_device.cc:1511] Adding visible gpu devices: 0
2019-03-16 17:10:47.222682: I tensorflow/core/common_runtime/gpu/gpu_device.cc:982] Device interconnect StreamExecutor with strength 1 edge matrix:
2019-03-16 17:10:47.222694: I tensorflow/core/common_runtime/gpu/gpu_device.cc:988]      0 
2019-03-16 17:10:47.222703: I tensorflow/core/common_runtime/gpu/gpu_device.cc:1001] 0:   N 
2019-03-16 17:10:47.222856: I tensorflow/core/common_runtime/gpu/gpu_device.cc:1115] Created TensorFlow device (/job:localhost/replica:0/task:0/device:GPU:0 with 10757 MB memory) -> physical GPU (device: 0, name: Tesla K80, pci bus id: 0000:09:00.0, compute capability: 3.7)
INFO:latens:wrote 1000 examples
INFO:latens:tensorflow 1.12.0, keras 2.1.6-tf
INFO:latens:command: classifier
INFO:latens:model: model
INFO:latens:layer:(None, 28, 28, 1) -> (None, 28, 28, 1):input_2
INFO:latens:layer:(None, 28, 28, 1) -> (None, 4):sequential
INFO:latens:layer:(None, 4) -> (None, 28, 28, 1):sequential_1
INFO:latens:model: sequential_4
INFO:latens:layer:(None, 28, 28, 1) -> (None, 28, 28, 64):conv2d_19
INFO:latens:layer:(None, 28, 28, 64) -> (None, 28, 28, 64):conv2d_20
INFO:latens:layer:(None, 28, 28, 64) -> (None, 14, 14, 64):max_pooling2d_2
INFO:latens:layer:(None, 14, 14, 64) -> (None, 14, 14, 64):dropout_4
INFO:latens:layer:(None, 14, 14, 64) -> (None, 14, 14, 32):conv2d_21
INFO:latens:layer:(None, 14, 14, 32) -> (None, 14, 14, 32):conv2d_22
INFO:latens:layer:(None, 14, 14, 32) -> (None, 7, 7, 32):max_pooling2d_3
INFO:latens:layer:(None, 7, 7, 32) -> (None, 7, 7, 32):dropout_5
INFO:latens:layer:(None, 7, 7, 32) -> (None, 7, 7, 32):conv2d_23
INFO:latens:layer:(None, 7, 7, 32) -> (None, 7, 7, 32):conv2d_24
INFO:latens:layer:(None, 7, 7, 32) -> (None, 1568):flatten_1
INFO:latens:layer:(None, 1568) -> (None, 1024):dense_6
INFO:latens:layer:(None, 1024) -> (None, 10):dense_7
2019-03-16 17:11:00.681843: I tensorflow/core/platform/cpu_feature_guard.cc:141] Your CPU supports instructions that this TensorFlow binary was not compiled to use: SSE4.1 SSE4.2 AVX AVX2 FMA
2019-03-16 17:11:01.040792: I tensorflow/core/common_runtime/gpu/gpu_device.cc:1432] Found device 0 with properties: 
name: Tesla K80 major: 3 minor: 7 memoryClockRate(GHz): 0.8235
pciBusID: 0000:09:00.0
totalMemory: 11.17GiB freeMemory: 11.10GiB
2019-03-16 17:11:01.040864: I tensorflow/core/common_runtime/gpu/gpu_device.cc:1511] Adding visible gpu devices: 0
2019-03-16 17:11:01.386949: I tensorflow/core/common_runtime/gpu/gpu_device.cc:982] Device interconnect StreamExecutor with strength 1 edge matrix:
2019-03-16 17:11:01.387029: I tensorflow/core/common_runtime/gpu/gpu_device.cc:988]      0 
2019-03-16 17:11:01.387041: I tensorflow/core/common_runtime/gpu/gpu_device.cc:1001] 0:   N 
2019-03-16 17:11:01.387359: I tensorflow/core/common_runtime/gpu/gpu_device.cc:1115] Created TensorFlow device (/job:localhost/replica:0/task:0/device:GPU:0 with 10757 MB memory) -> physical GPU (device: 0, name: Tesla K80, pci bus id: 0000:09:00.0, compute capability: 3.7)
INFO:latens:test accuracy: 57.7%
INFO:latens:tensorflow 1.12.0, keras 2.1.6-tf
INFO:latens:command: visualize
INFO:latens:visualizing and saving
INFO:latens:Plotting encoding...
DEBUG:latens:encodings: [[ 0.05007329 -0.49162433]
 [ 0.32934967  0.27516648]
 [-0.15424171 -0.46201462]
 ...
 [ 0.01956552  0.01262269]
 [-0.03518917 -0.11864506]
 [ 0.00070586 -0.02858645]]
INFO:latens:saving encodings plot to models/unbalanced_mnist_vaestudent_e300_L2_b64/encodings.pdf
INFO:latens:saving successful
INFO:latens:Plotting sampling...
INFO:latens:saving sampling plot to models/unbalanced_mnist_vaestudent_e300_L2_b64/error_sampling_1000.pdf
INFO:latens:saving successful
INFO:latens:saving distribution plot to models/unbalanced_mnist_vaestudent_e300_L2_b64/error_sampling_distribution_1000.pdf
INFO:latens:saving successful
INFO:latens:tensorflow 1.12.0, keras 2.1.6-tf
INFO:latens:command: visualize-classifiers
INFO:latens:saving hist losses plot to models/unbalanced_mnist_vaestudent_e300_L2_b64/classifier_val_losses_1000.pdf
INFO:latens:saving successful
INFO:latens:saving hist losses plot to models/unbalanced_mnist_vaestudent_e300_L2_b64/classifier_val_accs_1000.pdf
INFO:latens:saving successful
INFO:latens:saving hist losses plot to models/unbalanced_mnist_vaestudent_e300_L2_b64/classifier_test_losses_1000.pdf
INFO:latens:saving successful
INFO:latens:saving hist losses plot to models/unbalanced_mnist_vaestudent_e300_L2_b64/classifier_test_accs_1000.pdf
INFO:latens:saving successful
INFO:latens:test accs for vaestudent:[0.9272492038216561, 0.62390525477707, 0.9174960191082803, 0.868531050955414, 0.9232683121019108, 0.5766321656050956]
