Starting analysis...
Epoch 1/50

Epoch 00001: saving model to models/mnist_vaestudent_e300_L2_b64/random_classifier_1000/cp-0001.hdf5
 - 5s - loss: 2.3016 - acc: 0.0947 - val_loss: 2.2987 - val_acc: 0.1226
Epoch 2/50

Epoch 00002: saving model to models/mnist_vaestudent_e300_L2_b64/random_classifier_1000/cp-0002.hdf5
 - 3s - loss: 2.2977 - acc: 0.1572 - val_loss: 2.2941 - val_acc: 0.2532
Epoch 3/50

Epoch 00003: saving model to models/mnist_vaestudent_e300_L2_b64/random_classifier_1000/cp-0003.hdf5
 - 3s - loss: 2.2915 - acc: 0.2168 - val_loss: 2.2847 - val_acc: 0.1813
Epoch 4/50

Epoch 00004: saving model to models/mnist_vaestudent_e300_L2_b64/random_classifier_1000/cp-0004.hdf5
 - 3s - loss: 2.2777 - acc: 0.2412 - val_loss: 2.2603 - val_acc: 0.1819
Epoch 5/50

Epoch 00005: saving model to models/mnist_vaestudent_e300_L2_b64/random_classifier_1000/cp-0005.hdf5
 - 3s - loss: 2.2259 - acc: 0.2539 - val_loss: 2.1332 - val_acc: 0.5374
Epoch 6/50

Epoch 00006: saving model to models/mnist_vaestudent_e300_L2_b64/random_classifier_1000/cp-0006.hdf5
 - 3s - loss: 1.8864 - acc: 0.4512 - val_loss: 1.4727 - val_acc: 0.6099
Epoch 7/50

Epoch 00007: saving model to models/mnist_vaestudent_e300_L2_b64/random_classifier_1000/cp-0007.hdf5
 - 3s - loss: 1.2938 - acc: 0.5713 - val_loss: 0.8228 - val_acc: 0.7398
Epoch 8/50

Epoch 00008: saving model to models/mnist_vaestudent_e300_L2_b64/random_classifier_1000/cp-0008.hdf5
 - 3s - loss: 0.9690 - acc: 0.6758 - val_loss: 0.6912 - val_acc: 0.7640
Epoch 9/50

Epoch 00009: saving model to models/mnist_vaestudent_e300_L2_b64/random_classifier_1000/cp-0009.hdf5
 - 3s - loss: 0.7414 - acc: 0.7549 - val_loss: 0.4944 - val_acc: 0.8486
Epoch 10/50

Epoch 00010: saving model to models/mnist_vaestudent_e300_L2_b64/random_classifier_1000/cp-0010.hdf5
 - 3s - loss: 0.6131 - acc: 0.8076 - val_loss: 0.4591 - val_acc: 0.8570
Epoch 11/50

Epoch 00011: saving model to models/mnist_vaestudent_e300_L2_b64/random_classifier_1000/cp-0011.hdf5
 - 3s - loss: 0.5187 - acc: 0.8252 - val_loss: 0.5084 - val_acc: 0.8348
Epoch 12/50

Epoch 00012: saving model to models/mnist_vaestudent_e300_L2_b64/random_classifier_1000/cp-0012.hdf5
 - 3s - loss: 0.4717 - acc: 0.8564 - val_loss: 0.3599 - val_acc: 0.8860
Epoch 13/50

Epoch 00013: saving model to models/mnist_vaestudent_e300_L2_b64/random_classifier_1000/cp-0013.hdf5
 - 3s - loss: 0.4293 - acc: 0.8623 - val_loss: 0.3484 - val_acc: 0.8930
Epoch 14/50

Epoch 00014: saving model to models/mnist_vaestudent_e300_L2_b64/random_classifier_1000/cp-0014.hdf5
 - 3s - loss: 0.3480 - acc: 0.8906 - val_loss: 0.3208 - val_acc: 0.9012
Epoch 15/50

Epoch 00015: saving model to models/mnist_vaestudent_e300_L2_b64/random_classifier_1000/cp-0015.hdf5
 - 3s - loss: 0.3808 - acc: 0.8838 - val_loss: 0.3158 - val_acc: 0.9036
Epoch 16/50

Epoch 00016: saving model to models/mnist_vaestudent_e300_L2_b64/random_classifier_1000/cp-0016.hdf5
 - 3s - loss: 0.3370 - acc: 0.8877 - val_loss: 0.2953 - val_acc: 0.9064
Epoch 17/50

Epoch 00017: saving model to models/mnist_vaestudent_e300_L2_b64/random_classifier_1000/cp-0017.hdf5
 - 3s - loss: 0.2873 - acc: 0.9072 - val_loss: 0.2991 - val_acc: 0.9062
Epoch 18/50

Epoch 00018: saving model to models/mnist_vaestudent_e300_L2_b64/random_classifier_1000/cp-0018.hdf5
 - 3s - loss: 0.2709 - acc: 0.9150 - val_loss: 0.2817 - val_acc: 0.9141
Epoch 19/50

Epoch 00019: saving model to models/mnist_vaestudent_e300_L2_b64/random_classifier_1000/cp-0019.hdf5
 - 3s - loss: 0.2444 - acc: 0.9238 - val_loss: 0.2637 - val_acc: 0.9191
Epoch 20/50

Epoch 00020: saving model to models/mnist_vaestudent_e300_L2_b64/random_classifier_1000/cp-0020.hdf5
 - 3s - loss: 0.2127 - acc: 0.9307 - val_loss: 0.2726 - val_acc: 0.9182
Epoch 21/50

Epoch 00021: saving model to models/mnist_vaestudent_e300_L2_b64/random_classifier_1000/cp-0021.hdf5
 - 3s - loss: 0.1979 - acc: 0.9395 - val_loss: 0.2725 - val_acc: 0.9170
Epoch 22/50

Epoch 00022: saving model to models/mnist_vaestudent_e300_L2_b64/random_classifier_1000/cp-0022.hdf5
 - 3s - loss: 0.2207 - acc: 0.9268 - val_loss: 0.2526 - val_acc: 0.9227
Epoch 23/50

Epoch 00023: saving model to models/mnist_vaestudent_e300_L2_b64/random_classifier_1000/cp-0023.hdf5
 - 3s - loss: 0.1529 - acc: 0.9492 - val_loss: 0.2688 - val_acc: 0.9172
Epoch 24/50

Epoch 00024: saving model to models/mnist_vaestudent_e300_L2_b64/random_classifier_1000/cp-0024.hdf5
 - 3s - loss: 0.1649 - acc: 0.9453 - val_loss: 0.2407 - val_acc: 0.9291
Epoch 25/50

Epoch 00025: saving model to models/mnist_vaestudent_e300_L2_b64/random_classifier_1000/cp-0025.hdf5
 - 3s - loss: 0.1578 - acc: 0.9580 - val_loss: 0.2507 - val_acc: 0.9264
Epoch 26/50

Epoch 00026: saving model to models/mnist_vaestudent_e300_L2_b64/random_classifier_1000/cp-0026.hdf5
 - 3s - loss: 0.1387 - acc: 0.9609 - val_loss: 0.2347 - val_acc: 0.9315
Epoch 27/50

Epoch 00027: saving model to models/mnist_vaestudent_e300_L2_b64/random_classifier_1000/cp-0027.hdf5
 - 3s - loss: 0.1376 - acc: 0.9502 - val_loss: 0.2482 - val_acc: 0.9286
Epoch 28/50

Epoch 00028: saving model to models/mnist_vaestudent_e300_L2_b64/random_classifier_1000/cp-0028.hdf5
 - 3s - loss: 0.1138 - acc: 0.9619 - val_loss: 0.2471 - val_acc: 0.9276
Epoch 29/50

Epoch 00029: saving model to models/mnist_vaestudent_e300_L2_b64/random_classifier_1000/cp-0029.hdf5
 - 3s - loss: 0.0924 - acc: 0.9746 - val_loss: 0.2367 - val_acc: 0.9322
Epoch 30/50

Epoch 00030: saving model to models/mnist_vaestudent_e300_L2_b64/random_classifier_1000/cp-0030.hdf5
 - 3s - loss: 0.1281 - acc: 0.9521 - val_loss: 0.2475 - val_acc: 0.9295
Epoch 31/50

Epoch 00031: saving model to models/mnist_vaestudent_e300_L2_b64/random_classifier_1000/cp-0031.hdf5
 - 3s - loss: 0.0842 - acc: 0.9736 - val_loss: 0.2445 - val_acc: 0.9324
Epoch 32/50

Epoch 00032: saving model to models/mnist_vaestudent_e300_L2_b64/random_classifier_1000/cp-0032.hdf5
 - 3s - loss: 0.1086 - acc: 0.9648 - val_loss: 0.2329 - val_acc: 0.9337
Epoch 33/50

Epoch 00033: saving model to models/mnist_vaestudent_e300_L2_b64/random_classifier_1000/cp-0033.hdf5
 - 3s - loss: 0.0779 - acc: 0.9746 - val_loss: 0.2315 - val_acc: 0.9356
Epoch 34/50

Epoch 00034: saving model to models/mnist_vaestudent_e300_L2_b64/random_classifier_1000/cp-0034.hdf5
 - 3s - loss: 0.0960 - acc: 0.9678 - val_loss: 0.2321 - val_acc: 0.9357
Epoch 35/50

Epoch 00035: saving model to models/mnist_vaestudent_e300_L2_b64/random_classifier_1000/cp-0035.hdf5
 - 3s - loss: 0.0765 - acc: 0.9736 - val_loss: 0.2276 - val_acc: 0.9357
Epoch 36/50

Epoch 00036: saving model to models/mnist_vaestudent_e300_L2_b64/random_classifier_1000/cp-0036.hdf5
 - 3s - loss: 0.0686 - acc: 0.9785 - val_loss: 0.2380 - val_acc: 0.9358
Epoch 37/50

Epoch 00037: saving model to models/mnist_vaestudent_e300_L2_b64/random_classifier_1000/cp-0037.hdf5
 - 3s - loss: 0.0618 - acc: 0.9805 - val_loss: 0.2265 - val_acc: 0.9372
Epoch 38/50

Epoch 00038: saving model to models/mnist_vaestudent_e300_L2_b64/random_classifier_1000/cp-0038.hdf5
 - 3s - loss: 0.0623 - acc: 0.9775 - val_loss: 0.2482 - val_acc: 0.9308
Epoch 39/50

Epoch 00039: saving model to models/mnist_vaestudent_e300_L2_b64/random_classifier_1000/cp-0039.hdf5
 - 3s - loss: 0.0672 - acc: 0.9824 - val_loss: 0.2289 - val_acc: 0.9392
Epoch 40/50

Epoch 00040: saving model to models/mnist_vaestudent_e300_L2_b64/random_classifier_1000/cp-0040.hdf5
 - 3s - loss: 0.0541 - acc: 0.9912 - val_loss: 0.2236 - val_acc: 0.9406
Epoch 41/50

Epoch 00041: saving model to models/mnist_vaestudent_e300_L2_b64/random_classifier_1000/cp-0041.hdf5
 - 3s - loss: 0.0579 - acc: 0.9814 - val_loss: 0.2334 - val_acc: 0.9394
Epoch 42/50

Epoch 00042: saving model to models/mnist_vaestudent_e300_L2_b64/random_classifier_1000/cp-0042.hdf5
 - 3s - loss: 0.0624 - acc: 0.9814 - val_loss: 0.2452 - val_acc: 0.9369
Epoch 43/50

Epoch 00043: saving model to models/mnist_vaestudent_e300_L2_b64/random_classifier_1000/cp-0043.hdf5
 - 3s - loss: 0.0478 - acc: 0.9902 - val_loss: 0.2518 - val_acc: 0.9352
Epoch 44/50

Epoch 00044: saving model to models/mnist_vaestudent_e300_L2_b64/random_classifier_1000/cp-0044.hdf5
 - 3s - loss: 0.0492 - acc: 0.9854 - val_loss: 0.2359 - val_acc: 0.9381
Epoch 45/50

Epoch 00045: saving model to models/mnist_vaestudent_e300_L2_b64/random_classifier_1000/cp-0045.hdf5
 - 3s - loss: 0.0504 - acc: 0.9854 - val_loss: 0.2335 - val_acc: 0.9383
Epoch 46/50

Epoch 00046: saving model to models/mnist_vaestudent_e300_L2_b64/random_classifier_1000/cp-0046.hdf5
 - 3s - loss: 0.0387 - acc: 0.9873 - val_loss: 0.2333 - val_acc: 0.9402
Epoch 47/50

Epoch 00047: saving model to models/mnist_vaestudent_e300_L2_b64/random_classifier_1000/cp-0047.hdf5
 - 3s - loss: 0.0355 - acc: 0.9912 - val_loss: 0.2372 - val_acc: 0.9397
Epoch 48/50

Epoch 00048: saving model to models/mnist_vaestudent_e300_L2_b64/random_classifier_1000/cp-0048.hdf5
 - 3s - loss: 0.0333 - acc: 0.9902 - val_loss: 0.2447 - val_acc: 0.9393
Epoch 49/50

Epoch 00049: saving model to models/mnist_vaestudent_e300_L2_b64/random_classifier_1000/cp-0049.hdf5
 - 3s - loss: 0.0423 - acc: 0.9883 - val_loss: 0.2462 - val_acc: 0.9406
Epoch 50/50

Epoch 00050: saving model to models/mnist_vaestudent_e300_L2_b64/random_classifier_1000/cp-0050.hdf5
 - 3s - loss: 0.0452 - acc: 0.9805 - val_loss: 0.2495 - val_acc: 0.9384
Epoch 1/50

Epoch 00001: saving model to models/mnist_vaestudent_e300_L2_b64/normal_classifier_1000/cp-0001.hdf5
 - 5s - loss: 2.2983 - acc: 0.1533 - val_loss: 2.2982 - val_acc: 0.2012
Epoch 2/50

Epoch 00002: saving model to models/mnist_vaestudent_e300_L2_b64/normal_classifier_1000/cp-0002.hdf5
 - 3s - loss: 2.2818 - acc: 0.2168 - val_loss: 2.2919 - val_acc: 0.1456
Epoch 3/50

Epoch 00003: saving model to models/mnist_vaestudent_e300_L2_b64/normal_classifier_1000/cp-0003.hdf5
 - 3s - loss: 2.2434 - acc: 0.2432 - val_loss: 2.2803 - val_acc: 0.1895
Epoch 4/50

Epoch 00004: saving model to models/mnist_vaestudent_e300_L2_b64/normal_classifier_1000/cp-0004.hdf5
 - 3s - loss: 2.1601 - acc: 0.3281 - val_loss: 2.1880 - val_acc: 0.3238
Epoch 5/50

Epoch 00005: saving model to models/mnist_vaestudent_e300_L2_b64/normal_classifier_1000/cp-0005.hdf5
 - 3s - loss: 1.8811 - acc: 0.4717 - val_loss: 1.5960 - val_acc: 0.4956
Epoch 6/50

Epoch 00006: saving model to models/mnist_vaestudent_e300_L2_b64/normal_classifier_1000/cp-0006.hdf5
 - 3s - loss: 1.5171 - acc: 0.4883 - val_loss: 1.2649 - val_acc: 0.6131
Epoch 7/50

Epoch 00007: saving model to models/mnist_vaestudent_e300_L2_b64/normal_classifier_1000/cp-0007.hdf5
 - 3s - loss: 1.2147 - acc: 0.6006 - val_loss: 1.1420 - val_acc: 0.5931
Epoch 8/50

Epoch 00008: saving model to models/mnist_vaestudent_e300_L2_b64/normal_classifier_1000/cp-0008.hdf5
 - 3s - loss: 1.1032 - acc: 0.6465 - val_loss: 0.7681 - val_acc: 0.7843
Epoch 9/50

Epoch 00009: saving model to models/mnist_vaestudent_e300_L2_b64/normal_classifier_1000/cp-0009.hdf5
 - 3s - loss: 0.8782 - acc: 0.7070 - val_loss: 0.6699 - val_acc: 0.7834
Epoch 10/50

Epoch 00010: saving model to models/mnist_vaestudent_e300_L2_b64/normal_classifier_1000/cp-0010.hdf5
 - 3s - loss: 0.8011 - acc: 0.7393 - val_loss: 0.5821 - val_acc: 0.8161
Epoch 11/50

Epoch 00011: saving model to models/mnist_vaestudent_e300_L2_b64/normal_classifier_1000/cp-0011.hdf5
 - 3s - loss: 0.7179 - acc: 0.7529 - val_loss: 0.4795 - val_acc: 0.8608
Epoch 12/50

Epoch 00012: saving model to models/mnist_vaestudent_e300_L2_b64/normal_classifier_1000/cp-0012.hdf5
 - 3s - loss: 0.6673 - acc: 0.7764 - val_loss: 0.4356 - val_acc: 0.8597
Epoch 13/50

Epoch 00013: saving model to models/mnist_vaestudent_e300_L2_b64/normal_classifier_1000/cp-0013.hdf5
 - 3s - loss: 0.6373 - acc: 0.7705 - val_loss: 0.4277 - val_acc: 0.8704
Epoch 14/50

Epoch 00014: saving model to models/mnist_vaestudent_e300_L2_b64/normal_classifier_1000/cp-0014.hdf5
 - 3s - loss: 0.5694 - acc: 0.8086 - val_loss: 0.3995 - val_acc: 0.8811
Epoch 15/50

Epoch 00015: saving model to models/mnist_vaestudent_e300_L2_b64/normal_classifier_1000/cp-0015.hdf5
 - 3s - loss: 0.4511 - acc: 0.8477 - val_loss: 0.3477 - val_acc: 0.8955
Epoch 16/50

Epoch 00016: saving model to models/mnist_vaestudent_e300_L2_b64/normal_classifier_1000/cp-0016.hdf5
 - 3s - loss: 0.4335 - acc: 0.8564 - val_loss: 0.3401 - val_acc: 0.8938
Epoch 17/50

Epoch 00017: saving model to models/mnist_vaestudent_e300_L2_b64/normal_classifier_1000/cp-0017.hdf5
 - 3s - loss: 0.4189 - acc: 0.8545 - val_loss: 0.3414 - val_acc: 0.8933
Epoch 18/50

Epoch 00018: saving model to models/mnist_vaestudent_e300_L2_b64/normal_classifier_1000/cp-0018.hdf5
 - 3s - loss: 0.3346 - acc: 0.8779 - val_loss: 0.2972 - val_acc: 0.9054
Epoch 19/50

Epoch 00019: saving model to models/mnist_vaestudent_e300_L2_b64/normal_classifier_1000/cp-0019.hdf5
 - 3s - loss: 0.3559 - acc: 0.8906 - val_loss: 0.3092 - val_acc: 0.9017
Epoch 20/50

Epoch 00020: saving model to models/mnist_vaestudent_e300_L2_b64/normal_classifier_1000/cp-0020.hdf5
 - 3s - loss: 0.2984 - acc: 0.8936 - val_loss: 0.3172 - val_acc: 0.8981
Epoch 21/50

Epoch 00021: saving model to models/mnist_vaestudent_e300_L2_b64/normal_classifier_1000/cp-0021.hdf5
 - 3s - loss: 0.2971 - acc: 0.8945 - val_loss: 0.2665 - val_acc: 0.9127
Epoch 22/50

Epoch 00022: saving model to models/mnist_vaestudent_e300_L2_b64/normal_classifier_1000/cp-0022.hdf5
 - 3s - loss: 0.2557 - acc: 0.9150 - val_loss: 0.2883 - val_acc: 0.9110
Epoch 23/50

Epoch 00023: saving model to models/mnist_vaestudent_e300_L2_b64/normal_classifier_1000/cp-0023.hdf5
 - 3s - loss: 0.2526 - acc: 0.9082 - val_loss: 0.2603 - val_acc: 0.9170
Epoch 24/50

Epoch 00024: saving model to models/mnist_vaestudent_e300_L2_b64/normal_classifier_1000/cp-0024.hdf5
 - 3s - loss: 0.2301 - acc: 0.9170 - val_loss: 0.2739 - val_acc: 0.9121
Epoch 25/50

Epoch 00025: saving model to models/mnist_vaestudent_e300_L2_b64/normal_classifier_1000/cp-0025.hdf5
 - 3s - loss: 0.2030 - acc: 0.9346 - val_loss: 0.2834 - val_acc: 0.9104
Epoch 26/50

Epoch 00026: saving model to models/mnist_vaestudent_e300_L2_b64/normal_classifier_1000/cp-0026.hdf5
 - 3s - loss: 0.2052 - acc: 0.9219 - val_loss: 0.2605 - val_acc: 0.9152
Epoch 27/50

Epoch 00027: saving model to models/mnist_vaestudent_e300_L2_b64/normal_classifier_1000/cp-0027.hdf5
 - 3s - loss: 0.1948 - acc: 0.9297 - val_loss: 0.2570 - val_acc: 0.9189
Epoch 28/50

Epoch 00028: saving model to models/mnist_vaestudent_e300_L2_b64/normal_classifier_1000/cp-0028.hdf5
 - 3s - loss: 0.1552 - acc: 0.9424 - val_loss: 0.2927 - val_acc: 0.9114
Epoch 29/50

Epoch 00029: saving model to models/mnist_vaestudent_e300_L2_b64/normal_classifier_1000/cp-0029.hdf5
 - 3s - loss: 0.1538 - acc: 0.9492 - val_loss: 0.2784 - val_acc: 0.9172
Epoch 30/50

Epoch 00030: saving model to models/mnist_vaestudent_e300_L2_b64/normal_classifier_1000/cp-0030.hdf5
 - 3s - loss: 0.1303 - acc: 0.9590 - val_loss: 0.2815 - val_acc: 0.9162
Epoch 31/50

Epoch 00031: saving model to models/mnist_vaestudent_e300_L2_b64/normal_classifier_1000/cp-0031.hdf5
 - 3s - loss: 0.1613 - acc: 0.9375 - val_loss: 0.2641 - val_acc: 0.9202
Epoch 32/50

Epoch 00032: saving model to models/mnist_vaestudent_e300_L2_b64/normal_classifier_1000/cp-0032.hdf5
 - 3s - loss: 0.1306 - acc: 0.9541 - val_loss: 0.3154 - val_acc: 0.9098
Epoch 33/50

Epoch 00033: saving model to models/mnist_vaestudent_e300_L2_b64/normal_classifier_1000/cp-0033.hdf5
 - 3s - loss: 0.0985 - acc: 0.9648 - val_loss: 0.2805 - val_acc: 0.9170
Epoch 34/50

Epoch 00034: saving model to models/mnist_vaestudent_e300_L2_b64/normal_classifier_1000/cp-0034.hdf5
 - 3s - loss: 0.1359 - acc: 0.9463 - val_loss: 0.2690 - val_acc: 0.9221
Epoch 35/50

Epoch 00035: saving model to models/mnist_vaestudent_e300_L2_b64/normal_classifier_1000/cp-0035.hdf5
 - 3s - loss: 0.1034 - acc: 0.9639 - val_loss: 0.2801 - val_acc: 0.9206
Epoch 36/50

Epoch 00036: saving model to models/mnist_vaestudent_e300_L2_b64/normal_classifier_1000/cp-0036.hdf5
 - 3s - loss: 0.1108 - acc: 0.9609 - val_loss: 0.2636 - val_acc: 0.9228
Epoch 37/50

Epoch 00037: saving model to models/mnist_vaestudent_e300_L2_b64/normal_classifier_1000/cp-0037.hdf5
 - 3s - loss: 0.1067 - acc: 0.9639 - val_loss: 0.2572 - val_acc: 0.9252
Epoch 38/50

Epoch 00038: saving model to models/mnist_vaestudent_e300_L2_b64/normal_classifier_1000/cp-0038.hdf5
 - 3s - loss: 0.0775 - acc: 0.9736 - val_loss: 0.2622 - val_acc: 0.9271
Epoch 39/50

Epoch 00039: saving model to models/mnist_vaestudent_e300_L2_b64/normal_classifier_1000/cp-0039.hdf5
 - 3s - loss: 0.0834 - acc: 0.9707 - val_loss: 0.2749 - val_acc: 0.9248
Epoch 40/50

Epoch 00040: saving model to models/mnist_vaestudent_e300_L2_b64/normal_classifier_1000/cp-0040.hdf5
 - 3s - loss: 0.0640 - acc: 0.9795 - val_loss: 0.2878 - val_acc: 0.9245
Epoch 41/50

Epoch 00041: saving model to models/mnist_vaestudent_e300_L2_b64/normal_classifier_1000/cp-0041.hdf5
 - 3s - loss: 0.0749 - acc: 0.9678 - val_loss: 0.2821 - val_acc: 0.9235
Epoch 42/50

Epoch 00042: saving model to models/mnist_vaestudent_e300_L2_b64/normal_classifier_1000/cp-0042.hdf5
 - 3s - loss: 0.0630 - acc: 0.9805 - val_loss: 0.2820 - val_acc: 0.9226
Epoch 43/50

Epoch 00043: saving model to models/mnist_vaestudent_e300_L2_b64/normal_classifier_1000/cp-0043.hdf5
 - 3s - loss: 0.0833 - acc: 0.9785 - val_loss: 0.2692 - val_acc: 0.9268
Epoch 44/50

Epoch 00044: saving model to models/mnist_vaestudent_e300_L2_b64/normal_classifier_1000/cp-0044.hdf5
 - 3s - loss: 0.0442 - acc: 0.9902 - val_loss: 0.2707 - val_acc: 0.9268
Epoch 45/50

Epoch 00045: saving model to models/mnist_vaestudent_e300_L2_b64/normal_classifier_1000/cp-0045.hdf5
 - 3s - loss: 0.0683 - acc: 0.9785 - val_loss: 0.2749 - val_acc: 0.9265
Epoch 46/50

Epoch 00046: saving model to models/mnist_vaestudent_e300_L2_b64/normal_classifier_1000/cp-0046.hdf5
 - 3s - loss: 0.0613 - acc: 0.9805 - val_loss: 0.2696 - val_acc: 0.9276
Epoch 47/50

Epoch 00047: saving model to models/mnist_vaestudent_e300_L2_b64/normal_classifier_1000/cp-0047.hdf5
 - 3s - loss: 0.0687 - acc: 0.9756 - val_loss: 0.2730 - val_acc: 0.9266
Epoch 48/50

Epoch 00048: saving model to models/mnist_vaestudent_e300_L2_b64/normal_classifier_1000/cp-0048.hdf5
 - 3s - loss: 0.0577 - acc: 0.9814 - val_loss: 0.2728 - val_acc: 0.9303
Epoch 49/50

Epoch 00049: saving model to models/mnist_vaestudent_e300_L2_b64/normal_classifier_1000/cp-0049.hdf5
 - 3s - loss: 0.0572 - acc: 0.9814 - val_loss: 0.2837 - val_acc: 0.9270
Epoch 50/50

Epoch 00050: saving model to models/mnist_vaestudent_e300_L2_b64/normal_classifier_1000/cp-0050.hdf5
 - 3s - loss: 0.0484 - acc: 0.9863 - val_loss: 0.2761 - val_acc: 0.9276
Epoch 1/50

Epoch 00001: saving model to models/mnist_vaestudent_e300_L2_b64/multi-normal_classifier_1000/cp-0001.hdf5
 - 6s - loss: 2.2982 - acc: 0.1338 - val_loss: 2.3025 - val_acc: 0.0999
Epoch 2/50

Epoch 00002: saving model to models/mnist_vaestudent_e300_L2_b64/multi-normal_classifier_1000/cp-0002.hdf5
 - 3s - loss: 2.2884 - acc: 0.1543 - val_loss: 2.3020 - val_acc: 0.0962
Epoch 3/50

Epoch 00003: saving model to models/mnist_vaestudent_e300_L2_b64/multi-normal_classifier_1000/cp-0003.hdf5
 - 3s - loss: 2.2576 - acc: 0.1553 - val_loss: 2.3196 - val_acc: 0.0961
Epoch 4/50

Epoch 00004: saving model to models/mnist_vaestudent_e300_L2_b64/multi-normal_classifier_1000/cp-0004.hdf5
 - 3s - loss: 2.2019 - acc: 0.1699 - val_loss: 2.3575 - val_acc: 0.1775
Epoch 5/50

Epoch 00005: saving model to models/mnist_vaestudent_e300_L2_b64/multi-normal_classifier_1000/cp-0005.hdf5
 - 3s - loss: 2.1429 - acc: 0.3125 - val_loss: 2.2214 - val_acc: 0.3003
Epoch 6/50

Epoch 00006: saving model to models/mnist_vaestudent_e300_L2_b64/multi-normal_classifier_1000/cp-0006.hdf5
 - 3s - loss: 1.8763 - acc: 0.4297 - val_loss: 1.7066 - val_acc: 0.4355
Epoch 7/50

Epoch 00007: saving model to models/mnist_vaestudent_e300_L2_b64/multi-normal_classifier_1000/cp-0007.hdf5
 - 3s - loss: 1.5828 - acc: 0.4795 - val_loss: 1.4850 - val_acc: 0.4630
Epoch 8/50

Epoch 00008: saving model to models/mnist_vaestudent_e300_L2_b64/multi-normal_classifier_1000/cp-0008.hdf5
 - 3s - loss: 1.2936 - acc: 0.5771 - val_loss: 1.0690 - val_acc: 0.6092
Epoch 9/50

Epoch 00009: saving model to models/mnist_vaestudent_e300_L2_b64/multi-normal_classifier_1000/cp-0009.hdf5
 - 3s - loss: 1.1427 - acc: 0.6230 - val_loss: 0.9337 - val_acc: 0.6934
Epoch 10/50

Epoch 00010: saving model to models/mnist_vaestudent_e300_L2_b64/multi-normal_classifier_1000/cp-0010.hdf5
 - 3s - loss: 0.9802 - acc: 0.6787 - val_loss: 0.7445 - val_acc: 0.7518
Epoch 11/50

Epoch 00011: saving model to models/mnist_vaestudent_e300_L2_b64/multi-normal_classifier_1000/cp-0011.hdf5
 - 3s - loss: 0.8326 - acc: 0.7227 - val_loss: 0.6314 - val_acc: 0.7835
Epoch 12/50

Epoch 00012: saving model to models/mnist_vaestudent_e300_L2_b64/multi-normal_classifier_1000/cp-0012.hdf5
 - 3s - loss: 0.7911 - acc: 0.7324 - val_loss: 0.5358 - val_acc: 0.8398
Epoch 13/50

Epoch 00013: saving model to models/mnist_vaestudent_e300_L2_b64/multi-normal_classifier_1000/cp-0013.hdf5
 - 3s - loss: 0.6703 - acc: 0.7832 - val_loss: 0.5137 - val_acc: 0.8434
Epoch 14/50

Epoch 00014: saving model to models/mnist_vaestudent_e300_L2_b64/multi-normal_classifier_1000/cp-0014.hdf5
 - 3s - loss: 0.5938 - acc: 0.7979 - val_loss: 0.4561 - val_acc: 0.8538
Epoch 15/50

Epoch 00015: saving model to models/mnist_vaestudent_e300_L2_b64/multi-normal_classifier_1000/cp-0015.hdf5
 - 3s - loss: 0.5471 - acc: 0.8242 - val_loss: 0.4176 - val_acc: 0.8687
Epoch 16/50

Epoch 00016: saving model to models/mnist_vaestudent_e300_L2_b64/multi-normal_classifier_1000/cp-0016.hdf5
 - 3s - loss: 0.5583 - acc: 0.8076 - val_loss: 0.4086 - val_acc: 0.8679
Epoch 17/50

Epoch 00017: saving model to models/mnist_vaestudent_e300_L2_b64/multi-normal_classifier_1000/cp-0017.hdf5
 - 3s - loss: 0.5058 - acc: 0.8350 - val_loss: 0.3930 - val_acc: 0.8761
Epoch 18/50

Epoch 00018: saving model to models/mnist_vaestudent_e300_L2_b64/multi-normal_classifier_1000/cp-0018.hdf5
 - 3s - loss: 0.4349 - acc: 0.8525 - val_loss: 0.3790 - val_acc: 0.8825
Epoch 19/50

Epoch 00019: saving model to models/mnist_vaestudent_e300_L2_b64/multi-normal_classifier_1000/cp-0019.hdf5
 - 3s - loss: 0.4297 - acc: 0.8535 - val_loss: 0.3346 - val_acc: 0.8928
Epoch 20/50

Epoch 00020: saving model to models/mnist_vaestudent_e300_L2_b64/multi-normal_classifier_1000/cp-0020.hdf5
 - 3s - loss: 0.3621 - acc: 0.8672 - val_loss: 0.3133 - val_acc: 0.9075
Epoch 21/50

Epoch 00021: saving model to models/mnist_vaestudent_e300_L2_b64/multi-normal_classifier_1000/cp-0021.hdf5
 - 3s - loss: 0.3745 - acc: 0.8730 - val_loss: 0.3221 - val_acc: 0.8927
Epoch 22/50

Epoch 00022: saving model to models/mnist_vaestudent_e300_L2_b64/multi-normal_classifier_1000/cp-0022.hdf5
 - 3s - loss: 0.3387 - acc: 0.8877 - val_loss: 0.2883 - val_acc: 0.9067
Epoch 23/50

Epoch 00023: saving model to models/mnist_vaestudent_e300_L2_b64/multi-normal_classifier_1000/cp-0023.hdf5
 - 3s - loss: 0.3065 - acc: 0.8955 - val_loss: 0.3049 - val_acc: 0.9025
Epoch 24/50

Epoch 00024: saving model to models/mnist_vaestudent_e300_L2_b64/multi-normal_classifier_1000/cp-0024.hdf5
 - 3s - loss: 0.3072 - acc: 0.8936 - val_loss: 0.2670 - val_acc: 0.9152
Epoch 25/50

Epoch 00025: saving model to models/mnist_vaestudent_e300_L2_b64/multi-normal_classifier_1000/cp-0025.hdf5
 - 3s - loss: 0.2729 - acc: 0.9082 - val_loss: 0.2527 - val_acc: 0.9214
Epoch 26/50

Epoch 00026: saving model to models/mnist_vaestudent_e300_L2_b64/multi-normal_classifier_1000/cp-0026.hdf5
 - 3s - loss: 0.2449 - acc: 0.9131 - val_loss: 0.2435 - val_acc: 0.9227
Epoch 27/50

Epoch 00027: saving model to models/mnist_vaestudent_e300_L2_b64/multi-normal_classifier_1000/cp-0027.hdf5
 - 3s - loss: 0.2313 - acc: 0.9121 - val_loss: 0.2527 - val_acc: 0.9202
Epoch 28/50

Epoch 00028: saving model to models/mnist_vaestudent_e300_L2_b64/multi-normal_classifier_1000/cp-0028.hdf5
 - 3s - loss: 0.2162 - acc: 0.9287 - val_loss: 0.2675 - val_acc: 0.9140
Epoch 29/50

Epoch 00029: saving model to models/mnist_vaestudent_e300_L2_b64/multi-normal_classifier_1000/cp-0029.hdf5
 - 3s - loss: 0.1912 - acc: 0.9277 - val_loss: 0.2575 - val_acc: 0.9213
Epoch 30/50

Epoch 00030: saving model to models/mnist_vaestudent_e300_L2_b64/multi-normal_classifier_1000/cp-0030.hdf5
 - 3s - loss: 0.2042 - acc: 0.9238 - val_loss: 0.2381 - val_acc: 0.9260
Epoch 31/50

Epoch 00031: saving model to models/mnist_vaestudent_e300_L2_b64/multi-normal_classifier_1000/cp-0031.hdf5
 - 3s - loss: 0.1944 - acc: 0.9385 - val_loss: 0.2443 - val_acc: 0.9254
Epoch 32/50

Epoch 00032: saving model to models/mnist_vaestudent_e300_L2_b64/multi-normal_classifier_1000/cp-0032.hdf5
 - 3s - loss: 0.1617 - acc: 0.9346 - val_loss: 0.2537 - val_acc: 0.9217
Epoch 33/50

Epoch 00033: saving model to models/mnist_vaestudent_e300_L2_b64/multi-normal_classifier_1000/cp-0033.hdf5
 - 3s - loss: 0.1626 - acc: 0.9502 - val_loss: 0.2305 - val_acc: 0.9301
Epoch 34/50

Epoch 00034: saving model to models/mnist_vaestudent_e300_L2_b64/multi-normal_classifier_1000/cp-0034.hdf5
 - 3s - loss: 0.1581 - acc: 0.9502 - val_loss: 0.2510 - val_acc: 0.9249
Epoch 35/50

Epoch 00035: saving model to models/mnist_vaestudent_e300_L2_b64/multi-normal_classifier_1000/cp-0035.hdf5
 - 3s - loss: 0.1570 - acc: 0.9521 - val_loss: 0.2544 - val_acc: 0.9233
Epoch 36/50

Epoch 00036: saving model to models/mnist_vaestudent_e300_L2_b64/multi-normal_classifier_1000/cp-0036.hdf5
 - 3s - loss: 0.1286 - acc: 0.9561 - val_loss: 0.2341 - val_acc: 0.9302
Epoch 37/50

Epoch 00037: saving model to models/mnist_vaestudent_e300_L2_b64/multi-normal_classifier_1000/cp-0037.hdf5
 - 3s - loss: 0.1311 - acc: 0.9541 - val_loss: 0.2314 - val_acc: 0.9293
Epoch 38/50

Epoch 00038: saving model to models/mnist_vaestudent_e300_L2_b64/multi-normal_classifier_1000/cp-0038.hdf5
 - 3s - loss: 0.1208 - acc: 0.9600 - val_loss: 0.2712 - val_acc: 0.9201
Epoch 39/50

Epoch 00039: saving model to models/mnist_vaestudent_e300_L2_b64/multi-normal_classifier_1000/cp-0039.hdf5
 - 3s - loss: 0.1315 - acc: 0.9580 - val_loss: 0.2556 - val_acc: 0.9239
Epoch 40/50

Epoch 00040: saving model to models/mnist_vaestudent_e300_L2_b64/multi-normal_classifier_1000/cp-0040.hdf5
 - 3s - loss: 0.1136 - acc: 0.9609 - val_loss: 0.2492 - val_acc: 0.9247
Epoch 41/50

Epoch 00041: saving model to models/mnist_vaestudent_e300_L2_b64/multi-normal_classifier_1000/cp-0041.hdf5
 - 3s - loss: 0.0957 - acc: 0.9629 - val_loss: 0.2482 - val_acc: 0.9279
Epoch 42/50

Epoch 00042: saving model to models/mnist_vaestudent_e300_L2_b64/multi-normal_classifier_1000/cp-0042.hdf5
 - 3s - loss: 0.0855 - acc: 0.9707 - val_loss: 0.2481 - val_acc: 0.9278
Epoch 43/50

Epoch 00043: saving model to models/mnist_vaestudent_e300_L2_b64/multi-normal_classifier_1000/cp-0043.hdf5
 - 3s - loss: 0.0745 - acc: 0.9805 - val_loss: 0.2540 - val_acc: 0.9281
Epoch 44/50

Epoch 00044: saving model to models/mnist_vaestudent_e300_L2_b64/multi-normal_classifier_1000/cp-0044.hdf5
 - 3s - loss: 0.0645 - acc: 0.9854 - val_loss: 0.2719 - val_acc: 0.9232
Epoch 45/50

Epoch 00045: saving model to models/mnist_vaestudent_e300_L2_b64/multi-normal_classifier_1000/cp-0045.hdf5
 - 3s - loss: 0.0846 - acc: 0.9697 - val_loss: 0.2560 - val_acc: 0.9286
Epoch 46/50

Epoch 00046: saving model to models/mnist_vaestudent_e300_L2_b64/multi-normal_classifier_1000/cp-0046.hdf5
 - 3s - loss: 0.0784 - acc: 0.9746 - val_loss: 0.2526 - val_acc: 0.9306
Epoch 47/50

Epoch 00047: saving model to models/mnist_vaestudent_e300_L2_b64/multi-normal_classifier_1000/cp-0047.hdf5
 - 3s - loss: 0.0719 - acc: 0.9766 - val_loss: 0.2615 - val_acc: 0.9280
Epoch 48/50

Epoch 00048: saving model to models/mnist_vaestudent_e300_L2_b64/multi-normal_classifier_1000/cp-0048.hdf5
 - 3s - loss: 0.0772 - acc: 0.9775 - val_loss: 0.2650 - val_acc: 0.9286
Epoch 49/50

Epoch 00049: saving model to models/mnist_vaestudent_e300_L2_b64/multi-normal_classifier_1000/cp-0049.hdf5
 - 3s - loss: 0.0756 - acc: 0.9756 - val_loss: 0.2621 - val_acc: 0.9255
Epoch 50/50

Epoch 00050: saving model to models/mnist_vaestudent_e300_L2_b64/multi-normal_classifier_1000/cp-0050.hdf5
 - 3s - loss: 0.0792 - acc: 0.9707 - val_loss: 0.2552 - val_acc: 0.9313
Epoch 1/50

Epoch 00001: saving model to models/mnist_vaestudent_e300_L2_b64/uniform_classifier_1000/cp-0001.hdf5
 - 5s - loss: 2.2799 - acc: 0.2734 - val_loss: 2.3006 - val_acc: 0.1538
Epoch 2/50

Epoch 00002: saving model to models/mnist_vaestudent_e300_L2_b64/uniform_classifier_1000/cp-0002.hdf5
 - 3s - loss: 2.0892 - acc: 0.2979 - val_loss: 2.7423 - val_acc: 0.0978
Epoch 3/50

Epoch 00003: saving model to models/mnist_vaestudent_e300_L2_b64/uniform_classifier_1000/cp-0003.hdf5
 - 3s - loss: 1.5908 - acc: 0.4873 - val_loss: 3.6003 - val_acc: 0.1626
Epoch 4/50

Epoch 00004: saving model to models/mnist_vaestudent_e300_L2_b64/uniform_classifier_1000/cp-0004.hdf5
 - 3s - loss: 0.9880 - acc: 0.7002 - val_loss: 5.0440 - val_acc: 0.2196
Epoch 5/50

Epoch 00005: saving model to models/mnist_vaestudent_e300_L2_b64/uniform_classifier_1000/cp-0005.hdf5
 - 3s - loss: 0.7214 - acc: 0.7998 - val_loss: 3.4970 - val_acc: 0.2929
Epoch 6/50

Epoch 00006: saving model to models/mnist_vaestudent_e300_L2_b64/uniform_classifier_1000/cp-0006.hdf5
 - 3s - loss: 0.5265 - acc: 0.8535 - val_loss: 2.7230 - val_acc: 0.3586
Epoch 7/50

Epoch 00007: saving model to models/mnist_vaestudent_e300_L2_b64/uniform_classifier_1000/cp-0007.hdf5
 - 3s - loss: 0.4464 - acc: 0.8896 - val_loss: 2.1175 - val_acc: 0.3881
Epoch 8/50

Epoch 00008: saving model to models/mnist_vaestudent_e300_L2_b64/uniform_classifier_1000/cp-0008.hdf5
 - 3s - loss: 0.3623 - acc: 0.9043 - val_loss: 2.6024 - val_acc: 0.3870
Epoch 9/50

Epoch 00009: saving model to models/mnist_vaestudent_e300_L2_b64/uniform_classifier_1000/cp-0009.hdf5
 - 3s - loss: 0.3351 - acc: 0.9121 - val_loss: 2.2291 - val_acc: 0.4104
Epoch 10/50

Epoch 00010: saving model to models/mnist_vaestudent_e300_L2_b64/uniform_classifier_1000/cp-0010.hdf5
 - 3s - loss: 0.2794 - acc: 0.9346 - val_loss: 2.3086 - val_acc: 0.4312
Epoch 11/50

Epoch 00011: saving model to models/mnist_vaestudent_e300_L2_b64/uniform_classifier_1000/cp-0011.hdf5
 - 3s - loss: 0.2503 - acc: 0.9375 - val_loss: 1.9940 - val_acc: 0.4573
Epoch 12/50

Epoch 00012: saving model to models/mnist_vaestudent_e300_L2_b64/uniform_classifier_1000/cp-0012.hdf5
 - 3s - loss: 0.2391 - acc: 0.9414 - val_loss: 2.1725 - val_acc: 0.4670
Epoch 13/50

Epoch 00013: saving model to models/mnist_vaestudent_e300_L2_b64/uniform_classifier_1000/cp-0013.hdf5
 - 3s - loss: 0.2180 - acc: 0.9443 - val_loss: 1.8034 - val_acc: 0.4972
Epoch 14/50

Epoch 00014: saving model to models/mnist_vaestudent_e300_L2_b64/uniform_classifier_1000/cp-0014.hdf5
 - 3s - loss: 0.2014 - acc: 0.9355 - val_loss: 1.7215 - val_acc: 0.5327
Epoch 15/50

Epoch 00015: saving model to models/mnist_vaestudent_e300_L2_b64/uniform_classifier_1000/cp-0015.hdf5
 - 3s - loss: 0.1997 - acc: 0.9434 - val_loss: 1.6332 - val_acc: 0.5266
Epoch 16/50

Epoch 00016: saving model to models/mnist_vaestudent_e300_L2_b64/uniform_classifier_1000/cp-0016.hdf5
 - 3s - loss: 0.1658 - acc: 0.9502 - val_loss: 1.7127 - val_acc: 0.5309
Epoch 17/50

Epoch 00017: saving model to models/mnist_vaestudent_e300_L2_b64/uniform_classifier_1000/cp-0017.hdf5
 - 3s - loss: 0.1641 - acc: 0.9512 - val_loss: 1.6111 - val_acc: 0.5519
Epoch 18/50

Epoch 00018: saving model to models/mnist_vaestudent_e300_L2_b64/uniform_classifier_1000/cp-0018.hdf5
 - 3s - loss: 0.1653 - acc: 0.9521 - val_loss: 1.5260 - val_acc: 0.5674
Epoch 19/50

Epoch 00019: saving model to models/mnist_vaestudent_e300_L2_b64/uniform_classifier_1000/cp-0019.hdf5
 - 3s - loss: 0.1080 - acc: 0.9688 - val_loss: 1.4479 - val_acc: 0.5980
Epoch 20/50

Epoch 00020: saving model to models/mnist_vaestudent_e300_L2_b64/uniform_classifier_1000/cp-0020.hdf5
 - 3s - loss: 0.1516 - acc: 0.9570 - val_loss: 1.5188 - val_acc: 0.5744
Epoch 21/50

Epoch 00021: saving model to models/mnist_vaestudent_e300_L2_b64/uniform_classifier_1000/cp-0021.hdf5
 - 3s - loss: 0.1227 - acc: 0.9668 - val_loss: 1.5083 - val_acc: 0.5811
Epoch 22/50

Epoch 00022: saving model to models/mnist_vaestudent_e300_L2_b64/uniform_classifier_1000/cp-0022.hdf5
 - 3s - loss: 0.1196 - acc: 0.9658 - val_loss: 1.3747 - val_acc: 0.6193
Epoch 23/50

Epoch 00023: saving model to models/mnist_vaestudent_e300_L2_b64/uniform_classifier_1000/cp-0023.hdf5
 - 3s - loss: 0.1026 - acc: 0.9707 - val_loss: 1.5668 - val_acc: 0.5892
Epoch 24/50

Epoch 00024: saving model to models/mnist_vaestudent_e300_L2_b64/uniform_classifier_1000/cp-0024.hdf5
 - 3s - loss: 0.1000 - acc: 0.9707 - val_loss: 1.6653 - val_acc: 0.5892
Epoch 25/50

Epoch 00025: saving model to models/mnist_vaestudent_e300_L2_b64/uniform_classifier_1000/cp-0025.hdf5
 - 3s - loss: 0.0868 - acc: 0.9717 - val_loss: 1.5830 - val_acc: 0.6104
Epoch 26/50

Epoch 00026: saving model to models/mnist_vaestudent_e300_L2_b64/uniform_classifier_1000/cp-0026.hdf5
 - 3s - loss: 0.0765 - acc: 0.9746 - val_loss: 1.5762 - val_acc: 0.6113
Epoch 27/50

Epoch 00027: saving model to models/mnist_vaestudent_e300_L2_b64/uniform_classifier_1000/cp-0027.hdf5
 - 3s - loss: 0.0791 - acc: 0.9736 - val_loss: 1.5329 - val_acc: 0.6305
Epoch 28/50

Epoch 00028: saving model to models/mnist_vaestudent_e300_L2_b64/uniform_classifier_1000/cp-0028.hdf5
 - 3s - loss: 0.0859 - acc: 0.9736 - val_loss: 1.3555 - val_acc: 0.6705
Epoch 29/50

Epoch 00029: saving model to models/mnist_vaestudent_e300_L2_b64/uniform_classifier_1000/cp-0029.hdf5
 - 3s - loss: 0.0653 - acc: 0.9824 - val_loss: 1.4188 - val_acc: 0.6589
Epoch 30/50

Epoch 00030: saving model to models/mnist_vaestudent_e300_L2_b64/uniform_classifier_1000/cp-0030.hdf5
 - 3s - loss: 0.0692 - acc: 0.9785 - val_loss: 1.4000 - val_acc: 0.6642
Epoch 31/50

Epoch 00031: saving model to models/mnist_vaestudent_e300_L2_b64/uniform_classifier_1000/cp-0031.hdf5
 - 3s - loss: 0.0668 - acc: 0.9805 - val_loss: 1.4044 - val_acc: 0.6778
Epoch 32/50

Epoch 00032: saving model to models/mnist_vaestudent_e300_L2_b64/uniform_classifier_1000/cp-0032.hdf5
 - 3s - loss: 0.0632 - acc: 0.9785 - val_loss: 1.4436 - val_acc: 0.6701
Epoch 33/50

Epoch 00033: saving model to models/mnist_vaestudent_e300_L2_b64/uniform_classifier_1000/cp-0033.hdf5
 - 3s - loss: 0.0568 - acc: 0.9854 - val_loss: 1.4457 - val_acc: 0.6680
Epoch 34/50

Epoch 00034: saving model to models/mnist_vaestudent_e300_L2_b64/uniform_classifier_1000/cp-0034.hdf5
 - 3s - loss: 0.0556 - acc: 0.9893 - val_loss: 1.4671 - val_acc: 0.6667
Epoch 35/50

Epoch 00035: saving model to models/mnist_vaestudent_e300_L2_b64/uniform_classifier_1000/cp-0035.hdf5
 - 3s - loss: 0.0563 - acc: 0.9805 - val_loss: 1.4566 - val_acc: 0.6624
Epoch 36/50

Epoch 00036: saving model to models/mnist_vaestudent_e300_L2_b64/uniform_classifier_1000/cp-0036.hdf5
 - 3s - loss: 0.0421 - acc: 0.9883 - val_loss: 1.4719 - val_acc: 0.6633
Epoch 37/50

Epoch 00037: saving model to models/mnist_vaestudent_e300_L2_b64/uniform_classifier_1000/cp-0037.hdf5
 - 3s - loss: 0.0484 - acc: 0.9854 - val_loss: 1.5202 - val_acc: 0.6697
Epoch 38/50

Epoch 00038: saving model to models/mnist_vaestudent_e300_L2_b64/uniform_classifier_1000/cp-0038.hdf5
 - 3s - loss: 0.0438 - acc: 0.9834 - val_loss: 1.4958 - val_acc: 0.6693
Epoch 39/50

Epoch 00039: saving model to models/mnist_vaestudent_e300_L2_b64/uniform_classifier_1000/cp-0039.hdf5
 - 3s - loss: 0.0502 - acc: 0.9854 - val_loss: 1.4806 - val_acc: 0.6803
Epoch 40/50

Epoch 00040: saving model to models/mnist_vaestudent_e300_L2_b64/uniform_classifier_1000/cp-0040.hdf5
 - 3s - loss: 0.0302 - acc: 0.9912 - val_loss: 1.5554 - val_acc: 0.6762
Epoch 41/50

Epoch 00041: saving model to models/mnist_vaestudent_e300_L2_b64/uniform_classifier_1000/cp-0041.hdf5
 - 3s - loss: 0.0400 - acc: 0.9854 - val_loss: 1.4806 - val_acc: 0.6867
Epoch 42/50

Epoch 00042: saving model to models/mnist_vaestudent_e300_L2_b64/uniform_classifier_1000/cp-0042.hdf5
 - 3s - loss: 0.0405 - acc: 0.9883 - val_loss: 1.5020 - val_acc: 0.6763
Epoch 43/50

Epoch 00043: saving model to models/mnist_vaestudent_e300_L2_b64/uniform_classifier_1000/cp-0043.hdf5
 - 3s - loss: 0.0356 - acc: 0.9922 - val_loss: 1.5154 - val_acc: 0.6797
Epoch 44/50

Epoch 00044: saving model to models/mnist_vaestudent_e300_L2_b64/uniform_classifier_1000/cp-0044.hdf5
 - 3s - loss: 0.0363 - acc: 0.9883 - val_loss: 1.5506 - val_acc: 0.6751
Epoch 45/50

Epoch 00045: saving model to models/mnist_vaestudent_e300_L2_b64/uniform_classifier_1000/cp-0045.hdf5
 - 3s - loss: 0.0303 - acc: 0.9922 - val_loss: 1.5145 - val_acc: 0.6888
Epoch 46/50

Epoch 00046: saving model to models/mnist_vaestudent_e300_L2_b64/uniform_classifier_1000/cp-0046.hdf5
 - 3s - loss: 0.0358 - acc: 0.9844 - val_loss: 1.5382 - val_acc: 0.6983
Epoch 47/50

Epoch 00047: saving model to models/mnist_vaestudent_e300_L2_b64/uniform_classifier_1000/cp-0047.hdf5
 - 3s - loss: 0.0326 - acc: 0.9902 - val_loss: 1.4743 - val_acc: 0.6954
Epoch 48/50

Epoch 00048: saving model to models/mnist_vaestudent_e300_L2_b64/uniform_classifier_1000/cp-0048.hdf5
 - 3s - loss: 0.0282 - acc: 0.9912 - val_loss: 1.5814 - val_acc: 0.6824
Epoch 49/50

Epoch 00049: saving model to models/mnist_vaestudent_e300_L2_b64/uniform_classifier_1000/cp-0049.hdf5
 - 3s - loss: 0.0250 - acc: 0.9902 - val_loss: 1.5660 - val_acc: 0.6776
Epoch 50/50

Epoch 00050: saving model to models/mnist_vaestudent_e300_L2_b64/uniform_classifier_1000/cp-0050.hdf5
 - 3s - loss: 0.0282 - acc: 0.9912 - val_loss: 1.5450 - val_acc: 0.6846
Epoch 1/50

Epoch 00001: saving model to models/mnist_vaestudent_e300_L2_b64/uniform-cluster_classifier_1000/cp-0001.hdf5
 - 6s - loss: 2.3017 - acc: 0.1465 - val_loss: 2.3007 - val_acc: 0.1076
Epoch 2/50

Epoch 00002: saving model to models/mnist_vaestudent_e300_L2_b64/uniform-cluster_classifier_1000/cp-0002.hdf5
 - 3s - loss: 2.2893 - acc: 0.1572 - val_loss: 2.2976 - val_acc: 0.1220
Epoch 3/50

Epoch 00003: saving model to models/mnist_vaestudent_e300_L2_b64/uniform-cluster_classifier_1000/cp-0003.hdf5
 - 3s - loss: 2.2622 - acc: 0.1885 - val_loss: 2.2956 - val_acc: 0.1158
Epoch 4/50

Epoch 00004: saving model to models/mnist_vaestudent_e300_L2_b64/uniform-cluster_classifier_1000/cp-0004.hdf5
 - 3s - loss: 2.1758 - acc: 0.3018 - val_loss: 2.2716 - val_acc: 0.2047
Epoch 5/50

Epoch 00005: saving model to models/mnist_vaestudent_e300_L2_b64/uniform-cluster_classifier_1000/cp-0005.hdf5
 - 3s - loss: 1.9075 - acc: 0.4170 - val_loss: 2.0748 - val_acc: 0.3567
Epoch 6/50

Epoch 00006: saving model to models/mnist_vaestudent_e300_L2_b64/uniform-cluster_classifier_1000/cp-0006.hdf5
 - 3s - loss: 1.5775 - acc: 0.4893 - val_loss: 1.7489 - val_acc: 0.4125
Epoch 7/50

Epoch 00007: saving model to models/mnist_vaestudent_e300_L2_b64/uniform-cluster_classifier_1000/cp-0007.hdf5
 - 3s - loss: 1.3646 - acc: 0.5801 - val_loss: 1.3587 - val_acc: 0.5470
Epoch 8/50

Epoch 00008: saving model to models/mnist_vaestudent_e300_L2_b64/uniform-cluster_classifier_1000/cp-0008.hdf5
 - 3s - loss: 1.1503 - acc: 0.6426 - val_loss: 1.2058 - val_acc: 0.6015
Epoch 9/50

Epoch 00009: saving model to models/mnist_vaestudent_e300_L2_b64/uniform-cluster_classifier_1000/cp-0009.hdf5
 - 3s - loss: 1.0432 - acc: 0.6797 - val_loss: 1.0427 - val_acc: 0.6486
Epoch 10/50

Epoch 00010: saving model to models/mnist_vaestudent_e300_L2_b64/uniform-cluster_classifier_1000/cp-0010.hdf5
 - 3s - loss: 0.9079 - acc: 0.7207 - val_loss: 0.9621 - val_acc: 0.6601
Epoch 11/50

Epoch 00011: saving model to models/mnist_vaestudent_e300_L2_b64/uniform-cluster_classifier_1000/cp-0011.hdf5
 - 3s - loss: 0.8022 - acc: 0.7373 - val_loss: 0.8950 - val_acc: 0.6888
Epoch 12/50

Epoch 00012: saving model to models/mnist_vaestudent_e300_L2_b64/uniform-cluster_classifier_1000/cp-0012.hdf5
 - 3s - loss: 0.6912 - acc: 0.7998 - val_loss: 0.8030 - val_acc: 0.7227
Epoch 13/50

Epoch 00013: saving model to models/mnist_vaestudent_e300_L2_b64/uniform-cluster_classifier_1000/cp-0013.hdf5
 - 3s - loss: 0.6362 - acc: 0.8076 - val_loss: 0.7081 - val_acc: 0.7582
Epoch 14/50

Epoch 00014: saving model to models/mnist_vaestudent_e300_L2_b64/uniform-cluster_classifier_1000/cp-0014.hdf5
 - 3s - loss: 0.5532 - acc: 0.8242 - val_loss: 0.8118 - val_acc: 0.7290
Epoch 15/50

Epoch 00015: saving model to models/mnist_vaestudent_e300_L2_b64/uniform-cluster_classifier_1000/cp-0015.hdf5
 - 3s - loss: 0.5413 - acc: 0.8311 - val_loss: 0.6788 - val_acc: 0.7646
Epoch 16/50

Epoch 00016: saving model to models/mnist_vaestudent_e300_L2_b64/uniform-cluster_classifier_1000/cp-0016.hdf5
 - 3s - loss: 0.4448 - acc: 0.8535 - val_loss: 0.5714 - val_acc: 0.8083
Epoch 17/50

Epoch 00017: saving model to models/mnist_vaestudent_e300_L2_b64/uniform-cluster_classifier_1000/cp-0017.hdf5
 - 3s - loss: 0.3641 - acc: 0.8789 - val_loss: 0.7654 - val_acc: 0.7530
Epoch 18/50

Epoch 00018: saving model to models/mnist_vaestudent_e300_L2_b64/uniform-cluster_classifier_1000/cp-0018.hdf5
 - 3s - loss: 0.3844 - acc: 0.8770 - val_loss: 0.5797 - val_acc: 0.8089
Epoch 19/50

Epoch 00019: saving model to models/mnist_vaestudent_e300_L2_b64/uniform-cluster_classifier_1000/cp-0019.hdf5
 - 3s - loss: 0.3068 - acc: 0.9082 - val_loss: 0.5464 - val_acc: 0.8182
Epoch 20/50

Epoch 00020: saving model to models/mnist_vaestudent_e300_L2_b64/uniform-cluster_classifier_1000/cp-0020.hdf5
 - 3s - loss: 0.3401 - acc: 0.8945 - val_loss: 0.5397 - val_acc: 0.8171
Epoch 21/50

Epoch 00021: saving model to models/mnist_vaestudent_e300_L2_b64/uniform-cluster_classifier_1000/cp-0021.hdf5
 - 3s - loss: 0.2511 - acc: 0.9121 - val_loss: 0.4655 - val_acc: 0.8486
Epoch 22/50

Epoch 00022: saving model to models/mnist_vaestudent_e300_L2_b64/uniform-cluster_classifier_1000/cp-0022.hdf5
 - 3s - loss: 0.2254 - acc: 0.9297 - val_loss: 0.5443 - val_acc: 0.8280
Epoch 23/50

Epoch 00023: saving model to models/mnist_vaestudent_e300_L2_b64/uniform-cluster_classifier_1000/cp-0023.hdf5
 - 3s - loss: 0.2102 - acc: 0.9326 - val_loss: 0.4589 - val_acc: 0.8514
Epoch 24/50

Epoch 00024: saving model to models/mnist_vaestudent_e300_L2_b64/uniform-cluster_classifier_1000/cp-0024.hdf5
 - 3s - loss: 0.2253 - acc: 0.9219 - val_loss: 0.4995 - val_acc: 0.8466
Epoch 25/50

Epoch 00025: saving model to models/mnist_vaestudent_e300_L2_b64/uniform-cluster_classifier_1000/cp-0025.hdf5
 - 3s - loss: 0.1575 - acc: 0.9512 - val_loss: 0.5022 - val_acc: 0.8448
Epoch 26/50

Epoch 00026: saving model to models/mnist_vaestudent_e300_L2_b64/uniform-cluster_classifier_1000/cp-0026.hdf5
 - 3s - loss: 0.1457 - acc: 0.9561 - val_loss: 0.5699 - val_acc: 0.8293
Epoch 27/50

Epoch 00027: saving model to models/mnist_vaestudent_e300_L2_b64/uniform-cluster_classifier_1000/cp-0027.hdf5
 - 3s - loss: 0.1568 - acc: 0.9521 - val_loss: 0.5492 - val_acc: 0.8429
Epoch 28/50

Epoch 00028: saving model to models/mnist_vaestudent_e300_L2_b64/uniform-cluster_classifier_1000/cp-0028.hdf5
 - 3s - loss: 0.1283 - acc: 0.9609 - val_loss: 0.4582 - val_acc: 0.8640
Epoch 29/50

Epoch 00029: saving model to models/mnist_vaestudent_e300_L2_b64/uniform-cluster_classifier_1000/cp-0029.hdf5
 - 3s - loss: 0.1260 - acc: 0.9639 - val_loss: 0.5688 - val_acc: 0.8349
Epoch 30/50

Epoch 00030: saving model to models/mnist_vaestudent_e300_L2_b64/uniform-cluster_classifier_1000/cp-0030.hdf5
 - 3s - loss: 0.1293 - acc: 0.9561 - val_loss: 0.5376 - val_acc: 0.8417
Epoch 31/50

Epoch 00031: saving model to models/mnist_vaestudent_e300_L2_b64/uniform-cluster_classifier_1000/cp-0031.hdf5
 - 3s - loss: 0.0993 - acc: 0.9688 - val_loss: 0.4831 - val_acc: 0.8576
Epoch 32/50

Epoch 00032: saving model to models/mnist_vaestudent_e300_L2_b64/uniform-cluster_classifier_1000/cp-0032.hdf5
 - 3s - loss: 0.1045 - acc: 0.9668 - val_loss: 0.5364 - val_acc: 0.8461
Epoch 33/50

Epoch 00033: saving model to models/mnist_vaestudent_e300_L2_b64/uniform-cluster_classifier_1000/cp-0033.hdf5
 - 3s - loss: 0.0800 - acc: 0.9746 - val_loss: 0.4914 - val_acc: 0.8613
Epoch 34/50

Epoch 00034: saving model to models/mnist_vaestudent_e300_L2_b64/uniform-cluster_classifier_1000/cp-0034.hdf5
 - 3s - loss: 0.1012 - acc: 0.9629 - val_loss: 0.5000 - val_acc: 0.8587
Epoch 35/50

Epoch 00035: saving model to models/mnist_vaestudent_e300_L2_b64/uniform-cluster_classifier_1000/cp-0035.hdf5
 - 3s - loss: 0.0834 - acc: 0.9717 - val_loss: 0.5109 - val_acc: 0.8587
Epoch 36/50

Epoch 00036: saving model to models/mnist_vaestudent_e300_L2_b64/uniform-cluster_classifier_1000/cp-0036.hdf5
 - 3s - loss: 0.0771 - acc: 0.9736 - val_loss: 0.5252 - val_acc: 0.8552
Epoch 37/50

Epoch 00037: saving model to models/mnist_vaestudent_e300_L2_b64/uniform-cluster_classifier_1000/cp-0037.hdf5
 - 3s - loss: 0.0668 - acc: 0.9805 - val_loss: 0.4676 - val_acc: 0.8718
Epoch 38/50

Epoch 00038: saving model to models/mnist_vaestudent_e300_L2_b64/uniform-cluster_classifier_1000/cp-0038.hdf5
 - 3s - loss: 0.0637 - acc: 0.9766 - val_loss: 0.5137 - val_acc: 0.8611
Epoch 39/50

Epoch 00039: saving model to models/mnist_vaestudent_e300_L2_b64/uniform-cluster_classifier_1000/cp-0039.hdf5
 - 3s - loss: 0.0617 - acc: 0.9775 - val_loss: 0.5166 - val_acc: 0.8623
Epoch 40/50

Epoch 00040: saving model to models/mnist_vaestudent_e300_L2_b64/uniform-cluster_classifier_1000/cp-0040.hdf5
 - 3s - loss: 0.0521 - acc: 0.9854 - val_loss: 0.5362 - val_acc: 0.8601
Epoch 41/50

Epoch 00041: saving model to models/mnist_vaestudent_e300_L2_b64/uniform-cluster_classifier_1000/cp-0041.hdf5
 - 3s - loss: 0.0687 - acc: 0.9785 - val_loss: 0.5024 - val_acc: 0.8684
Epoch 42/50

Epoch 00042: saving model to models/mnist_vaestudent_e300_L2_b64/uniform-cluster_classifier_1000/cp-0042.hdf5
 - 3s - loss: 0.0461 - acc: 0.9883 - val_loss: 0.4903 - val_acc: 0.8705
Epoch 43/50

Epoch 00043: saving model to models/mnist_vaestudent_e300_L2_b64/uniform-cluster_classifier_1000/cp-0043.hdf5
 - 3s - loss: 0.0486 - acc: 0.9863 - val_loss: 0.5423 - val_acc: 0.8601
Epoch 44/50

Epoch 00044: saving model to models/mnist_vaestudent_e300_L2_b64/uniform-cluster_classifier_1000/cp-0044.hdf5
 - 3s - loss: 0.0521 - acc: 0.9824 - val_loss: 0.5468 - val_acc: 0.8617
Epoch 45/50

Epoch 00045: saving model to models/mnist_vaestudent_e300_L2_b64/uniform-cluster_classifier_1000/cp-0045.hdf5
 - 3s - loss: 0.0446 - acc: 0.9854 - val_loss: 0.5096 - val_acc: 0.8700
Epoch 46/50

Epoch 00046: saving model to models/mnist_vaestudent_e300_L2_b64/uniform-cluster_classifier_1000/cp-0046.hdf5
 - 3s - loss: 0.0382 - acc: 0.9883 - val_loss: 0.5818 - val_acc: 0.8586
Epoch 47/50

Epoch 00047: saving model to models/mnist_vaestudent_e300_L2_b64/uniform-cluster_classifier_1000/cp-0047.hdf5
 - 3s - loss: 0.0337 - acc: 0.9883 - val_loss: 0.5025 - val_acc: 0.8744
Epoch 48/50

Epoch 00048: saving model to models/mnist_vaestudent_e300_L2_b64/uniform-cluster_classifier_1000/cp-0048.hdf5
 - 3s - loss: 0.0394 - acc: 0.9932 - val_loss: 0.5219 - val_acc: 0.8711
Epoch 49/50

Epoch 00049: saving model to models/mnist_vaestudent_e300_L2_b64/uniform-cluster_classifier_1000/cp-0049.hdf5
 - 3s - loss: 0.0336 - acc: 0.9941 - val_loss: 0.5427 - val_acc: 0.8681
Epoch 50/50

Epoch 00050: saving model to models/mnist_vaestudent_e300_L2_b64/uniform-cluster_classifier_1000/cp-0050.hdf5
 - 3s - loss: 0.0244 - acc: 0.9941 - val_loss: 0.5261 - val_acc: 0.8719
Epoch 1/50

Epoch 00001: saving model to models/mnist_vaestudent_e300_L2_b64/normal-cluster_classifier_1000/cp-0001.hdf5
 - 6s - loss: 2.2993 - acc: 0.1504 - val_loss: 2.2989 - val_acc: 0.1032
Epoch 2/50

Epoch 00002: saving model to models/mnist_vaestudent_e300_L2_b64/normal-cluster_classifier_1000/cp-0002.hdf5
 - 3s - loss: 2.2827 - acc: 0.1484 - val_loss: 2.2936 - val_acc: 0.1030
Epoch 3/50

Epoch 00003: saving model to models/mnist_vaestudent_e300_L2_b64/normal-cluster_classifier_1000/cp-0003.hdf5
 - 3s - loss: 2.2273 - acc: 0.1816 - val_loss: 2.3135 - val_acc: 0.1588
Epoch 4/50

Epoch 00004: saving model to models/mnist_vaestudent_e300_L2_b64/normal-cluster_classifier_1000/cp-0004.hdf5
 - 3s - loss: 2.1631 - acc: 0.2354 - val_loss: 2.2763 - val_acc: 0.1404
Epoch 5/50

Epoch 00005: saving model to models/mnist_vaestudent_e300_L2_b64/normal-cluster_classifier_1000/cp-0005.hdf5
 - 3s - loss: 2.0364 - acc: 0.3154 - val_loss: 2.0353 - val_acc: 0.2342
Epoch 6/50

Epoch 00006: saving model to models/mnist_vaestudent_e300_L2_b64/normal-cluster_classifier_1000/cp-0006.hdf5
 - 3s - loss: 1.7007 - acc: 0.4277 - val_loss: 1.5277 - val_acc: 0.4790
Epoch 7/50

Epoch 00007: saving model to models/mnist_vaestudent_e300_L2_b64/normal-cluster_classifier_1000/cp-0007.hdf5
 - 3s - loss: 1.4123 - acc: 0.5371 - val_loss: 1.4652 - val_acc: 0.4102
Epoch 8/50

Epoch 00008: saving model to models/mnist_vaestudent_e300_L2_b64/normal-cluster_classifier_1000/cp-0008.hdf5
 - 3s - loss: 1.2248 - acc: 0.5840 - val_loss: 1.1594 - val_acc: 0.5739
Epoch 9/50

Epoch 00009: saving model to models/mnist_vaestudent_e300_L2_b64/normal-cluster_classifier_1000/cp-0009.hdf5
 - 3s - loss: 1.0300 - acc: 0.6504 - val_loss: 0.7277 - val_acc: 0.7619
Epoch 10/50

Epoch 00010: saving model to models/mnist_vaestudent_e300_L2_b64/normal-cluster_classifier_1000/cp-0010.hdf5
 - 3s - loss: 0.9209 - acc: 0.6924 - val_loss: 0.7102 - val_acc: 0.7764
Epoch 11/50

Epoch 00011: saving model to models/mnist_vaestudent_e300_L2_b64/normal-cluster_classifier_1000/cp-0011.hdf5
 - 3s - loss: 0.8149 - acc: 0.7246 - val_loss: 0.6235 - val_acc: 0.7954
Epoch 12/50

Epoch 00012: saving model to models/mnist_vaestudent_e300_L2_b64/normal-cluster_classifier_1000/cp-0012.hdf5
 - 3s - loss: 0.7002 - acc: 0.7539 - val_loss: 0.6374 - val_acc: 0.7771
Epoch 13/50

Epoch 00013: saving model to models/mnist_vaestudent_e300_L2_b64/normal-cluster_classifier_1000/cp-0013.hdf5
 - 3s - loss: 0.6485 - acc: 0.7803 - val_loss: 0.4544 - val_acc: 0.8583
Epoch 14/50

Epoch 00014: saving model to models/mnist_vaestudent_e300_L2_b64/normal-cluster_classifier_1000/cp-0014.hdf5
 - 3s - loss: 0.5814 - acc: 0.7920 - val_loss: 0.4071 - val_acc: 0.8729
Epoch 15/50

Epoch 00015: saving model to models/mnist_vaestudent_e300_L2_b64/normal-cluster_classifier_1000/cp-0015.hdf5
 - 3s - loss: 0.4544 - acc: 0.8447 - val_loss: 0.4537 - val_acc: 0.8622
Epoch 16/50

Epoch 00016: saving model to models/mnist_vaestudent_e300_L2_b64/normal-cluster_classifier_1000/cp-0016.hdf5
 - 3s - loss: 0.4326 - acc: 0.8701 - val_loss: 0.4134 - val_acc: 0.8681
Epoch 17/50

Epoch 00017: saving model to models/mnist_vaestudent_e300_L2_b64/normal-cluster_classifier_1000/cp-0017.hdf5
 - 3s - loss: 0.4048 - acc: 0.8789 - val_loss: 0.3633 - val_acc: 0.8853
Epoch 18/50

Epoch 00018: saving model to models/mnist_vaestudent_e300_L2_b64/normal-cluster_classifier_1000/cp-0018.hdf5
 - 3s - loss: 0.3606 - acc: 0.8740 - val_loss: 0.3641 - val_acc: 0.8867
Epoch 19/50

Epoch 00019: saving model to models/mnist_vaestudent_e300_L2_b64/normal-cluster_classifier_1000/cp-0019.hdf5
 - 3s - loss: 0.3076 - acc: 0.9033 - val_loss: 0.3367 - val_acc: 0.8940
Epoch 20/50

Epoch 00020: saving model to models/mnist_vaestudent_e300_L2_b64/normal-cluster_classifier_1000/cp-0020.hdf5
 - 3s - loss: 0.2870 - acc: 0.9170 - val_loss: 0.3319 - val_acc: 0.8953
Epoch 21/50

Epoch 00021: saving model to models/mnist_vaestudent_e300_L2_b64/normal-cluster_classifier_1000/cp-0021.hdf5
 - 3s - loss: 0.2838 - acc: 0.9072 - val_loss: 0.3290 - val_acc: 0.8968
Epoch 22/50

Epoch 00022: saving model to models/mnist_vaestudent_e300_L2_b64/normal-cluster_classifier_1000/cp-0022.hdf5
 - 3s - loss: 0.2570 - acc: 0.9180 - val_loss: 0.3320 - val_acc: 0.9016
Epoch 23/50

Epoch 00023: saving model to models/mnist_vaestudent_e300_L2_b64/normal-cluster_classifier_1000/cp-0023.hdf5
 - 3s - loss: 0.1812 - acc: 0.9512 - val_loss: 0.3172 - val_acc: 0.9034
Epoch 24/50

Epoch 00024: saving model to models/mnist_vaestudent_e300_L2_b64/normal-cluster_classifier_1000/cp-0024.hdf5
 - 3s - loss: 0.2113 - acc: 0.9307 - val_loss: 0.3423 - val_acc: 0.8958
Epoch 25/50

Epoch 00025: saving model to models/mnist_vaestudent_e300_L2_b64/normal-cluster_classifier_1000/cp-0025.hdf5
 - 3s - loss: 0.1572 - acc: 0.9512 - val_loss: 0.3227 - val_acc: 0.9047
Epoch 26/50

Epoch 00026: saving model to models/mnist_vaestudent_e300_L2_b64/normal-cluster_classifier_1000/cp-0026.hdf5
 - 3s - loss: 0.1730 - acc: 0.9502 - val_loss: 0.3515 - val_acc: 0.8995
Epoch 27/50

Epoch 00027: saving model to models/mnist_vaestudent_e300_L2_b64/normal-cluster_classifier_1000/cp-0027.hdf5
 - 3s - loss: 0.1498 - acc: 0.9404 - val_loss: 0.3473 - val_acc: 0.9015
Epoch 28/50

Epoch 00028: saving model to models/mnist_vaestudent_e300_L2_b64/normal-cluster_classifier_1000/cp-0028.hdf5
 - 3s - loss: 0.1307 - acc: 0.9531 - val_loss: 0.3430 - val_acc: 0.9039
Epoch 29/50

Epoch 00029: saving model to models/mnist_vaestudent_e300_L2_b64/normal-cluster_classifier_1000/cp-0029.hdf5
 - 3s - loss: 0.1243 - acc: 0.9590 - val_loss: 0.3220 - val_acc: 0.9116
Epoch 30/50

Epoch 00030: saving model to models/mnist_vaestudent_e300_L2_b64/normal-cluster_classifier_1000/cp-0030.hdf5
 - 3s - loss: 0.1139 - acc: 0.9668 - val_loss: 0.3267 - val_acc: 0.9108
Epoch 31/50

Epoch 00031: saving model to models/mnist_vaestudent_e300_L2_b64/normal-cluster_classifier_1000/cp-0031.hdf5
 - 3s - loss: 0.1125 - acc: 0.9648 - val_loss: 0.3285 - val_acc: 0.9120
Epoch 32/50

Epoch 00032: saving model to models/mnist_vaestudent_e300_L2_b64/normal-cluster_classifier_1000/cp-0032.hdf5
 - 3s - loss: 0.0769 - acc: 0.9736 - val_loss: 0.3235 - val_acc: 0.9136
Epoch 33/50

Epoch 00033: saving model to models/mnist_vaestudent_e300_L2_b64/normal-cluster_classifier_1000/cp-0033.hdf5
 - 3s - loss: 0.0809 - acc: 0.9707 - val_loss: 0.3667 - val_acc: 0.9055
Epoch 34/50

Epoch 00034: saving model to models/mnist_vaestudent_e300_L2_b64/normal-cluster_classifier_1000/cp-0034.hdf5
 - 3s - loss: 0.1027 - acc: 0.9629 - val_loss: 0.3437 - val_acc: 0.9097
Epoch 35/50

Epoch 00035: saving model to models/mnist_vaestudent_e300_L2_b64/normal-cluster_classifier_1000/cp-0035.hdf5
 - 3s - loss: 0.0771 - acc: 0.9746 - val_loss: 0.3669 - val_acc: 0.9068
Epoch 36/50

Epoch 00036: saving model to models/mnist_vaestudent_e300_L2_b64/normal-cluster_classifier_1000/cp-0036.hdf5
 - 3s - loss: 0.0732 - acc: 0.9766 - val_loss: 0.3508 - val_acc: 0.9104
Epoch 37/50

Epoch 00037: saving model to models/mnist_vaestudent_e300_L2_b64/normal-cluster_classifier_1000/cp-0037.hdf5
 - 3s - loss: 0.0704 - acc: 0.9785 - val_loss: 0.3673 - val_acc: 0.9084
Epoch 38/50

Epoch 00038: saving model to models/mnist_vaestudent_e300_L2_b64/normal-cluster_classifier_1000/cp-0038.hdf5
 - 3s - loss: 0.0693 - acc: 0.9775 - val_loss: 0.3598 - val_acc: 0.9111
Epoch 39/50

Epoch 00039: saving model to models/mnist_vaestudent_e300_L2_b64/normal-cluster_classifier_1000/cp-0039.hdf5
 - 3s - loss: 0.0651 - acc: 0.9805 - val_loss: 0.3720 - val_acc: 0.9077
Epoch 40/50

Epoch 00040: saving model to models/mnist_vaestudent_e300_L2_b64/normal-cluster_classifier_1000/cp-0040.hdf5
 - 3s - loss: 0.0599 - acc: 0.9775 - val_loss: 0.3598 - val_acc: 0.9123
Epoch 41/50

Epoch 00041: saving model to models/mnist_vaestudent_e300_L2_b64/normal-cluster_classifier_1000/cp-0041.hdf5
 - 3s - loss: 0.0575 - acc: 0.9863 - val_loss: 0.3642 - val_acc: 0.9120
Epoch 42/50

Epoch 00042: saving model to models/mnist_vaestudent_e300_L2_b64/normal-cluster_classifier_1000/cp-0042.hdf5
 - 3s - loss: 0.0534 - acc: 0.9805 - val_loss: 0.3740 - val_acc: 0.9086
Epoch 43/50

Epoch 00043: saving model to models/mnist_vaestudent_e300_L2_b64/normal-cluster_classifier_1000/cp-0043.hdf5
 - 3s - loss: 0.0410 - acc: 0.9883 - val_loss: 0.3930 - val_acc: 0.9081
Epoch 44/50

Epoch 00044: saving model to models/mnist_vaestudent_e300_L2_b64/normal-cluster_classifier_1000/cp-0044.hdf5
 - 3s - loss: 0.0500 - acc: 0.9863 - val_loss: 0.3939 - val_acc: 0.9075
Epoch 45/50

Epoch 00045: saving model to models/mnist_vaestudent_e300_L2_b64/normal-cluster_classifier_1000/cp-0045.hdf5
 - 3s - loss: 0.0367 - acc: 0.9883 - val_loss: 0.3894 - val_acc: 0.9109
Epoch 46/50

Epoch 00046: saving model to models/mnist_vaestudent_e300_L2_b64/normal-cluster_classifier_1000/cp-0046.hdf5
 - 3s - loss: 0.0358 - acc: 0.9893 - val_loss: 0.3825 - val_acc: 0.9110
Epoch 47/50

Epoch 00047: saving model to models/mnist_vaestudent_e300_L2_b64/normal-cluster_classifier_1000/cp-0047.hdf5
 - 3s - loss: 0.0458 - acc: 0.9824 - val_loss: 0.3856 - val_acc: 0.9119
Epoch 48/50

Epoch 00048: saving model to models/mnist_vaestudent_e300_L2_b64/normal-cluster_classifier_1000/cp-0048.hdf5
 - 3s - loss: 0.0371 - acc: 0.9854 - val_loss: 0.3910 - val_acc: 0.9106
Epoch 49/50

Epoch 00049: saving model to models/mnist_vaestudent_e300_L2_b64/normal-cluster_classifier_1000/cp-0049.hdf5
 - 3s - loss: 0.0375 - acc: 0.9883 - val_loss: 0.3870 - val_acc: 0.9113
Epoch 50/50

Epoch 00050: saving model to models/mnist_vaestudent_e300_L2_b64/normal-cluster_classifier_1000/cp-0050.hdf5
 - 3s - loss: 0.0310 - acc: 0.9912 - val_loss: 0.4002 - val_acc: 0.9112
Epoch 1/50

Epoch 00001: saving model to models/mnist_vaestudent_e300_L2_b64/multi-normal-cluster_classifier_1000/cp-0001.hdf5
 - 6s - loss: 2.3012 - acc: 0.1035 - val_loss: 2.2981 - val_acc: 0.1313
Epoch 2/50

Epoch 00002: saving model to models/mnist_vaestudent_e300_L2_b64/multi-normal-cluster_classifier_1000/cp-0002.hdf5
 - 3s - loss: 2.2954 - acc: 0.1689 - val_loss: 2.2923 - val_acc: 0.2697
Epoch 3/50

Epoch 00003: saving model to models/mnist_vaestudent_e300_L2_b64/multi-normal-cluster_classifier_1000/cp-0003.hdf5
 - 3s - loss: 2.2883 - acc: 0.2256 - val_loss: 2.2807 - val_acc: 0.2778
Epoch 4/50

Epoch 00004: saving model to models/mnist_vaestudent_e300_L2_b64/multi-normal-cluster_classifier_1000/cp-0004.hdf5
 - 3s - loss: 2.2634 - acc: 0.2881 - val_loss: 2.2438 - val_acc: 0.2668
Epoch 5/50

Epoch 00005: saving model to models/mnist_vaestudent_e300_L2_b64/multi-normal-cluster_classifier_1000/cp-0005.hdf5
 - 3s - loss: 2.1853 - acc: 0.2949 - val_loss: 2.0600 - val_acc: 0.3998
Epoch 6/50

Epoch 00006: saving model to models/mnist_vaestudent_e300_L2_b64/multi-normal-cluster_classifier_1000/cp-0006.hdf5
 - 3s - loss: 1.7890 - acc: 0.4434 - val_loss: 1.5109 - val_acc: 0.4300
Epoch 7/50

Epoch 00007: saving model to models/mnist_vaestudent_e300_L2_b64/multi-normal-cluster_classifier_1000/cp-0007.hdf5
 - 3s - loss: 1.3216 - acc: 0.5576 - val_loss: 0.8694 - val_acc: 0.7314
Epoch 8/50

Epoch 00008: saving model to models/mnist_vaestudent_e300_L2_b64/multi-normal-cluster_classifier_1000/cp-0008.hdf5
 - 3s - loss: 1.0468 - acc: 0.6377 - val_loss: 0.8289 - val_acc: 0.7150
Epoch 9/50

Epoch 00009: saving model to models/mnist_vaestudent_e300_L2_b64/multi-normal-cluster_classifier_1000/cp-0009.hdf5
 - 3s - loss: 0.8819 - acc: 0.6982 - val_loss: 0.8354 - val_acc: 0.6921
Epoch 10/50

Epoch 00010: saving model to models/mnist_vaestudent_e300_L2_b64/multi-normal-cluster_classifier_1000/cp-0010.hdf5
 - 3s - loss: 0.7841 - acc: 0.7217 - val_loss: 0.5489 - val_acc: 0.8269
Epoch 11/50

Epoch 00011: saving model to models/mnist_vaestudent_e300_L2_b64/multi-normal-cluster_classifier_1000/cp-0011.hdf5
 - 3s - loss: 0.6944 - acc: 0.7666 - val_loss: 0.4472 - val_acc: 0.8649
Epoch 12/50

Epoch 00012: saving model to models/mnist_vaestudent_e300_L2_b64/multi-normal-cluster_classifier_1000/cp-0012.hdf5
 - 3s - loss: 0.5784 - acc: 0.8135 - val_loss: 0.4365 - val_acc: 0.8614
Epoch 13/50

Epoch 00013: saving model to models/mnist_vaestudent_e300_L2_b64/multi-normal-cluster_classifier_1000/cp-0013.hdf5
 - 3s - loss: 0.5787 - acc: 0.7900 - val_loss: 0.3705 - val_acc: 0.8853
Epoch 14/50

Epoch 00014: saving model to models/mnist_vaestudent_e300_L2_b64/multi-normal-cluster_classifier_1000/cp-0014.hdf5
 - 3s - loss: 0.4672 - acc: 0.8408 - val_loss: 0.3825 - val_acc: 0.8831
Epoch 15/50

Epoch 00015: saving model to models/mnist_vaestudent_e300_L2_b64/multi-normal-cluster_classifier_1000/cp-0015.hdf5
 - 3s - loss: 0.4298 - acc: 0.8584 - val_loss: 0.3448 - val_acc: 0.8968
Epoch 16/50

Epoch 00016: saving model to models/mnist_vaestudent_e300_L2_b64/multi-normal-cluster_classifier_1000/cp-0016.hdf5
 - 3s - loss: 0.4051 - acc: 0.8594 - val_loss: 0.3000 - val_acc: 0.9081
Epoch 17/50

Epoch 00017: saving model to models/mnist_vaestudent_e300_L2_b64/multi-normal-cluster_classifier_1000/cp-0017.hdf5
 - 3s - loss: 0.3623 - acc: 0.8711 - val_loss: 0.2973 - val_acc: 0.9087
Epoch 18/50

Epoch 00018: saving model to models/mnist_vaestudent_e300_L2_b64/multi-normal-cluster_classifier_1000/cp-0018.hdf5
 - 3s - loss: 0.3113 - acc: 0.8955 - val_loss: 0.2701 - val_acc: 0.9184
Epoch 19/50

Epoch 00019: saving model to models/mnist_vaestudent_e300_L2_b64/multi-normal-cluster_classifier_1000/cp-0019.hdf5
 - 3s - loss: 0.2819 - acc: 0.9121 - val_loss: 0.2679 - val_acc: 0.9179
Epoch 20/50

Epoch 00020: saving model to models/mnist_vaestudent_e300_L2_b64/multi-normal-cluster_classifier_1000/cp-0020.hdf5
 - 3s - loss: 0.2758 - acc: 0.9014 - val_loss: 0.3058 - val_acc: 0.9082
Epoch 21/50

Epoch 00021: saving model to models/mnist_vaestudent_e300_L2_b64/multi-normal-cluster_classifier_1000/cp-0021.hdf5
 - 3s - loss: 0.2400 - acc: 0.9238 - val_loss: 0.2525 - val_acc: 0.9187
Epoch 22/50

Epoch 00022: saving model to models/mnist_vaestudent_e300_L2_b64/multi-normal-cluster_classifier_1000/cp-0022.hdf5
 - 3s - loss: 0.2470 - acc: 0.9072 - val_loss: 0.2801 - val_acc: 0.9139
Epoch 23/50

Epoch 00023: saving model to models/mnist_vaestudent_e300_L2_b64/multi-normal-cluster_classifier_1000/cp-0023.hdf5
 - 3s - loss: 0.2113 - acc: 0.9316 - val_loss: 0.2486 - val_acc: 0.9241
Epoch 24/50

Epoch 00024: saving model to models/mnist_vaestudent_e300_L2_b64/multi-normal-cluster_classifier_1000/cp-0024.hdf5
 - 3s - loss: 0.1897 - acc: 0.9336 - val_loss: 0.2313 - val_acc: 0.9298
Epoch 25/50

Epoch 00025: saving model to models/mnist_vaestudent_e300_L2_b64/multi-normal-cluster_classifier_1000/cp-0025.hdf5
 - 3s - loss: 0.1746 - acc: 0.9355 - val_loss: 0.2293 - val_acc: 0.9311
Epoch 26/50

Epoch 00026: saving model to models/mnist_vaestudent_e300_L2_b64/multi-normal-cluster_classifier_1000/cp-0026.hdf5
 - 3s - loss: 0.1556 - acc: 0.9531 - val_loss: 0.2481 - val_acc: 0.9261
Epoch 27/50

Epoch 00027: saving model to models/mnist_vaestudent_e300_L2_b64/multi-normal-cluster_classifier_1000/cp-0027.hdf5
 - 3s - loss: 0.1475 - acc: 0.9492 - val_loss: 0.2320 - val_acc: 0.9346
Epoch 28/50

Epoch 00028: saving model to models/mnist_vaestudent_e300_L2_b64/multi-normal-cluster_classifier_1000/cp-0028.hdf5
 - 3s - loss: 0.1333 - acc: 0.9561 - val_loss: 0.2361 - val_acc: 0.9323
Epoch 29/50

Epoch 00029: saving model to models/mnist_vaestudent_e300_L2_b64/multi-normal-cluster_classifier_1000/cp-0029.hdf5
 - 3s - loss: 0.1164 - acc: 0.9619 - val_loss: 0.2360 - val_acc: 0.9312
Epoch 30/50

Epoch 00030: saving model to models/mnist_vaestudent_e300_L2_b64/multi-normal-cluster_classifier_1000/cp-0030.hdf5
 - 3s - loss: 0.1252 - acc: 0.9609 - val_loss: 0.2617 - val_acc: 0.9261
Epoch 31/50

Epoch 00031: saving model to models/mnist_vaestudent_e300_L2_b64/multi-normal-cluster_classifier_1000/cp-0031.hdf5
 - 3s - loss: 0.1005 - acc: 0.9658 - val_loss: 0.2259 - val_acc: 0.9367
Epoch 32/50

Epoch 00032: saving model to models/mnist_vaestudent_e300_L2_b64/multi-normal-cluster_classifier_1000/cp-0032.hdf5
 - 3s - loss: 0.1081 - acc: 0.9648 - val_loss: 0.2252 - val_acc: 0.9392
Epoch 33/50

Epoch 00033: saving model to models/mnist_vaestudent_e300_L2_b64/multi-normal-cluster_classifier_1000/cp-0033.hdf5
 - 3s - loss: 0.0985 - acc: 0.9658 - val_loss: 0.2451 - val_acc: 0.9316
Epoch 34/50

Epoch 00034: saving model to models/mnist_vaestudent_e300_L2_b64/multi-normal-cluster_classifier_1000/cp-0034.hdf5
 - 3s - loss: 0.0899 - acc: 0.9678 - val_loss: 0.2740 - val_acc: 0.9276
Epoch 35/50

Epoch 00035: saving model to models/mnist_vaestudent_e300_L2_b64/multi-normal-cluster_classifier_1000/cp-0035.hdf5
 - 3s - loss: 0.0889 - acc: 0.9600 - val_loss: 0.2332 - val_acc: 0.9383
Epoch 36/50

Epoch 00036: saving model to models/mnist_vaestudent_e300_L2_b64/multi-normal-cluster_classifier_1000/cp-0036.hdf5
 - 3s - loss: 0.0662 - acc: 0.9805 - val_loss: 0.2385 - val_acc: 0.9382
Epoch 37/50

Epoch 00037: saving model to models/mnist_vaestudent_e300_L2_b64/multi-normal-cluster_classifier_1000/cp-0037.hdf5
 - 3s - loss: 0.0665 - acc: 0.9805 - val_loss: 0.2300 - val_acc: 0.9392
Epoch 38/50

Epoch 00038: saving model to models/mnist_vaestudent_e300_L2_b64/multi-normal-cluster_classifier_1000/cp-0038.hdf5
 - 3s - loss: 0.0872 - acc: 0.9717 - val_loss: 0.2250 - val_acc: 0.9400
Epoch 39/50

Epoch 00039: saving model to models/mnist_vaestudent_e300_L2_b64/multi-normal-cluster_classifier_1000/cp-0039.hdf5
 - 3s - loss: 0.0564 - acc: 0.9844 - val_loss: 0.2246 - val_acc: 0.9415
Epoch 40/50

Epoch 00040: saving model to models/mnist_vaestudent_e300_L2_b64/multi-normal-cluster_classifier_1000/cp-0040.hdf5
 - 3s - loss: 0.0642 - acc: 0.9795 - val_loss: 0.2420 - val_acc: 0.9359
Epoch 41/50

Epoch 00041: saving model to models/mnist_vaestudent_e300_L2_b64/multi-normal-cluster_classifier_1000/cp-0041.hdf5
 - 3s - loss: 0.0717 - acc: 0.9727 - val_loss: 0.2339 - val_acc: 0.9407
Epoch 42/50

Epoch 00042: saving model to models/mnist_vaestudent_e300_L2_b64/multi-normal-cluster_classifier_1000/cp-0042.hdf5
 - 3s - loss: 0.0656 - acc: 0.9805 - val_loss: 0.2280 - val_acc: 0.9420
Epoch 43/50

Epoch 00043: saving model to models/mnist_vaestudent_e300_L2_b64/multi-normal-cluster_classifier_1000/cp-0043.hdf5
 - 3s - loss: 0.0721 - acc: 0.9785 - val_loss: 0.2284 - val_acc: 0.9414
Epoch 44/50

Epoch 00044: saving model to models/mnist_vaestudent_e300_L2_b64/multi-normal-cluster_classifier_1000/cp-0044.hdf5
 - 3s - loss: 0.0539 - acc: 0.9844 - val_loss: 0.2484 - val_acc: 0.9375
Epoch 45/50

Epoch 00045: saving model to models/mnist_vaestudent_e300_L2_b64/multi-normal-cluster_classifier_1000/cp-0045.hdf5
 - 3s - loss: 0.0436 - acc: 0.9854 - val_loss: 0.2552 - val_acc: 0.9387
Epoch 46/50

Epoch 00046: saving model to models/mnist_vaestudent_e300_L2_b64/multi-normal-cluster_classifier_1000/cp-0046.hdf5
 - 3s - loss: 0.0490 - acc: 0.9854 - val_loss: 0.2501 - val_acc: 0.9389
Epoch 47/50

Epoch 00047: saving model to models/mnist_vaestudent_e300_L2_b64/multi-normal-cluster_classifier_1000/cp-0047.hdf5
 - 3s - loss: 0.0510 - acc: 0.9854 - val_loss: 0.2312 - val_acc: 0.9439
Epoch 48/50

Epoch 00048: saving model to models/mnist_vaestudent_e300_L2_b64/multi-normal-cluster_classifier_1000/cp-0048.hdf5
 - 3s - loss: 0.0581 - acc: 0.9883 - val_loss: 0.2352 - val_acc: 0.9433
Epoch 49/50

Epoch 00049: saving model to models/mnist_vaestudent_e300_L2_b64/multi-normal-cluster_classifier_1000/cp-0049.hdf5
 - 3s - loss: 0.0377 - acc: 0.9863 - val_loss: 0.2508 - val_acc: 0.9375
Epoch 50/50

Epoch 00050: saving model to models/mnist_vaestudent_e300_L2_b64/multi-normal-cluster_classifier_1000/cp-0050.hdf5
 - 3s - loss: 0.0457 - acc: 0.9824 - val_loss: 0.2482 - val_acc: 0.9401
Epoch 1/50

Epoch 00001: saving model to models/mnist_vaestudent_e300_L2_b64/error_classifier_1000/cp-0001.hdf5
 - 5s - loss: 2.3015 - acc: 0.0957 - val_loss: 2.3003 - val_acc: 0.1357
Epoch 2/50

Epoch 00002: saving model to models/mnist_vaestudent_e300_L2_b64/error_classifier_1000/cp-0002.hdf5
 - 3s - loss: 2.2979 - acc: 0.1455 - val_loss: 2.2968 - val_acc: 0.1149
Epoch 3/50

Epoch 00003: saving model to models/mnist_vaestudent_e300_L2_b64/error_classifier_1000/cp-0003.hdf5
 - 3s - loss: 2.2932 - acc: 0.1318 - val_loss: 2.2910 - val_acc: 0.1201
Epoch 4/50

Epoch 00004: saving model to models/mnist_vaestudent_e300_L2_b64/error_classifier_1000/cp-0004.hdf5
 - 3s - loss: 2.2814 - acc: 0.1396 - val_loss: 2.2773 - val_acc: 0.1226
Epoch 5/50

Epoch 00005: saving model to models/mnist_vaestudent_e300_L2_b64/error_classifier_1000/cp-0005.hdf5
 - 3s - loss: 2.2610 - acc: 0.1221 - val_loss: 2.2389 - val_acc: 0.1361
Epoch 6/50

Epoch 00006: saving model to models/mnist_vaestudent_e300_L2_b64/error_classifier_1000/cp-0006.hdf5
 - 3s - loss: 2.1816 - acc: 0.1787 - val_loss: 2.0402 - val_acc: 0.2960
Epoch 7/50

Epoch 00007: saving model to models/mnist_vaestudent_e300_L2_b64/error_classifier_1000/cp-0007.hdf5
 - 3s - loss: 1.7706 - acc: 0.4512 - val_loss: 1.2577 - val_acc: 0.6699
Epoch 8/50

Epoch 00008: saving model to models/mnist_vaestudent_e300_L2_b64/error_classifier_1000/cp-0008.hdf5
 - 3s - loss: 1.1708 - acc: 0.6289 - val_loss: 0.7684 - val_acc: 0.7621
Epoch 9/50

Epoch 00009: saving model to models/mnist_vaestudent_e300_L2_b64/error_classifier_1000/cp-0009.hdf5
 - 3s - loss: 0.8292 - acc: 0.7275 - val_loss: 0.6888 - val_acc: 0.7728
Epoch 10/50

Epoch 00010: saving model to models/mnist_vaestudent_e300_L2_b64/error_classifier_1000/cp-0010.hdf5
 - 3s - loss: 0.6954 - acc: 0.7881 - val_loss: 0.4887 - val_acc: 0.8507
Epoch 11/50

Epoch 00011: saving model to models/mnist_vaestudent_e300_L2_b64/error_classifier_1000/cp-0011.hdf5
 - 3s - loss: 0.6075 - acc: 0.8008 - val_loss: 0.4637 - val_acc: 0.8538
Epoch 12/50

Epoch 00012: saving model to models/mnist_vaestudent_e300_L2_b64/error_classifier_1000/cp-0012.hdf5
 - 3s - loss: 0.5353 - acc: 0.8350 - val_loss: 0.4669 - val_acc: 0.8505
Epoch 13/50

Epoch 00013: saving model to models/mnist_vaestudent_e300_L2_b64/error_classifier_1000/cp-0013.hdf5
 - 3s - loss: 0.4403 - acc: 0.8730 - val_loss: 0.3870 - val_acc: 0.8825
Epoch 14/50

Epoch 00014: saving model to models/mnist_vaestudent_e300_L2_b64/error_classifier_1000/cp-0014.hdf5
 - 3s - loss: 0.3684 - acc: 0.8799 - val_loss: 0.4015 - val_acc: 0.8720
Epoch 15/50

Epoch 00015: saving model to models/mnist_vaestudent_e300_L2_b64/error_classifier_1000/cp-0015.hdf5
 - 3s - loss: 0.3834 - acc: 0.8848 - val_loss: 0.3471 - val_acc: 0.8899
Epoch 16/50

Epoch 00016: saving model to models/mnist_vaestudent_e300_L2_b64/error_classifier_1000/cp-0016.hdf5
 - 3s - loss: 0.2944 - acc: 0.9092 - val_loss: 0.3423 - val_acc: 0.8940
Epoch 17/50

Epoch 00017: saving model to models/mnist_vaestudent_e300_L2_b64/error_classifier_1000/cp-0017.hdf5
 - 3s - loss: 0.3101 - acc: 0.9004 - val_loss: 0.3112 - val_acc: 0.9068
Epoch 18/50

Epoch 00018: saving model to models/mnist_vaestudent_e300_L2_b64/error_classifier_1000/cp-0018.hdf5
 - 3s - loss: 0.2741 - acc: 0.9189 - val_loss: 0.3046 - val_acc: 0.9062
Epoch 19/50

Epoch 00019: saving model to models/mnist_vaestudent_e300_L2_b64/error_classifier_1000/cp-0019.hdf5
 - 3s - loss: 0.2596 - acc: 0.9141 - val_loss: 0.2756 - val_acc: 0.9159
Epoch 20/50

Epoch 00020: saving model to models/mnist_vaestudent_e300_L2_b64/error_classifier_1000/cp-0020.hdf5
 - 3s - loss: 0.2271 - acc: 0.9219 - val_loss: 0.2865 - val_acc: 0.9107
Epoch 21/50

Epoch 00021: saving model to models/mnist_vaestudent_e300_L2_b64/error_classifier_1000/cp-0021.hdf5
 - 3s - loss: 0.2158 - acc: 0.9268 - val_loss: 0.2753 - val_acc: 0.9176
Epoch 22/50

Epoch 00022: saving model to models/mnist_vaestudent_e300_L2_b64/error_classifier_1000/cp-0022.hdf5
 - 3s - loss: 0.1732 - acc: 0.9453 - val_loss: 0.2699 - val_acc: 0.9250
Epoch 23/50

Epoch 00023: saving model to models/mnist_vaestudent_e300_L2_b64/error_classifier_1000/cp-0023.hdf5
 - 3s - loss: 0.2039 - acc: 0.9326 - val_loss: 0.2556 - val_acc: 0.9237
Epoch 24/50

Epoch 00024: saving model to models/mnist_vaestudent_e300_L2_b64/error_classifier_1000/cp-0024.hdf5
 - 3s - loss: 0.1901 - acc: 0.9395 - val_loss: 0.2861 - val_acc: 0.9131
Epoch 25/50

Epoch 00025: saving model to models/mnist_vaestudent_e300_L2_b64/error_classifier_1000/cp-0025.hdf5
 - 3s - loss: 0.1412 - acc: 0.9521 - val_loss: 0.2474 - val_acc: 0.9242
Epoch 26/50

Epoch 00026: saving model to models/mnist_vaestudent_e300_L2_b64/error_classifier_1000/cp-0026.hdf5
 - 3s - loss: 0.1741 - acc: 0.9443 - val_loss: 0.2596 - val_acc: 0.9226
Epoch 27/50

Epoch 00027: saving model to models/mnist_vaestudent_e300_L2_b64/error_classifier_1000/cp-0027.hdf5
 - 3s - loss: 0.1451 - acc: 0.9443 - val_loss: 0.2559 - val_acc: 0.9230
Epoch 28/50

Epoch 00028: saving model to models/mnist_vaestudent_e300_L2_b64/error_classifier_1000/cp-0028.hdf5
 - 3s - loss: 0.1351 - acc: 0.9570 - val_loss: 0.2291 - val_acc: 0.9337
Epoch 29/50

Epoch 00029: saving model to models/mnist_vaestudent_e300_L2_b64/error_classifier_1000/cp-0029.hdf5
 - 3s - loss: 0.1204 - acc: 0.9629 - val_loss: 0.2863 - val_acc: 0.9104
Epoch 30/50

Epoch 00030: saving model to models/mnist_vaestudent_e300_L2_b64/error_classifier_1000/cp-0030.hdf5
 - 3s - loss: 0.1137 - acc: 0.9609 - val_loss: 0.2276 - val_acc: 0.9337
Epoch 31/50

Epoch 00031: saving model to models/mnist_vaestudent_e300_L2_b64/error_classifier_1000/cp-0031.hdf5
 - 3s - loss: 0.1109 - acc: 0.9648 - val_loss: 0.2301 - val_acc: 0.9311
Epoch 32/50

Epoch 00032: saving model to models/mnist_vaestudent_e300_L2_b64/error_classifier_1000/cp-0032.hdf5
 - 3s - loss: 0.1132 - acc: 0.9609 - val_loss: 0.2475 - val_acc: 0.9293
Epoch 33/50

Epoch 00033: saving model to models/mnist_vaestudent_e300_L2_b64/error_classifier_1000/cp-0033.hdf5
 - 3s - loss: 0.1014 - acc: 0.9678 - val_loss: 0.2356 - val_acc: 0.9356
Epoch 34/50

Epoch 00034: saving model to models/mnist_vaestudent_e300_L2_b64/error_classifier_1000/cp-0034.hdf5
 - 3s - loss: 0.0945 - acc: 0.9648 - val_loss: 0.2311 - val_acc: 0.9355
Epoch 35/50

Epoch 00035: saving model to models/mnist_vaestudent_e300_L2_b64/error_classifier_1000/cp-0035.hdf5
 - 3s - loss: 0.0851 - acc: 0.9668 - val_loss: 0.2459 - val_acc: 0.9305
Epoch 36/50

Epoch 00036: saving model to models/mnist_vaestudent_e300_L2_b64/error_classifier_1000/cp-0036.hdf5
 - 3s - loss: 0.0759 - acc: 0.9775 - val_loss: 0.2527 - val_acc: 0.9283
Epoch 37/50

Epoch 00037: saving model to models/mnist_vaestudent_e300_L2_b64/error_classifier_1000/cp-0037.hdf5
 - 3s - loss: 0.0785 - acc: 0.9717 - val_loss: 0.2335 - val_acc: 0.9355
Epoch 38/50

Epoch 00038: saving model to models/mnist_vaestudent_e300_L2_b64/error_classifier_1000/cp-0038.hdf5
 - 3s - loss: 0.0616 - acc: 0.9814 - val_loss: 0.2381 - val_acc: 0.9340
Epoch 39/50

Epoch 00039: saving model to models/mnist_vaestudent_e300_L2_b64/error_classifier_1000/cp-0039.hdf5
 - 3s - loss: 0.0767 - acc: 0.9746 - val_loss: 0.2393 - val_acc: 0.9329
Epoch 40/50

Epoch 00040: saving model to models/mnist_vaestudent_e300_L2_b64/error_classifier_1000/cp-0040.hdf5
 - 3s - loss: 0.0727 - acc: 0.9785 - val_loss: 0.2410 - val_acc: 0.9333
Epoch 41/50

Epoch 00041: saving model to models/mnist_vaestudent_e300_L2_b64/error_classifier_1000/cp-0041.hdf5
 - 3s - loss: 0.0528 - acc: 0.9863 - val_loss: 0.2594 - val_acc: 0.9293
Epoch 42/50

Epoch 00042: saving model to models/mnist_vaestudent_e300_L2_b64/error_classifier_1000/cp-0042.hdf5
 - 3s - loss: 0.0531 - acc: 0.9854 - val_loss: 0.2445 - val_acc: 0.9343
Epoch 43/50

Epoch 00043: saving model to models/mnist_vaestudent_e300_L2_b64/error_classifier_1000/cp-0043.hdf5
 - 3s - loss: 0.0533 - acc: 0.9863 - val_loss: 0.2442 - val_acc: 0.9347
Epoch 44/50

Epoch 00044: saving model to models/mnist_vaestudent_e300_L2_b64/error_classifier_1000/cp-0044.hdf5
 - 3s - loss: 0.0487 - acc: 0.9824 - val_loss: 0.2496 - val_acc: 0.9343
Epoch 45/50

Epoch 00045: saving model to models/mnist_vaestudent_e300_L2_b64/error_classifier_1000/cp-0045.hdf5
 - 3s - loss: 0.0549 - acc: 0.9756 - val_loss: 0.2367 - val_acc: 0.9377
Epoch 46/50

Epoch 00046: saving model to models/mnist_vaestudent_e300_L2_b64/error_classifier_1000/cp-0046.hdf5
 - 3s - loss: 0.0461 - acc: 0.9834 - val_loss: 0.2499 - val_acc: 0.9325
Epoch 47/50

Epoch 00047: saving model to models/mnist_vaestudent_e300_L2_b64/error_classifier_1000/cp-0047.hdf5
 - 3s - loss: 0.0497 - acc: 0.9814 - val_loss: 0.2572 - val_acc: 0.9325
Epoch 48/50

Epoch 00048: saving model to models/mnist_vaestudent_e300_L2_b64/error_classifier_1000/cp-0048.hdf5
 - 3s - loss: 0.0580 - acc: 0.9785 - val_loss: 0.2381 - val_acc: 0.9360
Epoch 49/50

Epoch 00049: saving model to models/mnist_vaestudent_e300_L2_b64/error_classifier_1000/cp-0049.hdf5
 - 3s - loss: 0.0415 - acc: 0.9854 - val_loss: 0.2522 - val_acc: 0.9364
Epoch 50/50

Epoch 00050: saving model to models/mnist_vaestudent_e300_L2_b64/error_classifier_1000/cp-0050.hdf5
 - 3s - loss: 0.0330 - acc: 0.9902 - val_loss: 0.2555 - val_acc: 0.9352
Finished.
