INFO:latens:tensorflow 1.12.0, keras 2.1.6-tf
INFO:latens:command: encode
INFO:latens:model: model
INFO:latens:layer:(None, 28, 28, 1) -> (None, 28, 28, 1):input_2
INFO:latens:layer:(None, 28, 28, 1) -> (None, 4):sequential
INFO:latens:layer:(None, 4) -> (None, 28, 28, 1):sequential_1
2019-03-15 18:27:05.331682: I tensorflow/core/platform/cpu_feature_guard.cc:141] Your CPU supports instructions that this TensorFlow binary was not compiled to use: SSE4.1 SSE4.2 AVX AVX2 FMA
2019-03-15 18:27:05.571873: I tensorflow/core/common_runtime/gpu/gpu_device.cc:1432] Found device 0 with properties: 
name: Tesla K80 major: 3 minor: 7 memoryClockRate(GHz): 0.8235
pciBusID: 0000:08:00.0
totalMemory: 11.17GiB freeMemory: 11.10GiB
2019-03-15 18:27:05.571935: I tensorflow/core/common_runtime/gpu/gpu_device.cc:1511] Adding visible gpu devices: 0
2019-03-15 18:27:05.954778: I tensorflow/core/common_runtime/gpu/gpu_device.cc:982] Device interconnect StreamExecutor with strength 1 edge matrix:
2019-03-15 18:27:05.954827: I tensorflow/core/common_runtime/gpu/gpu_device.cc:988]      0 
2019-03-15 18:27:05.954839: I tensorflow/core/common_runtime/gpu/gpu_device.cc:1001] 0:   N 
2019-03-15 18:27:05.955132: I tensorflow/core/common_runtime/gpu/gpu_device.cc:1115] Created TensorFlow device (/job:localhost/replica:0/task:0/device:GPU:0 with 10758 MB memory) -> physical GPU (device: 0, name: Tesla K80, pci bus id: 0000:08:00.0, compute capability: 3.7)
INFO:latens:restored model from models/mnist_vaestudent_e300_L2_b64/autoencoder/cp-0300.hdf5
DEBUG:latens:encodings:
[[-0.01503209  0.0975358 ]
 [-0.32207596  0.3372645 ]
 [-0.09146373 -0.88297284]
 ...
 [-0.02746895 -0.03122979]
 [ 0.09294632 -0.26308534]
 [-0.01846873 -0.0409046 ]]
INFO:latens:saved encodings to 'models/mnist_vaestudent_e300_L2_b64/encodings.npy'
INFO:latens:tensorflow 1.12.0, keras 2.1.6-tf
INFO:latens:command: reconstruct
INFO:latens:model: model
INFO:latens:layer:(None, 28, 28, 1) -> (None, 28, 28, 1):input_2
INFO:latens:layer:(None, 28, 28, 1) -> (None, 4):sequential
INFO:latens:layer:(None, 4) -> (None, 28, 28, 1):sequential_1
2019-03-15 18:27:20.784061: I tensorflow/core/platform/cpu_feature_guard.cc:141] Your CPU supports instructions that this TensorFlow binary was not compiled to use: SSE4.1 SSE4.2 AVX AVX2 FMA
2019-03-15 18:27:21.006860: I tensorflow/core/common_runtime/gpu/gpu_device.cc:1432] Found device 0 with properties: 
name: Tesla K80 major: 3 minor: 7 memoryClockRate(GHz): 0.8235
pciBusID: 0000:08:00.0
totalMemory: 11.17GiB freeMemory: 11.10GiB
2019-03-15 18:27:21.006947: I tensorflow/core/common_runtime/gpu/gpu_device.cc:1511] Adding visible gpu devices: 0
2019-03-15 18:27:21.375167: I tensorflow/core/common_runtime/gpu/gpu_device.cc:982] Device interconnect StreamExecutor with strength 1 edge matrix:
2019-03-15 18:27:21.375204: I tensorflow/core/common_runtime/gpu/gpu_device.cc:988]      0 
2019-03-15 18:27:21.375214: I tensorflow/core/common_runtime/gpu/gpu_device.cc:1001] 0:   N 
2019-03-15 18:27:21.375525: I tensorflow/core/common_runtime/gpu/gpu_device.cc:1115] Created TensorFlow device (/job:localhost/replica:0/task:0/device:GPU:0 with 10758 MB memory) -> physical GPU (device: 0, name: Tesla K80, pci bus id: 0000:08:00.0, compute capability: 3.7)
INFO:latens:restored model from models/mnist_vaestudent_e300_L2_b64/autoencoder/cp-0300.hdf5
2019-03-15 18:27:24.457296: I tensorflow/core/common_runtime/gpu/gpu_device.cc:1511] Adding visible gpu devices: 0
2019-03-15 18:27:24.457358: I tensorflow/core/common_runtime/gpu/gpu_device.cc:982] Device interconnect StreamExecutor with strength 1 edge matrix:
2019-03-15 18:27:24.457372: I tensorflow/core/common_runtime/gpu/gpu_device.cc:988]      0 
2019-03-15 18:27:24.457380: I tensorflow/core/common_runtime/gpu/gpu_device.cc:1001] 0:   N 
2019-03-15 18:27:24.457514: I tensorflow/core/common_runtime/gpu/gpu_device.cc:1115] Created TensorFlow device (/job:localhost/replica:0/task:0/device:GPU:0 with 10758 MB memory) -> physical GPU (device: 0, name: Tesla K80, pci bus id: 0000:08:00.0, compute capability: 3.7)
INFO:latens:tensorflow 1.12.0, keras 2.1.6-tf
INFO:latens:command: sample
INFO:latens:sampling with 'random'
DEBUG:latens:sampling: (50000,), 1000
INFO:latens:writing dataset to models/mnist_vaestudent_e300_L2_b64/random_sample_1000.tfrecord...
2019-03-15 18:27:33.049898: I tensorflow/core/platform/cpu_feature_guard.cc:141] Your CPU supports instructions that this TensorFlow binary was not compiled to use: SSE4.1 SSE4.2 AVX AVX2 FMA
2019-03-15 18:27:33.257238: I tensorflow/core/common_runtime/gpu/gpu_device.cc:1432] Found device 0 with properties: 
name: Tesla K80 major: 3 minor: 7 memoryClockRate(GHz): 0.8235
pciBusID: 0000:08:00.0
totalMemory: 11.17GiB freeMemory: 11.10GiB
2019-03-15 18:27:33.257300: I tensorflow/core/common_runtime/gpu/gpu_device.cc:1511] Adding visible gpu devices: 0
2019-03-15 18:27:33.643223: I tensorflow/core/common_runtime/gpu/gpu_device.cc:982] Device interconnect StreamExecutor with strength 1 edge matrix:
2019-03-15 18:27:33.643277: I tensorflow/core/common_runtime/gpu/gpu_device.cc:988]      0 
2019-03-15 18:27:33.643290: I tensorflow/core/common_runtime/gpu/gpu_device.cc:1001] 0:   N 
2019-03-15 18:27:33.643635: I tensorflow/core/common_runtime/gpu/gpu_device.cc:1115] Created TensorFlow device (/job:localhost/replica:0/task:0/device:GPU:0 with 10758 MB memory) -> physical GPU (device: 0, name: Tesla K80, pci bus id: 0000:08:00.0, compute capability: 3.7)
INFO:latens:wrote 1000 examples
INFO:latens:tensorflow 1.12.0, keras 2.1.6-tf
INFO:latens:command: classifier
INFO:latens:model: model
INFO:latens:layer:(None, 28, 28, 1) -> (None, 28, 28, 1):input_2
INFO:latens:layer:(None, 28, 28, 1) -> (None, 4):sequential
INFO:latens:layer:(None, 4) -> (None, 28, 28, 1):sequential_1
INFO:latens:model: sequential_4
INFO:latens:layer:(None, 28, 28, 1) -> (None, 28, 28, 64):conv2d_19
INFO:latens:layer:(None, 28, 28, 64) -> (None, 28, 28, 64):conv2d_20
INFO:latens:layer:(None, 28, 28, 64) -> (None, 14, 14, 64):max_pooling2d_2
INFO:latens:layer:(None, 14, 14, 64) -> (None, 14, 14, 64):dropout_4
INFO:latens:layer:(None, 14, 14, 64) -> (None, 14, 14, 32):conv2d_21
INFO:latens:layer:(None, 14, 14, 32) -> (None, 14, 14, 32):conv2d_22
INFO:latens:layer:(None, 14, 14, 32) -> (None, 7, 7, 32):max_pooling2d_3
INFO:latens:layer:(None, 7, 7, 32) -> (None, 7, 7, 32):dropout_5
INFO:latens:layer:(None, 7, 7, 32) -> (None, 7, 7, 32):conv2d_23
INFO:latens:layer:(None, 7, 7, 32) -> (None, 7, 7, 32):conv2d_24
INFO:latens:layer:(None, 7, 7, 32) -> (None, 1568):flatten_1
INFO:latens:layer:(None, 1568) -> (None, 1024):dense_6
INFO:latens:layer:(None, 1024) -> (None, 10):dense_7
2019-03-15 18:27:44.744718: I tensorflow/core/platform/cpu_feature_guard.cc:141] Your CPU supports instructions that this TensorFlow binary was not compiled to use: SSE4.1 SSE4.2 AVX AVX2 FMA
2019-03-15 18:27:44.938772: I tensorflow/core/common_runtime/gpu/gpu_device.cc:1432] Found device 0 with properties: 
name: Tesla K80 major: 3 minor: 7 memoryClockRate(GHz): 0.8235
pciBusID: 0000:08:00.0
totalMemory: 11.17GiB freeMemory: 11.10GiB
2019-03-15 18:27:44.938829: I tensorflow/core/common_runtime/gpu/gpu_device.cc:1511] Adding visible gpu devices: 0
2019-03-15 18:27:45.292772: I tensorflow/core/common_runtime/gpu/gpu_device.cc:982] Device interconnect StreamExecutor with strength 1 edge matrix:
2019-03-15 18:27:45.292829: I tensorflow/core/common_runtime/gpu/gpu_device.cc:988]      0 
2019-03-15 18:27:45.292840: I tensorflow/core/common_runtime/gpu/gpu_device.cc:1001] 0:   N 
2019-03-15 18:27:45.293101: I tensorflow/core/common_runtime/gpu/gpu_device.cc:1115] Created TensorFlow device (/job:localhost/replica:0/task:0/device:GPU:0 with 10758 MB memory) -> physical GPU (device: 0, name: Tesla K80, pci bus id: 0000:08:00.0, compute capability: 3.7)
INFO:latens:test accuracy: 93.8%
INFO:latens:tensorflow 1.12.0, keras 2.1.6-tf
INFO:latens:command: visualize
INFO:latens:visualizing and saving
INFO:latens:Plotting encoding...
DEBUG:latens:encodings: [[-0.01503209  0.0975358 ]
 [-0.32207596  0.3372645 ]
 [-0.09146373 -0.88297284]
 ...
 [-0.02746895 -0.03122979]
 [ 0.09294632 -0.26308534]
 [-0.01846873 -0.0409046 ]]
INFO:latens:saving encodings plot to models/mnist_vaestudent_e300_L2_b64/encodings.pdf
INFO:latens:saving successful
INFO:latens:Plotting sampling...
INFO:latens:saving sampling plot to models/mnist_vaestudent_e300_L2_b64/random_sampling_1000.pdf
INFO:latens:saving successful
INFO:latens:saving distribution plot to models/mnist_vaestudent_e300_L2_b64/random_sampling_distribution_1000.pdf
INFO:latens:saving successful
INFO:latens:tensorflow 1.12.0, keras 2.1.6-tf
INFO:latens:command: sample
INFO:latens:sampling with 'normal'
DEBUG:latens:sampler: drawing 1000 points
DEBUG:latens:sampling: (50000,), 1000
INFO:latens:writing dataset to models/mnist_vaestudent_e300_L2_b64/normal_sample_1000.tfrecord...
2019-03-15 18:30:29.974511: I tensorflow/core/platform/cpu_feature_guard.cc:141] Your CPU supports instructions that this TensorFlow binary was not compiled to use: SSE4.1 SSE4.2 AVX AVX2 FMA
2019-03-15 18:30:31.028480: I tensorflow/core/common_runtime/gpu/gpu_device.cc:1432] Found device 0 with properties: 
name: Tesla K80 major: 3 minor: 7 memoryClockRate(GHz): 0.8235
pciBusID: 0000:08:00.0
totalMemory: 11.17GiB freeMemory: 11.10GiB
2019-03-15 18:30:31.028544: I tensorflow/core/common_runtime/gpu/gpu_device.cc:1511] Adding visible gpu devices: 0
2019-03-15 18:30:31.374009: I tensorflow/core/common_runtime/gpu/gpu_device.cc:982] Device interconnect StreamExecutor with strength 1 edge matrix:
2019-03-15 18:30:31.374059: I tensorflow/core/common_runtime/gpu/gpu_device.cc:988]      0 
2019-03-15 18:30:31.374071: I tensorflow/core/common_runtime/gpu/gpu_device.cc:1001] 0:   N 
2019-03-15 18:30:31.374357: I tensorflow/core/common_runtime/gpu/gpu_device.cc:1115] Created TensorFlow device (/job:localhost/replica:0/task:0/device:GPU:0 with 10758 MB memory) -> physical GPU (device: 0, name: Tesla K80, pci bus id: 0000:08:00.0, compute capability: 3.7)
INFO:latens:wrote 1000 examples
INFO:latens:tensorflow 1.12.0, keras 2.1.6-tf
INFO:latens:command: classifier
INFO:latens:model: model
INFO:latens:layer:(None, 28, 28, 1) -> (None, 28, 28, 1):input_2
INFO:latens:layer:(None, 28, 28, 1) -> (None, 4):sequential
INFO:latens:layer:(None, 4) -> (None, 28, 28, 1):sequential_1
INFO:latens:model: sequential_4
INFO:latens:layer:(None, 28, 28, 1) -> (None, 28, 28, 64):conv2d_19
INFO:latens:layer:(None, 28, 28, 64) -> (None, 28, 28, 64):conv2d_20
INFO:latens:layer:(None, 28, 28, 64) -> (None, 14, 14, 64):max_pooling2d_2
INFO:latens:layer:(None, 14, 14, 64) -> (None, 14, 14, 64):dropout_4
INFO:latens:layer:(None, 14, 14, 64) -> (None, 14, 14, 32):conv2d_21
INFO:latens:layer:(None, 14, 14, 32) -> (None, 14, 14, 32):conv2d_22
INFO:latens:layer:(None, 14, 14, 32) -> (None, 7, 7, 32):max_pooling2d_3
INFO:latens:layer:(None, 7, 7, 32) -> (None, 7, 7, 32):dropout_5
INFO:latens:layer:(None, 7, 7, 32) -> (None, 7, 7, 32):conv2d_23
INFO:latens:layer:(None, 7, 7, 32) -> (None, 7, 7, 32):conv2d_24
INFO:latens:layer:(None, 7, 7, 32) -> (None, 1568):flatten_1
INFO:latens:layer:(None, 1568) -> (None, 1024):dense_6
INFO:latens:layer:(None, 1024) -> (None, 10):dense_7
2019-03-15 18:30:40.221574: I tensorflow/core/platform/cpu_feature_guard.cc:141] Your CPU supports instructions that this TensorFlow binary was not compiled to use: SSE4.1 SSE4.2 AVX AVX2 FMA
2019-03-15 18:30:40.413533: I tensorflow/core/common_runtime/gpu/gpu_device.cc:1432] Found device 0 with properties: 
name: Tesla K80 major: 3 minor: 7 memoryClockRate(GHz): 0.8235
pciBusID: 0000:08:00.0
totalMemory: 11.17GiB freeMemory: 11.10GiB
2019-03-15 18:30:40.413601: I tensorflow/core/common_runtime/gpu/gpu_device.cc:1511] Adding visible gpu devices: 0
2019-03-15 18:30:40.747032: I tensorflow/core/common_runtime/gpu/gpu_device.cc:982] Device interconnect StreamExecutor with strength 1 edge matrix:
2019-03-15 18:30:40.747087: I tensorflow/core/common_runtime/gpu/gpu_device.cc:988]      0 
2019-03-15 18:30:40.747098: I tensorflow/core/common_runtime/gpu/gpu_device.cc:1001] 0:   N 
2019-03-15 18:30:40.747379: I tensorflow/core/common_runtime/gpu/gpu_device.cc:1115] Created TensorFlow device (/job:localhost/replica:0/task:0/device:GPU:0 with 10758 MB memory) -> physical GPU (device: 0, name: Tesla K80, pci bus id: 0000:08:00.0, compute capability: 3.7)
INFO:latens:test accuracy: 93.1%
INFO:latens:tensorflow 1.12.0, keras 2.1.6-tf
INFO:latens:command: visualize
INFO:latens:visualizing and saving
INFO:latens:Plotting encoding...
DEBUG:latens:encodings: [[-0.01503209  0.0975358 ]
 [-0.32207596  0.3372645 ]
 [-0.09146373 -0.88297284]
 ...
 [-0.02746895 -0.03122979]
 [ 0.09294632 -0.26308534]
 [-0.01846873 -0.0409046 ]]
INFO:latens:saving encodings plot to models/mnist_vaestudent_e300_L2_b64/encodings.pdf
INFO:latens:saving successful
INFO:latens:Plotting sampling...
INFO:latens:saving sampling plot to models/mnist_vaestudent_e300_L2_b64/normal_sampling_1000.pdf
INFO:latens:saving successful
INFO:latens:saving distribution plot to models/mnist_vaestudent_e300_L2_b64/normal_sampling_distribution_1000.pdf
INFO:latens:saving successful
INFO:latens:tensorflow 1.12.0, keras 2.1.6-tf
INFO:latens:command: sample
INFO:latens:sampling with 'multi-normal'
DEBUG:latens:sampler: drawing 1000 points
DEBUG:latens:sampling: (50000,), 1000
INFO:latens:writing dataset to models/mnist_vaestudent_e300_L2_b64/multi-normal_sample_1000.tfrecord...
2019-03-15 18:33:31.937405: I tensorflow/core/platform/cpu_feature_guard.cc:141] Your CPU supports instructions that this TensorFlow binary was not compiled to use: SSE4.1 SSE4.2 AVX AVX2 FMA
2019-03-15 18:33:32.336980: I tensorflow/core/common_runtime/gpu/gpu_device.cc:1432] Found device 0 with properties: 
name: Tesla K80 major: 3 minor: 7 memoryClockRate(GHz): 0.8235
pciBusID: 0000:08:00.0
totalMemory: 11.17GiB freeMemory: 11.10GiB
2019-03-15 18:33:32.337052: I tensorflow/core/common_runtime/gpu/gpu_device.cc:1511] Adding visible gpu devices: 0
2019-03-15 18:33:32.723181: I tensorflow/core/common_runtime/gpu/gpu_device.cc:982] Device interconnect StreamExecutor with strength 1 edge matrix:
2019-03-15 18:33:32.723221: I tensorflow/core/common_runtime/gpu/gpu_device.cc:988]      0 
2019-03-15 18:33:32.723234: I tensorflow/core/common_runtime/gpu/gpu_device.cc:1001] 0:   N 
2019-03-15 18:33:32.723546: I tensorflow/core/common_runtime/gpu/gpu_device.cc:1115] Created TensorFlow device (/job:localhost/replica:0/task:0/device:GPU:0 with 10758 MB memory) -> physical GPU (device: 0, name: Tesla K80, pci bus id: 0000:08:00.0, compute capability: 3.7)
INFO:latens:wrote 1000 examples
INFO:latens:tensorflow 1.12.0, keras 2.1.6-tf
INFO:latens:command: classifier
INFO:latens:model: model
INFO:latens:layer:(None, 28, 28, 1) -> (None, 28, 28, 1):input_2
INFO:latens:layer:(None, 28, 28, 1) -> (None, 4):sequential
INFO:latens:layer:(None, 4) -> (None, 28, 28, 1):sequential_1
INFO:latens:model: sequential_4
INFO:latens:layer:(None, 28, 28, 1) -> (None, 28, 28, 64):conv2d_19
INFO:latens:layer:(None, 28, 28, 64) -> (None, 28, 28, 64):conv2d_20
INFO:latens:layer:(None, 28, 28, 64) -> (None, 14, 14, 64):max_pooling2d_2
INFO:latens:layer:(None, 14, 14, 64) -> (None, 14, 14, 64):dropout_4
INFO:latens:layer:(None, 14, 14, 64) -> (None, 14, 14, 32):conv2d_21
INFO:latens:layer:(None, 14, 14, 32) -> (None, 14, 14, 32):conv2d_22
INFO:latens:layer:(None, 14, 14, 32) -> (None, 7, 7, 32):max_pooling2d_3
INFO:latens:layer:(None, 7, 7, 32) -> (None, 7, 7, 32):dropout_5
INFO:latens:layer:(None, 7, 7, 32) -> (None, 7, 7, 32):conv2d_23
INFO:latens:layer:(None, 7, 7, 32) -> (None, 7, 7, 32):conv2d_24
INFO:latens:layer:(None, 7, 7, 32) -> (None, 1568):flatten_1
INFO:latens:layer:(None, 1568) -> (None, 1024):dense_6
INFO:latens:layer:(None, 1024) -> (None, 10):dense_7
2019-03-15 18:33:45.369718: I tensorflow/core/platform/cpu_feature_guard.cc:141] Your CPU supports instructions that this TensorFlow binary was not compiled to use: SSE4.1 SSE4.2 AVX AVX2 FMA
2019-03-15 18:33:45.720840: I tensorflow/core/common_runtime/gpu/gpu_device.cc:1432] Found device 0 with properties: 
name: Tesla K80 major: 3 minor: 7 memoryClockRate(GHz): 0.8235
pciBusID: 0000:08:00.0
totalMemory: 11.17GiB freeMemory: 11.10GiB
2019-03-15 18:33:45.720913: I tensorflow/core/common_runtime/gpu/gpu_device.cc:1511] Adding visible gpu devices: 0
2019-03-15 18:33:46.055306: I tensorflow/core/common_runtime/gpu/gpu_device.cc:982] Device interconnect StreamExecutor with strength 1 edge matrix:
2019-03-15 18:33:46.055347: I tensorflow/core/common_runtime/gpu/gpu_device.cc:988]      0 
2019-03-15 18:33:46.055358: I tensorflow/core/common_runtime/gpu/gpu_device.cc:1001] 0:   N 
2019-03-15 18:33:46.055664: I tensorflow/core/common_runtime/gpu/gpu_device.cc:1115] Created TensorFlow device (/job:localhost/replica:0/task:0/device:GPU:0 with 10758 MB memory) -> physical GPU (device: 0, name: Tesla K80, pci bus id: 0000:08:00.0, compute capability: 3.7)
INFO:latens:test accuracy: 93.6%
INFO:latens:tensorflow 1.12.0, keras 2.1.6-tf
INFO:latens:command: visualize
INFO:latens:visualizing and saving
INFO:latens:Plotting encoding...
DEBUG:latens:encodings: [[-0.01503209  0.0975358 ]
 [-0.32207596  0.3372645 ]
 [-0.09146373 -0.88297284]
 ...
 [-0.02746895 -0.03122979]
 [ 0.09294632 -0.26308534]
 [-0.01846873 -0.0409046 ]]
INFO:latens:saving encodings plot to models/mnist_vaestudent_e300_L2_b64/encodings.pdf
INFO:latens:saving successful
INFO:latens:Plotting sampling...
INFO:latens:saving sampling plot to models/mnist_vaestudent_e300_L2_b64/multi-normal_sampling_1000.pdf
INFO:latens:saving successful
INFO:latens:saving distribution plot to models/mnist_vaestudent_e300_L2_b64/multi-normal_sampling_distribution_1000.pdf
INFO:latens:saving successful
INFO:latens:tensorflow 1.12.0, keras 2.1.6-tf
INFO:latens:command: sample
INFO:latens:sampling with 'uniform'
DEBUG:latens:sampler: drawing 1000 points
DEBUG:latens:sampler: drawing 166 points
DEBUG:latens:sampler: drawing 25 points
DEBUG:latens:sampler: drawing 2 points
DEBUG:latens:sampling: (50000,), 1000
INFO:latens:writing dataset to models/mnist_vaestudent_e300_L2_b64/uniform_sample_1000.tfrecord...
2019-03-15 18:36:34.829008: I tensorflow/core/platform/cpu_feature_guard.cc:141] Your CPU supports instructions that this TensorFlow binary was not compiled to use: SSE4.1 SSE4.2 AVX AVX2 FMA
2019-03-15 18:36:35.045627: I tensorflow/core/common_runtime/gpu/gpu_device.cc:1432] Found device 0 with properties: 
name: Tesla K80 major: 3 minor: 7 memoryClockRate(GHz): 0.8235
pciBusID: 0000:08:00.0
totalMemory: 11.17GiB freeMemory: 11.10GiB
2019-03-15 18:36:35.045697: I tensorflow/core/common_runtime/gpu/gpu_device.cc:1511] Adding visible gpu devices: 0
2019-03-15 18:36:35.374313: I tensorflow/core/common_runtime/gpu/gpu_device.cc:982] Device interconnect StreamExecutor with strength 1 edge matrix:
2019-03-15 18:36:35.374362: I tensorflow/core/common_runtime/gpu/gpu_device.cc:988]      0 
2019-03-15 18:36:35.374373: I tensorflow/core/common_runtime/gpu/gpu_device.cc:1001] 0:   N 
2019-03-15 18:36:35.374668: I tensorflow/core/common_runtime/gpu/gpu_device.cc:1115] Created TensorFlow device (/job:localhost/replica:0/task:0/device:GPU:0 with 10758 MB memory) -> physical GPU (device: 0, name: Tesla K80, pci bus id: 0000:08:00.0, compute capability: 3.7)
INFO:latens:wrote 1000 examples
INFO:latens:tensorflow 1.12.0, keras 2.1.6-tf
INFO:latens:command: classifier
INFO:latens:model: model
INFO:latens:layer:(None, 28, 28, 1) -> (None, 28, 28, 1):input_2
INFO:latens:layer:(None, 28, 28, 1) -> (None, 4):sequential
INFO:latens:layer:(None, 4) -> (None, 28, 28, 1):sequential_1
INFO:latens:model: sequential_4
INFO:latens:layer:(None, 28, 28, 1) -> (None, 28, 28, 64):conv2d_19
INFO:latens:layer:(None, 28, 28, 64) -> (None, 28, 28, 64):conv2d_20
INFO:latens:layer:(None, 28, 28, 64) -> (None, 14, 14, 64):max_pooling2d_2
INFO:latens:layer:(None, 14, 14, 64) -> (None, 14, 14, 64):dropout_4
INFO:latens:layer:(None, 14, 14, 64) -> (None, 14, 14, 32):conv2d_21
INFO:latens:layer:(None, 14, 14, 32) -> (None, 14, 14, 32):conv2d_22
INFO:latens:layer:(None, 14, 14, 32) -> (None, 7, 7, 32):max_pooling2d_3
INFO:latens:layer:(None, 7, 7, 32) -> (None, 7, 7, 32):dropout_5
INFO:latens:layer:(None, 7, 7, 32) -> (None, 7, 7, 32):conv2d_23
INFO:latens:layer:(None, 7, 7, 32) -> (None, 7, 7, 32):conv2d_24
INFO:latens:layer:(None, 7, 7, 32) -> (None, 1568):flatten_1
INFO:latens:layer:(None, 1568) -> (None, 1024):dense_6
INFO:latens:layer:(None, 1024) -> (None, 10):dense_7
2019-03-15 18:36:45.964013: I tensorflow/core/platform/cpu_feature_guard.cc:141] Your CPU supports instructions that this TensorFlow binary was not compiled to use: SSE4.1 SSE4.2 AVX AVX2 FMA
2019-03-15 18:36:46.307858: I tensorflow/core/common_runtime/gpu/gpu_device.cc:1432] Found device 0 with properties: 
name: Tesla K80 major: 3 minor: 7 memoryClockRate(GHz): 0.8235
pciBusID: 0000:08:00.0
totalMemory: 11.17GiB freeMemory: 11.10GiB
2019-03-15 18:36:46.307960: I tensorflow/core/common_runtime/gpu/gpu_device.cc:1511] Adding visible gpu devices: 0
2019-03-15 18:36:46.647794: I tensorflow/core/common_runtime/gpu/gpu_device.cc:982] Device interconnect StreamExecutor with strength 1 edge matrix:
2019-03-15 18:36:46.647878: I tensorflow/core/common_runtime/gpu/gpu_device.cc:988]      0 
2019-03-15 18:36:46.647889: I tensorflow/core/common_runtime/gpu/gpu_device.cc:1001] 0:   N 
2019-03-15 18:36:46.648178: I tensorflow/core/common_runtime/gpu/gpu_device.cc:1115] Created TensorFlow device (/job:localhost/replica:0/task:0/device:GPU:0 with 10758 MB memory) -> physical GPU (device: 0, name: Tesla K80, pci bus id: 0000:08:00.0, compute capability: 3.7)
INFO:latens:test accuracy: 69.3%
INFO:latens:tensorflow 1.12.0, keras 2.1.6-tf
INFO:latens:command: visualize
INFO:latens:visualizing and saving
INFO:latens:Plotting encoding...
DEBUG:latens:encodings: [[-0.01503209  0.0975358 ]
 [-0.32207596  0.3372645 ]
 [-0.09146373 -0.88297284]
 ...
 [-0.02746895 -0.03122979]
 [ 0.09294632 -0.26308534]
 [-0.01846873 -0.0409046 ]]
INFO:latens:saving encodings plot to models/mnist_vaestudent_e300_L2_b64/encodings.pdf
INFO:latens:saving successful
INFO:latens:Plotting sampling...
INFO:latens:saving sampling plot to models/mnist_vaestudent_e300_L2_b64/uniform_sampling_1000.pdf
INFO:latens:saving successful
INFO:latens:saving distribution plot to models/mnist_vaestudent_e300_L2_b64/uniform_sampling_distribution_1000.pdf
INFO:latens:saving successful
INFO:latens:tensorflow 1.12.0, keras 2.1.6-tf
INFO:latens:command: sample
INFO:latens:sampling with 'uniform-cluster'
INFO:latens:clustering...
DEBUG:latens:sampler: drawing 196 points
DEBUG:latens:sampler: drawing 13 points
DEBUG:latens:sampler: drawing 1 points
DEBUG:latens:sampler: drawing 29 points
DEBUG:latens:sampler: drawing 84 points
DEBUG:latens:sampler: drawing 11 points
DEBUG:latens:sampler: drawing 22 points
DEBUG:latens:sampler: drawing 2 points
DEBUG:latens:sampler: drawing 1 points
DEBUG:latens:sampler: drawing 269 points
DEBUG:latens:sampler: drawing 200 points
DEBUG:latens:sampler: drawing 33 points
DEBUG:latens:sampler: drawing 3 points
DEBUG:latens:sampler: drawing 1 points
DEBUG:latens:sampler: drawing 91 points
DEBUG:latens:sampler: drawing 66 points
DEBUG:latens:sampling: (50000,), 1001
INFO:latens:writing dataset to models/mnist_vaestudent_e300_L2_b64/uniform-cluster_sample_1000.tfrecord...
2019-03-15 18:41:53.368231: I tensorflow/core/platform/cpu_feature_guard.cc:141] Your CPU supports instructions that this TensorFlow binary was not compiled to use: SSE4.1 SSE4.2 AVX AVX2 FMA
2019-03-15 18:41:53.583464: I tensorflow/core/common_runtime/gpu/gpu_device.cc:1432] Found device 0 with properties: 
name: Tesla K80 major: 3 minor: 7 memoryClockRate(GHz): 0.8235
pciBusID: 0000:08:00.0
totalMemory: 11.17GiB freeMemory: 11.10GiB
2019-03-15 18:41:53.583533: I tensorflow/core/common_runtime/gpu/gpu_device.cc:1511] Adding visible gpu devices: 0
2019-03-15 18:41:53.925121: I tensorflow/core/common_runtime/gpu/gpu_device.cc:982] Device interconnect StreamExecutor with strength 1 edge matrix:
2019-03-15 18:41:53.925187: I tensorflow/core/common_runtime/gpu/gpu_device.cc:988]      0 
2019-03-15 18:41:53.925199: I tensorflow/core/common_runtime/gpu/gpu_device.cc:1001] 0:   N 
2019-03-15 18:41:53.925470: I tensorflow/core/common_runtime/gpu/gpu_device.cc:1115] Created TensorFlow device (/job:localhost/replica:0/task:0/device:GPU:0 with 10758 MB memory) -> physical GPU (device: 0, name: Tesla K80, pci bus id: 0000:08:00.0, compute capability: 3.7)
INFO:latens:wrote 1001 examples
INFO:latens:tensorflow 1.12.0, keras 2.1.6-tf
INFO:latens:command: classifier
INFO:latens:model: model
INFO:latens:layer:(None, 28, 28, 1) -> (None, 28, 28, 1):input_2
INFO:latens:layer:(None, 28, 28, 1) -> (None, 4):sequential
INFO:latens:layer:(None, 4) -> (None, 28, 28, 1):sequential_1
INFO:latens:model: sequential_4
INFO:latens:layer:(None, 28, 28, 1) -> (None, 28, 28, 64):conv2d_19
INFO:latens:layer:(None, 28, 28, 64) -> (None, 28, 28, 64):conv2d_20
INFO:latens:layer:(None, 28, 28, 64) -> (None, 14, 14, 64):max_pooling2d_2
INFO:latens:layer:(None, 14, 14, 64) -> (None, 14, 14, 64):dropout_4
INFO:latens:layer:(None, 14, 14, 64) -> (None, 14, 14, 32):conv2d_21
INFO:latens:layer:(None, 14, 14, 32) -> (None, 14, 14, 32):conv2d_22
INFO:latens:layer:(None, 14, 14, 32) -> (None, 7, 7, 32):max_pooling2d_3
INFO:latens:layer:(None, 7, 7, 32) -> (None, 7, 7, 32):dropout_5
INFO:latens:layer:(None, 7, 7, 32) -> (None, 7, 7, 32):conv2d_23
INFO:latens:layer:(None, 7, 7, 32) -> (None, 7, 7, 32):conv2d_24
INFO:latens:layer:(None, 7, 7, 32) -> (None, 1568):flatten_1
INFO:latens:layer:(None, 1568) -> (None, 1024):dense_6
INFO:latens:layer:(None, 1024) -> (None, 10):dense_7
2019-03-15 18:42:10.274213: I tensorflow/core/platform/cpu_feature_guard.cc:141] Your CPU supports instructions that this TensorFlow binary was not compiled to use: SSE4.1 SSE4.2 AVX AVX2 FMA
2019-03-15 18:42:10.665625: I tensorflow/core/common_runtime/gpu/gpu_device.cc:1432] Found device 0 with properties: 
name: Tesla K80 major: 3 minor: 7 memoryClockRate(GHz): 0.8235
pciBusID: 0000:08:00.0
totalMemory: 11.17GiB freeMemory: 11.10GiB
2019-03-15 18:42:10.665700: I tensorflow/core/common_runtime/gpu/gpu_device.cc:1511] Adding visible gpu devices: 0
2019-03-15 18:42:10.999482: I tensorflow/core/common_runtime/gpu/gpu_device.cc:982] Device interconnect StreamExecutor with strength 1 edge matrix:
2019-03-15 18:42:10.999560: I tensorflow/core/common_runtime/gpu/gpu_device.cc:988]      0 
2019-03-15 18:42:10.999584: I tensorflow/core/common_runtime/gpu/gpu_device.cc:1001] 0:   N 
2019-03-15 18:42:10.999857: I tensorflow/core/common_runtime/gpu/gpu_device.cc:1115] Created TensorFlow device (/job:localhost/replica:0/task:0/device:GPU:0 with 10758 MB memory) -> physical GPU (device: 0, name: Tesla K80, pci bus id: 0000:08:00.0, compute capability: 3.7)
INFO:latens:test accuracy: 87.3%
INFO:latens:tensorflow 1.12.0, keras 2.1.6-tf
INFO:latens:command: visualize
INFO:latens:visualizing and saving
INFO:latens:Plotting encoding...
DEBUG:latens:encodings: [[-0.01503209  0.0975358 ]
 [-0.32207596  0.3372645 ]
 [-0.09146373 -0.88297284]
 ...
 [-0.02746895 -0.03122979]
 [ 0.09294632 -0.26308534]
 [-0.01846873 -0.0409046 ]]
INFO:latens:saving encodings plot to models/mnist_vaestudent_e300_L2_b64/encodings.pdf
INFO:latens:saving successful
INFO:latens:Plotting clusters...
INFO:latens:saving clustered encodings plot to models/mnist_vaestudent_e300_L2_b64/clustered_encodings.pdf
INFO:latens:saving successful
INFO:latens:Plotting sampling...
INFO:latens:saving sampling plot to models/mnist_vaestudent_e300_L2_b64/uniform-cluster_sampling_1000.pdf
INFO:latens:saving successful
INFO:latens:saving distribution plot to models/mnist_vaestudent_e300_L2_b64/uniform-cluster_sampling_distribution_1000.pdf
INFO:latens:saving successful
INFO:latens:tensorflow 1.12.0, keras 2.1.6-tf
INFO:latens:command: sample
INFO:latens:sampling with 'normal-cluster'
INFO:latens:clustering...
DEBUG:latens:sampler: drawing 196 points
DEBUG:latens:sampler: drawing 13 points
DEBUG:latens:sampler: drawing 1 points
DEBUG:latens:sampler: drawing 29 points
DEBUG:latens:sampler: drawing 7 points
DEBUG:latens:sampler: drawing 2 points
DEBUG:latens:sampler: drawing 84 points
DEBUG:latens:sampler: drawing 20 points
DEBUG:latens:sampler: drawing 5 points
DEBUG:latens:sampler: drawing 1 points
DEBUG:latens:sampler: drawing 11 points
DEBUG:latens:sampler: drawing 8 points
DEBUG:latens:sampler: drawing 6 points
DEBUG:latens:sampler: drawing 4 points
DEBUG:latens:sampler: drawing 1 points
DEBUG:latens:sampler: drawing 22 points
DEBUG:latens:sampler: drawing 7 points
DEBUG:latens:sampler: drawing 1 points
DEBUG:latens:sampler: drawing 1 points
DEBUG:latens:sampler: drawing 269 points
DEBUG:latens:sampler: drawing 200 points
DEBUG:latens:sampler: drawing 26 points
DEBUG:latens:sampler: drawing 4 points
DEBUG:latens:sampler: drawing 33 points
DEBUG:latens:sampler: drawing 27 points
DEBUG:latens:sampler: drawing 21 points
DEBUG:latens:sampler: drawing 16 points
DEBUG:latens:sampler: drawing 15 points
DEBUG:latens:sampler: drawing 12 points
DEBUG:latens:sampler: drawing 11 points
DEBUG:latens:sampler: drawing 10 points
DEBUG:latens:sampler: drawing 7 points
DEBUG:latens:sampler: drawing 6 points
DEBUG:latens:sampler: drawing 4 points
DEBUG:latens:sampler: drawing 3 points
DEBUG:latens:sampler: drawing 2 points
DEBUG:latens:sampler: drawing 2 points
DEBUG:latens:sampler: drawing 2 points
DEBUG:latens:sampler: drawing 2 points
DEBUG:latens:sampler: drawing 2 points
DEBUG:latens:sampler: drawing 2 points
DEBUG:latens:sampler: drawing 1 points
DEBUG:latens:sampler: drawing 1 points
DEBUG:latens:sampler: drawing 1 points
DEBUG:latens:sampler: drawing 1 points
DEBUG:latens:sampler: drawing 91 points
DEBUG:latens:sampler: drawing 43 points
DEBUG:latens:sampler: drawing 17 points
DEBUG:latens:sampler: drawing 3 points
DEBUG:latens:sampler: drawing 2 points
DEBUG:latens:sampler: drawing 66 points
DEBUG:latens:sampler: drawing 46 points
DEBUG:latens:sampler: drawing 28 points
DEBUG:latens:sampler: drawing 19 points
DEBUG:latens:sampler: drawing 12 points
DEBUG:latens:sampler: drawing 8 points
DEBUG:latens:sampler: drawing 6 points
DEBUG:latens:sampler: drawing 5 points
DEBUG:latens:sampler: drawing 3 points
DEBUG:latens:sampler: drawing 1 points
DEBUG:latens:sampler: drawing 1 points
DEBUG:latens:sampler: drawing 1 points
DEBUG:latens:sampler: drawing 1 points
DEBUG:latens:sampling: (50000,), 1001
INFO:latens:writing dataset to models/mnist_vaestudent_e300_L2_b64/normal-cluster_sample_1000.tfrecord...
2019-03-15 18:47:24.243995: I tensorflow/core/platform/cpu_feature_guard.cc:141] Your CPU supports instructions that this TensorFlow binary was not compiled to use: SSE4.1 SSE4.2 AVX AVX2 FMA
2019-03-15 18:47:24.463883: I tensorflow/core/common_runtime/gpu/gpu_device.cc:1432] Found device 0 with properties: 
name: Tesla K80 major: 3 minor: 7 memoryClockRate(GHz): 0.8235
pciBusID: 0000:08:00.0
totalMemory: 11.17GiB freeMemory: 11.10GiB
2019-03-15 18:47:24.463971: I tensorflow/core/common_runtime/gpu/gpu_device.cc:1511] Adding visible gpu devices: 0
2019-03-15 18:47:24.794938: I tensorflow/core/common_runtime/gpu/gpu_device.cc:982] Device interconnect StreamExecutor with strength 1 edge matrix:
2019-03-15 18:47:24.794987: I tensorflow/core/common_runtime/gpu/gpu_device.cc:988]      0 
2019-03-15 18:47:24.794998: I tensorflow/core/common_runtime/gpu/gpu_device.cc:1001] 0:   N 
2019-03-15 18:47:24.795270: I tensorflow/core/common_runtime/gpu/gpu_device.cc:1115] Created TensorFlow device (/job:localhost/replica:0/task:0/device:GPU:0 with 10758 MB memory) -> physical GPU (device: 0, name: Tesla K80, pci bus id: 0000:08:00.0, compute capability: 3.7)
INFO:latens:wrote 1001 examples
INFO:latens:tensorflow 1.12.0, keras 2.1.6-tf
INFO:latens:command: classifier
INFO:latens:model: model
INFO:latens:layer:(None, 28, 28, 1) -> (None, 28, 28, 1):input_2
INFO:latens:layer:(None, 28, 28, 1) -> (None, 4):sequential
INFO:latens:layer:(None, 4) -> (None, 28, 28, 1):sequential_1
INFO:latens:model: sequential_4
INFO:latens:layer:(None, 28, 28, 1) -> (None, 28, 28, 64):conv2d_19
INFO:latens:layer:(None, 28, 28, 64) -> (None, 28, 28, 64):conv2d_20
INFO:latens:layer:(None, 28, 28, 64) -> (None, 14, 14, 64):max_pooling2d_2
INFO:latens:layer:(None, 14, 14, 64) -> (None, 14, 14, 64):dropout_4
INFO:latens:layer:(None, 14, 14, 64) -> (None, 14, 14, 32):conv2d_21
INFO:latens:layer:(None, 14, 14, 32) -> (None, 14, 14, 32):conv2d_22
INFO:latens:layer:(None, 14, 14, 32) -> (None, 7, 7, 32):max_pooling2d_3
INFO:latens:layer:(None, 7, 7, 32) -> (None, 7, 7, 32):dropout_5
INFO:latens:layer:(None, 7, 7, 32) -> (None, 7, 7, 32):conv2d_23
INFO:latens:layer:(None, 7, 7, 32) -> (None, 7, 7, 32):conv2d_24
INFO:latens:layer:(None, 7, 7, 32) -> (None, 1568):flatten_1
INFO:latens:layer:(None, 1568) -> (None, 1024):dense_6
INFO:latens:layer:(None, 1024) -> (None, 10):dense_7
2019-03-15 18:47:41.463545: I tensorflow/core/platform/cpu_feature_guard.cc:141] Your CPU supports instructions that this TensorFlow binary was not compiled to use: SSE4.1 SSE4.2 AVX AVX2 FMA
2019-03-15 18:47:41.863287: I tensorflow/core/common_runtime/gpu/gpu_device.cc:1432] Found device 0 with properties: 
name: Tesla K80 major: 3 minor: 7 memoryClockRate(GHz): 0.8235
pciBusID: 0000:08:00.0
totalMemory: 11.17GiB freeMemory: 11.10GiB
2019-03-15 18:47:41.863360: I tensorflow/core/common_runtime/gpu/gpu_device.cc:1511] Adding visible gpu devices: 0
2019-03-15 18:47:42.201784: I tensorflow/core/common_runtime/gpu/gpu_device.cc:982] Device interconnect StreamExecutor with strength 1 edge matrix:
2019-03-15 18:47:42.201860: I tensorflow/core/common_runtime/gpu/gpu_device.cc:988]      0 
2019-03-15 18:47:42.201872: I tensorflow/core/common_runtime/gpu/gpu_device.cc:1001] 0:   N 
2019-03-15 18:47:42.202146: I tensorflow/core/common_runtime/gpu/gpu_device.cc:1115] Created TensorFlow device (/job:localhost/replica:0/task:0/device:GPU:0 with 10758 MB memory) -> physical GPU (device: 0, name: Tesla K80, pci bus id: 0000:08:00.0, compute capability: 3.7)
INFO:latens:test accuracy: 91.3%
INFO:latens:tensorflow 1.12.0, keras 2.1.6-tf
INFO:latens:command: visualize
INFO:latens:visualizing and saving
INFO:latens:Plotting encoding...
DEBUG:latens:encodings: [[-0.01503209  0.0975358 ]
 [-0.32207596  0.3372645 ]
 [-0.09146373 -0.88297284]
 ...
 [-0.02746895 -0.03122979]
 [ 0.09294632 -0.26308534]
 [-0.01846873 -0.0409046 ]]
INFO:latens:saving encodings plot to models/mnist_vaestudent_e300_L2_b64/encodings.pdf
INFO:latens:saving successful
INFO:latens:Plotting clusters...
INFO:latens:saving clustered encodings plot to models/mnist_vaestudent_e300_L2_b64/clustered_encodings.pdf
INFO:latens:saving successful
INFO:latens:Plotting sampling...
INFO:latens:saving sampling plot to models/mnist_vaestudent_e300_L2_b64/normal-cluster_sampling_1000.pdf
INFO:latens:saving successful
INFO:latens:saving distribution plot to models/mnist_vaestudent_e300_L2_b64/normal-cluster_sampling_distribution_1000.pdf
INFO:latens:saving successful
INFO:latens:tensorflow 1.12.0, keras 2.1.6-tf
INFO:latens:command: sample
INFO:latens:sampling with 'multi-normal-cluster'
INFO:latens:clustering...
DEBUG:latens:sampler: drawing 196 points
DEBUG:latens:sampler: drawing 29 points
DEBUG:latens:sampler: drawing 84 points
DEBUG:latens:sampler: drawing 11 points
DEBUG:latens:sampler: drawing 22 points
DEBUG:latens:sampler: drawing 269 points
DEBUG:latens:sampler: drawing 200 points
DEBUG:latens:sampler: drawing 33 points
DEBUG:latens:sampler: drawing 91 points
DEBUG:latens:sampler: drawing 66 points
DEBUG:latens:sampling: (50000,), 1001
INFO:latens:writing dataset to models/mnist_vaestudent_e300_L2_b64/multi-normal-cluster_sample_1000.tfrecord...
2019-03-15 18:52:46.929316: I tensorflow/core/platform/cpu_feature_guard.cc:141] Your CPU supports instructions that this TensorFlow binary was not compiled to use: SSE4.1 SSE4.2 AVX AVX2 FMA
2019-03-15 18:52:47.144187: I tensorflow/core/common_runtime/gpu/gpu_device.cc:1432] Found device 0 with properties: 
name: Tesla K80 major: 3 minor: 7 memoryClockRate(GHz): 0.8235
pciBusID: 0000:08:00.0
totalMemory: 11.17GiB freeMemory: 11.10GiB
2019-03-15 18:52:47.144258: I tensorflow/core/common_runtime/gpu/gpu_device.cc:1511] Adding visible gpu devices: 0
2019-03-15 18:52:47.480986: I tensorflow/core/common_runtime/gpu/gpu_device.cc:982] Device interconnect StreamExecutor with strength 1 edge matrix:
2019-03-15 18:52:47.481067: I tensorflow/core/common_runtime/gpu/gpu_device.cc:988]      0 
2019-03-15 18:52:47.481079: I tensorflow/core/common_runtime/gpu/gpu_device.cc:1001] 0:   N 
2019-03-15 18:52:47.481353: I tensorflow/core/common_runtime/gpu/gpu_device.cc:1115] Created TensorFlow device (/job:localhost/replica:0/task:0/device:GPU:0 with 10758 MB memory) -> physical GPU (device: 0, name: Tesla K80, pci bus id: 0000:08:00.0, compute capability: 3.7)
INFO:latens:wrote 1001 examples
INFO:latens:tensorflow 1.12.0, keras 2.1.6-tf
INFO:latens:command: classifier
INFO:latens:model: model
INFO:latens:layer:(None, 28, 28, 1) -> (None, 28, 28, 1):input_2
INFO:latens:layer:(None, 28, 28, 1) -> (None, 4):sequential
INFO:latens:layer:(None, 4) -> (None, 28, 28, 1):sequential_1
INFO:latens:model: sequential_4
INFO:latens:layer:(None, 28, 28, 1) -> (None, 28, 28, 64):conv2d_19
INFO:latens:layer:(None, 28, 28, 64) -> (None, 28, 28, 64):conv2d_20
INFO:latens:layer:(None, 28, 28, 64) -> (None, 14, 14, 64):max_pooling2d_2
INFO:latens:layer:(None, 14, 14, 64) -> (None, 14, 14, 64):dropout_4
INFO:latens:layer:(None, 14, 14, 64) -> (None, 14, 14, 32):conv2d_21
INFO:latens:layer:(None, 14, 14, 32) -> (None, 14, 14, 32):conv2d_22
INFO:latens:layer:(None, 14, 14, 32) -> (None, 7, 7, 32):max_pooling2d_3
INFO:latens:layer:(None, 7, 7, 32) -> (None, 7, 7, 32):dropout_5
INFO:latens:layer:(None, 7, 7, 32) -> (None, 7, 7, 32):conv2d_23
INFO:latens:layer:(None, 7, 7, 32) -> (None, 7, 7, 32):conv2d_24
INFO:latens:layer:(None, 7, 7, 32) -> (None, 1568):flatten_1
INFO:latens:layer:(None, 1568) -> (None, 1024):dense_6
INFO:latens:layer:(None, 1024) -> (None, 10):dense_7
2019-03-15 18:53:00.695909: I tensorflow/core/platform/cpu_feature_guard.cc:141] Your CPU supports instructions that this TensorFlow binary was not compiled to use: SSE4.1 SSE4.2 AVX AVX2 FMA
2019-03-15 18:53:01.097679: I tensorflow/core/common_runtime/gpu/gpu_device.cc:1432] Found device 0 with properties: 
name: Tesla K80 major: 3 minor: 7 memoryClockRate(GHz): 0.8235
pciBusID: 0000:08:00.0
totalMemory: 11.17GiB freeMemory: 11.10GiB
2019-03-15 18:53:01.097762: I tensorflow/core/common_runtime/gpu/gpu_device.cc:1511] Adding visible gpu devices: 0
2019-03-15 18:53:01.442884: I tensorflow/core/common_runtime/gpu/gpu_device.cc:982] Device interconnect StreamExecutor with strength 1 edge matrix:
2019-03-15 18:53:01.442984: I tensorflow/core/common_runtime/gpu/gpu_device.cc:988]      0 
2019-03-15 18:53:01.442995: I tensorflow/core/common_runtime/gpu/gpu_device.cc:1001] 0:   N 
2019-03-15 18:53:01.443273: I tensorflow/core/common_runtime/gpu/gpu_device.cc:1115] Created TensorFlow device (/job:localhost/replica:0/task:0/device:GPU:0 with 10758 MB memory) -> physical GPU (device: 0, name: Tesla K80, pci bus id: 0000:08:00.0, compute capability: 3.7)
INFO:latens:test accuracy: 94.4%
INFO:latens:tensorflow 1.12.0, keras 2.1.6-tf
INFO:latens:command: visualize
INFO:latens:visualizing and saving
INFO:latens:Plotting encoding...
DEBUG:latens:encodings: [[-0.01503209  0.0975358 ]
 [-0.32207596  0.3372645 ]
 [-0.09146373 -0.88297284]
 ...
 [-0.02746895 -0.03122979]
 [ 0.09294632 -0.26308534]
 [-0.01846873 -0.0409046 ]]
INFO:latens:saving encodings plot to models/mnist_vaestudent_e300_L2_b64/encodings.pdf
INFO:latens:saving successful
INFO:latens:Plotting clusters...
INFO:latens:saving clustered encodings plot to models/mnist_vaestudent_e300_L2_b64/clustered_encodings.pdf
INFO:latens:saving successful
INFO:latens:Plotting sampling...
INFO:latens:saving sampling plot to models/mnist_vaestudent_e300_L2_b64/multi-normal-cluster_sampling_1000.pdf
INFO:latens:saving successful
INFO:latens:saving distribution plot to models/mnist_vaestudent_e300_L2_b64/multi-normal-cluster_sampling_distribution_1000.pdf
INFO:latens:saving successful
INFO:latens:tensorflow 1.12.0, keras 2.1.6-tf
INFO:latens:command: sample
INFO:latens:sampling with 'error'
INFO:latens:model: model
INFO:latens:layer:(None, 28, 28, 1) -> (None, 28, 28, 1):input_2
INFO:latens:layer:(None, 28, 28, 1) -> (None, 4):sequential
INFO:latens:layer:(None, 4) -> (None, 28, 28, 1):sequential_1
2019-03-15 18:55:51.348436: I tensorflow/core/platform/cpu_feature_guard.cc:141] Your CPU supports instructions that this TensorFlow binary was not compiled to use: SSE4.1 SSE4.2 AVX AVX2 FMA
2019-03-15 18:55:51.711794: I tensorflow/core/common_runtime/gpu/gpu_device.cc:1432] Found device 0 with properties: 
name: Tesla K80 major: 3 minor: 7 memoryClockRate(GHz): 0.8235
pciBusID: 0000:08:00.0
totalMemory: 11.17GiB freeMemory: 11.10GiB
2019-03-15 18:55:51.711882: I tensorflow/core/common_runtime/gpu/gpu_device.cc:1511] Adding visible gpu devices: 0
2019-03-15 18:55:52.105730: I tensorflow/core/common_runtime/gpu/gpu_device.cc:982] Device interconnect StreamExecutor with strength 1 edge matrix:
2019-03-15 18:55:52.105800: I tensorflow/core/common_runtime/gpu/gpu_device.cc:988]      0 
2019-03-15 18:55:52.105814: I tensorflow/core/common_runtime/gpu/gpu_device.cc:1001] 0:   N 
2019-03-15 18:55:52.106089: I tensorflow/core/common_runtime/gpu/gpu_device.cc:1115] Created TensorFlow device (/job:localhost/replica:0/task:0/device:GPU:0 with 10758 MB memory) -> physical GPU (device: 0, name: Tesla K80, pci bus id: 0000:08:00.0, compute capability: 3.7)
INFO:latens:restored model from models/mnist_vaestudent_e300_L2_b64/autoencoder/cp-0300.hdf5
2019-03-15 18:56:07.191601: I tensorflow/core/common_runtime/gpu/gpu_device.cc:1511] Adding visible gpu devices: 0
2019-03-15 18:56:07.191702: I tensorflow/core/common_runtime/gpu/gpu_device.cc:982] Device interconnect StreamExecutor with strength 1 edge matrix:
2019-03-15 18:56:07.191717: I tensorflow/core/common_runtime/gpu/gpu_device.cc:988]      0 
2019-03-15 18:56:07.191727: I tensorflow/core/common_runtime/gpu/gpu_device.cc:1001] 0:   N 
2019-03-15 18:56:07.191923: I tensorflow/core/common_runtime/gpu/gpu_device.cc:1115] Created TensorFlow device (/job:localhost/replica:0/task:0/device:GPU:0 with 10758 MB memory) -> physical GPU (device: 0, name: Tesla K80, pci bus id: 0000:08:00.0, compute capability: 3.7)
DEBUG:latens:points: (50000,), [0.09924949 0.07227757 0.11889527 ... 1.         1.         1.        ]
DEBUG:latens:values: (50000,)
DEBUG:latens:sampling: [0 0 0 ... 0 0 1]
DEBUG:latens:sampling: (50000,), 1000
INFO:latens:writing dataset to models/mnist_vaestudent_e300_L2_b64/error_sample_1000.tfrecord...
2019-03-15 18:56:07.349825: I tensorflow/core/common_runtime/gpu/gpu_device.cc:1511] Adding visible gpu devices: 0
2019-03-15 18:56:07.349874: I tensorflow/core/common_runtime/gpu/gpu_device.cc:982] Device interconnect StreamExecutor with strength 1 edge matrix:
2019-03-15 18:56:07.349888: I tensorflow/core/common_runtime/gpu/gpu_device.cc:988]      0 
2019-03-15 18:56:07.349897: I tensorflow/core/common_runtime/gpu/gpu_device.cc:1001] 0:   N 
2019-03-15 18:56:07.350051: I tensorflow/core/common_runtime/gpu/gpu_device.cc:1115] Created TensorFlow device (/job:localhost/replica:0/task:0/device:GPU:0 with 10758 MB memory) -> physical GPU (device: 0, name: Tesla K80, pci bus id: 0000:08:00.0, compute capability: 3.7)
INFO:latens:wrote 1000 examples
INFO:latens:tensorflow 1.12.0, keras 2.1.6-tf
INFO:latens:command: classifier
INFO:latens:model: model
INFO:latens:layer:(None, 28, 28, 1) -> (None, 28, 28, 1):input_2
INFO:latens:layer:(None, 28, 28, 1) -> (None, 4):sequential
INFO:latens:layer:(None, 4) -> (None, 28, 28, 1):sequential_1
INFO:latens:model: sequential_4
INFO:latens:layer:(None, 28, 28, 1) -> (None, 28, 28, 64):conv2d_19
INFO:latens:layer:(None, 28, 28, 64) -> (None, 28, 28, 64):conv2d_20
INFO:latens:layer:(None, 28, 28, 64) -> (None, 14, 14, 64):max_pooling2d_2
INFO:latens:layer:(None, 14, 14, 64) -> (None, 14, 14, 64):dropout_4
INFO:latens:layer:(None, 14, 14, 64) -> (None, 14, 14, 32):conv2d_21
INFO:latens:layer:(None, 14, 14, 32) -> (None, 14, 14, 32):conv2d_22
INFO:latens:layer:(None, 14, 14, 32) -> (None, 7, 7, 32):max_pooling2d_3
INFO:latens:layer:(None, 7, 7, 32) -> (None, 7, 7, 32):dropout_5
INFO:latens:layer:(None, 7, 7, 32) -> (None, 7, 7, 32):conv2d_23
INFO:latens:layer:(None, 7, 7, 32) -> (None, 7, 7, 32):conv2d_24
INFO:latens:layer:(None, 7, 7, 32) -> (None, 1568):flatten_1
INFO:latens:layer:(None, 1568) -> (None, 1024):dense_6
INFO:latens:layer:(None, 1024) -> (None, 10):dense_7
2019-03-15 18:56:18.654985: I tensorflow/core/platform/cpu_feature_guard.cc:141] Your CPU supports instructions that this TensorFlow binary was not compiled to use: SSE4.1 SSE4.2 AVX AVX2 FMA
2019-03-15 18:56:19.018508: I tensorflow/core/common_runtime/gpu/gpu_device.cc:1432] Found device 0 with properties: 
name: Tesla K80 major: 3 minor: 7 memoryClockRate(GHz): 0.8235
pciBusID: 0000:08:00.0
totalMemory: 11.17GiB freeMemory: 11.10GiB
2019-03-15 18:56:19.018604: I tensorflow/core/common_runtime/gpu/gpu_device.cc:1511] Adding visible gpu devices: 0
2019-03-15 18:56:19.358838: I tensorflow/core/common_runtime/gpu/gpu_device.cc:982] Device interconnect StreamExecutor with strength 1 edge matrix:
2019-03-15 18:56:19.358916: I tensorflow/core/common_runtime/gpu/gpu_device.cc:988]      0 
2019-03-15 18:56:19.358927: I tensorflow/core/common_runtime/gpu/gpu_device.cc:1001] 0:   N 
2019-03-15 18:56:19.359198: I tensorflow/core/common_runtime/gpu/gpu_device.cc:1115] Created TensorFlow device (/job:localhost/replica:0/task:0/device:GPU:0 with 10758 MB memory) -> physical GPU (device: 0, name: Tesla K80, pci bus id: 0000:08:00.0, compute capability: 3.7)
INFO:latens:test accuracy: 93.7%
INFO:latens:tensorflow 1.12.0, keras 2.1.6-tf
INFO:latens:command: visualize
INFO:latens:visualizing and saving
INFO:latens:Plotting encoding...
DEBUG:latens:encodings: [[-0.01503209  0.0975358 ]
 [-0.32207596  0.3372645 ]
 [-0.09146373 -0.88297284]
 ...
 [-0.02746895 -0.03122979]
 [ 0.09294632 -0.26308534]
 [-0.01846873 -0.0409046 ]]
INFO:latens:saving encodings plot to models/mnist_vaestudent_e300_L2_b64/encodings.pdf
INFO:latens:saving successful
INFO:latens:Plotting sampling...
INFO:latens:saving sampling plot to models/mnist_vaestudent_e300_L2_b64/error_sampling_1000.pdf
INFO:latens:saving successful
INFO:latens:saving distribution plot to models/mnist_vaestudent_e300_L2_b64/error_sampling_distribution_1000.pdf
INFO:latens:saving successful
INFO:latens:tensorflow 1.12.0, keras 2.1.6-tf
INFO:latens:command: visualize-classifiers
INFO:latens:saving hist losses plot to models/mnist_vaestudent_e300_L2_b64/classifier_val_losses_1000.pdf
INFO:latens:saving successful
INFO:latens:saving hist losses plot to models/mnist_vaestudent_e300_L2_b64/classifier_val_accs_1000.pdf
INFO:latens:saving successful
INFO:latens:saving hist losses plot to models/mnist_vaestudent_e300_L2_b64/classifier_test_losses_1000.pdf
INFO:latens:saving successful
INFO:latens:saving hist losses plot to models/mnist_vaestudent_e300_L2_b64/classifier_test_accs_1000.pdf
INFO:latens:saving successful
INFO:latens:test accs for conv:[0.9377985668789809, 0.6933718152866242, 0.9358081210191083, 0.8725119426751592, 0.943968949044586, 0.9370023885350318]
