Starting analysis...
Epoch 1/50

Epoch 00001: saving model to models/unbalanced_mnist_vae_e300_L2_b64/random_classifier_1000/cp-0001.hdf5
 - 5s - loss: 2.2987 - acc: 0.1436 - val_loss: 2.2991 - val_acc: 0.1796
Epoch 2/50

Epoch 00002: saving model to models/unbalanced_mnist_vae_e300_L2_b64/random_classifier_1000/cp-0002.hdf5
 - 3s - loss: 2.2786 - acc: 0.2178 - val_loss: 2.2913 - val_acc: 0.1562
Epoch 3/50

Epoch 00003: saving model to models/unbalanced_mnist_vae_e300_L2_b64/random_classifier_1000/cp-0003.hdf5
 - 3s - loss: 2.2092 - acc: 0.2178 - val_loss: 2.2961 - val_acc: 0.2124
Epoch 4/50

Epoch 00004: saving model to models/unbalanced_mnist_vae_e300_L2_b64/random_classifier_1000/cp-0004.hdf5
 - 3s - loss: 2.1055 - acc: 0.2910 - val_loss: 2.1653 - val_acc: 0.2836
Epoch 5/50

Epoch 00005: saving model to models/unbalanced_mnist_vae_e300_L2_b64/random_classifier_1000/cp-0005.hdf5
 - 3s - loss: 1.7891 - acc: 0.4072 - val_loss: 1.5416 - val_acc: 0.5840
Epoch 6/50

Epoch 00006: saving model to models/unbalanced_mnist_vae_e300_L2_b64/random_classifier_1000/cp-0006.hdf5
 - 3s - loss: 1.3392 - acc: 0.5625 - val_loss: 1.1683 - val_acc: 0.6016
Epoch 7/50

Epoch 00007: saving model to models/unbalanced_mnist_vae_e300_L2_b64/random_classifier_1000/cp-0007.hdf5
 - 3s - loss: 1.0188 - acc: 0.6670 - val_loss: 0.9595 - val_acc: 0.6588
Epoch 8/50

Epoch 00008: saving model to models/unbalanced_mnist_vae_e300_L2_b64/random_classifier_1000/cp-0008.hdf5
 - 3s - loss: 0.8489 - acc: 0.7275 - val_loss: 0.7108 - val_acc: 0.7717
Epoch 9/50

Epoch 00009: saving model to models/unbalanced_mnist_vae_e300_L2_b64/random_classifier_1000/cp-0009.hdf5
 - 3s - loss: 0.7299 - acc: 0.7725 - val_loss: 0.6573 - val_acc: 0.7965
Epoch 10/50

Epoch 00010: saving model to models/unbalanced_mnist_vae_e300_L2_b64/random_classifier_1000/cp-0010.hdf5
 - 3s - loss: 0.6144 - acc: 0.8037 - val_loss: 0.6374 - val_acc: 0.7987
Epoch 11/50

Epoch 00011: saving model to models/unbalanced_mnist_vae_e300_L2_b64/random_classifier_1000/cp-0011.hdf5
 - 3s - loss: 0.5185 - acc: 0.8301 - val_loss: 0.6265 - val_acc: 0.7941
Epoch 12/50

Epoch 00012: saving model to models/unbalanced_mnist_vae_e300_L2_b64/random_classifier_1000/cp-0012.hdf5
 - 3s - loss: 0.4945 - acc: 0.8330 - val_loss: 0.4891 - val_acc: 0.8471
Epoch 13/50

Epoch 00013: saving model to models/unbalanced_mnist_vae_e300_L2_b64/random_classifier_1000/cp-0013.hdf5
 - 3s - loss: 0.4612 - acc: 0.8506 - val_loss: 0.4308 - val_acc: 0.8712
Epoch 14/50

Epoch 00014: saving model to models/unbalanced_mnist_vae_e300_L2_b64/random_classifier_1000/cp-0014.hdf5
 - 3s - loss: 0.4239 - acc: 0.8516 - val_loss: 0.4813 - val_acc: 0.8507
Epoch 15/50

Epoch 00015: saving model to models/unbalanced_mnist_vae_e300_L2_b64/random_classifier_1000/cp-0015.hdf5
 - 3s - loss: 0.3579 - acc: 0.8945 - val_loss: 0.3976 - val_acc: 0.8809
Epoch 16/50

Epoch 00016: saving model to models/unbalanced_mnist_vae_e300_L2_b64/random_classifier_1000/cp-0016.hdf5
 - 3s - loss: 0.3684 - acc: 0.8838 - val_loss: 0.3871 - val_acc: 0.8784
Epoch 17/50

Epoch 00017: saving model to models/unbalanced_mnist_vae_e300_L2_b64/random_classifier_1000/cp-0017.hdf5
 - 3s - loss: 0.3202 - acc: 0.8877 - val_loss: 0.3897 - val_acc: 0.8764
Epoch 18/50

Epoch 00018: saving model to models/unbalanced_mnist_vae_e300_L2_b64/random_classifier_1000/cp-0018.hdf5
 - 3s - loss: 0.3100 - acc: 0.8877 - val_loss: 0.3530 - val_acc: 0.8892
Epoch 19/50

Epoch 00019: saving model to models/unbalanced_mnist_vae_e300_L2_b64/random_classifier_1000/cp-0019.hdf5
 - 3s - loss: 0.2646 - acc: 0.9111 - val_loss: 0.3356 - val_acc: 0.8958
Epoch 20/50

Epoch 00020: saving model to models/unbalanced_mnist_vae_e300_L2_b64/random_classifier_1000/cp-0020.hdf5
 - 3s - loss: 0.2678 - acc: 0.9023 - val_loss: 0.3769 - val_acc: 0.8825
Epoch 21/50

Epoch 00021: saving model to models/unbalanced_mnist_vae_e300_L2_b64/random_classifier_1000/cp-0021.hdf5
 - 3s - loss: 0.2552 - acc: 0.9111 - val_loss: 0.3787 - val_acc: 0.8877
Epoch 22/50

Epoch 00022: saving model to models/unbalanced_mnist_vae_e300_L2_b64/random_classifier_1000/cp-0022.hdf5
 - 3s - loss: 0.1974 - acc: 0.9287 - val_loss: 0.3352 - val_acc: 0.8977
Epoch 23/50

Epoch 00023: saving model to models/unbalanced_mnist_vae_e300_L2_b64/random_classifier_1000/cp-0023.hdf5
 - 3s - loss: 0.2637 - acc: 0.9053 - val_loss: 0.3010 - val_acc: 0.9075
Epoch 24/50

Epoch 00024: saving model to models/unbalanced_mnist_vae_e300_L2_b64/random_classifier_1000/cp-0024.hdf5
 - 3s - loss: 0.1863 - acc: 0.9395 - val_loss: 0.3151 - val_acc: 0.9083
Epoch 25/50

Epoch 00025: saving model to models/unbalanced_mnist_vae_e300_L2_b64/random_classifier_1000/cp-0025.hdf5
 - 3s - loss: 0.1479 - acc: 0.9521 - val_loss: 0.3061 - val_acc: 0.9106
Epoch 26/50

Epoch 00026: saving model to models/unbalanced_mnist_vae_e300_L2_b64/random_classifier_1000/cp-0026.hdf5
 - 3s - loss: 0.1815 - acc: 0.9297 - val_loss: 0.3487 - val_acc: 0.8986
Epoch 27/50

Epoch 00027: saving model to models/unbalanced_mnist_vae_e300_L2_b64/random_classifier_1000/cp-0027.hdf5
 - 3s - loss: 0.1565 - acc: 0.9502 - val_loss: 0.2909 - val_acc: 0.9118
Epoch 28/50

Epoch 00028: saving model to models/unbalanced_mnist_vae_e300_L2_b64/random_classifier_1000/cp-0028.hdf5
 - 3s - loss: 0.1552 - acc: 0.9473 - val_loss: 0.3173 - val_acc: 0.9083
Epoch 29/50

Epoch 00029: saving model to models/unbalanced_mnist_vae_e300_L2_b64/random_classifier_1000/cp-0029.hdf5
 - 3s - loss: 0.1702 - acc: 0.9414 - val_loss: 0.2911 - val_acc: 0.9150
Epoch 30/50

Epoch 00030: saving model to models/unbalanced_mnist_vae_e300_L2_b64/random_classifier_1000/cp-0030.hdf5
 - 3s - loss: 0.1136 - acc: 0.9590 - val_loss: 0.3129 - val_acc: 0.9106
Epoch 31/50

Epoch 00031: saving model to models/unbalanced_mnist_vae_e300_L2_b64/random_classifier_1000/cp-0031.hdf5
 - 3s - loss: 0.1497 - acc: 0.9482 - val_loss: 0.2820 - val_acc: 0.9182
Epoch 32/50

Epoch 00032: saving model to models/unbalanced_mnist_vae_e300_L2_b64/random_classifier_1000/cp-0032.hdf5
 - 3s - loss: 0.1292 - acc: 0.9580 - val_loss: 0.2816 - val_acc: 0.9214
Epoch 33/50

Epoch 00033: saving model to models/unbalanced_mnist_vae_e300_L2_b64/random_classifier_1000/cp-0033.hdf5
 - 3s - loss: 0.1165 - acc: 0.9639 - val_loss: 0.2997 - val_acc: 0.9128
Epoch 34/50

Epoch 00034: saving model to models/unbalanced_mnist_vae_e300_L2_b64/random_classifier_1000/cp-0034.hdf5
 - 3s - loss: 0.1011 - acc: 0.9629 - val_loss: 0.2882 - val_acc: 0.9187
Epoch 35/50

Epoch 00035: saving model to models/unbalanced_mnist_vae_e300_L2_b64/random_classifier_1000/cp-0035.hdf5
 - 3s - loss: 0.1022 - acc: 0.9658 - val_loss: 0.3120 - val_acc: 0.9148
Epoch 36/50

Epoch 00036: saving model to models/unbalanced_mnist_vae_e300_L2_b64/random_classifier_1000/cp-0036.hdf5
 - 3s - loss: 0.0899 - acc: 0.9678 - val_loss: 0.2938 - val_acc: 0.9193
Epoch 37/50

Epoch 00037: saving model to models/unbalanced_mnist_vae_e300_L2_b64/random_classifier_1000/cp-0037.hdf5
 - 3s - loss: 0.1016 - acc: 0.9648 - val_loss: 0.2805 - val_acc: 0.9230
Epoch 38/50

Epoch 00038: saving model to models/unbalanced_mnist_vae_e300_L2_b64/random_classifier_1000/cp-0038.hdf5
 - 3s - loss: 0.0746 - acc: 0.9814 - val_loss: 0.2873 - val_acc: 0.9219
Epoch 39/50

Epoch 00039: saving model to models/unbalanced_mnist_vae_e300_L2_b64/random_classifier_1000/cp-0039.hdf5
 - 3s - loss: 0.0932 - acc: 0.9668 - val_loss: 0.2813 - val_acc: 0.9265
Epoch 40/50

Epoch 00040: saving model to models/unbalanced_mnist_vae_e300_L2_b64/random_classifier_1000/cp-0040.hdf5
 - 3s - loss: 0.0808 - acc: 0.9746 - val_loss: 0.3096 - val_acc: 0.9179
Epoch 41/50

Epoch 00041: saving model to models/unbalanced_mnist_vae_e300_L2_b64/random_classifier_1000/cp-0041.hdf5
 - 3s - loss: 0.0827 - acc: 0.9736 - val_loss: 0.3065 - val_acc: 0.9206
Epoch 42/50

Epoch 00042: saving model to models/unbalanced_mnist_vae_e300_L2_b64/random_classifier_1000/cp-0042.hdf5
 - 3s - loss: 0.0997 - acc: 0.9658 - val_loss: 0.2930 - val_acc: 0.9221
Epoch 43/50

Epoch 00043: saving model to models/unbalanced_mnist_vae_e300_L2_b64/random_classifier_1000/cp-0043.hdf5
 - 3s - loss: 0.0765 - acc: 0.9756 - val_loss: 0.3035 - val_acc: 0.9241
Epoch 44/50

Epoch 00044: saving model to models/unbalanced_mnist_vae_e300_L2_b64/random_classifier_1000/cp-0044.hdf5
 - 3s - loss: 0.0634 - acc: 0.9814 - val_loss: 0.2915 - val_acc: 0.9244
Epoch 45/50

Epoch 00045: saving model to models/unbalanced_mnist_vae_e300_L2_b64/random_classifier_1000/cp-0045.hdf5
 - 3s - loss: 0.0792 - acc: 0.9697 - val_loss: 0.2866 - val_acc: 0.9243
Epoch 46/50

Epoch 00046: saving model to models/unbalanced_mnist_vae_e300_L2_b64/random_classifier_1000/cp-0046.hdf5
 - 3s - loss: 0.0540 - acc: 0.9824 - val_loss: 0.3051 - val_acc: 0.9241
Epoch 47/50

Epoch 00047: saving model to models/unbalanced_mnist_vae_e300_L2_b64/random_classifier_1000/cp-0047.hdf5
 - 3s - loss: 0.0551 - acc: 0.9824 - val_loss: 0.3138 - val_acc: 0.9226
Epoch 48/50

Epoch 00048: saving model to models/unbalanced_mnist_vae_e300_L2_b64/random_classifier_1000/cp-0048.hdf5
 - 3s - loss: 0.0566 - acc: 0.9805 - val_loss: 0.2928 - val_acc: 0.9277
Epoch 49/50

Epoch 00049: saving model to models/unbalanced_mnist_vae_e300_L2_b64/random_classifier_1000/cp-0049.hdf5
 - 3s - loss: 0.0537 - acc: 0.9795 - val_loss: 0.2903 - val_acc: 0.9276
Epoch 50/50

Epoch 00050: saving model to models/unbalanced_mnist_vae_e300_L2_b64/random_classifier_1000/cp-0050.hdf5
 - 3s - loss: 0.0401 - acc: 0.9893 - val_loss: 0.3055 - val_acc: 0.9259
Epoch 1/50

Epoch 00001: saving model to models/unbalanced_mnist_vae_e300_L2_b64/normal_classifier_1000/cp-0001.hdf5
 - 5s - loss: 2.2983 - acc: 0.1367 - val_loss: 2.3016 - val_acc: 0.1399
Epoch 2/50

Epoch 00002: saving model to models/unbalanced_mnist_vae_e300_L2_b64/normal_classifier_1000/cp-0002.hdf5
 - 3s - loss: 2.2680 - acc: 0.2637 - val_loss: 2.3020 - val_acc: 0.1199
Epoch 3/50

Epoch 00003: saving model to models/unbalanced_mnist_vae_e300_L2_b64/normal_classifier_1000/cp-0003.hdf5
 - 3s - loss: 2.1517 - acc: 0.2969 - val_loss: 2.3499 - val_acc: 0.1883
Epoch 4/50

Epoch 00004: saving model to models/unbalanced_mnist_vae_e300_L2_b64/normal_classifier_1000/cp-0004.hdf5
 - 3s - loss: 1.9808 - acc: 0.3574 - val_loss: 2.1233 - val_acc: 0.2566
Epoch 5/50

Epoch 00005: saving model to models/unbalanced_mnist_vae_e300_L2_b64/normal_classifier_1000/cp-0005.hdf5
 - 3s - loss: 1.6382 - acc: 0.4277 - val_loss: 1.6855 - val_acc: 0.4264
Epoch 6/50

Epoch 00006: saving model to models/unbalanced_mnist_vae_e300_L2_b64/normal_classifier_1000/cp-0006.hdf5
 - 3s - loss: 1.2849 - acc: 0.5840 - val_loss: 1.2478 - val_acc: 0.6050
Epoch 7/50

Epoch 00007: saving model to models/unbalanced_mnist_vae_e300_L2_b64/normal_classifier_1000/cp-0007.hdf5
 - 3s - loss: 1.1032 - acc: 0.6328 - val_loss: 1.2940 - val_acc: 0.5760
Epoch 8/50

Epoch 00008: saving model to models/unbalanced_mnist_vae_e300_L2_b64/normal_classifier_1000/cp-0008.hdf5
 - 3s - loss: 0.9647 - acc: 0.6602 - val_loss: 0.8644 - val_acc: 0.7328
Epoch 9/50

Epoch 00009: saving model to models/unbalanced_mnist_vae_e300_L2_b64/normal_classifier_1000/cp-0009.hdf5
 - 3s - loss: 0.8477 - acc: 0.7012 - val_loss: 0.7500 - val_acc: 0.7879
Epoch 10/50

Epoch 00010: saving model to models/unbalanced_mnist_vae_e300_L2_b64/normal_classifier_1000/cp-0010.hdf5
 - 3s - loss: 0.7305 - acc: 0.7568 - val_loss: 0.6805 - val_acc: 0.7890
Epoch 11/50

Epoch 00011: saving model to models/unbalanced_mnist_vae_e300_L2_b64/normal_classifier_1000/cp-0011.hdf5
 - 3s - loss: 0.7303 - acc: 0.7461 - val_loss: 0.6321 - val_acc: 0.8173
Epoch 12/50

Epoch 00012: saving model to models/unbalanced_mnist_vae_e300_L2_b64/normal_classifier_1000/cp-0012.hdf5
 - 3s - loss: 0.6464 - acc: 0.7656 - val_loss: 0.6977 - val_acc: 0.7941
Epoch 13/50

Epoch 00013: saving model to models/unbalanced_mnist_vae_e300_L2_b64/normal_classifier_1000/cp-0013.hdf5
 - 3s - loss: 0.5683 - acc: 0.8096 - val_loss: 0.5627 - val_acc: 0.8249
Epoch 14/50

Epoch 00014: saving model to models/unbalanced_mnist_vae_e300_L2_b64/normal_classifier_1000/cp-0014.hdf5
 - 3s - loss: 0.5434 - acc: 0.8027 - val_loss: 0.4880 - val_acc: 0.8494
Epoch 15/50

Epoch 00015: saving model to models/unbalanced_mnist_vae_e300_L2_b64/normal_classifier_1000/cp-0015.hdf5
 - 3s - loss: 0.4506 - acc: 0.8467 - val_loss: 0.4600 - val_acc: 0.8628
Epoch 16/50

Epoch 00016: saving model to models/unbalanced_mnist_vae_e300_L2_b64/normal_classifier_1000/cp-0016.hdf5
 - 3s - loss: 0.4549 - acc: 0.8525 - val_loss: 0.4578 - val_acc: 0.8671
Epoch 17/50

Epoch 00017: saving model to models/unbalanced_mnist_vae_e300_L2_b64/normal_classifier_1000/cp-0017.hdf5
 - 3s - loss: 0.4038 - acc: 0.8623 - val_loss: 0.4198 - val_acc: 0.8706
Epoch 18/50

Epoch 00018: saving model to models/unbalanced_mnist_vae_e300_L2_b64/normal_classifier_1000/cp-0018.hdf5
 - 3s - loss: 0.4022 - acc: 0.8594 - val_loss: 0.4329 - val_acc: 0.8701
Epoch 19/50

Epoch 00019: saving model to models/unbalanced_mnist_vae_e300_L2_b64/normal_classifier_1000/cp-0019.hdf5
 - 3s - loss: 0.3782 - acc: 0.8701 - val_loss: 0.3909 - val_acc: 0.8838
Epoch 20/50

Epoch 00020: saving model to models/unbalanced_mnist_vae_e300_L2_b64/normal_classifier_1000/cp-0020.hdf5
 - 3s - loss: 0.3590 - acc: 0.8770 - val_loss: 0.4266 - val_acc: 0.8766
Epoch 21/50

Epoch 00021: saving model to models/unbalanced_mnist_vae_e300_L2_b64/normal_classifier_1000/cp-0021.hdf5
 - 3s - loss: 0.3148 - acc: 0.8896 - val_loss: 0.3733 - val_acc: 0.8914
Epoch 22/50

Epoch 00022: saving model to models/unbalanced_mnist_vae_e300_L2_b64/normal_classifier_1000/cp-0022.hdf5
 - 3s - loss: 0.2900 - acc: 0.9102 - val_loss: 0.3710 - val_acc: 0.8897
Epoch 23/50

Epoch 00023: saving model to models/unbalanced_mnist_vae_e300_L2_b64/normal_classifier_1000/cp-0023.hdf5
 - 3s - loss: 0.2557 - acc: 0.9092 - val_loss: 0.4119 - val_acc: 0.8737
Epoch 24/50

Epoch 00024: saving model to models/unbalanced_mnist_vae_e300_L2_b64/normal_classifier_1000/cp-0024.hdf5
 - 3s - loss: 0.2448 - acc: 0.9092 - val_loss: 0.4250 - val_acc: 0.8744
Epoch 25/50

Epoch 00025: saving model to models/unbalanced_mnist_vae_e300_L2_b64/normal_classifier_1000/cp-0025.hdf5
 - 3s - loss: 0.2805 - acc: 0.9023 - val_loss: 0.3877 - val_acc: 0.8879
Epoch 26/50

Epoch 00026: saving model to models/unbalanced_mnist_vae_e300_L2_b64/normal_classifier_1000/cp-0026.hdf5
 - 3s - loss: 0.2096 - acc: 0.9297 - val_loss: 0.3901 - val_acc: 0.8869
Epoch 27/50

Epoch 00027: saving model to models/unbalanced_mnist_vae_e300_L2_b64/normal_classifier_1000/cp-0027.hdf5
 - 3s - loss: 0.2264 - acc: 0.9209 - val_loss: 0.3604 - val_acc: 0.8942
Epoch 28/50

Epoch 00028: saving model to models/unbalanced_mnist_vae_e300_L2_b64/normal_classifier_1000/cp-0028.hdf5
 - 3s - loss: 0.1940 - acc: 0.9307 - val_loss: 0.3665 - val_acc: 0.8957
Epoch 29/50

Epoch 00029: saving model to models/unbalanced_mnist_vae_e300_L2_b64/normal_classifier_1000/cp-0029.hdf5
 - 3s - loss: 0.1928 - acc: 0.9346 - val_loss: 0.3971 - val_acc: 0.8902
Epoch 30/50

Epoch 00030: saving model to models/unbalanced_mnist_vae_e300_L2_b64/normal_classifier_1000/cp-0030.hdf5
 - 3s - loss: 0.1492 - acc: 0.9473 - val_loss: 0.3546 - val_acc: 0.9018
Epoch 31/50

Epoch 00031: saving model to models/unbalanced_mnist_vae_e300_L2_b64/normal_classifier_1000/cp-0031.hdf5
 - 3s - loss: 0.1739 - acc: 0.9385 - val_loss: 0.3510 - val_acc: 0.9022
Epoch 32/50

Epoch 00032: saving model to models/unbalanced_mnist_vae_e300_L2_b64/normal_classifier_1000/cp-0032.hdf5
 - 3s - loss: 0.1735 - acc: 0.9385 - val_loss: 0.3534 - val_acc: 0.9009
Epoch 33/50

Epoch 00033: saving model to models/unbalanced_mnist_vae_e300_L2_b64/normal_classifier_1000/cp-0033.hdf5
 - 3s - loss: 0.1393 - acc: 0.9600 - val_loss: 0.4038 - val_acc: 0.8920
Epoch 34/50

Epoch 00034: saving model to models/unbalanced_mnist_vae_e300_L2_b64/normal_classifier_1000/cp-0034.hdf5
 - 3s - loss: 0.1359 - acc: 0.9580 - val_loss: 0.3993 - val_acc: 0.8931
Epoch 35/50

Epoch 00035: saving model to models/unbalanced_mnist_vae_e300_L2_b64/normal_classifier_1000/cp-0035.hdf5
 - 3s - loss: 0.1216 - acc: 0.9541 - val_loss: 0.3584 - val_acc: 0.9075
Epoch 36/50

Epoch 00036: saving model to models/unbalanced_mnist_vae_e300_L2_b64/normal_classifier_1000/cp-0036.hdf5
 - 3s - loss: 0.1103 - acc: 0.9629 - val_loss: 0.3754 - val_acc: 0.8997
Epoch 37/50

Epoch 00037: saving model to models/unbalanced_mnist_vae_e300_L2_b64/normal_classifier_1000/cp-0037.hdf5
 - 3s - loss: 0.1052 - acc: 0.9688 - val_loss: 0.3855 - val_acc: 0.8986
Epoch 38/50

Epoch 00038: saving model to models/unbalanced_mnist_vae_e300_L2_b64/normal_classifier_1000/cp-0038.hdf5
 - 3s - loss: 0.1438 - acc: 0.9443 - val_loss: 0.3876 - val_acc: 0.8981
Epoch 39/50

Epoch 00039: saving model to models/unbalanced_mnist_vae_e300_L2_b64/normal_classifier_1000/cp-0039.hdf5
 - 3s - loss: 0.1127 - acc: 0.9570 - val_loss: 0.3734 - val_acc: 0.9019
Epoch 40/50

Epoch 00040: saving model to models/unbalanced_mnist_vae_e300_L2_b64/normal_classifier_1000/cp-0040.hdf5
 - 3s - loss: 0.1074 - acc: 0.9619 - val_loss: 0.3945 - val_acc: 0.8987
Epoch 41/50

Epoch 00041: saving model to models/unbalanced_mnist_vae_e300_L2_b64/normal_classifier_1000/cp-0041.hdf5
 - 3s - loss: 0.0889 - acc: 0.9727 - val_loss: 0.3691 - val_acc: 0.9040
Epoch 42/50

Epoch 00042: saving model to models/unbalanced_mnist_vae_e300_L2_b64/normal_classifier_1000/cp-0042.hdf5
 - 3s - loss: 0.0986 - acc: 0.9668 - val_loss: 0.3908 - val_acc: 0.9009
Epoch 43/50

Epoch 00043: saving model to models/unbalanced_mnist_vae_e300_L2_b64/normal_classifier_1000/cp-0043.hdf5
 - 3s - loss: 0.0955 - acc: 0.9639 - val_loss: 0.3968 - val_acc: 0.9011
Epoch 44/50

Epoch 00044: saving model to models/unbalanced_mnist_vae_e300_L2_b64/normal_classifier_1000/cp-0044.hdf5
 - 3s - loss: 0.0755 - acc: 0.9756 - val_loss: 0.4059 - val_acc: 0.8996
Epoch 45/50

Epoch 00045: saving model to models/unbalanced_mnist_vae_e300_L2_b64/normal_classifier_1000/cp-0045.hdf5
 - 3s - loss: 0.0748 - acc: 0.9756 - val_loss: 0.3891 - val_acc: 0.9081
Epoch 46/50

Epoch 00046: saving model to models/unbalanced_mnist_vae_e300_L2_b64/normal_classifier_1000/cp-0046.hdf5
 - 3s - loss: 0.0825 - acc: 0.9746 - val_loss: 0.4062 - val_acc: 0.9032
Epoch 47/50

Epoch 00047: saving model to models/unbalanced_mnist_vae_e300_L2_b64/normal_classifier_1000/cp-0047.hdf5
 - 3s - loss: 0.0760 - acc: 0.9766 - val_loss: 0.3980 - val_acc: 0.9038
Epoch 48/50

Epoch 00048: saving model to models/unbalanced_mnist_vae_e300_L2_b64/normal_classifier_1000/cp-0048.hdf5
 - 3s - loss: 0.0784 - acc: 0.9688 - val_loss: 0.3836 - val_acc: 0.9075
Epoch 49/50

Epoch 00049: saving model to models/unbalanced_mnist_vae_e300_L2_b64/normal_classifier_1000/cp-0049.hdf5
 - 3s - loss: 0.0663 - acc: 0.9824 - val_loss: 0.3711 - val_acc: 0.9116
Epoch 50/50

Epoch 00050: saving model to models/unbalanced_mnist_vae_e300_L2_b64/normal_classifier_1000/cp-0050.hdf5
 - 3s - loss: 0.0751 - acc: 0.9727 - val_loss: 0.3938 - val_acc: 0.9078
Epoch 1/50

Epoch 00001: saving model to models/unbalanced_mnist_vae_e300_L2_b64/multi-normal_classifier_1000/cp-0001.hdf5
 - 5s - loss: 2.2998 - acc: 0.1338 - val_loss: 2.3021 - val_acc: 0.0996
Epoch 2/50

Epoch 00002: saving model to models/unbalanced_mnist_vae_e300_L2_b64/multi-normal_classifier_1000/cp-0002.hdf5
 - 3s - loss: 2.2868 - acc: 0.1787 - val_loss: 2.3002 - val_acc: 0.1092
Epoch 3/50

Epoch 00003: saving model to models/unbalanced_mnist_vae_e300_L2_b64/multi-normal_classifier_1000/cp-0003.hdf5
 - 3s - loss: 2.2349 - acc: 0.2188 - val_loss: 2.3245 - val_acc: 0.1985
Epoch 4/50

Epoch 00004: saving model to models/unbalanced_mnist_vae_e300_L2_b64/multi-normal_classifier_1000/cp-0004.hdf5
 - 3s - loss: 2.1392 - acc: 0.3350 - val_loss: 2.3238 - val_acc: 0.1540
Epoch 5/50

Epoch 00005: saving model to models/unbalanced_mnist_vae_e300_L2_b64/multi-normal_classifier_1000/cp-0005.hdf5
 - 3s - loss: 2.0092 - acc: 0.3564 - val_loss: 2.1587 - val_acc: 0.3475
Epoch 6/50

Epoch 00006: saving model to models/unbalanced_mnist_vae_e300_L2_b64/multi-normal_classifier_1000/cp-0006.hdf5
 - 3s - loss: 1.6988 - acc: 0.4414 - val_loss: 1.6190 - val_acc: 0.4929
Epoch 7/50

Epoch 00007: saving model to models/unbalanced_mnist_vae_e300_L2_b64/multi-normal_classifier_1000/cp-0007.hdf5
 - 3s - loss: 1.3374 - acc: 0.5420 - val_loss: 1.2889 - val_acc: 0.5402
Epoch 8/50

Epoch 00008: saving model to models/unbalanced_mnist_vae_e300_L2_b64/multi-normal_classifier_1000/cp-0008.hdf5
 - 3s - loss: 1.1382 - acc: 0.6143 - val_loss: 1.0891 - val_acc: 0.6012
Epoch 9/50

Epoch 00009: saving model to models/unbalanced_mnist_vae_e300_L2_b64/multi-normal_classifier_1000/cp-0009.hdf5
 - 3s - loss: 1.0217 - acc: 0.6602 - val_loss: 0.8961 - val_acc: 0.7105
Epoch 10/50

Epoch 00010: saving model to models/unbalanced_mnist_vae_e300_L2_b64/multi-normal_classifier_1000/cp-0010.hdf5
 - 3s - loss: 0.8396 - acc: 0.7227 - val_loss: 0.8269 - val_acc: 0.7017
Epoch 11/50

Epoch 00011: saving model to models/unbalanced_mnist_vae_e300_L2_b64/multi-normal_classifier_1000/cp-0011.hdf5
 - 3s - loss: 0.7863 - acc: 0.7373 - val_loss: 0.6767 - val_acc: 0.7757
Epoch 12/50

Epoch 00012: saving model to models/unbalanced_mnist_vae_e300_L2_b64/multi-normal_classifier_1000/cp-0012.hdf5
 - 3s - loss: 0.7079 - acc: 0.7715 - val_loss: 0.6314 - val_acc: 0.7996
Epoch 13/50

Epoch 00013: saving model to models/unbalanced_mnist_vae_e300_L2_b64/multi-normal_classifier_1000/cp-0013.hdf5
 - 3s - loss: 0.6619 - acc: 0.7832 - val_loss: 0.6189 - val_acc: 0.8024
Epoch 14/50

Epoch 00014: saving model to models/unbalanced_mnist_vae_e300_L2_b64/multi-normal_classifier_1000/cp-0014.hdf5
 - 3s - loss: 0.6139 - acc: 0.7969 - val_loss: 0.5577 - val_acc: 0.8181
Epoch 15/50

Epoch 00015: saving model to models/unbalanced_mnist_vae_e300_L2_b64/multi-normal_classifier_1000/cp-0015.hdf5
 - 3s - loss: 0.5971 - acc: 0.7871 - val_loss: 0.5008 - val_acc: 0.8442
Epoch 16/50

Epoch 00016: saving model to models/unbalanced_mnist_vae_e300_L2_b64/multi-normal_classifier_1000/cp-0016.hdf5
 - 3s - loss: 0.5033 - acc: 0.8330 - val_loss: 0.5245 - val_acc: 0.8401
Epoch 17/50

Epoch 00017: saving model to models/unbalanced_mnist_vae_e300_L2_b64/multi-normal_classifier_1000/cp-0017.hdf5
 - 3s - loss: 0.5247 - acc: 0.8320 - val_loss: 0.4606 - val_acc: 0.8515
Epoch 18/50

Epoch 00018: saving model to models/unbalanced_mnist_vae_e300_L2_b64/multi-normal_classifier_1000/cp-0018.hdf5
 - 3s - loss: 0.4829 - acc: 0.8398 - val_loss: 0.4147 - val_acc: 0.8714
Epoch 19/50

Epoch 00019: saving model to models/unbalanced_mnist_vae_e300_L2_b64/multi-normal_classifier_1000/cp-0019.hdf5
 - 3s - loss: 0.4230 - acc: 0.8623 - val_loss: 0.4144 - val_acc: 0.8713
Epoch 20/50

Epoch 00020: saving model to models/unbalanced_mnist_vae_e300_L2_b64/multi-normal_classifier_1000/cp-0020.hdf5
 - 3s - loss: 0.4203 - acc: 0.8691 - val_loss: 0.3983 - val_acc: 0.8769
Epoch 21/50

Epoch 00021: saving model to models/unbalanced_mnist_vae_e300_L2_b64/multi-normal_classifier_1000/cp-0021.hdf5
 - 3s - loss: 0.3634 - acc: 0.8750 - val_loss: 0.4271 - val_acc: 0.8652
Epoch 22/50

Epoch 00022: saving model to models/unbalanced_mnist_vae_e300_L2_b64/multi-normal_classifier_1000/cp-0022.hdf5
 - 3s - loss: 0.3631 - acc: 0.8711 - val_loss: 0.4165 - val_acc: 0.8738
Epoch 23/50

Epoch 00023: saving model to models/unbalanced_mnist_vae_e300_L2_b64/multi-normal_classifier_1000/cp-0023.hdf5
 - 3s - loss: 0.3103 - acc: 0.8955 - val_loss: 0.4085 - val_acc: 0.8817
Epoch 24/50

Epoch 00024: saving model to models/unbalanced_mnist_vae_e300_L2_b64/multi-normal_classifier_1000/cp-0024.hdf5
 - 3s - loss: 0.3425 - acc: 0.8818 - val_loss: 0.3554 - val_acc: 0.8965
Epoch 25/50

Epoch 00025: saving model to models/unbalanced_mnist_vae_e300_L2_b64/multi-normal_classifier_1000/cp-0025.hdf5
 - 3s - loss: 0.2837 - acc: 0.9092 - val_loss: 0.4057 - val_acc: 0.8762
Epoch 26/50

Epoch 00026: saving model to models/unbalanced_mnist_vae_e300_L2_b64/multi-normal_classifier_1000/cp-0026.hdf5
 - 3s - loss: 0.2810 - acc: 0.9014 - val_loss: 0.3853 - val_acc: 0.8879
Epoch 27/50

Epoch 00027: saving model to models/unbalanced_mnist_vae_e300_L2_b64/multi-normal_classifier_1000/cp-0027.hdf5
 - 3s - loss: 0.2686 - acc: 0.9111 - val_loss: 0.3452 - val_acc: 0.9007
Epoch 28/50

Epoch 00028: saving model to models/unbalanced_mnist_vae_e300_L2_b64/multi-normal_classifier_1000/cp-0028.hdf5
 - 3s - loss: 0.2366 - acc: 0.9180 - val_loss: 0.3691 - val_acc: 0.8967
Epoch 29/50

Epoch 00029: saving model to models/unbalanced_mnist_vae_e300_L2_b64/multi-normal_classifier_1000/cp-0029.hdf5
 - 3s - loss: 0.2186 - acc: 0.9287 - val_loss: 0.3321 - val_acc: 0.9058
Epoch 30/50

Epoch 00030: saving model to models/unbalanced_mnist_vae_e300_L2_b64/multi-normal_classifier_1000/cp-0030.hdf5
 - 3s - loss: 0.2150 - acc: 0.9238 - val_loss: 0.3485 - val_acc: 0.8989
Epoch 31/50

Epoch 00031: saving model to models/unbalanced_mnist_vae_e300_L2_b64/multi-normal_classifier_1000/cp-0031.hdf5
 - 3s - loss: 0.2413 - acc: 0.9180 - val_loss: 0.3240 - val_acc: 0.9059
Epoch 32/50

Epoch 00032: saving model to models/unbalanced_mnist_vae_e300_L2_b64/multi-normal_classifier_1000/cp-0032.hdf5
 - 3s - loss: 0.2044 - acc: 0.9365 - val_loss: 0.3639 - val_acc: 0.8987
Epoch 33/50

Epoch 00033: saving model to models/unbalanced_mnist_vae_e300_L2_b64/multi-normal_classifier_1000/cp-0033.hdf5
 - 3s - loss: 0.1576 - acc: 0.9521 - val_loss: 0.3584 - val_acc: 0.9002
Epoch 34/50

Epoch 00034: saving model to models/unbalanced_mnist_vae_e300_L2_b64/multi-normal_classifier_1000/cp-0034.hdf5
 - 3s - loss: 0.1737 - acc: 0.9395 - val_loss: 0.3618 - val_acc: 0.9027
Epoch 35/50

Epoch 00035: saving model to models/unbalanced_mnist_vae_e300_L2_b64/multi-normal_classifier_1000/cp-0035.hdf5
 - 3s - loss: 0.1377 - acc: 0.9561 - val_loss: 0.3464 - val_acc: 0.9095
Epoch 36/50

Epoch 00036: saving model to models/unbalanced_mnist_vae_e300_L2_b64/multi-normal_classifier_1000/cp-0036.hdf5
 - 3s - loss: 0.1557 - acc: 0.9512 - val_loss: 0.3378 - val_acc: 0.9128
Epoch 37/50

Epoch 00037: saving model to models/unbalanced_mnist_vae_e300_L2_b64/multi-normal_classifier_1000/cp-0037.hdf5
 - 3s - loss: 0.1232 - acc: 0.9551 - val_loss: 0.3382 - val_acc: 0.9092
Epoch 38/50

Epoch 00038: saving model to models/unbalanced_mnist_vae_e300_L2_b64/multi-normal_classifier_1000/cp-0038.hdf5
 - 3s - loss: 0.1325 - acc: 0.9580 - val_loss: 0.3827 - val_acc: 0.9066
Epoch 39/50

Epoch 00039: saving model to models/unbalanced_mnist_vae_e300_L2_b64/multi-normal_classifier_1000/cp-0039.hdf5
 - 3s - loss: 0.1012 - acc: 0.9697 - val_loss: 0.3428 - val_acc: 0.9131
Epoch 40/50

Epoch 00040: saving model to models/unbalanced_mnist_vae_e300_L2_b64/multi-normal_classifier_1000/cp-0040.hdf5
 - 3s - loss: 0.1212 - acc: 0.9619 - val_loss: 0.3743 - val_acc: 0.9080
Epoch 41/50

Epoch 00041: saving model to models/unbalanced_mnist_vae_e300_L2_b64/multi-normal_classifier_1000/cp-0041.hdf5
 - 3s - loss: 0.0987 - acc: 0.9609 - val_loss: 0.3588 - val_acc: 0.9127
Epoch 42/50

Epoch 00042: saving model to models/unbalanced_mnist_vae_e300_L2_b64/multi-normal_classifier_1000/cp-0042.hdf5
 - 3s - loss: 0.1094 - acc: 0.9619 - val_loss: 0.3656 - val_acc: 0.9122
Epoch 43/50

Epoch 00043: saving model to models/unbalanced_mnist_vae_e300_L2_b64/multi-normal_classifier_1000/cp-0043.hdf5
 - 3s - loss: 0.0782 - acc: 0.9775 - val_loss: 0.3474 - val_acc: 0.9149
Epoch 44/50

Epoch 00044: saving model to models/unbalanced_mnist_vae_e300_L2_b64/multi-normal_classifier_1000/cp-0044.hdf5
 - 3s - loss: 0.1127 - acc: 0.9580 - val_loss: 0.3681 - val_acc: 0.9111
Epoch 45/50

Epoch 00045: saving model to models/unbalanced_mnist_vae_e300_L2_b64/multi-normal_classifier_1000/cp-0045.hdf5
 - 3s - loss: 0.0996 - acc: 0.9600 - val_loss: 0.3508 - val_acc: 0.9154
Epoch 46/50

Epoch 00046: saving model to models/unbalanced_mnist_vae_e300_L2_b64/multi-normal_classifier_1000/cp-0046.hdf5
 - 3s - loss: 0.1063 - acc: 0.9600 - val_loss: 0.3570 - val_acc: 0.9137
Epoch 47/50

Epoch 00047: saving model to models/unbalanced_mnist_vae_e300_L2_b64/multi-normal_classifier_1000/cp-0047.hdf5
 - 3s - loss: 0.0919 - acc: 0.9688 - val_loss: 0.3567 - val_acc: 0.9117
Epoch 48/50

Epoch 00048: saving model to models/unbalanced_mnist_vae_e300_L2_b64/multi-normal_classifier_1000/cp-0048.hdf5
 - 3s - loss: 0.0800 - acc: 0.9756 - val_loss: 0.3507 - val_acc: 0.9147
Epoch 49/50

Epoch 00049: saving model to models/unbalanced_mnist_vae_e300_L2_b64/multi-normal_classifier_1000/cp-0049.hdf5
 - 3s - loss: 0.0791 - acc: 0.9766 - val_loss: 0.3538 - val_acc: 0.9150
Epoch 50/50

Epoch 00050: saving model to models/unbalanced_mnist_vae_e300_L2_b64/multi-normal_classifier_1000/cp-0050.hdf5
 - 3s - loss: 0.0736 - acc: 0.9736 - val_loss: 0.3567 - val_acc: 0.9163
Epoch 1/50

Epoch 00001: saving model to models/unbalanced_mnist_vae_e300_L2_b64/uniform_classifier_1000/cp-0001.hdf5
 - 6s - loss: 2.2496 - acc: 0.3896 - val_loss: 2.3096 - val_acc: 0.1789
Epoch 2/50

Epoch 00002: saving model to models/unbalanced_mnist_vae_e300_L2_b64/uniform_classifier_1000/cp-0002.hdf5
 - 3s - loss: 1.6949 - acc: 0.5732 - val_loss: 3.3905 - val_acc: 0.1982
Epoch 3/50

Epoch 00003: saving model to models/unbalanced_mnist_vae_e300_L2_b64/uniform_classifier_1000/cp-0003.hdf5
 - 3s - loss: 1.2126 - acc: 0.7012 - val_loss: 3.0374 - val_acc: 0.1982
Epoch 4/50

Epoch 00004: saving model to models/unbalanced_mnist_vae_e300_L2_b64/uniform_classifier_1000/cp-0004.hdf5
 - 3s - loss: 0.8644 - acc: 0.7451 - val_loss: 3.1418 - val_acc: 0.2362
Epoch 5/50

Epoch 00005: saving model to models/unbalanced_mnist_vae_e300_L2_b64/uniform_classifier_1000/cp-0005.hdf5
 - 3s - loss: 0.6930 - acc: 0.7881 - val_loss: 3.1068 - val_acc: 0.2418
Epoch 6/50

Epoch 00006: saving model to models/unbalanced_mnist_vae_e300_L2_b64/uniform_classifier_1000/cp-0006.hdf5
 - 3s - loss: 0.5816 - acc: 0.8398 - val_loss: 2.5050 - val_acc: 0.3189
Epoch 7/50

Epoch 00007: saving model to models/unbalanced_mnist_vae_e300_L2_b64/uniform_classifier_1000/cp-0007.hdf5
 - 3s - loss: 0.4864 - acc: 0.8574 - val_loss: 2.5514 - val_acc: 0.3474
Epoch 8/50

Epoch 00008: saving model to models/unbalanced_mnist_vae_e300_L2_b64/uniform_classifier_1000/cp-0008.hdf5
 - 3s - loss: 0.4474 - acc: 0.8682 - val_loss: 2.3195 - val_acc: 0.3505
Epoch 9/50

Epoch 00009: saving model to models/unbalanced_mnist_vae_e300_L2_b64/uniform_classifier_1000/cp-0009.hdf5
 - 3s - loss: 0.4585 - acc: 0.8730 - val_loss: 2.3013 - val_acc: 0.3486
Epoch 10/50

Epoch 00010: saving model to models/unbalanced_mnist_vae_e300_L2_b64/uniform_classifier_1000/cp-0010.hdf5
 - 3s - loss: 0.3756 - acc: 0.9004 - val_loss: 2.1092 - val_acc: 0.3780
Epoch 11/50

Epoch 00011: saving model to models/unbalanced_mnist_vae_e300_L2_b64/uniform_classifier_1000/cp-0011.hdf5
 - 3s - loss: 0.3623 - acc: 0.8984 - val_loss: 2.3312 - val_acc: 0.3709
Epoch 12/50

Epoch 00012: saving model to models/unbalanced_mnist_vae_e300_L2_b64/uniform_classifier_1000/cp-0012.hdf5
 - 3s - loss: 0.3029 - acc: 0.9121 - val_loss: 2.2244 - val_acc: 0.4226
Epoch 13/50

Epoch 00013: saving model to models/unbalanced_mnist_vae_e300_L2_b64/uniform_classifier_1000/cp-0013.hdf5
 - 3s - loss: 0.3312 - acc: 0.9033 - val_loss: 1.9535 - val_acc: 0.4660
Epoch 14/50

Epoch 00014: saving model to models/unbalanced_mnist_vae_e300_L2_b64/uniform_classifier_1000/cp-0014.hdf5
 - 3s - loss: 0.2566 - acc: 0.9199 - val_loss: 2.1993 - val_acc: 0.4371
Epoch 15/50

Epoch 00015: saving model to models/unbalanced_mnist_vae_e300_L2_b64/uniform_classifier_1000/cp-0015.hdf5
 - 3s - loss: 0.2880 - acc: 0.9131 - val_loss: 1.9820 - val_acc: 0.5021
Epoch 16/50

Epoch 00016: saving model to models/unbalanced_mnist_vae_e300_L2_b64/uniform_classifier_1000/cp-0016.hdf5
 - 3s - loss: 0.2267 - acc: 0.9326 - val_loss: 2.0860 - val_acc: 0.4937
Epoch 17/50

Epoch 00017: saving model to models/unbalanced_mnist_vae_e300_L2_b64/uniform_classifier_1000/cp-0017.hdf5
 - 3s - loss: 0.2587 - acc: 0.9258 - val_loss: 1.9393 - val_acc: 0.4834
Epoch 18/50

Epoch 00018: saving model to models/unbalanced_mnist_vae_e300_L2_b64/uniform_classifier_1000/cp-0018.hdf5
 - 3s - loss: 0.2034 - acc: 0.9414 - val_loss: 1.8528 - val_acc: 0.5051
Epoch 19/50

Epoch 00019: saving model to models/unbalanced_mnist_vae_e300_L2_b64/uniform_classifier_1000/cp-0019.hdf5
 - 3s - loss: 0.1660 - acc: 0.9463 - val_loss: 1.9782 - val_acc: 0.5275
Epoch 20/50

Epoch 00020: saving model to models/unbalanced_mnist_vae_e300_L2_b64/uniform_classifier_1000/cp-0020.hdf5
 - 3s - loss: 0.2110 - acc: 0.9336 - val_loss: 2.0904 - val_acc: 0.5186
Epoch 21/50

Epoch 00021: saving model to models/unbalanced_mnist_vae_e300_L2_b64/uniform_classifier_1000/cp-0021.hdf5
 - 3s - loss: 0.1459 - acc: 0.9521 - val_loss: 2.3668 - val_acc: 0.5023
Epoch 22/50

Epoch 00022: saving model to models/unbalanced_mnist_vae_e300_L2_b64/uniform_classifier_1000/cp-0022.hdf5
 - 3s - loss: 0.1654 - acc: 0.9492 - val_loss: 1.8992 - val_acc: 0.5490
Epoch 23/50

Epoch 00023: saving model to models/unbalanced_mnist_vae_e300_L2_b64/uniform_classifier_1000/cp-0023.hdf5
 - 3s - loss: 0.1431 - acc: 0.9473 - val_loss: 2.2131 - val_acc: 0.5241
Epoch 24/50

Epoch 00024: saving model to models/unbalanced_mnist_vae_e300_L2_b64/uniform_classifier_1000/cp-0024.hdf5
 - 3s - loss: 0.1527 - acc: 0.9424 - val_loss: 2.1670 - val_acc: 0.5461
Epoch 25/50

Epoch 00025: saving model to models/unbalanced_mnist_vae_e300_L2_b64/uniform_classifier_1000/cp-0025.hdf5
 - 3s - loss: 0.1435 - acc: 0.9590 - val_loss: 1.9891 - val_acc: 0.5696
Epoch 26/50

Epoch 00026: saving model to models/unbalanced_mnist_vae_e300_L2_b64/uniform_classifier_1000/cp-0026.hdf5
 - 3s - loss: 0.1049 - acc: 0.9668 - val_loss: 2.2416 - val_acc: 0.5501
Epoch 27/50

Epoch 00027: saving model to models/unbalanced_mnist_vae_e300_L2_b64/uniform_classifier_1000/cp-0027.hdf5
 - 3s - loss: 0.1538 - acc: 0.9463 - val_loss: 1.9849 - val_acc: 0.5688
Epoch 28/50

Epoch 00028: saving model to models/unbalanced_mnist_vae_e300_L2_b64/uniform_classifier_1000/cp-0028.hdf5
 - 3s - loss: 0.1017 - acc: 0.9688 - val_loss: 2.0171 - val_acc: 0.5834
Epoch 29/50

Epoch 00029: saving model to models/unbalanced_mnist_vae_e300_L2_b64/uniform_classifier_1000/cp-0029.hdf5
 - 3s - loss: 0.1188 - acc: 0.9580 - val_loss: 2.0563 - val_acc: 0.5870
Epoch 30/50

Epoch 00030: saving model to models/unbalanced_mnist_vae_e300_L2_b64/uniform_classifier_1000/cp-0030.hdf5
 - 3s - loss: 0.0920 - acc: 0.9756 - val_loss: 1.9392 - val_acc: 0.5842
Epoch 31/50

Epoch 00031: saving model to models/unbalanced_mnist_vae_e300_L2_b64/uniform_classifier_1000/cp-0031.hdf5
 - 3s - loss: 0.1165 - acc: 0.9609 - val_loss: 1.8980 - val_acc: 0.5746
Epoch 32/50

Epoch 00032: saving model to models/unbalanced_mnist_vae_e300_L2_b64/uniform_classifier_1000/cp-0032.hdf5
 - 3s - loss: 0.0928 - acc: 0.9717 - val_loss: 2.1038 - val_acc: 0.5926
Epoch 33/50

Epoch 00033: saving model to models/unbalanced_mnist_vae_e300_L2_b64/uniform_classifier_1000/cp-0033.hdf5
 - 3s - loss: 0.1069 - acc: 0.9600 - val_loss: 1.9166 - val_acc: 0.6002
Epoch 34/50

Epoch 00034: saving model to models/unbalanced_mnist_vae_e300_L2_b64/uniform_classifier_1000/cp-0034.hdf5
 - 3s - loss: 0.0831 - acc: 0.9736 - val_loss: 2.0659 - val_acc: 0.6070
Epoch 35/50

Epoch 00035: saving model to models/unbalanced_mnist_vae_e300_L2_b64/uniform_classifier_1000/cp-0035.hdf5
 - 3s - loss: 0.0692 - acc: 0.9746 - val_loss: 2.2338 - val_acc: 0.5670
Epoch 36/50

Epoch 00036: saving model to models/unbalanced_mnist_vae_e300_L2_b64/uniform_classifier_1000/cp-0036.hdf5
 - 3s - loss: 0.0771 - acc: 0.9756 - val_loss: 2.0489 - val_acc: 0.5874
Epoch 37/50

Epoch 00037: saving model to models/unbalanced_mnist_vae_e300_L2_b64/uniform_classifier_1000/cp-0037.hdf5
 - 3s - loss: 0.0681 - acc: 0.9756 - val_loss: 2.0592 - val_acc: 0.6043
Epoch 38/50

Epoch 00038: saving model to models/unbalanced_mnist_vae_e300_L2_b64/uniform_classifier_1000/cp-0038.hdf5
 - 3s - loss: 0.0843 - acc: 0.9697 - val_loss: 2.2349 - val_acc: 0.5954
Epoch 39/50

Epoch 00039: saving model to models/unbalanced_mnist_vae_e300_L2_b64/uniform_classifier_1000/cp-0039.hdf5
 - 3s - loss: 0.0614 - acc: 0.9814 - val_loss: 2.2794 - val_acc: 0.5898
Epoch 40/50

Epoch 00040: saving model to models/unbalanced_mnist_vae_e300_L2_b64/uniform_classifier_1000/cp-0040.hdf5
 - 3s - loss: 0.0624 - acc: 0.9785 - val_loss: 2.2151 - val_acc: 0.5971
Epoch 41/50

Epoch 00041: saving model to models/unbalanced_mnist_vae_e300_L2_b64/uniform_classifier_1000/cp-0041.hdf5
 - 3s - loss: 0.0619 - acc: 0.9834 - val_loss: 2.5260 - val_acc: 0.5616
Epoch 42/50

Epoch 00042: saving model to models/unbalanced_mnist_vae_e300_L2_b64/uniform_classifier_1000/cp-0042.hdf5
 - 3s - loss: 0.0600 - acc: 0.9756 - val_loss: 2.2635 - val_acc: 0.5951
Epoch 43/50

Epoch 00043: saving model to models/unbalanced_mnist_vae_e300_L2_b64/uniform_classifier_1000/cp-0043.hdf5
 - 3s - loss: 0.0612 - acc: 0.9785 - val_loss: 2.2128 - val_acc: 0.6109
Epoch 44/50

Epoch 00044: saving model to models/unbalanced_mnist_vae_e300_L2_b64/uniform_classifier_1000/cp-0044.hdf5
 - 3s - loss: 0.0535 - acc: 0.9824 - val_loss: 2.3196 - val_acc: 0.6107
Epoch 45/50

Epoch 00045: saving model to models/unbalanced_mnist_vae_e300_L2_b64/uniform_classifier_1000/cp-0045.hdf5
 - 3s - loss: 0.0471 - acc: 0.9834 - val_loss: 2.2802 - val_acc: 0.5986
Epoch 46/50

Epoch 00046: saving model to models/unbalanced_mnist_vae_e300_L2_b64/uniform_classifier_1000/cp-0046.hdf5
 - 3s - loss: 0.0622 - acc: 0.9814 - val_loss: 2.3898 - val_acc: 0.6000
Epoch 47/50

Epoch 00047: saving model to models/unbalanced_mnist_vae_e300_L2_b64/uniform_classifier_1000/cp-0047.hdf5
 - 3s - loss: 0.0549 - acc: 0.9824 - val_loss: 2.1344 - val_acc: 0.6181
Epoch 48/50

Epoch 00048: saving model to models/unbalanced_mnist_vae_e300_L2_b64/uniform_classifier_1000/cp-0048.hdf5
 - 3s - loss: 0.0391 - acc: 0.9873 - val_loss: 2.2185 - val_acc: 0.6152
Epoch 49/50

Epoch 00049: saving model to models/unbalanced_mnist_vae_e300_L2_b64/uniform_classifier_1000/cp-0049.hdf5
 - 3s - loss: 0.0536 - acc: 0.9814 - val_loss: 2.1339 - val_acc: 0.6123
Epoch 50/50

Epoch 00050: saving model to models/unbalanced_mnist_vae_e300_L2_b64/uniform_classifier_1000/cp-0050.hdf5
 - 3s - loss: 0.0483 - acc: 0.9863 - val_loss: 2.2592 - val_acc: 0.6021
Epoch 1/50

Epoch 00001: saving model to models/unbalanced_mnist_vae_e300_L2_b64/uniform-cluster_classifier_1000/cp-0001.hdf5
 - 6s - loss: 2.3017 - acc: 0.1230 - val_loss: 2.3006 - val_acc: 0.1032
Epoch 2/50

Epoch 00002: saving model to models/unbalanced_mnist_vae_e300_L2_b64/uniform-cluster_classifier_1000/cp-0002.hdf5
 - 3s - loss: 2.2932 - acc: 0.1436 - val_loss: 2.2985 - val_acc: 0.1030
Epoch 3/50

Epoch 00003: saving model to models/unbalanced_mnist_vae_e300_L2_b64/uniform-cluster_classifier_1000/cp-0003.hdf5
 - 3s - loss: 2.2685 - acc: 0.1406 - val_loss: 2.2974 - val_acc: 0.1029
Epoch 4/50

Epoch 00004: saving model to models/unbalanced_mnist_vae_e300_L2_b64/uniform-cluster_classifier_1000/cp-0004.hdf5
 - 3s - loss: 2.1952 - acc: 0.1465 - val_loss: 2.3438 - val_acc: 0.1032
Epoch 5/50

Epoch 00005: saving model to models/unbalanced_mnist_vae_e300_L2_b64/uniform-cluster_classifier_1000/cp-0005.hdf5
 - 3s - loss: 2.0982 - acc: 0.2666 - val_loss: 2.2312 - val_acc: 0.3770
Epoch 6/50

Epoch 00006: saving model to models/unbalanced_mnist_vae_e300_L2_b64/uniform-cluster_classifier_1000/cp-0006.hdf5
 - 3s - loss: 1.7965 - acc: 0.4219 - val_loss: 2.0469 - val_acc: 0.2912
Epoch 7/50

Epoch 00007: saving model to models/unbalanced_mnist_vae_e300_L2_b64/uniform-cluster_classifier_1000/cp-0007.hdf5
 - 3s - loss: 1.4764 - acc: 0.5029 - val_loss: 1.4035 - val_acc: 0.5454
Epoch 8/50

Epoch 00008: saving model to models/unbalanced_mnist_vae_e300_L2_b64/uniform-cluster_classifier_1000/cp-0008.hdf5
 - 3s - loss: 1.3052 - acc: 0.5752 - val_loss: 1.0870 - val_acc: 0.6661
Epoch 9/50

Epoch 00009: saving model to models/unbalanced_mnist_vae_e300_L2_b64/uniform-cluster_classifier_1000/cp-0009.hdf5
 - 3s - loss: 1.0135 - acc: 0.6621 - val_loss: 0.9382 - val_acc: 0.6977
Epoch 10/50

Epoch 00010: saving model to models/unbalanced_mnist_vae_e300_L2_b64/uniform-cluster_classifier_1000/cp-0010.hdf5
 - 3s - loss: 0.9137 - acc: 0.7021 - val_loss: 0.8657 - val_acc: 0.7392
Epoch 11/50

Epoch 00011: saving model to models/unbalanced_mnist_vae_e300_L2_b64/uniform-cluster_classifier_1000/cp-0011.hdf5
 - 3s - loss: 0.8202 - acc: 0.7393 - val_loss: 0.8013 - val_acc: 0.7444
Epoch 12/50

Epoch 00012: saving model to models/unbalanced_mnist_vae_e300_L2_b64/uniform-cluster_classifier_1000/cp-0012.hdf5
 - 3s - loss: 0.7084 - acc: 0.7617 - val_loss: 0.7753 - val_acc: 0.7570
Epoch 13/50

Epoch 00013: saving model to models/unbalanced_mnist_vae_e300_L2_b64/uniform-cluster_classifier_1000/cp-0013.hdf5
 - 3s - loss: 0.6419 - acc: 0.7920 - val_loss: 0.6877 - val_acc: 0.7746
Epoch 14/50

Epoch 00014: saving model to models/unbalanced_mnist_vae_e300_L2_b64/uniform-cluster_classifier_1000/cp-0014.hdf5
 - 3s - loss: 0.5604 - acc: 0.8223 - val_loss: 0.7581 - val_acc: 0.7665
Epoch 15/50

Epoch 00015: saving model to models/unbalanced_mnist_vae_e300_L2_b64/uniform-cluster_classifier_1000/cp-0015.hdf5
 - 3s - loss: 0.5155 - acc: 0.8291 - val_loss: 0.6349 - val_acc: 0.8099
Epoch 16/50

Epoch 00016: saving model to models/unbalanced_mnist_vae_e300_L2_b64/uniform-cluster_classifier_1000/cp-0016.hdf5
 - 3s - loss: 0.4242 - acc: 0.8701 - val_loss: 0.8046 - val_acc: 0.7417
Epoch 17/50

Epoch 00017: saving model to models/unbalanced_mnist_vae_e300_L2_b64/uniform-cluster_classifier_1000/cp-0017.hdf5
 - 3s - loss: 0.4669 - acc: 0.8496 - val_loss: 0.5078 - val_acc: 0.8375
Epoch 18/50

Epoch 00018: saving model to models/unbalanced_mnist_vae_e300_L2_b64/uniform-cluster_classifier_1000/cp-0018.hdf5
 - 3s - loss: 0.3823 - acc: 0.8682 - val_loss: 0.5507 - val_acc: 0.8279
Epoch 19/50

Epoch 00019: saving model to models/unbalanced_mnist_vae_e300_L2_b64/uniform-cluster_classifier_1000/cp-0019.hdf5
 - 3s - loss: 0.3705 - acc: 0.8799 - val_loss: 0.4454 - val_acc: 0.8547
Epoch 20/50

Epoch 00020: saving model to models/unbalanced_mnist_vae_e300_L2_b64/uniform-cluster_classifier_1000/cp-0020.hdf5
 - 3s - loss: 0.3183 - acc: 0.8906 - val_loss: 0.3929 - val_acc: 0.8689
Epoch 21/50

Epoch 00021: saving model to models/unbalanced_mnist_vae_e300_L2_b64/uniform-cluster_classifier_1000/cp-0021.hdf5
 - 3s - loss: 0.3218 - acc: 0.8936 - val_loss: 0.3978 - val_acc: 0.8668
Epoch 22/50

Epoch 00022: saving model to models/unbalanced_mnist_vae_e300_L2_b64/uniform-cluster_classifier_1000/cp-0022.hdf5
 - 3s - loss: 0.3071 - acc: 0.8916 - val_loss: 0.4577 - val_acc: 0.8554
Epoch 23/50

Epoch 00023: saving model to models/unbalanced_mnist_vae_e300_L2_b64/uniform-cluster_classifier_1000/cp-0023.hdf5
 - 3s - loss: 0.2936 - acc: 0.9102 - val_loss: 0.3853 - val_acc: 0.8742
Epoch 24/50

Epoch 00024: saving model to models/unbalanced_mnist_vae_e300_L2_b64/uniform-cluster_classifier_1000/cp-0024.hdf5
 - 3s - loss: 0.2343 - acc: 0.9248 - val_loss: 0.3576 - val_acc: 0.8840
Epoch 25/50

Epoch 00025: saving model to models/unbalanced_mnist_vae_e300_L2_b64/uniform-cluster_classifier_1000/cp-0025.hdf5
 - 3s - loss: 0.2443 - acc: 0.9258 - val_loss: 0.3815 - val_acc: 0.8774
Epoch 26/50

Epoch 00026: saving model to models/unbalanced_mnist_vae_e300_L2_b64/uniform-cluster_classifier_1000/cp-0026.hdf5
 - 3s - loss: 0.2063 - acc: 0.9316 - val_loss: 0.4033 - val_acc: 0.8736
Epoch 27/50

Epoch 00027: saving model to models/unbalanced_mnist_vae_e300_L2_b64/uniform-cluster_classifier_1000/cp-0027.hdf5
 - 3s - loss: 0.1814 - acc: 0.9375 - val_loss: 0.4013 - val_acc: 0.8735
Epoch 28/50

Epoch 00028: saving model to models/unbalanced_mnist_vae_e300_L2_b64/uniform-cluster_classifier_1000/cp-0028.hdf5
 - 3s - loss: 0.1918 - acc: 0.9404 - val_loss: 0.3504 - val_acc: 0.8881
Epoch 29/50

Epoch 00029: saving model to models/unbalanced_mnist_vae_e300_L2_b64/uniform-cluster_classifier_1000/cp-0029.hdf5
 - 3s - loss: 0.1778 - acc: 0.9434 - val_loss: 0.4173 - val_acc: 0.8704
Epoch 30/50

Epoch 00030: saving model to models/unbalanced_mnist_vae_e300_L2_b64/uniform-cluster_classifier_1000/cp-0030.hdf5
 - 3s - loss: 0.1737 - acc: 0.9365 - val_loss: 0.3534 - val_acc: 0.8916
Epoch 31/50

Epoch 00031: saving model to models/unbalanced_mnist_vae_e300_L2_b64/uniform-cluster_classifier_1000/cp-0031.hdf5
 - 3s - loss: 0.1464 - acc: 0.9570 - val_loss: 0.3497 - val_acc: 0.8886
Epoch 32/50

Epoch 00032: saving model to models/unbalanced_mnist_vae_e300_L2_b64/uniform-cluster_classifier_1000/cp-0032.hdf5
 - 3s - loss: 0.1348 - acc: 0.9590 - val_loss: 0.3653 - val_acc: 0.8826
Epoch 33/50

Epoch 00033: saving model to models/unbalanced_mnist_vae_e300_L2_b64/uniform-cluster_classifier_1000/cp-0033.hdf5
 - 3s - loss: 0.1356 - acc: 0.9551 - val_loss: 0.3801 - val_acc: 0.8817
Epoch 34/50

Epoch 00034: saving model to models/unbalanced_mnist_vae_e300_L2_b64/uniform-cluster_classifier_1000/cp-0034.hdf5
 - 3s - loss: 0.1325 - acc: 0.9580 - val_loss: 0.3610 - val_acc: 0.8901
Epoch 35/50

Epoch 00035: saving model to models/unbalanced_mnist_vae_e300_L2_b64/uniform-cluster_classifier_1000/cp-0035.hdf5
 - 3s - loss: 0.1100 - acc: 0.9619 - val_loss: 0.3574 - val_acc: 0.8912
Epoch 36/50

Epoch 00036: saving model to models/unbalanced_mnist_vae_e300_L2_b64/uniform-cluster_classifier_1000/cp-0036.hdf5
 - 3s - loss: 0.1186 - acc: 0.9600 - val_loss: 0.3880 - val_acc: 0.8817
Epoch 37/50

Epoch 00037: saving model to models/unbalanced_mnist_vae_e300_L2_b64/uniform-cluster_classifier_1000/cp-0037.hdf5
 - 3s - loss: 0.1055 - acc: 0.9639 - val_loss: 0.3584 - val_acc: 0.8901
Epoch 38/50

Epoch 00038: saving model to models/unbalanced_mnist_vae_e300_L2_b64/uniform-cluster_classifier_1000/cp-0038.hdf5
 - 3s - loss: 0.1036 - acc: 0.9658 - val_loss: 0.3876 - val_acc: 0.8851
Epoch 39/50

Epoch 00039: saving model to models/unbalanced_mnist_vae_e300_L2_b64/uniform-cluster_classifier_1000/cp-0039.hdf5
 - 3s - loss: 0.0841 - acc: 0.9707 - val_loss: 0.4058 - val_acc: 0.8821
Epoch 40/50

Epoch 00040: saving model to models/unbalanced_mnist_vae_e300_L2_b64/uniform-cluster_classifier_1000/cp-0040.hdf5
 - 3s - loss: 0.0910 - acc: 0.9717 - val_loss: 0.3974 - val_acc: 0.8831
Epoch 41/50

Epoch 00041: saving model to models/unbalanced_mnist_vae_e300_L2_b64/uniform-cluster_classifier_1000/cp-0041.hdf5
 - 3s - loss: 0.0910 - acc: 0.9727 - val_loss: 0.3873 - val_acc: 0.8867
Epoch 42/50

Epoch 00042: saving model to models/unbalanced_mnist_vae_e300_L2_b64/uniform-cluster_classifier_1000/cp-0042.hdf5
 - 3s - loss: 0.0854 - acc: 0.9736 - val_loss: 0.3986 - val_acc: 0.8839
Epoch 43/50

Epoch 00043: saving model to models/unbalanced_mnist_vae_e300_L2_b64/uniform-cluster_classifier_1000/cp-0043.hdf5
 - 3s - loss: 0.0812 - acc: 0.9756 - val_loss: 0.3948 - val_acc: 0.8865
Epoch 44/50

Epoch 00044: saving model to models/unbalanced_mnist_vae_e300_L2_b64/uniform-cluster_classifier_1000/cp-0044.hdf5
 - 3s - loss: 0.0753 - acc: 0.9727 - val_loss: 0.4082 - val_acc: 0.8844
Epoch 45/50

Epoch 00045: saving model to models/unbalanced_mnist_vae_e300_L2_b64/uniform-cluster_classifier_1000/cp-0045.hdf5
 - 3s - loss: 0.0643 - acc: 0.9824 - val_loss: 0.3811 - val_acc: 0.8923
Epoch 46/50

Epoch 00046: saving model to models/unbalanced_mnist_vae_e300_L2_b64/uniform-cluster_classifier_1000/cp-0046.hdf5
 - 3s - loss: 0.0603 - acc: 0.9795 - val_loss: 0.4510 - val_acc: 0.8780
Epoch 47/50

Epoch 00047: saving model to models/unbalanced_mnist_vae_e300_L2_b64/uniform-cluster_classifier_1000/cp-0047.hdf5
 - 3s - loss: 0.0572 - acc: 0.9785 - val_loss: 0.4713 - val_acc: 0.8739
Epoch 48/50

Epoch 00048: saving model to models/unbalanced_mnist_vae_e300_L2_b64/uniform-cluster_classifier_1000/cp-0048.hdf5
 - 3s - loss: 0.0548 - acc: 0.9844 - val_loss: 0.4152 - val_acc: 0.8856
Epoch 49/50

Epoch 00049: saving model to models/unbalanced_mnist_vae_e300_L2_b64/uniform-cluster_classifier_1000/cp-0049.hdf5
 - 3s - loss: 0.0582 - acc: 0.9824 - val_loss: 0.4132 - val_acc: 0.8881
Epoch 50/50

Epoch 00050: saving model to models/unbalanced_mnist_vae_e300_L2_b64/uniform-cluster_classifier_1000/cp-0050.hdf5
 - 3s - loss: 0.0574 - acc: 0.9814 - val_loss: 0.3917 - val_acc: 0.8944
Epoch 1/50

Epoch 00001: saving model to models/unbalanced_mnist_vae_e300_L2_b64/normal-cluster_classifier_1000/cp-0001.hdf5
 - 6s - loss: 2.2941 - acc: 0.1553 - val_loss: 2.2982 - val_acc: 0.0958
Epoch 2/50

Epoch 00002: saving model to models/unbalanced_mnist_vae_e300_L2_b64/normal-cluster_classifier_1000/cp-0002.hdf5
 - 3s - loss: 2.2492 - acc: 0.1797 - val_loss: 2.3046 - val_acc: 0.0959
Epoch 3/50

Epoch 00003: saving model to models/unbalanced_mnist_vae_e300_L2_b64/normal-cluster_classifier_1000/cp-0003.hdf5
 - 3s - loss: 2.1191 - acc: 0.1982 - val_loss: 2.3871 - val_acc: 0.1652
Epoch 4/50

Epoch 00004: saving model to models/unbalanced_mnist_vae_e300_L2_b64/normal-cluster_classifier_1000/cp-0004.hdf5
 - 3s - loss: 2.0099 - acc: 0.2988 - val_loss: 2.1948 - val_acc: 0.3199
Epoch 5/50

Epoch 00005: saving model to models/unbalanced_mnist_vae_e300_L2_b64/normal-cluster_classifier_1000/cp-0005.hdf5
 - 3s - loss: 1.7175 - acc: 0.4463 - val_loss: 1.6215 - val_acc: 0.5269
Epoch 6/50

Epoch 00006: saving model to models/unbalanced_mnist_vae_e300_L2_b64/normal-cluster_classifier_1000/cp-0006.hdf5
 - 3s - loss: 1.3876 - acc: 0.5225 - val_loss: 1.1964 - val_acc: 0.5982
Epoch 7/50

Epoch 00007: saving model to models/unbalanced_mnist_vae_e300_L2_b64/normal-cluster_classifier_1000/cp-0007.hdf5
 - 3s - loss: 1.1663 - acc: 0.6094 - val_loss: 1.4510 - val_acc: 0.5007
Epoch 8/50

Epoch 00008: saving model to models/unbalanced_mnist_vae_e300_L2_b64/normal-cluster_classifier_1000/cp-0008.hdf5
 - 3s - loss: 1.1084 - acc: 0.6289 - val_loss: 0.9444 - val_acc: 0.6805
Epoch 9/50

Epoch 00009: saving model to models/unbalanced_mnist_vae_e300_L2_b64/normal-cluster_classifier_1000/cp-0009.hdf5
 - 3s - loss: 0.9401 - acc: 0.6924 - val_loss: 0.8822 - val_acc: 0.6859
Epoch 10/50

Epoch 00010: saving model to models/unbalanced_mnist_vae_e300_L2_b64/normal-cluster_classifier_1000/cp-0010.hdf5
 - 3s - loss: 0.8143 - acc: 0.7236 - val_loss: 0.8164 - val_acc: 0.7278
Epoch 11/50

Epoch 00011: saving model to models/unbalanced_mnist_vae_e300_L2_b64/normal-cluster_classifier_1000/cp-0011.hdf5
 - 3s - loss: 0.7044 - acc: 0.7734 - val_loss: 0.6713 - val_acc: 0.7757
Epoch 12/50

Epoch 00012: saving model to models/unbalanced_mnist_vae_e300_L2_b64/normal-cluster_classifier_1000/cp-0012.hdf5
 - 3s - loss: 0.7187 - acc: 0.7510 - val_loss: 0.5706 - val_acc: 0.8166
Epoch 13/50

Epoch 00013: saving model to models/unbalanced_mnist_vae_e300_L2_b64/normal-cluster_classifier_1000/cp-0013.hdf5
 - 3s - loss: 0.6591 - acc: 0.7910 - val_loss: 0.5833 - val_acc: 0.8125
Epoch 14/50

Epoch 00014: saving model to models/unbalanced_mnist_vae_e300_L2_b64/normal-cluster_classifier_1000/cp-0014.hdf5
 - 3s - loss: 0.5269 - acc: 0.8301 - val_loss: 0.5918 - val_acc: 0.8080
Epoch 15/50

Epoch 00015: saving model to models/unbalanced_mnist_vae_e300_L2_b64/normal-cluster_classifier_1000/cp-0015.hdf5
 - 3s - loss: 0.5278 - acc: 0.8311 - val_loss: 0.5155 - val_acc: 0.8327
Epoch 16/50

Epoch 00016: saving model to models/unbalanced_mnist_vae_e300_L2_b64/normal-cluster_classifier_1000/cp-0016.hdf5
 - 3s - loss: 0.4888 - acc: 0.8428 - val_loss: 0.5693 - val_acc: 0.8097
Epoch 17/50

Epoch 00017: saving model to models/unbalanced_mnist_vae_e300_L2_b64/normal-cluster_classifier_1000/cp-0017.hdf5
 - 3s - loss: 0.4517 - acc: 0.8555 - val_loss: 0.4549 - val_acc: 0.8541
Epoch 18/50

Epoch 00018: saving model to models/unbalanced_mnist_vae_e300_L2_b64/normal-cluster_classifier_1000/cp-0018.hdf5
 - 3s - loss: 0.4060 - acc: 0.8652 - val_loss: 0.4346 - val_acc: 0.8635
Epoch 19/50

Epoch 00019: saving model to models/unbalanced_mnist_vae_e300_L2_b64/normal-cluster_classifier_1000/cp-0019.hdf5
 - 3s - loss: 0.3758 - acc: 0.8730 - val_loss: 0.5048 - val_acc: 0.8314
Epoch 20/50

Epoch 00020: saving model to models/unbalanced_mnist_vae_e300_L2_b64/normal-cluster_classifier_1000/cp-0020.hdf5
 - 3s - loss: 0.3660 - acc: 0.8848 - val_loss: 0.4001 - val_acc: 0.8717
Epoch 21/50

Epoch 00021: saving model to models/unbalanced_mnist_vae_e300_L2_b64/normal-cluster_classifier_1000/cp-0021.hdf5
 - 3s - loss: 0.3246 - acc: 0.8916 - val_loss: 0.4760 - val_acc: 0.8518
Epoch 22/50

Epoch 00022: saving model to models/unbalanced_mnist_vae_e300_L2_b64/normal-cluster_classifier_1000/cp-0022.hdf5
 - 3s - loss: 0.2556 - acc: 0.9238 - val_loss: 0.3750 - val_acc: 0.8835
Epoch 23/50

Epoch 00023: saving model to models/unbalanced_mnist_vae_e300_L2_b64/normal-cluster_classifier_1000/cp-0023.hdf5
 - 3s - loss: 0.2407 - acc: 0.9238 - val_loss: 0.4032 - val_acc: 0.8729
Epoch 24/50

Epoch 00024: saving model to models/unbalanced_mnist_vae_e300_L2_b64/normal-cluster_classifier_1000/cp-0024.hdf5
 - 3s - loss: 0.2621 - acc: 0.9102 - val_loss: 0.3732 - val_acc: 0.8859
Epoch 25/50

Epoch 00025: saving model to models/unbalanced_mnist_vae_e300_L2_b64/normal-cluster_classifier_1000/cp-0025.hdf5
 - 3s - loss: 0.2579 - acc: 0.9248 - val_loss: 0.3682 - val_acc: 0.8866
Epoch 26/50

Epoch 00026: saving model to models/unbalanced_mnist_vae_e300_L2_b64/normal-cluster_classifier_1000/cp-0026.hdf5
 - 3s - loss: 0.1882 - acc: 0.9355 - val_loss: 0.3956 - val_acc: 0.8810
Epoch 27/50

Epoch 00027: saving model to models/unbalanced_mnist_vae_e300_L2_b64/normal-cluster_classifier_1000/cp-0027.hdf5
 - 3s - loss: 0.2153 - acc: 0.9316 - val_loss: 0.3863 - val_acc: 0.8830
Epoch 28/50

Epoch 00028: saving model to models/unbalanced_mnist_vae_e300_L2_b64/normal-cluster_classifier_1000/cp-0028.hdf5
 - 3s - loss: 0.1625 - acc: 0.9492 - val_loss: 0.3865 - val_acc: 0.8848
Epoch 29/50

Epoch 00029: saving model to models/unbalanced_mnist_vae_e300_L2_b64/normal-cluster_classifier_1000/cp-0029.hdf5
 - 3s - loss: 0.1549 - acc: 0.9424 - val_loss: 0.3593 - val_acc: 0.8955
Epoch 30/50

Epoch 00030: saving model to models/unbalanced_mnist_vae_e300_L2_b64/normal-cluster_classifier_1000/cp-0030.hdf5
 - 3s - loss: 0.1693 - acc: 0.9463 - val_loss: 0.3276 - val_acc: 0.9064
Epoch 31/50

Epoch 00031: saving model to models/unbalanced_mnist_vae_e300_L2_b64/normal-cluster_classifier_1000/cp-0031.hdf5
 - 3s - loss: 0.1421 - acc: 0.9600 - val_loss: 0.3666 - val_acc: 0.8944
Epoch 32/50

Epoch 00032: saving model to models/unbalanced_mnist_vae_e300_L2_b64/normal-cluster_classifier_1000/cp-0032.hdf5
 - 3s - loss: 0.1197 - acc: 0.9609 - val_loss: 0.3667 - val_acc: 0.8950
Epoch 33/50

Epoch 00033: saving model to models/unbalanced_mnist_vae_e300_L2_b64/normal-cluster_classifier_1000/cp-0033.hdf5
 - 3s - loss: 0.1224 - acc: 0.9570 - val_loss: 0.3803 - val_acc: 0.8929
Epoch 34/50

Epoch 00034: saving model to models/unbalanced_mnist_vae_e300_L2_b64/normal-cluster_classifier_1000/cp-0034.hdf5
 - 3s - loss: 0.1096 - acc: 0.9600 - val_loss: 0.3881 - val_acc: 0.8929
Epoch 35/50

Epoch 00035: saving model to models/unbalanced_mnist_vae_e300_L2_b64/normal-cluster_classifier_1000/cp-0035.hdf5
 - 3s - loss: 0.1050 - acc: 0.9629 - val_loss: 0.3816 - val_acc: 0.8951
Epoch 36/50

Epoch 00036: saving model to models/unbalanced_mnist_vae_e300_L2_b64/normal-cluster_classifier_1000/cp-0036.hdf5
 - 3s - loss: 0.0977 - acc: 0.9668 - val_loss: 0.3430 - val_acc: 0.9062
Epoch 37/50

Epoch 00037: saving model to models/unbalanced_mnist_vae_e300_L2_b64/normal-cluster_classifier_1000/cp-0037.hdf5
 - 3s - loss: 0.0821 - acc: 0.9736 - val_loss: 0.3420 - val_acc: 0.9081
Epoch 38/50

Epoch 00038: saving model to models/unbalanced_mnist_vae_e300_L2_b64/normal-cluster_classifier_1000/cp-0038.hdf5
 - 3s - loss: 0.1005 - acc: 0.9688 - val_loss: 0.4131 - val_acc: 0.8900
Epoch 39/50

Epoch 00039: saving model to models/unbalanced_mnist_vae_e300_L2_b64/normal-cluster_classifier_1000/cp-0039.hdf5
 - 3s - loss: 0.0991 - acc: 0.9639 - val_loss: 0.3362 - val_acc: 0.9090
Epoch 40/50

Epoch 00040: saving model to models/unbalanced_mnist_vae_e300_L2_b64/normal-cluster_classifier_1000/cp-0040.hdf5
 - 3s - loss: 0.0864 - acc: 0.9727 - val_loss: 0.3966 - val_acc: 0.8962
Epoch 41/50

Epoch 00041: saving model to models/unbalanced_mnist_vae_e300_L2_b64/normal-cluster_classifier_1000/cp-0041.hdf5
 - 3s - loss: 0.0695 - acc: 0.9795 - val_loss: 0.3400 - val_acc: 0.9117
Epoch 42/50

Epoch 00042: saving model to models/unbalanced_mnist_vae_e300_L2_b64/normal-cluster_classifier_1000/cp-0042.hdf5
 - 3s - loss: 0.0744 - acc: 0.9795 - val_loss: 0.3591 - val_acc: 0.9070
Epoch 43/50

Epoch 00043: saving model to models/unbalanced_mnist_vae_e300_L2_b64/normal-cluster_classifier_1000/cp-0043.hdf5
 - 3s - loss: 0.0539 - acc: 0.9844 - val_loss: 0.3746 - val_acc: 0.9058
Epoch 44/50

Epoch 00044: saving model to models/unbalanced_mnist_vae_e300_L2_b64/normal-cluster_classifier_1000/cp-0044.hdf5
 - 3s - loss: 0.0668 - acc: 0.9795 - val_loss: 0.3839 - val_acc: 0.9044
Epoch 45/50

Epoch 00045: saving model to models/unbalanced_mnist_vae_e300_L2_b64/normal-cluster_classifier_1000/cp-0045.hdf5
 - 3s - loss: 0.0542 - acc: 0.9795 - val_loss: 0.4264 - val_acc: 0.8943
Epoch 46/50

Epoch 00046: saving model to models/unbalanced_mnist_vae_e300_L2_b64/normal-cluster_classifier_1000/cp-0046.hdf5
 - 3s - loss: 0.0595 - acc: 0.9775 - val_loss: 0.3889 - val_acc: 0.9033
Epoch 47/50

Epoch 00047: saving model to models/unbalanced_mnist_vae_e300_L2_b64/normal-cluster_classifier_1000/cp-0047.hdf5
 - 3s - loss: 0.0513 - acc: 0.9785 - val_loss: 0.3860 - val_acc: 0.9046
Epoch 48/50

Epoch 00048: saving model to models/unbalanced_mnist_vae_e300_L2_b64/normal-cluster_classifier_1000/cp-0048.hdf5
 - 3s - loss: 0.0420 - acc: 0.9873 - val_loss: 0.3656 - val_acc: 0.9093
Epoch 49/50

Epoch 00049: saving model to models/unbalanced_mnist_vae_e300_L2_b64/normal-cluster_classifier_1000/cp-0049.hdf5
 - 3s - loss: 0.0412 - acc: 0.9902 - val_loss: 0.3723 - val_acc: 0.9101
Epoch 50/50

Epoch 00050: saving model to models/unbalanced_mnist_vae_e300_L2_b64/normal-cluster_classifier_1000/cp-0050.hdf5
 - 3s - loss: 0.0512 - acc: 0.9824 - val_loss: 0.3690 - val_acc: 0.9110
Epoch 1/50

Epoch 00001: saving model to models/unbalanced_mnist_vae_e300_L2_b64/multi-normal-cluster_classifier_1000/cp-0001.hdf5
 - 6s - loss: 2.2984 - acc: 0.1396 - val_loss: 2.3005 - val_acc: 0.1172
Epoch 2/50

Epoch 00002: saving model to models/unbalanced_mnist_vae_e300_L2_b64/multi-normal-cluster_classifier_1000/cp-0002.hdf5
 - 3s - loss: 2.2887 - acc: 0.1670 - val_loss: 2.2974 - val_acc: 0.1038
Epoch 3/50

Epoch 00003: saving model to models/unbalanced_mnist_vae_e300_L2_b64/multi-normal-cluster_classifier_1000/cp-0003.hdf5
 - 3s - loss: 2.2592 - acc: 0.1553 - val_loss: 2.2977 - val_acc: 0.1031
Epoch 4/50

Epoch 00004: saving model to models/unbalanced_mnist_vae_e300_L2_b64/multi-normal-cluster_classifier_1000/cp-0004.hdf5
 - 3s - loss: 2.1959 - acc: 0.1748 - val_loss: 2.3005 - val_acc: 0.1149
Epoch 5/50

Epoch 00005: saving model to models/unbalanced_mnist_vae_e300_L2_b64/multi-normal-cluster_classifier_1000/cp-0005.hdf5
 - 3s - loss: 2.0985 - acc: 0.2734 - val_loss: 2.2123 - val_acc: 0.3046
Epoch 6/50

Epoch 00006: saving model to models/unbalanced_mnist_vae_e300_L2_b64/multi-normal-cluster_classifier_1000/cp-0006.hdf5
 - 3s - loss: 1.7987 - acc: 0.3945 - val_loss: 1.5235 - val_acc: 0.5310
Epoch 7/50

Epoch 00007: saving model to models/unbalanced_mnist_vae_e300_L2_b64/multi-normal-cluster_classifier_1000/cp-0007.hdf5
 - 3s - loss: 1.3194 - acc: 0.5459 - val_loss: 1.2247 - val_acc: 0.6199
Epoch 8/50

Epoch 00008: saving model to models/unbalanced_mnist_vae_e300_L2_b64/multi-normal-cluster_classifier_1000/cp-0008.hdf5
 - 3s - loss: 1.0753 - acc: 0.6299 - val_loss: 0.9048 - val_acc: 0.7063
Epoch 9/50

Epoch 00009: saving model to models/unbalanced_mnist_vae_e300_L2_b64/multi-normal-cluster_classifier_1000/cp-0009.hdf5
 - 3s - loss: 0.9137 - acc: 0.7051 - val_loss: 0.6899 - val_acc: 0.7968
Epoch 10/50

Epoch 00010: saving model to models/unbalanced_mnist_vae_e300_L2_b64/multi-normal-cluster_classifier_1000/cp-0010.hdf5
 - 3s - loss: 0.7463 - acc: 0.7480 - val_loss: 0.6490 - val_acc: 0.7824
Epoch 11/50

Epoch 00011: saving model to models/unbalanced_mnist_vae_e300_L2_b64/multi-normal-cluster_classifier_1000/cp-0011.hdf5
 - 3s - loss: 0.7225 - acc: 0.7598 - val_loss: 0.5413 - val_acc: 0.8383
Epoch 12/50

Epoch 00012: saving model to models/unbalanced_mnist_vae_e300_L2_b64/multi-normal-cluster_classifier_1000/cp-0012.hdf5
 - 3s - loss: 0.5980 - acc: 0.7998 - val_loss: 0.4846 - val_acc: 0.8398
Epoch 13/50

Epoch 00013: saving model to models/unbalanced_mnist_vae_e300_L2_b64/multi-normal-cluster_classifier_1000/cp-0013.hdf5
 - 3s - loss: 0.5590 - acc: 0.8125 - val_loss: 0.4647 - val_acc: 0.8556
Epoch 14/50

Epoch 00014: saving model to models/unbalanced_mnist_vae_e300_L2_b64/multi-normal-cluster_classifier_1000/cp-0014.hdf5
 - 3s - loss: 0.5010 - acc: 0.8213 - val_loss: 0.4198 - val_acc: 0.8686
Epoch 15/50

Epoch 00015: saving model to models/unbalanced_mnist_vae_e300_L2_b64/multi-normal-cluster_classifier_1000/cp-0015.hdf5
 - 3s - loss: 0.4867 - acc: 0.8350 - val_loss: 0.3736 - val_acc: 0.8932
Epoch 16/50

Epoch 00016: saving model to models/unbalanced_mnist_vae_e300_L2_b64/multi-normal-cluster_classifier_1000/cp-0016.hdf5
 - 3s - loss: 0.4104 - acc: 0.8623 - val_loss: 0.4047 - val_acc: 0.8789
Epoch 17/50

Epoch 00017: saving model to models/unbalanced_mnist_vae_e300_L2_b64/multi-normal-cluster_classifier_1000/cp-0017.hdf5
 - 3s - loss: 0.3866 - acc: 0.8770 - val_loss: 0.3421 - val_acc: 0.8980
Epoch 18/50

Epoch 00018: saving model to models/unbalanced_mnist_vae_e300_L2_b64/multi-normal-cluster_classifier_1000/cp-0018.hdf5
 - 3s - loss: 0.3377 - acc: 0.8818 - val_loss: 0.3448 - val_acc: 0.8959
Epoch 19/50

Epoch 00019: saving model to models/unbalanced_mnist_vae_e300_L2_b64/multi-normal-cluster_classifier_1000/cp-0019.hdf5
 - 3s - loss: 0.3186 - acc: 0.8984 - val_loss: 0.3261 - val_acc: 0.9032
Epoch 20/50

Epoch 00020: saving model to models/unbalanced_mnist_vae_e300_L2_b64/multi-normal-cluster_classifier_1000/cp-0020.hdf5
 - 3s - loss: 0.2690 - acc: 0.9131 - val_loss: 0.3383 - val_acc: 0.8980
Epoch 21/50

Epoch 00021: saving model to models/unbalanced_mnist_vae_e300_L2_b64/multi-normal-cluster_classifier_1000/cp-0021.hdf5
 - 3s - loss: 0.2624 - acc: 0.9121 - val_loss: 0.3274 - val_acc: 0.9073
Epoch 22/50

Epoch 00022: saving model to models/unbalanced_mnist_vae_e300_L2_b64/multi-normal-cluster_classifier_1000/cp-0022.hdf5
 - 3s - loss: 0.2462 - acc: 0.9189 - val_loss: 0.3040 - val_acc: 0.9129
Epoch 23/50

Epoch 00023: saving model to models/unbalanced_mnist_vae_e300_L2_b64/multi-normal-cluster_classifier_1000/cp-0023.hdf5
 - 3s - loss: 0.2052 - acc: 0.9365 - val_loss: 0.3070 - val_acc: 0.9137
Epoch 24/50

Epoch 00024: saving model to models/unbalanced_mnist_vae_e300_L2_b64/multi-normal-cluster_classifier_1000/cp-0024.hdf5
 - 3s - loss: 0.1978 - acc: 0.9287 - val_loss: 0.3016 - val_acc: 0.9110
Epoch 25/50

Epoch 00025: saving model to models/unbalanced_mnist_vae_e300_L2_b64/multi-normal-cluster_classifier_1000/cp-0025.hdf5
 - 3s - loss: 0.2184 - acc: 0.9297 - val_loss: 0.2966 - val_acc: 0.9154
Epoch 26/50

Epoch 00026: saving model to models/unbalanced_mnist_vae_e300_L2_b64/multi-normal-cluster_classifier_1000/cp-0026.hdf5
 - 3s - loss: 0.1676 - acc: 0.9443 - val_loss: 0.3006 - val_acc: 0.9203
Epoch 27/50

Epoch 00027: saving model to models/unbalanced_mnist_vae_e300_L2_b64/multi-normal-cluster_classifier_1000/cp-0027.hdf5
 - 3s - loss: 0.1730 - acc: 0.9395 - val_loss: 0.3467 - val_acc: 0.9063
Epoch 28/50

Epoch 00028: saving model to models/unbalanced_mnist_vae_e300_L2_b64/multi-normal-cluster_classifier_1000/cp-0028.hdf5
 - 3s - loss: 0.1284 - acc: 0.9629 - val_loss: 0.3141 - val_acc: 0.9087
Epoch 29/50

Epoch 00029: saving model to models/unbalanced_mnist_vae_e300_L2_b64/multi-normal-cluster_classifier_1000/cp-0029.hdf5
 - 3s - loss: 0.1633 - acc: 0.9404 - val_loss: 0.3047 - val_acc: 0.9172
Epoch 30/50

Epoch 00030: saving model to models/unbalanced_mnist_vae_e300_L2_b64/multi-normal-cluster_classifier_1000/cp-0030.hdf5
 - 3s - loss: 0.1140 - acc: 0.9600 - val_loss: 0.3097 - val_acc: 0.9127
Epoch 31/50

Epoch 00031: saving model to models/unbalanced_mnist_vae_e300_L2_b64/multi-normal-cluster_classifier_1000/cp-0031.hdf5
 - 3s - loss: 0.1388 - acc: 0.9590 - val_loss: 0.3278 - val_acc: 0.9141
Epoch 32/50

Epoch 00032: saving model to models/unbalanced_mnist_vae_e300_L2_b64/multi-normal-cluster_classifier_1000/cp-0032.hdf5
 - 3s - loss: 0.1255 - acc: 0.9580 - val_loss: 0.3077 - val_acc: 0.9212
Epoch 33/50

Epoch 00033: saving model to models/unbalanced_mnist_vae_e300_L2_b64/multi-normal-cluster_classifier_1000/cp-0033.hdf5
 - 3s - loss: 0.1292 - acc: 0.9561 - val_loss: 0.2963 - val_acc: 0.9198
Epoch 34/50

Epoch 00034: saving model to models/unbalanced_mnist_vae_e300_L2_b64/multi-normal-cluster_classifier_1000/cp-0034.hdf5
 - 3s - loss: 0.1170 - acc: 0.9580 - val_loss: 0.3011 - val_acc: 0.9184
Epoch 35/50

Epoch 00035: saving model to models/unbalanced_mnist_vae_e300_L2_b64/multi-normal-cluster_classifier_1000/cp-0035.hdf5
 - 3s - loss: 0.0970 - acc: 0.9609 - val_loss: 0.3234 - val_acc: 0.9176
Epoch 36/50

Epoch 00036: saving model to models/unbalanced_mnist_vae_e300_L2_b64/multi-normal-cluster_classifier_1000/cp-0036.hdf5
 - 3s - loss: 0.1046 - acc: 0.9639 - val_loss: 0.3090 - val_acc: 0.9221
Epoch 37/50

Epoch 00037: saving model to models/unbalanced_mnist_vae_e300_L2_b64/multi-normal-cluster_classifier_1000/cp-0037.hdf5
 - 3s - loss: 0.0965 - acc: 0.9668 - val_loss: 0.3184 - val_acc: 0.9237
Epoch 38/50

Epoch 00038: saving model to models/unbalanced_mnist_vae_e300_L2_b64/multi-normal-cluster_classifier_1000/cp-0038.hdf5
 - 3s - loss: 0.0832 - acc: 0.9717 - val_loss: 0.3143 - val_acc: 0.9204
Epoch 39/50

Epoch 00039: saving model to models/unbalanced_mnist_vae_e300_L2_b64/multi-normal-cluster_classifier_1000/cp-0039.hdf5
 - 3s - loss: 0.0705 - acc: 0.9785 - val_loss: 0.3085 - val_acc: 0.9244
Epoch 40/50

Epoch 00040: saving model to models/unbalanced_mnist_vae_e300_L2_b64/multi-normal-cluster_classifier_1000/cp-0040.hdf5
 - 3s - loss: 0.0667 - acc: 0.9766 - val_loss: 0.3485 - val_acc: 0.9209
Epoch 41/50

Epoch 00041: saving model to models/unbalanced_mnist_vae_e300_L2_b64/multi-normal-cluster_classifier_1000/cp-0041.hdf5
 - 3s - loss: 0.0608 - acc: 0.9824 - val_loss: 0.3358 - val_acc: 0.9235
Epoch 42/50

Epoch 00042: saving model to models/unbalanced_mnist_vae_e300_L2_b64/multi-normal-cluster_classifier_1000/cp-0042.hdf5
 - 3s - loss: 0.0614 - acc: 0.9775 - val_loss: 0.3352 - val_acc: 0.9235
Epoch 43/50

Epoch 00043: saving model to models/unbalanced_mnist_vae_e300_L2_b64/multi-normal-cluster_classifier_1000/cp-0043.hdf5
 - 3s - loss: 0.0525 - acc: 0.9834 - val_loss: 0.3477 - val_acc: 0.9248
Epoch 44/50

Epoch 00044: saving model to models/unbalanced_mnist_vae_e300_L2_b64/multi-normal-cluster_classifier_1000/cp-0044.hdf5
 - 3s - loss: 0.0656 - acc: 0.9766 - val_loss: 0.3454 - val_acc: 0.9221
Epoch 45/50

Epoch 00045: saving model to models/unbalanced_mnist_vae_e300_L2_b64/multi-normal-cluster_classifier_1000/cp-0045.hdf5
 - 3s - loss: 0.0507 - acc: 0.9854 - val_loss: 0.3363 - val_acc: 0.9247
Epoch 46/50

Epoch 00046: saving model to models/unbalanced_mnist_vae_e300_L2_b64/multi-normal-cluster_classifier_1000/cp-0046.hdf5
 - 3s - loss: 0.0702 - acc: 0.9756 - val_loss: 0.3411 - val_acc: 0.9216
Epoch 47/50

Epoch 00047: saving model to models/unbalanced_mnist_vae_e300_L2_b64/multi-normal-cluster_classifier_1000/cp-0047.hdf5
 - 3s - loss: 0.0603 - acc: 0.9795 - val_loss: 0.3263 - val_acc: 0.9250
Epoch 48/50

Epoch 00048: saving model to models/unbalanced_mnist_vae_e300_L2_b64/multi-normal-cluster_classifier_1000/cp-0048.hdf5
 - 3s - loss: 0.0481 - acc: 0.9873 - val_loss: 0.3560 - val_acc: 0.9220
Epoch 49/50

Epoch 00049: saving model to models/unbalanced_mnist_vae_e300_L2_b64/multi-normal-cluster_classifier_1000/cp-0049.hdf5
 - 3s - loss: 0.0419 - acc: 0.9863 - val_loss: 0.3461 - val_acc: 0.9250
Epoch 50/50

Epoch 00050: saving model to models/unbalanced_mnist_vae_e300_L2_b64/multi-normal-cluster_classifier_1000/cp-0050.hdf5
 - 3s - loss: 0.0601 - acc: 0.9785 - val_loss: 0.3531 - val_acc: 0.9239
Epoch 1/50

Epoch 00001: saving model to models/unbalanced_mnist_vae_e300_L2_b64/error_classifier_1000/cp-0001.hdf5
 - 6s - loss: 2.2917 - acc: 0.1348 - val_loss: 2.3000 - val_acc: 0.1032
Epoch 2/50

Epoch 00002: saving model to models/unbalanced_mnist_vae_e300_L2_b64/error_classifier_1000/cp-0002.hdf5
 - 3s - loss: 2.1555 - acc: 0.2236 - val_loss: 2.4669 - val_acc: 0.0971
Epoch 3/50

Epoch 00003: saving model to models/unbalanced_mnist_vae_e300_L2_b64/error_classifier_1000/cp-0003.hdf5
 - 3s - loss: 1.6208 - acc: 0.3115 - val_loss: 3.8512 - val_acc: 0.2583
Epoch 4/50

Epoch 00004: saving model to models/unbalanced_mnist_vae_e300_L2_b64/error_classifier_1000/cp-0004.hdf5
 - 3s - loss: 1.3777 - acc: 0.4297 - val_loss: 4.0820 - val_acc: 0.2455
Epoch 5/50

Epoch 00005: saving model to models/unbalanced_mnist_vae_e300_L2_b64/error_classifier_1000/cp-0005.hdf5
 - 3s - loss: 0.9681 - acc: 0.6592 - val_loss: 4.0634 - val_acc: 0.4071
Epoch 6/50

Epoch 00006: saving model to models/unbalanced_mnist_vae_e300_L2_b64/error_classifier_1000/cp-0006.hdf5
 - 3s - loss: 0.7240 - acc: 0.7607 - val_loss: 4.1912 - val_acc: 0.4310
Epoch 7/50

Epoch 00007: saving model to models/unbalanced_mnist_vae_e300_L2_b64/error_classifier_1000/cp-0007.hdf5
 - 3s - loss: 0.4962 - acc: 0.8467 - val_loss: 5.3899 - val_acc: 0.4065
Epoch 8/50

Epoch 00008: saving model to models/unbalanced_mnist_vae_e300_L2_b64/error_classifier_1000/cp-0008.hdf5
 - 3s - loss: 0.5116 - acc: 0.8486 - val_loss: 4.9155 - val_acc: 0.4549
Epoch 9/50

Epoch 00009: saving model to models/unbalanced_mnist_vae_e300_L2_b64/error_classifier_1000/cp-0009.hdf5
 - 3s - loss: 0.3977 - acc: 0.8770 - val_loss: 5.5640 - val_acc: 0.4490
Epoch 10/50

Epoch 00010: saving model to models/unbalanced_mnist_vae_e300_L2_b64/error_classifier_1000/cp-0010.hdf5
 - 3s - loss: 0.3829 - acc: 0.8770 - val_loss: 5.4541 - val_acc: 0.4606
Epoch 11/50

Epoch 00011: saving model to models/unbalanced_mnist_vae_e300_L2_b64/error_classifier_1000/cp-0011.hdf5
 - 3s - loss: 0.3546 - acc: 0.8828 - val_loss: 5.0989 - val_acc: 0.4993
Epoch 12/50

Epoch 00012: saving model to models/unbalanced_mnist_vae_e300_L2_b64/error_classifier_1000/cp-0012.hdf5
 - 3s - loss: 0.3110 - acc: 0.9062 - val_loss: 5.2670 - val_acc: 0.4773
Epoch 13/50

Epoch 00013: saving model to models/unbalanced_mnist_vae_e300_L2_b64/error_classifier_1000/cp-0013.hdf5
 - 3s - loss: 0.2585 - acc: 0.9180 - val_loss: 5.5020 - val_acc: 0.4732
Epoch 14/50

Epoch 00014: saving model to models/unbalanced_mnist_vae_e300_L2_b64/error_classifier_1000/cp-0014.hdf5
 - 3s - loss: 0.2724 - acc: 0.9209 - val_loss: 5.4307 - val_acc: 0.5045
Epoch 15/50

Epoch 00015: saving model to models/unbalanced_mnist_vae_e300_L2_b64/error_classifier_1000/cp-0015.hdf5
 - 3s - loss: 0.2400 - acc: 0.9111 - val_loss: 5.6833 - val_acc: 0.5099
Epoch 16/50

Epoch 00016: saving model to models/unbalanced_mnist_vae_e300_L2_b64/error_classifier_1000/cp-0016.hdf5
 - 3s - loss: 0.2244 - acc: 0.9326 - val_loss: 5.6776 - val_acc: 0.5434
Epoch 17/50

Epoch 00017: saving model to models/unbalanced_mnist_vae_e300_L2_b64/error_classifier_1000/cp-0017.hdf5
 - 3s - loss: 0.2394 - acc: 0.9307 - val_loss: 5.8782 - val_acc: 0.5112
Epoch 18/50

Epoch 00018: saving model to models/unbalanced_mnist_vae_e300_L2_b64/error_classifier_1000/cp-0018.hdf5
 - 3s - loss: 0.1924 - acc: 0.9355 - val_loss: 5.7496 - val_acc: 0.5621
Epoch 19/50

Epoch 00019: saving model to models/unbalanced_mnist_vae_e300_L2_b64/error_classifier_1000/cp-0019.hdf5
 - 3s - loss: 0.2118 - acc: 0.9346 - val_loss: 5.7457 - val_acc: 0.5663
Epoch 20/50

Epoch 00020: saving model to models/unbalanced_mnist_vae_e300_L2_b64/error_classifier_1000/cp-0020.hdf5
 - 3s - loss: 0.1568 - acc: 0.9512 - val_loss: 6.0734 - val_acc: 0.5552
Epoch 21/50

Epoch 00021: saving model to models/unbalanced_mnist_vae_e300_L2_b64/error_classifier_1000/cp-0021.hdf5
 - 3s - loss: 0.1434 - acc: 0.9551 - val_loss: 6.1395 - val_acc: 0.5693
Epoch 22/50

Epoch 00022: saving model to models/unbalanced_mnist_vae_e300_L2_b64/error_classifier_1000/cp-0022.hdf5
 - 3s - loss: 0.1614 - acc: 0.9551 - val_loss: 6.1260 - val_acc: 0.5658
Epoch 23/50

Epoch 00023: saving model to models/unbalanced_mnist_vae_e300_L2_b64/error_classifier_1000/cp-0023.hdf5
 - 3s - loss: 0.1669 - acc: 0.9482 - val_loss: 6.1367 - val_acc: 0.5712
Epoch 24/50

Epoch 00024: saving model to models/unbalanced_mnist_vae_e300_L2_b64/error_classifier_1000/cp-0024.hdf5
 - 3s - loss: 0.1102 - acc: 0.9697 - val_loss: 6.3098 - val_acc: 0.5515
Epoch 25/50

Epoch 00025: saving model to models/unbalanced_mnist_vae_e300_L2_b64/error_classifier_1000/cp-0025.hdf5
 - 3s - loss: 0.1528 - acc: 0.9512 - val_loss: 6.2465 - val_acc: 0.5642
Epoch 26/50

Epoch 00026: saving model to models/unbalanced_mnist_vae_e300_L2_b64/error_classifier_1000/cp-0026.hdf5
 - 3s - loss: 0.1371 - acc: 0.9561 - val_loss: 6.1989 - val_acc: 0.5730
Epoch 27/50

Epoch 00027: saving model to models/unbalanced_mnist_vae_e300_L2_b64/error_classifier_1000/cp-0027.hdf5
 - 3s - loss: 0.1271 - acc: 0.9658 - val_loss: 6.2518 - val_acc: 0.5750
Epoch 28/50

Epoch 00028: saving model to models/unbalanced_mnist_vae_e300_L2_b64/error_classifier_1000/cp-0028.hdf5
 - 3s - loss: 0.1001 - acc: 0.9766 - val_loss: 6.3017 - val_acc: 0.5740
Epoch 29/50

Epoch 00029: saving model to models/unbalanced_mnist_vae_e300_L2_b64/error_classifier_1000/cp-0029.hdf5
 - 3s - loss: 0.1119 - acc: 0.9648 - val_loss: 6.3138 - val_acc: 0.5778
Epoch 30/50

Epoch 00030: saving model to models/unbalanced_mnist_vae_e300_L2_b64/error_classifier_1000/cp-0030.hdf5
 - 3s - loss: 0.1094 - acc: 0.9736 - val_loss: 6.2993 - val_acc: 0.5767
Epoch 31/50

Epoch 00031: saving model to models/unbalanced_mnist_vae_e300_L2_b64/error_classifier_1000/cp-0031.hdf5
 - 3s - loss: 0.0998 - acc: 0.9756 - val_loss: 6.3171 - val_acc: 0.5759
Epoch 32/50

Epoch 00032: saving model to models/unbalanced_mnist_vae_e300_L2_b64/error_classifier_1000/cp-0032.hdf5
 - 3s - loss: 0.1105 - acc: 0.9697 - val_loss: 6.3013 - val_acc: 0.5777
Epoch 33/50

Epoch 00033: saving model to models/unbalanced_mnist_vae_e300_L2_b64/error_classifier_1000/cp-0033.hdf5
 - 3s - loss: 0.0874 - acc: 0.9727 - val_loss: 6.3380 - val_acc: 0.5826
Epoch 34/50

Epoch 00034: saving model to models/unbalanced_mnist_vae_e300_L2_b64/error_classifier_1000/cp-0034.hdf5
 - 3s - loss: 0.0819 - acc: 0.9727 - val_loss: 6.3823 - val_acc: 0.5796
Epoch 35/50

Epoch 00035: saving model to models/unbalanced_mnist_vae_e300_L2_b64/error_classifier_1000/cp-0035.hdf5
 - 3s - loss: 0.1093 - acc: 0.9668 - val_loss: 6.3542 - val_acc: 0.5790
Epoch 36/50

Epoch 00036: saving model to models/unbalanced_mnist_vae_e300_L2_b64/error_classifier_1000/cp-0036.hdf5
 - 3s - loss: 0.0734 - acc: 0.9785 - val_loss: 6.3758 - val_acc: 0.5796
Epoch 37/50

Epoch 00037: saving model to models/unbalanced_mnist_vae_e300_L2_b64/error_classifier_1000/cp-0037.hdf5
 - 3s - loss: 0.0907 - acc: 0.9697 - val_loss: 6.3709 - val_acc: 0.5809
Epoch 38/50

Epoch 00038: saving model to models/unbalanced_mnist_vae_e300_L2_b64/error_classifier_1000/cp-0038.hdf5
 - 3s - loss: 0.0628 - acc: 0.9785 - val_loss: 6.3987 - val_acc: 0.5779
Epoch 39/50

Epoch 00039: saving model to models/unbalanced_mnist_vae_e300_L2_b64/error_classifier_1000/cp-0039.hdf5
 - 3s - loss: 0.0831 - acc: 0.9805 - val_loss: 6.3772 - val_acc: 0.5827
Epoch 40/50

Epoch 00040: saving model to models/unbalanced_mnist_vae_e300_L2_b64/error_classifier_1000/cp-0040.hdf5
 - 3s - loss: 0.0729 - acc: 0.9766 - val_loss: 6.3966 - val_acc: 0.5812
Epoch 41/50

Epoch 00041: saving model to models/unbalanced_mnist_vae_e300_L2_b64/error_classifier_1000/cp-0041.hdf5
 - 3s - loss: 0.0706 - acc: 0.9775 - val_loss: 6.3882 - val_acc: 0.5826
Epoch 42/50

Epoch 00042: saving model to models/unbalanced_mnist_vae_e300_L2_b64/error_classifier_1000/cp-0042.hdf5
 - 3s - loss: 0.0701 - acc: 0.9805 - val_loss: 6.3866 - val_acc: 0.5843
Epoch 43/50

Epoch 00043: saving model to models/unbalanced_mnist_vae_e300_L2_b64/error_classifier_1000/cp-0043.hdf5
 - 3s - loss: 0.0584 - acc: 0.9814 - val_loss: 6.4073 - val_acc: 0.5810
Epoch 44/50

Epoch 00044: saving model to models/unbalanced_mnist_vae_e300_L2_b64/error_classifier_1000/cp-0044.hdf5
 - 3s - loss: 0.0586 - acc: 0.9805 - val_loss: 6.4193 - val_acc: 0.5815
Epoch 45/50

Epoch 00045: saving model to models/unbalanced_mnist_vae_e300_L2_b64/error_classifier_1000/cp-0045.hdf5
 - 3s - loss: 0.0572 - acc: 0.9814 - val_loss: 6.4041 - val_acc: 0.5822
Epoch 46/50

Epoch 00046: saving model to models/unbalanced_mnist_vae_e300_L2_b64/error_classifier_1000/cp-0046.hdf5
 - 3s - loss: 0.0483 - acc: 0.9863 - val_loss: 6.4019 - val_acc: 0.5853
Epoch 47/50

Epoch 00047: saving model to models/unbalanced_mnist_vae_e300_L2_b64/error_classifier_1000/cp-0047.hdf5
 - 3s - loss: 0.0501 - acc: 0.9883 - val_loss: 6.4342 - val_acc: 0.5792
Epoch 48/50

Epoch 00048: saving model to models/unbalanced_mnist_vae_e300_L2_b64/error_classifier_1000/cp-0048.hdf5
 - 3s - loss: 0.0581 - acc: 0.9766 - val_loss: 6.4442 - val_acc: 0.5764
Epoch 49/50

Epoch 00049: saving model to models/unbalanced_mnist_vae_e300_L2_b64/error_classifier_1000/cp-0049.hdf5
 - 3s - loss: 0.0455 - acc: 0.9863 - val_loss: 6.4416 - val_acc: 0.5782
Epoch 50/50

Epoch 00050: saving model to models/unbalanced_mnist_vae_e300_L2_b64/error_classifier_1000/cp-0050.hdf5
 - 3s - loss: 0.0550 - acc: 0.9834 - val_loss: 6.4240 - val_acc: 0.5796
Finished.
