Starting analysis...
Epoch 1/50

Epoch 00001: saving model to models/unbalanced_mnist_vae_e300_L2_b64/random_classifier_100/cp-0001.hdf5
 - 6s - loss: 2.2790 - acc: 0.1494 - val_loss: 2.2952 - val_acc: 0.1131
Epoch 2/50

Epoch 00002: saving model to models/unbalanced_mnist_vae_e300_L2_b64/random_classifier_100/cp-0002.hdf5
 - 3s - loss: 2.1837 - acc: 0.2090 - val_loss: 2.3299 - val_acc: 0.1705
Epoch 3/50

Epoch 00003: saving model to models/unbalanced_mnist_vae_e300_L2_b64/random_classifier_100/cp-0003.hdf5
 - 3s - loss: 2.0602 - acc: 0.3027 - val_loss: 2.2555 - val_acc: 0.2306
Epoch 4/50

Epoch 00004: saving model to models/unbalanced_mnist_vae_e300_L2_b64/random_classifier_100/cp-0004.hdf5
 - 3s - loss: 1.7741 - acc: 0.4307 - val_loss: 1.9521 - val_acc: 0.2582
Epoch 5/50

Epoch 00005: saving model to models/unbalanced_mnist_vae_e300_L2_b64/random_classifier_100/cp-0005.hdf5
 - 3s - loss: 1.4129 - acc: 0.5195 - val_loss: 1.6704 - val_acc: 0.4007
Epoch 6/50

Epoch 00006: saving model to models/unbalanced_mnist_vae_e300_L2_b64/random_classifier_100/cp-0006.hdf5
 - 3s - loss: 1.1053 - acc: 0.6504 - val_loss: 1.3739 - val_acc: 0.5636
Epoch 7/50

Epoch 00007: saving model to models/unbalanced_mnist_vae_e300_L2_b64/random_classifier_100/cp-0007.hdf5
 - 3s - loss: 0.8019 - acc: 0.7246 - val_loss: 1.5651 - val_acc: 0.5361
Epoch 8/50

Epoch 00008: saving model to models/unbalanced_mnist_vae_e300_L2_b64/random_classifier_100/cp-0008.hdf5
 - 3s - loss: 0.6117 - acc: 0.7734 - val_loss: 0.9238 - val_acc: 0.7308
Epoch 9/50

Epoch 00009: saving model to models/unbalanced_mnist_vae_e300_L2_b64/random_classifier_100/cp-0009.hdf5
 - 3s - loss: 0.3783 - acc: 0.8750 - val_loss: 1.3960 - val_acc: 0.6746
Epoch 10/50

Epoch 00010: saving model to models/unbalanced_mnist_vae_e300_L2_b64/random_classifier_100/cp-0010.hdf5
 - 3s - loss: 0.2855 - acc: 0.9102 - val_loss: 1.1240 - val_acc: 0.7298
Epoch 11/50

Epoch 00011: saving model to models/unbalanced_mnist_vae_e300_L2_b64/random_classifier_100/cp-0011.hdf5
 - 3s - loss: 0.1951 - acc: 0.9385 - val_loss: 1.0961 - val_acc: 0.7347
Epoch 12/50

Epoch 00012: saving model to models/unbalanced_mnist_vae_e300_L2_b64/random_classifier_100/cp-0012.hdf5
 - 3s - loss: 0.1277 - acc: 0.9658 - val_loss: 1.1632 - val_acc: 0.7420
Epoch 13/50

Epoch 00013: saving model to models/unbalanced_mnist_vae_e300_L2_b64/random_classifier_100/cp-0013.hdf5
 - 3s - loss: 0.0974 - acc: 0.9697 - val_loss: 1.2151 - val_acc: 0.7544
Epoch 14/50

Epoch 00014: saving model to models/unbalanced_mnist_vae_e300_L2_b64/random_classifier_100/cp-0014.hdf5
 - 3s - loss: 0.0768 - acc: 0.9766 - val_loss: 1.2581 - val_acc: 0.7605
Epoch 15/50

Epoch 00015: saving model to models/unbalanced_mnist_vae_e300_L2_b64/random_classifier_100/cp-0015.hdf5
 - 3s - loss: 0.0615 - acc: 0.9844 - val_loss: 1.2726 - val_acc: 0.7636
Epoch 16/50

Epoch 00016: saving model to models/unbalanced_mnist_vae_e300_L2_b64/random_classifier_100/cp-0016.hdf5
 - 3s - loss: 0.0446 - acc: 0.9873 - val_loss: 1.3054 - val_acc: 0.7621
Epoch 17/50

Epoch 00017: saving model to models/unbalanced_mnist_vae_e300_L2_b64/random_classifier_100/cp-0017.hdf5
 - 3s - loss: 0.0459 - acc: 0.9873 - val_loss: 1.3225 - val_acc: 0.7621
Epoch 18/50

Epoch 00018: saving model to models/unbalanced_mnist_vae_e300_L2_b64/random_classifier_100/cp-0018.hdf5
 - 3s - loss: 0.0189 - acc: 0.9961 - val_loss: 1.3736 - val_acc: 0.7655
Epoch 19/50

Epoch 00019: saving model to models/unbalanced_mnist_vae_e300_L2_b64/random_classifier_100/cp-0019.hdf5
 - 3s - loss: 0.0178 - acc: 0.9971 - val_loss: 1.4357 - val_acc: 0.7672
Epoch 20/50

Epoch 00020: saving model to models/unbalanced_mnist_vae_e300_L2_b64/random_classifier_100/cp-0020.hdf5
 - 3s - loss: 0.0228 - acc: 0.9912 - val_loss: 1.6028 - val_acc: 0.7475
Epoch 21/50

Epoch 00021: saving model to models/unbalanced_mnist_vae_e300_L2_b64/random_classifier_100/cp-0021.hdf5
 - 3s - loss: 0.0219 - acc: 0.9951 - val_loss: 1.3660 - val_acc: 0.7749
Epoch 22/50

Epoch 00022: saving model to models/unbalanced_mnist_vae_e300_L2_b64/random_classifier_100/cp-0022.hdf5
 - 3s - loss: 0.0204 - acc: 0.9971 - val_loss: 1.5758 - val_acc: 0.7554
Epoch 23/50

Epoch 00023: saving model to models/unbalanced_mnist_vae_e300_L2_b64/random_classifier_100/cp-0023.hdf5
 - 3s - loss: 0.0134 - acc: 0.9971 - val_loss: 1.5693 - val_acc: 0.7606
Epoch 24/50

Epoch 00024: saving model to models/unbalanced_mnist_vae_e300_L2_b64/random_classifier_100/cp-0024.hdf5
 - 3s - loss: 0.0157 - acc: 0.9961 - val_loss: 1.5058 - val_acc: 0.7668
Epoch 25/50

Epoch 00025: saving model to models/unbalanced_mnist_vae_e300_L2_b64/random_classifier_100/cp-0025.hdf5
 - 3s - loss: 0.0086 - acc: 1.0000 - val_loss: 1.5443 - val_acc: 0.7622
Epoch 26/50

Epoch 00026: saving model to models/unbalanced_mnist_vae_e300_L2_b64/random_classifier_100/cp-0026.hdf5
 - 3s - loss: 0.0104 - acc: 0.9980 - val_loss: 1.5861 - val_acc: 0.7643
Epoch 27/50

Epoch 00027: saving model to models/unbalanced_mnist_vae_e300_L2_b64/random_classifier_100/cp-0027.hdf5
 - 3s - loss: 0.0160 - acc: 0.9961 - val_loss: 1.5650 - val_acc: 0.7658
Epoch 28/50

Epoch 00028: saving model to models/unbalanced_mnist_vae_e300_L2_b64/random_classifier_100/cp-0028.hdf5
 - 3s - loss: 0.0067 - acc: 0.9990 - val_loss: 1.5958 - val_acc: 0.7648
Epoch 29/50

Epoch 00029: saving model to models/unbalanced_mnist_vae_e300_L2_b64/random_classifier_100/cp-0029.hdf5
 - 3s - loss: 0.0110 - acc: 0.9980 - val_loss: 1.6353 - val_acc: 0.7613
Epoch 30/50

Epoch 00030: saving model to models/unbalanced_mnist_vae_e300_L2_b64/random_classifier_100/cp-0030.hdf5
 - 3s - loss: 0.0172 - acc: 0.9941 - val_loss: 1.5680 - val_acc: 0.7657
Epoch 31/50

Epoch 00031: saving model to models/unbalanced_mnist_vae_e300_L2_b64/random_classifier_100/cp-0031.hdf5
 - 3s - loss: 0.0060 - acc: 1.0000 - val_loss: 1.6096 - val_acc: 0.7626
Epoch 32/50

Epoch 00032: saving model to models/unbalanced_mnist_vae_e300_L2_b64/random_classifier_100/cp-0032.hdf5
 - 3s - loss: 0.0043 - acc: 1.0000 - val_loss: 1.6003 - val_acc: 0.7682
Epoch 33/50

Epoch 00033: saving model to models/unbalanced_mnist_vae_e300_L2_b64/random_classifier_100/cp-0033.hdf5
 - 3s - loss: 0.0059 - acc: 0.9990 - val_loss: 1.6311 - val_acc: 0.7646
Epoch 34/50

Epoch 00034: saving model to models/unbalanced_mnist_vae_e300_L2_b64/random_classifier_100/cp-0034.hdf5
 - 3s - loss: 0.0076 - acc: 0.9980 - val_loss: 1.6543 - val_acc: 0.7621
Epoch 35/50

Epoch 00035: saving model to models/unbalanced_mnist_vae_e300_L2_b64/random_classifier_100/cp-0035.hdf5
 - 3s - loss: 0.0075 - acc: 0.9971 - val_loss: 1.6695 - val_acc: 0.7642
Epoch 36/50

Epoch 00036: saving model to models/unbalanced_mnist_vae_e300_L2_b64/random_classifier_100/cp-0036.hdf5
 - 3s - loss: 0.0069 - acc: 0.9980 - val_loss: 1.6368 - val_acc: 0.7678
Epoch 37/50

Epoch 00037: saving model to models/unbalanced_mnist_vae_e300_L2_b64/random_classifier_100/cp-0037.hdf5
 - 3s - loss: 0.0094 - acc: 0.9951 - val_loss: 1.7787 - val_acc: 0.7528
Epoch 38/50

Epoch 00038: saving model to models/unbalanced_mnist_vae_e300_L2_b64/random_classifier_100/cp-0038.hdf5
 - 3s - loss: 0.0067 - acc: 0.9990 - val_loss: 1.6960 - val_acc: 0.7609
Epoch 39/50

Epoch 00039: saving model to models/unbalanced_mnist_vae_e300_L2_b64/random_classifier_100/cp-0039.hdf5
 - 3s - loss: 0.0065 - acc: 0.9980 - val_loss: 1.7204 - val_acc: 0.7595
Epoch 40/50

Epoch 00040: saving model to models/unbalanced_mnist_vae_e300_L2_b64/random_classifier_100/cp-0040.hdf5
 - 3s - loss: 0.0123 - acc: 0.9932 - val_loss: 1.7828 - val_acc: 0.7508
Epoch 41/50

Epoch 00041: saving model to models/unbalanced_mnist_vae_e300_L2_b64/random_classifier_100/cp-0041.hdf5
 - 3s - loss: 0.0068 - acc: 0.9990 - val_loss: 1.7133 - val_acc: 0.7610
Epoch 42/50

Epoch 00042: saving model to models/unbalanced_mnist_vae_e300_L2_b64/random_classifier_100/cp-0042.hdf5
 - 3s - loss: 0.0044 - acc: 1.0000 - val_loss: 1.8079 - val_acc: 0.7527
Epoch 43/50

Epoch 00043: saving model to models/unbalanced_mnist_vae_e300_L2_b64/random_classifier_100/cp-0043.hdf5
 - 3s - loss: 0.0043 - acc: 0.9990 - val_loss: 1.7108 - val_acc: 0.7639
Epoch 44/50

Epoch 00044: saving model to models/unbalanced_mnist_vae_e300_L2_b64/random_classifier_100/cp-0044.hdf5
 - 3s - loss: 0.0030 - acc: 1.0000 - val_loss: 1.7384 - val_acc: 0.7630
Epoch 45/50

Epoch 00045: saving model to models/unbalanced_mnist_vae_e300_L2_b64/random_classifier_100/cp-0045.hdf5
 - 3s - loss: 0.0035 - acc: 0.9980 - val_loss: 1.7776 - val_acc: 0.7582
Epoch 46/50

Epoch 00046: saving model to models/unbalanced_mnist_vae_e300_L2_b64/random_classifier_100/cp-0046.hdf5
 - 3s - loss: 0.0040 - acc: 1.0000 - val_loss: 1.8020 - val_acc: 0.7584
Epoch 47/50

Epoch 00047: saving model to models/unbalanced_mnist_vae_e300_L2_b64/random_classifier_100/cp-0047.hdf5
 - 3s - loss: 0.0024 - acc: 1.0000 - val_loss: 1.7315 - val_acc: 0.7637
Epoch 48/50

Epoch 00048: saving model to models/unbalanced_mnist_vae_e300_L2_b64/random_classifier_100/cp-0048.hdf5
 - 3s - loss: 0.0027 - acc: 1.0000 - val_loss: 1.7801 - val_acc: 0.7620
Epoch 49/50

Epoch 00049: saving model to models/unbalanced_mnist_vae_e300_L2_b64/random_classifier_100/cp-0049.hdf5
 - 3s - loss: 0.0091 - acc: 0.9980 - val_loss: 1.8121 - val_acc: 0.7570
Epoch 50/50

Epoch 00050: saving model to models/unbalanced_mnist_vae_e300_L2_b64/random_classifier_100/cp-0050.hdf5
 - 3s - loss: 0.0011 - acc: 1.0000 - val_loss: 1.8095 - val_acc: 0.7580
Epoch 1/50

Epoch 00001: saving model to models/unbalanced_mnist_vae_e300_L2_b64/normal_classifier_100/cp-0001.hdf5
 - 5s - loss: 2.2791 - acc: 0.2217 - val_loss: 2.2954 - val_acc: 0.1093
Epoch 2/50

Epoch 00002: saving model to models/unbalanced_mnist_vae_e300_L2_b64/normal_classifier_100/cp-0002.hdf5
 - 3s - loss: 2.1343 - acc: 0.2910 - val_loss: 2.3945 - val_acc: 0.1066
Epoch 3/50

Epoch 00003: saving model to models/unbalanced_mnist_vae_e300_L2_b64/normal_classifier_100/cp-0003.hdf5
 - 3s - loss: 1.8954 - acc: 0.3457 - val_loss: 2.3069 - val_acc: 0.3231
Epoch 4/50

Epoch 00004: saving model to models/unbalanced_mnist_vae_e300_L2_b64/normal_classifier_100/cp-0004.hdf5
 - 3s - loss: 1.5212 - acc: 0.4590 - val_loss: 1.9474 - val_acc: 0.3961
Epoch 5/50

Epoch 00005: saving model to models/unbalanced_mnist_vae_e300_L2_b64/normal_classifier_100/cp-0005.hdf5
 - 3s - loss: 1.2155 - acc: 0.5615 - val_loss: 1.7260 - val_acc: 0.4188
Epoch 6/50

Epoch 00006: saving model to models/unbalanced_mnist_vae_e300_L2_b64/normal_classifier_100/cp-0006.hdf5
 - 3s - loss: 0.9960 - acc: 0.6396 - val_loss: 1.4528 - val_acc: 0.5019
Epoch 7/50

Epoch 00007: saving model to models/unbalanced_mnist_vae_e300_L2_b64/normal_classifier_100/cp-0007.hdf5
 - 3s - loss: 0.7765 - acc: 0.7217 - val_loss: 1.4665 - val_acc: 0.5183
Epoch 8/50

Epoch 00008: saving model to models/unbalanced_mnist_vae_e300_L2_b64/normal_classifier_100/cp-0008.hdf5
 - 3s - loss: 0.6316 - acc: 0.7744 - val_loss: 1.5508 - val_acc: 0.4910
Epoch 9/50

Epoch 00009: saving model to models/unbalanced_mnist_vae_e300_L2_b64/normal_classifier_100/cp-0009.hdf5
 - 3s - loss: 0.5457 - acc: 0.8096 - val_loss: 1.4071 - val_acc: 0.5339
Epoch 10/50

Epoch 00010: saving model to models/unbalanced_mnist_vae_e300_L2_b64/normal_classifier_100/cp-0010.hdf5
 - 3s - loss: 0.4286 - acc: 0.8340 - val_loss: 1.2535 - val_acc: 0.6451
Epoch 11/50

Epoch 00011: saving model to models/unbalanced_mnist_vae_e300_L2_b64/normal_classifier_100/cp-0011.hdf5
 - 3s - loss: 0.2426 - acc: 0.9199 - val_loss: 1.5017 - val_acc: 0.6101
Epoch 12/50

Epoch 00012: saving model to models/unbalanced_mnist_vae_e300_L2_b64/normal_classifier_100/cp-0012.hdf5
 - 3s - loss: 0.2493 - acc: 0.9199 - val_loss: 1.6225 - val_acc: 0.6056
Epoch 13/50

Epoch 00013: saving model to models/unbalanced_mnist_vae_e300_L2_b64/normal_classifier_100/cp-0013.hdf5
 - 3s - loss: 0.1386 - acc: 0.9580 - val_loss: 1.4119 - val_acc: 0.6813
Epoch 14/50

Epoch 00014: saving model to models/unbalanced_mnist_vae_e300_L2_b64/normal_classifier_100/cp-0014.hdf5
 - 3s - loss: 0.1281 - acc: 0.9570 - val_loss: 1.4718 - val_acc: 0.6715
Epoch 15/50

Epoch 00015: saving model to models/unbalanced_mnist_vae_e300_L2_b64/normal_classifier_100/cp-0015.hdf5
 - 3s - loss: 0.0995 - acc: 0.9678 - val_loss: 1.6197 - val_acc: 0.6601
Epoch 16/50

Epoch 00016: saving model to models/unbalanced_mnist_vae_e300_L2_b64/normal_classifier_100/cp-0016.hdf5
 - 3s - loss: 0.0635 - acc: 0.9873 - val_loss: 1.4866 - val_acc: 0.7003
Epoch 17/50

Epoch 00017: saving model to models/unbalanced_mnist_vae_e300_L2_b64/normal_classifier_100/cp-0017.hdf5
 - 3s - loss: 0.0634 - acc: 0.9834 - val_loss: 1.7202 - val_acc: 0.6772
Epoch 18/50

Epoch 00018: saving model to models/unbalanced_mnist_vae_e300_L2_b64/normal_classifier_100/cp-0018.hdf5
 - 3s - loss: 0.0652 - acc: 0.9756 - val_loss: 1.5863 - val_acc: 0.6878
Epoch 19/50

Epoch 00019: saving model to models/unbalanced_mnist_vae_e300_L2_b64/normal_classifier_100/cp-0019.hdf5
 - 3s - loss: 0.0397 - acc: 0.9863 - val_loss: 1.6266 - val_acc: 0.7010
Epoch 20/50

Epoch 00020: saving model to models/unbalanced_mnist_vae_e300_L2_b64/normal_classifier_100/cp-0020.hdf5
 - 3s - loss: 0.0325 - acc: 0.9941 - val_loss: 1.8371 - val_acc: 0.6793
Epoch 21/50

Epoch 00021: saving model to models/unbalanced_mnist_vae_e300_L2_b64/normal_classifier_100/cp-0021.hdf5
 - 3s - loss: 0.0227 - acc: 0.9971 - val_loss: 1.7924 - val_acc: 0.6892
Epoch 22/50

Epoch 00022: saving model to models/unbalanced_mnist_vae_e300_L2_b64/normal_classifier_100/cp-0022.hdf5
 - 3s - loss: 0.0242 - acc: 0.9951 - val_loss: 1.8571 - val_acc: 0.6949
Epoch 23/50

Epoch 00023: saving model to models/unbalanced_mnist_vae_e300_L2_b64/normal_classifier_100/cp-0023.hdf5
 - 3s - loss: 0.0196 - acc: 0.9971 - val_loss: 1.9066 - val_acc: 0.6890
Epoch 24/50

Epoch 00024: saving model to models/unbalanced_mnist_vae_e300_L2_b64/normal_classifier_100/cp-0024.hdf5
 - 3s - loss: 0.0146 - acc: 0.9980 - val_loss: 1.8275 - val_acc: 0.7124
Epoch 25/50

Epoch 00025: saving model to models/unbalanced_mnist_vae_e300_L2_b64/normal_classifier_100/cp-0025.hdf5
 - 3s - loss: 0.0150 - acc: 0.9980 - val_loss: 1.9338 - val_acc: 0.6993
Epoch 26/50

Epoch 00026: saving model to models/unbalanced_mnist_vae_e300_L2_b64/normal_classifier_100/cp-0026.hdf5
 - 3s - loss: 0.0187 - acc: 0.9951 - val_loss: 1.9369 - val_acc: 0.6989
Epoch 27/50

Epoch 00027: saving model to models/unbalanced_mnist_vae_e300_L2_b64/normal_classifier_100/cp-0027.hdf5
 - 3s - loss: 0.0173 - acc: 0.9961 - val_loss: 1.9145 - val_acc: 0.7036
Epoch 28/50

Epoch 00028: saving model to models/unbalanced_mnist_vae_e300_L2_b64/normal_classifier_100/cp-0028.hdf5
 - 3s - loss: 0.0114 - acc: 0.9961 - val_loss: 1.9926 - val_acc: 0.6929
Epoch 29/50

Epoch 00029: saving model to models/unbalanced_mnist_vae_e300_L2_b64/normal_classifier_100/cp-0029.hdf5
 - 3s - loss: 0.0101 - acc: 0.9990 - val_loss: 1.9635 - val_acc: 0.7027
Epoch 30/50

Epoch 00030: saving model to models/unbalanced_mnist_vae_e300_L2_b64/normal_classifier_100/cp-0030.hdf5
 - 3s - loss: 0.0103 - acc: 0.9971 - val_loss: 1.9389 - val_acc: 0.7052
Epoch 31/50

Epoch 00031: saving model to models/unbalanced_mnist_vae_e300_L2_b64/normal_classifier_100/cp-0031.hdf5
 - 3s - loss: 0.0066 - acc: 0.9990 - val_loss: 2.0052 - val_acc: 0.7003
Epoch 32/50

Epoch 00032: saving model to models/unbalanced_mnist_vae_e300_L2_b64/normal_classifier_100/cp-0032.hdf5
 - 3s - loss: 0.0052 - acc: 1.0000 - val_loss: 2.0470 - val_acc: 0.6985
Epoch 33/50

Epoch 00033: saving model to models/unbalanced_mnist_vae_e300_L2_b64/normal_classifier_100/cp-0033.hdf5
 - 3s - loss: 0.0069 - acc: 0.9990 - val_loss: 2.1035 - val_acc: 0.6941
Epoch 34/50

Epoch 00034: saving model to models/unbalanced_mnist_vae_e300_L2_b64/normal_classifier_100/cp-0034.hdf5
 - 3s - loss: 0.0085 - acc: 0.9961 - val_loss: 2.1162 - val_acc: 0.6880
Epoch 35/50

Epoch 00035: saving model to models/unbalanced_mnist_vae_e300_L2_b64/normal_classifier_100/cp-0035.hdf5
 - 3s - loss: 0.0169 - acc: 0.9961 - val_loss: 1.9724 - val_acc: 0.7092
Epoch 36/50

Epoch 00036: saving model to models/unbalanced_mnist_vae_e300_L2_b64/normal_classifier_100/cp-0036.hdf5
 - 3s - loss: 0.0096 - acc: 0.9980 - val_loss: 2.0272 - val_acc: 0.7069
Epoch 37/50

Epoch 00037: saving model to models/unbalanced_mnist_vae_e300_L2_b64/normal_classifier_100/cp-0037.hdf5
 - 3s - loss: 0.0113 - acc: 0.9980 - val_loss: 2.0904 - val_acc: 0.6993
Epoch 38/50

Epoch 00038: saving model to models/unbalanced_mnist_vae_e300_L2_b64/normal_classifier_100/cp-0038.hdf5
 - 3s - loss: 0.0052 - acc: 0.9990 - val_loss: 2.0986 - val_acc: 0.6987
Epoch 39/50

Epoch 00039: saving model to models/unbalanced_mnist_vae_e300_L2_b64/normal_classifier_100/cp-0039.hdf5
 - 3s - loss: 0.0075 - acc: 0.9990 - val_loss: 2.0900 - val_acc: 0.6992
Epoch 40/50

Epoch 00040: saving model to models/unbalanced_mnist_vae_e300_L2_b64/normal_classifier_100/cp-0040.hdf5
 - 3s - loss: 0.0065 - acc: 0.9990 - val_loss: 2.1214 - val_acc: 0.6998
Epoch 41/50

Epoch 00041: saving model to models/unbalanced_mnist_vae_e300_L2_b64/normal_classifier_100/cp-0041.hdf5
 - 3s - loss: 0.0066 - acc: 0.9980 - val_loss: 2.1485 - val_acc: 0.6990
Epoch 42/50

Epoch 00042: saving model to models/unbalanced_mnist_vae_e300_L2_b64/normal_classifier_100/cp-0042.hdf5
 - 3s - loss: 0.0065 - acc: 0.9980 - val_loss: 2.1921 - val_acc: 0.6994
Epoch 43/50

Epoch 00043: saving model to models/unbalanced_mnist_vae_e300_L2_b64/normal_classifier_100/cp-0043.hdf5
 - 3s - loss: 0.0097 - acc: 0.9961 - val_loss: 2.1823 - val_acc: 0.6978
Epoch 44/50

Epoch 00044: saving model to models/unbalanced_mnist_vae_e300_L2_b64/normal_classifier_100/cp-0044.hdf5
 - 3s - loss: 0.0033 - acc: 1.0000 - val_loss: 2.1553 - val_acc: 0.7032
Epoch 45/50

Epoch 00045: saving model to models/unbalanced_mnist_vae_e300_L2_b64/normal_classifier_100/cp-0045.hdf5
 - 3s - loss: 0.0024 - acc: 1.0000 - val_loss: 2.1440 - val_acc: 0.7032
Epoch 46/50

Epoch 00046: saving model to models/unbalanced_mnist_vae_e300_L2_b64/normal_classifier_100/cp-0046.hdf5
 - 3s - loss: 0.0034 - acc: 0.9990 - val_loss: 2.2159 - val_acc: 0.6954
Epoch 47/50

Epoch 00047: saving model to models/unbalanced_mnist_vae_e300_L2_b64/normal_classifier_100/cp-0047.hdf5
 - 3s - loss: 0.0032 - acc: 0.9990 - val_loss: 2.1900 - val_acc: 0.7011
Epoch 48/50

Epoch 00048: saving model to models/unbalanced_mnist_vae_e300_L2_b64/normal_classifier_100/cp-0048.hdf5
 - 3s - loss: 0.0049 - acc: 0.9990 - val_loss: 2.2141 - val_acc: 0.7003
Epoch 49/50

Epoch 00049: saving model to models/unbalanced_mnist_vae_e300_L2_b64/normal_classifier_100/cp-0049.hdf5
 - 3s - loss: 0.0030 - acc: 1.0000 - val_loss: 2.1942 - val_acc: 0.7066
Epoch 50/50

Epoch 00050: saving model to models/unbalanced_mnist_vae_e300_L2_b64/normal_classifier_100/cp-0050.hdf5
 - 3s - loss: 0.0035 - acc: 0.9980 - val_loss: 2.1625 - val_acc: 0.7127
Epoch 1/50

Epoch 00001: saving model to models/unbalanced_mnist_vae_e300_L2_b64/multi-normal_classifier_100/cp-0001.hdf5
 - 5s - loss: 2.2989 - acc: 0.1680 - val_loss: 2.3007 - val_acc: 0.1290
Epoch 2/50

Epoch 00002: saving model to models/unbalanced_mnist_vae_e300_L2_b64/multi-normal_classifier_100/cp-0002.hdf5
 - 3s - loss: 2.2797 - acc: 0.2305 - val_loss: 2.2999 - val_acc: 0.0984
Epoch 3/50

Epoch 00003: saving model to models/unbalanced_mnist_vae_e300_L2_b64/multi-normal_classifier_100/cp-0003.hdf5
 - 3s - loss: 2.1504 - acc: 0.2188 - val_loss: 2.4737 - val_acc: 0.0984
Epoch 4/50

Epoch 00004: saving model to models/unbalanced_mnist_vae_e300_L2_b64/multi-normal_classifier_100/cp-0004.hdf5
 - 3s - loss: 1.9996 - acc: 0.2793 - val_loss: 2.4278 - val_acc: 0.2813
Epoch 5/50

Epoch 00005: saving model to models/unbalanced_mnist_vae_e300_L2_b64/multi-normal_classifier_100/cp-0005.hdf5
 - 3s - loss: 1.7071 - acc: 0.4775 - val_loss: 2.0519 - val_acc: 0.3833
Epoch 6/50

Epoch 00006: saving model to models/unbalanced_mnist_vae_e300_L2_b64/multi-normal_classifier_100/cp-0006.hdf5
 - 3s - loss: 1.3931 - acc: 0.5479 - val_loss: 1.9549 - val_acc: 0.3147
Epoch 7/50

Epoch 00007: saving model to models/unbalanced_mnist_vae_e300_L2_b64/multi-normal_classifier_100/cp-0007.hdf5
 - 3s - loss: 1.1572 - acc: 0.6221 - val_loss: 1.7692 - val_acc: 0.4479
Epoch 8/50

Epoch 00008: saving model to models/unbalanced_mnist_vae_e300_L2_b64/multi-normal_classifier_100/cp-0008.hdf5
 - 3s - loss: 0.9510 - acc: 0.6807 - val_loss: 1.4211 - val_acc: 0.5422
Epoch 9/50

Epoch 00009: saving model to models/unbalanced_mnist_vae_e300_L2_b64/multi-normal_classifier_100/cp-0009.hdf5
 - 3s - loss: 0.7424 - acc: 0.7422 - val_loss: 1.3175 - val_acc: 0.5870
Epoch 10/50

Epoch 00010: saving model to models/unbalanced_mnist_vae_e300_L2_b64/multi-normal_classifier_100/cp-0010.hdf5
 - 3s - loss: 0.5758 - acc: 0.8037 - val_loss: 1.4867 - val_acc: 0.5941
Epoch 11/50

Epoch 00011: saving model to models/unbalanced_mnist_vae_e300_L2_b64/multi-normal_classifier_100/cp-0011.hdf5
 - 3s - loss: 0.3801 - acc: 0.8594 - val_loss: 1.9083 - val_acc: 0.5490
Epoch 12/50

Epoch 00012: saving model to models/unbalanced_mnist_vae_e300_L2_b64/multi-normal_classifier_100/cp-0012.hdf5
 - 3s - loss: 0.3900 - acc: 0.8750 - val_loss: 1.6665 - val_acc: 0.6149
Epoch 13/50

Epoch 00013: saving model to models/unbalanced_mnist_vae_e300_L2_b64/multi-normal_classifier_100/cp-0013.hdf5
 - 3s - loss: 0.2651 - acc: 0.9072 - val_loss: 1.4294 - val_acc: 0.6432
Epoch 14/50

Epoch 00014: saving model to models/unbalanced_mnist_vae_e300_L2_b64/multi-normal_classifier_100/cp-0014.hdf5
 - 3s - loss: 0.1878 - acc: 0.9326 - val_loss: 1.4470 - val_acc: 0.6600
Epoch 15/50

Epoch 00015: saving model to models/unbalanced_mnist_vae_e300_L2_b64/multi-normal_classifier_100/cp-0015.hdf5
 - 3s - loss: 0.0956 - acc: 0.9697 - val_loss: 1.6529 - val_acc: 0.6542
Epoch 16/50

Epoch 00016: saving model to models/unbalanced_mnist_vae_e300_L2_b64/multi-normal_classifier_100/cp-0016.hdf5
 - 3s - loss: 0.0937 - acc: 0.9736 - val_loss: 1.8301 - val_acc: 0.6502
Epoch 17/50

Epoch 00017: saving model to models/unbalanced_mnist_vae_e300_L2_b64/multi-normal_classifier_100/cp-0017.hdf5
 - 3s - loss: 0.0922 - acc: 0.9746 - val_loss: 1.6653 - val_acc: 0.6670
Epoch 18/50

Epoch 00018: saving model to models/unbalanced_mnist_vae_e300_L2_b64/multi-normal_classifier_100/cp-0018.hdf5
 - 3s - loss: 0.0867 - acc: 0.9727 - val_loss: 1.9011 - val_acc: 0.6509
Epoch 19/50

Epoch 00019: saving model to models/unbalanced_mnist_vae_e300_L2_b64/multi-normal_classifier_100/cp-0019.hdf5
 - 3s - loss: 0.0499 - acc: 0.9854 - val_loss: 1.8937 - val_acc: 0.6519
Epoch 20/50

Epoch 00020: saving model to models/unbalanced_mnist_vae_e300_L2_b64/multi-normal_classifier_100/cp-0020.hdf5
 - 3s - loss: 0.0354 - acc: 0.9922 - val_loss: 1.9571 - val_acc: 0.6557
Epoch 21/50

Epoch 00021: saving model to models/unbalanced_mnist_vae_e300_L2_b64/multi-normal_classifier_100/cp-0021.hdf5
 - 3s - loss: 0.0269 - acc: 0.9912 - val_loss: 2.0036 - val_acc: 0.6671
Epoch 22/50

Epoch 00022: saving model to models/unbalanced_mnist_vae_e300_L2_b64/multi-normal_classifier_100/cp-0022.hdf5
 - 3s - loss: 0.0266 - acc: 0.9941 - val_loss: 1.9826 - val_acc: 0.6697
Epoch 23/50

Epoch 00023: saving model to models/unbalanced_mnist_vae_e300_L2_b64/multi-normal_classifier_100/cp-0023.hdf5
 - 3s - loss: 0.0245 - acc: 0.9922 - val_loss: 2.0933 - val_acc: 0.6642
Epoch 24/50

Epoch 00024: saving model to models/unbalanced_mnist_vae_e300_L2_b64/multi-normal_classifier_100/cp-0024.hdf5
 - 3s - loss: 0.0162 - acc: 0.9951 - val_loss: 2.1146 - val_acc: 0.6693
Epoch 25/50

Epoch 00025: saving model to models/unbalanced_mnist_vae_e300_L2_b64/multi-normal_classifier_100/cp-0025.hdf5
 - 3s - loss: 0.0117 - acc: 0.9971 - val_loss: 2.1516 - val_acc: 0.6686
Epoch 26/50

Epoch 00026: saving model to models/unbalanced_mnist_vae_e300_L2_b64/multi-normal_classifier_100/cp-0026.hdf5
 - 3s - loss: 0.0163 - acc: 0.9951 - val_loss: 2.1694 - val_acc: 0.6712
Epoch 27/50

Epoch 00027: saving model to models/unbalanced_mnist_vae_e300_L2_b64/multi-normal_classifier_100/cp-0027.hdf5
 - 3s - loss: 0.0196 - acc: 0.9961 - val_loss: 2.2966 - val_acc: 0.6636
Epoch 28/50

Epoch 00028: saving model to models/unbalanced_mnist_vae_e300_L2_b64/multi-normal_classifier_100/cp-0028.hdf5
 - 3s - loss: 0.0173 - acc: 0.9912 - val_loss: 2.2673 - val_acc: 0.6628
Epoch 29/50

Epoch 00029: saving model to models/unbalanced_mnist_vae_e300_L2_b64/multi-normal_classifier_100/cp-0029.hdf5
 - 3s - loss: 0.0107 - acc: 0.9971 - val_loss: 2.3451 - val_acc: 0.6622
Epoch 30/50

Epoch 00030: saving model to models/unbalanced_mnist_vae_e300_L2_b64/multi-normal_classifier_100/cp-0030.hdf5
 - 3s - loss: 0.0069 - acc: 0.9990 - val_loss: 2.2138 - val_acc: 0.6691
Epoch 31/50

Epoch 00031: saving model to models/unbalanced_mnist_vae_e300_L2_b64/multi-normal_classifier_100/cp-0031.hdf5
 - 3s - loss: 0.0130 - acc: 0.9971 - val_loss: 2.3868 - val_acc: 0.6641
Epoch 32/50

Epoch 00032: saving model to models/unbalanced_mnist_vae_e300_L2_b64/multi-normal_classifier_100/cp-0032.hdf5
 - 3s - loss: 0.0063 - acc: 0.9990 - val_loss: 2.3724 - val_acc: 0.6672
Epoch 33/50

Epoch 00033: saving model to models/unbalanced_mnist_vae_e300_L2_b64/multi-normal_classifier_100/cp-0033.hdf5
 - 3s - loss: 0.0080 - acc: 0.9980 - val_loss: 2.2452 - val_acc: 0.6693
Epoch 34/50

Epoch 00034: saving model to models/unbalanced_mnist_vae_e300_L2_b64/multi-normal_classifier_100/cp-0034.hdf5
 - 3s - loss: 0.0035 - acc: 1.0000 - val_loss: 2.4236 - val_acc: 0.6613
Epoch 35/50

Epoch 00035: saving model to models/unbalanced_mnist_vae_e300_L2_b64/multi-normal_classifier_100/cp-0035.hdf5
 - 3s - loss: 0.0063 - acc: 0.9990 - val_loss: 2.3703 - val_acc: 0.6699
Epoch 36/50

Epoch 00036: saving model to models/unbalanced_mnist_vae_e300_L2_b64/multi-normal_classifier_100/cp-0036.hdf5
 - 3s - loss: 0.0089 - acc: 0.9980 - val_loss: 2.4939 - val_acc: 0.6575
Epoch 37/50

Epoch 00037: saving model to models/unbalanced_mnist_vae_e300_L2_b64/multi-normal_classifier_100/cp-0037.hdf5
 - 3s - loss: 0.0086 - acc: 0.9990 - val_loss: 2.4084 - val_acc: 0.6701
Epoch 38/50

Epoch 00038: saving model to models/unbalanced_mnist_vae_e300_L2_b64/multi-normal_classifier_100/cp-0038.hdf5
 - 3s - loss: 0.0047 - acc: 0.9990 - val_loss: 2.4048 - val_acc: 0.6688
Epoch 39/50

Epoch 00039: saving model to models/unbalanced_mnist_vae_e300_L2_b64/multi-normal_classifier_100/cp-0039.hdf5
 - 3s - loss: 0.0062 - acc: 0.9990 - val_loss: 2.4810 - val_acc: 0.6604
Epoch 40/50

Epoch 00040: saving model to models/unbalanced_mnist_vae_e300_L2_b64/multi-normal_classifier_100/cp-0040.hdf5
 - 3s - loss: 0.0065 - acc: 0.9980 - val_loss: 2.4828 - val_acc: 0.6636
Epoch 41/50

Epoch 00041: saving model to models/unbalanced_mnist_vae_e300_L2_b64/multi-normal_classifier_100/cp-0041.hdf5
 - 3s - loss: 0.0054 - acc: 0.9990 - val_loss: 2.5168 - val_acc: 0.6662
Epoch 42/50

Epoch 00042: saving model to models/unbalanced_mnist_vae_e300_L2_b64/multi-normal_classifier_100/cp-0042.hdf5
 - 3s - loss: 0.0088 - acc: 0.9971 - val_loss: 2.4283 - val_acc: 0.6649
Epoch 43/50

Epoch 00043: saving model to models/unbalanced_mnist_vae_e300_L2_b64/multi-normal_classifier_100/cp-0043.hdf5
 - 3s - loss: 0.0030 - acc: 1.0000 - val_loss: 2.3950 - val_acc: 0.6723
Epoch 44/50

Epoch 00044: saving model to models/unbalanced_mnist_vae_e300_L2_b64/multi-normal_classifier_100/cp-0044.hdf5
 - 3s - loss: 0.0036 - acc: 1.0000 - val_loss: 2.3864 - val_acc: 0.6796
Epoch 45/50

Epoch 00045: saving model to models/unbalanced_mnist_vae_e300_L2_b64/multi-normal_classifier_100/cp-0045.hdf5
 - 3s - loss: 0.0049 - acc: 0.9990 - val_loss: 2.3497 - val_acc: 0.6777
Epoch 46/50

Epoch 00046: saving model to models/unbalanced_mnist_vae_e300_L2_b64/multi-normal_classifier_100/cp-0046.hdf5
 - 3s - loss: 0.0054 - acc: 0.9971 - val_loss: 2.4890 - val_acc: 0.6717
Epoch 47/50

Epoch 00047: saving model to models/unbalanced_mnist_vae_e300_L2_b64/multi-normal_classifier_100/cp-0047.hdf5
 - 3s - loss: 0.0042 - acc: 0.9990 - val_loss: 2.5762 - val_acc: 0.6651
Epoch 48/50

Epoch 00048: saving model to models/unbalanced_mnist_vae_e300_L2_b64/multi-normal_classifier_100/cp-0048.hdf5
 - 3s - loss: 0.0076 - acc: 0.9971 - val_loss: 2.5585 - val_acc: 0.6688
Epoch 49/50

Epoch 00049: saving model to models/unbalanced_mnist_vae_e300_L2_b64/multi-normal_classifier_100/cp-0049.hdf5
 - 3s - loss: 0.0071 - acc: 0.9980 - val_loss: 2.4282 - val_acc: 0.6775
Epoch 50/50

Epoch 00050: saving model to models/unbalanced_mnist_vae_e300_L2_b64/multi-normal_classifier_100/cp-0050.hdf5
 - 3s - loss: 0.0067 - acc: 0.9971 - val_loss: 2.5722 - val_acc: 0.6693
Epoch 1/50

Epoch 00001: saving model to models/unbalanced_mnist_vae_e300_L2_b64/uniform_classifier_100/cp-0001.hdf5
 - 7s - loss: 2.2396 - acc: 0.3828 - val_loss: 2.3103 - val_acc: 0.0980
Epoch 2/50

Epoch 00002: saving model to models/unbalanced_mnist_vae_e300_L2_b64/uniform_classifier_100/cp-0002.hdf5
 - 3s - loss: 1.4713 - acc: 0.5527 - val_loss: 3.6518 - val_acc: 0.2041
Epoch 3/50

Epoch 00003: saving model to models/unbalanced_mnist_vae_e300_L2_b64/uniform_classifier_100/cp-0003.hdf5
 - 3s - loss: 0.8907 - acc: 0.7744 - val_loss: 4.4877 - val_acc: 0.1981
Epoch 4/50

Epoch 00004: saving model to models/unbalanced_mnist_vae_e300_L2_b64/uniform_classifier_100/cp-0004.hdf5
 - 3s - loss: 0.5917 - acc: 0.8174 - val_loss: 4.0600 - val_acc: 0.2188
Epoch 5/50

Epoch 00005: saving model to models/unbalanced_mnist_vae_e300_L2_b64/uniform_classifier_100/cp-0005.hdf5
 - 3s - loss: 0.4370 - acc: 0.8643 - val_loss: 3.9785 - val_acc: 0.3080
Epoch 6/50

Epoch 00006: saving model to models/unbalanced_mnist_vae_e300_L2_b64/uniform_classifier_100/cp-0006.hdf5
 - 3s - loss: 0.3322 - acc: 0.8936 - val_loss: 5.1427 - val_acc: 0.2766
Epoch 7/50

Epoch 00007: saving model to models/unbalanced_mnist_vae_e300_L2_b64/uniform_classifier_100/cp-0007.hdf5
 - 3s - loss: 0.2868 - acc: 0.9082 - val_loss: 4.7165 - val_acc: 0.3176
Epoch 8/50

Epoch 00008: saving model to models/unbalanced_mnist_vae_e300_L2_b64/uniform_classifier_100/cp-0008.hdf5
 - 3s - loss: 0.2631 - acc: 0.9131 - val_loss: 5.2826 - val_acc: 0.3093
Epoch 9/50

Epoch 00009: saving model to models/unbalanced_mnist_vae_e300_L2_b64/uniform_classifier_100/cp-0009.hdf5
 - 3s - loss: 0.1774 - acc: 0.9463 - val_loss: 5.4321 - val_acc: 0.3338
Epoch 10/50

Epoch 00010: saving model to models/unbalanced_mnist_vae_e300_L2_b64/uniform_classifier_100/cp-0010.hdf5
 - 3s - loss: 0.1451 - acc: 0.9580 - val_loss: 6.0530 - val_acc: 0.2913
Epoch 11/50

Epoch 00011: saving model to models/unbalanced_mnist_vae_e300_L2_b64/uniform_classifier_100/cp-0011.hdf5
 - 3s - loss: 0.1409 - acc: 0.9521 - val_loss: 5.6844 - val_acc: 0.3307
Epoch 12/50

Epoch 00012: saving model to models/unbalanced_mnist_vae_e300_L2_b64/uniform_classifier_100/cp-0012.hdf5
 - 3s - loss: 0.0843 - acc: 0.9756 - val_loss: 6.3904 - val_acc: 0.3249
Epoch 13/50

Epoch 00013: saving model to models/unbalanced_mnist_vae_e300_L2_b64/uniform_classifier_100/cp-0013.hdf5
 - 3s - loss: 0.0824 - acc: 0.9756 - val_loss: 6.6958 - val_acc: 0.3288
Epoch 14/50

Epoch 00014: saving model to models/unbalanced_mnist_vae_e300_L2_b64/uniform_classifier_100/cp-0014.hdf5
 - 3s - loss: 0.0559 - acc: 0.9844 - val_loss: 7.0242 - val_acc: 0.3033
Epoch 15/50

Epoch 00015: saving model to models/unbalanced_mnist_vae_e300_L2_b64/uniform_classifier_100/cp-0015.hdf5
 - 3s - loss: 0.0433 - acc: 0.9863 - val_loss: 6.8774 - val_acc: 0.3327
Epoch 16/50

Epoch 00016: saving model to models/unbalanced_mnist_vae_e300_L2_b64/uniform_classifier_100/cp-0016.hdf5
 - 3s - loss: 0.0439 - acc: 0.9883 - val_loss: 6.8568 - val_acc: 0.3391
Epoch 17/50

Epoch 00017: saving model to models/unbalanced_mnist_vae_e300_L2_b64/uniform_classifier_100/cp-0017.hdf5
 - 3s - loss: 0.0387 - acc: 0.9922 - val_loss: 6.9526 - val_acc: 0.3489
Epoch 18/50

Epoch 00018: saving model to models/unbalanced_mnist_vae_e300_L2_b64/uniform_classifier_100/cp-0018.hdf5
 - 3s - loss: 0.0198 - acc: 0.9951 - val_loss: 7.3698 - val_acc: 0.3306
Epoch 19/50

Epoch 00019: saving model to models/unbalanced_mnist_vae_e300_L2_b64/uniform_classifier_100/cp-0019.hdf5
 - 3s - loss: 0.0294 - acc: 0.9902 - val_loss: 7.1210 - val_acc: 0.3491
Epoch 20/50

Epoch 00020: saving model to models/unbalanced_mnist_vae_e300_L2_b64/uniform_classifier_100/cp-0020.hdf5
 - 3s - loss: 0.0236 - acc: 0.9932 - val_loss: 7.2673 - val_acc: 0.3465
Epoch 21/50

Epoch 00021: saving model to models/unbalanced_mnist_vae_e300_L2_b64/uniform_classifier_100/cp-0021.hdf5
 - 3s - loss: 0.0212 - acc: 0.9951 - val_loss: 7.2382 - val_acc: 0.3480
Epoch 22/50

Epoch 00022: saving model to models/unbalanced_mnist_vae_e300_L2_b64/uniform_classifier_100/cp-0022.hdf5
 - 3s - loss: 0.0159 - acc: 0.9941 - val_loss: 7.1758 - val_acc: 0.3512
Epoch 23/50

Epoch 00023: saving model to models/unbalanced_mnist_vae_e300_L2_b64/uniform_classifier_100/cp-0023.hdf5
 - 3s - loss: 0.0095 - acc: 1.0000 - val_loss: 7.3973 - val_acc: 0.3451
Epoch 24/50

Epoch 00024: saving model to models/unbalanced_mnist_vae_e300_L2_b64/uniform_classifier_100/cp-0024.hdf5
 - 3s - loss: 0.0129 - acc: 0.9961 - val_loss: 7.3745 - val_acc: 0.3485
Epoch 25/50

Epoch 00025: saving model to models/unbalanced_mnist_vae_e300_L2_b64/uniform_classifier_100/cp-0025.hdf5
 - 3s - loss: 0.0135 - acc: 0.9971 - val_loss: 7.4725 - val_acc: 0.3480
Epoch 26/50

Epoch 00026: saving model to models/unbalanced_mnist_vae_e300_L2_b64/uniform_classifier_100/cp-0026.hdf5
 - 3s - loss: 0.0070 - acc: 0.9980 - val_loss: 7.5302 - val_acc: 0.3477
Epoch 27/50

Epoch 00027: saving model to models/unbalanced_mnist_vae_e300_L2_b64/uniform_classifier_100/cp-0027.hdf5
 - 3s - loss: 0.0079 - acc: 0.9990 - val_loss: 7.7362 - val_acc: 0.3419
Epoch 28/50

Epoch 00028: saving model to models/unbalanced_mnist_vae_e300_L2_b64/uniform_classifier_100/cp-0028.hdf5
 - 3s - loss: 0.0106 - acc: 0.9980 - val_loss: 7.6757 - val_acc: 0.3491
Epoch 29/50

Epoch 00029: saving model to models/unbalanced_mnist_vae_e300_L2_b64/uniform_classifier_100/cp-0029.hdf5
 - 3s - loss: 0.0072 - acc: 0.9980 - val_loss: 7.5917 - val_acc: 0.3486
Epoch 30/50

Epoch 00030: saving model to models/unbalanced_mnist_vae_e300_L2_b64/uniform_classifier_100/cp-0030.hdf5
 - 3s - loss: 0.0080 - acc: 0.9971 - val_loss: 7.6284 - val_acc: 0.3505
Epoch 31/50

Epoch 00031: saving model to models/unbalanced_mnist_vae_e300_L2_b64/uniform_classifier_100/cp-0031.hdf5
 - 3s - loss: 0.0141 - acc: 0.9971 - val_loss: 7.6202 - val_acc: 0.3498
Epoch 32/50

Epoch 00032: saving model to models/unbalanced_mnist_vae_e300_L2_b64/uniform_classifier_100/cp-0032.hdf5
 - 3s - loss: 0.0029 - acc: 1.0000 - val_loss: 7.6735 - val_acc: 0.3487
Epoch 33/50

Epoch 00033: saving model to models/unbalanced_mnist_vae_e300_L2_b64/uniform_classifier_100/cp-0033.hdf5
 - 3s - loss: 0.0030 - acc: 1.0000 - val_loss: 7.7513 - val_acc: 0.3424
Epoch 34/50

Epoch 00034: saving model to models/unbalanced_mnist_vae_e300_L2_b64/uniform_classifier_100/cp-0034.hdf5
 - 3s - loss: 0.0046 - acc: 1.0000 - val_loss: 7.6641 - val_acc: 0.3492
Epoch 35/50

Epoch 00035: saving model to models/unbalanced_mnist_vae_e300_L2_b64/uniform_classifier_100/cp-0035.hdf5
 - 3s - loss: 0.0093 - acc: 0.9980 - val_loss: 7.7428 - val_acc: 0.3544
Epoch 36/50

Epoch 00036: saving model to models/unbalanced_mnist_vae_e300_L2_b64/uniform_classifier_100/cp-0036.hdf5
 - 3s - loss: 0.0045 - acc: 0.9990 - val_loss: 7.7434 - val_acc: 0.3557
Epoch 37/50

Epoch 00037: saving model to models/unbalanced_mnist_vae_e300_L2_b64/uniform_classifier_100/cp-0037.hdf5
 - 3s - loss: 0.0045 - acc: 1.0000 - val_loss: 7.8197 - val_acc: 0.3511
Epoch 38/50

Epoch 00038: saving model to models/unbalanced_mnist_vae_e300_L2_b64/uniform_classifier_100/cp-0038.hdf5
 - 3s - loss: 0.0067 - acc: 0.9980 - val_loss: 7.8001 - val_acc: 0.3506
Epoch 39/50

Epoch 00039: saving model to models/unbalanced_mnist_vae_e300_L2_b64/uniform_classifier_100/cp-0039.hdf5
 - 3s - loss: 0.0069 - acc: 0.9990 - val_loss: 7.8357 - val_acc: 0.3521
Epoch 40/50

Epoch 00040: saving model to models/unbalanced_mnist_vae_e300_L2_b64/uniform_classifier_100/cp-0040.hdf5
 - 3s - loss: 0.0079 - acc: 0.9961 - val_loss: 7.8659 - val_acc: 0.3476
Epoch 41/50

Epoch 00041: saving model to models/unbalanced_mnist_vae_e300_L2_b64/uniform_classifier_100/cp-0041.hdf5
 - 3s - loss: 0.0083 - acc: 0.9980 - val_loss: 7.7940 - val_acc: 0.3536
Epoch 42/50

Epoch 00042: saving model to models/unbalanced_mnist_vae_e300_L2_b64/uniform_classifier_100/cp-0042.hdf5
 - 3s - loss: 0.0046 - acc: 0.9990 - val_loss: 7.8428 - val_acc: 0.3546
Epoch 43/50

Epoch 00043: saving model to models/unbalanced_mnist_vae_e300_L2_b64/uniform_classifier_100/cp-0043.hdf5
 - 3s - loss: 0.0028 - acc: 0.9990 - val_loss: 7.8260 - val_acc: 0.3540
Epoch 44/50

Epoch 00044: saving model to models/unbalanced_mnist_vae_e300_L2_b64/uniform_classifier_100/cp-0044.hdf5
 - 3s - loss: 0.0024 - acc: 1.0000 - val_loss: 7.8067 - val_acc: 0.3597
Epoch 45/50

Epoch 00045: saving model to models/unbalanced_mnist_vae_e300_L2_b64/uniform_classifier_100/cp-0045.hdf5
 - 3s - loss: 0.0020 - acc: 1.0000 - val_loss: 7.9088 - val_acc: 0.3523
Epoch 46/50

Epoch 00046: saving model to models/unbalanced_mnist_vae_e300_L2_b64/uniform_classifier_100/cp-0046.hdf5
 - 3s - loss: 0.0026 - acc: 0.9990 - val_loss: 8.0475 - val_acc: 0.3462
Epoch 47/50

Epoch 00047: saving model to models/unbalanced_mnist_vae_e300_L2_b64/uniform_classifier_100/cp-0047.hdf5
 - 3s - loss: 0.0067 - acc: 0.9971 - val_loss: 7.9673 - val_acc: 0.3506
Epoch 48/50

Epoch 00048: saving model to models/unbalanced_mnist_vae_e300_L2_b64/uniform_classifier_100/cp-0048.hdf5
 - 3s - loss: 0.0034 - acc: 0.9990 - val_loss: 7.9267 - val_acc: 0.3576
Epoch 49/50

Epoch 00049: saving model to models/unbalanced_mnist_vae_e300_L2_b64/uniform_classifier_100/cp-0049.hdf5
 - 3s - loss: 0.0025 - acc: 1.0000 - val_loss: 8.0472 - val_acc: 0.3531
Epoch 50/50

Epoch 00050: saving model to models/unbalanced_mnist_vae_e300_L2_b64/uniform_classifier_100/cp-0050.hdf5
 - 3s - loss: 0.0145 - acc: 0.9951 - val_loss: 8.0172 - val_acc: 0.3513
Epoch 1/50

Epoch 00001: saving model to models/unbalanced_mnist_vae_e300_L2_b64/uniform-cluster_classifier_100/cp-0001.hdf5
 - 6s - loss: 2.2905 - acc: 0.1680 - val_loss: 2.2998 - val_acc: 0.1032
Epoch 2/50

Epoch 00002: saving model to models/unbalanced_mnist_vae_e300_L2_b64/uniform-cluster_classifier_100/cp-0002.hdf5
 - 3s - loss: 2.2314 - acc: 0.1807 - val_loss: 2.3255 - val_acc: 0.1030
Epoch 3/50

Epoch 00003: saving model to models/unbalanced_mnist_vae_e300_L2_b64/uniform-cluster_classifier_100/cp-0003.hdf5
 - 3s - loss: 2.0542 - acc: 0.2148 - val_loss: 2.4291 - val_acc: 0.1621
Epoch 4/50

Epoch 00004: saving model to models/unbalanced_mnist_vae_e300_L2_b64/uniform-cluster_classifier_100/cp-0004.hdf5
 - 3s - loss: 1.6935 - acc: 0.4414 - val_loss: 2.4714 - val_acc: 0.3235
Epoch 5/50

Epoch 00005: saving model to models/unbalanced_mnist_vae_e300_L2_b64/uniform-cluster_classifier_100/cp-0005.hdf5
 - 3s - loss: 1.3872 - acc: 0.5527 - val_loss: 1.8846 - val_acc: 0.3585
Epoch 6/50

Epoch 00006: saving model to models/unbalanced_mnist_vae_e300_L2_b64/uniform-cluster_classifier_100/cp-0006.hdf5
 - 3s - loss: 1.0301 - acc: 0.6572 - val_loss: 1.7977 - val_acc: 0.4367
Epoch 7/50

Epoch 00007: saving model to models/unbalanced_mnist_vae_e300_L2_b64/uniform-cluster_classifier_100/cp-0007.hdf5
 - 3s - loss: 0.8197 - acc: 0.7266 - val_loss: 1.6060 - val_acc: 0.4945
Epoch 8/50

Epoch 00008: saving model to models/unbalanced_mnist_vae_e300_L2_b64/uniform-cluster_classifier_100/cp-0008.hdf5
 - 3s - loss: 0.6218 - acc: 0.7881 - val_loss: 1.6142 - val_acc: 0.5212
Epoch 9/50

Epoch 00009: saving model to models/unbalanced_mnist_vae_e300_L2_b64/uniform-cluster_classifier_100/cp-0009.hdf5
 - 3s - loss: 0.4198 - acc: 0.8672 - val_loss: 1.6542 - val_acc: 0.5665
Epoch 10/50

Epoch 00010: saving model to models/unbalanced_mnist_vae_e300_L2_b64/uniform-cluster_classifier_100/cp-0010.hdf5
 - 3s - loss: 0.3924 - acc: 0.8779 - val_loss: 1.6158 - val_acc: 0.5835
Epoch 11/50

Epoch 00011: saving model to models/unbalanced_mnist_vae_e300_L2_b64/uniform-cluster_classifier_100/cp-0011.hdf5
 - 3s - loss: 0.1629 - acc: 0.9590 - val_loss: 1.7719 - val_acc: 0.5975
Epoch 12/50

Epoch 00012: saving model to models/unbalanced_mnist_vae_e300_L2_b64/uniform-cluster_classifier_100/cp-0012.hdf5
 - 3s - loss: 0.1435 - acc: 0.9561 - val_loss: 1.8640 - val_acc: 0.6044
Epoch 13/50

Epoch 00013: saving model to models/unbalanced_mnist_vae_e300_L2_b64/uniform-cluster_classifier_100/cp-0013.hdf5
 - 3s - loss: 0.1070 - acc: 0.9688 - val_loss: 1.8876 - val_acc: 0.6046
Epoch 14/50

Epoch 00014: saving model to models/unbalanced_mnist_vae_e300_L2_b64/uniform-cluster_classifier_100/cp-0014.hdf5
 - 3s - loss: 0.0633 - acc: 0.9834 - val_loss: 2.6050 - val_acc: 0.5424
Epoch 15/50

Epoch 00015: saving model to models/unbalanced_mnist_vae_e300_L2_b64/uniform-cluster_classifier_100/cp-0015.hdf5
 - 3s - loss: 0.0442 - acc: 0.9863 - val_loss: 2.2528 - val_acc: 0.6022
Epoch 16/50

Epoch 00016: saving model to models/unbalanced_mnist_vae_e300_L2_b64/uniform-cluster_classifier_100/cp-0016.hdf5
 - 3s - loss: 0.0317 - acc: 0.9922 - val_loss: 2.1919 - val_acc: 0.6136
Epoch 17/50

Epoch 00017: saving model to models/unbalanced_mnist_vae_e300_L2_b64/uniform-cluster_classifier_100/cp-0017.hdf5
 - 3s - loss: 0.0236 - acc: 0.9932 - val_loss: 2.3924 - val_acc: 0.6065
Epoch 18/50

Epoch 00018: saving model to models/unbalanced_mnist_vae_e300_L2_b64/uniform-cluster_classifier_100/cp-0018.hdf5
 - 3s - loss: 0.0124 - acc: 0.9980 - val_loss: 2.3423 - val_acc: 0.6121
Epoch 19/50

Epoch 00019: saving model to models/unbalanced_mnist_vae_e300_L2_b64/uniform-cluster_classifier_100/cp-0019.hdf5
 - 3s - loss: 0.0086 - acc: 0.9990 - val_loss: 2.4063 - val_acc: 0.6118
Epoch 20/50

Epoch 00020: saving model to models/unbalanced_mnist_vae_e300_L2_b64/uniform-cluster_classifier_100/cp-0020.hdf5
 - 3s - loss: 0.0142 - acc: 0.9971 - val_loss: 2.3855 - val_acc: 0.6186
Epoch 21/50

Epoch 00021: saving model to models/unbalanced_mnist_vae_e300_L2_b64/uniform-cluster_classifier_100/cp-0021.hdf5
 - 3s - loss: 0.0079 - acc: 0.9990 - val_loss: 2.5354 - val_acc: 0.6108
Epoch 22/50

Epoch 00022: saving model to models/unbalanced_mnist_vae_e300_L2_b64/uniform-cluster_classifier_100/cp-0022.hdf5
 - 3s - loss: 0.0102 - acc: 0.9971 - val_loss: 2.3857 - val_acc: 0.6194
Epoch 23/50

Epoch 00023: saving model to models/unbalanced_mnist_vae_e300_L2_b64/uniform-cluster_classifier_100/cp-0023.hdf5
 - 3s - loss: 0.0064 - acc: 1.0000 - val_loss: 2.5806 - val_acc: 0.6108
Epoch 24/50

Epoch 00024: saving model to models/unbalanced_mnist_vae_e300_L2_b64/uniform-cluster_classifier_100/cp-0024.hdf5
 - 3s - loss: 0.0089 - acc: 1.0000 - val_loss: 2.5150 - val_acc: 0.6211
Epoch 25/50

Epoch 00025: saving model to models/unbalanced_mnist_vae_e300_L2_b64/uniform-cluster_classifier_100/cp-0025.hdf5
 - 3s - loss: 0.0083 - acc: 0.9980 - val_loss: 2.6797 - val_acc: 0.6072
Epoch 26/50

Epoch 00026: saving model to models/unbalanced_mnist_vae_e300_L2_b64/uniform-cluster_classifier_100/cp-0026.hdf5
 - 3s - loss: 0.0066 - acc: 0.9990 - val_loss: 2.6424 - val_acc: 0.6179
Epoch 27/50

Epoch 00027: saving model to models/unbalanced_mnist_vae_e300_L2_b64/uniform-cluster_classifier_100/cp-0027.hdf5
 - 3s - loss: 0.0071 - acc: 0.9971 - val_loss: 2.6093 - val_acc: 0.6203
Epoch 28/50

Epoch 00028: saving model to models/unbalanced_mnist_vae_e300_L2_b64/uniform-cluster_classifier_100/cp-0028.hdf5
 - 3s - loss: 0.0043 - acc: 1.0000 - val_loss: 2.7300 - val_acc: 0.6152
Epoch 29/50

Epoch 00029: saving model to models/unbalanced_mnist_vae_e300_L2_b64/uniform-cluster_classifier_100/cp-0029.hdf5
 - 3s - loss: 0.0033 - acc: 1.0000 - val_loss: 2.7351 - val_acc: 0.6156
Epoch 30/50

Epoch 00030: saving model to models/unbalanced_mnist_vae_e300_L2_b64/uniform-cluster_classifier_100/cp-0030.hdf5
 - 3s - loss: 0.0067 - acc: 0.9961 - val_loss: 2.7359 - val_acc: 0.6124
Epoch 31/50

Epoch 00031: saving model to models/unbalanced_mnist_vae_e300_L2_b64/uniform-cluster_classifier_100/cp-0031.hdf5
 - 3s - loss: 0.0038 - acc: 1.0000 - val_loss: 2.7669 - val_acc: 0.6108
Epoch 32/50

Epoch 00032: saving model to models/unbalanced_mnist_vae_e300_L2_b64/uniform-cluster_classifier_100/cp-0032.hdf5
 - 3s - loss: 0.0025 - acc: 1.0000 - val_loss: 2.6931 - val_acc: 0.6185
Epoch 33/50

Epoch 00033: saving model to models/unbalanced_mnist_vae_e300_L2_b64/uniform-cluster_classifier_100/cp-0033.hdf5
 - 3s - loss: 0.0090 - acc: 0.9980 - val_loss: 2.7315 - val_acc: 0.6188
Epoch 34/50

Epoch 00034: saving model to models/unbalanced_mnist_vae_e300_L2_b64/uniform-cluster_classifier_100/cp-0034.hdf5
 - 3s - loss: 0.0052 - acc: 0.9990 - val_loss: 2.8057 - val_acc: 0.6146
Epoch 35/50

Epoch 00035: saving model to models/unbalanced_mnist_vae_e300_L2_b64/uniform-cluster_classifier_100/cp-0035.hdf5
 - 3s - loss: 0.0043 - acc: 0.9990 - val_loss: 2.7299 - val_acc: 0.6215
Epoch 36/50

Epoch 00036: saving model to models/unbalanced_mnist_vae_e300_L2_b64/uniform-cluster_classifier_100/cp-0036.hdf5
 - 3s - loss: 0.0030 - acc: 0.9990 - val_loss: 2.8258 - val_acc: 0.6168
Epoch 37/50

Epoch 00037: saving model to models/unbalanced_mnist_vae_e300_L2_b64/uniform-cluster_classifier_100/cp-0037.hdf5
 - 3s - loss: 0.0032 - acc: 1.0000 - val_loss: 2.9672 - val_acc: 0.6081
Epoch 38/50

Epoch 00038: saving model to models/unbalanced_mnist_vae_e300_L2_b64/uniform-cluster_classifier_100/cp-0038.hdf5
 - 3s - loss: 0.0014 - acc: 1.0000 - val_loss: 2.7832 - val_acc: 0.6156
Epoch 39/50

Epoch 00039: saving model to models/unbalanced_mnist_vae_e300_L2_b64/uniform-cluster_classifier_100/cp-0039.hdf5
 - 3s - loss: 0.0059 - acc: 0.9971 - val_loss: 2.7949 - val_acc: 0.6204
Epoch 40/50

Epoch 00040: saving model to models/unbalanced_mnist_vae_e300_L2_b64/uniform-cluster_classifier_100/cp-0040.hdf5
 - 3s - loss: 0.0040 - acc: 0.9990 - val_loss: 2.9830 - val_acc: 0.6008
Epoch 41/50

Epoch 00041: saving model to models/unbalanced_mnist_vae_e300_L2_b64/uniform-cluster_classifier_100/cp-0041.hdf5
 - 3s - loss: 0.0023 - acc: 1.0000 - val_loss: 2.8520 - val_acc: 0.6192
Epoch 42/50

Epoch 00042: saving model to models/unbalanced_mnist_vae_e300_L2_b64/uniform-cluster_classifier_100/cp-0042.hdf5
 - 3s - loss: 0.0040 - acc: 0.9990 - val_loss: 2.7629 - val_acc: 0.6244
Epoch 43/50

Epoch 00043: saving model to models/unbalanced_mnist_vae_e300_L2_b64/uniform-cluster_classifier_100/cp-0043.hdf5
 - 3s - loss: 0.0025 - acc: 0.9990 - val_loss: 2.8449 - val_acc: 0.6191
Epoch 44/50

Epoch 00044: saving model to models/unbalanced_mnist_vae_e300_L2_b64/uniform-cluster_classifier_100/cp-0044.hdf5
 - 3s - loss: 0.0023 - acc: 1.0000 - val_loss: 2.9203 - val_acc: 0.6168
Epoch 45/50

Epoch 00045: saving model to models/unbalanced_mnist_vae_e300_L2_b64/uniform-cluster_classifier_100/cp-0045.hdf5
 - 3s - loss: 9.7478e-04 - acc: 1.0000 - val_loss: 2.9305 - val_acc: 0.6158
Epoch 46/50

Epoch 00046: saving model to models/unbalanced_mnist_vae_e300_L2_b64/uniform-cluster_classifier_100/cp-0046.hdf5
 - 3s - loss: 0.0021 - acc: 0.9990 - val_loss: 3.0389 - val_acc: 0.6089
Epoch 47/50

Epoch 00047: saving model to models/unbalanced_mnist_vae_e300_L2_b64/uniform-cluster_classifier_100/cp-0047.hdf5
 - 3s - loss: 0.0019 - acc: 1.0000 - val_loss: 2.9651 - val_acc: 0.6143
Epoch 48/50

Epoch 00048: saving model to models/unbalanced_mnist_vae_e300_L2_b64/uniform-cluster_classifier_100/cp-0048.hdf5
 - 3s - loss: 0.0028 - acc: 1.0000 - val_loss: 3.0504 - val_acc: 0.6115
Epoch 49/50

Epoch 00049: saving model to models/unbalanced_mnist_vae_e300_L2_b64/uniform-cluster_classifier_100/cp-0049.hdf5
 - 3s - loss: 0.0013 - acc: 1.0000 - val_loss: 3.1180 - val_acc: 0.6048
Epoch 50/50

Epoch 00050: saving model to models/unbalanced_mnist_vae_e300_L2_b64/uniform-cluster_classifier_100/cp-0050.hdf5
 - 3s - loss: 0.0016 - acc: 1.0000 - val_loss: 3.0236 - val_acc: 0.6119
Epoch 1/50

Epoch 00001: saving model to models/unbalanced_mnist_vae_e300_L2_b64/normal-cluster_classifier_100/cp-0001.hdf5
 - 5s - loss: 2.2910 - acc: 0.1797 - val_loss: 2.2992 - val_acc: 0.0956
Epoch 2/50

Epoch 00002: saving model to models/unbalanced_mnist_vae_e300_L2_b64/normal-cluster_classifier_100/cp-0002.hdf5
 - 3s - loss: 2.1876 - acc: 0.2305 - val_loss: 2.3767 - val_acc: 0.0959
Epoch 3/50

Epoch 00003: saving model to models/unbalanced_mnist_vae_e300_L2_b64/normal-cluster_classifier_100/cp-0003.hdf5
 - 3s - loss: 1.9831 - acc: 0.2432 - val_loss: 2.4732 - val_acc: 0.1129
Epoch 4/50

Epoch 00004: saving model to models/unbalanced_mnist_vae_e300_L2_b64/normal-cluster_classifier_100/cp-0004.hdf5
 - 3s - loss: 1.6795 - acc: 0.4160 - val_loss: 2.3544 - val_acc: 0.3118
Epoch 5/50

Epoch 00005: saving model to models/unbalanced_mnist_vae_e300_L2_b64/normal-cluster_classifier_100/cp-0005.hdf5
 - 3s - loss: 1.3815 - acc: 0.5420 - val_loss: 1.9131 - val_acc: 0.3865
Epoch 6/50

Epoch 00006: saving model to models/unbalanced_mnist_vae_e300_L2_b64/normal-cluster_classifier_100/cp-0006.hdf5
 - 3s - loss: 1.1109 - acc: 0.6191 - val_loss: 1.5577 - val_acc: 0.5597
Epoch 7/50

Epoch 00007: saving model to models/unbalanced_mnist_vae_e300_L2_b64/normal-cluster_classifier_100/cp-0007.hdf5
 - 3s - loss: 0.8367 - acc: 0.7266 - val_loss: 1.7289 - val_acc: 0.5620
Epoch 8/50

Epoch 00008: saving model to models/unbalanced_mnist_vae_e300_L2_b64/normal-cluster_classifier_100/cp-0008.hdf5
 - 3s - loss: 0.6961 - acc: 0.7686 - val_loss: 1.7018 - val_acc: 0.5890
Epoch 9/50

Epoch 00009: saving model to models/unbalanced_mnist_vae_e300_L2_b64/normal-cluster_classifier_100/cp-0009.hdf5
 - 3s - loss: 0.5792 - acc: 0.8213 - val_loss: 1.6758 - val_acc: 0.6073
Epoch 10/50

Epoch 00010: saving model to models/unbalanced_mnist_vae_e300_L2_b64/normal-cluster_classifier_100/cp-0010.hdf5
 - 3s - loss: 0.5088 - acc: 0.8418 - val_loss: 1.7861 - val_acc: 0.6161
Epoch 11/50

Epoch 00011: saving model to models/unbalanced_mnist_vae_e300_L2_b64/normal-cluster_classifier_100/cp-0011.hdf5
 - 3s - loss: 0.3723 - acc: 0.8848 - val_loss: 1.7645 - val_acc: 0.6352
Epoch 12/50

Epoch 00012: saving model to models/unbalanced_mnist_vae_e300_L2_b64/normal-cluster_classifier_100/cp-0012.hdf5
 - 3s - loss: 0.3468 - acc: 0.8975 - val_loss: 1.7439 - val_acc: 0.6449
Epoch 13/50

Epoch 00013: saving model to models/unbalanced_mnist_vae_e300_L2_b64/normal-cluster_classifier_100/cp-0013.hdf5
 - 3s - loss: 0.2319 - acc: 0.9316 - val_loss: 1.9538 - val_acc: 0.6439
Epoch 14/50

Epoch 00014: saving model to models/unbalanced_mnist_vae_e300_L2_b64/normal-cluster_classifier_100/cp-0014.hdf5
 - 3s - loss: 0.1911 - acc: 0.9316 - val_loss: 2.3204 - val_acc: 0.5946
Epoch 15/50

Epoch 00015: saving model to models/unbalanced_mnist_vae_e300_L2_b64/normal-cluster_classifier_100/cp-0015.hdf5
 - 3s - loss: 0.1215 - acc: 0.9619 - val_loss: 2.1309 - val_acc: 0.6491
Epoch 16/50

Epoch 00016: saving model to models/unbalanced_mnist_vae_e300_L2_b64/normal-cluster_classifier_100/cp-0016.hdf5
 - 3s - loss: 0.1060 - acc: 0.9717 - val_loss: 2.3241 - val_acc: 0.6282
Epoch 17/50

Epoch 00017: saving model to models/unbalanced_mnist_vae_e300_L2_b64/normal-cluster_classifier_100/cp-0017.hdf5
 - 3s - loss: 0.0620 - acc: 0.9824 - val_loss: 2.6262 - val_acc: 0.6203
Epoch 18/50

Epoch 00018: saving model to models/unbalanced_mnist_vae_e300_L2_b64/normal-cluster_classifier_100/cp-0018.hdf5
 - 3s - loss: 0.0724 - acc: 0.9785 - val_loss: 2.8734 - val_acc: 0.5991
Epoch 19/50

Epoch 00019: saving model to models/unbalanced_mnist_vae_e300_L2_b64/normal-cluster_classifier_100/cp-0019.hdf5
 - 3s - loss: 0.0534 - acc: 0.9863 - val_loss: 2.7888 - val_acc: 0.6269
Epoch 20/50

Epoch 00020: saving model to models/unbalanced_mnist_vae_e300_L2_b64/normal-cluster_classifier_100/cp-0020.hdf5
 - 3s - loss: 0.0421 - acc: 0.9863 - val_loss: 2.7900 - val_acc: 0.6228
Epoch 21/50

Epoch 00021: saving model to models/unbalanced_mnist_vae_e300_L2_b64/normal-cluster_classifier_100/cp-0021.hdf5
 - 3s - loss: 0.0270 - acc: 0.9932 - val_loss: 2.7803 - val_acc: 0.6459
Epoch 22/50

Epoch 00022: saving model to models/unbalanced_mnist_vae_e300_L2_b64/normal-cluster_classifier_100/cp-0022.hdf5
 - 3s - loss: 0.0428 - acc: 0.9854 - val_loss: 3.1331 - val_acc: 0.6026
Epoch 23/50

Epoch 00023: saving model to models/unbalanced_mnist_vae_e300_L2_b64/normal-cluster_classifier_100/cp-0023.hdf5
 - 3s - loss: 0.0287 - acc: 0.9941 - val_loss: 3.0217 - val_acc: 0.6277
Epoch 24/50

Epoch 00024: saving model to models/unbalanced_mnist_vae_e300_L2_b64/normal-cluster_classifier_100/cp-0024.hdf5
 - 3s - loss: 0.0131 - acc: 0.9980 - val_loss: 2.9712 - val_acc: 0.6347
Epoch 25/50

Epoch 00025: saving model to models/unbalanced_mnist_vae_e300_L2_b64/normal-cluster_classifier_100/cp-0025.hdf5
 - 3s - loss: 0.0161 - acc: 0.9980 - val_loss: 2.9713 - val_acc: 0.6394
Epoch 26/50

Epoch 00026: saving model to models/unbalanced_mnist_vae_e300_L2_b64/normal-cluster_classifier_100/cp-0026.hdf5
 - 3s - loss: 0.0143 - acc: 0.9980 - val_loss: 2.9523 - val_acc: 0.6433
Epoch 27/50

Epoch 00027: saving model to models/unbalanced_mnist_vae_e300_L2_b64/normal-cluster_classifier_100/cp-0027.hdf5
 - 3s - loss: 0.0169 - acc: 0.9961 - val_loss: 3.1072 - val_acc: 0.6341
Epoch 28/50

Epoch 00028: saving model to models/unbalanced_mnist_vae_e300_L2_b64/normal-cluster_classifier_100/cp-0028.hdf5
 - 3s - loss: 0.0151 - acc: 0.9961 - val_loss: 3.0618 - val_acc: 0.6414
Epoch 29/50

Epoch 00029: saving model to models/unbalanced_mnist_vae_e300_L2_b64/normal-cluster_classifier_100/cp-0029.hdf5
 - 3s - loss: 0.0145 - acc: 0.9980 - val_loss: 3.0076 - val_acc: 0.6461
Epoch 30/50

Epoch 00030: saving model to models/unbalanced_mnist_vae_e300_L2_b64/normal-cluster_classifier_100/cp-0030.hdf5
 - 3s - loss: 0.0127 - acc: 0.9971 - val_loss: 2.9344 - val_acc: 0.6604
Epoch 31/50

Epoch 00031: saving model to models/unbalanced_mnist_vae_e300_L2_b64/normal-cluster_classifier_100/cp-0031.hdf5
 - 3s - loss: 0.0198 - acc: 0.9971 - val_loss: 3.0240 - val_acc: 0.6480
Epoch 32/50

Epoch 00032: saving model to models/unbalanced_mnist_vae_e300_L2_b64/normal-cluster_classifier_100/cp-0032.hdf5
 - 3s - loss: 0.0079 - acc: 0.9990 - val_loss: 3.1440 - val_acc: 0.6385
Epoch 33/50

Epoch 00033: saving model to models/unbalanced_mnist_vae_e300_L2_b64/normal-cluster_classifier_100/cp-0033.hdf5
 - 3s - loss: 0.0066 - acc: 0.9990 - val_loss: 3.1754 - val_acc: 0.6428
Epoch 34/50

Epoch 00034: saving model to models/unbalanced_mnist_vae_e300_L2_b64/normal-cluster_classifier_100/cp-0034.hdf5
 - 3s - loss: 0.0083 - acc: 0.9980 - val_loss: 3.2888 - val_acc: 0.6304
Epoch 35/50

Epoch 00035: saving model to models/unbalanced_mnist_vae_e300_L2_b64/normal-cluster_classifier_100/cp-0035.hdf5
 - 3s - loss: 0.0054 - acc: 0.9990 - val_loss: 3.2763 - val_acc: 0.6383
Epoch 36/50

Epoch 00036: saving model to models/unbalanced_mnist_vae_e300_L2_b64/normal-cluster_classifier_100/cp-0036.hdf5
 - 3s - loss: 0.0074 - acc: 0.9980 - val_loss: 3.1577 - val_acc: 0.6521
Epoch 37/50

Epoch 00037: saving model to models/unbalanced_mnist_vae_e300_L2_b64/normal-cluster_classifier_100/cp-0037.hdf5
 - 3s - loss: 0.0064 - acc: 0.9990 - val_loss: 3.4021 - val_acc: 0.6285
Epoch 38/50

Epoch 00038: saving model to models/unbalanced_mnist_vae_e300_L2_b64/normal-cluster_classifier_100/cp-0038.hdf5
 - 3s - loss: 0.0097 - acc: 0.9971 - val_loss: 3.2506 - val_acc: 0.6448
Epoch 39/50

Epoch 00039: saving model to models/unbalanced_mnist_vae_e300_L2_b64/normal-cluster_classifier_100/cp-0039.hdf5
 - 3s - loss: 0.0039 - acc: 0.9990 - val_loss: 3.3072 - val_acc: 0.6377
Epoch 40/50

Epoch 00040: saving model to models/unbalanced_mnist_vae_e300_L2_b64/normal-cluster_classifier_100/cp-0040.hdf5
 - 3s - loss: 0.0054 - acc: 0.9990 - val_loss: 3.3390 - val_acc: 0.6339
Epoch 41/50

Epoch 00041: saving model to models/unbalanced_mnist_vae_e300_L2_b64/normal-cluster_classifier_100/cp-0041.hdf5
 - 3s - loss: 0.0059 - acc: 0.9980 - val_loss: 3.2719 - val_acc: 0.6417
Epoch 42/50

Epoch 00042: saving model to models/unbalanced_mnist_vae_e300_L2_b64/normal-cluster_classifier_100/cp-0042.hdf5
 - 3s - loss: 0.0131 - acc: 0.9961 - val_loss: 3.3084 - val_acc: 0.6359
Epoch 43/50

Epoch 00043: saving model to models/unbalanced_mnist_vae_e300_L2_b64/normal-cluster_classifier_100/cp-0043.hdf5
 - 3s - loss: 0.0043 - acc: 0.9990 - val_loss: 3.3417 - val_acc: 0.6336
Epoch 44/50

Epoch 00044: saving model to models/unbalanced_mnist_vae_e300_L2_b64/normal-cluster_classifier_100/cp-0044.hdf5
 - 3s - loss: 0.0057 - acc: 0.9990 - val_loss: 3.2334 - val_acc: 0.6435
Epoch 45/50

Epoch 00045: saving model to models/unbalanced_mnist_vae_e300_L2_b64/normal-cluster_classifier_100/cp-0045.hdf5
 - 3s - loss: 0.0043 - acc: 0.9990 - val_loss: 3.2731 - val_acc: 0.6418
Epoch 46/50

Epoch 00046: saving model to models/unbalanced_mnist_vae_e300_L2_b64/normal-cluster_classifier_100/cp-0046.hdf5
 - 3s - loss: 0.0032 - acc: 1.0000 - val_loss: 3.3772 - val_acc: 0.6349
Epoch 47/50

Epoch 00047: saving model to models/unbalanced_mnist_vae_e300_L2_b64/normal-cluster_classifier_100/cp-0047.hdf5
 - 3s - loss: 0.0055 - acc: 0.9980 - val_loss: 3.2910 - val_acc: 0.6470
Epoch 48/50

Epoch 00048: saving model to models/unbalanced_mnist_vae_e300_L2_b64/normal-cluster_classifier_100/cp-0048.hdf5
 - 3s - loss: 0.0130 - acc: 0.9971 - val_loss: 3.2811 - val_acc: 0.6484
Epoch 49/50

Epoch 00049: saving model to models/unbalanced_mnist_vae_e300_L2_b64/normal-cluster_classifier_100/cp-0049.hdf5
 - 3s - loss: 0.0022 - acc: 1.0000 - val_loss: 3.3506 - val_acc: 0.6409
Epoch 50/50

Epoch 00050: saving model to models/unbalanced_mnist_vae_e300_L2_b64/normal-cluster_classifier_100/cp-0050.hdf5
 - 3s - loss: 0.0034 - acc: 1.0000 - val_loss: 3.3198 - val_acc: 0.6435
Epoch 1/50

Epoch 00001: saving model to models/unbalanced_mnist_vae_e300_L2_b64/multi-normal-cluster_classifier_100/cp-0001.hdf5
 - 5s - loss: 2.2972 - acc: 0.1123 - val_loss: 2.3007 - val_acc: 0.1263
Epoch 2/50

Epoch 00002: saving model to models/unbalanced_mnist_vae_e300_L2_b64/multi-normal-cluster_classifier_100/cp-0002.hdf5
 - 3s - loss: 2.2797 - acc: 0.1934 - val_loss: 2.2983 - val_acc: 0.1530
Epoch 3/50

Epoch 00003: saving model to models/unbalanced_mnist_vae_e300_L2_b64/multi-normal-cluster_classifier_100/cp-0003.hdf5
 - 3s - loss: 2.2223 - acc: 0.2021 - val_loss: 2.3268 - val_acc: 0.1468
Epoch 4/50

Epoch 00004: saving model to models/unbalanced_mnist_vae_e300_L2_b64/multi-normal-cluster_classifier_100/cp-0004.hdf5
 - 3s - loss: 2.1434 - acc: 0.2334 - val_loss: 2.2658 - val_acc: 0.2431
Epoch 5/50

Epoch 00005: saving model to models/unbalanced_mnist_vae_e300_L2_b64/multi-normal-cluster_classifier_100/cp-0005.hdf5
 - 3s - loss: 1.8810 - acc: 0.3740 - val_loss: 1.7499 - val_acc: 0.4404
Epoch 6/50

Epoch 00006: saving model to models/unbalanced_mnist_vae_e300_L2_b64/multi-normal-cluster_classifier_100/cp-0006.hdf5
 - 3s - loss: 1.4500 - acc: 0.5098 - val_loss: 1.3295 - val_acc: 0.5515
Epoch 7/50

Epoch 00007: saving model to models/unbalanced_mnist_vae_e300_L2_b64/multi-normal-cluster_classifier_100/cp-0007.hdf5
 - 3s - loss: 1.0687 - acc: 0.6406 - val_loss: 1.0122 - val_acc: 0.6822
Epoch 8/50

Epoch 00008: saving model to models/unbalanced_mnist_vae_e300_L2_b64/multi-normal-cluster_classifier_100/cp-0008.hdf5
 - 3s - loss: 0.7751 - acc: 0.7432 - val_loss: 0.8504 - val_acc: 0.7231
Epoch 9/50

Epoch 00009: saving model to models/unbalanced_mnist_vae_e300_L2_b64/multi-normal-cluster_classifier_100/cp-0009.hdf5
 - 3s - loss: 0.5567 - acc: 0.8242 - val_loss: 0.7057 - val_acc: 0.7802
Epoch 10/50

Epoch 00010: saving model to models/unbalanced_mnist_vae_e300_L2_b64/multi-normal-cluster_classifier_100/cp-0010.hdf5
 - 3s - loss: 0.3277 - acc: 0.8848 - val_loss: 0.6146 - val_acc: 0.8197
Epoch 11/50

Epoch 00011: saving model to models/unbalanced_mnist_vae_e300_L2_b64/multi-normal-cluster_classifier_100/cp-0011.hdf5
 - 3s - loss: 0.2453 - acc: 0.9287 - val_loss: 0.5850 - val_acc: 0.8342
Epoch 12/50

Epoch 00012: saving model to models/unbalanced_mnist_vae_e300_L2_b64/multi-normal-cluster_classifier_100/cp-0012.hdf5
 - 3s - loss: 0.0822 - acc: 0.9834 - val_loss: 0.6092 - val_acc: 0.8411
Epoch 13/50

Epoch 00013: saving model to models/unbalanced_mnist_vae_e300_L2_b64/multi-normal-cluster_classifier_100/cp-0013.hdf5
 - 3s - loss: 0.0639 - acc: 0.9844 - val_loss: 0.6657 - val_acc: 0.8402
Epoch 14/50

Epoch 00014: saving model to models/unbalanced_mnist_vae_e300_L2_b64/multi-normal-cluster_classifier_100/cp-0014.hdf5
 - 3s - loss: 0.0525 - acc: 0.9854 - val_loss: 0.9349 - val_acc: 0.7809
Epoch 15/50

Epoch 00015: saving model to models/unbalanced_mnist_vae_e300_L2_b64/multi-normal-cluster_classifier_100/cp-0015.hdf5
 - 3s - loss: 0.0302 - acc: 0.9941 - val_loss: 0.6960 - val_acc: 0.8407
Epoch 16/50

Epoch 00016: saving model to models/unbalanced_mnist_vae_e300_L2_b64/multi-normal-cluster_classifier_100/cp-0016.hdf5
 - 3s - loss: 0.0122 - acc: 1.0000 - val_loss: 0.7613 - val_acc: 0.8316
Epoch 17/50

Epoch 00017: saving model to models/unbalanced_mnist_vae_e300_L2_b64/multi-normal-cluster_classifier_100/cp-0017.hdf5
 - 3s - loss: 0.0210 - acc: 0.9971 - val_loss: 0.7229 - val_acc: 0.8438
Epoch 18/50

Epoch 00018: saving model to models/unbalanced_mnist_vae_e300_L2_b64/multi-normal-cluster_classifier_100/cp-0018.hdf5
 - 3s - loss: 0.0099 - acc: 1.0000 - val_loss: 0.7429 - val_acc: 0.8418
Epoch 19/50

Epoch 00019: saving model to models/unbalanced_mnist_vae_e300_L2_b64/multi-normal-cluster_classifier_100/cp-0019.hdf5
 - 3s - loss: 0.0080 - acc: 0.9990 - val_loss: 0.7454 - val_acc: 0.8481
Epoch 20/50

Epoch 00020: saving model to models/unbalanced_mnist_vae_e300_L2_b64/multi-normal-cluster_classifier_100/cp-0020.hdf5
 - 3s - loss: 0.0047 - acc: 1.0000 - val_loss: 0.7793 - val_acc: 0.8400
Epoch 21/50

Epoch 00021: saving model to models/unbalanced_mnist_vae_e300_L2_b64/multi-normal-cluster_classifier_100/cp-0021.hdf5
 - 3s - loss: 0.0062 - acc: 1.0000 - val_loss: 0.8019 - val_acc: 0.8386
Epoch 22/50

Epoch 00022: saving model to models/unbalanced_mnist_vae_e300_L2_b64/multi-normal-cluster_classifier_100/cp-0022.hdf5
 - 3s - loss: 0.0078 - acc: 0.9980 - val_loss: 0.8008 - val_acc: 0.8390
Epoch 23/50

Epoch 00023: saving model to models/unbalanced_mnist_vae_e300_L2_b64/multi-normal-cluster_classifier_100/cp-0023.hdf5
 - 3s - loss: 0.0101 - acc: 0.9971 - val_loss: 0.8423 - val_acc: 0.8351
Epoch 24/50

Epoch 00024: saving model to models/unbalanced_mnist_vae_e300_L2_b64/multi-normal-cluster_classifier_100/cp-0024.hdf5
 - 3s - loss: 0.0082 - acc: 0.9990 - val_loss: 0.8394 - val_acc: 0.8377
Epoch 25/50

Epoch 00025: saving model to models/unbalanced_mnist_vae_e300_L2_b64/multi-normal-cluster_classifier_100/cp-0025.hdf5
 - 3s - loss: 0.0042 - acc: 1.0000 - val_loss: 0.8443 - val_acc: 0.8409
Epoch 26/50

Epoch 00026: saving model to models/unbalanced_mnist_vae_e300_L2_b64/multi-normal-cluster_classifier_100/cp-0026.hdf5
 - 3s - loss: 0.0025 - acc: 1.0000 - val_loss: 0.8584 - val_acc: 0.8403
Epoch 27/50

Epoch 00027: saving model to models/unbalanced_mnist_vae_e300_L2_b64/multi-normal-cluster_classifier_100/cp-0027.hdf5
 - 3s - loss: 0.0032 - acc: 1.0000 - val_loss: 0.8511 - val_acc: 0.8421
Epoch 28/50

Epoch 00028: saving model to models/unbalanced_mnist_vae_e300_L2_b64/multi-normal-cluster_classifier_100/cp-0028.hdf5
 - 3s - loss: 0.0023 - acc: 1.0000 - val_loss: 0.8493 - val_acc: 0.8430
Epoch 29/50

Epoch 00029: saving model to models/unbalanced_mnist_vae_e300_L2_b64/multi-normal-cluster_classifier_100/cp-0029.hdf5
 - 3s - loss: 0.0023 - acc: 1.0000 - val_loss: 0.8775 - val_acc: 0.8374
Epoch 30/50

Epoch 00030: saving model to models/unbalanced_mnist_vae_e300_L2_b64/multi-normal-cluster_classifier_100/cp-0030.hdf5
 - 3s - loss: 0.0035 - acc: 0.9990 - val_loss: 0.8736 - val_acc: 0.8404
Epoch 31/50

Epoch 00031: saving model to models/unbalanced_mnist_vae_e300_L2_b64/multi-normal-cluster_classifier_100/cp-0031.hdf5
 - 3s - loss: 0.0016 - acc: 1.0000 - val_loss: 0.8654 - val_acc: 0.8437
Epoch 32/50

Epoch 00032: saving model to models/unbalanced_mnist_vae_e300_L2_b64/multi-normal-cluster_classifier_100/cp-0032.hdf5
 - 3s - loss: 0.0041 - acc: 1.0000 - val_loss: 0.8840 - val_acc: 0.8408
Epoch 33/50

Epoch 00033: saving model to models/unbalanced_mnist_vae_e300_L2_b64/multi-normal-cluster_classifier_100/cp-0033.hdf5
 - 3s - loss: 0.0033 - acc: 0.9980 - val_loss: 0.8793 - val_acc: 0.8410
Epoch 34/50

Epoch 00034: saving model to models/unbalanced_mnist_vae_e300_L2_b64/multi-normal-cluster_classifier_100/cp-0034.hdf5
 - 3s - loss: 0.0017 - acc: 1.0000 - val_loss: 0.8988 - val_acc: 0.8369
Epoch 35/50

Epoch 00035: saving model to models/unbalanced_mnist_vae_e300_L2_b64/multi-normal-cluster_classifier_100/cp-0035.hdf5
 - 3s - loss: 0.0011 - acc: 1.0000 - val_loss: 0.9264 - val_acc: 0.8350
Epoch 36/50

Epoch 00036: saving model to models/unbalanced_mnist_vae_e300_L2_b64/multi-normal-cluster_classifier_100/cp-0036.hdf5
 - 3s - loss: 0.0041 - acc: 0.9980 - val_loss: 0.9310 - val_acc: 0.8348
Epoch 37/50

Epoch 00037: saving model to models/unbalanced_mnist_vae_e300_L2_b64/multi-normal-cluster_classifier_100/cp-0037.hdf5
 - 3s - loss: 0.0010 - acc: 1.0000 - val_loss: 0.9320 - val_acc: 0.8358
Epoch 38/50

Epoch 00038: saving model to models/unbalanced_mnist_vae_e300_L2_b64/multi-normal-cluster_classifier_100/cp-0038.hdf5
 - 3s - loss: 0.0016 - acc: 1.0000 - val_loss: 0.9504 - val_acc: 0.8343
Epoch 39/50

Epoch 00039: saving model to models/unbalanced_mnist_vae_e300_L2_b64/multi-normal-cluster_classifier_100/cp-0039.hdf5
 - 3s - loss: 0.0013 - acc: 1.0000 - val_loss: 0.9225 - val_acc: 0.8400
Epoch 40/50

Epoch 00040: saving model to models/unbalanced_mnist_vae_e300_L2_b64/multi-normal-cluster_classifier_100/cp-0040.hdf5
 - 3s - loss: 0.0021 - acc: 1.0000 - val_loss: 0.9374 - val_acc: 0.8378
Epoch 41/50

Epoch 00041: saving model to models/unbalanced_mnist_vae_e300_L2_b64/multi-normal-cluster_classifier_100/cp-0041.hdf5
 - 3s - loss: 0.0014 - acc: 1.0000 - val_loss: 0.9274 - val_acc: 0.8412
Epoch 42/50

Epoch 00042: saving model to models/unbalanced_mnist_vae_e300_L2_b64/multi-normal-cluster_classifier_100/cp-0042.hdf5
 - 3s - loss: 0.0017 - acc: 1.0000 - val_loss: 0.9461 - val_acc: 0.8383
Epoch 43/50

Epoch 00043: saving model to models/unbalanced_mnist_vae_e300_L2_b64/multi-normal-cluster_classifier_100/cp-0043.hdf5
 - 3s - loss: 7.6793e-04 - acc: 1.0000 - val_loss: 0.9525 - val_acc: 0.8379
Epoch 44/50

Epoch 00044: saving model to models/unbalanced_mnist_vae_e300_L2_b64/multi-normal-cluster_classifier_100/cp-0044.hdf5
 - 3s - loss: 7.4342e-04 - acc: 1.0000 - val_loss: 0.9329 - val_acc: 0.8406
Epoch 45/50

Epoch 00045: saving model to models/unbalanced_mnist_vae_e300_L2_b64/multi-normal-cluster_classifier_100/cp-0045.hdf5
 - 3s - loss: 9.3284e-04 - acc: 1.0000 - val_loss: 0.9500 - val_acc: 0.8405
Epoch 46/50

Epoch 00046: saving model to models/unbalanced_mnist_vae_e300_L2_b64/multi-normal-cluster_classifier_100/cp-0046.hdf5
 - 3s - loss: 6.9409e-04 - acc: 1.0000 - val_loss: 0.9507 - val_acc: 0.8424
Epoch 47/50

Epoch 00047: saving model to models/unbalanced_mnist_vae_e300_L2_b64/multi-normal-cluster_classifier_100/cp-0047.hdf5
 - 3s - loss: 9.9814e-04 - acc: 1.0000 - val_loss: 0.9524 - val_acc: 0.8431
Epoch 48/50

Epoch 00048: saving model to models/unbalanced_mnist_vae_e300_L2_b64/multi-normal-cluster_classifier_100/cp-0048.hdf5
 - 3s - loss: 0.0010 - acc: 1.0000 - val_loss: 0.9679 - val_acc: 0.8405
Epoch 49/50

Epoch 00049: saving model to models/unbalanced_mnist_vae_e300_L2_b64/multi-normal-cluster_classifier_100/cp-0049.hdf5
 - 3s - loss: 0.0035 - acc: 0.9971 - val_loss: 0.9659 - val_acc: 0.8405
Epoch 50/50

Epoch 00050: saving model to models/unbalanced_mnist_vae_e300_L2_b64/multi-normal-cluster_classifier_100/cp-0050.hdf5
 - 3s - loss: 8.5850e-04 - acc: 1.0000 - val_loss: 0.9892 - val_acc: 0.8380
Epoch 1/50

Epoch 00001: saving model to models/unbalanced_mnist_vae_e300_L2_b64/error_classifier_100/cp-0001.hdf5
 - 5s - loss: 2.2578 - acc: 0.1924 - val_loss: 2.3060 - val_acc: 0.0969
Epoch 2/50

Epoch 00002: saving model to models/unbalanced_mnist_vae_e300_L2_b64/error_classifier_100/cp-0002.hdf5
 - 3s - loss: 1.7583 - acc: 0.2822 - val_loss: 3.5276 - val_acc: 0.1961
Epoch 3/50

Epoch 00003: saving model to models/unbalanced_mnist_vae_e300_L2_b64/error_classifier_100/cp-0003.hdf5
 - 3s - loss: 1.3453 - acc: 0.4766 - val_loss: 4.2000 - val_acc: 0.3125
Epoch 4/50

Epoch 00004: saving model to models/unbalanced_mnist_vae_e300_L2_b64/error_classifier_100/cp-0004.hdf5
 - 3s - loss: 1.0635 - acc: 0.6182 - val_loss: 5.2315 - val_acc: 0.3567
Epoch 5/50

Epoch 00005: saving model to models/unbalanced_mnist_vae_e300_L2_b64/error_classifier_100/cp-0005.hdf5
 - 3s - loss: 0.8645 - acc: 0.7070 - val_loss: 4.8194 - val_acc: 0.4072
Epoch 6/50

Epoch 00006: saving model to models/unbalanced_mnist_vae_e300_L2_b64/error_classifier_100/cp-0006.hdf5
 - 3s - loss: 0.6498 - acc: 0.7910 - val_loss: 5.5225 - val_acc: 0.4218
Epoch 7/50

Epoch 00007: saving model to models/unbalanced_mnist_vae_e300_L2_b64/error_classifier_100/cp-0007.hdf5
 - 3s - loss: 0.5340 - acc: 0.8271 - val_loss: 5.4080 - val_acc: 0.4432
Epoch 8/50

Epoch 00008: saving model to models/unbalanced_mnist_vae_e300_L2_b64/error_classifier_100/cp-0008.hdf5
 - 3s - loss: 0.4323 - acc: 0.8643 - val_loss: 6.3653 - val_acc: 0.4431
Epoch 9/50

Epoch 00009: saving model to models/unbalanced_mnist_vae_e300_L2_b64/error_classifier_100/cp-0009.hdf5
 - 3s - loss: 0.3989 - acc: 0.8672 - val_loss: 6.1701 - val_acc: 0.4462
Epoch 10/50

Epoch 00010: saving model to models/unbalanced_mnist_vae_e300_L2_b64/error_classifier_100/cp-0010.hdf5
 - 3s - loss: 0.3166 - acc: 0.8916 - val_loss: 6.9402 - val_acc: 0.4451
Epoch 11/50

Epoch 00011: saving model to models/unbalanced_mnist_vae_e300_L2_b64/error_classifier_100/cp-0011.hdf5
 - 3s - loss: 0.2537 - acc: 0.9150 - val_loss: 7.1575 - val_acc: 0.4487
Epoch 12/50

Epoch 00012: saving model to models/unbalanced_mnist_vae_e300_L2_b64/error_classifier_100/cp-0012.hdf5
 - 3s - loss: 0.1938 - acc: 0.9365 - val_loss: 7.5201 - val_acc: 0.4476
Epoch 13/50

Epoch 00013: saving model to models/unbalanced_mnist_vae_e300_L2_b64/error_classifier_100/cp-0013.hdf5
 - 3s - loss: 0.1954 - acc: 0.9248 - val_loss: 7.3658 - val_acc: 0.4226
Epoch 14/50

Epoch 00014: saving model to models/unbalanced_mnist_vae_e300_L2_b64/error_classifier_100/cp-0014.hdf5
 - 3s - loss: 0.1624 - acc: 0.9385 - val_loss: 7.8377 - val_acc: 0.4372
Epoch 15/50

Epoch 00015: saving model to models/unbalanced_mnist_vae_e300_L2_b64/error_classifier_100/cp-0015.hdf5
 - 3s - loss: 0.0876 - acc: 0.9775 - val_loss: 7.8299 - val_acc: 0.4573
Epoch 16/50

Epoch 00016: saving model to models/unbalanced_mnist_vae_e300_L2_b64/error_classifier_100/cp-0016.hdf5
 - 3s - loss: 0.0897 - acc: 0.9736 - val_loss: 7.9634 - val_acc: 0.4590
Epoch 17/50

Epoch 00017: saving model to models/unbalanced_mnist_vae_e300_L2_b64/error_classifier_100/cp-0017.hdf5
 - 3s - loss: 0.0537 - acc: 0.9863 - val_loss: 8.0718 - val_acc: 0.4573
Epoch 18/50

Epoch 00018: saving model to models/unbalanced_mnist_vae_e300_L2_b64/error_classifier_100/cp-0018.hdf5
 - 3s - loss: 0.0590 - acc: 0.9814 - val_loss: 8.1224 - val_acc: 0.4578
Epoch 19/50

Epoch 00019: saving model to models/unbalanced_mnist_vae_e300_L2_b64/error_classifier_100/cp-0019.hdf5
 - 3s - loss: 0.0417 - acc: 0.9902 - val_loss: 8.1392 - val_acc: 0.4574
Epoch 20/50

Epoch 00020: saving model to models/unbalanced_mnist_vae_e300_L2_b64/error_classifier_100/cp-0020.hdf5
 - 3s - loss: 0.0432 - acc: 0.9902 - val_loss: 8.1991 - val_acc: 0.4567
Epoch 21/50

Epoch 00021: saving model to models/unbalanced_mnist_vae_e300_L2_b64/error_classifier_100/cp-0021.hdf5
 - 3s - loss: 0.0381 - acc: 0.9912 - val_loss: 8.2197 - val_acc: 0.4589
Epoch 22/50

Epoch 00022: saving model to models/unbalanced_mnist_vae_e300_L2_b64/error_classifier_100/cp-0022.hdf5
 - 3s - loss: 0.0261 - acc: 0.9932 - val_loss: 8.2232 - val_acc: 0.4581
Epoch 23/50

Epoch 00023: saving model to models/unbalanced_mnist_vae_e300_L2_b64/error_classifier_100/cp-0023.hdf5
 - 3s - loss: 0.0324 - acc: 0.9912 - val_loss: 8.2331 - val_acc: 0.4589
Epoch 24/50

Epoch 00024: saving model to models/unbalanced_mnist_vae_e300_L2_b64/error_classifier_100/cp-0024.hdf5
 - 3s - loss: 0.0159 - acc: 0.9980 - val_loss: 8.2578 - val_acc: 0.4591
Epoch 25/50

Epoch 00025: saving model to models/unbalanced_mnist_vae_e300_L2_b64/error_classifier_100/cp-0025.hdf5
 - 3s - loss: 0.0195 - acc: 0.9971 - val_loss: 8.2413 - val_acc: 0.4589
Epoch 26/50

Epoch 00026: saving model to models/unbalanced_mnist_vae_e300_L2_b64/error_classifier_100/cp-0026.hdf5
 - 3s - loss: 0.0136 - acc: 0.9980 - val_loss: 8.2660 - val_acc: 0.4585
Epoch 27/50

Epoch 00027: saving model to models/unbalanced_mnist_vae_e300_L2_b64/error_classifier_100/cp-0027.hdf5
 - 3s - loss: 0.0158 - acc: 0.9980 - val_loss: 8.2652 - val_acc: 0.4587
Epoch 28/50

Epoch 00028: saving model to models/unbalanced_mnist_vae_e300_L2_b64/error_classifier_100/cp-0028.hdf5
 - 3s - loss: 0.0097 - acc: 1.0000 - val_loss: 8.2884 - val_acc: 0.4579
Epoch 29/50

Epoch 00029: saving model to models/unbalanced_mnist_vae_e300_L2_b64/error_classifier_100/cp-0029.hdf5
 - 3s - loss: 0.0142 - acc: 0.9951 - val_loss: 8.2835 - val_acc: 0.4580
Epoch 30/50

Epoch 00030: saving model to models/unbalanced_mnist_vae_e300_L2_b64/error_classifier_100/cp-0030.hdf5
 - 3s - loss: 0.0130 - acc: 0.9961 - val_loss: 8.2855 - val_acc: 0.4585
Epoch 31/50

Epoch 00031: saving model to models/unbalanced_mnist_vae_e300_L2_b64/error_classifier_100/cp-0031.hdf5
 - 3s - loss: 0.0106 - acc: 0.9980 - val_loss: 8.2858 - val_acc: 0.4591
Epoch 32/50

Epoch 00032: saving model to models/unbalanced_mnist_vae_e300_L2_b64/error_classifier_100/cp-0032.hdf5
 - 3s - loss: 0.0054 - acc: 1.0000 - val_loss: 8.3015 - val_acc: 0.4585
Epoch 33/50

Epoch 00033: saving model to models/unbalanced_mnist_vae_e300_L2_b64/error_classifier_100/cp-0033.hdf5
 - 3s - loss: 0.0105 - acc: 0.9980 - val_loss: 8.2877 - val_acc: 0.4596
Epoch 34/50

Epoch 00034: saving model to models/unbalanced_mnist_vae_e300_L2_b64/error_classifier_100/cp-0034.hdf5
 - 3s - loss: 0.0084 - acc: 0.9980 - val_loss: 8.3183 - val_acc: 0.4574
Epoch 35/50

Epoch 00035: saving model to models/unbalanced_mnist_vae_e300_L2_b64/error_classifier_100/cp-0035.hdf5
 - 3s - loss: 0.0089 - acc: 0.9980 - val_loss: 8.3115 - val_acc: 0.4590
Epoch 36/50

Epoch 00036: saving model to models/unbalanced_mnist_vae_e300_L2_b64/error_classifier_100/cp-0036.hdf5
 - 3s - loss: 0.0111 - acc: 0.9980 - val_loss: 8.3019 - val_acc: 0.4592
Epoch 37/50

Epoch 00037: saving model to models/unbalanced_mnist_vae_e300_L2_b64/error_classifier_100/cp-0037.hdf5
 - 3s - loss: 0.0044 - acc: 0.9990 - val_loss: 8.3110 - val_acc: 0.4592
Epoch 38/50

Epoch 00038: saving model to models/unbalanced_mnist_vae_e300_L2_b64/error_classifier_100/cp-0038.hdf5
 - 3s - loss: 0.0128 - acc: 0.9951 - val_loss: 8.3134 - val_acc: 0.4585
Epoch 39/50

Epoch 00039: saving model to models/unbalanced_mnist_vae_e300_L2_b64/error_classifier_100/cp-0039.hdf5
 - 3s - loss: 0.0058 - acc: 1.0000 - val_loss: 8.3143 - val_acc: 0.4591
Epoch 40/50

Epoch 00040: saving model to models/unbalanced_mnist_vae_e300_L2_b64/error_classifier_100/cp-0040.hdf5
 - 3s - loss: 0.0053 - acc: 0.9990 - val_loss: 8.3099 - val_acc: 0.4599
Epoch 41/50

Epoch 00041: saving model to models/unbalanced_mnist_vae_e300_L2_b64/error_classifier_100/cp-0041.hdf5
 - 3s - loss: 0.0056 - acc: 0.9990 - val_loss: 8.3059 - val_acc: 0.4598
Epoch 42/50

Epoch 00042: saving model to models/unbalanced_mnist_vae_e300_L2_b64/error_classifier_100/cp-0042.hdf5
 - 3s - loss: 0.0048 - acc: 1.0000 - val_loss: 8.3056 - val_acc: 0.4603
Epoch 43/50

Epoch 00043: saving model to models/unbalanced_mnist_vae_e300_L2_b64/error_classifier_100/cp-0043.hdf5
 - 3s - loss: 0.0035 - acc: 1.0000 - val_loss: 8.3213 - val_acc: 0.4593
Epoch 44/50

Epoch 00044: saving model to models/unbalanced_mnist_vae_e300_L2_b64/error_classifier_100/cp-0044.hdf5
 - 3s - loss: 0.0044 - acc: 0.9990 - val_loss: 8.3226 - val_acc: 0.4576
Epoch 45/50

Epoch 00045: saving model to models/unbalanced_mnist_vae_e300_L2_b64/error_classifier_100/cp-0045.hdf5
 - 3s - loss: 0.0028 - acc: 1.0000 - val_loss: 8.3114 - val_acc: 0.4599
Epoch 46/50

Epoch 00046: saving model to models/unbalanced_mnist_vae_e300_L2_b64/error_classifier_100/cp-0046.hdf5
 - 3s - loss: 0.0094 - acc: 0.9971 - val_loss: 8.3138 - val_acc: 0.4588
Epoch 47/50

Epoch 00047: saving model to models/unbalanced_mnist_vae_e300_L2_b64/error_classifier_100/cp-0047.hdf5
 - 3s - loss: 0.0033 - acc: 1.0000 - val_loss: 8.3251 - val_acc: 0.4585
Epoch 48/50

Epoch 00048: saving model to models/unbalanced_mnist_vae_e300_L2_b64/error_classifier_100/cp-0048.hdf5
 - 3s - loss: 0.0049 - acc: 0.9990 - val_loss: 8.3363 - val_acc: 0.4590
Epoch 49/50

Epoch 00049: saving model to models/unbalanced_mnist_vae_e300_L2_b64/error_classifier_100/cp-0049.hdf5
 - 3s - loss: 0.0052 - acc: 0.9980 - val_loss: 8.3245 - val_acc: 0.4587
Epoch 50/50

Epoch 00050: saving model to models/unbalanced_mnist_vae_e300_L2_b64/error_classifier_100/cp-0050.hdf5
 - 3s - loss: 0.0063 - acc: 0.9980 - val_loss: 8.3136 - val_acc: 0.4598
Finished.
