Starting analysis...
Epoch 1/50

Epoch 00001: saving model to models/mnist_conv_e300_L2_b64/random_classifier_100/cp-0001.hdf5
 - 5s - loss: 2.2936 - acc: 0.1406 - val_loss: 2.2962 - val_acc: 0.1402
Epoch 2/50

Epoch 00002: saving model to models/mnist_conv_e300_L2_b64/random_classifier_100/cp-0002.hdf5
 - 3s - loss: 2.2682 - acc: 0.1709 - val_loss: 2.2852 - val_acc: 0.1114
Epoch 3/50

Epoch 00003: saving model to models/mnist_conv_e300_L2_b64/random_classifier_100/cp-0003.hdf5
 - 3s - loss: 2.2127 - acc: 0.1973 - val_loss: 2.2576 - val_acc: 0.2111
Epoch 4/50

Epoch 00004: saving model to models/mnist_conv_e300_L2_b64/random_classifier_100/cp-0004.hdf5
 - 3s - loss: 2.0841 - acc: 0.3154 - val_loss: 2.0159 - val_acc: 0.4182
Epoch 5/50

Epoch 00005: saving model to models/mnist_conv_e300_L2_b64/random_classifier_100/cp-0005.hdf5
 - 3s - loss: 1.5389 - acc: 0.5508 - val_loss: 1.5766 - val_acc: 0.4188
Epoch 6/50

Epoch 00006: saving model to models/mnist_conv_e300_L2_b64/random_classifier_100/cp-0006.hdf5
 - 3s - loss: 1.0203 - acc: 0.6797 - val_loss: 1.2305 - val_acc: 0.6234
Epoch 7/50

Epoch 00007: saving model to models/mnist_conv_e300_L2_b64/random_classifier_100/cp-0007.hdf5
 - 3s - loss: 0.7159 - acc: 0.7627 - val_loss: 0.7906 - val_acc: 0.7339
Epoch 8/50

Epoch 00008: saving model to models/mnist_conv_e300_L2_b64/random_classifier_100/cp-0008.hdf5
 - 3s - loss: 0.4942 - acc: 0.8369 - val_loss: 0.7861 - val_acc: 0.7505
Epoch 9/50

Epoch 00009: saving model to models/mnist_conv_e300_L2_b64/random_classifier_100/cp-0009.hdf5
 - 3s - loss: 0.3056 - acc: 0.8926 - val_loss: 0.8014 - val_acc: 0.7661
Epoch 10/50

Epoch 00010: saving model to models/mnist_conv_e300_L2_b64/random_classifier_100/cp-0010.hdf5
 - 3s - loss: 0.2193 - acc: 0.9287 - val_loss: 0.6477 - val_acc: 0.8042
Epoch 11/50

Epoch 00011: saving model to models/mnist_conv_e300_L2_b64/random_classifier_100/cp-0011.hdf5
 - 3s - loss: 0.1279 - acc: 0.9648 - val_loss: 0.6589 - val_acc: 0.8088
Epoch 12/50

Epoch 00012: saving model to models/mnist_conv_e300_L2_b64/random_classifier_100/cp-0012.hdf5
 - 3s - loss: 0.1327 - acc: 0.9619 - val_loss: 0.8488 - val_acc: 0.7791
Epoch 13/50

Epoch 00013: saving model to models/mnist_conv_e300_L2_b64/random_classifier_100/cp-0013.hdf5
 - 3s - loss: 0.0801 - acc: 0.9824 - val_loss: 0.7556 - val_acc: 0.8029
Epoch 14/50

Epoch 00014: saving model to models/mnist_conv_e300_L2_b64/random_classifier_100/cp-0014.hdf5
 - 3s - loss: 0.0457 - acc: 0.9941 - val_loss: 0.7809 - val_acc: 0.8090
Epoch 15/50

Epoch 00015: saving model to models/mnist_conv_e300_L2_b64/random_classifier_100/cp-0015.hdf5
 - 3s - loss: 0.0423 - acc: 0.9893 - val_loss: 0.8228 - val_acc: 0.8067
Epoch 16/50

Epoch 00016: saving model to models/mnist_conv_e300_L2_b64/random_classifier_100/cp-0016.hdf5
 - 3s - loss: 0.0162 - acc: 1.0000 - val_loss: 0.7929 - val_acc: 0.8145
Epoch 17/50

Epoch 00017: saving model to models/mnist_conv_e300_L2_b64/random_classifier_100/cp-0017.hdf5
 - 3s - loss: 0.0149 - acc: 0.9980 - val_loss: 0.8498 - val_acc: 0.8130
Epoch 18/50

Epoch 00018: saving model to models/mnist_conv_e300_L2_b64/random_classifier_100/cp-0018.hdf5
 - 3s - loss: 0.0112 - acc: 1.0000 - val_loss: 0.8772 - val_acc: 0.8151
Epoch 19/50

Epoch 00019: saving model to models/mnist_conv_e300_L2_b64/random_classifier_100/cp-0019.hdf5
 - 3s - loss: 0.0210 - acc: 0.9912 - val_loss: 0.9677 - val_acc: 0.8015
Epoch 20/50

Epoch 00020: saving model to models/mnist_conv_e300_L2_b64/random_classifier_100/cp-0020.hdf5
 - 3s - loss: 0.0178 - acc: 0.9961 - val_loss: 0.8581 - val_acc: 0.8173
Epoch 21/50

Epoch 00021: saving model to models/mnist_conv_e300_L2_b64/random_classifier_100/cp-0021.hdf5
 - 3s - loss: 0.0176 - acc: 0.9951 - val_loss: 0.9140 - val_acc: 0.8096
Epoch 22/50

Epoch 00022: saving model to models/mnist_conv_e300_L2_b64/random_classifier_100/cp-0022.hdf5
 - 3s - loss: 0.0069 - acc: 0.9990 - val_loss: 0.8829 - val_acc: 0.8182
Epoch 23/50

Epoch 00023: saving model to models/mnist_conv_e300_L2_b64/random_classifier_100/cp-0023.hdf5
 - 3s - loss: 0.0096 - acc: 0.9980 - val_loss: 0.9866 - val_acc: 0.8078
Epoch 24/50

Epoch 00024: saving model to models/mnist_conv_e300_L2_b64/random_classifier_100/cp-0024.hdf5
 - 3s - loss: 0.0084 - acc: 0.9990 - val_loss: 0.9259 - val_acc: 0.8154
Epoch 25/50

Epoch 00025: saving model to models/mnist_conv_e300_L2_b64/random_classifier_100/cp-0025.hdf5
 - 3s - loss: 0.0117 - acc: 0.9961 - val_loss: 0.9625 - val_acc: 0.8153
Epoch 26/50

Epoch 00026: saving model to models/mnist_conv_e300_L2_b64/random_classifier_100/cp-0026.hdf5
 - 3s - loss: 0.0104 - acc: 0.9980 - val_loss: 0.9924 - val_acc: 0.8099
Epoch 27/50

Epoch 00027: saving model to models/mnist_conv_e300_L2_b64/random_classifier_100/cp-0027.hdf5
 - 3s - loss: 0.0070 - acc: 0.9990 - val_loss: 1.0016 - val_acc: 0.8109
Epoch 28/50

Epoch 00028: saving model to models/mnist_conv_e300_L2_b64/random_classifier_100/cp-0028.hdf5
 - 3s - loss: 0.0052 - acc: 1.0000 - val_loss: 0.9668 - val_acc: 0.8175
Epoch 29/50

Epoch 00029: saving model to models/mnist_conv_e300_L2_b64/random_classifier_100/cp-0029.hdf5
 - 3s - loss: 0.0047 - acc: 1.0000 - val_loss: 1.0564 - val_acc: 0.8063
Epoch 30/50

Epoch 00030: saving model to models/mnist_conv_e300_L2_b64/random_classifier_100/cp-0030.hdf5
 - 3s - loss: 0.0058 - acc: 0.9990 - val_loss: 1.0130 - val_acc: 0.8123
Epoch 31/50

Epoch 00031: saving model to models/mnist_conv_e300_L2_b64/random_classifier_100/cp-0031.hdf5
 - 3s - loss: 0.0032 - acc: 1.0000 - val_loss: 1.0014 - val_acc: 0.8141
Epoch 32/50

Epoch 00032: saving model to models/mnist_conv_e300_L2_b64/random_classifier_100/cp-0032.hdf5
 - 3s - loss: 0.0058 - acc: 0.9980 - val_loss: 1.0331 - val_acc: 0.8110
Epoch 33/50

Epoch 00033: saving model to models/mnist_conv_e300_L2_b64/random_classifier_100/cp-0033.hdf5
 - 3s - loss: 0.0027 - acc: 1.0000 - val_loss: 1.0488 - val_acc: 0.8107
Epoch 34/50

Epoch 00034: saving model to models/mnist_conv_e300_L2_b64/random_classifier_100/cp-0034.hdf5
 - 3s - loss: 0.0037 - acc: 0.9990 - val_loss: 1.0098 - val_acc: 0.8169
Epoch 35/50

Epoch 00035: saving model to models/mnist_conv_e300_L2_b64/random_classifier_100/cp-0035.hdf5
 - 3s - loss: 0.0035 - acc: 0.9990 - val_loss: 1.0141 - val_acc: 0.8159
Epoch 36/50

Epoch 00036: saving model to models/mnist_conv_e300_L2_b64/random_classifier_100/cp-0036.hdf5
 - 3s - loss: 0.0024 - acc: 1.0000 - val_loss: 1.0368 - val_acc: 0.8149
Epoch 37/50

Epoch 00037: saving model to models/mnist_conv_e300_L2_b64/random_classifier_100/cp-0037.hdf5
 - 3s - loss: 0.0028 - acc: 1.0000 - val_loss: 1.0369 - val_acc: 0.8162
Epoch 38/50

Epoch 00038: saving model to models/mnist_conv_e300_L2_b64/random_classifier_100/cp-0038.hdf5
 - 3s - loss: 0.0039 - acc: 0.9990 - val_loss: 1.0603 - val_acc: 0.8139
Epoch 39/50

Epoch 00039: saving model to models/mnist_conv_e300_L2_b64/random_classifier_100/cp-0039.hdf5
 - 3s - loss: 0.0055 - acc: 0.9980 - val_loss: 0.9883 - val_acc: 0.8203
Epoch 40/50

Epoch 00040: saving model to models/mnist_conv_e300_L2_b64/random_classifier_100/cp-0040.hdf5
 - 3s - loss: 0.0026 - acc: 1.0000 - val_loss: 1.0548 - val_acc: 0.8129
Epoch 41/50

Epoch 00041: saving model to models/mnist_conv_e300_L2_b64/random_classifier_100/cp-0041.hdf5
 - 3s - loss: 0.0030 - acc: 0.9990 - val_loss: 1.0635 - val_acc: 0.8167
Epoch 42/50

Epoch 00042: saving model to models/mnist_conv_e300_L2_b64/random_classifier_100/cp-0042.hdf5
 - 3s - loss: 0.0027 - acc: 1.0000 - val_loss: 1.0266 - val_acc: 0.8201
Epoch 43/50

Epoch 00043: saving model to models/mnist_conv_e300_L2_b64/random_classifier_100/cp-0043.hdf5
 - 3s - loss: 0.0037 - acc: 0.9990 - val_loss: 1.1245 - val_acc: 0.8103
Epoch 44/50

Epoch 00044: saving model to models/mnist_conv_e300_L2_b64/random_classifier_100/cp-0044.hdf5
 - 3s - loss: 0.0023 - acc: 1.0000 - val_loss: 1.0781 - val_acc: 0.8145
Epoch 45/50

Epoch 00045: saving model to models/mnist_conv_e300_L2_b64/random_classifier_100/cp-0045.hdf5
 - 3s - loss: 0.0023 - acc: 1.0000 - val_loss: 1.0860 - val_acc: 0.8142
Epoch 46/50

Epoch 00046: saving model to models/mnist_conv_e300_L2_b64/random_classifier_100/cp-0046.hdf5
 - 3s - loss: 0.0068 - acc: 0.9971 - val_loss: 1.1208 - val_acc: 0.8097
Epoch 47/50

Epoch 00047: saving model to models/mnist_conv_e300_L2_b64/random_classifier_100/cp-0047.hdf5
 - 3s - loss: 0.0074 - acc: 0.9980 - val_loss: 1.0637 - val_acc: 0.8199
Epoch 48/50

Epoch 00048: saving model to models/mnist_conv_e300_L2_b64/random_classifier_100/cp-0048.hdf5
 - 3s - loss: 0.0025 - acc: 0.9990 - val_loss: 1.0898 - val_acc: 0.8176
Epoch 49/50

Epoch 00049: saving model to models/mnist_conv_e300_L2_b64/random_classifier_100/cp-0049.hdf5
 - 3s - loss: 0.0031 - acc: 0.9990 - val_loss: 1.0629 - val_acc: 0.8186
Epoch 50/50

Epoch 00050: saving model to models/mnist_conv_e300_L2_b64/random_classifier_100/cp-0050.hdf5
 - 3s - loss: 0.0018 - acc: 1.0000 - val_loss: 1.0571 - val_acc: 0.8186
Epoch 1/50

Epoch 00001: saving model to models/mnist_conv_e300_L2_b64/normal_classifier_100/cp-0001.hdf5
 - 5s - loss: 2.2908 - acc: 0.1611 - val_loss: 2.3020 - val_acc: 0.1130
Epoch 2/50

Epoch 00002: saving model to models/mnist_conv_e300_L2_b64/normal_classifier_100/cp-0002.hdf5
 - 3s - loss: 2.2128 - acc: 0.2656 - val_loss: 2.3710 - val_acc: 0.1979
Epoch 3/50

Epoch 00003: saving model to models/mnist_conv_e300_L2_b64/normal_classifier_100/cp-0003.hdf5
 - 3s - loss: 2.0297 - acc: 0.4082 - val_loss: 2.4166 - val_acc: 0.2633
Epoch 4/50

Epoch 00004: saving model to models/mnist_conv_e300_L2_b64/normal_classifier_100/cp-0004.hdf5
 - 3s - loss: 1.6348 - acc: 0.5352 - val_loss: 2.2225 - val_acc: 0.3370
Epoch 5/50

Epoch 00005: saving model to models/mnist_conv_e300_L2_b64/normal_classifier_100/cp-0005.hdf5
 - 3s - loss: 1.1394 - acc: 0.6445 - val_loss: 1.8883 - val_acc: 0.3671
Epoch 6/50

Epoch 00006: saving model to models/mnist_conv_e300_L2_b64/normal_classifier_100/cp-0006.hdf5
 - 3s - loss: 0.7771 - acc: 0.7598 - val_loss: 1.3622 - val_acc: 0.5861
Epoch 7/50

Epoch 00007: saving model to models/mnist_conv_e300_L2_b64/normal_classifier_100/cp-0007.hdf5
 - 3s - loss: 0.4858 - acc: 0.8389 - val_loss: 1.1752 - val_acc: 0.6322
Epoch 8/50

Epoch 00008: saving model to models/mnist_conv_e300_L2_b64/normal_classifier_100/cp-0008.hdf5
 - 3s - loss: 0.3592 - acc: 0.8887 - val_loss: 1.1501 - val_acc: 0.6745
Epoch 9/50

Epoch 00009: saving model to models/mnist_conv_e300_L2_b64/normal_classifier_100/cp-0009.hdf5
 - 3s - loss: 0.1955 - acc: 0.9434 - val_loss: 1.2732 - val_acc: 0.6826
Epoch 10/50

Epoch 00010: saving model to models/mnist_conv_e300_L2_b64/normal_classifier_100/cp-0010.hdf5
 - 3s - loss: 0.1275 - acc: 0.9600 - val_loss: 1.5380 - val_acc: 0.6621
Epoch 11/50

Epoch 00011: saving model to models/mnist_conv_e300_L2_b64/normal_classifier_100/cp-0011.hdf5
 - 3s - loss: 0.0747 - acc: 0.9775 - val_loss: 1.3887 - val_acc: 0.7053
Epoch 12/50

Epoch 00012: saving model to models/mnist_conv_e300_L2_b64/normal_classifier_100/cp-0012.hdf5
 - 3s - loss: 0.0611 - acc: 0.9863 - val_loss: 1.6304 - val_acc: 0.6822
Epoch 13/50

Epoch 00013: saving model to models/mnist_conv_e300_L2_b64/normal_classifier_100/cp-0013.hdf5
 - 3s - loss: 0.0683 - acc: 0.9844 - val_loss: 1.5497 - val_acc: 0.6824
Epoch 14/50

Epoch 00014: saving model to models/mnist_conv_e300_L2_b64/normal_classifier_100/cp-0014.hdf5
 - 3s - loss: 0.0207 - acc: 0.9951 - val_loss: 1.6642 - val_acc: 0.6864
Epoch 15/50

Epoch 00015: saving model to models/mnist_conv_e300_L2_b64/normal_classifier_100/cp-0015.hdf5
 - 3s - loss: 0.0253 - acc: 0.9932 - val_loss: 1.6776 - val_acc: 0.6998
Epoch 16/50

Epoch 00016: saving model to models/mnist_conv_e300_L2_b64/normal_classifier_100/cp-0016.hdf5
 - 3s - loss: 0.0124 - acc: 0.9980 - val_loss: 1.8639 - val_acc: 0.6865
Epoch 17/50

Epoch 00017: saving model to models/mnist_conv_e300_L2_b64/normal_classifier_100/cp-0017.hdf5
 - 3s - loss: 0.0137 - acc: 0.9971 - val_loss: 1.7480 - val_acc: 0.6966
Epoch 18/50

Epoch 00018: saving model to models/mnist_conv_e300_L2_b64/normal_classifier_100/cp-0018.hdf5
 - 3s - loss: 0.0142 - acc: 0.9951 - val_loss: 1.7781 - val_acc: 0.6937
Epoch 19/50

Epoch 00019: saving model to models/mnist_conv_e300_L2_b64/normal_classifier_100/cp-0019.hdf5
 - 3s - loss: 0.0074 - acc: 0.9990 - val_loss: 1.8376 - val_acc: 0.6999
Epoch 20/50

Epoch 00020: saving model to models/mnist_conv_e300_L2_b64/normal_classifier_100/cp-0020.hdf5
 - 3s - loss: 0.0082 - acc: 0.9980 - val_loss: 1.9394 - val_acc: 0.6918
Epoch 21/50

Epoch 00021: saving model to models/mnist_conv_e300_L2_b64/normal_classifier_100/cp-0021.hdf5
 - 3s - loss: 0.0081 - acc: 0.9990 - val_loss: 1.9798 - val_acc: 0.6905
Epoch 22/50

Epoch 00022: saving model to models/mnist_conv_e300_L2_b64/normal_classifier_100/cp-0022.hdf5
 - 3s - loss: 0.0075 - acc: 0.9990 - val_loss: 1.9417 - val_acc: 0.6991
Epoch 23/50

Epoch 00023: saving model to models/mnist_conv_e300_L2_b64/normal_classifier_100/cp-0023.hdf5
 - 3s - loss: 0.0054 - acc: 1.0000 - val_loss: 1.9898 - val_acc: 0.6987
Epoch 24/50

Epoch 00024: saving model to models/mnist_conv_e300_L2_b64/normal_classifier_100/cp-0024.hdf5
 - 3s - loss: 0.0054 - acc: 0.9990 - val_loss: 2.0877 - val_acc: 0.6897
Epoch 25/50

Epoch 00025: saving model to models/mnist_conv_e300_L2_b64/normal_classifier_100/cp-0025.hdf5
 - 3s - loss: 0.0114 - acc: 0.9971 - val_loss: 2.0039 - val_acc: 0.7011
Epoch 26/50

Epoch 00026: saving model to models/mnist_conv_e300_L2_b64/normal_classifier_100/cp-0026.hdf5
 - 3s - loss: 0.0055 - acc: 0.9990 - val_loss: 1.8846 - val_acc: 0.7118
Epoch 27/50

Epoch 00027: saving model to models/mnist_conv_e300_L2_b64/normal_classifier_100/cp-0027.hdf5
 - 3s - loss: 0.0053 - acc: 1.0000 - val_loss: 2.0392 - val_acc: 0.6965
Epoch 28/50

Epoch 00028: saving model to models/mnist_conv_e300_L2_b64/normal_classifier_100/cp-0028.hdf5
 - 3s - loss: 0.0054 - acc: 0.9990 - val_loss: 2.0744 - val_acc: 0.6946
Epoch 29/50

Epoch 00029: saving model to models/mnist_conv_e300_L2_b64/normal_classifier_100/cp-0029.hdf5
 - 3s - loss: 0.0042 - acc: 0.9990 - val_loss: 2.0247 - val_acc: 0.7011
Epoch 30/50

Epoch 00030: saving model to models/mnist_conv_e300_L2_b64/normal_classifier_100/cp-0030.hdf5
 - 3s - loss: 0.0037 - acc: 0.9990 - val_loss: 2.0730 - val_acc: 0.6969
Epoch 31/50

Epoch 00031: saving model to models/mnist_conv_e300_L2_b64/normal_classifier_100/cp-0031.hdf5
 - 3s - loss: 0.0040 - acc: 0.9990 - val_loss: 2.1166 - val_acc: 0.6909
Epoch 32/50

Epoch 00032: saving model to models/mnist_conv_e300_L2_b64/normal_classifier_100/cp-0032.hdf5
 - 3s - loss: 0.0051 - acc: 0.9980 - val_loss: 2.0692 - val_acc: 0.6976
Epoch 33/50

Epoch 00033: saving model to models/mnist_conv_e300_L2_b64/normal_classifier_100/cp-0033.hdf5
 - 3s - loss: 0.0026 - acc: 1.0000 - val_loss: 2.0617 - val_acc: 0.6996
Epoch 34/50

Epoch 00034: saving model to models/mnist_conv_e300_L2_b64/normal_classifier_100/cp-0034.hdf5
 - 3s - loss: 0.0033 - acc: 1.0000 - val_loss: 2.1555 - val_acc: 0.6986
Epoch 35/50

Epoch 00035: saving model to models/mnist_conv_e300_L2_b64/normal_classifier_100/cp-0035.hdf5
 - 3s - loss: 0.0021 - acc: 1.0000 - val_loss: 2.1242 - val_acc: 0.7018
Epoch 36/50

Epoch 00036: saving model to models/mnist_conv_e300_L2_b64/normal_classifier_100/cp-0036.hdf5
 - 3s - loss: 0.0061 - acc: 0.9980 - val_loss: 2.2568 - val_acc: 0.6895
Epoch 37/50

Epoch 00037: saving model to models/mnist_conv_e300_L2_b64/normal_classifier_100/cp-0037.hdf5
 - 3s - loss: 0.0014 - acc: 1.0000 - val_loss: 2.1637 - val_acc: 0.6996
Epoch 38/50

Epoch 00038: saving model to models/mnist_conv_e300_L2_b64/normal_classifier_100/cp-0038.hdf5
 - 3s - loss: 0.0016 - acc: 1.0000 - val_loss: 2.1772 - val_acc: 0.7007
Epoch 39/50

Epoch 00039: saving model to models/mnist_conv_e300_L2_b64/normal_classifier_100/cp-0039.hdf5
 - 3s - loss: 0.0033 - acc: 0.9990 - val_loss: 2.1874 - val_acc: 0.6993
Epoch 40/50

Epoch 00040: saving model to models/mnist_conv_e300_L2_b64/normal_classifier_100/cp-0040.hdf5
 - 3s - loss: 0.0023 - acc: 1.0000 - val_loss: 2.2204 - val_acc: 0.6991
Epoch 41/50

Epoch 00041: saving model to models/mnist_conv_e300_L2_b64/normal_classifier_100/cp-0041.hdf5
 - 3s - loss: 0.0012 - acc: 1.0000 - val_loss: 2.2193 - val_acc: 0.6927
Epoch 42/50

Epoch 00042: saving model to models/mnist_conv_e300_L2_b64/normal_classifier_100/cp-0042.hdf5
 - 3s - loss: 0.0015 - acc: 0.9990 - val_loss: 2.2010 - val_acc: 0.7000
Epoch 43/50

Epoch 00043: saving model to models/mnist_conv_e300_L2_b64/normal_classifier_100/cp-0043.hdf5
 - 3s - loss: 0.0015 - acc: 1.0000 - val_loss: 2.1899 - val_acc: 0.7005
Epoch 44/50

Epoch 00044: saving model to models/mnist_conv_e300_L2_b64/normal_classifier_100/cp-0044.hdf5
 - 3s - loss: 0.0012 - acc: 1.0000 - val_loss: 2.1922 - val_acc: 0.7040
Epoch 45/50

Epoch 00045: saving model to models/mnist_conv_e300_L2_b64/normal_classifier_100/cp-0045.hdf5
 - 3s - loss: 0.0015 - acc: 1.0000 - val_loss: 2.3194 - val_acc: 0.6925
Epoch 46/50

Epoch 00046: saving model to models/mnist_conv_e300_L2_b64/normal_classifier_100/cp-0046.hdf5
 - 3s - loss: 0.0014 - acc: 1.0000 - val_loss: 2.2924 - val_acc: 0.7008
Epoch 47/50

Epoch 00047: saving model to models/mnist_conv_e300_L2_b64/normal_classifier_100/cp-0047.hdf5
 - 3s - loss: 0.0041 - acc: 0.9980 - val_loss: 2.2418 - val_acc: 0.7003
Epoch 48/50

Epoch 00048: saving model to models/mnist_conv_e300_L2_b64/normal_classifier_100/cp-0048.hdf5
 - 3s - loss: 0.0030 - acc: 0.9990 - val_loss: 2.3532 - val_acc: 0.6903
Epoch 49/50

Epoch 00049: saving model to models/mnist_conv_e300_L2_b64/normal_classifier_100/cp-0049.hdf5
 - 3s - loss: 0.0017 - acc: 0.9990 - val_loss: 2.2413 - val_acc: 0.6984
Epoch 50/50

Epoch 00050: saving model to models/mnist_conv_e300_L2_b64/normal_classifier_100/cp-0050.hdf5
 - 3s - loss: 0.0033 - acc: 0.9980 - val_loss: 2.3300 - val_acc: 0.6998
Epoch 1/50

Epoch 00001: saving model to models/mnist_conv_e300_L2_b64/multi-normal_classifier_100/cp-0001.hdf5
 - 5s - loss: 2.2898 - acc: 0.2266 - val_loss: 2.2957 - val_acc: 0.1539
Epoch 2/50

Epoch 00002: saving model to models/mnist_conv_e300_L2_b64/multi-normal_classifier_100/cp-0002.hdf5
 - 3s - loss: 2.2069 - acc: 0.3193 - val_loss: 2.3240 - val_acc: 0.1521
Epoch 3/50

Epoch 00003: saving model to models/mnist_conv_e300_L2_b64/multi-normal_classifier_100/cp-0003.hdf5
 - 3s - loss: 1.9805 - acc: 0.4043 - val_loss: 2.1360 - val_acc: 0.2915
Epoch 4/50

Epoch 00004: saving model to models/mnist_conv_e300_L2_b64/multi-normal_classifier_100/cp-0004.hdf5
 - 3s - loss: 1.4506 - acc: 0.5459 - val_loss: 1.6416 - val_acc: 0.4448
Epoch 5/50

Epoch 00005: saving model to models/mnist_conv_e300_L2_b64/multi-normal_classifier_100/cp-0005.hdf5
 - 3s - loss: 1.1524 - acc: 0.6240 - val_loss: 1.2175 - val_acc: 0.6096
Epoch 6/50

Epoch 00006: saving model to models/mnist_conv_e300_L2_b64/multi-normal_classifier_100/cp-0006.hdf5
 - 3s - loss: 0.8483 - acc: 0.7168 - val_loss: 1.2031 - val_acc: 0.6061
Epoch 7/50

Epoch 00007: saving model to models/mnist_conv_e300_L2_b64/multi-normal_classifier_100/cp-0007.hdf5
 - 3s - loss: 0.6501 - acc: 0.7764 - val_loss: 1.0179 - val_acc: 0.6516
Epoch 8/50

Epoch 00008: saving model to models/mnist_conv_e300_L2_b64/multi-normal_classifier_100/cp-0008.hdf5
 - 3s - loss: 0.5203 - acc: 0.8145 - val_loss: 0.9962 - val_acc: 0.6814
Epoch 9/50

Epoch 00009: saving model to models/mnist_conv_e300_L2_b64/multi-normal_classifier_100/cp-0009.hdf5
 - 3s - loss: 0.3672 - acc: 0.8682 - val_loss: 1.3985 - val_acc: 0.6099
Epoch 10/50

Epoch 00010: saving model to models/mnist_conv_e300_L2_b64/multi-normal_classifier_100/cp-0010.hdf5
 - 3s - loss: 0.2587 - acc: 0.9131 - val_loss: 1.2021 - val_acc: 0.6851
Epoch 11/50

Epoch 00011: saving model to models/mnist_conv_e300_L2_b64/multi-normal_classifier_100/cp-0011.hdf5
 - 3s - loss: 0.1549 - acc: 0.9463 - val_loss: 1.2999 - val_acc: 0.6930
Epoch 12/50

Epoch 00012: saving model to models/mnist_conv_e300_L2_b64/multi-normal_classifier_100/cp-0012.hdf5
 - 3s - loss: 0.1381 - acc: 0.9600 - val_loss: 1.2836 - val_acc: 0.7020
Epoch 13/50

Epoch 00013: saving model to models/mnist_conv_e300_L2_b64/multi-normal_classifier_100/cp-0013.hdf5
 - 3s - loss: 0.0728 - acc: 0.9844 - val_loss: 1.4691 - val_acc: 0.6902
Epoch 14/50

Epoch 00014: saving model to models/mnist_conv_e300_L2_b64/multi-normal_classifier_100/cp-0014.hdf5
 - 3s - loss: 0.0781 - acc: 0.9678 - val_loss: 1.4669 - val_acc: 0.7082
Epoch 15/50

Epoch 00015: saving model to models/mnist_conv_e300_L2_b64/multi-normal_classifier_100/cp-0015.hdf5
 - 3s - loss: 0.0390 - acc: 0.9951 - val_loss: 1.5377 - val_acc: 0.7055
Epoch 16/50

Epoch 00016: saving model to models/mnist_conv_e300_L2_b64/multi-normal_classifier_100/cp-0016.hdf5
 - 3s - loss: 0.0338 - acc: 0.9922 - val_loss: 1.7382 - val_acc: 0.6943
Epoch 17/50

Epoch 00017: saving model to models/mnist_conv_e300_L2_b64/multi-normal_classifier_100/cp-0017.hdf5
 - 3s - loss: 0.0454 - acc: 0.9883 - val_loss: 1.6633 - val_acc: 0.7021
Epoch 18/50

Epoch 00018: saving model to models/mnist_conv_e300_L2_b64/multi-normal_classifier_100/cp-0018.hdf5
 - 3s - loss: 0.0209 - acc: 0.9951 - val_loss: 1.6591 - val_acc: 0.7056
Epoch 19/50

Epoch 00019: saving model to models/mnist_conv_e300_L2_b64/multi-normal_classifier_100/cp-0019.hdf5
 - 3s - loss: 0.0201 - acc: 0.9941 - val_loss: 1.8021 - val_acc: 0.6967
Epoch 20/50

Epoch 00020: saving model to models/mnist_conv_e300_L2_b64/multi-normal_classifier_100/cp-0020.hdf5
 - 3s - loss: 0.0179 - acc: 0.9941 - val_loss: 1.9901 - val_acc: 0.6810
Epoch 21/50

Epoch 00021: saving model to models/mnist_conv_e300_L2_b64/multi-normal_classifier_100/cp-0021.hdf5
 - 3s - loss: 0.0205 - acc: 0.9932 - val_loss: 1.8243 - val_acc: 0.7039
Epoch 22/50

Epoch 00022: saving model to models/mnist_conv_e300_L2_b64/multi-normal_classifier_100/cp-0022.hdf5
 - 3s - loss: 0.0115 - acc: 0.9990 - val_loss: 1.8741 - val_acc: 0.6987
Epoch 23/50

Epoch 00023: saving model to models/mnist_conv_e300_L2_b64/multi-normal_classifier_100/cp-0023.hdf5
 - 3s - loss: 0.0078 - acc: 1.0000 - val_loss: 1.9194 - val_acc: 0.6968
Epoch 24/50

Epoch 00024: saving model to models/mnist_conv_e300_L2_b64/multi-normal_classifier_100/cp-0024.hdf5
 - 3s - loss: 0.0111 - acc: 0.9961 - val_loss: 1.9194 - val_acc: 0.7036
Epoch 25/50

Epoch 00025: saving model to models/mnist_conv_e300_L2_b64/multi-normal_classifier_100/cp-0025.hdf5
 - 3s - loss: 0.0073 - acc: 0.9990 - val_loss: 1.9767 - val_acc: 0.7018
Epoch 26/50

Epoch 00026: saving model to models/mnist_conv_e300_L2_b64/multi-normal_classifier_100/cp-0026.hdf5
 - 3s - loss: 0.0057 - acc: 1.0000 - val_loss: 2.0775 - val_acc: 0.6954
Epoch 27/50

Epoch 00027: saving model to models/mnist_conv_e300_L2_b64/multi-normal_classifier_100/cp-0027.hdf5
 - 3s - loss: 0.0044 - acc: 1.0000 - val_loss: 2.0764 - val_acc: 0.6975
Epoch 28/50

Epoch 00028: saving model to models/mnist_conv_e300_L2_b64/multi-normal_classifier_100/cp-0028.hdf5
 - 3s - loss: 0.0058 - acc: 0.9990 - val_loss: 1.9908 - val_acc: 0.7077
Epoch 29/50

Epoch 00029: saving model to models/mnist_conv_e300_L2_b64/multi-normal_classifier_100/cp-0029.hdf5
 - 3s - loss: 0.0106 - acc: 0.9961 - val_loss: 2.0310 - val_acc: 0.7048
Epoch 30/50

Epoch 00030: saving model to models/mnist_conv_e300_L2_b64/multi-normal_classifier_100/cp-0030.hdf5
 - 3s - loss: 0.0058 - acc: 0.9990 - val_loss: 2.0918 - val_acc: 0.7013
Epoch 31/50

Epoch 00031: saving model to models/mnist_conv_e300_L2_b64/multi-normal_classifier_100/cp-0031.hdf5
 - 3s - loss: 0.0042 - acc: 1.0000 - val_loss: 2.1555 - val_acc: 0.6961
Epoch 32/50

Epoch 00032: saving model to models/mnist_conv_e300_L2_b64/multi-normal_classifier_100/cp-0032.hdf5
 - 3s - loss: 0.0033 - acc: 1.0000 - val_loss: 2.2216 - val_acc: 0.6925
Epoch 33/50

Epoch 00033: saving model to models/mnist_conv_e300_L2_b64/multi-normal_classifier_100/cp-0033.hdf5
 - 3s - loss: 0.0024 - acc: 1.0000 - val_loss: 2.2281 - val_acc: 0.6958
Epoch 34/50

Epoch 00034: saving model to models/mnist_conv_e300_L2_b64/multi-normal_classifier_100/cp-0034.hdf5
 - 3s - loss: 0.0043 - acc: 1.0000 - val_loss: 2.2152 - val_acc: 0.6980
Epoch 35/50

Epoch 00035: saving model to models/mnist_conv_e300_L2_b64/multi-normal_classifier_100/cp-0035.hdf5
 - 3s - loss: 0.0054 - acc: 0.9990 - val_loss: 2.2174 - val_acc: 0.7019
Epoch 36/50

Epoch 00036: saving model to models/mnist_conv_e300_L2_b64/multi-normal_classifier_100/cp-0036.hdf5
 - 3s - loss: 0.0082 - acc: 0.9990 - val_loss: 2.1758 - val_acc: 0.7070
Epoch 37/50

Epoch 00037: saving model to models/mnist_conv_e300_L2_b64/multi-normal_classifier_100/cp-0037.hdf5
 - 3s - loss: 0.0026 - acc: 1.0000 - val_loss: 2.1600 - val_acc: 0.7048
Epoch 38/50

Epoch 00038: saving model to models/mnist_conv_e300_L2_b64/multi-normal_classifier_100/cp-0038.hdf5
 - 3s - loss: 0.0041 - acc: 0.9990 - val_loss: 2.1113 - val_acc: 0.7108
Epoch 39/50

Epoch 00039: saving model to models/mnist_conv_e300_L2_b64/multi-normal_classifier_100/cp-0039.hdf5
 - 3s - loss: 0.0021 - acc: 1.0000 - val_loss: 2.1489 - val_acc: 0.7084
Epoch 40/50

Epoch 00040: saving model to models/mnist_conv_e300_L2_b64/multi-normal_classifier_100/cp-0040.hdf5
 - 3s - loss: 0.0018 - acc: 1.0000 - val_loss: 2.1519 - val_acc: 0.7102
Epoch 41/50

Epoch 00041: saving model to models/mnist_conv_e300_L2_b64/multi-normal_classifier_100/cp-0041.hdf5
 - 3s - loss: 0.0047 - acc: 0.9990 - val_loss: 2.2794 - val_acc: 0.6980
Epoch 42/50

Epoch 00042: saving model to models/mnist_conv_e300_L2_b64/multi-normal_classifier_100/cp-0042.hdf5
 - 3s - loss: 0.0028 - acc: 1.0000 - val_loss: 2.2550 - val_acc: 0.7036
Epoch 43/50

Epoch 00043: saving model to models/mnist_conv_e300_L2_b64/multi-normal_classifier_100/cp-0043.hdf5
 - 3s - loss: 0.0050 - acc: 0.9971 - val_loss: 2.2728 - val_acc: 0.7035
Epoch 44/50

Epoch 00044: saving model to models/mnist_conv_e300_L2_b64/multi-normal_classifier_100/cp-0044.hdf5
 - 3s - loss: 0.0019 - acc: 0.9990 - val_loss: 2.2224 - val_acc: 0.7091
Epoch 45/50

Epoch 00045: saving model to models/mnist_conv_e300_L2_b64/multi-normal_classifier_100/cp-0045.hdf5
 - 3s - loss: 0.0024 - acc: 1.0000 - val_loss: 2.3138 - val_acc: 0.7017
Epoch 46/50

Epoch 00046: saving model to models/mnist_conv_e300_L2_b64/multi-normal_classifier_100/cp-0046.hdf5
 - 3s - loss: 0.0015 - acc: 1.0000 - val_loss: 2.3174 - val_acc: 0.7001
Epoch 47/50

Epoch 00047: saving model to models/mnist_conv_e300_L2_b64/multi-normal_classifier_100/cp-0047.hdf5
 - 3s - loss: 0.0055 - acc: 0.9971 - val_loss: 2.1526 - val_acc: 0.7125
Epoch 48/50

Epoch 00048: saving model to models/mnist_conv_e300_L2_b64/multi-normal_classifier_100/cp-0048.hdf5
 - 3s - loss: 0.0051 - acc: 0.9990 - val_loss: 2.2546 - val_acc: 0.7049
Epoch 49/50

Epoch 00049: saving model to models/mnist_conv_e300_L2_b64/multi-normal_classifier_100/cp-0049.hdf5
 - 3s - loss: 0.0018 - acc: 1.0000 - val_loss: 2.2740 - val_acc: 0.7029
Epoch 50/50

Epoch 00050: saving model to models/mnist_conv_e300_L2_b64/multi-normal_classifier_100/cp-0050.hdf5
 - 3s - loss: 0.0028 - acc: 0.9990 - val_loss: 2.3170 - val_acc: 0.7012
Epoch 1/50

Epoch 00001: saving model to models/mnist_conv_e300_L2_b64/uniform_classifier_100/cp-0001.hdf5
 - 5s - loss: 2.2266 - acc: 0.4189 - val_loss: 2.3211 - val_acc: 0.0980
Epoch 2/50

Epoch 00002: saving model to models/mnist_conv_e300_L2_b64/uniform_classifier_100/cp-0002.hdf5
 - 3s - loss: 1.6283 - acc: 0.4531 - val_loss: 2.9451 - val_acc: 0.0978
Epoch 3/50

Epoch 00003: saving model to models/mnist_conv_e300_L2_b64/uniform_classifier_100/cp-0003.hdf5
 - 3s - loss: 1.3094 - acc: 0.6104 - val_loss: 3.2272 - val_acc: 0.2107
Epoch 4/50

Epoch 00004: saving model to models/mnist_conv_e300_L2_b64/uniform_classifier_100/cp-0004.hdf5
 - 3s - loss: 0.9847 - acc: 0.6875 - val_loss: 3.0751 - val_acc: 0.2440
Epoch 5/50

Epoch 00005: saving model to models/mnist_conv_e300_L2_b64/uniform_classifier_100/cp-0005.hdf5
 - 3s - loss: 0.7549 - acc: 0.7617 - val_loss: 3.3183 - val_acc: 0.3137
Epoch 6/50

Epoch 00006: saving model to models/mnist_conv_e300_L2_b64/uniform_classifier_100/cp-0006.hdf5
 - 3s - loss: 0.6843 - acc: 0.7754 - val_loss: 3.1453 - val_acc: 0.3267
Epoch 7/50

Epoch 00007: saving model to models/mnist_conv_e300_L2_b64/uniform_classifier_100/cp-0007.hdf5
 - 3s - loss: 0.3963 - acc: 0.8809 - val_loss: 4.4115 - val_acc: 0.3223
Epoch 8/50

Epoch 00008: saving model to models/mnist_conv_e300_L2_b64/uniform_classifier_100/cp-0008.hdf5
 - 3s - loss: 0.3626 - acc: 0.8740 - val_loss: 4.7986 - val_acc: 0.3648
Epoch 9/50

Epoch 00009: saving model to models/mnist_conv_e300_L2_b64/uniform_classifier_100/cp-0009.hdf5
 - 3s - loss: 0.2399 - acc: 0.9258 - val_loss: 5.1070 - val_acc: 0.3799
Epoch 10/50

Epoch 00010: saving model to models/mnist_conv_e300_L2_b64/uniform_classifier_100/cp-0010.hdf5
 - 3s - loss: 0.1714 - acc: 0.9424 - val_loss: 5.2820 - val_acc: 0.3796
Epoch 11/50

Epoch 00011: saving model to models/mnist_conv_e300_L2_b64/uniform_classifier_100/cp-0011.hdf5
 - 3s - loss: 0.1070 - acc: 0.9678 - val_loss: 5.6955 - val_acc: 0.3866
Epoch 12/50

Epoch 00012: saving model to models/mnist_conv_e300_L2_b64/uniform_classifier_100/cp-0012.hdf5
 - 3s - loss: 0.0704 - acc: 0.9834 - val_loss: 6.3025 - val_acc: 0.3799
Epoch 13/50

Epoch 00013: saving model to models/mnist_conv_e300_L2_b64/uniform_classifier_100/cp-0013.hdf5
 - 3s - loss: 0.1145 - acc: 0.9521 - val_loss: 5.9334 - val_acc: 0.3881
Epoch 14/50

Epoch 00014: saving model to models/mnist_conv_e300_L2_b64/uniform_classifier_100/cp-0014.hdf5
 - 3s - loss: 0.0658 - acc: 0.9805 - val_loss: 6.5414 - val_acc: 0.3893
Epoch 15/50

Epoch 00015: saving model to models/mnist_conv_e300_L2_b64/uniform_classifier_100/cp-0015.hdf5
 - 3s - loss: 0.0381 - acc: 0.9912 - val_loss: 6.6640 - val_acc: 0.3819
Epoch 16/50

Epoch 00016: saving model to models/mnist_conv_e300_L2_b64/uniform_classifier_100/cp-0016.hdf5
 - 3s - loss: 0.0375 - acc: 0.9893 - val_loss: 7.0535 - val_acc: 0.3879
Epoch 17/50

Epoch 00017: saving model to models/mnist_conv_e300_L2_b64/uniform_classifier_100/cp-0017.hdf5
 - 3s - loss: 0.0243 - acc: 0.9922 - val_loss: 7.3681 - val_acc: 0.3844
Epoch 18/50

Epoch 00018: saving model to models/mnist_conv_e300_L2_b64/uniform_classifier_100/cp-0018.hdf5
 - 3s - loss: 0.0359 - acc: 0.9883 - val_loss: 6.9558 - val_acc: 0.3903
Epoch 19/50

Epoch 00019: saving model to models/mnist_conv_e300_L2_b64/uniform_classifier_100/cp-0019.hdf5
 - 3s - loss: 0.0427 - acc: 0.9854 - val_loss: 7.3038 - val_acc: 0.3853
Epoch 20/50

Epoch 00020: saving model to models/mnist_conv_e300_L2_b64/uniform_classifier_100/cp-0020.hdf5
 - 3s - loss: 0.0111 - acc: 0.9980 - val_loss: 7.5440 - val_acc: 0.3868
Epoch 21/50

Epoch 00021: saving model to models/mnist_conv_e300_L2_b64/uniform_classifier_100/cp-0021.hdf5
 - 3s - loss: 0.0272 - acc: 0.9912 - val_loss: 7.6330 - val_acc: 0.3859
Epoch 22/50

Epoch 00022: saving model to models/mnist_conv_e300_L2_b64/uniform_classifier_100/cp-0022.hdf5
 - 3s - loss: 0.0201 - acc: 0.9951 - val_loss: 7.6205 - val_acc: 0.3869
Epoch 23/50

Epoch 00023: saving model to models/mnist_conv_e300_L2_b64/uniform_classifier_100/cp-0023.hdf5
 - 3s - loss: 0.0125 - acc: 0.9971 - val_loss: 7.7016 - val_acc: 0.3867
Epoch 24/50

Epoch 00024: saving model to models/mnist_conv_e300_L2_b64/uniform_classifier_100/cp-0024.hdf5
 - 3s - loss: 0.0253 - acc: 0.9912 - val_loss: 7.7142 - val_acc: 0.3849
Epoch 25/50

Epoch 00025: saving model to models/mnist_conv_e300_L2_b64/uniform_classifier_100/cp-0025.hdf5
 - 3s - loss: 0.0109 - acc: 0.9990 - val_loss: 7.8237 - val_acc: 0.3852
Epoch 26/50

Epoch 00026: saving model to models/mnist_conv_e300_L2_b64/uniform_classifier_100/cp-0026.hdf5
 - 3s - loss: 0.0111 - acc: 0.9961 - val_loss: 7.8994 - val_acc: 0.3858
Epoch 27/50

Epoch 00027: saving model to models/mnist_conv_e300_L2_b64/uniform_classifier_100/cp-0027.hdf5
 - 3s - loss: 0.0133 - acc: 0.9961 - val_loss: 8.0941 - val_acc: 0.3816
Epoch 28/50

Epoch 00028: saving model to models/mnist_conv_e300_L2_b64/uniform_classifier_100/cp-0028.hdf5
 - 3s - loss: 0.0089 - acc: 0.9990 - val_loss: 8.0617 - val_acc: 0.3781
Epoch 29/50

Epoch 00029: saving model to models/mnist_conv_e300_L2_b64/uniform_classifier_100/cp-0029.hdf5
 - 3s - loss: 0.0071 - acc: 0.9990 - val_loss: 8.2096 - val_acc: 0.3845
Epoch 30/50

Epoch 00030: saving model to models/mnist_conv_e300_L2_b64/uniform_classifier_100/cp-0030.hdf5
 - 3s - loss: 0.0165 - acc: 0.9941 - val_loss: 8.1823 - val_acc: 0.3878
Epoch 31/50

Epoch 00031: saving model to models/mnist_conv_e300_L2_b64/uniform_classifier_100/cp-0031.hdf5
 - 3s - loss: 0.0100 - acc: 0.9980 - val_loss: 8.2639 - val_acc: 0.3837
Epoch 32/50

Epoch 00032: saving model to models/mnist_conv_e300_L2_b64/uniform_classifier_100/cp-0032.hdf5
 - 3s - loss: 0.0100 - acc: 0.9971 - val_loss: 8.3830 - val_acc: 0.3804
Epoch 33/50

Epoch 00033: saving model to models/mnist_conv_e300_L2_b64/uniform_classifier_100/cp-0033.hdf5
 - 3s - loss: 0.0158 - acc: 0.9941 - val_loss: 8.4384 - val_acc: 0.3821
Epoch 34/50

Epoch 00034: saving model to models/mnist_conv_e300_L2_b64/uniform_classifier_100/cp-0034.hdf5
 - 3s - loss: 0.0103 - acc: 0.9971 - val_loss: 8.0622 - val_acc: 0.3879
Epoch 35/50

Epoch 00035: saving model to models/mnist_conv_e300_L2_b64/uniform_classifier_100/cp-0035.hdf5
 - 3s - loss: 0.0032 - acc: 1.0000 - val_loss: 8.2413 - val_acc: 0.3856
Epoch 36/50

Epoch 00036: saving model to models/mnist_conv_e300_L2_b64/uniform_classifier_100/cp-0036.hdf5
 - 3s - loss: 0.0064 - acc: 0.9990 - val_loss: 8.2041 - val_acc: 0.3854
Epoch 37/50

Epoch 00037: saving model to models/mnist_conv_e300_L2_b64/uniform_classifier_100/cp-0037.hdf5
 - 3s - loss: 0.0032 - acc: 1.0000 - val_loss: 8.3652 - val_acc: 0.3845
Epoch 38/50

Epoch 00038: saving model to models/mnist_conv_e300_L2_b64/uniform_classifier_100/cp-0038.hdf5
 - 3s - loss: 0.0043 - acc: 0.9990 - val_loss: 8.2489 - val_acc: 0.3897
Epoch 39/50

Epoch 00039: saving model to models/mnist_conv_e300_L2_b64/uniform_classifier_100/cp-0039.hdf5
 - 3s - loss: 0.0081 - acc: 0.9971 - val_loss: 8.4237 - val_acc: 0.3848
Epoch 40/50

Epoch 00040: saving model to models/mnist_conv_e300_L2_b64/uniform_classifier_100/cp-0040.hdf5
 - 3s - loss: 0.0068 - acc: 0.9980 - val_loss: 8.4784 - val_acc: 0.3847
Epoch 41/50

Epoch 00041: saving model to models/mnist_conv_e300_L2_b64/uniform_classifier_100/cp-0041.hdf5
 - 3s - loss: 0.0032 - acc: 1.0000 - val_loss: 8.5327 - val_acc: 0.3852
Epoch 42/50

Epoch 00042: saving model to models/mnist_conv_e300_L2_b64/uniform_classifier_100/cp-0042.hdf5
 - 3s - loss: 0.0058 - acc: 0.9990 - val_loss: 8.4475 - val_acc: 0.3857
Epoch 43/50

Epoch 00043: saving model to models/mnist_conv_e300_L2_b64/uniform_classifier_100/cp-0043.hdf5
 - 3s - loss: 0.0031 - acc: 1.0000 - val_loss: 8.4410 - val_acc: 0.3841
Epoch 44/50

Epoch 00044: saving model to models/mnist_conv_e300_L2_b64/uniform_classifier_100/cp-0044.hdf5
 - 3s - loss: 0.0050 - acc: 0.9990 - val_loss: 8.4965 - val_acc: 0.3827
Epoch 45/50

Epoch 00045: saving model to models/mnist_conv_e300_L2_b64/uniform_classifier_100/cp-0045.hdf5
 - 3s - loss: 0.0068 - acc: 0.9971 - val_loss: 8.6116 - val_acc: 0.3849
Epoch 46/50

Epoch 00046: saving model to models/mnist_conv_e300_L2_b64/uniform_classifier_100/cp-0046.hdf5
 - 3s - loss: 0.0093 - acc: 0.9971 - val_loss: 8.5674 - val_acc: 0.3854
Epoch 47/50

Epoch 00047: saving model to models/mnist_conv_e300_L2_b64/uniform_classifier_100/cp-0047.hdf5
 - 3s - loss: 0.0062 - acc: 0.9980 - val_loss: 8.5449 - val_acc: 0.3883
Epoch 48/50

Epoch 00048: saving model to models/mnist_conv_e300_L2_b64/uniform_classifier_100/cp-0048.hdf5
 - 3s - loss: 0.0029 - acc: 1.0000 - val_loss: 8.4357 - val_acc: 0.3877
Epoch 49/50

Epoch 00049: saving model to models/mnist_conv_e300_L2_b64/uniform_classifier_100/cp-0049.hdf5
 - 3s - loss: 0.0047 - acc: 0.9990 - val_loss: 8.5657 - val_acc: 0.3857
Epoch 50/50

Epoch 00050: saving model to models/mnist_conv_e300_L2_b64/uniform_classifier_100/cp-0050.hdf5
 - 3s - loss: 0.0027 - acc: 0.9990 - val_loss: 8.6319 - val_acc: 0.3855
Epoch 1/50

Epoch 00001: saving model to models/mnist_conv_e300_L2_b64/uniform-cluster_classifier_100/cp-0001.hdf5
 - 5s - loss: 2.2941 - acc: 0.1826 - val_loss: 2.2995 - val_acc: 0.1459
Epoch 2/50

Epoch 00002: saving model to models/mnist_conv_e300_L2_b64/uniform-cluster_classifier_100/cp-0002.hdf5
 - 3s - loss: 2.2699 - acc: 0.2305 - val_loss: 2.3018 - val_acc: 0.0910
Epoch 3/50

Epoch 00003: saving model to models/mnist_conv_e300_L2_b64/uniform-cluster_classifier_100/cp-0003.hdf5
 - 3s - loss: 2.2064 - acc: 0.2100 - val_loss: 2.3342 - val_acc: 0.0913
Epoch 4/50

Epoch 00004: saving model to models/mnist_conv_e300_L2_b64/uniform-cluster_classifier_100/cp-0004.hdf5
 - 3s - loss: 2.1289 - acc: 0.2998 - val_loss: 2.2423 - val_acc: 0.2088
Epoch 5/50

Epoch 00005: saving model to models/mnist_conv_e300_L2_b64/uniform-cluster_classifier_100/cp-0005.hdf5
 - 3s - loss: 1.8291 - acc: 0.4336 - val_loss: 1.7166 - val_acc: 0.4131
Epoch 6/50

Epoch 00006: saving model to models/mnist_conv_e300_L2_b64/uniform-cluster_classifier_100/cp-0006.hdf5
 - 3s - loss: 1.3343 - acc: 0.5674 - val_loss: 1.1655 - val_acc: 0.6508
Epoch 7/50

Epoch 00007: saving model to models/mnist_conv_e300_L2_b64/uniform-cluster_classifier_100/cp-0007.hdf5
 - 3s - loss: 0.9181 - acc: 0.7012 - val_loss: 1.1147 - val_acc: 0.6217
Epoch 8/50

Epoch 00008: saving model to models/mnist_conv_e300_L2_b64/uniform-cluster_classifier_100/cp-0008.hdf5
 - 3s - loss: 0.6001 - acc: 0.7979 - val_loss: 1.0489 - val_acc: 0.6636
Epoch 9/50

Epoch 00009: saving model to models/mnist_conv_e300_L2_b64/uniform-cluster_classifier_100/cp-0009.hdf5
 - 3s - loss: 0.3875 - acc: 0.8711 - val_loss: 1.3092 - val_acc: 0.6452
Epoch 10/50

Epoch 00010: saving model to models/mnist_conv_e300_L2_b64/uniform-cluster_classifier_100/cp-0010.hdf5
 - 3s - loss: 0.2795 - acc: 0.9102 - val_loss: 1.0042 - val_acc: 0.7126
Epoch 11/50

Epoch 00011: saving model to models/mnist_conv_e300_L2_b64/uniform-cluster_classifier_100/cp-0011.hdf5
 - 3s - loss: 0.1494 - acc: 0.9570 - val_loss: 0.9448 - val_acc: 0.7384
Epoch 12/50

Epoch 00012: saving model to models/mnist_conv_e300_L2_b64/uniform-cluster_classifier_100/cp-0012.hdf5
 - 3s - loss: 0.0733 - acc: 0.9814 - val_loss: 1.2383 - val_acc: 0.6995
Epoch 13/50

Epoch 00013: saving model to models/mnist_conv_e300_L2_b64/uniform-cluster_classifier_100/cp-0013.hdf5
 - 3s - loss: 0.0558 - acc: 0.9834 - val_loss: 1.6900 - val_acc: 0.6644
Epoch 14/50

Epoch 00014: saving model to models/mnist_conv_e300_L2_b64/uniform-cluster_classifier_100/cp-0014.hdf5
 - 3s - loss: 0.0493 - acc: 0.9902 - val_loss: 1.3577 - val_acc: 0.7213
Epoch 15/50

Epoch 00015: saving model to models/mnist_conv_e300_L2_b64/uniform-cluster_classifier_100/cp-0015.hdf5
 - 3s - loss: 0.0249 - acc: 0.9922 - val_loss: 1.4247 - val_acc: 0.7114
Epoch 16/50

Epoch 00016: saving model to models/mnist_conv_e300_L2_b64/uniform-cluster_classifier_100/cp-0016.hdf5
 - 3s - loss: 0.0161 - acc: 0.9971 - val_loss: 1.5135 - val_acc: 0.7143
Epoch 17/50

Epoch 00017: saving model to models/mnist_conv_e300_L2_b64/uniform-cluster_classifier_100/cp-0017.hdf5
 - 3s - loss: 0.0173 - acc: 0.9951 - val_loss: 1.4693 - val_acc: 0.7210
Epoch 18/50

Epoch 00018: saving model to models/mnist_conv_e300_L2_b64/uniform-cluster_classifier_100/cp-0018.hdf5
 - 3s - loss: 0.0084 - acc: 0.9990 - val_loss: 1.4753 - val_acc: 0.7193
Epoch 19/50

Epoch 00019: saving model to models/mnist_conv_e300_L2_b64/uniform-cluster_classifier_100/cp-0019.hdf5
 - 3s - loss: 0.0170 - acc: 0.9961 - val_loss: 1.5273 - val_acc: 0.7138
Epoch 20/50

Epoch 00020: saving model to models/mnist_conv_e300_L2_b64/uniform-cluster_classifier_100/cp-0020.hdf5
 - 3s - loss: 0.0061 - acc: 0.9990 - val_loss: 1.5248 - val_acc: 0.7178
Epoch 21/50

Epoch 00021: saving model to models/mnist_conv_e300_L2_b64/uniform-cluster_classifier_100/cp-0021.hdf5
 - 3s - loss: 0.0059 - acc: 1.0000 - val_loss: 1.5214 - val_acc: 0.7211
Epoch 22/50

Epoch 00022: saving model to models/mnist_conv_e300_L2_b64/uniform-cluster_classifier_100/cp-0022.hdf5
 - 3s - loss: 0.0090 - acc: 0.9971 - val_loss: 1.5656 - val_acc: 0.7129
Epoch 23/50

Epoch 00023: saving model to models/mnist_conv_e300_L2_b64/uniform-cluster_classifier_100/cp-0023.hdf5
 - 3s - loss: 0.0053 - acc: 0.9990 - val_loss: 1.6015 - val_acc: 0.7157
Epoch 24/50

Epoch 00024: saving model to models/mnist_conv_e300_L2_b64/uniform-cluster_classifier_100/cp-0024.hdf5
 - 3s - loss: 0.0046 - acc: 0.9990 - val_loss: 1.5966 - val_acc: 0.7203
Epoch 25/50

Epoch 00025: saving model to models/mnist_conv_e300_L2_b64/uniform-cluster_classifier_100/cp-0025.hdf5
 - 3s - loss: 0.0097 - acc: 0.9990 - val_loss: 1.6637 - val_acc: 0.7187
Epoch 26/50

Epoch 00026: saving model to models/mnist_conv_e300_L2_b64/uniform-cluster_classifier_100/cp-0026.hdf5
 - 3s - loss: 0.0055 - acc: 0.9990 - val_loss: 1.5995 - val_acc: 0.7277
Epoch 27/50

Epoch 00027: saving model to models/mnist_conv_e300_L2_b64/uniform-cluster_classifier_100/cp-0027.hdf5
 - 3s - loss: 0.0056 - acc: 0.9990 - val_loss: 1.4373 - val_acc: 0.7443
Epoch 28/50

Epoch 00028: saving model to models/mnist_conv_e300_L2_b64/uniform-cluster_classifier_100/cp-0028.hdf5
 - 3s - loss: 0.0070 - acc: 0.9980 - val_loss: 1.6086 - val_acc: 0.7229
Epoch 29/50

Epoch 00029: saving model to models/mnist_conv_e300_L2_b64/uniform-cluster_classifier_100/cp-0029.hdf5
 - 3s - loss: 0.0049 - acc: 0.9990 - val_loss: 1.4892 - val_acc: 0.7402
Epoch 30/50

Epoch 00030: saving model to models/mnist_conv_e300_L2_b64/uniform-cluster_classifier_100/cp-0030.hdf5
 - 3s - loss: 0.0036 - acc: 1.0000 - val_loss: 1.7679 - val_acc: 0.7077
Epoch 31/50

Epoch 00031: saving model to models/mnist_conv_e300_L2_b64/uniform-cluster_classifier_100/cp-0031.hdf5
 - 3s - loss: 0.0042 - acc: 0.9990 - val_loss: 1.6643 - val_acc: 0.7218
Epoch 32/50

Epoch 00032: saving model to models/mnist_conv_e300_L2_b64/uniform-cluster_classifier_100/cp-0032.hdf5
 - 3s - loss: 0.0031 - acc: 0.9990 - val_loss: 1.7405 - val_acc: 0.7153
Epoch 33/50

Epoch 00033: saving model to models/mnist_conv_e300_L2_b64/uniform-cluster_classifier_100/cp-0033.hdf5
 - 3s - loss: 0.0020 - acc: 1.0000 - val_loss: 1.7468 - val_acc: 0.7172
Epoch 34/50

Epoch 00034: saving model to models/mnist_conv_e300_L2_b64/uniform-cluster_classifier_100/cp-0034.hdf5
 - 3s - loss: 0.0018 - acc: 1.0000 - val_loss: 1.7346 - val_acc: 0.7184
Epoch 35/50

Epoch 00035: saving model to models/mnist_conv_e300_L2_b64/uniform-cluster_classifier_100/cp-0035.hdf5
 - 3s - loss: 0.0017 - acc: 1.0000 - val_loss: 1.7199 - val_acc: 0.7222
Epoch 36/50

Epoch 00036: saving model to models/mnist_conv_e300_L2_b64/uniform-cluster_classifier_100/cp-0036.hdf5
 - 3s - loss: 0.0088 - acc: 0.9990 - val_loss: 1.6810 - val_acc: 0.7247
Epoch 37/50

Epoch 00037: saving model to models/mnist_conv_e300_L2_b64/uniform-cluster_classifier_100/cp-0037.hdf5
 - 3s - loss: 0.0020 - acc: 1.0000 - val_loss: 1.7251 - val_acc: 0.7234
Epoch 38/50

Epoch 00038: saving model to models/mnist_conv_e300_L2_b64/uniform-cluster_classifier_100/cp-0038.hdf5
 - 3s - loss: 0.0016 - acc: 1.0000 - val_loss: 1.6822 - val_acc: 0.7269
Epoch 39/50

Epoch 00039: saving model to models/mnist_conv_e300_L2_b64/uniform-cluster_classifier_100/cp-0039.hdf5
 - 3s - loss: 0.0018 - acc: 1.0000 - val_loss: 1.7388 - val_acc: 0.7259
Epoch 40/50

Epoch 00040: saving model to models/mnist_conv_e300_L2_b64/uniform-cluster_classifier_100/cp-0040.hdf5
 - 3s - loss: 0.0013 - acc: 1.0000 - val_loss: 1.7145 - val_acc: 0.7279
Epoch 41/50

Epoch 00041: saving model to models/mnist_conv_e300_L2_b64/uniform-cluster_classifier_100/cp-0041.hdf5
 - 3s - loss: 0.0018 - acc: 1.0000 - val_loss: 1.8090 - val_acc: 0.7190
Epoch 42/50

Epoch 00042: saving model to models/mnist_conv_e300_L2_b64/uniform-cluster_classifier_100/cp-0042.hdf5
 - 3s - loss: 0.0013 - acc: 1.0000 - val_loss: 1.7649 - val_acc: 0.7240
Epoch 43/50

Epoch 00043: saving model to models/mnist_conv_e300_L2_b64/uniform-cluster_classifier_100/cp-0043.hdf5
 - 3s - loss: 0.0012 - acc: 1.0000 - val_loss: 1.7025 - val_acc: 0.7301
Epoch 44/50

Epoch 00044: saving model to models/mnist_conv_e300_L2_b64/uniform-cluster_classifier_100/cp-0044.hdf5
 - 3s - loss: 9.1312e-04 - acc: 1.0000 - val_loss: 1.8067 - val_acc: 0.7226
Epoch 45/50

Epoch 00045: saving model to models/mnist_conv_e300_L2_b64/uniform-cluster_classifier_100/cp-0045.hdf5
 - 3s - loss: 0.0026 - acc: 0.9990 - val_loss: 1.6534 - val_acc: 0.7384
Epoch 46/50

Epoch 00046: saving model to models/mnist_conv_e300_L2_b64/uniform-cluster_classifier_100/cp-0046.hdf5
 - 3s - loss: 0.0028 - acc: 0.9990 - val_loss: 1.7648 - val_acc: 0.7323
Epoch 47/50

Epoch 00047: saving model to models/mnist_conv_e300_L2_b64/uniform-cluster_classifier_100/cp-0047.hdf5
 - 3s - loss: 0.0013 - acc: 1.0000 - val_loss: 1.7628 - val_acc: 0.7309
Epoch 48/50

Epoch 00048: saving model to models/mnist_conv_e300_L2_b64/uniform-cluster_classifier_100/cp-0048.hdf5
 - 3s - loss: 0.0014 - acc: 1.0000 - val_loss: 1.8092 - val_acc: 0.7253
Epoch 49/50

Epoch 00049: saving model to models/mnist_conv_e300_L2_b64/uniform-cluster_classifier_100/cp-0049.hdf5
 - 3s - loss: 0.0022 - acc: 0.9990 - val_loss: 1.8468 - val_acc: 0.7248
Epoch 50/50

Epoch 00050: saving model to models/mnist_conv_e300_L2_b64/uniform-cluster_classifier_100/cp-0050.hdf5
 - 3s - loss: 0.0010 - acc: 1.0000 - val_loss: 1.8178 - val_acc: 0.7266
Epoch 1/50

Epoch 00001: saving model to models/mnist_conv_e300_L2_b64/normal-cluster_classifier_100/cp-0001.hdf5
 - 5s - loss: 2.2917 - acc: 0.1416 - val_loss: 2.2962 - val_acc: 0.1135
Epoch 2/50

Epoch 00002: saving model to models/mnist_conv_e300_L2_b64/normal-cluster_classifier_100/cp-0002.hdf5
 - 3s - loss: 2.2661 - acc: 0.1699 - val_loss: 2.2858 - val_acc: 0.1317
Epoch 3/50

Epoch 00003: saving model to models/mnist_conv_e300_L2_b64/normal-cluster_classifier_100/cp-0003.hdf5
 - 3s - loss: 2.2178 - acc: 0.1963 - val_loss: 2.2488 - val_acc: 0.1507
Epoch 4/50

Epoch 00004: saving model to models/mnist_conv_e300_L2_b64/normal-cluster_classifier_100/cp-0004.hdf5
 - 3s - loss: 2.0863 - acc: 0.3047 - val_loss: 1.9434 - val_acc: 0.2885
Epoch 5/50

Epoch 00005: saving model to models/mnist_conv_e300_L2_b64/normal-cluster_classifier_100/cp-0005.hdf5
 - 3s - loss: 1.6442 - acc: 0.4463 - val_loss: 1.4375 - val_acc: 0.5281
Epoch 6/50

Epoch 00006: saving model to models/mnist_conv_e300_L2_b64/normal-cluster_classifier_100/cp-0006.hdf5
 - 3s - loss: 1.3162 - acc: 0.5332 - val_loss: 1.2868 - val_acc: 0.5442
Epoch 7/50

Epoch 00007: saving model to models/mnist_conv_e300_L2_b64/normal-cluster_classifier_100/cp-0007.hdf5
 - 3s - loss: 1.0639 - acc: 0.6436 - val_loss: 1.1358 - val_acc: 0.5983
Epoch 8/50

Epoch 00008: saving model to models/mnist_conv_e300_L2_b64/normal-cluster_classifier_100/cp-0008.hdf5
 - 3s - loss: 0.7989 - acc: 0.7266 - val_loss: 0.8960 - val_acc: 0.7041
Epoch 9/50

Epoch 00009: saving model to models/mnist_conv_e300_L2_b64/normal-cluster_classifier_100/cp-0009.hdf5
 - 3s - loss: 0.6738 - acc: 0.7744 - val_loss: 0.8730 - val_acc: 0.6980
Epoch 10/50

Epoch 00010: saving model to models/mnist_conv_e300_L2_b64/normal-cluster_classifier_100/cp-0010.hdf5
 - 3s - loss: 0.4886 - acc: 0.8311 - val_loss: 0.8797 - val_acc: 0.7177
Epoch 11/50

Epoch 00011: saving model to models/mnist_conv_e300_L2_b64/normal-cluster_classifier_100/cp-0011.hdf5
 - 3s - loss: 0.3937 - acc: 0.8770 - val_loss: 0.7826 - val_acc: 0.7604
Epoch 12/50

Epoch 00012: saving model to models/mnist_conv_e300_L2_b64/normal-cluster_classifier_100/cp-0012.hdf5
 - 3s - loss: 0.2606 - acc: 0.9219 - val_loss: 1.0591 - val_acc: 0.7014
Epoch 13/50

Epoch 00013: saving model to models/mnist_conv_e300_L2_b64/normal-cluster_classifier_100/cp-0013.hdf5
 - 3s - loss: 0.2518 - acc: 0.9248 - val_loss: 0.9172 - val_acc: 0.7320
Epoch 14/50

Epoch 00014: saving model to models/mnist_conv_e300_L2_b64/normal-cluster_classifier_100/cp-0014.hdf5
 - 3s - loss: 0.1336 - acc: 0.9648 - val_loss: 0.8094 - val_acc: 0.7807
Epoch 15/50

Epoch 00015: saving model to models/mnist_conv_e300_L2_b64/normal-cluster_classifier_100/cp-0015.hdf5
 - 3s - loss: 0.0675 - acc: 0.9902 - val_loss: 0.8862 - val_acc: 0.7745
Epoch 16/50

Epoch 00016: saving model to models/mnist_conv_e300_L2_b64/normal-cluster_classifier_100/cp-0016.hdf5
 - 3s - loss: 0.0600 - acc: 0.9824 - val_loss: 0.9296 - val_acc: 0.7797
Epoch 17/50

Epoch 00017: saving model to models/mnist_conv_e300_L2_b64/normal-cluster_classifier_100/cp-0017.hdf5
 - 3s - loss: 0.0361 - acc: 0.9961 - val_loss: 0.9459 - val_acc: 0.7872
Epoch 18/50

Epoch 00018: saving model to models/mnist_conv_e300_L2_b64/normal-cluster_classifier_100/cp-0018.hdf5
 - 3s - loss: 0.0367 - acc: 0.9922 - val_loss: 1.0106 - val_acc: 0.7777
Epoch 19/50

Epoch 00019: saving model to models/mnist_conv_e300_L2_b64/normal-cluster_classifier_100/cp-0019.hdf5
 - 3s - loss: 0.0234 - acc: 0.9961 - val_loss: 1.0840 - val_acc: 0.7659
Epoch 20/50

Epoch 00020: saving model to models/mnist_conv_e300_L2_b64/normal-cluster_classifier_100/cp-0020.hdf5
 - 3s - loss: 0.0241 - acc: 0.9971 - val_loss: 1.0437 - val_acc: 0.7815
Epoch 21/50

Epoch 00021: saving model to models/mnist_conv_e300_L2_b64/normal-cluster_classifier_100/cp-0021.hdf5
 - 3s - loss: 0.0172 - acc: 0.9990 - val_loss: 1.0238 - val_acc: 0.7938
Epoch 22/50

Epoch 00022: saving model to models/mnist_conv_e300_L2_b64/normal-cluster_classifier_100/cp-0022.hdf5
 - 3s - loss: 0.0195 - acc: 0.9961 - val_loss: 1.0589 - val_acc: 0.7842
Epoch 23/50

Epoch 00023: saving model to models/mnist_conv_e300_L2_b64/normal-cluster_classifier_100/cp-0023.hdf5
 - 3s - loss: 0.0115 - acc: 0.9990 - val_loss: 1.1057 - val_acc: 0.7802
Epoch 24/50

Epoch 00024: saving model to models/mnist_conv_e300_L2_b64/normal-cluster_classifier_100/cp-0024.hdf5
 - 3s - loss: 0.0110 - acc: 0.9990 - val_loss: 1.1575 - val_acc: 0.7701
Epoch 25/50

Epoch 00025: saving model to models/mnist_conv_e300_L2_b64/normal-cluster_classifier_100/cp-0025.hdf5
 - 3s - loss: 0.0216 - acc: 0.9951 - val_loss: 1.1267 - val_acc: 0.7808
Epoch 26/50

Epoch 00026: saving model to models/mnist_conv_e300_L2_b64/normal-cluster_classifier_100/cp-0026.hdf5
 - 3s - loss: 0.0106 - acc: 0.9990 - val_loss: 1.1281 - val_acc: 0.7802
Epoch 27/50

Epoch 00027: saving model to models/mnist_conv_e300_L2_b64/normal-cluster_classifier_100/cp-0027.hdf5
 - 3s - loss: 0.0116 - acc: 0.9961 - val_loss: 1.1278 - val_acc: 0.7841
Epoch 28/50

Epoch 00028: saving model to models/mnist_conv_e300_L2_b64/normal-cluster_classifier_100/cp-0028.hdf5
 - 3s - loss: 0.0072 - acc: 0.9990 - val_loss: 1.1463 - val_acc: 0.7830
Epoch 29/50

Epoch 00029: saving model to models/mnist_conv_e300_L2_b64/normal-cluster_classifier_100/cp-0029.hdf5
 - 3s - loss: 0.0050 - acc: 0.9990 - val_loss: 1.1541 - val_acc: 0.7818
Epoch 30/50

Epoch 00030: saving model to models/mnist_conv_e300_L2_b64/normal-cluster_classifier_100/cp-0030.hdf5
 - 3s - loss: 0.0075 - acc: 0.9990 - val_loss: 1.3231 - val_acc: 0.7605
Epoch 31/50

Epoch 00031: saving model to models/mnist_conv_e300_L2_b64/normal-cluster_classifier_100/cp-0031.hdf5
 - 3s - loss: 0.0053 - acc: 1.0000 - val_loss: 1.1849 - val_acc: 0.7833
Epoch 32/50

Epoch 00032: saving model to models/mnist_conv_e300_L2_b64/normal-cluster_classifier_100/cp-0032.hdf5
 - 3s - loss: 0.0053 - acc: 1.0000 - val_loss: 1.1479 - val_acc: 0.7897
Epoch 33/50

Epoch 00033: saving model to models/mnist_conv_e300_L2_b64/normal-cluster_classifier_100/cp-0033.hdf5
 - 3s - loss: 0.0032 - acc: 1.0000 - val_loss: 1.1837 - val_acc: 0.7860
Epoch 34/50

Epoch 00034: saving model to models/mnist_conv_e300_L2_b64/normal-cluster_classifier_100/cp-0034.hdf5
 - 3s - loss: 0.0058 - acc: 0.9980 - val_loss: 1.2372 - val_acc: 0.7781
Epoch 35/50

Epoch 00035: saving model to models/mnist_conv_e300_L2_b64/normal-cluster_classifier_100/cp-0035.hdf5
 - 3s - loss: 0.0042 - acc: 1.0000 - val_loss: 1.2405 - val_acc: 0.7785
Epoch 36/50

Epoch 00036: saving model to models/mnist_conv_e300_L2_b64/normal-cluster_classifier_100/cp-0036.hdf5
 - 3s - loss: 0.0032 - acc: 1.0000 - val_loss: 1.2756 - val_acc: 0.7737
Epoch 37/50

Epoch 00037: saving model to models/mnist_conv_e300_L2_b64/normal-cluster_classifier_100/cp-0037.hdf5
 - 3s - loss: 0.0048 - acc: 0.9990 - val_loss: 1.2332 - val_acc: 0.7875
Epoch 38/50

Epoch 00038: saving model to models/mnist_conv_e300_L2_b64/normal-cluster_classifier_100/cp-0038.hdf5
 - 3s - loss: 0.0052 - acc: 0.9980 - val_loss: 1.1668 - val_acc: 0.7991
Epoch 39/50

Epoch 00039: saving model to models/mnist_conv_e300_L2_b64/normal-cluster_classifier_100/cp-0039.hdf5
 - 3s - loss: 0.0034 - acc: 1.0000 - val_loss: 1.2024 - val_acc: 0.7926
Epoch 40/50

Epoch 00040: saving model to models/mnist_conv_e300_L2_b64/normal-cluster_classifier_100/cp-0040.hdf5
 - 3s - loss: 0.0026 - acc: 1.0000 - val_loss: 1.2012 - val_acc: 0.7938
Epoch 41/50

Epoch 00041: saving model to models/mnist_conv_e300_L2_b64/normal-cluster_classifier_100/cp-0041.hdf5
 - 3s - loss: 0.0036 - acc: 0.9990 - val_loss: 1.2371 - val_acc: 0.7880
Epoch 42/50

Epoch 00042: saving model to models/mnist_conv_e300_L2_b64/normal-cluster_classifier_100/cp-0042.hdf5
 - 3s - loss: 0.0095 - acc: 0.9980 - val_loss: 1.2528 - val_acc: 0.7899
Epoch 43/50

Epoch 00043: saving model to models/mnist_conv_e300_L2_b64/normal-cluster_classifier_100/cp-0043.hdf5
 - 3s - loss: 0.0052 - acc: 0.9990 - val_loss: 1.2223 - val_acc: 0.7907
Epoch 44/50

Epoch 00044: saving model to models/mnist_conv_e300_L2_b64/normal-cluster_classifier_100/cp-0044.hdf5
 - 3s - loss: 0.0021 - acc: 1.0000 - val_loss: 1.2385 - val_acc: 0.7892
Epoch 45/50

Epoch 00045: saving model to models/mnist_conv_e300_L2_b64/normal-cluster_classifier_100/cp-0045.hdf5
 - 3s - loss: 0.0029 - acc: 1.0000 - val_loss: 1.2413 - val_acc: 0.7895
Epoch 46/50

Epoch 00046: saving model to models/mnist_conv_e300_L2_b64/normal-cluster_classifier_100/cp-0046.hdf5
 - 3s - loss: 0.0024 - acc: 1.0000 - val_loss: 1.2471 - val_acc: 0.7912
Epoch 47/50

Epoch 00047: saving model to models/mnist_conv_e300_L2_b64/normal-cluster_classifier_100/cp-0047.hdf5
 - 3s - loss: 0.0022 - acc: 1.0000 - val_loss: 1.2668 - val_acc: 0.7864
Epoch 48/50

Epoch 00048: saving model to models/mnist_conv_e300_L2_b64/normal-cluster_classifier_100/cp-0048.hdf5
 - 3s - loss: 0.0044 - acc: 0.9990 - val_loss: 1.2570 - val_acc: 0.7916
Epoch 49/50

Epoch 00049: saving model to models/mnist_conv_e300_L2_b64/normal-cluster_classifier_100/cp-0049.hdf5
 - 3s - loss: 0.0018 - acc: 1.0000 - val_loss: 1.2966 - val_acc: 0.7836
Epoch 50/50

Epoch 00050: saving model to models/mnist_conv_e300_L2_b64/normal-cluster_classifier_100/cp-0050.hdf5
 - 3s - loss: 0.0019 - acc: 1.0000 - val_loss: 1.2825 - val_acc: 0.7877
Epoch 1/50

Epoch 00001: saving model to models/mnist_conv_e300_L2_b64/multi-normal-cluster_classifier_100/cp-0001.hdf5
 - 5s - loss: 2.2977 - acc: 0.1143 - val_loss: 2.2980 - val_acc: 0.1752
Epoch 2/50

Epoch 00002: saving model to models/mnist_conv_e300_L2_b64/multi-normal-cluster_classifier_100/cp-0002.hdf5
 - 3s - loss: 2.2809 - acc: 0.1982 - val_loss: 2.2894 - val_acc: 0.1619
Epoch 3/50

Epoch 00003: saving model to models/mnist_conv_e300_L2_b64/multi-normal-cluster_classifier_100/cp-0003.hdf5
 - 3s - loss: 2.2426 - acc: 0.2207 - val_loss: 2.2760 - val_acc: 0.1784
Epoch 4/50

Epoch 00004: saving model to models/mnist_conv_e300_L2_b64/multi-normal-cluster_classifier_100/cp-0004.hdf5
 - 3s - loss: 2.1662 - acc: 0.3047 - val_loss: 2.1827 - val_acc: 0.2742
Epoch 5/50

Epoch 00005: saving model to models/mnist_conv_e300_L2_b64/multi-normal-cluster_classifier_100/cp-0005.hdf5
 - 3s - loss: 1.8201 - acc: 0.4609 - val_loss: 1.5772 - val_acc: 0.5232
Epoch 6/50

Epoch 00006: saving model to models/mnist_conv_e300_L2_b64/multi-normal-cluster_classifier_100/cp-0006.hdf5
 - 3s - loss: 1.3712 - acc: 0.5664 - val_loss: 1.2281 - val_acc: 0.5907
Epoch 7/50

Epoch 00007: saving model to models/mnist_conv_e300_L2_b64/multi-normal-cluster_classifier_100/cp-0007.hdf5
 - 3s - loss: 0.9535 - acc: 0.7021 - val_loss: 1.2241 - val_acc: 0.5658
Epoch 8/50

Epoch 00008: saving model to models/mnist_conv_e300_L2_b64/multi-normal-cluster_classifier_100/cp-0008.hdf5
 - 3s - loss: 0.7024 - acc: 0.7695 - val_loss: 0.7647 - val_acc: 0.7503
Epoch 9/50

Epoch 00009: saving model to models/mnist_conv_e300_L2_b64/multi-normal-cluster_classifier_100/cp-0009.hdf5
 - 3s - loss: 0.4499 - acc: 0.8584 - val_loss: 0.7301 - val_acc: 0.7657
Epoch 10/50

Epoch 00010: saving model to models/mnist_conv_e300_L2_b64/multi-normal-cluster_classifier_100/cp-0010.hdf5
 - 3s - loss: 0.3442 - acc: 0.9053 - val_loss: 0.8402 - val_acc: 0.7304
Epoch 11/50

Epoch 00011: saving model to models/mnist_conv_e300_L2_b64/multi-normal-cluster_classifier_100/cp-0011.hdf5
 - 3s - loss: 0.1900 - acc: 0.9492 - val_loss: 0.8041 - val_acc: 0.7634
Epoch 12/50

Epoch 00012: saving model to models/mnist_conv_e300_L2_b64/multi-normal-cluster_classifier_100/cp-0012.hdf5
 - 3s - loss: 0.1528 - acc: 0.9609 - val_loss: 0.7291 - val_acc: 0.7850
Epoch 13/50

Epoch 00013: saving model to models/mnist_conv_e300_L2_b64/multi-normal-cluster_classifier_100/cp-0013.hdf5
 - 3s - loss: 0.0623 - acc: 0.9873 - val_loss: 0.8484 - val_acc: 0.7821
Epoch 14/50

Epoch 00014: saving model to models/mnist_conv_e300_L2_b64/multi-normal-cluster_classifier_100/cp-0014.hdf5
 - 3s - loss: 0.0411 - acc: 0.9912 - val_loss: 0.8041 - val_acc: 0.7984
Epoch 15/50

Epoch 00015: saving model to models/mnist_conv_e300_L2_b64/multi-normal-cluster_classifier_100/cp-0015.hdf5
 - 3s - loss: 0.0493 - acc: 0.9893 - val_loss: 1.0504 - val_acc: 0.7530
Epoch 16/50

Epoch 00016: saving model to models/mnist_conv_e300_L2_b64/multi-normal-cluster_classifier_100/cp-0016.hdf5
 - 3s - loss: 0.0224 - acc: 0.9951 - val_loss: 1.0010 - val_acc: 0.7689
Epoch 17/50

Epoch 00017: saving model to models/mnist_conv_e300_L2_b64/multi-normal-cluster_classifier_100/cp-0017.hdf5
 - 3s - loss: 0.0228 - acc: 0.9941 - val_loss: 0.9736 - val_acc: 0.7822
Epoch 18/50

Epoch 00018: saving model to models/mnist_conv_e300_L2_b64/multi-normal-cluster_classifier_100/cp-0018.hdf5
 - 3s - loss: 0.0256 - acc: 0.9951 - val_loss: 0.9326 - val_acc: 0.7965
Epoch 19/50

Epoch 00019: saving model to models/mnist_conv_e300_L2_b64/multi-normal-cluster_classifier_100/cp-0019.hdf5
 - 3s - loss: 0.0172 - acc: 0.9951 - val_loss: 0.9985 - val_acc: 0.7904
Epoch 20/50

Epoch 00020: saving model to models/mnist_conv_e300_L2_b64/multi-normal-cluster_classifier_100/cp-0020.hdf5
 - 3s - loss: 0.0144 - acc: 0.9971 - val_loss: 1.0346 - val_acc: 0.7873
Epoch 21/50

Epoch 00021: saving model to models/mnist_conv_e300_L2_b64/multi-normal-cluster_classifier_100/cp-0021.hdf5
 - 3s - loss: 0.0076 - acc: 0.9990 - val_loss: 0.9980 - val_acc: 0.7916
Epoch 22/50

Epoch 00022: saving model to models/mnist_conv_e300_L2_b64/multi-normal-cluster_classifier_100/cp-0022.hdf5
 - 3s - loss: 0.0101 - acc: 0.9990 - val_loss: 1.0721 - val_acc: 0.7843
Epoch 23/50

Epoch 00023: saving model to models/mnist_conv_e300_L2_b64/multi-normal-cluster_classifier_100/cp-0023.hdf5
 - 3s - loss: 0.0178 - acc: 0.9961 - val_loss: 1.0425 - val_acc: 0.7871
Epoch 24/50

Epoch 00024: saving model to models/mnist_conv_e300_L2_b64/multi-normal-cluster_classifier_100/cp-0024.hdf5
 - 3s - loss: 0.0076 - acc: 0.9990 - val_loss: 1.0533 - val_acc: 0.7895
Epoch 25/50

Epoch 00025: saving model to models/mnist_conv_e300_L2_b64/multi-normal-cluster_classifier_100/cp-0025.hdf5
 - 3s - loss: 0.0069 - acc: 1.0000 - val_loss: 1.0629 - val_acc: 0.7914
Epoch 26/50

Epoch 00026: saving model to models/mnist_conv_e300_L2_b64/multi-normal-cluster_classifier_100/cp-0026.hdf5
 - 3s - loss: 0.0052 - acc: 0.9990 - val_loss: 1.0762 - val_acc: 0.7907
Epoch 27/50

Epoch 00027: saving model to models/mnist_conv_e300_L2_b64/multi-normal-cluster_classifier_100/cp-0027.hdf5
 - 3s - loss: 0.0090 - acc: 0.9971 - val_loss: 1.0630 - val_acc: 0.7940
Epoch 28/50

Epoch 00028: saving model to models/mnist_conv_e300_L2_b64/multi-normal-cluster_classifier_100/cp-0028.hdf5
 - 3s - loss: 0.0036 - acc: 1.0000 - val_loss: 1.0965 - val_acc: 0.7946
Epoch 29/50

Epoch 00029: saving model to models/mnist_conv_e300_L2_b64/multi-normal-cluster_classifier_100/cp-0029.hdf5
 - 3s - loss: 0.0035 - acc: 1.0000 - val_loss: 1.0918 - val_acc: 0.7966
Epoch 30/50

Epoch 00030: saving model to models/mnist_conv_e300_L2_b64/multi-normal-cluster_classifier_100/cp-0030.hdf5
 - 3s - loss: 0.0045 - acc: 1.0000 - val_loss: 1.1288 - val_acc: 0.7923
Epoch 31/50

Epoch 00031: saving model to models/mnist_conv_e300_L2_b64/multi-normal-cluster_classifier_100/cp-0031.hdf5
 - 3s - loss: 0.0096 - acc: 0.9980 - val_loss: 1.2088 - val_acc: 0.7824
Epoch 32/50

Epoch 00032: saving model to models/mnist_conv_e300_L2_b64/multi-normal-cluster_classifier_100/cp-0032.hdf5
 - 3s - loss: 0.0080 - acc: 0.9971 - val_loss: 1.1083 - val_acc: 0.7955
Epoch 33/50

Epoch 00033: saving model to models/mnist_conv_e300_L2_b64/multi-normal-cluster_classifier_100/cp-0033.hdf5
 - 3s - loss: 0.0051 - acc: 0.9990 - val_loss: 1.1185 - val_acc: 0.7943
Epoch 34/50

Epoch 00034: saving model to models/mnist_conv_e300_L2_b64/multi-normal-cluster_classifier_100/cp-0034.hdf5
 - 3s - loss: 0.0030 - acc: 1.0000 - val_loss: 1.1189 - val_acc: 0.7980
Epoch 35/50

Epoch 00035: saving model to models/mnist_conv_e300_L2_b64/multi-normal-cluster_classifier_100/cp-0035.hdf5
 - 3s - loss: 0.0039 - acc: 0.9990 - val_loss: 1.1639 - val_acc: 0.7943
Epoch 36/50

Epoch 00036: saving model to models/mnist_conv_e300_L2_b64/multi-normal-cluster_classifier_100/cp-0036.hdf5
 - 3s - loss: 0.0069 - acc: 0.9971 - val_loss: 1.1826 - val_acc: 0.7905
Epoch 37/50

Epoch 00037: saving model to models/mnist_conv_e300_L2_b64/multi-normal-cluster_classifier_100/cp-0037.hdf5
 - 3s - loss: 0.0050 - acc: 0.9990 - val_loss: 1.1938 - val_acc: 0.7878
Epoch 38/50

Epoch 00038: saving model to models/mnist_conv_e300_L2_b64/multi-normal-cluster_classifier_100/cp-0038.hdf5
 - 3s - loss: 0.0070 - acc: 0.9980 - val_loss: 1.1386 - val_acc: 0.7982
Epoch 39/50

Epoch 00039: saving model to models/mnist_conv_e300_L2_b64/multi-normal-cluster_classifier_100/cp-0039.hdf5
 - 3s - loss: 0.0035 - acc: 1.0000 - val_loss: 1.1652 - val_acc: 0.7934
Epoch 40/50

Epoch 00040: saving model to models/mnist_conv_e300_L2_b64/multi-normal-cluster_classifier_100/cp-0040.hdf5
 - 3s - loss: 0.0044 - acc: 0.9990 - val_loss: 1.3237 - val_acc: 0.7755
Epoch 41/50

Epoch 00041: saving model to models/mnist_conv_e300_L2_b64/multi-normal-cluster_classifier_100/cp-0041.hdf5
 - 3s - loss: 0.0021 - acc: 1.0000 - val_loss: 1.1819 - val_acc: 0.7925
Epoch 42/50

Epoch 00042: saving model to models/mnist_conv_e300_L2_b64/multi-normal-cluster_classifier_100/cp-0042.hdf5
 - 3s - loss: 0.0030 - acc: 1.0000 - val_loss: 1.1630 - val_acc: 0.7959
Epoch 43/50

Epoch 00043: saving model to models/mnist_conv_e300_L2_b64/multi-normal-cluster_classifier_100/cp-0043.hdf5
 - 3s - loss: 0.0033 - acc: 0.9990 - val_loss: 1.2771 - val_acc: 0.7884
Epoch 44/50

Epoch 00044: saving model to models/mnist_conv_e300_L2_b64/multi-normal-cluster_classifier_100/cp-0044.hdf5
 - 3s - loss: 0.0021 - acc: 1.0000 - val_loss: 1.2079 - val_acc: 0.7956
Epoch 45/50

Epoch 00045: saving model to models/mnist_conv_e300_L2_b64/multi-normal-cluster_classifier_100/cp-0045.hdf5
 - 3s - loss: 0.0043 - acc: 0.9990 - val_loss: 1.2246 - val_acc: 0.7930
Epoch 46/50

Epoch 00046: saving model to models/mnist_conv_e300_L2_b64/multi-normal-cluster_classifier_100/cp-0046.hdf5
 - 3s - loss: 0.0014 - acc: 1.0000 - val_loss: 1.1718 - val_acc: 0.7984
Epoch 47/50

Epoch 00047: saving model to models/mnist_conv_e300_L2_b64/multi-normal-cluster_classifier_100/cp-0047.hdf5
 - 3s - loss: 0.0015 - acc: 1.0000 - val_loss: 1.2263 - val_acc: 0.7945
Epoch 48/50

Epoch 00048: saving model to models/mnist_conv_e300_L2_b64/multi-normal-cluster_classifier_100/cp-0048.hdf5
 - 3s - loss: 0.0014 - acc: 1.0000 - val_loss: 1.2020 - val_acc: 0.7964
Epoch 49/50

Epoch 00049: saving model to models/mnist_conv_e300_L2_b64/multi-normal-cluster_classifier_100/cp-0049.hdf5
 - 3s - loss: 0.0024 - acc: 0.9990 - val_loss: 1.2640 - val_acc: 0.7894
Epoch 50/50

Epoch 00050: saving model to models/mnist_conv_e300_L2_b64/multi-normal-cluster_classifier_100/cp-0050.hdf5
 - 3s - loss: 0.0016 - acc: 1.0000 - val_loss: 1.2053 - val_acc: 0.7992
Epoch 1/50

Epoch 00001: saving model to models/mnist_conv_e300_L2_b64/error_classifier_100/cp-0001.hdf5
 - 5s - loss: 2.2975 - acc: 0.1396 - val_loss: 2.2984 - val_acc: 0.1374
Epoch 2/50

Epoch 00002: saving model to models/mnist_conv_e300_L2_b64/error_classifier_100/cp-0002.hdf5
 - 3s - loss: 2.2849 - acc: 0.1572 - val_loss: 2.2921 - val_acc: 0.0971
Epoch 3/50

Epoch 00003: saving model to models/mnist_conv_e300_L2_b64/error_classifier_100/cp-0003.hdf5
 - 3s - loss: 2.2574 - acc: 0.1523 - val_loss: 2.2778 - val_acc: 0.0972
Epoch 4/50

Epoch 00004: saving model to models/mnist_conv_e300_L2_b64/error_classifier_100/cp-0004.hdf5
 - 3s - loss: 2.1962 - acc: 0.1641 - val_loss: 2.1932 - val_acc: 0.1523
Epoch 5/50

Epoch 00005: saving model to models/mnist_conv_e300_L2_b64/error_classifier_100/cp-0005.hdf5
 - 3s - loss: 1.8677 - acc: 0.3779 - val_loss: 1.6245 - val_acc: 0.4233
Epoch 6/50

Epoch 00006: saving model to models/mnist_conv_e300_L2_b64/error_classifier_100/cp-0006.hdf5
 - 3s - loss: 1.3066 - acc: 0.5977 - val_loss: 1.1590 - val_acc: 0.6133
Epoch 7/50

Epoch 00007: saving model to models/mnist_conv_e300_L2_b64/error_classifier_100/cp-0007.hdf5
 - 3s - loss: 0.8469 - acc: 0.7129 - val_loss: 1.0637 - val_acc: 0.6391
Epoch 8/50

Epoch 00008: saving model to models/mnist_conv_e300_L2_b64/error_classifier_100/cp-0008.hdf5
 - 3s - loss: 0.5714 - acc: 0.8066 - val_loss: 1.0115 - val_acc: 0.6678
Epoch 9/50

Epoch 00009: saving model to models/mnist_conv_e300_L2_b64/error_classifier_100/cp-0009.hdf5
 - 3s - loss: 0.3250 - acc: 0.8936 - val_loss: 1.2584 - val_acc: 0.6903
Epoch 10/50

Epoch 00010: saving model to models/mnist_conv_e300_L2_b64/error_classifier_100/cp-0010.hdf5
 - 3s - loss: 0.3021 - acc: 0.9053 - val_loss: 1.1778 - val_acc: 0.6877
Epoch 11/50

Epoch 00011: saving model to models/mnist_conv_e300_L2_b64/error_classifier_100/cp-0011.hdf5
 - 3s - loss: 0.1514 - acc: 0.9512 - val_loss: 1.0465 - val_acc: 0.7581
Epoch 12/50

Epoch 00012: saving model to models/mnist_conv_e300_L2_b64/error_classifier_100/cp-0012.hdf5
 - 3s - loss: 0.1521 - acc: 0.9570 - val_loss: 1.0023 - val_acc: 0.7698
Epoch 13/50

Epoch 00013: saving model to models/mnist_conv_e300_L2_b64/error_classifier_100/cp-0013.hdf5
 - 3s - loss: 0.1093 - acc: 0.9678 - val_loss: 1.1311 - val_acc: 0.7534
Epoch 14/50

Epoch 00014: saving model to models/mnist_conv_e300_L2_b64/error_classifier_100/cp-0014.hdf5
 - 3s - loss: 0.0567 - acc: 0.9854 - val_loss: 1.2140 - val_acc: 0.7575
Epoch 15/50

Epoch 00015: saving model to models/mnist_conv_e300_L2_b64/error_classifier_100/cp-0015.hdf5
 - 3s - loss: 0.0481 - acc: 0.9883 - val_loss: 1.1518 - val_acc: 0.7755
Epoch 16/50

Epoch 00016: saving model to models/mnist_conv_e300_L2_b64/error_classifier_100/cp-0016.hdf5
 - 3s - loss: 0.0286 - acc: 0.9951 - val_loss: 1.3015 - val_acc: 0.7634
Epoch 17/50

Epoch 00017: saving model to models/mnist_conv_e300_L2_b64/error_classifier_100/cp-0017.hdf5
 - 3s - loss: 0.0334 - acc: 0.9922 - val_loss: 1.3154 - val_acc: 0.7627
Epoch 18/50

Epoch 00018: saving model to models/mnist_conv_e300_L2_b64/error_classifier_100/cp-0018.hdf5
 - 3s - loss: 0.0211 - acc: 0.9951 - val_loss: 1.3354 - val_acc: 0.7672
Epoch 19/50

Epoch 00019: saving model to models/mnist_conv_e300_L2_b64/error_classifier_100/cp-0019.hdf5
 - 3s - loss: 0.0343 - acc: 0.9902 - val_loss: 1.4250 - val_acc: 0.7504
Epoch 20/50

Epoch 00020: saving model to models/mnist_conv_e300_L2_b64/error_classifier_100/cp-0020.hdf5
 - 3s - loss: 0.0259 - acc: 0.9922 - val_loss: 1.3690 - val_acc: 0.7635
Epoch 21/50

Epoch 00021: saving model to models/mnist_conv_e300_L2_b64/error_classifier_100/cp-0021.hdf5
 - 3s - loss: 0.0169 - acc: 0.9951 - val_loss: 1.3858 - val_acc: 0.7629
Epoch 22/50

Epoch 00022: saving model to models/mnist_conv_e300_L2_b64/error_classifier_100/cp-0022.hdf5
 - 3s - loss: 0.0101 - acc: 0.9990 - val_loss: 1.4249 - val_acc: 0.7649
Epoch 23/50

Epoch 00023: saving model to models/mnist_conv_e300_L2_b64/error_classifier_100/cp-0023.hdf5
 - 3s - loss: 0.0138 - acc: 0.9971 - val_loss: 1.5044 - val_acc: 0.7486
Epoch 24/50

Epoch 00024: saving model to models/mnist_conv_e300_L2_b64/error_classifier_100/cp-0024.hdf5
 - 3s - loss: 0.0063 - acc: 1.0000 - val_loss: 1.4797 - val_acc: 0.7629
Epoch 25/50

Epoch 00025: saving model to models/mnist_conv_e300_L2_b64/error_classifier_100/cp-0025.hdf5
 - 3s - loss: 0.0083 - acc: 0.9980 - val_loss: 1.4907 - val_acc: 0.7618
Epoch 26/50

Epoch 00026: saving model to models/mnist_conv_e300_L2_b64/error_classifier_100/cp-0026.hdf5
 - 3s - loss: 0.0062 - acc: 0.9990 - val_loss: 1.5425 - val_acc: 0.7619
Epoch 27/50

Epoch 00027: saving model to models/mnist_conv_e300_L2_b64/error_classifier_100/cp-0027.hdf5
 - 3s - loss: 0.0128 - acc: 0.9961 - val_loss: 1.4552 - val_acc: 0.7709
Epoch 28/50

Epoch 00028: saving model to models/mnist_conv_e300_L2_b64/error_classifier_100/cp-0028.hdf5
 - 3s - loss: 0.0115 - acc: 0.9980 - val_loss: 1.4919 - val_acc: 0.7699
Epoch 29/50

Epoch 00029: saving model to models/mnist_conv_e300_L2_b64/error_classifier_100/cp-0029.hdf5
 - 3s - loss: 0.0102 - acc: 0.9980 - val_loss: 1.5329 - val_acc: 0.7661
Epoch 30/50

Epoch 00030: saving model to models/mnist_conv_e300_L2_b64/error_classifier_100/cp-0030.hdf5
 - 3s - loss: 0.0083 - acc: 0.9980 - val_loss: 1.5879 - val_acc: 0.7589
Epoch 31/50

Epoch 00031: saving model to models/mnist_conv_e300_L2_b64/error_classifier_100/cp-0031.hdf5
 - 3s - loss: 0.0067 - acc: 0.9980 - val_loss: 1.5649 - val_acc: 0.7628
Epoch 32/50

Epoch 00032: saving model to models/mnist_conv_e300_L2_b64/error_classifier_100/cp-0032.hdf5
 - 3s - loss: 0.0095 - acc: 0.9971 - val_loss: 1.5253 - val_acc: 0.7679
Epoch 33/50

Epoch 00033: saving model to models/mnist_conv_e300_L2_b64/error_classifier_100/cp-0033.hdf5
 - 3s - loss: 0.0084 - acc: 0.9980 - val_loss: 1.5815 - val_acc: 0.7657
Epoch 34/50

Epoch 00034: saving model to models/mnist_conv_e300_L2_b64/error_classifier_100/cp-0034.hdf5
 - 3s - loss: 0.0050 - acc: 1.0000 - val_loss: 1.5722 - val_acc: 0.7671
Epoch 35/50

Epoch 00035: saving model to models/mnist_conv_e300_L2_b64/error_classifier_100/cp-0035.hdf5
 - 3s - loss: 0.0066 - acc: 0.9990 - val_loss: 1.5381 - val_acc: 0.7702
Epoch 36/50

Epoch 00036: saving model to models/mnist_conv_e300_L2_b64/error_classifier_100/cp-0036.hdf5
 - 3s - loss: 0.0065 - acc: 0.9980 - val_loss: 1.5532 - val_acc: 0.7712
Epoch 37/50

Epoch 00037: saving model to models/mnist_conv_e300_L2_b64/error_classifier_100/cp-0037.hdf5
 - 3s - loss: 0.0069 - acc: 0.9971 - val_loss: 1.6156 - val_acc: 0.7642
Epoch 38/50

Epoch 00038: saving model to models/mnist_conv_e300_L2_b64/error_classifier_100/cp-0038.hdf5
 - 3s - loss: 0.0030 - acc: 1.0000 - val_loss: 1.6123 - val_acc: 0.7628
Epoch 39/50

Epoch 00039: saving model to models/mnist_conv_e300_L2_b64/error_classifier_100/cp-0039.hdf5
 - 3s - loss: 0.0032 - acc: 1.0000 - val_loss: 1.6042 - val_acc: 0.7640
Epoch 40/50

Epoch 00040: saving model to models/mnist_conv_e300_L2_b64/error_classifier_100/cp-0040.hdf5
 - 3s - loss: 0.0041 - acc: 0.9990 - val_loss: 1.5579 - val_acc: 0.7703
Epoch 41/50

Epoch 00041: saving model to models/mnist_conv_e300_L2_b64/error_classifier_100/cp-0041.hdf5
 - 3s - loss: 0.0033 - acc: 1.0000 - val_loss: 1.5762 - val_acc: 0.7695
Epoch 42/50

Epoch 00042: saving model to models/mnist_conv_e300_L2_b64/error_classifier_100/cp-0042.hdf5
 - 3s - loss: 0.0046 - acc: 0.9990 - val_loss: 1.6771 - val_acc: 0.7617
Epoch 43/50

Epoch 00043: saving model to models/mnist_conv_e300_L2_b64/error_classifier_100/cp-0043.hdf5
 - 3s - loss: 0.0028 - acc: 1.0000 - val_loss: 1.6510 - val_acc: 0.7649
Epoch 44/50

Epoch 00044: saving model to models/mnist_conv_e300_L2_b64/error_classifier_100/cp-0044.hdf5
 - 3s - loss: 0.0031 - acc: 1.0000 - val_loss: 1.7196 - val_acc: 0.7574
Epoch 45/50

Epoch 00045: saving model to models/mnist_conv_e300_L2_b64/error_classifier_100/cp-0045.hdf5
 - 3s - loss: 0.0045 - acc: 0.9990 - val_loss: 1.6737 - val_acc: 0.7655
Epoch 46/50

Epoch 00046: saving model to models/mnist_conv_e300_L2_b64/error_classifier_100/cp-0046.hdf5
 - 3s - loss: 0.0038 - acc: 0.9990 - val_loss: 1.6758 - val_acc: 0.7644
Epoch 47/50

Epoch 00047: saving model to models/mnist_conv_e300_L2_b64/error_classifier_100/cp-0047.hdf5
 - 3s - loss: 0.0019 - acc: 1.0000 - val_loss: 1.6874 - val_acc: 0.7626
Epoch 48/50

Epoch 00048: saving model to models/mnist_conv_e300_L2_b64/error_classifier_100/cp-0048.hdf5
 - 3s - loss: 0.0026 - acc: 0.9990 - val_loss: 1.6618 - val_acc: 0.7675
Epoch 49/50

Epoch 00049: saving model to models/mnist_conv_e300_L2_b64/error_classifier_100/cp-0049.hdf5
 - 3s - loss: 0.0028 - acc: 0.9990 - val_loss: 1.7097 - val_acc: 0.7641
Epoch 50/50

Epoch 00050: saving model to models/mnist_conv_e300_L2_b64/error_classifier_100/cp-0050.hdf5
 - 3s - loss: 0.0033 - acc: 0.9980 - val_loss: 1.6847 - val_acc: 0.7665
Finished.
