INFO:latens:tensorflow 1.12.0, keras 2.1.6-tf
INFO:latens:command: encode
INFO:latens:model: model
INFO:latens:layer:(None, 28, 28, 1) -> (None, 28, 28, 1):input_2
INFO:latens:layer:(None, 28, 28, 1) -> (None, 2):sequential
INFO:latens:layer:(None, 2) -> (None, 28, 28, 1):sequential_1
2019-03-15 17:54:30.232598: I tensorflow/core/platform/cpu_feature_guard.cc:141] Your CPU supports instructions that this TensorFlow binary was not compiled to use: SSE4.1 SSE4.2 AVX AVX2 FMA
2019-03-15 17:54:30.476944: I tensorflow/core/common_runtime/gpu/gpu_device.cc:1432] Found device 0 with properties: 
name: Tesla K80 major: 3 minor: 7 memoryClockRate(GHz): 0.8235
pciBusID: 0000:08:00.0
totalMemory: 11.17GiB freeMemory: 11.10GiB
2019-03-15 17:54:30.479762: I tensorflow/core/common_runtime/gpu/gpu_device.cc:1511] Adding visible gpu devices: 0
2019-03-15 17:54:30.880580: I tensorflow/core/common_runtime/gpu/gpu_device.cc:982] Device interconnect StreamExecutor with strength 1 edge matrix:
2019-03-15 17:54:30.883778: I tensorflow/core/common_runtime/gpu/gpu_device.cc:988]      0 
2019-03-15 17:54:30.883823: I tensorflow/core/common_runtime/gpu/gpu_device.cc:1001] 0:   N 
2019-03-15 17:54:30.884282: I tensorflow/core/common_runtime/gpu/gpu_device.cc:1115] Created TensorFlow device (/job:localhost/replica:0/task:0/device:GPU:0 with 10758 MB memory) -> physical GPU (device: 0, name: Tesla K80, pci bus id: 0000:08:00.0, compute capability: 3.7)
INFO:latens:restored model from models/mnist_conv_e300_L2_b64/autoencoder/cp-0300.hdf5
DEBUG:latens:encodings:
[[-0.03704384  0.18916784]
 [ 0.22641186  1.9294425 ]
 [-0.9902958   0.12360284]
 ...
 [-0.2070876   0.17071734]
 [-0.38287857  0.00320264]
 [-0.24144024  0.18391472]]
INFO:latens:saved encodings to 'models/mnist_conv_e300_L2_b64/encodings.npy'
INFO:latens:tensorflow 1.12.0, keras 2.1.6-tf
INFO:latens:command: reconstruct
INFO:latens:model: model
INFO:latens:layer:(None, 28, 28, 1) -> (None, 28, 28, 1):input_2
INFO:latens:layer:(None, 28, 28, 1) -> (None, 2):sequential
INFO:latens:layer:(None, 2) -> (None, 28, 28, 1):sequential_1
2019-03-15 17:54:48.188279: I tensorflow/core/platform/cpu_feature_guard.cc:141] Your CPU supports instructions that this TensorFlow binary was not compiled to use: SSE4.1 SSE4.2 AVX AVX2 FMA
2019-03-15 17:54:48.411778: I tensorflow/core/common_runtime/gpu/gpu_device.cc:1432] Found device 0 with properties: 
name: Tesla K80 major: 3 minor: 7 memoryClockRate(GHz): 0.8235
pciBusID: 0000:08:00.0
totalMemory: 11.17GiB freeMemory: 11.10GiB
2019-03-15 17:54:48.415303: I tensorflow/core/common_runtime/gpu/gpu_device.cc:1511] Adding visible gpu devices: 0
2019-03-15 17:54:48.736299: I tensorflow/core/common_runtime/gpu/gpu_device.cc:982] Device interconnect StreamExecutor with strength 1 edge matrix:
2019-03-15 17:54:48.736382: I tensorflow/core/common_runtime/gpu/gpu_device.cc:988]      0 
2019-03-15 17:54:48.736393: I tensorflow/core/common_runtime/gpu/gpu_device.cc:1001] 0:   N 
2019-03-15 17:54:48.736676: I tensorflow/core/common_runtime/gpu/gpu_device.cc:1115] Created TensorFlow device (/job:localhost/replica:0/task:0/device:GPU:0 with 10758 MB memory) -> physical GPU (device: 0, name: Tesla K80, pci bus id: 0000:08:00.0, compute capability: 3.7)
INFO:latens:restored model from models/mnist_conv_e300_L2_b64/autoencoder/cp-0300.hdf5
2019-03-15 17:54:51.491567: I tensorflow/core/common_runtime/gpu/gpu_device.cc:1511] Adding visible gpu devices: 0
2019-03-15 17:54:51.494739: I tensorflow/core/common_runtime/gpu/gpu_device.cc:982] Device interconnect StreamExecutor with strength 1 edge matrix:
2019-03-15 17:54:51.494762: I tensorflow/core/common_runtime/gpu/gpu_device.cc:988]      0 
2019-03-15 17:54:51.494772: I tensorflow/core/common_runtime/gpu/gpu_device.cc:1001] 0:   N 
2019-03-15 17:54:51.494918: I tensorflow/core/common_runtime/gpu/gpu_device.cc:1115] Created TensorFlow device (/job:localhost/replica:0/task:0/device:GPU:0 with 10758 MB memory) -> physical GPU (device: 0, name: Tesla K80, pci bus id: 0000:08:00.0, compute capability: 3.7)
INFO:latens:tensorflow 1.12.0, keras 2.1.6-tf
INFO:latens:command: sample
INFO:latens:sampling with 'random'
DEBUG:latens:sampling: (50000,), 1000
INFO:latens:writing dataset to models/mnist_conv_e300_L2_b64/random_sample_1000.tfrecord...
2019-03-15 17:55:00.893711: I tensorflow/core/platform/cpu_feature_guard.cc:141] Your CPU supports instructions that this TensorFlow binary was not compiled to use: SSE4.1 SSE4.2 AVX AVX2 FMA
2019-03-15 17:55:01.113592: I tensorflow/core/common_runtime/gpu/gpu_device.cc:1432] Found device 0 with properties: 
name: Tesla K80 major: 3 minor: 7 memoryClockRate(GHz): 0.8235
pciBusID: 0000:08:00.0
totalMemory: 11.17GiB freeMemory: 11.10GiB
2019-03-15 17:55:01.113665: I tensorflow/core/common_runtime/gpu/gpu_device.cc:1511] Adding visible gpu devices: 0
2019-03-15 17:55:01.513498: I tensorflow/core/common_runtime/gpu/gpu_device.cc:982] Device interconnect StreamExecutor with strength 1 edge matrix:
2019-03-15 17:55:01.515423: I tensorflow/core/common_runtime/gpu/gpu_device.cc:988]      0 
2019-03-15 17:55:01.515446: I tensorflow/core/common_runtime/gpu/gpu_device.cc:1001] 0:   N 
2019-03-15 17:55:01.515792: I tensorflow/core/common_runtime/gpu/gpu_device.cc:1115] Created TensorFlow device (/job:localhost/replica:0/task:0/device:GPU:0 with 10758 MB memory) -> physical GPU (device: 0, name: Tesla K80, pci bus id: 0000:08:00.0, compute capability: 3.7)
INFO:latens:wrote 1000 examples
INFO:latens:tensorflow 1.12.0, keras 2.1.6-tf
INFO:latens:command: classifier
INFO:latens:model: model
INFO:latens:layer:(None, 28, 28, 1) -> (None, 28, 28, 1):input_2
INFO:latens:layer:(None, 28, 28, 1) -> (None, 2):sequential
INFO:latens:layer:(None, 2) -> (None, 28, 28, 1):sequential_1
INFO:latens:model: sequential_4
INFO:latens:layer:(None, 28, 28, 1) -> (None, 28, 28, 64):conv2d_19
INFO:latens:layer:(None, 28, 28, 64) -> (None, 28, 28, 64):conv2d_20
INFO:latens:layer:(None, 28, 28, 64) -> (None, 14, 14, 64):max_pooling2d_2
INFO:latens:layer:(None, 14, 14, 64) -> (None, 14, 14, 64):dropout_4
INFO:latens:layer:(None, 14, 14, 64) -> (None, 14, 14, 32):conv2d_21
INFO:latens:layer:(None, 14, 14, 32) -> (None, 14, 14, 32):conv2d_22
INFO:latens:layer:(None, 14, 14, 32) -> (None, 7, 7, 32):max_pooling2d_3
INFO:latens:layer:(None, 7, 7, 32) -> (None, 7, 7, 32):dropout_5
INFO:latens:layer:(None, 7, 7, 32) -> (None, 7, 7, 32):conv2d_23
INFO:latens:layer:(None, 7, 7, 32) -> (None, 7, 7, 32):conv2d_24
INFO:latens:layer:(None, 7, 7, 32) -> (None, 1568):flatten_1
INFO:latens:layer:(None, 1568) -> (None, 1024):dense_6
INFO:latens:layer:(None, 1024) -> (None, 10):dense_7
2019-03-15 17:55:11.850669: I tensorflow/core/platform/cpu_feature_guard.cc:141] Your CPU supports instructions that this TensorFlow binary was not compiled to use: SSE4.1 SSE4.2 AVX AVX2 FMA
2019-03-15 17:55:12.049734: I tensorflow/core/common_runtime/gpu/gpu_device.cc:1432] Found device 0 with properties: 
name: Tesla K80 major: 3 minor: 7 memoryClockRate(GHz): 0.8235
pciBusID: 0000:08:00.0
totalMemory: 11.17GiB freeMemory: 11.10GiB
2019-03-15 17:55:12.049793: I tensorflow/core/common_runtime/gpu/gpu_device.cc:1511] Adding visible gpu devices: 0
2019-03-15 17:55:12.368080: I tensorflow/core/common_runtime/gpu/gpu_device.cc:982] Device interconnect StreamExecutor with strength 1 edge matrix:
2019-03-15 17:55:12.370122: I tensorflow/core/common_runtime/gpu/gpu_device.cc:988]      0 
2019-03-15 17:55:12.370165: I tensorflow/core/common_runtime/gpu/gpu_device.cc:1001] 0:   N 
2019-03-15 17:55:12.370495: I tensorflow/core/common_runtime/gpu/gpu_device.cc:1115] Created TensorFlow device (/job:localhost/replica:0/task:0/device:GPU:0 with 10758 MB memory) -> physical GPU (device: 0, name: Tesla K80, pci bus id: 0000:08:00.0, compute capability: 3.7)
INFO:latens:test accuracy: 94.0%
INFO:latens:tensorflow 1.12.0, keras 2.1.6-tf
INFO:latens:command: visualize
INFO:latens:visualizing and saving
INFO:latens:Plotting encoding...
DEBUG:latens:encodings: [[-0.03704384  0.18916784]
 [ 0.22641186  1.9294425 ]
 [-0.9902958   0.12360284]
 ...
 [-0.2070876   0.17071734]
 [-0.38287857  0.00320264]
 [-0.24144024  0.18391472]]
INFO:latens:saving encodings plot to models/mnist_conv_e300_L2_b64/encodings.pdf
INFO:latens:saving successful
INFO:latens:Plotting sampling...
INFO:latens:saving sampling plot to models/mnist_conv_e300_L2_b64/random_sampling_1000.pdf
INFO:latens:saving successful
INFO:latens:saving distribution plot to models/mnist_conv_e300_L2_b64/random_sampling_distribution_1000.pdf
INFO:latens:saving successful
INFO:latens:tensorflow 1.12.0, keras 2.1.6-tf
INFO:latens:command: sample
INFO:latens:sampling with 'normal'
DEBUG:latens:sampler: drawing 1000 points
DEBUG:latens:sampler: drawing 2 points
DEBUG:latens:sampling: (50000,), 1000
INFO:latens:writing dataset to models/mnist_conv_e300_L2_b64/normal_sample_1000.tfrecord...
2019-03-15 17:57:58.466782: I tensorflow/core/platform/cpu_feature_guard.cc:141] Your CPU supports instructions that this TensorFlow binary was not compiled to use: SSE4.1 SSE4.2 AVX AVX2 FMA
2019-03-15 17:57:58.667798: I tensorflow/core/common_runtime/gpu/gpu_device.cc:1432] Found device 0 with properties: 
name: Tesla K80 major: 3 minor: 7 memoryClockRate(GHz): 0.8235
pciBusID: 0000:08:00.0
totalMemory: 11.17GiB freeMemory: 11.10GiB
2019-03-15 17:57:58.667860: I tensorflow/core/common_runtime/gpu/gpu_device.cc:1511] Adding visible gpu devices: 0
2019-03-15 17:57:58.980483: I tensorflow/core/common_runtime/gpu/gpu_device.cc:982] Device interconnect StreamExecutor with strength 1 edge matrix:
2019-03-15 17:57:58.982958: I tensorflow/core/common_runtime/gpu/gpu_device.cc:988]      0 
2019-03-15 17:57:58.983010: I tensorflow/core/common_runtime/gpu/gpu_device.cc:1001] 0:   N 
2019-03-15 17:57:58.983299: I tensorflow/core/common_runtime/gpu/gpu_device.cc:1115] Created TensorFlow device (/job:localhost/replica:0/task:0/device:GPU:0 with 10758 MB memory) -> physical GPU (device: 0, name: Tesla K80, pci bus id: 0000:08:00.0, compute capability: 3.7)
INFO:latens:wrote 1000 examples
INFO:latens:tensorflow 1.12.0, keras 2.1.6-tf
INFO:latens:command: classifier
INFO:latens:model: model
INFO:latens:layer:(None, 28, 28, 1) -> (None, 28, 28, 1):input_2
INFO:latens:layer:(None, 28, 28, 1) -> (None, 2):sequential
INFO:latens:layer:(None, 2) -> (None, 28, 28, 1):sequential_1
INFO:latens:model: sequential_4
INFO:latens:layer:(None, 28, 28, 1) -> (None, 28, 28, 64):conv2d_19
INFO:latens:layer:(None, 28, 28, 64) -> (None, 28, 28, 64):conv2d_20
INFO:latens:layer:(None, 28, 28, 64) -> (None, 14, 14, 64):max_pooling2d_2
INFO:latens:layer:(None, 14, 14, 64) -> (None, 14, 14, 64):dropout_4
INFO:latens:layer:(None, 14, 14, 64) -> (None, 14, 14, 32):conv2d_21
INFO:latens:layer:(None, 14, 14, 32) -> (None, 14, 14, 32):conv2d_22
INFO:latens:layer:(None, 14, 14, 32) -> (None, 7, 7, 32):max_pooling2d_3
INFO:latens:layer:(None, 7, 7, 32) -> (None, 7, 7, 32):dropout_5
INFO:latens:layer:(None, 7, 7, 32) -> (None, 7, 7, 32):conv2d_23
INFO:latens:layer:(None, 7, 7, 32) -> (None, 7, 7, 32):conv2d_24
INFO:latens:layer:(None, 7, 7, 32) -> (None, 1568):flatten_1
INFO:latens:layer:(None, 1568) -> (None, 1024):dense_6
INFO:latens:layer:(None, 1024) -> (None, 10):dense_7
2019-03-15 17:58:09.411375: I tensorflow/core/platform/cpu_feature_guard.cc:141] Your CPU supports instructions that this TensorFlow binary was not compiled to use: SSE4.1 SSE4.2 AVX AVX2 FMA
2019-03-15 17:58:09.612175: I tensorflow/core/common_runtime/gpu/gpu_device.cc:1432] Found device 0 with properties: 
name: Tesla K80 major: 3 minor: 7 memoryClockRate(GHz): 0.8235
pciBusID: 0000:08:00.0
totalMemory: 11.17GiB freeMemory: 11.10GiB
2019-03-15 17:58:09.614223: I tensorflow/core/common_runtime/gpu/gpu_device.cc:1511] Adding visible gpu devices: 0
2019-03-15 17:58:09.928606: I tensorflow/core/common_runtime/gpu/gpu_device.cc:982] Device interconnect StreamExecutor with strength 1 edge matrix:
2019-03-15 17:58:09.928680: I tensorflow/core/common_runtime/gpu/gpu_device.cc:988]      0 
2019-03-15 17:58:09.928690: I tensorflow/core/common_runtime/gpu/gpu_device.cc:1001] 0:   N 
2019-03-15 17:58:09.928952: I tensorflow/core/common_runtime/gpu/gpu_device.cc:1115] Created TensorFlow device (/job:localhost/replica:0/task:0/device:GPU:0 with 10758 MB memory) -> physical GPU (device: 0, name: Tesla K80, pci bus id: 0000:08:00.0, compute capability: 3.7)
INFO:latens:test accuracy: 91.7%
INFO:latens:tensorflow 1.12.0, keras 2.1.6-tf
INFO:latens:command: visualize
INFO:latens:visualizing and saving
INFO:latens:Plotting encoding...
DEBUG:latens:encodings: [[-0.03704384  0.18916784]
 [ 0.22641186  1.9294425 ]
 [-0.9902958   0.12360284]
 ...
 [-0.2070876   0.17071734]
 [-0.38287857  0.00320264]
 [-0.24144024  0.18391472]]
INFO:latens:saving encodings plot to models/mnist_conv_e300_L2_b64/encodings.pdf
INFO:latens:saving successful
INFO:latens:Plotting sampling...
INFO:latens:saving sampling plot to models/mnist_conv_e300_L2_b64/normal_sampling_1000.pdf
INFO:latens:saving successful
INFO:latens:saving distribution plot to models/mnist_conv_e300_L2_b64/normal_sampling_distribution_1000.pdf
INFO:latens:saving successful
INFO:latens:tensorflow 1.12.0, keras 2.1.6-tf
INFO:latens:command: sample
INFO:latens:sampling with 'multi-normal'
DEBUG:latens:sampler: drawing 1000 points
DEBUG:latens:sampler: drawing 1 points
DEBUG:latens:sampling: (50000,), 1000
INFO:latens:writing dataset to models/mnist_conv_e300_L2_b64/multi-normal_sample_1000.tfrecord...
2019-03-15 18:00:53.017890: I tensorflow/core/platform/cpu_feature_guard.cc:141] Your CPU supports instructions that this TensorFlow binary was not compiled to use: SSE4.1 SSE4.2 AVX AVX2 FMA
2019-03-15 18:00:53.221134: I tensorflow/core/common_runtime/gpu/gpu_device.cc:1432] Found device 0 with properties: 
name: Tesla K80 major: 3 minor: 7 memoryClockRate(GHz): 0.8235
pciBusID: 0000:08:00.0
totalMemory: 11.17GiB freeMemory: 11.10GiB
2019-03-15 18:00:53.221202: I tensorflow/core/common_runtime/gpu/gpu_device.cc:1511] Adding visible gpu devices: 0
2019-03-15 18:00:53.537771: I tensorflow/core/common_runtime/gpu/gpu_device.cc:982] Device interconnect StreamExecutor with strength 1 edge matrix:
2019-03-15 18:00:53.539896: I tensorflow/core/common_runtime/gpu/gpu_device.cc:988]      0 
2019-03-15 18:00:53.539919: I tensorflow/core/common_runtime/gpu/gpu_device.cc:1001] 0:   N 
2019-03-15 18:00:53.540250: I tensorflow/core/common_runtime/gpu/gpu_device.cc:1115] Created TensorFlow device (/job:localhost/replica:0/task:0/device:GPU:0 with 10758 MB memory) -> physical GPU (device: 0, name: Tesla K80, pci bus id: 0000:08:00.0, compute capability: 3.7)
INFO:latens:wrote 1000 examples
INFO:latens:tensorflow 1.12.0, keras 2.1.6-tf
INFO:latens:command: classifier
INFO:latens:model: model
INFO:latens:layer:(None, 28, 28, 1) -> (None, 28, 28, 1):input_2
INFO:latens:layer:(None, 28, 28, 1) -> (None, 2):sequential
INFO:latens:layer:(None, 2) -> (None, 28, 28, 1):sequential_1
INFO:latens:model: sequential_4
INFO:latens:layer:(None, 28, 28, 1) -> (None, 28, 28, 64):conv2d_19
INFO:latens:layer:(None, 28, 28, 64) -> (None, 28, 28, 64):conv2d_20
INFO:latens:layer:(None, 28, 28, 64) -> (None, 14, 14, 64):max_pooling2d_2
INFO:latens:layer:(None, 14, 14, 64) -> (None, 14, 14, 64):dropout_4
INFO:latens:layer:(None, 14, 14, 64) -> (None, 14, 14, 32):conv2d_21
INFO:latens:layer:(None, 14, 14, 32) -> (None, 14, 14, 32):conv2d_22
INFO:latens:layer:(None, 14, 14, 32) -> (None, 7, 7, 32):max_pooling2d_3
INFO:latens:layer:(None, 7, 7, 32) -> (None, 7, 7, 32):dropout_5
INFO:latens:layer:(None, 7, 7, 32) -> (None, 7, 7, 32):conv2d_23
INFO:latens:layer:(None, 7, 7, 32) -> (None, 7, 7, 32):conv2d_24
INFO:latens:layer:(None, 7, 7, 32) -> (None, 1568):flatten_1
INFO:latens:layer:(None, 1568) -> (None, 1024):dense_6
INFO:latens:layer:(None, 1024) -> (None, 10):dense_7
2019-03-15 18:01:03.720701: I tensorflow/core/platform/cpu_feature_guard.cc:141] Your CPU supports instructions that this TensorFlow binary was not compiled to use: SSE4.1 SSE4.2 AVX AVX2 FMA
2019-03-15 18:01:03.937567: I tensorflow/core/common_runtime/gpu/gpu_device.cc:1432] Found device 0 with properties: 
name: Tesla K80 major: 3 minor: 7 memoryClockRate(GHz): 0.8235
pciBusID: 0000:08:00.0
totalMemory: 11.17GiB freeMemory: 11.10GiB
2019-03-15 18:01:03.937637: I tensorflow/core/common_runtime/gpu/gpu_device.cc:1511] Adding visible gpu devices: 0
2019-03-15 18:01:04.254752: I tensorflow/core/common_runtime/gpu/gpu_device.cc:982] Device interconnect StreamExecutor with strength 1 edge matrix:
2019-03-15 18:01:04.256883: I tensorflow/core/common_runtime/gpu/gpu_device.cc:988]      0 
2019-03-15 18:01:04.256906: I tensorflow/core/common_runtime/gpu/gpu_device.cc:1001] 0:   N 
2019-03-15 18:01:04.257214: I tensorflow/core/common_runtime/gpu/gpu_device.cc:1115] Created TensorFlow device (/job:localhost/replica:0/task:0/device:GPU:0 with 10758 MB memory) -> physical GPU (device: 0, name: Tesla K80, pci bus id: 0000:08:00.0, compute capability: 3.7)
INFO:latens:test accuracy: 93.1%
INFO:latens:tensorflow 1.12.0, keras 2.1.6-tf
INFO:latens:command: visualize
INFO:latens:visualizing and saving
INFO:latens:Plotting encoding...
DEBUG:latens:encodings: [[-0.03704384  0.18916784]
 [ 0.22641186  1.9294425 ]
 [-0.9902958   0.12360284]
 ...
 [-0.2070876   0.17071734]
 [-0.38287857  0.00320264]
 [-0.24144024  0.18391472]]
INFO:latens:saving encodings plot to models/mnist_conv_e300_L2_b64/encodings.pdf
INFO:latens:saving successful
INFO:latens:Plotting sampling...
INFO:latens:saving sampling plot to models/mnist_conv_e300_L2_b64/multi-normal_sampling_1000.pdf
INFO:latens:saving successful
INFO:latens:saving distribution plot to models/mnist_conv_e300_L2_b64/multi-normal_sampling_distribution_1000.pdf
INFO:latens:saving successful
INFO:latens:tensorflow 1.12.0, keras 2.1.6-tf
INFO:latens:command: sample
INFO:latens:sampling with 'uniform'
DEBUG:latens:sampler: drawing 1000 points
DEBUG:latens:sampler: drawing 639 points
DEBUG:latens:sampler: drawing 407 points
DEBUG:latens:sampler: drawing 263 points
DEBUG:latens:sampler: drawing 176 points
DEBUG:latens:sampler: drawing 114 points
DEBUG:latens:sampler: drawing 76 points
DEBUG:latens:sampler: drawing 48 points
DEBUG:latens:sampler: drawing 28 points
DEBUG:latens:sampler: drawing 20 points
DEBUG:latens:sampler: drawing 19 points
DEBUG:latens:sampler: drawing 15 points
DEBUG:latens:sampler: drawing 8 points
DEBUG:latens:sampler: drawing 6 points
DEBUG:latens:sampler: drawing 4 points
DEBUG:latens:sampler: drawing 3 points
DEBUG:latens:sampler: drawing 2 points
DEBUG:latens:sampler: drawing 2 points
DEBUG:latens:sampler: drawing 1 points
DEBUG:latens:sampling: (50000,), 1000
INFO:latens:writing dataset to models/mnist_conv_e300_L2_b64/uniform_sample_1000.tfrecord...
2019-03-15 18:03:47.449621: I tensorflow/core/platform/cpu_feature_guard.cc:141] Your CPU supports instructions that this TensorFlow binary was not compiled to use: SSE4.1 SSE4.2 AVX AVX2 FMA
2019-03-15 18:03:47.649880: I tensorflow/core/common_runtime/gpu/gpu_device.cc:1432] Found device 0 with properties: 
name: Tesla K80 major: 3 minor: 7 memoryClockRate(GHz): 0.8235
pciBusID: 0000:08:00.0
totalMemory: 11.17GiB freeMemory: 11.10GiB
2019-03-15 18:03:47.649960: I tensorflow/core/common_runtime/gpu/gpu_device.cc:1511] Adding visible gpu devices: 0
2019-03-15 18:03:47.958494: I tensorflow/core/common_runtime/gpu/gpu_device.cc:982] Device interconnect StreamExecutor with strength 1 edge matrix:
2019-03-15 18:03:47.960769: I tensorflow/core/common_runtime/gpu/gpu_device.cc:988]      0 
2019-03-15 18:03:47.960807: I tensorflow/core/common_runtime/gpu/gpu_device.cc:1001] 0:   N 
2019-03-15 18:03:47.961111: I tensorflow/core/common_runtime/gpu/gpu_device.cc:1115] Created TensorFlow device (/job:localhost/replica:0/task:0/device:GPU:0 with 10758 MB memory) -> physical GPU (device: 0, name: Tesla K80, pci bus id: 0000:08:00.0, compute capability: 3.7)
INFO:latens:wrote 1000 examples
INFO:latens:tensorflow 1.12.0, keras 2.1.6-tf
INFO:latens:command: classifier
INFO:latens:model: model
INFO:latens:layer:(None, 28, 28, 1) -> (None, 28, 28, 1):input_2
INFO:latens:layer:(None, 28, 28, 1) -> (None, 2):sequential
INFO:latens:layer:(None, 2) -> (None, 28, 28, 1):sequential_1
INFO:latens:model: sequential_4
INFO:latens:layer:(None, 28, 28, 1) -> (None, 28, 28, 64):conv2d_19
INFO:latens:layer:(None, 28, 28, 64) -> (None, 28, 28, 64):conv2d_20
INFO:latens:layer:(None, 28, 28, 64) -> (None, 14, 14, 64):max_pooling2d_2
INFO:latens:layer:(None, 14, 14, 64) -> (None, 14, 14, 64):dropout_4
INFO:latens:layer:(None, 14, 14, 64) -> (None, 14, 14, 32):conv2d_21
INFO:latens:layer:(None, 14, 14, 32) -> (None, 14, 14, 32):conv2d_22
INFO:latens:layer:(None, 14, 14, 32) -> (None, 7, 7, 32):max_pooling2d_3
INFO:latens:layer:(None, 7, 7, 32) -> (None, 7, 7, 32):dropout_5
INFO:latens:layer:(None, 7, 7, 32) -> (None, 7, 7, 32):conv2d_23
INFO:latens:layer:(None, 7, 7, 32) -> (None, 7, 7, 32):conv2d_24
INFO:latens:layer:(None, 7, 7, 32) -> (None, 1568):flatten_1
INFO:latens:layer:(None, 1568) -> (None, 1024):dense_6
INFO:latens:layer:(None, 1024) -> (None, 10):dense_7
2019-03-15 18:03:58.187191: I tensorflow/core/platform/cpu_feature_guard.cc:141] Your CPU supports instructions that this TensorFlow binary was not compiled to use: SSE4.1 SSE4.2 AVX AVX2 FMA
2019-03-15 18:03:58.390075: I tensorflow/core/common_runtime/gpu/gpu_device.cc:1432] Found device 0 with properties: 
name: Tesla K80 major: 3 minor: 7 memoryClockRate(GHz): 0.8235
pciBusID: 0000:08:00.0
totalMemory: 11.17GiB freeMemory: 11.10GiB
2019-03-15 18:03:58.390133: I tensorflow/core/common_runtime/gpu/gpu_device.cc:1511] Adding visible gpu devices: 0
2019-03-15 18:03:58.710806: I tensorflow/core/common_runtime/gpu/gpu_device.cc:982] Device interconnect StreamExecutor with strength 1 edge matrix:
2019-03-15 18:03:58.713260: I tensorflow/core/common_runtime/gpu/gpu_device.cc:988]      0 
2019-03-15 18:03:58.713282: I tensorflow/core/common_runtime/gpu/gpu_device.cc:1001] 0:   N 
2019-03-15 18:03:58.713649: I tensorflow/core/common_runtime/gpu/gpu_device.cc:1115] Created TensorFlow device (/job:localhost/replica:0/task:0/device:GPU:0 with 10758 MB memory) -> physical GPU (device: 0, name: Tesla K80, pci bus id: 0000:08:00.0, compute capability: 3.7)
INFO:latens:test accuracy: 72.7%
INFO:latens:tensorflow 1.12.0, keras 2.1.6-tf
INFO:latens:command: visualize
INFO:latens:visualizing and saving
INFO:latens:Plotting encoding...
DEBUG:latens:encodings: [[-0.03704384  0.18916784]
 [ 0.22641186  1.9294425 ]
 [-0.9902958   0.12360284]
 ...
 [-0.2070876   0.17071734]
 [-0.38287857  0.00320264]
 [-0.24144024  0.18391472]]
INFO:latens:saving encodings plot to models/mnist_conv_e300_L2_b64/encodings.pdf
INFO:latens:saving successful
INFO:latens:Plotting sampling...
INFO:latens:saving sampling plot to models/mnist_conv_e300_L2_b64/uniform_sampling_1000.pdf
INFO:latens:saving successful
INFO:latens:saving distribution plot to models/mnist_conv_e300_L2_b64/uniform_sampling_distribution_1000.pdf
INFO:latens:saving successful
INFO:latens:tensorflow 1.12.0, keras 2.1.6-tf
INFO:latens:command: sample
INFO:latens:sampling with 'uniform-cluster'
INFO:latens:clustering...
DEBUG:latens:sampler: drawing 47 points
DEBUG:latens:sampler: drawing 27 points
DEBUG:latens:sampler: drawing 13 points
DEBUG:latens:sampler: drawing 8 points
DEBUG:latens:sampler: drawing 2 points
DEBUG:latens:sampler: drawing 1 points
DEBUG:latens:sampler: drawing 59 points
DEBUG:latens:sampler: drawing 28 points
DEBUG:latens:sampler: drawing 12 points
DEBUG:latens:sampler: drawing 5 points
DEBUG:latens:sampler: drawing 2 points
DEBUG:latens:sampler: drawing 2 points
DEBUG:latens:sampler: drawing 97 points
DEBUG:latens:sampler: drawing 23 points
DEBUG:latens:sampler: drawing 4 points
DEBUG:latens:sampler: drawing 1 points
DEBUG:latens:sampler: drawing 6 points
DEBUG:latens:sampler: drawing 5 points
DEBUG:latens:sampler: drawing 2 points
DEBUG:latens:sampler: drawing 1 points
DEBUG:latens:sampler: drawing 1 points
DEBUG:latens:sampler: drawing 1 points
DEBUG:latens:sampler: drawing 1 points
DEBUG:latens:sampler: drawing 1 points
DEBUG:latens:sampler: drawing 1 points
DEBUG:latens:sampler: drawing 1 points
DEBUG:latens:sampler: drawing 1 points
DEBUG:latens:sampler: drawing 1 points
DEBUG:latens:sampler: drawing 1 points
DEBUG:latens:sampler: drawing 1 points
DEBUG:latens:sampler: drawing 343 points
DEBUG:latens:sampler: drawing 24 points
DEBUG:latens:sampler: drawing 98 points
DEBUG:latens:sampler: drawing 48 points
DEBUG:latens:sampler: drawing 22 points
DEBUG:latens:sampler: drawing 8 points
DEBUG:latens:sampler: drawing 4 points
DEBUG:latens:sampler: drawing 4 points
DEBUG:latens:sampler: drawing 2 points
DEBUG:latens:sampler: drawing 28 points
DEBUG:latens:sampler: drawing 9 points
DEBUG:latens:sampler: drawing 4 points
DEBUG:latens:sampler: drawing 36 points
DEBUG:latens:sampler: drawing 10 points
DEBUG:latens:sampler: drawing 2 points
DEBUG:latens:sampler: drawing 277 points
DEBUG:latens:sampler: drawing 1 points
DEBUG:latens:sampler: drawing 9 points
DEBUG:latens:sampler: drawing 6 points
DEBUG:latens:sampler: drawing 4 points
DEBUG:latens:sampler: drawing 1 points
DEBUG:latens:sampler: drawing 1 points
DEBUG:latens:sampling: (50000,), 1000
INFO:latens:writing dataset to models/mnist_conv_e300_L2_b64/uniform-cluster_sample_1000.tfrecord...
2019-03-15 18:08:13.542003: I tensorflow/core/platform/cpu_feature_guard.cc:141] Your CPU supports instructions that this TensorFlow binary was not compiled to use: SSE4.1 SSE4.2 AVX AVX2 FMA
2019-03-15 18:08:13.759695: I tensorflow/core/common_runtime/gpu/gpu_device.cc:1432] Found device 0 with properties: 
name: Tesla K80 major: 3 minor: 7 memoryClockRate(GHz): 0.8235
pciBusID: 0000:08:00.0
totalMemory: 11.17GiB freeMemory: 11.10GiB
2019-03-15 18:08:13.761876: I tensorflow/core/common_runtime/gpu/gpu_device.cc:1511] Adding visible gpu devices: 0
2019-03-15 18:08:14.080351: I tensorflow/core/common_runtime/gpu/gpu_device.cc:982] Device interconnect StreamExecutor with strength 1 edge matrix:
2019-03-15 18:08:14.080424: I tensorflow/core/common_runtime/gpu/gpu_device.cc:988]      0 
2019-03-15 18:08:14.080435: I tensorflow/core/common_runtime/gpu/gpu_device.cc:1001] 0:   N 
2019-03-15 18:08:14.080710: I tensorflow/core/common_runtime/gpu/gpu_device.cc:1115] Created TensorFlow device (/job:localhost/replica:0/task:0/device:GPU:0 with 10758 MB memory) -> physical GPU (device: 0, name: Tesla K80, pci bus id: 0000:08:00.0, compute capability: 3.7)
INFO:latens:wrote 1000 examples
INFO:latens:tensorflow 1.12.0, keras 2.1.6-tf
INFO:latens:command: classifier
INFO:latens:model: model
INFO:latens:layer:(None, 28, 28, 1) -> (None, 28, 28, 1):input_2
INFO:latens:layer:(None, 28, 28, 1) -> (None, 2):sequential
INFO:latens:layer:(None, 2) -> (None, 28, 28, 1):sequential_1
INFO:latens:model: sequential_4
INFO:latens:layer:(None, 28, 28, 1) -> (None, 28, 28, 64):conv2d_19
INFO:latens:layer:(None, 28, 28, 64) -> (None, 28, 28, 64):conv2d_20
INFO:latens:layer:(None, 28, 28, 64) -> (None, 14, 14, 64):max_pooling2d_2
INFO:latens:layer:(None, 14, 14, 64) -> (None, 14, 14, 64):dropout_4
INFO:latens:layer:(None, 14, 14, 64) -> (None, 14, 14, 32):conv2d_21
INFO:latens:layer:(None, 14, 14, 32) -> (None, 14, 14, 32):conv2d_22
INFO:latens:layer:(None, 14, 14, 32) -> (None, 7, 7, 32):max_pooling2d_3
INFO:latens:layer:(None, 7, 7, 32) -> (None, 7, 7, 32):dropout_5
INFO:latens:layer:(None, 7, 7, 32) -> (None, 7, 7, 32):conv2d_23
INFO:latens:layer:(None, 7, 7, 32) -> (None, 7, 7, 32):conv2d_24
INFO:latens:layer:(None, 7, 7, 32) -> (None, 1568):flatten_1
INFO:latens:layer:(None, 1568) -> (None, 1024):dense_6
INFO:latens:layer:(None, 1024) -> (None, 10):dense_7
2019-03-15 18:08:24.297474: I tensorflow/core/platform/cpu_feature_guard.cc:141] Your CPU supports instructions that this TensorFlow binary was not compiled to use: SSE4.1 SSE4.2 AVX AVX2 FMA
2019-03-15 18:08:24.513373: I tensorflow/core/common_runtime/gpu/gpu_device.cc:1432] Found device 0 with properties: 
name: Tesla K80 major: 3 minor: 7 memoryClockRate(GHz): 0.8235
pciBusID: 0000:08:00.0
totalMemory: 11.17GiB freeMemory: 11.10GiB
2019-03-15 18:08:24.513440: I tensorflow/core/common_runtime/gpu/gpu_device.cc:1511] Adding visible gpu devices: 0
2019-03-15 18:08:24.833142: I tensorflow/core/common_runtime/gpu/gpu_device.cc:982] Device interconnect StreamExecutor with strength 1 edge matrix:
2019-03-15 18:08:24.835535: I tensorflow/core/common_runtime/gpu/gpu_device.cc:988]      0 
2019-03-15 18:08:24.835556: I tensorflow/core/common_runtime/gpu/gpu_device.cc:1001] 0:   N 
2019-03-15 18:08:24.835882: I tensorflow/core/common_runtime/gpu/gpu_device.cc:1115] Created TensorFlow device (/job:localhost/replica:0/task:0/device:GPU:0 with 10758 MB memory) -> physical GPU (device: 0, name: Tesla K80, pci bus id: 0000:08:00.0, compute capability: 3.7)
INFO:latens:test accuracy: 89.6%
INFO:latens:tensorflow 1.12.0, keras 2.1.6-tf
INFO:latens:command: visualize
INFO:latens:visualizing and saving
INFO:latens:Plotting encoding...
DEBUG:latens:encodings: [[-0.03704384  0.18916784]
 [ 0.22641186  1.9294425 ]
 [-0.9902958   0.12360284]
 ...
 [-0.2070876   0.17071734]
 [-0.38287857  0.00320264]
 [-0.24144024  0.18391472]]
INFO:latens:saving encodings plot to models/mnist_conv_e300_L2_b64/encodings.pdf
INFO:latens:saving successful
INFO:latens:Plotting clusters...
INFO:latens:saving clustered encodings plot to models/mnist_conv_e300_L2_b64/clustered_encodings.pdf
INFO:latens:saving successful
INFO:latens:Plotting sampling...
INFO:latens:saving sampling plot to models/mnist_conv_e300_L2_b64/uniform-cluster_sampling_1000.pdf
INFO:latens:saving successful
INFO:latens:saving distribution plot to models/mnist_conv_e300_L2_b64/uniform-cluster_sampling_distribution_1000.pdf
INFO:latens:saving successful
INFO:latens:tensorflow 1.12.0, keras 2.1.6-tf
INFO:latens:command: sample
INFO:latens:sampling with 'normal-cluster'
INFO:latens:clustering...
DEBUG:latens:sampler: drawing 47 points
DEBUG:latens:sampler: drawing 12 points
DEBUG:latens:sampler: drawing 6 points
DEBUG:latens:sampler: drawing 1 points
DEBUG:latens:sampler: drawing 59 points
DEBUG:latens:sampler: drawing 40 points
DEBUG:latens:sampler: drawing 24 points
DEBUG:latens:sampler: drawing 21 points
DEBUG:latens:sampler: drawing 12 points
DEBUG:latens:sampler: drawing 8 points
DEBUG:latens:sampler: drawing 7 points
DEBUG:latens:sampler: drawing 6 points
DEBUG:latens:sampler: drawing 5 points
DEBUG:latens:sampler: drawing 97 points
DEBUG:latens:sampler: drawing 70 points
DEBUG:latens:sampler: drawing 54 points
DEBUG:latens:sampler: drawing 37 points
DEBUG:latens:sampler: drawing 18 points
DEBUG:latens:sampler: drawing 10 points
DEBUG:latens:sampler: drawing 6 points
DEBUG:latens:sampler: drawing 6 points
DEBUG:latens:sampler: drawing 5 points
DEBUG:latens:sampler: drawing 4 points
DEBUG:latens:sampler: drawing 3 points
DEBUG:latens:sampler: drawing 1 points
DEBUG:latens:sampler: drawing 1 points
DEBUG:latens:sampler: drawing 1 points
DEBUG:latens:sampler: drawing 1 points
DEBUG:latens:sampler: drawing 6 points
DEBUG:latens:sampler: drawing 5 points
DEBUG:latens:sampler: drawing 4 points
DEBUG:latens:sampler: drawing 2 points
DEBUG:latens:sampler: drawing 1 points
DEBUG:latens:sampler: drawing 1 points
DEBUG:latens:sampler: drawing 1 points
DEBUG:latens:sampler: drawing 1 points
DEBUG:latens:sampler: drawing 1 points
DEBUG:latens:sampler: drawing 1 points
DEBUG:latens:sampler: drawing 1 points
DEBUG:latens:sampler: drawing 1 points
DEBUG:latens:sampler: drawing 1 points
DEBUG:latens:sampler: drawing 1 points
DEBUG:latens:sampler: drawing 1 points
DEBUG:latens:sampler: drawing 343 points
DEBUG:latens:sampler: drawing 93 points
DEBUG:latens:sampler: drawing 16 points
DEBUG:latens:sampler: drawing 5 points
DEBUG:latens:sampler: drawing 98 points
DEBUG:latens:sampler: drawing 35 points
DEBUG:latens:sampler: drawing 14 points
DEBUG:latens:sampler: drawing 7 points
DEBUG:latens:sampler: drawing 2 points
DEBUG:latens:sampler: drawing 1 points
DEBUG:latens:sampler: drawing 28 points
DEBUG:latens:sampler: drawing 25 points
DEBUG:latens:sampler: drawing 21 points
DEBUG:latens:sampler: drawing 18 points
DEBUG:latens:sampler: drawing 14 points
DEBUG:latens:sampler: drawing 11 points
DEBUG:latens:sampler: drawing 9 points
DEBUG:latens:sampler: drawing 9 points
DEBUG:latens:sampler: drawing 8 points
DEBUG:latens:sampler: drawing 8 points
DEBUG:latens:sampler: drawing 6 points
DEBUG:latens:sampler: drawing 5 points
DEBUG:latens:sampler: drawing 5 points
DEBUG:latens:sampler: drawing 2 points
DEBUG:latens:sampler: drawing 2 points
DEBUG:latens:sampler: drawing 2 points
DEBUG:latens:sampler: drawing 2 points
DEBUG:latens:sampler: drawing 1 points
DEBUG:latens:sampler: drawing 36 points
DEBUG:latens:sampler: drawing 27 points
DEBUG:latens:sampler: drawing 22 points
DEBUG:latens:sampler: drawing 19 points
DEBUG:latens:sampler: drawing 16 points
DEBUG:latens:sampler: drawing 13 points
DEBUG:latens:sampler: drawing 12 points
DEBUG:latens:sampler: drawing 8 points
DEBUG:latens:sampler: drawing 8 points
DEBUG:latens:sampler: drawing 6 points
DEBUG:latens:sampler: drawing 6 points
DEBUG:latens:sampler: drawing 6 points
DEBUG:latens:sampler: drawing 5 points
DEBUG:latens:sampler: drawing 4 points
DEBUG:latens:sampler: drawing 3 points
DEBUG:latens:sampler: drawing 3 points
DEBUG:latens:sampler: drawing 3 points
DEBUG:latens:sampler: drawing 2 points
DEBUG:latens:sampler: drawing 1 points
DEBUG:latens:sampler: drawing 277 points
DEBUG:latens:sampler: drawing 2 points
DEBUG:latens:sampler: drawing 9 points
DEBUG:latens:sampler: drawing 8 points
DEBUG:latens:sampler: drawing 7 points
DEBUG:latens:sampler: drawing 7 points
DEBUG:latens:sampler: drawing 7 points
DEBUG:latens:sampler: drawing 7 points
DEBUG:latens:sampler: drawing 7 points
DEBUG:latens:sampler: drawing 6 points
DEBUG:latens:sampler: drawing 6 points
DEBUG:latens:sampler: drawing 6 points
DEBUG:latens:sampler: drawing 6 points
DEBUG:latens:sampler: drawing 6 points
DEBUG:latens:sampler: drawing 5 points
DEBUG:latens:sampler: drawing 5 points
DEBUG:latens:sampler: drawing 5 points
DEBUG:latens:sampler: drawing 5 points
DEBUG:latens:sampler: drawing 3 points
DEBUG:latens:sampler: drawing 2 points
DEBUG:latens:sampler: drawing 1 points
DEBUG:latens:sampler: drawing 1 points
DEBUG:latens:sampler: drawing 1 points
DEBUG:latens:sampler: drawing 1 points
DEBUG:latens:sampler: drawing 1 points
DEBUG:latens:sampler: drawing 1 points
DEBUG:latens:sampler: drawing 1 points
DEBUG:latens:sampler: drawing 1 points
DEBUG:latens:sampler: drawing 1 points
DEBUG:latens:sampler: drawing 1 points
DEBUG:latens:sampler: drawing 1 points
DEBUG:latens:sampler: drawing 1 points
DEBUG:latens:sampler: drawing 1 points
DEBUG:latens:sampler: drawing 1 points
DEBUG:latens:sampler: drawing 1 points
DEBUG:latens:sampler: drawing 1 points
DEBUG:latens:sampler: drawing 1 points
DEBUG:latens:sampler: drawing 1 points
DEBUG:latens:sampler: drawing 1 points
DEBUG:latens:sampler: drawing 1 points
DEBUG:latens:sampler: drawing 1 points
DEBUG:latens:sampler: drawing 1 points
DEBUG:latens:sampler: drawing 1 points
DEBUG:latens:sampler: drawing 1 points
DEBUG:latens:sampler: drawing 1 points
DEBUG:latens:sampler: drawing 1 points
DEBUG:latens:sampler: drawing 1 points
DEBUG:latens:sampler: drawing 1 points
DEBUG:latens:sampler: drawing 1 points
DEBUG:latens:sampler: drawing 1 points
DEBUG:latens:sampler: drawing 1 points
DEBUG:latens:sampler: drawing 1 points
DEBUG:latens:sampler: drawing 1 points
DEBUG:latens:sampler: drawing 1 points
DEBUG:latens:sampler: drawing 1 points
DEBUG:latens:sampling: (50000,), 1000
INFO:latens:writing dataset to models/mnist_conv_e300_L2_b64/normal-cluster_sample_1000.tfrecord...
2019-03-15 18:12:38.411941: I tensorflow/core/platform/cpu_feature_guard.cc:141] Your CPU supports instructions that this TensorFlow binary was not compiled to use: SSE4.1 SSE4.2 AVX AVX2 FMA
2019-03-15 18:12:38.629348: I tensorflow/core/common_runtime/gpu/gpu_device.cc:1432] Found device 0 with properties: 
name: Tesla K80 major: 3 minor: 7 memoryClockRate(GHz): 0.8235
pciBusID: 0000:08:00.0
totalMemory: 11.17GiB freeMemory: 11.10GiB
2019-03-15 18:12:38.631766: I tensorflow/core/common_runtime/gpu/gpu_device.cc:1511] Adding visible gpu devices: 0
2019-03-15 18:12:38.947482: I tensorflow/core/common_runtime/gpu/gpu_device.cc:982] Device interconnect StreamExecutor with strength 1 edge matrix:
2019-03-15 18:12:38.947554: I tensorflow/core/common_runtime/gpu/gpu_device.cc:988]      0 
2019-03-15 18:12:38.947564: I tensorflow/core/common_runtime/gpu/gpu_device.cc:1001] 0:   N 
2019-03-15 18:12:38.947832: I tensorflow/core/common_runtime/gpu/gpu_device.cc:1115] Created TensorFlow device (/job:localhost/replica:0/task:0/device:GPU:0 with 10758 MB memory) -> physical GPU (device: 0, name: Tesla K80, pci bus id: 0000:08:00.0, compute capability: 3.7)
INFO:latens:wrote 1000 examples
INFO:latens:tensorflow 1.12.0, keras 2.1.6-tf
INFO:latens:command: classifier
INFO:latens:model: model
INFO:latens:layer:(None, 28, 28, 1) -> (None, 28, 28, 1):input_2
INFO:latens:layer:(None, 28, 28, 1) -> (None, 2):sequential
INFO:latens:layer:(None, 2) -> (None, 28, 28, 1):sequential_1
INFO:latens:model: sequential_4
INFO:latens:layer:(None, 28, 28, 1) -> (None, 28, 28, 64):conv2d_19
INFO:latens:layer:(None, 28, 28, 64) -> (None, 28, 28, 64):conv2d_20
INFO:latens:layer:(None, 28, 28, 64) -> (None, 14, 14, 64):max_pooling2d_2
INFO:latens:layer:(None, 14, 14, 64) -> (None, 14, 14, 64):dropout_4
INFO:latens:layer:(None, 14, 14, 64) -> (None, 14, 14, 32):conv2d_21
INFO:latens:layer:(None, 14, 14, 32) -> (None, 14, 14, 32):conv2d_22
INFO:latens:layer:(None, 14, 14, 32) -> (None, 7, 7, 32):max_pooling2d_3
INFO:latens:layer:(None, 7, 7, 32) -> (None, 7, 7, 32):dropout_5
INFO:latens:layer:(None, 7, 7, 32) -> (None, 7, 7, 32):conv2d_23
INFO:latens:layer:(None, 7, 7, 32) -> (None, 7, 7, 32):conv2d_24
INFO:latens:layer:(None, 7, 7, 32) -> (None, 1568):flatten_1
INFO:latens:layer:(None, 1568) -> (None, 1024):dense_6
INFO:latens:layer:(None, 1024) -> (None, 10):dense_7
2019-03-15 18:12:49.090323: I tensorflow/core/platform/cpu_feature_guard.cc:141] Your CPU supports instructions that this TensorFlow binary was not compiled to use: SSE4.1 SSE4.2 AVX AVX2 FMA
2019-03-15 18:12:49.307405: I tensorflow/core/common_runtime/gpu/gpu_device.cc:1432] Found device 0 with properties: 
name: Tesla K80 major: 3 minor: 7 memoryClockRate(GHz): 0.8235
pciBusID: 0000:08:00.0
totalMemory: 11.17GiB freeMemory: 11.10GiB
2019-03-15 18:12:49.307471: I tensorflow/core/common_runtime/gpu/gpu_device.cc:1511] Adding visible gpu devices: 0
2019-03-15 18:12:49.623931: I tensorflow/core/common_runtime/gpu/gpu_device.cc:982] Device interconnect StreamExecutor with strength 1 edge matrix:
2019-03-15 18:12:49.626364: I tensorflow/core/common_runtime/gpu/gpu_device.cc:988]      0 
2019-03-15 18:12:49.626410: I tensorflow/core/common_runtime/gpu/gpu_device.cc:1001] 0:   N 
2019-03-15 18:12:49.626853: I tensorflow/core/common_runtime/gpu/gpu_device.cc:1115] Created TensorFlow device (/job:localhost/replica:0/task:0/device:GPU:0 with 10758 MB memory) -> physical GPU (device: 0, name: Tesla K80, pci bus id: 0000:08:00.0, compute capability: 3.7)
INFO:latens:test accuracy: 93.5%
INFO:latens:tensorflow 1.12.0, keras 2.1.6-tf
INFO:latens:command: visualize
INFO:latens:visualizing and saving
INFO:latens:Plotting encoding...
DEBUG:latens:encodings: [[-0.03704384  0.18916784]
 [ 0.22641186  1.9294425 ]
 [-0.9902958   0.12360284]
 ...
 [-0.2070876   0.17071734]
 [-0.38287857  0.00320264]
 [-0.24144024  0.18391472]]
INFO:latens:saving encodings plot to models/mnist_conv_e300_L2_b64/encodings.pdf
INFO:latens:saving successful
INFO:latens:Plotting clusters...
INFO:latens:saving clustered encodings plot to models/mnist_conv_e300_L2_b64/clustered_encodings.pdf
INFO:latens:saving successful
INFO:latens:Plotting sampling...
INFO:latens:saving sampling plot to models/mnist_conv_e300_L2_b64/normal-cluster_sampling_1000.pdf
INFO:latens:saving successful
INFO:latens:saving distribution plot to models/mnist_conv_e300_L2_b64/normal-cluster_sampling_distribution_1000.pdf
INFO:latens:saving successful
INFO:latens:tensorflow 1.12.0, keras 2.1.6-tf
INFO:latens:command: sample
INFO:latens:sampling with 'multi-normal-cluster'
INFO:latens:clustering...
DEBUG:latens:sampler: drawing 47 points
DEBUG:latens:sampler: drawing 7 points
DEBUG:latens:sampler: drawing 1 points
DEBUG:latens:sampler: drawing 59 points
DEBUG:latens:sampler: drawing 11 points
DEBUG:latens:sampler: drawing 1 points
DEBUG:latens:sampler: drawing 1 points
DEBUG:latens:sampler: drawing 97 points
DEBUG:latens:sampler: drawing 3 points
DEBUG:latens:sampler: drawing 6 points
DEBUG:latens:sampler: drawing 3 points
DEBUG:latens:sampler: drawing 2 points
DEBUG:latens:sampler: drawing 1 points
DEBUG:latens:sampler: drawing 1 points
DEBUG:latens:sampler: drawing 1 points
DEBUG:latens:sampler: drawing 343 points
DEBUG:latens:sampler: drawing 1 points
DEBUG:latens:sampler: drawing 98 points
DEBUG:latens:sampler: drawing 11 points
DEBUG:latens:sampler: drawing 2 points
DEBUG:latens:sampler: drawing 28 points
DEBUG:latens:sampler: drawing 6 points
DEBUG:latens:sampler: drawing 36 points
DEBUG:latens:sampler: drawing 1 points
DEBUG:latens:sampler: drawing 277 points
DEBUG:latens:sampler: drawing 2 points
DEBUG:latens:sampler: drawing 9 points
DEBUG:latens:sampling: (50000,), 1000
INFO:latens:writing dataset to models/mnist_conv_e300_L2_b64/multi-normal-cluster_sample_1000.tfrecord...
2019-03-15 18:17:01.915781: I tensorflow/core/platform/cpu_feature_guard.cc:141] Your CPU supports instructions that this TensorFlow binary was not compiled to use: SSE4.1 SSE4.2 AVX AVX2 FMA
2019-03-15 18:17:02.134032: I tensorflow/core/common_runtime/gpu/gpu_device.cc:1432] Found device 0 with properties: 
name: Tesla K80 major: 3 minor: 7 memoryClockRate(GHz): 0.8235
pciBusID: 0000:08:00.0
totalMemory: 11.17GiB freeMemory: 11.10GiB
2019-03-15 18:17:02.134098: I tensorflow/core/common_runtime/gpu/gpu_device.cc:1511] Adding visible gpu devices: 0
2019-03-15 18:17:02.449841: I tensorflow/core/common_runtime/gpu/gpu_device.cc:982] Device interconnect StreamExecutor with strength 1 edge matrix:
2019-03-15 18:17:02.451953: I tensorflow/core/common_runtime/gpu/gpu_device.cc:988]      0 
2019-03-15 18:17:02.451971: I tensorflow/core/common_runtime/gpu/gpu_device.cc:1001] 0:   N 
2019-03-15 18:17:02.452271: I tensorflow/core/common_runtime/gpu/gpu_device.cc:1115] Created TensorFlow device (/job:localhost/replica:0/task:0/device:GPU:0 with 10758 MB memory) -> physical GPU (device: 0, name: Tesla K80, pci bus id: 0000:08:00.0, compute capability: 3.7)
INFO:latens:wrote 1000 examples
INFO:latens:tensorflow 1.12.0, keras 2.1.6-tf
INFO:latens:command: classifier
INFO:latens:model: model
INFO:latens:layer:(None, 28, 28, 1) -> (None, 28, 28, 1):input_2
INFO:latens:layer:(None, 28, 28, 1) -> (None, 2):sequential
INFO:latens:layer:(None, 2) -> (None, 28, 28, 1):sequential_1
INFO:latens:model: sequential_4
INFO:latens:layer:(None, 28, 28, 1) -> (None, 28, 28, 64):conv2d_19
INFO:latens:layer:(None, 28, 28, 64) -> (None, 28, 28, 64):conv2d_20
INFO:latens:layer:(None, 28, 28, 64) -> (None, 14, 14, 64):max_pooling2d_2
INFO:latens:layer:(None, 14, 14, 64) -> (None, 14, 14, 64):dropout_4
INFO:latens:layer:(None, 14, 14, 64) -> (None, 14, 14, 32):conv2d_21
INFO:latens:layer:(None, 14, 14, 32) -> (None, 14, 14, 32):conv2d_22
INFO:latens:layer:(None, 14, 14, 32) -> (None, 7, 7, 32):max_pooling2d_3
INFO:latens:layer:(None, 7, 7, 32) -> (None, 7, 7, 32):dropout_5
INFO:latens:layer:(None, 7, 7, 32) -> (None, 7, 7, 32):conv2d_23
INFO:latens:layer:(None, 7, 7, 32) -> (None, 7, 7, 32):conv2d_24
INFO:latens:layer:(None, 7, 7, 32) -> (None, 1568):flatten_1
INFO:latens:layer:(None, 1568) -> (None, 1024):dense_6
INFO:latens:layer:(None, 1024) -> (None, 10):dense_7
2019-03-15 18:17:12.660885: I tensorflow/core/platform/cpu_feature_guard.cc:141] Your CPU supports instructions that this TensorFlow binary was not compiled to use: SSE4.1 SSE4.2 AVX AVX2 FMA
2019-03-15 18:17:12.877228: I tensorflow/core/common_runtime/gpu/gpu_device.cc:1432] Found device 0 with properties: 
name: Tesla K80 major: 3 minor: 7 memoryClockRate(GHz): 0.8235
pciBusID: 0000:08:00.0
totalMemory: 11.17GiB freeMemory: 11.10GiB
2019-03-15 18:17:12.877293: I tensorflow/core/common_runtime/gpu/gpu_device.cc:1511] Adding visible gpu devices: 0
2019-03-15 18:17:13.195236: I tensorflow/core/common_runtime/gpu/gpu_device.cc:982] Device interconnect StreamExecutor with strength 1 edge matrix:
2019-03-15 18:17:13.197773: I tensorflow/core/common_runtime/gpu/gpu_device.cc:988]      0 
2019-03-15 18:17:13.197818: I tensorflow/core/common_runtime/gpu/gpu_device.cc:1001] 0:   N 
2019-03-15 18:17:13.198163: I tensorflow/core/common_runtime/gpu/gpu_device.cc:1115] Created TensorFlow device (/job:localhost/replica:0/task:0/device:GPU:0 with 10758 MB memory) -> physical GPU (device: 0, name: Tesla K80, pci bus id: 0000:08:00.0, compute capability: 3.7)
INFO:latens:test accuracy: 94.4%
INFO:latens:tensorflow 1.12.0, keras 2.1.6-tf
INFO:latens:command: visualize
INFO:latens:visualizing and saving
INFO:latens:Plotting encoding...
DEBUG:latens:encodings: [[-0.03704384  0.18916784]
 [ 0.22641186  1.9294425 ]
 [-0.9902958   0.12360284]
 ...
 [-0.2070876   0.17071734]
 [-0.38287857  0.00320264]
 [-0.24144024  0.18391472]]
INFO:latens:saving encodings plot to models/mnist_conv_e300_L2_b64/encodings.pdf
INFO:latens:saving successful
INFO:latens:Plotting clusters...
INFO:latens:saving clustered encodings plot to models/mnist_conv_e300_L2_b64/clustered_encodings.pdf
INFO:latens:saving successful
INFO:latens:Plotting sampling...
INFO:latens:saving sampling plot to models/mnist_conv_e300_L2_b64/multi-normal-cluster_sampling_1000.pdf
INFO:latens:saving successful
INFO:latens:saving distribution plot to models/mnist_conv_e300_L2_b64/multi-normal-cluster_sampling_distribution_1000.pdf
INFO:latens:saving successful
INFO:latens:tensorflow 1.12.0, keras 2.1.6-tf
INFO:latens:command: sample
INFO:latens:sampling with 'error'
INFO:latens:model: model
INFO:latens:layer:(None, 28, 28, 1) -> (None, 28, 28, 1):input_2
INFO:latens:layer:(None, 28, 28, 1) -> (None, 2):sequential
INFO:latens:layer:(None, 2) -> (None, 28, 28, 1):sequential_1
2019-03-15 18:20:00.306605: I tensorflow/core/platform/cpu_feature_guard.cc:141] Your CPU supports instructions that this TensorFlow binary was not compiled to use: SSE4.1 SSE4.2 AVX AVX2 FMA
2019-03-15 18:20:00.507490: I tensorflow/core/common_runtime/gpu/gpu_device.cc:1432] Found device 0 with properties: 
name: Tesla K80 major: 3 minor: 7 memoryClockRate(GHz): 0.8235
pciBusID: 0000:08:00.0
totalMemory: 11.17GiB freeMemory: 11.10GiB
2019-03-15 18:20:00.507558: I tensorflow/core/common_runtime/gpu/gpu_device.cc:1511] Adding visible gpu devices: 0
2019-03-15 18:20:00.822091: I tensorflow/core/common_runtime/gpu/gpu_device.cc:982] Device interconnect StreamExecutor with strength 1 edge matrix:
2019-03-15 18:20:00.824153: I tensorflow/core/common_runtime/gpu/gpu_device.cc:988]      0 
2019-03-15 18:20:00.824175: I tensorflow/core/common_runtime/gpu/gpu_device.cc:1001] 0:   N 
2019-03-15 18:20:00.824517: I tensorflow/core/common_runtime/gpu/gpu_device.cc:1115] Created TensorFlow device (/job:localhost/replica:0/task:0/device:GPU:0 with 10758 MB memory) -> physical GPU (device: 0, name: Tesla K80, pci bus id: 0000:08:00.0, compute capability: 3.7)
INFO:latens:restored model from models/mnist_conv_e300_L2_b64/autoencoder/cp-0300.hdf5
2019-03-15 18:20:15.828457: I tensorflow/core/common_runtime/gpu/gpu_device.cc:1511] Adding visible gpu devices: 0
2019-03-15 18:20:15.830694: I tensorflow/core/common_runtime/gpu/gpu_device.cc:982] Device interconnect StreamExecutor with strength 1 edge matrix:
2019-03-15 18:20:15.830717: I tensorflow/core/common_runtime/gpu/gpu_device.cc:988]      0 
2019-03-15 18:20:15.830726: I tensorflow/core/common_runtime/gpu/gpu_device.cc:1001] 0:   N 
2019-03-15 18:20:15.830937: I tensorflow/core/common_runtime/gpu/gpu_device.cc:1115] Created TensorFlow device (/job:localhost/replica:0/task:0/device:GPU:0 with 10758 MB memory) -> physical GPU (device: 0, name: Tesla K80, pci bus id: 0000:08:00.0, compute capability: 3.7)
DEBUG:latens:points: (50000,), [0.09501839 0.06968898 0.11060757 ... 1.         1.         1.        ]
DEBUG:latens:values: (50000,)
DEBUG:latens:sampling: [0 0 0 ... 0 0 1]
DEBUG:latens:sampling: (50000,), 1000
INFO:latens:writing dataset to models/mnist_conv_e300_L2_b64/error_sample_1000.tfrecord...
2019-03-15 18:20:15.970645: I tensorflow/core/common_runtime/gpu/gpu_device.cc:1511] Adding visible gpu devices: 0
2019-03-15 18:20:15.970685: I tensorflow/core/common_runtime/gpu/gpu_device.cc:982] Device interconnect StreamExecutor with strength 1 edge matrix:
2019-03-15 18:20:15.970697: I tensorflow/core/common_runtime/gpu/gpu_device.cc:988]      0 
2019-03-15 18:20:15.970705: I tensorflow/core/common_runtime/gpu/gpu_device.cc:1001] 0:   N 
2019-03-15 18:20:15.970860: I tensorflow/core/common_runtime/gpu/gpu_device.cc:1115] Created TensorFlow device (/job:localhost/replica:0/task:0/device:GPU:0 with 10758 MB memory) -> physical GPU (device: 0, name: Tesla K80, pci bus id: 0000:08:00.0, compute capability: 3.7)
INFO:latens:wrote 1000 examples
INFO:latens:tensorflow 1.12.0, keras 2.1.6-tf
INFO:latens:command: classifier
INFO:latens:model: model
INFO:latens:layer:(None, 28, 28, 1) -> (None, 28, 28, 1):input_2
INFO:latens:layer:(None, 28, 28, 1) -> (None, 2):sequential
INFO:latens:layer:(None, 2) -> (None, 28, 28, 1):sequential_1
INFO:latens:model: sequential_4
INFO:latens:layer:(None, 28, 28, 1) -> (None, 28, 28, 64):conv2d_19
INFO:latens:layer:(None, 28, 28, 64) -> (None, 28, 28, 64):conv2d_20
INFO:latens:layer:(None, 28, 28, 64) -> (None, 14, 14, 64):max_pooling2d_2
INFO:latens:layer:(None, 14, 14, 64) -> (None, 14, 14, 64):dropout_4
INFO:latens:layer:(None, 14, 14, 64) -> (None, 14, 14, 32):conv2d_21
INFO:latens:layer:(None, 14, 14, 32) -> (None, 14, 14, 32):conv2d_22
INFO:latens:layer:(None, 14, 14, 32) -> (None, 7, 7, 32):max_pooling2d_3
INFO:latens:layer:(None, 7, 7, 32) -> (None, 7, 7, 32):dropout_5
INFO:latens:layer:(None, 7, 7, 32) -> (None, 7, 7, 32):conv2d_23
INFO:latens:layer:(None, 7, 7, 32) -> (None, 7, 7, 32):conv2d_24
INFO:latens:layer:(None, 7, 7, 32) -> (None, 1568):flatten_1
INFO:latens:layer:(None, 1568) -> (None, 1024):dense_6
INFO:latens:layer:(None, 1024) -> (None, 10):dense_7
2019-03-15 18:20:26.862184: I tensorflow/core/platform/cpu_feature_guard.cc:141] Your CPU supports instructions that this TensorFlow binary was not compiled to use: SSE4.1 SSE4.2 AVX AVX2 FMA
2019-03-15 18:20:27.061210: I tensorflow/core/common_runtime/gpu/gpu_device.cc:1432] Found device 0 with properties: 
name: Tesla K80 major: 3 minor: 7 memoryClockRate(GHz): 0.8235
pciBusID: 0000:08:00.0
totalMemory: 11.17GiB freeMemory: 11.10GiB
2019-03-15 18:20:27.063447: I tensorflow/core/common_runtime/gpu/gpu_device.cc:1511] Adding visible gpu devices: 0
2019-03-15 18:20:27.384125: I tensorflow/core/common_runtime/gpu/gpu_device.cc:982] Device interconnect StreamExecutor with strength 1 edge matrix:
2019-03-15 18:20:27.384198: I tensorflow/core/common_runtime/gpu/gpu_device.cc:988]      0 
2019-03-15 18:20:27.384210: I tensorflow/core/common_runtime/gpu/gpu_device.cc:1001] 0:   N 
2019-03-15 18:20:27.384499: I tensorflow/core/common_runtime/gpu/gpu_device.cc:1115] Created TensorFlow device (/job:localhost/replica:0/task:0/device:GPU:0 with 10758 MB memory) -> physical GPU (device: 0, name: Tesla K80, pci bus id: 0000:08:00.0, compute capability: 3.7)
INFO:latens:test accuracy: 93.5%
INFO:latens:tensorflow 1.12.0, keras 2.1.6-tf
INFO:latens:command: visualize
INFO:latens:visualizing and saving
INFO:latens:Plotting encoding...
DEBUG:latens:encodings: [[-0.03704384  0.18916784]
 [ 0.22641186  1.9294425 ]
 [-0.9902958   0.12360284]
 ...
 [-0.2070876   0.17071734]
 [-0.38287857  0.00320264]
 [-0.24144024  0.18391472]]
INFO:latens:saving encodings plot to models/mnist_conv_e300_L2_b64/encodings.pdf
INFO:latens:saving successful
INFO:latens:Plotting sampling...
INFO:latens:saving sampling plot to models/mnist_conv_e300_L2_b64/error_sampling_1000.pdf
INFO:latens:saving successful
INFO:latens:saving distribution plot to models/mnist_conv_e300_L2_b64/error_sampling_distribution_1000.pdf
INFO:latens:saving successful
INFO:latens:tensorflow 1.12.0, keras 2.1.6-tf
INFO:latens:command: visualize-classifiers
INFO:latens:saving hist losses plot to models/mnist_conv_e300_L2_b64/classifier_val_losses_1000.pdf
INFO:latens:saving successful
INFO:latens:saving hist losses plot to models/mnist_conv_e300_L2_b64/classifier_val_accs_1000.pdf
INFO:latens:saving successful
INFO:latens:saving hist losses plot to models/mnist_conv_e300_L2_b64/classifier_test_losses_1000.pdf
INFO:latens:saving successful
INFO:latens:saving hist losses plot to models/mnist_conv_e300_L2_b64/classifier_test_accs_1000.pdf
INFO:latens:saving successful
INFO:latens:test accs for conv:[0.9403861464968153, 0.7270103503184714, 0.9305334394904459, 0.8959992038216561, 0.9443670382165605, 0.9350119426751592]
