Starting analysis...
Epoch 1/50

Epoch 00001: saving model to models/mnist_conv_e300_L2_b64/random_classifier_1000/cp-0001.hdf5
 - 5s - loss: 2.3012 - acc: 0.1484 - val_loss: 2.2998 - val_acc: 0.2203
Epoch 2/50

Epoch 00002: saving model to models/mnist_conv_e300_L2_b64/random_classifier_1000/cp-0002.hdf5
 - 3s - loss: 2.2979 - acc: 0.2686 - val_loss: 2.2960 - val_acc: 0.2305
Epoch 3/50

Epoch 00003: saving model to models/mnist_conv_e300_L2_b64/random_classifier_1000/cp-0003.hdf5
 - 3s - loss: 2.2932 - acc: 0.2725 - val_loss: 2.2893 - val_acc: 0.3330
Epoch 4/50

Epoch 00004: saving model to models/mnist_conv_e300_L2_b64/random_classifier_1000/cp-0004.hdf5
 - 3s - loss: 2.2825 - acc: 0.3408 - val_loss: 2.2722 - val_acc: 0.3549
Epoch 5/50

Epoch 00005: saving model to models/mnist_conv_e300_L2_b64/random_classifier_1000/cp-0005.hdf5
 - 3s - loss: 2.2498 - acc: 0.3545 - val_loss: 2.2015 - val_acc: 0.3744
Epoch 6/50

Epoch 00006: saving model to models/mnist_conv_e300_L2_b64/random_classifier_1000/cp-0006.hdf5
 - 3s - loss: 2.0066 - acc: 0.4863 - val_loss: 1.5181 - val_acc: 0.5757
Epoch 7/50

Epoch 00007: saving model to models/mnist_conv_e300_L2_b64/random_classifier_1000/cp-0007.hdf5
 - 3s - loss: 1.3090 - acc: 0.5889 - val_loss: 0.8492 - val_acc: 0.7353
Epoch 8/50

Epoch 00008: saving model to models/mnist_conv_e300_L2_b64/random_classifier_1000/cp-0008.hdf5
 - 3s - loss: 0.9250 - acc: 0.7041 - val_loss: 0.6393 - val_acc: 0.8047
Epoch 9/50

Epoch 00009: saving model to models/mnist_conv_e300_L2_b64/random_classifier_1000/cp-0009.hdf5
 - 3s - loss: 0.7058 - acc: 0.7578 - val_loss: 0.5365 - val_acc: 0.8345
Epoch 10/50

Epoch 00010: saving model to models/mnist_conv_e300_L2_b64/random_classifier_1000/cp-0010.hdf5
 - 3s - loss: 0.5431 - acc: 0.8223 - val_loss: 0.4656 - val_acc: 0.8514
Epoch 11/50

Epoch 00011: saving model to models/mnist_conv_e300_L2_b64/random_classifier_1000/cp-0011.hdf5
 - 3s - loss: 0.4947 - acc: 0.8408 - val_loss: 0.4598 - val_acc: 0.8516
Epoch 12/50

Epoch 00012: saving model to models/mnist_conv_e300_L2_b64/random_classifier_1000/cp-0012.hdf5
 - 3s - loss: 0.4395 - acc: 0.8633 - val_loss: 0.3468 - val_acc: 0.8978
Epoch 13/50

Epoch 00013: saving model to models/mnist_conv_e300_L2_b64/random_classifier_1000/cp-0013.hdf5
 - 3s - loss: 0.3806 - acc: 0.8877 - val_loss: 0.3446 - val_acc: 0.8949
Epoch 14/50

Epoch 00014: saving model to models/mnist_conv_e300_L2_b64/random_classifier_1000/cp-0014.hdf5
 - 3s - loss: 0.3364 - acc: 0.8975 - val_loss: 0.3052 - val_acc: 0.9050
Epoch 15/50

Epoch 00015: saving model to models/mnist_conv_e300_L2_b64/random_classifier_1000/cp-0015.hdf5
 - 3s - loss: 0.2969 - acc: 0.9053 - val_loss: 0.3143 - val_acc: 0.9041
Epoch 16/50

Epoch 00016: saving model to models/mnist_conv_e300_L2_b64/random_classifier_1000/cp-0016.hdf5
 - 3s - loss: 0.3004 - acc: 0.8994 - val_loss: 0.2841 - val_acc: 0.9165
Epoch 17/50

Epoch 00017: saving model to models/mnist_conv_e300_L2_b64/random_classifier_1000/cp-0017.hdf5
 - 3s - loss: 0.2315 - acc: 0.9316 - val_loss: 0.2759 - val_acc: 0.9165
Epoch 18/50

Epoch 00018: saving model to models/mnist_conv_e300_L2_b64/random_classifier_1000/cp-0018.hdf5
 - 3s - loss: 0.2398 - acc: 0.9238 - val_loss: 0.2706 - val_acc: 0.9168
Epoch 19/50

Epoch 00019: saving model to models/mnist_conv_e300_L2_b64/random_classifier_1000/cp-0019.hdf5
 - 3s - loss: 0.2126 - acc: 0.9355 - val_loss: 0.2515 - val_acc: 0.9236
Epoch 20/50

Epoch 00020: saving model to models/mnist_conv_e300_L2_b64/random_classifier_1000/cp-0020.hdf5
 - 3s - loss: 0.1944 - acc: 0.9404 - val_loss: 0.2959 - val_acc: 0.9125
Epoch 21/50

Epoch 00021: saving model to models/mnist_conv_e300_L2_b64/random_classifier_1000/cp-0021.hdf5
 - 3s - loss: 0.1479 - acc: 0.9580 - val_loss: 0.2790 - val_acc: 0.9124
Epoch 22/50

Epoch 00022: saving model to models/mnist_conv_e300_L2_b64/random_classifier_1000/cp-0022.hdf5
 - 3s - loss: 0.1612 - acc: 0.9521 - val_loss: 0.2598 - val_acc: 0.9214
Epoch 23/50

Epoch 00023: saving model to models/mnist_conv_e300_L2_b64/random_classifier_1000/cp-0023.hdf5
 - 3s - loss: 0.1399 - acc: 0.9551 - val_loss: 0.2359 - val_acc: 0.9280
Epoch 24/50

Epoch 00024: saving model to models/mnist_conv_e300_L2_b64/random_classifier_1000/cp-0024.hdf5
 - 3s - loss: 0.1351 - acc: 0.9619 - val_loss: 0.2345 - val_acc: 0.9289
Epoch 25/50

Epoch 00025: saving model to models/mnist_conv_e300_L2_b64/random_classifier_1000/cp-0025.hdf5
 - 3s - loss: 0.1347 - acc: 0.9590 - val_loss: 0.2314 - val_acc: 0.9327
Epoch 26/50

Epoch 00026: saving model to models/mnist_conv_e300_L2_b64/random_classifier_1000/cp-0026.hdf5
 - 3s - loss: 0.1251 - acc: 0.9600 - val_loss: 0.2378 - val_acc: 0.9294
Epoch 27/50

Epoch 00027: saving model to models/mnist_conv_e300_L2_b64/random_classifier_1000/cp-0027.hdf5
 - 3s - loss: 0.0962 - acc: 0.9727 - val_loss: 0.2264 - val_acc: 0.9312
Epoch 28/50

Epoch 00028: saving model to models/mnist_conv_e300_L2_b64/random_classifier_1000/cp-0028.hdf5
 - 3s - loss: 0.1066 - acc: 0.9609 - val_loss: 0.2337 - val_acc: 0.9313
Epoch 29/50

Epoch 00029: saving model to models/mnist_conv_e300_L2_b64/random_classifier_1000/cp-0029.hdf5
 - 3s - loss: 0.0932 - acc: 0.9648 - val_loss: 0.2272 - val_acc: 0.9309
Epoch 30/50

Epoch 00030: saving model to models/mnist_conv_e300_L2_b64/random_classifier_1000/cp-0030.hdf5
 - 3s - loss: 0.0856 - acc: 0.9775 - val_loss: 0.2312 - val_acc: 0.9341
Epoch 31/50

Epoch 00031: saving model to models/mnist_conv_e300_L2_b64/random_classifier_1000/cp-0031.hdf5
 - 3s - loss: 0.0926 - acc: 0.9697 - val_loss: 0.2313 - val_acc: 0.9336
Epoch 32/50

Epoch 00032: saving model to models/mnist_conv_e300_L2_b64/random_classifier_1000/cp-0032.hdf5
 - 3s - loss: 0.0714 - acc: 0.9775 - val_loss: 0.2409 - val_acc: 0.9305
Epoch 33/50

Epoch 00033: saving model to models/mnist_conv_e300_L2_b64/random_classifier_1000/cp-0033.hdf5
 - 3s - loss: 0.0586 - acc: 0.9873 - val_loss: 0.2325 - val_acc: 0.9333
Epoch 34/50

Epoch 00034: saving model to models/mnist_conv_e300_L2_b64/random_classifier_1000/cp-0034.hdf5
 - 3s - loss: 0.0679 - acc: 0.9766 - val_loss: 0.2361 - val_acc: 0.9338
Epoch 35/50

Epoch 00035: saving model to models/mnist_conv_e300_L2_b64/random_classifier_1000/cp-0035.hdf5
 - 3s - loss: 0.0654 - acc: 0.9844 - val_loss: 0.2421 - val_acc: 0.9346
Epoch 36/50

Epoch 00036: saving model to models/mnist_conv_e300_L2_b64/random_classifier_1000/cp-0036.hdf5
 - 3s - loss: 0.0571 - acc: 0.9814 - val_loss: 0.2390 - val_acc: 0.9375
Epoch 37/50

Epoch 00037: saving model to models/mnist_conv_e300_L2_b64/random_classifier_1000/cp-0037.hdf5
 - 3s - loss: 0.0627 - acc: 0.9746 - val_loss: 0.2429 - val_acc: 0.9342
Epoch 38/50

Epoch 00038: saving model to models/mnist_conv_e300_L2_b64/random_classifier_1000/cp-0038.hdf5
 - 3s - loss: 0.0475 - acc: 0.9834 - val_loss: 0.2302 - val_acc: 0.9363
Epoch 39/50

Epoch 00039: saving model to models/mnist_conv_e300_L2_b64/random_classifier_1000/cp-0039.hdf5
 - 3s - loss: 0.0448 - acc: 0.9854 - val_loss: 0.2314 - val_acc: 0.9379
Epoch 40/50

Epoch 00040: saving model to models/mnist_conv_e300_L2_b64/random_classifier_1000/cp-0040.hdf5
 - 3s - loss: 0.0621 - acc: 0.9775 - val_loss: 0.2309 - val_acc: 0.9373
Epoch 41/50

Epoch 00041: saving model to models/mnist_conv_e300_L2_b64/random_classifier_1000/cp-0041.hdf5
 - 3s - loss: 0.0475 - acc: 0.9834 - val_loss: 0.2438 - val_acc: 0.9362
Epoch 42/50

Epoch 00042: saving model to models/mnist_conv_e300_L2_b64/random_classifier_1000/cp-0042.hdf5
 - 3s - loss: 0.0442 - acc: 0.9854 - val_loss: 0.2333 - val_acc: 0.9376
Epoch 43/50

Epoch 00043: saving model to models/mnist_conv_e300_L2_b64/random_classifier_1000/cp-0043.hdf5
 - 3s - loss: 0.0306 - acc: 0.9932 - val_loss: 0.2354 - val_acc: 0.9383
Epoch 44/50

Epoch 00044: saving model to models/mnist_conv_e300_L2_b64/random_classifier_1000/cp-0044.hdf5
 - 3s - loss: 0.0438 - acc: 0.9854 - val_loss: 0.2477 - val_acc: 0.9370
Epoch 45/50

Epoch 00045: saving model to models/mnist_conv_e300_L2_b64/random_classifier_1000/cp-0045.hdf5
 - 3s - loss: 0.0377 - acc: 0.9863 - val_loss: 0.2499 - val_acc: 0.9362
Epoch 46/50

Epoch 00046: saving model to models/mnist_conv_e300_L2_b64/random_classifier_1000/cp-0046.hdf5
 - 3s - loss: 0.0368 - acc: 0.9863 - val_loss: 0.2425 - val_acc: 0.9387
Epoch 47/50

Epoch 00047: saving model to models/mnist_conv_e300_L2_b64/random_classifier_1000/cp-0047.hdf5
 - 3s - loss: 0.0392 - acc: 0.9863 - val_loss: 0.2537 - val_acc: 0.9370
Epoch 48/50

Epoch 00048: saving model to models/mnist_conv_e300_L2_b64/random_classifier_1000/cp-0048.hdf5
 - 3s - loss: 0.0322 - acc: 0.9902 - val_loss: 0.2449 - val_acc: 0.9388
Epoch 49/50

Epoch 00049: saving model to models/mnist_conv_e300_L2_b64/random_classifier_1000/cp-0049.hdf5
 - 3s - loss: 0.0321 - acc: 0.9912 - val_loss: 0.2475 - val_acc: 0.9385
Epoch 50/50

Epoch 00050: saving model to models/mnist_conv_e300_L2_b64/random_classifier_1000/cp-0050.hdf5
 - 3s - loss: 0.0341 - acc: 0.9912 - val_loss: 0.2454 - val_acc: 0.9397
Epoch 1/50

Epoch 00001: saving model to models/mnist_conv_e300_L2_b64/normal_classifier_1000/cp-0001.hdf5
 - 5s - loss: 2.2966 - acc: 0.1680 - val_loss: 2.3000 - val_acc: 0.1521
Epoch 2/50

Epoch 00002: saving model to models/mnist_conv_e300_L2_b64/normal_classifier_1000/cp-0002.hdf5
 - 3s - loss: 2.2787 - acc: 0.2783 - val_loss: 2.2936 - val_acc: 0.2093
Epoch 3/50

Epoch 00003: saving model to models/mnist_conv_e300_L2_b64/normal_classifier_1000/cp-0003.hdf5
 - 3s - loss: 2.2307 - acc: 0.3350 - val_loss: 2.2827 - val_acc: 0.2629
Epoch 4/50

Epoch 00004: saving model to models/mnist_conv_e300_L2_b64/normal_classifier_1000/cp-0004.hdf5
 - 3s - loss: 2.0877 - acc: 0.3867 - val_loss: 2.2020 - val_acc: 0.2738
Epoch 5/50

Epoch 00005: saving model to models/mnist_conv_e300_L2_b64/normal_classifier_1000/cp-0005.hdf5
 - 3s - loss: 1.7619 - acc: 0.4258 - val_loss: 1.7101 - val_acc: 0.4247
Epoch 6/50

Epoch 00006: saving model to models/mnist_conv_e300_L2_b64/normal_classifier_1000/cp-0006.hdf5
 - 3s - loss: 1.4047 - acc: 0.5342 - val_loss: 1.1404 - val_acc: 0.6545
Epoch 7/50

Epoch 00007: saving model to models/mnist_conv_e300_L2_b64/normal_classifier_1000/cp-0007.hdf5
 - 3s - loss: 1.1681 - acc: 0.6104 - val_loss: 1.1975 - val_acc: 0.6120
Epoch 8/50

Epoch 00008: saving model to models/mnist_conv_e300_L2_b64/normal_classifier_1000/cp-0008.hdf5
 - 3s - loss: 0.9640 - acc: 0.6816 - val_loss: 0.8038 - val_acc: 0.7510
Epoch 9/50

Epoch 00009: saving model to models/mnist_conv_e300_L2_b64/normal_classifier_1000/cp-0009.hdf5
 - 3s - loss: 0.8338 - acc: 0.7295 - val_loss: 0.8603 - val_acc: 0.7079
Epoch 10/50

Epoch 00010: saving model to models/mnist_conv_e300_L2_b64/normal_classifier_1000/cp-0010.hdf5
 - 3s - loss: 0.7132 - acc: 0.7676 - val_loss: 0.6828 - val_acc: 0.7730
Epoch 11/50

Epoch 00011: saving model to models/mnist_conv_e300_L2_b64/normal_classifier_1000/cp-0011.hdf5
 - 3s - loss: 0.6532 - acc: 0.7891 - val_loss: 0.5871 - val_acc: 0.8133
Epoch 12/50

Epoch 00012: saving model to models/mnist_conv_e300_L2_b64/normal_classifier_1000/cp-0012.hdf5
 - 3s - loss: 0.5835 - acc: 0.8145 - val_loss: 0.6698 - val_acc: 0.7849
Epoch 13/50

Epoch 00013: saving model to models/mnist_conv_e300_L2_b64/normal_classifier_1000/cp-0013.hdf5
 - 3s - loss: 0.5069 - acc: 0.8428 - val_loss: 0.5154 - val_acc: 0.8303
Epoch 14/50

Epoch 00014: saving model to models/mnist_conv_e300_L2_b64/normal_classifier_1000/cp-0014.hdf5
 - 3s - loss: 0.4854 - acc: 0.8428 - val_loss: 0.4316 - val_acc: 0.8643
Epoch 15/50

Epoch 00015: saving model to models/mnist_conv_e300_L2_b64/normal_classifier_1000/cp-0015.hdf5
 - 3s - loss: 0.4197 - acc: 0.8730 - val_loss: 0.4232 - val_acc: 0.8636
Epoch 16/50

Epoch 00016: saving model to models/mnist_conv_e300_L2_b64/normal_classifier_1000/cp-0016.hdf5
 - 3s - loss: 0.4114 - acc: 0.8652 - val_loss: 0.4041 - val_acc: 0.8736
Epoch 17/50

Epoch 00017: saving model to models/mnist_conv_e300_L2_b64/normal_classifier_1000/cp-0017.hdf5
 - 3s - loss: 0.3504 - acc: 0.8701 - val_loss: 0.5058 - val_acc: 0.8337
Epoch 18/50

Epoch 00018: saving model to models/mnist_conv_e300_L2_b64/normal_classifier_1000/cp-0018.hdf5
 - 3s - loss: 0.3144 - acc: 0.8955 - val_loss: 0.3964 - val_acc: 0.8706
Epoch 19/50

Epoch 00019: saving model to models/mnist_conv_e300_L2_b64/normal_classifier_1000/cp-0019.hdf5
 - 3s - loss: 0.2951 - acc: 0.9023 - val_loss: 0.3688 - val_acc: 0.8842
Epoch 20/50

Epoch 00020: saving model to models/mnist_conv_e300_L2_b64/normal_classifier_1000/cp-0020.hdf5
 - 3s - loss: 0.2377 - acc: 0.9287 - val_loss: 0.3835 - val_acc: 0.8772
Epoch 21/50

Epoch 00021: saving model to models/mnist_conv_e300_L2_b64/normal_classifier_1000/cp-0021.hdf5
 - 3s - loss: 0.2579 - acc: 0.9180 - val_loss: 0.3919 - val_acc: 0.8678
Epoch 22/50

Epoch 00022: saving model to models/mnist_conv_e300_L2_b64/normal_classifier_1000/cp-0022.hdf5
 - 3s - loss: 0.2452 - acc: 0.9189 - val_loss: 0.3220 - val_acc: 0.9007
Epoch 23/50

Epoch 00023: saving model to models/mnist_conv_e300_L2_b64/normal_classifier_1000/cp-0023.hdf5
 - 3s - loss: 0.2048 - acc: 0.9316 - val_loss: 0.3620 - val_acc: 0.8827
Epoch 24/50

Epoch 00024: saving model to models/mnist_conv_e300_L2_b64/normal_classifier_1000/cp-0024.hdf5
 - 3s - loss: 0.1953 - acc: 0.9316 - val_loss: 0.3579 - val_acc: 0.8860
Epoch 25/50

Epoch 00025: saving model to models/mnist_conv_e300_L2_b64/normal_classifier_1000/cp-0025.hdf5
 - 3s - loss: 0.1815 - acc: 0.9355 - val_loss: 0.3242 - val_acc: 0.9015
Epoch 26/50

Epoch 00026: saving model to models/mnist_conv_e300_L2_b64/normal_classifier_1000/cp-0026.hdf5
 - 3s - loss: 0.1653 - acc: 0.9463 - val_loss: 0.3667 - val_acc: 0.8861
Epoch 27/50

Epoch 00027: saving model to models/mnist_conv_e300_L2_b64/normal_classifier_1000/cp-0027.hdf5
 - 3s - loss: 0.1424 - acc: 0.9482 - val_loss: 0.3579 - val_acc: 0.8932
Epoch 28/50

Epoch 00028: saving model to models/mnist_conv_e300_L2_b64/normal_classifier_1000/cp-0028.hdf5
 - 3s - loss: 0.1472 - acc: 0.9443 - val_loss: 0.3106 - val_acc: 0.9093
Epoch 29/50

Epoch 00029: saving model to models/mnist_conv_e300_L2_b64/normal_classifier_1000/cp-0029.hdf5
 - 3s - loss: 0.1193 - acc: 0.9639 - val_loss: 0.3304 - val_acc: 0.9048
Epoch 30/50

Epoch 00030: saving model to models/mnist_conv_e300_L2_b64/normal_classifier_1000/cp-0030.hdf5
 - 3s - loss: 0.1571 - acc: 0.9414 - val_loss: 0.3144 - val_acc: 0.9112
Epoch 31/50

Epoch 00031: saving model to models/mnist_conv_e300_L2_b64/normal_classifier_1000/cp-0031.hdf5
 - 3s - loss: 0.1030 - acc: 0.9678 - val_loss: 0.3838 - val_acc: 0.8850
Epoch 32/50

Epoch 00032: saving model to models/mnist_conv_e300_L2_b64/normal_classifier_1000/cp-0032.hdf5
 - 3s - loss: 0.1152 - acc: 0.9551 - val_loss: 0.3393 - val_acc: 0.9050
Epoch 33/50

Epoch 00033: saving model to models/mnist_conv_e300_L2_b64/normal_classifier_1000/cp-0033.hdf5
 - 3s - loss: 0.1158 - acc: 0.9590 - val_loss: 0.3111 - val_acc: 0.9152
Epoch 34/50

Epoch 00034: saving model to models/mnist_conv_e300_L2_b64/normal_classifier_1000/cp-0034.hdf5
 - 3s - loss: 0.1003 - acc: 0.9668 - val_loss: 0.3218 - val_acc: 0.9060
Epoch 35/50

Epoch 00035: saving model to models/mnist_conv_e300_L2_b64/normal_classifier_1000/cp-0035.hdf5
 - 3s - loss: 0.0958 - acc: 0.9697 - val_loss: 0.3558 - val_acc: 0.9006
Epoch 36/50

Epoch 00036: saving model to models/mnist_conv_e300_L2_b64/normal_classifier_1000/cp-0036.hdf5
 - 3s - loss: 0.0959 - acc: 0.9707 - val_loss: 0.3317 - val_acc: 0.9070
Epoch 37/50

Epoch 00037: saving model to models/mnist_conv_e300_L2_b64/normal_classifier_1000/cp-0037.hdf5
 - 3s - loss: 0.0686 - acc: 0.9775 - val_loss: 0.3262 - val_acc: 0.9111
Epoch 38/50

Epoch 00038: saving model to models/mnist_conv_e300_L2_b64/normal_classifier_1000/cp-0038.hdf5
 - 3s - loss: 0.0955 - acc: 0.9678 - val_loss: 0.3368 - val_acc: 0.9082
Epoch 39/50

Epoch 00039: saving model to models/mnist_conv_e300_L2_b64/normal_classifier_1000/cp-0039.hdf5
 - 3s - loss: 0.0676 - acc: 0.9775 - val_loss: 0.3554 - val_acc: 0.9066
Epoch 40/50

Epoch 00040: saving model to models/mnist_conv_e300_L2_b64/normal_classifier_1000/cp-0040.hdf5
 - 3s - loss: 0.0854 - acc: 0.9746 - val_loss: 0.3121 - val_acc: 0.9160
Epoch 41/50

Epoch 00041: saving model to models/mnist_conv_e300_L2_b64/normal_classifier_1000/cp-0041.hdf5
 - 3s - loss: 0.0755 - acc: 0.9697 - val_loss: 0.3475 - val_acc: 0.9049
Epoch 42/50

Epoch 00042: saving model to models/mnist_conv_e300_L2_b64/normal_classifier_1000/cp-0042.hdf5
 - 3s - loss: 0.0876 - acc: 0.9697 - val_loss: 0.3212 - val_acc: 0.9123
Epoch 43/50

Epoch 00043: saving model to models/mnist_conv_e300_L2_b64/normal_classifier_1000/cp-0043.hdf5
 - 3s - loss: 0.0559 - acc: 0.9805 - val_loss: 0.3466 - val_acc: 0.9113
Epoch 44/50

Epoch 00044: saving model to models/mnist_conv_e300_L2_b64/normal_classifier_1000/cp-0044.hdf5
 - 3s - loss: 0.0568 - acc: 0.9814 - val_loss: 0.3321 - val_acc: 0.9149
Epoch 45/50

Epoch 00045: saving model to models/mnist_conv_e300_L2_b64/normal_classifier_1000/cp-0045.hdf5
 - 3s - loss: 0.0659 - acc: 0.9775 - val_loss: 0.3312 - val_acc: 0.9121
Epoch 46/50

Epoch 00046: saving model to models/mnist_conv_e300_L2_b64/normal_classifier_1000/cp-0046.hdf5
 - 3s - loss: 0.0616 - acc: 0.9775 - val_loss: 0.3407 - val_acc: 0.9079
Epoch 47/50

Epoch 00047: saving model to models/mnist_conv_e300_L2_b64/normal_classifier_1000/cp-0047.hdf5
 - 3s - loss: 0.0478 - acc: 0.9854 - val_loss: 0.3475 - val_acc: 0.9131
Epoch 48/50

Epoch 00048: saving model to models/mnist_conv_e300_L2_b64/normal_classifier_1000/cp-0048.hdf5
 - 3s - loss: 0.0515 - acc: 0.9893 - val_loss: 0.3395 - val_acc: 0.9151
Epoch 49/50

Epoch 00049: saving model to models/mnist_conv_e300_L2_b64/normal_classifier_1000/cp-0049.hdf5
 - 3s - loss: 0.0478 - acc: 0.9834 - val_loss: 0.3414 - val_acc: 0.9150
Epoch 50/50

Epoch 00050: saving model to models/mnist_conv_e300_L2_b64/normal_classifier_1000/cp-0050.hdf5
 - 3s - loss: 0.0372 - acc: 0.9893 - val_loss: 0.3467 - val_acc: 0.9145
Epoch 1/50

Epoch 00001: saving model to models/mnist_conv_e300_L2_b64/multi-normal_classifier_1000/cp-0001.hdf5
 - 5s - loss: 2.2993 - acc: 0.0947 - val_loss: 2.3000 - val_acc: 0.1050
Epoch 2/50

Epoch 00002: saving model to models/mnist_conv_e300_L2_b64/multi-normal_classifier_1000/cp-0002.hdf5
 - 3s - loss: 2.2869 - acc: 0.1475 - val_loss: 2.2956 - val_acc: 0.0978
Epoch 3/50

Epoch 00003: saving model to models/mnist_conv_e300_L2_b64/multi-normal_classifier_1000/cp-0003.hdf5
 - 3s - loss: 2.2581 - acc: 0.1436 - val_loss: 2.2890 - val_acc: 0.0978
Epoch 4/50

Epoch 00004: saving model to models/mnist_conv_e300_L2_b64/multi-normal_classifier_1000/cp-0004.hdf5
 - 3s - loss: 2.1721 - acc: 0.1787 - val_loss: 2.3079 - val_acc: 0.2363
Epoch 5/50

Epoch 00005: saving model to models/mnist_conv_e300_L2_b64/multi-normal_classifier_1000/cp-0005.hdf5
 - 3s - loss: 2.0055 - acc: 0.4219 - val_loss: 1.9752 - val_acc: 0.3375
Epoch 6/50

Epoch 00006: saving model to models/mnist_conv_e300_L2_b64/multi-normal_classifier_1000/cp-0006.hdf5
 - 3s - loss: 1.5762 - acc: 0.4854 - val_loss: 1.5480 - val_acc: 0.4352
Epoch 7/50

Epoch 00007: saving model to models/mnist_conv_e300_L2_b64/multi-normal_classifier_1000/cp-0007.hdf5
 - 3s - loss: 1.2431 - acc: 0.6074 - val_loss: 1.3439 - val_acc: 0.5105
Epoch 8/50

Epoch 00008: saving model to models/mnist_conv_e300_L2_b64/multi-normal_classifier_1000/cp-0008.hdf5
 - 3s - loss: 1.0163 - acc: 0.6670 - val_loss: 0.9419 - val_acc: 0.7082
Epoch 9/50

Epoch 00009: saving model to models/mnist_conv_e300_L2_b64/multi-normal_classifier_1000/cp-0009.hdf5
 - 3s - loss: 0.7817 - acc: 0.7451 - val_loss: 0.6674 - val_acc: 0.7945
Epoch 10/50

Epoch 00010: saving model to models/mnist_conv_e300_L2_b64/multi-normal_classifier_1000/cp-0010.hdf5
 - 3s - loss: 0.6756 - acc: 0.7812 - val_loss: 0.7225 - val_acc: 0.7482
Epoch 11/50

Epoch 00011: saving model to models/mnist_conv_e300_L2_b64/multi-normal_classifier_1000/cp-0011.hdf5
 - 3s - loss: 0.6106 - acc: 0.7998 - val_loss: 0.4803 - val_acc: 0.8514
Epoch 12/50

Epoch 00012: saving model to models/mnist_conv_e300_L2_b64/multi-normal_classifier_1000/cp-0012.hdf5
 - 3s - loss: 0.5417 - acc: 0.8359 - val_loss: 0.5592 - val_acc: 0.7976
Epoch 13/50

Epoch 00013: saving model to models/mnist_conv_e300_L2_b64/multi-normal_classifier_1000/cp-0013.hdf5
 - 3s - loss: 0.4438 - acc: 0.8594 - val_loss: 0.4284 - val_acc: 0.8591
Epoch 14/50

Epoch 00014: saving model to models/mnist_conv_e300_L2_b64/multi-normal_classifier_1000/cp-0014.hdf5
 - 3s - loss: 0.4375 - acc: 0.8535 - val_loss: 0.4567 - val_acc: 0.8489
Epoch 15/50

Epoch 00015: saving model to models/mnist_conv_e300_L2_b64/multi-normal_classifier_1000/cp-0015.hdf5
 - 3s - loss: 0.4085 - acc: 0.8584 - val_loss: 0.4103 - val_acc: 0.8687
Epoch 16/50

Epoch 00016: saving model to models/mnist_conv_e300_L2_b64/multi-normal_classifier_1000/cp-0016.hdf5
 - 3s - loss: 0.3260 - acc: 0.8955 - val_loss: 0.3559 - val_acc: 0.8884
Epoch 17/50

Epoch 00017: saving model to models/mnist_conv_e300_L2_b64/multi-normal_classifier_1000/cp-0017.hdf5
 - 3s - loss: 0.2868 - acc: 0.9082 - val_loss: 0.3696 - val_acc: 0.8796
Epoch 18/50

Epoch 00018: saving model to models/mnist_conv_e300_L2_b64/multi-normal_classifier_1000/cp-0018.hdf5
 - 3s - loss: 0.2953 - acc: 0.8984 - val_loss: 0.3570 - val_acc: 0.8872
Epoch 19/50

Epoch 00019: saving model to models/mnist_conv_e300_L2_b64/multi-normal_classifier_1000/cp-0019.hdf5
 - 3s - loss: 0.2554 - acc: 0.9189 - val_loss: 0.3416 - val_acc: 0.8950
Epoch 20/50

Epoch 00020: saving model to models/mnist_conv_e300_L2_b64/multi-normal_classifier_1000/cp-0020.hdf5
 - 3s - loss: 0.2229 - acc: 0.9277 - val_loss: 0.3893 - val_acc: 0.8767
Epoch 21/50

Epoch 00021: saving model to models/mnist_conv_e300_L2_b64/multi-normal_classifier_1000/cp-0021.hdf5
 - 3s - loss: 0.2242 - acc: 0.9160 - val_loss: 0.2871 - val_acc: 0.9120
Epoch 22/50

Epoch 00022: saving model to models/mnist_conv_e300_L2_b64/multi-normal_classifier_1000/cp-0022.hdf5
 - 3s - loss: 0.2392 - acc: 0.9238 - val_loss: 0.2974 - val_acc: 0.9070
Epoch 23/50

Epoch 00023: saving model to models/mnist_conv_e300_L2_b64/multi-normal_classifier_1000/cp-0023.hdf5
 - 3s - loss: 0.1607 - acc: 0.9502 - val_loss: 0.3252 - val_acc: 0.8998
Epoch 24/50

Epoch 00024: saving model to models/mnist_conv_e300_L2_b64/multi-normal_classifier_1000/cp-0024.hdf5
 - 3s - loss: 0.1664 - acc: 0.9473 - val_loss: 0.2871 - val_acc: 0.9135
Epoch 25/50

Epoch 00025: saving model to models/mnist_conv_e300_L2_b64/multi-normal_classifier_1000/cp-0025.hdf5
 - 3s - loss: 0.1553 - acc: 0.9502 - val_loss: 0.3013 - val_acc: 0.9077
Epoch 26/50

Epoch 00026: saving model to models/mnist_conv_e300_L2_b64/multi-normal_classifier_1000/cp-0026.hdf5
 - 3s - loss: 0.1459 - acc: 0.9541 - val_loss: 0.2908 - val_acc: 0.9124
Epoch 27/50

Epoch 00027: saving model to models/mnist_conv_e300_L2_b64/multi-normal_classifier_1000/cp-0027.hdf5
 - 3s - loss: 0.1158 - acc: 0.9590 - val_loss: 0.2731 - val_acc: 0.9192
Epoch 28/50

Epoch 00028: saving model to models/mnist_conv_e300_L2_b64/multi-normal_classifier_1000/cp-0028.hdf5
 - 3s - loss: 0.1353 - acc: 0.9531 - val_loss: 0.2821 - val_acc: 0.9148
Epoch 29/50

Epoch 00029: saving model to models/mnist_conv_e300_L2_b64/multi-normal_classifier_1000/cp-0029.hdf5
 - 3s - loss: 0.1273 - acc: 0.9580 - val_loss: 0.2833 - val_acc: 0.9177
Epoch 30/50

Epoch 00030: saving model to models/mnist_conv_e300_L2_b64/multi-normal_classifier_1000/cp-0030.hdf5
 - 3s - loss: 0.1021 - acc: 0.9688 - val_loss: 0.2706 - val_acc: 0.9229
Epoch 31/50

Epoch 00031: saving model to models/mnist_conv_e300_L2_b64/multi-normal_classifier_1000/cp-0031.hdf5
 - 3s - loss: 0.1221 - acc: 0.9600 - val_loss: 0.2669 - val_acc: 0.9216
Epoch 32/50

Epoch 00032: saving model to models/mnist_conv_e300_L2_b64/multi-normal_classifier_1000/cp-0032.hdf5
 - 3s - loss: 0.0924 - acc: 0.9736 - val_loss: 0.2693 - val_acc: 0.9230
Epoch 33/50

Epoch 00033: saving model to models/mnist_conv_e300_L2_b64/multi-normal_classifier_1000/cp-0033.hdf5
 - 3s - loss: 0.0762 - acc: 0.9756 - val_loss: 0.2634 - val_acc: 0.9267
Epoch 34/50

Epoch 00034: saving model to models/mnist_conv_e300_L2_b64/multi-normal_classifier_1000/cp-0034.hdf5
 - 3s - loss: 0.0831 - acc: 0.9766 - val_loss: 0.2729 - val_acc: 0.9240
Epoch 35/50

Epoch 00035: saving model to models/mnist_conv_e300_L2_b64/multi-normal_classifier_1000/cp-0035.hdf5
 - 3s - loss: 0.0745 - acc: 0.9775 - val_loss: 0.2822 - val_acc: 0.9205
Epoch 36/50

Epoch 00036: saving model to models/mnist_conv_e300_L2_b64/multi-normal_classifier_1000/cp-0036.hdf5
 - 3s - loss: 0.0569 - acc: 0.9824 - val_loss: 0.2678 - val_acc: 0.9264
Epoch 37/50

Epoch 00037: saving model to models/mnist_conv_e300_L2_b64/multi-normal_classifier_1000/cp-0037.hdf5
 - 3s - loss: 0.0734 - acc: 0.9756 - val_loss: 0.2786 - val_acc: 0.9235
Epoch 38/50

Epoch 00038: saving model to models/mnist_conv_e300_L2_b64/multi-normal_classifier_1000/cp-0038.hdf5
 - 3s - loss: 0.0683 - acc: 0.9746 - val_loss: 0.2678 - val_acc: 0.9269
Epoch 39/50

Epoch 00039: saving model to models/mnist_conv_e300_L2_b64/multi-normal_classifier_1000/cp-0039.hdf5
 - 3s - loss: 0.0552 - acc: 0.9844 - val_loss: 0.2751 - val_acc: 0.9260
Epoch 40/50

Epoch 00040: saving model to models/mnist_conv_e300_L2_b64/multi-normal_classifier_1000/cp-0040.hdf5
 - 3s - loss: 0.0589 - acc: 0.9746 - val_loss: 0.2698 - val_acc: 0.9262
Epoch 41/50

Epoch 00041: saving model to models/mnist_conv_e300_L2_b64/multi-normal_classifier_1000/cp-0041.hdf5
 - 3s - loss: 0.0576 - acc: 0.9834 - val_loss: 0.2602 - val_acc: 0.9299
Epoch 42/50

Epoch 00042: saving model to models/mnist_conv_e300_L2_b64/multi-normal_classifier_1000/cp-0042.hdf5
 - 3s - loss: 0.0454 - acc: 0.9854 - val_loss: 0.2644 - val_acc: 0.9286
Epoch 43/50

Epoch 00043: saving model to models/mnist_conv_e300_L2_b64/multi-normal_classifier_1000/cp-0043.hdf5
 - 3s - loss: 0.0531 - acc: 0.9844 - val_loss: 0.2698 - val_acc: 0.9286
Epoch 44/50

Epoch 00044: saving model to models/mnist_conv_e300_L2_b64/multi-normal_classifier_1000/cp-0044.hdf5
 - 3s - loss: 0.0540 - acc: 0.9814 - val_loss: 0.2703 - val_acc: 0.9290
Epoch 45/50

Epoch 00045: saving model to models/mnist_conv_e300_L2_b64/multi-normal_classifier_1000/cp-0045.hdf5
 - 3s - loss: 0.0462 - acc: 0.9785 - val_loss: 0.2710 - val_acc: 0.9288
Epoch 46/50

Epoch 00046: saving model to models/mnist_conv_e300_L2_b64/multi-normal_classifier_1000/cp-0046.hdf5
 - 3s - loss: 0.0391 - acc: 0.9893 - val_loss: 0.2722 - val_acc: 0.9282
Epoch 47/50

Epoch 00047: saving model to models/mnist_conv_e300_L2_b64/multi-normal_classifier_1000/cp-0047.hdf5
 - 3s - loss: 0.0374 - acc: 0.9902 - val_loss: 0.2777 - val_acc: 0.9285
Epoch 48/50

Epoch 00048: saving model to models/mnist_conv_e300_L2_b64/multi-normal_classifier_1000/cp-0048.hdf5
 - 3s - loss: 0.0393 - acc: 0.9863 - val_loss: 0.2725 - val_acc: 0.9307
Epoch 49/50

Epoch 00049: saving model to models/mnist_conv_e300_L2_b64/multi-normal_classifier_1000/cp-0049.hdf5
 - 3s - loss: 0.0357 - acc: 0.9883 - val_loss: 0.2736 - val_acc: 0.9310
Epoch 50/50

Epoch 00050: saving model to models/mnist_conv_e300_L2_b64/multi-normal_classifier_1000/cp-0050.hdf5
 - 3s - loss: 0.0293 - acc: 0.9922 - val_loss: 0.2851 - val_acc: 0.9273
Epoch 1/50

Epoch 00001: saving model to models/mnist_conv_e300_L2_b64/uniform_classifier_1000/cp-0001.hdf5
 - 5s - loss: 2.2569 - acc: 0.2754 - val_loss: 2.3031 - val_acc: 0.0980
Epoch 2/50

Epoch 00002: saving model to models/mnist_conv_e300_L2_b64/uniform_classifier_1000/cp-0002.hdf5
 - 3s - loss: 1.9118 - acc: 0.3525 - val_loss: 2.5463 - val_acc: 0.0978
Epoch 3/50

Epoch 00003: saving model to models/mnist_conv_e300_L2_b64/uniform_classifier_1000/cp-0003.hdf5
 - 3s - loss: 1.6170 - acc: 0.4629 - val_loss: 2.7177 - val_acc: 0.2141
Epoch 4/50

Epoch 00004: saving model to models/mnist_conv_e300_L2_b64/uniform_classifier_1000/cp-0004.hdf5
 - 3s - loss: 1.1658 - acc: 0.6553 - val_loss: 2.7111 - val_acc: 0.2671
Epoch 5/50

Epoch 00005: saving model to models/mnist_conv_e300_L2_b64/uniform_classifier_1000/cp-0005.hdf5
 - 3s - loss: 0.8243 - acc: 0.7715 - val_loss: 3.3834 - val_acc: 0.2464
Epoch 6/50

Epoch 00006: saving model to models/mnist_conv_e300_L2_b64/uniform_classifier_1000/cp-0006.hdf5
 - 3s - loss: 0.5996 - acc: 0.8428 - val_loss: 3.2923 - val_acc: 0.3011
Epoch 7/50

Epoch 00007: saving model to models/mnist_conv_e300_L2_b64/uniform_classifier_1000/cp-0007.hdf5
 - 3s - loss: 0.6151 - acc: 0.8340 - val_loss: 2.2717 - val_acc: 0.3935
Epoch 8/50

Epoch 00008: saving model to models/mnist_conv_e300_L2_b64/uniform_classifier_1000/cp-0008.hdf5
 - 3s - loss: 0.4239 - acc: 0.8896 - val_loss: 2.2624 - val_acc: 0.4164
Epoch 9/50

Epoch 00009: saving model to models/mnist_conv_e300_L2_b64/uniform_classifier_1000/cp-0009.hdf5
 - 3s - loss: 0.3847 - acc: 0.8896 - val_loss: 2.4504 - val_acc: 0.4317
Epoch 10/50

Epoch 00010: saving model to models/mnist_conv_e300_L2_b64/uniform_classifier_1000/cp-0010.hdf5
 - 3s - loss: 0.3271 - acc: 0.9092 - val_loss: 2.3709 - val_acc: 0.4533
Epoch 11/50

Epoch 00011: saving model to models/mnist_conv_e300_L2_b64/uniform_classifier_1000/cp-0011.hdf5
 - 3s - loss: 0.3175 - acc: 0.9170 - val_loss: 2.2318 - val_acc: 0.4669
Epoch 12/50

Epoch 00012: saving model to models/mnist_conv_e300_L2_b64/uniform_classifier_1000/cp-0012.hdf5
 - 3s - loss: 0.2792 - acc: 0.9219 - val_loss: 2.2774 - val_acc: 0.4948
Epoch 13/50

Epoch 00013: saving model to models/mnist_conv_e300_L2_b64/uniform_classifier_1000/cp-0013.hdf5
 - 3s - loss: 0.2574 - acc: 0.9219 - val_loss: 1.9980 - val_acc: 0.5162
Epoch 14/50

Epoch 00014: saving model to models/mnist_conv_e300_L2_b64/uniform_classifier_1000/cp-0014.hdf5
 - 3s - loss: 0.2406 - acc: 0.9277 - val_loss: 1.9597 - val_acc: 0.5415
Epoch 15/50

Epoch 00015: saving model to models/mnist_conv_e300_L2_b64/uniform_classifier_1000/cp-0015.hdf5
 - 3s - loss: 0.2097 - acc: 0.9316 - val_loss: 2.2072 - val_acc: 0.5352
Epoch 16/50

Epoch 00016: saving model to models/mnist_conv_e300_L2_b64/uniform_classifier_1000/cp-0016.hdf5
 - 3s - loss: 0.2119 - acc: 0.9365 - val_loss: 2.1173 - val_acc: 0.5370
Epoch 17/50

Epoch 00017: saving model to models/mnist_conv_e300_L2_b64/uniform_classifier_1000/cp-0017.hdf5
 - 3s - loss: 0.2024 - acc: 0.9521 - val_loss: 1.7464 - val_acc: 0.5845
Epoch 18/50

Epoch 00018: saving model to models/mnist_conv_e300_L2_b64/uniform_classifier_1000/cp-0018.hdf5
 - 3s - loss: 0.1423 - acc: 0.9600 - val_loss: 1.9326 - val_acc: 0.5582
Epoch 19/50

Epoch 00019: saving model to models/mnist_conv_e300_L2_b64/uniform_classifier_1000/cp-0019.hdf5
 - 3s - loss: 0.1991 - acc: 0.9414 - val_loss: 1.7730 - val_acc: 0.5863
Epoch 20/50

Epoch 00020: saving model to models/mnist_conv_e300_L2_b64/uniform_classifier_1000/cp-0020.hdf5
 - 3s - loss: 0.1407 - acc: 0.9648 - val_loss: 1.5603 - val_acc: 0.6126
Epoch 21/50

Epoch 00021: saving model to models/mnist_conv_e300_L2_b64/uniform_classifier_1000/cp-0021.hdf5
 - 3s - loss: 0.1567 - acc: 0.9551 - val_loss: 1.6319 - val_acc: 0.6234
Epoch 22/50

Epoch 00022: saving model to models/mnist_conv_e300_L2_b64/uniform_classifier_1000/cp-0022.hdf5
 - 3s - loss: 0.1393 - acc: 0.9609 - val_loss: 1.8798 - val_acc: 0.5950
Epoch 23/50

Epoch 00023: saving model to models/mnist_conv_e300_L2_b64/uniform_classifier_1000/cp-0023.hdf5
 - 3s - loss: 0.1584 - acc: 0.9502 - val_loss: 1.8554 - val_acc: 0.6060
Epoch 24/50

Epoch 00024: saving model to models/mnist_conv_e300_L2_b64/uniform_classifier_1000/cp-0024.hdf5
 - 3s - loss: 0.1384 - acc: 0.9629 - val_loss: 1.5960 - val_acc: 0.6315
Epoch 25/50

Epoch 00025: saving model to models/mnist_conv_e300_L2_b64/uniform_classifier_1000/cp-0025.hdf5
 - 3s - loss: 0.1043 - acc: 0.9717 - val_loss: 1.7499 - val_acc: 0.6224
Epoch 26/50

Epoch 00026: saving model to models/mnist_conv_e300_L2_b64/uniform_classifier_1000/cp-0026.hdf5
 - 3s - loss: 0.1469 - acc: 0.9541 - val_loss: 1.5346 - val_acc: 0.6418
Epoch 27/50

Epoch 00027: saving model to models/mnist_conv_e300_L2_b64/uniform_classifier_1000/cp-0027.hdf5
 - 3s - loss: 0.1042 - acc: 0.9629 - val_loss: 1.5107 - val_acc: 0.6616
Epoch 28/50

Epoch 00028: saving model to models/mnist_conv_e300_L2_b64/uniform_classifier_1000/cp-0028.hdf5
 - 3s - loss: 0.0945 - acc: 0.9736 - val_loss: 1.5915 - val_acc: 0.6614
Epoch 29/50

Epoch 00029: saving model to models/mnist_conv_e300_L2_b64/uniform_classifier_1000/cp-0029.hdf5
 - 3s - loss: 0.1050 - acc: 0.9697 - val_loss: 1.5982 - val_acc: 0.6455
Epoch 30/50

Epoch 00030: saving model to models/mnist_conv_e300_L2_b64/uniform_classifier_1000/cp-0030.hdf5
 - 3s - loss: 0.0899 - acc: 0.9717 - val_loss: 1.6435 - val_acc: 0.6456
Epoch 31/50

Epoch 00031: saving model to models/mnist_conv_e300_L2_b64/uniform_classifier_1000/cp-0031.hdf5
 - 3s - loss: 0.0953 - acc: 0.9707 - val_loss: 1.5045 - val_acc: 0.6689
Epoch 32/50

Epoch 00032: saving model to models/mnist_conv_e300_L2_b64/uniform_classifier_1000/cp-0032.hdf5
 - 3s - loss: 0.0987 - acc: 0.9688 - val_loss: 1.5240 - val_acc: 0.6658
Epoch 33/50

Epoch 00033: saving model to models/mnist_conv_e300_L2_b64/uniform_classifier_1000/cp-0033.hdf5
 - 3s - loss: 0.0729 - acc: 0.9805 - val_loss: 1.5319 - val_acc: 0.6725
Epoch 34/50

Epoch 00034: saving model to models/mnist_conv_e300_L2_b64/uniform_classifier_1000/cp-0034.hdf5
 - 3s - loss: 0.0738 - acc: 0.9766 - val_loss: 1.5644 - val_acc: 0.6666
Epoch 35/50

Epoch 00035: saving model to models/mnist_conv_e300_L2_b64/uniform_classifier_1000/cp-0035.hdf5
 - 3s - loss: 0.0756 - acc: 0.9756 - val_loss: 1.4638 - val_acc: 0.6776
Epoch 36/50

Epoch 00036: saving model to models/mnist_conv_e300_L2_b64/uniform_classifier_1000/cp-0036.hdf5
 - 3s - loss: 0.0816 - acc: 0.9697 - val_loss: 1.5243 - val_acc: 0.6668
Epoch 37/50

Epoch 00037: saving model to models/mnist_conv_e300_L2_b64/uniform_classifier_1000/cp-0037.hdf5
 - 3s - loss: 0.0701 - acc: 0.9756 - val_loss: 1.4726 - val_acc: 0.6802
Epoch 38/50

Epoch 00038: saving model to models/mnist_conv_e300_L2_b64/uniform_classifier_1000/cp-0038.hdf5
 - 3s - loss: 0.0546 - acc: 0.9844 - val_loss: 1.5248 - val_acc: 0.6867
Epoch 39/50

Epoch 00039: saving model to models/mnist_conv_e300_L2_b64/uniform_classifier_1000/cp-0039.hdf5
 - 3s - loss: 0.0577 - acc: 0.9814 - val_loss: 1.5076 - val_acc: 0.6961
Epoch 40/50

Epoch 00040: saving model to models/mnist_conv_e300_L2_b64/uniform_classifier_1000/cp-0040.hdf5
 - 3s - loss: 0.0464 - acc: 0.9844 - val_loss: 1.5821 - val_acc: 0.6872
Epoch 41/50

Epoch 00041: saving model to models/mnist_conv_e300_L2_b64/uniform_classifier_1000/cp-0041.hdf5
 - 3s - loss: 0.0581 - acc: 0.9785 - val_loss: 1.4401 - val_acc: 0.7026
Epoch 42/50

Epoch 00042: saving model to models/mnist_conv_e300_L2_b64/uniform_classifier_1000/cp-0042.hdf5
 - 3s - loss: 0.0542 - acc: 0.9844 - val_loss: 1.7115 - val_acc: 0.6757
Epoch 43/50

Epoch 00043: saving model to models/mnist_conv_e300_L2_b64/uniform_classifier_1000/cp-0043.hdf5
 - 3s - loss: 0.0522 - acc: 0.9854 - val_loss: 1.5714 - val_acc: 0.6930
Epoch 44/50

Epoch 00044: saving model to models/mnist_conv_e300_L2_b64/uniform_classifier_1000/cp-0044.hdf5
 - 3s - loss: 0.0360 - acc: 0.9873 - val_loss: 1.5554 - val_acc: 0.6975
Epoch 45/50

Epoch 00045: saving model to models/mnist_conv_e300_L2_b64/uniform_classifier_1000/cp-0045.hdf5
 - 3s - loss: 0.0422 - acc: 0.9873 - val_loss: 1.5035 - val_acc: 0.7070
Epoch 46/50

Epoch 00046: saving model to models/mnist_conv_e300_L2_b64/uniform_classifier_1000/cp-0046.hdf5
 - 3s - loss: 0.0473 - acc: 0.9844 - val_loss: 1.6577 - val_acc: 0.6901
Epoch 47/50

Epoch 00047: saving model to models/mnist_conv_e300_L2_b64/uniform_classifier_1000/cp-0047.hdf5
 - 3s - loss: 0.0444 - acc: 0.9844 - val_loss: 1.4600 - val_acc: 0.7130
Epoch 48/50

Epoch 00048: saving model to models/mnist_conv_e300_L2_b64/uniform_classifier_1000/cp-0048.hdf5
 - 3s - loss: 0.0284 - acc: 0.9902 - val_loss: 1.5514 - val_acc: 0.7025
Epoch 49/50

Epoch 00049: saving model to models/mnist_conv_e300_L2_b64/uniform_classifier_1000/cp-0049.hdf5
 - 3s - loss: 0.0382 - acc: 0.9854 - val_loss: 1.6203 - val_acc: 0.6966
Epoch 50/50

Epoch 00050: saving model to models/mnist_conv_e300_L2_b64/uniform_classifier_1000/cp-0050.hdf5
 - 3s - loss: 0.0404 - acc: 0.9854 - val_loss: 1.5596 - val_acc: 0.7151
Epoch 1/50

Epoch 00001: saving model to models/mnist_conv_e300_L2_b64/uniform-cluster_classifier_1000/cp-0001.hdf5
 - 5s - loss: 2.3004 - acc: 0.1436 - val_loss: 2.3007 - val_acc: 0.0892
Epoch 2/50

Epoch 00002: saving model to models/mnist_conv_e300_L2_b64/uniform-cluster_classifier_1000/cp-0002.hdf5
 - 3s - loss: 2.2929 - acc: 0.1455 - val_loss: 2.2976 - val_acc: 0.0891
Epoch 3/50

Epoch 00003: saving model to models/mnist_conv_e300_L2_b64/uniform-cluster_classifier_1000/cp-0003.hdf5
 - 3s - loss: 2.2800 - acc: 0.1543 - val_loss: 2.2925 - val_acc: 0.0893
Epoch 4/50

Epoch 00004: saving model to models/mnist_conv_e300_L2_b64/uniform-cluster_classifier_1000/cp-0004.hdf5
 - 3s - loss: 2.2523 - acc: 0.1494 - val_loss: 2.2829 - val_acc: 0.0896
Epoch 5/50

Epoch 00005: saving model to models/mnist_conv_e300_L2_b64/uniform-cluster_classifier_1000/cp-0005.hdf5
 - 3s - loss: 2.1969 - acc: 0.1826 - val_loss: 2.1897 - val_acc: 0.1863
Epoch 6/50

Epoch 00006: saving model to models/mnist_conv_e300_L2_b64/uniform-cluster_classifier_1000/cp-0006.hdf5
 - 3s - loss: 1.9648 - acc: 0.3506 - val_loss: 1.7632 - val_acc: 0.3364
Epoch 7/50

Epoch 00007: saving model to models/mnist_conv_e300_L2_b64/uniform-cluster_classifier_1000/cp-0007.hdf5
 - 3s - loss: 1.5535 - acc: 0.4873 - val_loss: 1.4292 - val_acc: 0.4873
Epoch 8/50

Epoch 00008: saving model to models/mnist_conv_e300_L2_b64/uniform-cluster_classifier_1000/cp-0008.hdf5
 - 3s - loss: 1.3268 - acc: 0.5508 - val_loss: 1.1598 - val_acc: 0.6045
Epoch 9/50

Epoch 00009: saving model to models/mnist_conv_e300_L2_b64/uniform-cluster_classifier_1000/cp-0009.hdf5
 - 3s - loss: 1.1239 - acc: 0.6377 - val_loss: 0.9740 - val_acc: 0.6943
Epoch 10/50

Epoch 00010: saving model to models/mnist_conv_e300_L2_b64/uniform-cluster_classifier_1000/cp-0010.hdf5
 - 3s - loss: 0.9338 - acc: 0.6914 - val_loss: 0.8018 - val_acc: 0.7385
Epoch 11/50

Epoch 00011: saving model to models/mnist_conv_e300_L2_b64/uniform-cluster_classifier_1000/cp-0011.hdf5
 - 3s - loss: 0.8530 - acc: 0.7256 - val_loss: 0.6853 - val_acc: 0.7772
Epoch 12/50

Epoch 00012: saving model to models/mnist_conv_e300_L2_b64/uniform-cluster_classifier_1000/cp-0012.hdf5
 - 3s - loss: 0.7469 - acc: 0.7734 - val_loss: 0.7790 - val_acc: 0.7464
Epoch 13/50

Epoch 00013: saving model to models/mnist_conv_e300_L2_b64/uniform-cluster_classifier_1000/cp-0013.hdf5
 - 3s - loss: 0.6818 - acc: 0.7939 - val_loss: 0.5886 - val_acc: 0.8021
Epoch 14/50

Epoch 00014: saving model to models/mnist_conv_e300_L2_b64/uniform-cluster_classifier_1000/cp-0014.hdf5
 - 3s - loss: 0.6689 - acc: 0.7705 - val_loss: 0.5967 - val_acc: 0.7989
Epoch 15/50

Epoch 00015: saving model to models/mnist_conv_e300_L2_b64/uniform-cluster_classifier_1000/cp-0015.hdf5
 - 3s - loss: 0.5195 - acc: 0.8242 - val_loss: 0.5060 - val_acc: 0.8230
Epoch 16/50

Epoch 00016: saving model to models/mnist_conv_e300_L2_b64/uniform-cluster_classifier_1000/cp-0016.hdf5
 - 3s - loss: 0.5406 - acc: 0.8145 - val_loss: 0.4813 - val_acc: 0.8382
Epoch 17/50

Epoch 00017: saving model to models/mnist_conv_e300_L2_b64/uniform-cluster_classifier_1000/cp-0017.hdf5
 - 3s - loss: 0.4281 - acc: 0.8652 - val_loss: 0.5264 - val_acc: 0.8209
Epoch 18/50

Epoch 00018: saving model to models/mnist_conv_e300_L2_b64/uniform-cluster_classifier_1000/cp-0018.hdf5
 - 3s - loss: 0.3818 - acc: 0.8750 - val_loss: 0.4268 - val_acc: 0.8531
Epoch 19/50

Epoch 00019: saving model to models/mnist_conv_e300_L2_b64/uniform-cluster_classifier_1000/cp-0019.hdf5
 - 3s - loss: 0.4035 - acc: 0.8672 - val_loss: 0.4426 - val_acc: 0.8547
Epoch 20/50

Epoch 00020: saving model to models/mnist_conv_e300_L2_b64/uniform-cluster_classifier_1000/cp-0020.hdf5
 - 3s - loss: 0.3125 - acc: 0.8955 - val_loss: 0.4627 - val_acc: 0.8477
Epoch 21/50

Epoch 00021: saving model to models/mnist_conv_e300_L2_b64/uniform-cluster_classifier_1000/cp-0021.hdf5
 - 3s - loss: 0.2938 - acc: 0.8975 - val_loss: 0.4266 - val_acc: 0.8592
Epoch 22/50

Epoch 00022: saving model to models/mnist_conv_e300_L2_b64/uniform-cluster_classifier_1000/cp-0022.hdf5
 - 3s - loss: 0.2787 - acc: 0.8994 - val_loss: 0.3764 - val_acc: 0.8725
Epoch 23/50

Epoch 00023: saving model to models/mnist_conv_e300_L2_b64/uniform-cluster_classifier_1000/cp-0023.hdf5
 - 3s - loss: 0.2284 - acc: 0.9307 - val_loss: 0.3652 - val_acc: 0.8801
Epoch 24/50

Epoch 00024: saving model to models/mnist_conv_e300_L2_b64/uniform-cluster_classifier_1000/cp-0024.hdf5
 - 3s - loss: 0.2380 - acc: 0.9189 - val_loss: 0.4280 - val_acc: 0.8621
Epoch 25/50

Epoch 00025: saving model to models/mnist_conv_e300_L2_b64/uniform-cluster_classifier_1000/cp-0025.hdf5
 - 3s - loss: 0.2302 - acc: 0.9229 - val_loss: 0.3827 - val_acc: 0.8739
Epoch 26/50

Epoch 00026: saving model to models/mnist_conv_e300_L2_b64/uniform-cluster_classifier_1000/cp-0026.hdf5
 - 3s - loss: 0.1883 - acc: 0.9346 - val_loss: 0.3853 - val_acc: 0.8734
Epoch 27/50

Epoch 00027: saving model to models/mnist_conv_e300_L2_b64/uniform-cluster_classifier_1000/cp-0027.hdf5
 - 3s - loss: 0.1734 - acc: 0.9463 - val_loss: 0.4177 - val_acc: 0.8707
Epoch 28/50

Epoch 00028: saving model to models/mnist_conv_e300_L2_b64/uniform-cluster_classifier_1000/cp-0028.hdf5
 - 3s - loss: 0.1686 - acc: 0.9443 - val_loss: 0.4120 - val_acc: 0.8703
Epoch 29/50

Epoch 00029: saving model to models/mnist_conv_e300_L2_b64/uniform-cluster_classifier_1000/cp-0029.hdf5
 - 3s - loss: 0.1510 - acc: 0.9434 - val_loss: 0.3941 - val_acc: 0.8769
Epoch 30/50

Epoch 00030: saving model to models/mnist_conv_e300_L2_b64/uniform-cluster_classifier_1000/cp-0030.hdf5
 - 3s - loss: 0.1178 - acc: 0.9629 - val_loss: 0.4315 - val_acc: 0.8705
Epoch 31/50

Epoch 00031: saving model to models/mnist_conv_e300_L2_b64/uniform-cluster_classifier_1000/cp-0031.hdf5
 - 3s - loss: 0.1282 - acc: 0.9521 - val_loss: 0.3438 - val_acc: 0.8934
Epoch 32/50

Epoch 00032: saving model to models/mnist_conv_e300_L2_b64/uniform-cluster_classifier_1000/cp-0032.hdf5
 - 3s - loss: 0.1236 - acc: 0.9619 - val_loss: 0.3943 - val_acc: 0.8876
Epoch 33/50

Epoch 00033: saving model to models/mnist_conv_e300_L2_b64/uniform-cluster_classifier_1000/cp-0033.hdf5
 - 3s - loss: 0.0858 - acc: 0.9697 - val_loss: 0.3751 - val_acc: 0.8907
Epoch 34/50

Epoch 00034: saving model to models/mnist_conv_e300_L2_b64/uniform-cluster_classifier_1000/cp-0034.hdf5
 - 3s - loss: 0.0832 - acc: 0.9727 - val_loss: 0.3166 - val_acc: 0.9035
Epoch 35/50

Epoch 00035: saving model to models/mnist_conv_e300_L2_b64/uniform-cluster_classifier_1000/cp-0035.hdf5
 - 3s - loss: 0.0755 - acc: 0.9766 - val_loss: 0.3606 - val_acc: 0.8981
Epoch 36/50

Epoch 00036: saving model to models/mnist_conv_e300_L2_b64/uniform-cluster_classifier_1000/cp-0036.hdf5
 - 3s - loss: 0.0934 - acc: 0.9658 - val_loss: 0.3656 - val_acc: 0.8944
Epoch 37/50

Epoch 00037: saving model to models/mnist_conv_e300_L2_b64/uniform-cluster_classifier_1000/cp-0037.hdf5
 - 3s - loss: 0.0651 - acc: 0.9805 - val_loss: 0.3671 - val_acc: 0.8982
Epoch 38/50

Epoch 00038: saving model to models/mnist_conv_e300_L2_b64/uniform-cluster_classifier_1000/cp-0038.hdf5
 - 3s - loss: 0.0799 - acc: 0.9707 - val_loss: 0.3387 - val_acc: 0.9033
Epoch 39/50

Epoch 00039: saving model to models/mnist_conv_e300_L2_b64/uniform-cluster_classifier_1000/cp-0039.hdf5
 - 3s - loss: 0.0650 - acc: 0.9805 - val_loss: 0.3792 - val_acc: 0.8956
Epoch 40/50

Epoch 00040: saving model to models/mnist_conv_e300_L2_b64/uniform-cluster_classifier_1000/cp-0040.hdf5
 - 3s - loss: 0.0595 - acc: 0.9844 - val_loss: 0.3388 - val_acc: 0.9023
Epoch 41/50

Epoch 00041: saving model to models/mnist_conv_e300_L2_b64/uniform-cluster_classifier_1000/cp-0041.hdf5
 - 3s - loss: 0.0597 - acc: 0.9873 - val_loss: 0.3551 - val_acc: 0.9021
Epoch 42/50

Epoch 00042: saving model to models/mnist_conv_e300_L2_b64/uniform-cluster_classifier_1000/cp-0042.hdf5
 - 3s - loss: 0.0558 - acc: 0.9824 - val_loss: 0.3555 - val_acc: 0.9031
Epoch 43/50

Epoch 00043: saving model to models/mnist_conv_e300_L2_b64/uniform-cluster_classifier_1000/cp-0043.hdf5
 - 3s - loss: 0.0440 - acc: 0.9883 - val_loss: 0.3697 - val_acc: 0.9000
Epoch 44/50

Epoch 00044: saving model to models/mnist_conv_e300_L2_b64/uniform-cluster_classifier_1000/cp-0044.hdf5
 - 3s - loss: 0.0439 - acc: 0.9844 - val_loss: 0.3631 - val_acc: 0.9030
Epoch 45/50

Epoch 00045: saving model to models/mnist_conv_e300_L2_b64/uniform-cluster_classifier_1000/cp-0045.hdf5
 - 3s - loss: 0.0499 - acc: 0.9863 - val_loss: 0.3659 - val_acc: 0.9012
Epoch 46/50

Epoch 00046: saving model to models/mnist_conv_e300_L2_b64/uniform-cluster_classifier_1000/cp-0046.hdf5
 - 3s - loss: 0.0573 - acc: 0.9814 - val_loss: 0.3967 - val_acc: 0.8952
Epoch 47/50

Epoch 00047: saving model to models/mnist_conv_e300_L2_b64/uniform-cluster_classifier_1000/cp-0047.hdf5
 - 3s - loss: 0.0525 - acc: 0.9805 - val_loss: 0.3890 - val_acc: 0.8935
Epoch 48/50

Epoch 00048: saving model to models/mnist_conv_e300_L2_b64/uniform-cluster_classifier_1000/cp-0048.hdf5
 - 3s - loss: 0.0610 - acc: 0.9844 - val_loss: 0.3703 - val_acc: 0.9009
Epoch 49/50

Epoch 00049: saving model to models/mnist_conv_e300_L2_b64/uniform-cluster_classifier_1000/cp-0049.hdf5
 - 3s - loss: 0.0457 - acc: 0.9873 - val_loss: 0.3471 - val_acc: 0.9060
Epoch 50/50

Epoch 00050: saving model to models/mnist_conv_e300_L2_b64/uniform-cluster_classifier_1000/cp-0050.hdf5
 - 3s - loss: 0.0464 - acc: 0.9902 - val_loss: 0.4050 - val_acc: 0.8905
Epoch 1/50

Epoch 00001: saving model to models/mnist_conv_e300_L2_b64/normal-cluster_classifier_1000/cp-0001.hdf5
 - 5s - loss: 2.2966 - acc: 0.1494 - val_loss: 2.2998 - val_acc: 0.1032
Epoch 2/50

Epoch 00002: saving model to models/mnist_conv_e300_L2_b64/normal-cluster_classifier_1000/cp-0002.hdf5
 - 3s - loss: 2.2777 - acc: 0.1709 - val_loss: 2.2974 - val_acc: 0.1030
Epoch 3/50

Epoch 00003: saving model to models/mnist_conv_e300_L2_b64/normal-cluster_classifier_1000/cp-0003.hdf5
 - 3s - loss: 2.2344 - acc: 0.1719 - val_loss: 2.3181 - val_acc: 0.1029
Epoch 4/50

Epoch 00004: saving model to models/mnist_conv_e300_L2_b64/normal-cluster_classifier_1000/cp-0004.hdf5
 - 3s - loss: 2.2025 - acc: 0.1650 - val_loss: 2.3009 - val_acc: 0.1045
Epoch 5/50

Epoch 00005: saving model to models/mnist_conv_e300_L2_b64/normal-cluster_classifier_1000/cp-0005.hdf5
 - 3s - loss: 2.1245 - acc: 0.2393 - val_loss: 2.1445 - val_acc: 0.2078
Epoch 6/50

Epoch 00006: saving model to models/mnist_conv_e300_L2_b64/normal-cluster_classifier_1000/cp-0006.hdf5
 - 3s - loss: 1.8896 - acc: 0.3672 - val_loss: 1.8780 - val_acc: 0.3342
Epoch 7/50

Epoch 00007: saving model to models/mnist_conv_e300_L2_b64/normal-cluster_classifier_1000/cp-0007.hdf5
 - 3s - loss: 1.6557 - acc: 0.4297 - val_loss: 1.4065 - val_acc: 0.5447
Epoch 8/50

Epoch 00008: saving model to models/mnist_conv_e300_L2_b64/normal-cluster_classifier_1000/cp-0008.hdf5
 - 3s - loss: 1.3605 - acc: 0.5498 - val_loss: 1.1269 - val_acc: 0.6342
Epoch 9/50

Epoch 00009: saving model to models/mnist_conv_e300_L2_b64/normal-cluster_classifier_1000/cp-0009.hdf5
 - 3s - loss: 1.1798 - acc: 0.5996 - val_loss: 0.9286 - val_acc: 0.6956
Epoch 10/50

Epoch 00010: saving model to models/mnist_conv_e300_L2_b64/normal-cluster_classifier_1000/cp-0010.hdf5
 - 3s - loss: 1.0517 - acc: 0.6494 - val_loss: 0.7577 - val_acc: 0.7753
Epoch 11/50

Epoch 00011: saving model to models/mnist_conv_e300_L2_b64/normal-cluster_classifier_1000/cp-0011.hdf5
 - 3s - loss: 0.9008 - acc: 0.6855 - val_loss: 0.7032 - val_acc: 0.7801
Epoch 12/50

Epoch 00012: saving model to models/mnist_conv_e300_L2_b64/normal-cluster_classifier_1000/cp-0012.hdf5
 - 3s - loss: 0.8739 - acc: 0.7041 - val_loss: 0.6045 - val_acc: 0.8065
Epoch 13/50

Epoch 00013: saving model to models/mnist_conv_e300_L2_b64/normal-cluster_classifier_1000/cp-0013.hdf5
 - 3s - loss: 0.6735 - acc: 0.7695 - val_loss: 0.5519 - val_acc: 0.8268
Epoch 14/50

Epoch 00014: saving model to models/mnist_conv_e300_L2_b64/normal-cluster_classifier_1000/cp-0014.hdf5
 - 3s - loss: 0.6634 - acc: 0.7734 - val_loss: 0.4977 - val_acc: 0.8437
Epoch 15/50

Epoch 00015: saving model to models/mnist_conv_e300_L2_b64/normal-cluster_classifier_1000/cp-0015.hdf5
 - 3s - loss: 0.6051 - acc: 0.7998 - val_loss: 0.4635 - val_acc: 0.8498
Epoch 16/50

Epoch 00016: saving model to models/mnist_conv_e300_L2_b64/normal-cluster_classifier_1000/cp-0016.hdf5
 - 3s - loss: 0.5489 - acc: 0.8232 - val_loss: 0.4141 - val_acc: 0.8722
Epoch 17/50

Epoch 00017: saving model to models/mnist_conv_e300_L2_b64/normal-cluster_classifier_1000/cp-0017.hdf5
 - 3s - loss: 0.5152 - acc: 0.8232 - val_loss: 0.4298 - val_acc: 0.8650
Epoch 18/50

Epoch 00018: saving model to models/mnist_conv_e300_L2_b64/normal-cluster_classifier_1000/cp-0018.hdf5
 - 3s - loss: 0.4774 - acc: 0.8389 - val_loss: 0.4062 - val_acc: 0.8755
Epoch 19/50

Epoch 00019: saving model to models/mnist_conv_e300_L2_b64/normal-cluster_classifier_1000/cp-0019.hdf5
 - 3s - loss: 0.4177 - acc: 0.8691 - val_loss: 0.3391 - val_acc: 0.8945
Epoch 20/50

Epoch 00020: saving model to models/mnist_conv_e300_L2_b64/normal-cluster_classifier_1000/cp-0020.hdf5
 - 3s - loss: 0.3230 - acc: 0.8906 - val_loss: 0.3502 - val_acc: 0.8913
Epoch 21/50

Epoch 00021: saving model to models/mnist_conv_e300_L2_b64/normal-cluster_classifier_1000/cp-0021.hdf5
 - 3s - loss: 0.3466 - acc: 0.8916 - val_loss: 0.3404 - val_acc: 0.8977
Epoch 22/50

Epoch 00022: saving model to models/mnist_conv_e300_L2_b64/normal-cluster_classifier_1000/cp-0022.hdf5
 - 3s - loss: 0.3215 - acc: 0.9004 - val_loss: 0.3331 - val_acc: 0.9011
Epoch 23/50

Epoch 00023: saving model to models/mnist_conv_e300_L2_b64/normal-cluster_classifier_1000/cp-0023.hdf5
 - 3s - loss: 0.2736 - acc: 0.9111 - val_loss: 0.2999 - val_acc: 0.9101
Epoch 24/50

Epoch 00024: saving model to models/mnist_conv_e300_L2_b64/normal-cluster_classifier_1000/cp-0024.hdf5
 - 3s - loss: 0.2663 - acc: 0.9219 - val_loss: 0.2760 - val_acc: 0.9147
Epoch 25/50

Epoch 00025: saving model to models/mnist_conv_e300_L2_b64/normal-cluster_classifier_1000/cp-0025.hdf5
 - 3s - loss: 0.2083 - acc: 0.9277 - val_loss: 0.3032 - val_acc: 0.9054
Epoch 26/50

Epoch 00026: saving model to models/mnist_conv_e300_L2_b64/normal-cluster_classifier_1000/cp-0026.hdf5
 - 3s - loss: 0.2737 - acc: 0.9072 - val_loss: 0.2797 - val_acc: 0.9143
Epoch 27/50

Epoch 00027: saving model to models/mnist_conv_e300_L2_b64/normal-cluster_classifier_1000/cp-0027.hdf5
 - 3s - loss: 0.2106 - acc: 0.9326 - val_loss: 0.2767 - val_acc: 0.9173
Epoch 28/50

Epoch 00028: saving model to models/mnist_conv_e300_L2_b64/normal-cluster_classifier_1000/cp-0028.hdf5
 - 3s - loss: 0.1720 - acc: 0.9473 - val_loss: 0.2731 - val_acc: 0.9198
Epoch 29/50

Epoch 00029: saving model to models/mnist_conv_e300_L2_b64/normal-cluster_classifier_1000/cp-0029.hdf5
 - 3s - loss: 0.1822 - acc: 0.9375 - val_loss: 0.2766 - val_acc: 0.9210
Epoch 30/50

Epoch 00030: saving model to models/mnist_conv_e300_L2_b64/normal-cluster_classifier_1000/cp-0030.hdf5
 - 3s - loss: 0.1474 - acc: 0.9512 - val_loss: 0.2659 - val_acc: 0.9260
Epoch 31/50

Epoch 00031: saving model to models/mnist_conv_e300_L2_b64/normal-cluster_classifier_1000/cp-0031.hdf5
 - 3s - loss: 0.1501 - acc: 0.9531 - val_loss: 0.2916 - val_acc: 0.9164
Epoch 32/50

Epoch 00032: saving model to models/mnist_conv_e300_L2_b64/normal-cluster_classifier_1000/cp-0032.hdf5
 - 3s - loss: 0.1279 - acc: 0.9619 - val_loss: 0.2659 - val_acc: 0.9225
Epoch 33/50

Epoch 00033: saving model to models/mnist_conv_e300_L2_b64/normal-cluster_classifier_1000/cp-0033.hdf5
 - 3s - loss: 0.1325 - acc: 0.9492 - val_loss: 0.2674 - val_acc: 0.9260
Epoch 34/50

Epoch 00034: saving model to models/mnist_conv_e300_L2_b64/normal-cluster_classifier_1000/cp-0034.hdf5
 - 3s - loss: 0.1342 - acc: 0.9561 - val_loss: 0.2596 - val_acc: 0.9282
Epoch 35/50

Epoch 00035: saving model to models/mnist_conv_e300_L2_b64/normal-cluster_classifier_1000/cp-0035.hdf5
 - 3s - loss: 0.1155 - acc: 0.9658 - val_loss: 0.2530 - val_acc: 0.9283
Epoch 36/50

Epoch 00036: saving model to models/mnist_conv_e300_L2_b64/normal-cluster_classifier_1000/cp-0036.hdf5
 - 3s - loss: 0.1043 - acc: 0.9668 - val_loss: 0.2606 - val_acc: 0.9318
Epoch 37/50

Epoch 00037: saving model to models/mnist_conv_e300_L2_b64/normal-cluster_classifier_1000/cp-0037.hdf5
 - 3s - loss: 0.1140 - acc: 0.9629 - val_loss: 0.2740 - val_acc: 0.9218
Epoch 38/50

Epoch 00038: saving model to models/mnist_conv_e300_L2_b64/normal-cluster_classifier_1000/cp-0038.hdf5
 - 3s - loss: 0.0867 - acc: 0.9766 - val_loss: 0.2487 - val_acc: 0.9329
Epoch 39/50

Epoch 00039: saving model to models/mnist_conv_e300_L2_b64/normal-cluster_classifier_1000/cp-0039.hdf5
 - 3s - loss: 0.0971 - acc: 0.9658 - val_loss: 0.2636 - val_acc: 0.9272
Epoch 40/50

Epoch 00040: saving model to models/mnist_conv_e300_L2_b64/normal-cluster_classifier_1000/cp-0040.hdf5
 - 3s - loss: 0.0741 - acc: 0.9775 - val_loss: 0.2837 - val_acc: 0.9277
Epoch 41/50

Epoch 00041: saving model to models/mnist_conv_e300_L2_b64/normal-cluster_classifier_1000/cp-0041.hdf5
 - 3s - loss: 0.0928 - acc: 0.9648 - val_loss: 0.2586 - val_acc: 0.9320
Epoch 42/50

Epoch 00042: saving model to models/mnist_conv_e300_L2_b64/normal-cluster_classifier_1000/cp-0042.hdf5
 - 3s - loss: 0.0638 - acc: 0.9795 - val_loss: 0.2750 - val_acc: 0.9247
Epoch 43/50

Epoch 00043: saving model to models/mnist_conv_e300_L2_b64/normal-cluster_classifier_1000/cp-0043.hdf5
 - 3s - loss: 0.0657 - acc: 0.9824 - val_loss: 0.2638 - val_acc: 0.9313
Epoch 44/50

Epoch 00044: saving model to models/mnist_conv_e300_L2_b64/normal-cluster_classifier_1000/cp-0044.hdf5
 - 3s - loss: 0.0659 - acc: 0.9727 - val_loss: 0.2888 - val_acc: 0.9270
Epoch 45/50

Epoch 00045: saving model to models/mnist_conv_e300_L2_b64/normal-cluster_classifier_1000/cp-0045.hdf5
 - 3s - loss: 0.0638 - acc: 0.9736 - val_loss: 0.2647 - val_acc: 0.9331
Epoch 46/50

Epoch 00046: saving model to models/mnist_conv_e300_L2_b64/normal-cluster_classifier_1000/cp-0046.hdf5
 - 3s - loss: 0.0568 - acc: 0.9844 - val_loss: 0.2867 - val_acc: 0.9283
Epoch 47/50

Epoch 00047: saving model to models/mnist_conv_e300_L2_b64/normal-cluster_classifier_1000/cp-0047.hdf5
 - 3s - loss: 0.0515 - acc: 0.9844 - val_loss: 0.2758 - val_acc: 0.9323
Epoch 48/50

Epoch 00048: saving model to models/mnist_conv_e300_L2_b64/normal-cluster_classifier_1000/cp-0048.hdf5
 - 3s - loss: 0.0523 - acc: 0.9824 - val_loss: 0.2738 - val_acc: 0.9335
Epoch 49/50

Epoch 00049: saving model to models/mnist_conv_e300_L2_b64/normal-cluster_classifier_1000/cp-0049.hdf5
 - 3s - loss: 0.0448 - acc: 0.9863 - val_loss: 0.2821 - val_acc: 0.9332
Epoch 50/50

Epoch 00050: saving model to models/mnist_conv_e300_L2_b64/normal-cluster_classifier_1000/cp-0050.hdf5
 - 3s - loss: 0.0393 - acc: 0.9863 - val_loss: 0.2711 - val_acc: 0.9357
Epoch 1/50

Epoch 00001: saving model to models/mnist_conv_e300_L2_b64/multi-normal-cluster_classifier_1000/cp-0001.hdf5
 - 5s - loss: 2.2999 - acc: 0.1299 - val_loss: 2.3003 - val_acc: 0.1419
Epoch 2/50

Epoch 00002: saving model to models/mnist_conv_e300_L2_b64/multi-normal-cluster_classifier_1000/cp-0002.hdf5
 - 3s - loss: 2.2929 - acc: 0.1855 - val_loss: 2.2960 - val_acc: 0.1031
Epoch 3/50

Epoch 00003: saving model to models/mnist_conv_e300_L2_b64/multi-normal-cluster_classifier_1000/cp-0003.hdf5
 - 3s - loss: 2.2756 - acc: 0.1641 - val_loss: 2.2858 - val_acc: 0.1132
Epoch 4/50

Epoch 00004: saving model to models/mnist_conv_e300_L2_b64/multi-normal-cluster_classifier_1000/cp-0004.hdf5
 - 3s - loss: 2.2415 - acc: 0.2080 - val_loss: 2.2501 - val_acc: 0.2230
Epoch 5/50

Epoch 00005: saving model to models/mnist_conv_e300_L2_b64/multi-normal-cluster_classifier_1000/cp-0005.hdf5
 - 3s - loss: 2.1241 - acc: 0.3174 - val_loss: 1.9885 - val_acc: 0.4519
Epoch 6/50

Epoch 00006: saving model to models/mnist_conv_e300_L2_b64/multi-normal-cluster_classifier_1000/cp-0006.hdf5
 - 3s - loss: 1.7053 - acc: 0.4727 - val_loss: 1.4801 - val_acc: 0.5939
Epoch 7/50

Epoch 00007: saving model to models/mnist_conv_e300_L2_b64/multi-normal-cluster_classifier_1000/cp-0007.hdf5
 - 3s - loss: 1.3804 - acc: 0.5332 - val_loss: 0.9181 - val_acc: 0.7380
Epoch 8/50

Epoch 00008: saving model to models/mnist_conv_e300_L2_b64/multi-normal-cluster_classifier_1000/cp-0008.hdf5
 - 3s - loss: 1.1560 - acc: 0.5889 - val_loss: 0.8503 - val_acc: 0.7025
Epoch 9/50

Epoch 00009: saving model to models/mnist_conv_e300_L2_b64/multi-normal-cluster_classifier_1000/cp-0009.hdf5
 - 3s - loss: 0.9859 - acc: 0.6582 - val_loss: 0.6944 - val_acc: 0.7680
Epoch 10/50

Epoch 00010: saving model to models/mnist_conv_e300_L2_b64/multi-normal-cluster_classifier_1000/cp-0010.hdf5
 - 3s - loss: 0.8394 - acc: 0.7090 - val_loss: 0.7667 - val_acc: 0.7136
Epoch 11/50

Epoch 00011: saving model to models/mnist_conv_e300_L2_b64/multi-normal-cluster_classifier_1000/cp-0011.hdf5
 - 3s - loss: 0.7430 - acc: 0.7383 - val_loss: 0.5133 - val_acc: 0.8325
Epoch 12/50

Epoch 00012: saving model to models/mnist_conv_e300_L2_b64/multi-normal-cluster_classifier_1000/cp-0012.hdf5
 - 3s - loss: 0.6965 - acc: 0.7607 - val_loss: 0.4346 - val_acc: 0.8666
Epoch 13/50

Epoch 00013: saving model to models/mnist_conv_e300_L2_b64/multi-normal-cluster_classifier_1000/cp-0013.hdf5
 - 3s - loss: 0.6227 - acc: 0.7939 - val_loss: 0.4221 - val_acc: 0.8666
Epoch 14/50

Epoch 00014: saving model to models/mnist_conv_e300_L2_b64/multi-normal-cluster_classifier_1000/cp-0014.hdf5
 - 3s - loss: 0.5454 - acc: 0.8271 - val_loss: 0.3906 - val_acc: 0.8741
Epoch 15/50

Epoch 00015: saving model to models/mnist_conv_e300_L2_b64/multi-normal-cluster_classifier_1000/cp-0015.hdf5
 - 3s - loss: 0.5174 - acc: 0.8174 - val_loss: 0.3506 - val_acc: 0.8975
Epoch 16/50

Epoch 00016: saving model to models/mnist_conv_e300_L2_b64/multi-normal-cluster_classifier_1000/cp-0016.hdf5
 - 3s - loss: 0.4503 - acc: 0.8467 - val_loss: 0.3160 - val_acc: 0.9102
Epoch 17/50

Epoch 00017: saving model to models/mnist_conv_e300_L2_b64/multi-normal-cluster_classifier_1000/cp-0017.hdf5
 - 3s - loss: 0.4269 - acc: 0.8594 - val_loss: 0.3122 - val_acc: 0.9063
Epoch 18/50

Epoch 00018: saving model to models/mnist_conv_e300_L2_b64/multi-normal-cluster_classifier_1000/cp-0018.hdf5
 - 3s - loss: 0.3561 - acc: 0.8789 - val_loss: 0.2923 - val_acc: 0.9143
Epoch 19/50

Epoch 00019: saving model to models/mnist_conv_e300_L2_b64/multi-normal-cluster_classifier_1000/cp-0019.hdf5
 - 3s - loss: 0.3706 - acc: 0.8730 - val_loss: 0.2764 - val_acc: 0.9192
Epoch 20/50

Epoch 00020: saving model to models/mnist_conv_e300_L2_b64/multi-normal-cluster_classifier_1000/cp-0020.hdf5
 - 3s - loss: 0.3213 - acc: 0.8906 - val_loss: 0.2996 - val_acc: 0.9102
Epoch 21/50

Epoch 00021: saving model to models/mnist_conv_e300_L2_b64/multi-normal-cluster_classifier_1000/cp-0021.hdf5
 - 3s - loss: 0.2926 - acc: 0.8975 - val_loss: 0.2994 - val_acc: 0.9092
Epoch 22/50

Epoch 00022: saving model to models/mnist_conv_e300_L2_b64/multi-normal-cluster_classifier_1000/cp-0022.hdf5
 - 3s - loss: 0.2412 - acc: 0.9229 - val_loss: 0.2785 - val_acc: 0.9211
Epoch 23/50

Epoch 00023: saving model to models/mnist_conv_e300_L2_b64/multi-normal-cluster_classifier_1000/cp-0023.hdf5
 - 3s - loss: 0.2627 - acc: 0.9209 - val_loss: 0.2650 - val_acc: 0.9257
Epoch 24/50

Epoch 00024: saving model to models/mnist_conv_e300_L2_b64/multi-normal-cluster_classifier_1000/cp-0024.hdf5
 - 3s - loss: 0.2458 - acc: 0.9219 - val_loss: 0.2844 - val_acc: 0.9183
Epoch 25/50

Epoch 00025: saving model to models/mnist_conv_e300_L2_b64/multi-normal-cluster_classifier_1000/cp-0025.hdf5
 - 3s - loss: 0.1874 - acc: 0.9453 - val_loss: 0.2674 - val_acc: 0.9274
Epoch 26/50

Epoch 00026: saving model to models/mnist_conv_e300_L2_b64/multi-normal-cluster_classifier_1000/cp-0026.hdf5
 - 3s - loss: 0.2204 - acc: 0.9248 - val_loss: 0.2836 - val_acc: 0.9219
Epoch 27/50

Epoch 00027: saving model to models/mnist_conv_e300_L2_b64/multi-normal-cluster_classifier_1000/cp-0027.hdf5
 - 3s - loss: 0.1827 - acc: 0.9473 - val_loss: 0.2784 - val_acc: 0.9238
Epoch 28/50

Epoch 00028: saving model to models/mnist_conv_e300_L2_b64/multi-normal-cluster_classifier_1000/cp-0028.hdf5
 - 3s - loss: 0.1994 - acc: 0.9287 - val_loss: 0.2623 - val_acc: 0.9219
Epoch 29/50

Epoch 00029: saving model to models/mnist_conv_e300_L2_b64/multi-normal-cluster_classifier_1000/cp-0029.hdf5
 - 3s - loss: 0.1424 - acc: 0.9551 - val_loss: 0.2528 - val_acc: 0.9298
Epoch 30/50

Epoch 00030: saving model to models/mnist_conv_e300_L2_b64/multi-normal-cluster_classifier_1000/cp-0030.hdf5
 - 3s - loss: 0.1503 - acc: 0.9521 - val_loss: 0.2676 - val_acc: 0.9295
Epoch 31/50

Epoch 00031: saving model to models/mnist_conv_e300_L2_b64/multi-normal-cluster_classifier_1000/cp-0031.hdf5
 - 3s - loss: 0.1294 - acc: 0.9512 - val_loss: 0.2595 - val_acc: 0.9321
Epoch 32/50

Epoch 00032: saving model to models/mnist_conv_e300_L2_b64/multi-normal-cluster_classifier_1000/cp-0032.hdf5
 - 3s - loss: 0.1557 - acc: 0.9482 - val_loss: 0.2551 - val_acc: 0.9352
Epoch 33/50

Epoch 00033: saving model to models/mnist_conv_e300_L2_b64/multi-normal-cluster_classifier_1000/cp-0033.hdf5
 - 3s - loss: 0.1237 - acc: 0.9570 - val_loss: 0.2631 - val_acc: 0.9300
Epoch 34/50

Epoch 00034: saving model to models/mnist_conv_e300_L2_b64/multi-normal-cluster_classifier_1000/cp-0034.hdf5
 - 3s - loss: 0.1213 - acc: 0.9600 - val_loss: 0.2569 - val_acc: 0.9343
Epoch 35/50

Epoch 00035: saving model to models/mnist_conv_e300_L2_b64/multi-normal-cluster_classifier_1000/cp-0035.hdf5
 - 3s - loss: 0.0930 - acc: 0.9707 - val_loss: 0.2544 - val_acc: 0.9362
Epoch 36/50

Epoch 00036: saving model to models/mnist_conv_e300_L2_b64/multi-normal-cluster_classifier_1000/cp-0036.hdf5
 - 3s - loss: 0.1014 - acc: 0.9668 - val_loss: 0.2619 - val_acc: 0.9340
Epoch 37/50

Epoch 00037: saving model to models/mnist_conv_e300_L2_b64/multi-normal-cluster_classifier_1000/cp-0037.hdf5
 - 3s - loss: 0.1044 - acc: 0.9639 - val_loss: 0.2763 - val_acc: 0.9296
Epoch 38/50

Epoch 00038: saving model to models/mnist_conv_e300_L2_b64/multi-normal-cluster_classifier_1000/cp-0038.hdf5
 - 3s - loss: 0.0794 - acc: 0.9736 - val_loss: 0.2630 - val_acc: 0.9379
Epoch 39/50

Epoch 00039: saving model to models/mnist_conv_e300_L2_b64/multi-normal-cluster_classifier_1000/cp-0039.hdf5
 - 3s - loss: 0.1025 - acc: 0.9658 - val_loss: 0.2600 - val_acc: 0.9355
Epoch 40/50

Epoch 00040: saving model to models/mnist_conv_e300_L2_b64/multi-normal-cluster_classifier_1000/cp-0040.hdf5
 - 3s - loss: 0.0808 - acc: 0.9766 - val_loss: 0.2621 - val_acc: 0.9360
Epoch 41/50

Epoch 00041: saving model to models/mnist_conv_e300_L2_b64/multi-normal-cluster_classifier_1000/cp-0041.hdf5
 - 3s - loss: 0.0727 - acc: 0.9775 - val_loss: 0.2539 - val_acc: 0.9377
Epoch 42/50

Epoch 00042: saving model to models/mnist_conv_e300_L2_b64/multi-normal-cluster_classifier_1000/cp-0042.hdf5
 - 3s - loss: 0.0659 - acc: 0.9756 - val_loss: 0.2598 - val_acc: 0.9376
Epoch 43/50

Epoch 00043: saving model to models/mnist_conv_e300_L2_b64/multi-normal-cluster_classifier_1000/cp-0043.hdf5
 - 3s - loss: 0.0678 - acc: 0.9814 - val_loss: 0.2794 - val_acc: 0.9350
Epoch 44/50

Epoch 00044: saving model to models/mnist_conv_e300_L2_b64/multi-normal-cluster_classifier_1000/cp-0044.hdf5
 - 3s - loss: 0.0812 - acc: 0.9697 - val_loss: 0.2649 - val_acc: 0.9376
Epoch 45/50

Epoch 00045: saving model to models/mnist_conv_e300_L2_b64/multi-normal-cluster_classifier_1000/cp-0045.hdf5
 - 3s - loss: 0.0870 - acc: 0.9668 - val_loss: 0.2634 - val_acc: 0.9360
Epoch 46/50

Epoch 00046: saving model to models/mnist_conv_e300_L2_b64/multi-normal-cluster_classifier_1000/cp-0046.hdf5
 - 3s - loss: 0.0705 - acc: 0.9795 - val_loss: 0.2632 - val_acc: 0.9377
Epoch 47/50

Epoch 00047: saving model to models/mnist_conv_e300_L2_b64/multi-normal-cluster_classifier_1000/cp-0047.hdf5
 - 3s - loss: 0.0450 - acc: 0.9863 - val_loss: 0.2669 - val_acc: 0.9381
Epoch 48/50

Epoch 00048: saving model to models/mnist_conv_e300_L2_b64/multi-normal-cluster_classifier_1000/cp-0048.hdf5
 - 3s - loss: 0.0550 - acc: 0.9824 - val_loss: 0.2698 - val_acc: 0.9384
Epoch 49/50

Epoch 00049: saving model to models/mnist_conv_e300_L2_b64/multi-normal-cluster_classifier_1000/cp-0049.hdf5
 - 3s - loss: 0.0603 - acc: 0.9775 - val_loss: 0.2607 - val_acc: 0.9382
Epoch 50/50

Epoch 00050: saving model to models/mnist_conv_e300_L2_b64/multi-normal-cluster_classifier_1000/cp-0050.hdf5
 - 3s - loss: 0.0500 - acc: 0.9863 - val_loss: 0.2633 - val_acc: 0.9392
Epoch 1/50

Epoch 00001: saving model to models/mnist_conv_e300_L2_b64/error_classifier_1000/cp-0001.hdf5
 - 5s - loss: 2.3009 - acc: 0.1543 - val_loss: 2.2996 - val_acc: 0.1896
Epoch 2/50

Epoch 00002: saving model to models/mnist_conv_e300_L2_b64/error_classifier_1000/cp-0002.hdf5
 - 3s - loss: 2.2971 - acc: 0.2109 - val_loss: 2.2952 - val_acc: 0.2514
Epoch 3/50

Epoch 00003: saving model to models/mnist_conv_e300_L2_b64/error_classifier_1000/cp-0003.hdf5
 - 3s - loss: 2.2919 - acc: 0.2119 - val_loss: 2.2869 - val_acc: 0.2221
Epoch 4/50

Epoch 00004: saving model to models/mnist_conv_e300_L2_b64/error_classifier_1000/cp-0004.hdf5
 - 3s - loss: 2.2790 - acc: 0.1865 - val_loss: 2.2638 - val_acc: 0.2453
Epoch 5/50

Epoch 00005: saving model to models/mnist_conv_e300_L2_b64/error_classifier_1000/cp-0005.hdf5
 - 3s - loss: 2.2260 - acc: 0.1924 - val_loss: 2.1546 - val_acc: 0.3443
Epoch 6/50

Epoch 00006: saving model to models/mnist_conv_e300_L2_b64/error_classifier_1000/cp-0006.hdf5
 - 3s - loss: 1.8922 - acc: 0.4346 - val_loss: 1.5921 - val_acc: 0.4884
Epoch 7/50

Epoch 00007: saving model to models/mnist_conv_e300_L2_b64/error_classifier_1000/cp-0007.hdf5
 - 3s - loss: 1.3601 - acc: 0.5674 - val_loss: 0.8895 - val_acc: 0.7230
Epoch 8/50

Epoch 00008: saving model to models/mnist_conv_e300_L2_b64/error_classifier_1000/cp-0008.hdf5
 - 3s - loss: 0.8732 - acc: 0.7041 - val_loss: 0.7325 - val_acc: 0.7696
Epoch 9/50

Epoch 00009: saving model to models/mnist_conv_e300_L2_b64/error_classifier_1000/cp-0009.hdf5
 - 3s - loss: 0.7510 - acc: 0.7666 - val_loss: 0.5402 - val_acc: 0.8341
Epoch 10/50

Epoch 00010: saving model to models/mnist_conv_e300_L2_b64/error_classifier_1000/cp-0010.hdf5
 - 3s - loss: 0.6489 - acc: 0.7861 - val_loss: 0.5363 - val_acc: 0.8235
Epoch 11/50

Epoch 00011: saving model to models/mnist_conv_e300_L2_b64/error_classifier_1000/cp-0011.hdf5
 - 3s - loss: 0.5538 - acc: 0.8203 - val_loss: 0.4623 - val_acc: 0.8552
Epoch 12/50

Epoch 00012: saving model to models/mnist_conv_e300_L2_b64/error_classifier_1000/cp-0012.hdf5
 - 3s - loss: 0.4726 - acc: 0.8438 - val_loss: 0.4164 - val_acc: 0.8703
Epoch 13/50

Epoch 00013: saving model to models/mnist_conv_e300_L2_b64/error_classifier_1000/cp-0013.hdf5
 - 3s - loss: 0.4313 - acc: 0.8652 - val_loss: 0.3934 - val_acc: 0.8829
Epoch 14/50

Epoch 00014: saving model to models/mnist_conv_e300_L2_b64/error_classifier_1000/cp-0014.hdf5
 - 3s - loss: 0.4021 - acc: 0.8770 - val_loss: 0.3658 - val_acc: 0.8859
Epoch 15/50

Epoch 00015: saving model to models/mnist_conv_e300_L2_b64/error_classifier_1000/cp-0015.hdf5
 - 3s - loss: 0.3494 - acc: 0.8887 - val_loss: 0.3487 - val_acc: 0.8913
Epoch 16/50

Epoch 00016: saving model to models/mnist_conv_e300_L2_b64/error_classifier_1000/cp-0016.hdf5
 - 3s - loss: 0.3261 - acc: 0.8906 - val_loss: 0.3363 - val_acc: 0.8975
Epoch 17/50

Epoch 00017: saving model to models/mnist_conv_e300_L2_b64/error_classifier_1000/cp-0017.hdf5
 - 3s - loss: 0.3069 - acc: 0.9043 - val_loss: 0.3283 - val_acc: 0.8960
Epoch 18/50

Epoch 00018: saving model to models/mnist_conv_e300_L2_b64/error_classifier_1000/cp-0018.hdf5
 - 3s - loss: 0.2846 - acc: 0.9043 - val_loss: 0.2873 - val_acc: 0.9127
Epoch 19/50

Epoch 00019: saving model to models/mnist_conv_e300_L2_b64/error_classifier_1000/cp-0019.hdf5
 - 3s - loss: 0.2204 - acc: 0.9258 - val_loss: 0.3057 - val_acc: 0.9035
Epoch 20/50

Epoch 00020: saving model to models/mnist_conv_e300_L2_b64/error_classifier_1000/cp-0020.hdf5
 - 3s - loss: 0.2082 - acc: 0.9307 - val_loss: 0.3069 - val_acc: 0.9043
Epoch 21/50

Epoch 00021: saving model to models/mnist_conv_e300_L2_b64/error_classifier_1000/cp-0021.hdf5
 - 3s - loss: 0.2527 - acc: 0.9111 - val_loss: 0.2986 - val_acc: 0.9069
Epoch 22/50

Epoch 00022: saving model to models/mnist_conv_e300_L2_b64/error_classifier_1000/cp-0022.hdf5
 - 3s - loss: 0.1962 - acc: 0.9404 - val_loss: 0.2678 - val_acc: 0.9189
Epoch 23/50

Epoch 00023: saving model to models/mnist_conv_e300_L2_b64/error_classifier_1000/cp-0023.hdf5
 - 3s - loss: 0.1796 - acc: 0.9395 - val_loss: 0.2626 - val_acc: 0.9217
Epoch 24/50

Epoch 00024: saving model to models/mnist_conv_e300_L2_b64/error_classifier_1000/cp-0024.hdf5
 - 3s - loss: 0.1787 - acc: 0.9395 - val_loss: 0.2781 - val_acc: 0.9146
Epoch 25/50

Epoch 00025: saving model to models/mnist_conv_e300_L2_b64/error_classifier_1000/cp-0025.hdf5
 - 3s - loss: 0.1866 - acc: 0.9395 - val_loss: 0.2842 - val_acc: 0.9127
Epoch 26/50

Epoch 00026: saving model to models/mnist_conv_e300_L2_b64/error_classifier_1000/cp-0026.hdf5
 - 3s - loss: 0.1547 - acc: 0.9375 - val_loss: 0.2533 - val_acc: 0.9228
Epoch 27/50

Epoch 00027: saving model to models/mnist_conv_e300_L2_b64/error_classifier_1000/cp-0027.hdf5
 - 3s - loss: 0.1466 - acc: 0.9561 - val_loss: 0.2583 - val_acc: 0.9207
Epoch 28/50

Epoch 00028: saving model to models/mnist_conv_e300_L2_b64/error_classifier_1000/cp-0028.hdf5
 - 3s - loss: 0.1295 - acc: 0.9512 - val_loss: 0.2674 - val_acc: 0.9236
Epoch 29/50

Epoch 00029: saving model to models/mnist_conv_e300_L2_b64/error_classifier_1000/cp-0029.hdf5
 - 3s - loss: 0.1301 - acc: 0.9541 - val_loss: 0.2554 - val_acc: 0.9237
Epoch 30/50

Epoch 00030: saving model to models/mnist_conv_e300_L2_b64/error_classifier_1000/cp-0030.hdf5
 - 3s - loss: 0.1044 - acc: 0.9629 - val_loss: 0.2486 - val_acc: 0.9271
Epoch 31/50

Epoch 00031: saving model to models/mnist_conv_e300_L2_b64/error_classifier_1000/cp-0031.hdf5
 - 3s - loss: 0.1164 - acc: 0.9609 - val_loss: 0.2651 - val_acc: 0.9197
Epoch 32/50

Epoch 00032: saving model to models/mnist_conv_e300_L2_b64/error_classifier_1000/cp-0032.hdf5
 - 3s - loss: 0.0978 - acc: 0.9697 - val_loss: 0.2429 - val_acc: 0.9275
Epoch 33/50

Epoch 00033: saving model to models/mnist_conv_e300_L2_b64/error_classifier_1000/cp-0033.hdf5
 - 3s - loss: 0.1105 - acc: 0.9580 - val_loss: 0.2420 - val_acc: 0.9291
Epoch 34/50

Epoch 00034: saving model to models/mnist_conv_e300_L2_b64/error_classifier_1000/cp-0034.hdf5
 - 3s - loss: 0.1024 - acc: 0.9648 - val_loss: 0.2479 - val_acc: 0.9253
Epoch 35/50

Epoch 00035: saving model to models/mnist_conv_e300_L2_b64/error_classifier_1000/cp-0035.hdf5
 - 3s - loss: 0.0800 - acc: 0.9736 - val_loss: 0.2583 - val_acc: 0.9250
Epoch 36/50

Epoch 00036: saving model to models/mnist_conv_e300_L2_b64/error_classifier_1000/cp-0036.hdf5
 - 3s - loss: 0.0732 - acc: 0.9775 - val_loss: 0.2534 - val_acc: 0.9289
Epoch 37/50

Epoch 00037: saving model to models/mnist_conv_e300_L2_b64/error_classifier_1000/cp-0037.hdf5
 - 3s - loss: 0.0600 - acc: 0.9824 - val_loss: 0.2601 - val_acc: 0.9276
Epoch 38/50

Epoch 00038: saving model to models/mnist_conv_e300_L2_b64/error_classifier_1000/cp-0038.hdf5
 - 3s - loss: 0.0782 - acc: 0.9746 - val_loss: 0.2681 - val_acc: 0.9241
Epoch 39/50

Epoch 00039: saving model to models/mnist_conv_e300_L2_b64/error_classifier_1000/cp-0039.hdf5
 - 3s - loss: 0.0761 - acc: 0.9717 - val_loss: 0.2530 - val_acc: 0.9262
Epoch 40/50

Epoch 00040: saving model to models/mnist_conv_e300_L2_b64/error_classifier_1000/cp-0040.hdf5
 - 3s - loss: 0.0681 - acc: 0.9756 - val_loss: 0.2572 - val_acc: 0.9288
Epoch 41/50

Epoch 00041: saving model to models/mnist_conv_e300_L2_b64/error_classifier_1000/cp-0041.hdf5
 - 3s - loss: 0.0570 - acc: 0.9814 - val_loss: 0.2488 - val_acc: 0.9320
Epoch 42/50

Epoch 00042: saving model to models/mnist_conv_e300_L2_b64/error_classifier_1000/cp-0042.hdf5
 - 3s - loss: 0.0488 - acc: 0.9883 - val_loss: 0.2630 - val_acc: 0.9289
Epoch 43/50

Epoch 00043: saving model to models/mnist_conv_e300_L2_b64/error_classifier_1000/cp-0043.hdf5
 - 3s - loss: 0.0510 - acc: 0.9805 - val_loss: 0.2558 - val_acc: 0.9320
Epoch 44/50

Epoch 00044: saving model to models/mnist_conv_e300_L2_b64/error_classifier_1000/cp-0044.hdf5
 - 3s - loss: 0.0652 - acc: 0.9766 - val_loss: 0.2641 - val_acc: 0.9301
Epoch 45/50

Epoch 00045: saving model to models/mnist_conv_e300_L2_b64/error_classifier_1000/cp-0045.hdf5
 - 3s - loss: 0.0480 - acc: 0.9863 - val_loss: 0.2585 - val_acc: 0.9289
Epoch 46/50

Epoch 00046: saving model to models/mnist_conv_e300_L2_b64/error_classifier_1000/cp-0046.hdf5
 - 3s - loss: 0.0434 - acc: 0.9873 - val_loss: 0.2638 - val_acc: 0.9285
Epoch 47/50

Epoch 00047: saving model to models/mnist_conv_e300_L2_b64/error_classifier_1000/cp-0047.hdf5
 - 3s - loss: 0.0474 - acc: 0.9824 - val_loss: 0.2697 - val_acc: 0.9292
Epoch 48/50

Epoch 00048: saving model to models/mnist_conv_e300_L2_b64/error_classifier_1000/cp-0048.hdf5
 - 3s - loss: 0.0392 - acc: 0.9912 - val_loss: 0.2671 - val_acc: 0.9300
Epoch 49/50

Epoch 00049: saving model to models/mnist_conv_e300_L2_b64/error_classifier_1000/cp-0049.hdf5
 - 3s - loss: 0.0425 - acc: 0.9844 - val_loss: 0.2809 - val_acc: 0.9275
Epoch 50/50

Epoch 00050: saving model to models/mnist_conv_e300_L2_b64/error_classifier_1000/cp-0050.hdf5
 - 3s - loss: 0.0406 - acc: 0.9844 - val_loss: 0.2568 - val_acc: 0.9318
Finished.
