Starting analysis...
Epoch 1/50

Epoch 00001: saving model to models/unbalanced_mnist_student_e300_L2_b64/random_classifier_1000/cp-0001.hdf5
 - 5s - loss: 2.2985 - acc: 0.1406 - val_loss: 2.2998 - val_acc: 0.1566
Epoch 2/50

Epoch 00002: saving model to models/unbalanced_mnist_student_e300_L2_b64/random_classifier_1000/cp-0002.hdf5
 - 3s - loss: 2.2616 - acc: 0.1982 - val_loss: 2.2962 - val_acc: 0.1073
Epoch 3/50

Epoch 00003: saving model to models/unbalanced_mnist_student_e300_L2_b64/random_classifier_1000/cp-0003.hdf5
 - 3s - loss: 2.1677 - acc: 0.2227 - val_loss: 2.3244 - val_acc: 0.3046
Epoch 4/50

Epoch 00004: saving model to models/unbalanced_mnist_student_e300_L2_b64/random_classifier_1000/cp-0004.hdf5
 - 3s - loss: 2.0559 - acc: 0.3770 - val_loss: 2.1799 - val_acc: 0.2633
Epoch 5/50

Epoch 00005: saving model to models/unbalanced_mnist_student_e300_L2_b64/random_classifier_1000/cp-0005.hdf5
 - 3s - loss: 1.6850 - acc: 0.4482 - val_loss: 1.8275 - val_acc: 0.2887
Epoch 6/50

Epoch 00006: saving model to models/unbalanced_mnist_student_e300_L2_b64/random_classifier_1000/cp-0006.hdf5
 - 3s - loss: 1.3290 - acc: 0.5791 - val_loss: 1.0476 - val_acc: 0.6891
Epoch 7/50

Epoch 00007: saving model to models/unbalanced_mnist_student_e300_L2_b64/random_classifier_1000/cp-0007.hdf5
 - 3s - loss: 1.0516 - acc: 0.6650 - val_loss: 0.8682 - val_acc: 0.7214
Epoch 8/50

Epoch 00008: saving model to models/unbalanced_mnist_student_e300_L2_b64/random_classifier_1000/cp-0008.hdf5
 - 3s - loss: 0.9090 - acc: 0.7129 - val_loss: 1.0962 - val_acc: 0.5240
Epoch 9/50

Epoch 00009: saving model to models/unbalanced_mnist_student_e300_L2_b64/random_classifier_1000/cp-0009.hdf5
 - 3s - loss: 0.6623 - acc: 0.8018 - val_loss: 0.6403 - val_acc: 0.8073
Epoch 10/50

Epoch 00010: saving model to models/unbalanced_mnist_student_e300_L2_b64/random_classifier_1000/cp-0010.hdf5
 - 3s - loss: 0.6271 - acc: 0.8008 - val_loss: 0.5876 - val_acc: 0.8173
Epoch 11/50

Epoch 00011: saving model to models/unbalanced_mnist_student_e300_L2_b64/random_classifier_1000/cp-0011.hdf5
 - 3s - loss: 0.5956 - acc: 0.8213 - val_loss: 0.5398 - val_acc: 0.8407
Epoch 12/50

Epoch 00012: saving model to models/unbalanced_mnist_student_e300_L2_b64/random_classifier_1000/cp-0012.hdf5
 - 3s - loss: 0.5058 - acc: 0.8330 - val_loss: 0.5649 - val_acc: 0.8215
Epoch 13/50

Epoch 00013: saving model to models/unbalanced_mnist_student_e300_L2_b64/random_classifier_1000/cp-0013.hdf5
 - 3s - loss: 0.4739 - acc: 0.8604 - val_loss: 0.5223 - val_acc: 0.8464
Epoch 14/50

Epoch 00014: saving model to models/unbalanced_mnist_student_e300_L2_b64/random_classifier_1000/cp-0014.hdf5
 - 3s - loss: 0.4383 - acc: 0.8623 - val_loss: 0.5377 - val_acc: 0.8280
Epoch 15/50

Epoch 00015: saving model to models/unbalanced_mnist_student_e300_L2_b64/random_classifier_1000/cp-0015.hdf5
 - 3s - loss: 0.4002 - acc: 0.8770 - val_loss: 0.4481 - val_acc: 0.8620
Epoch 16/50

Epoch 00016: saving model to models/unbalanced_mnist_student_e300_L2_b64/random_classifier_1000/cp-0016.hdf5
 - 3s - loss: 0.3781 - acc: 0.8750 - val_loss: 0.3891 - val_acc: 0.8804
Epoch 17/50

Epoch 00017: saving model to models/unbalanced_mnist_student_e300_L2_b64/random_classifier_1000/cp-0017.hdf5
 - 3s - loss: 0.3739 - acc: 0.8906 - val_loss: 0.3799 - val_acc: 0.8851
Epoch 18/50

Epoch 00018: saving model to models/unbalanced_mnist_student_e300_L2_b64/random_classifier_1000/cp-0018.hdf5
 - 3s - loss: 0.2996 - acc: 0.9033 - val_loss: 0.3484 - val_acc: 0.8951
Epoch 19/50

Epoch 00019: saving model to models/unbalanced_mnist_student_e300_L2_b64/random_classifier_1000/cp-0019.hdf5
 - 3s - loss: 0.3063 - acc: 0.8965 - val_loss: 0.4534 - val_acc: 0.8621
Epoch 20/50

Epoch 00020: saving model to models/unbalanced_mnist_student_e300_L2_b64/random_classifier_1000/cp-0020.hdf5
 - 3s - loss: 0.3025 - acc: 0.9004 - val_loss: 0.4857 - val_acc: 0.8455
Epoch 21/50

Epoch 00021: saving model to models/unbalanced_mnist_student_e300_L2_b64/random_classifier_1000/cp-0021.hdf5
 - 3s - loss: 0.2644 - acc: 0.9170 - val_loss: 0.3652 - val_acc: 0.8872
Epoch 22/50

Epoch 00022: saving model to models/unbalanced_mnist_student_e300_L2_b64/random_classifier_1000/cp-0022.hdf5
 - 3s - loss: 0.2527 - acc: 0.9141 - val_loss: 0.3497 - val_acc: 0.8943
Epoch 23/50

Epoch 00023: saving model to models/unbalanced_mnist_student_e300_L2_b64/random_classifier_1000/cp-0023.hdf5
 - 3s - loss: 0.2221 - acc: 0.9189 - val_loss: 0.3081 - val_acc: 0.9065
Epoch 24/50

Epoch 00024: saving model to models/unbalanced_mnist_student_e300_L2_b64/random_classifier_1000/cp-0024.hdf5
 - 3s - loss: 0.2188 - acc: 0.9268 - val_loss: 0.3562 - val_acc: 0.8913
Epoch 25/50

Epoch 00025: saving model to models/unbalanced_mnist_student_e300_L2_b64/random_classifier_1000/cp-0025.hdf5
 - 3s - loss: 0.1949 - acc: 0.9424 - val_loss: 0.3389 - val_acc: 0.9011
Epoch 26/50

Epoch 00026: saving model to models/unbalanced_mnist_student_e300_L2_b64/random_classifier_1000/cp-0026.hdf5
 - 3s - loss: 0.2158 - acc: 0.9287 - val_loss: 0.3479 - val_acc: 0.8970
Epoch 27/50

Epoch 00027: saving model to models/unbalanced_mnist_student_e300_L2_b64/random_classifier_1000/cp-0027.hdf5
 - 3s - loss: 0.1744 - acc: 0.9492 - val_loss: 0.3099 - val_acc: 0.9084
Epoch 28/50

Epoch 00028: saving model to models/unbalanced_mnist_student_e300_L2_b64/random_classifier_1000/cp-0028.hdf5
 - 3s - loss: 0.1901 - acc: 0.9326 - val_loss: 0.2849 - val_acc: 0.9128
Epoch 29/50

Epoch 00029: saving model to models/unbalanced_mnist_student_e300_L2_b64/random_classifier_1000/cp-0029.hdf5
 - 3s - loss: 0.1589 - acc: 0.9463 - val_loss: 0.3022 - val_acc: 0.9097
Epoch 30/50

Epoch 00030: saving model to models/unbalanced_mnist_student_e300_L2_b64/random_classifier_1000/cp-0030.hdf5
 - 3s - loss: 0.1573 - acc: 0.9482 - val_loss: 0.2932 - val_acc: 0.9121
Epoch 31/50

Epoch 00031: saving model to models/unbalanced_mnist_student_e300_L2_b64/random_classifier_1000/cp-0031.hdf5
 - 3s - loss: 0.1618 - acc: 0.9482 - val_loss: 0.2822 - val_acc: 0.9157
Epoch 32/50

Epoch 00032: saving model to models/unbalanced_mnist_student_e300_L2_b64/random_classifier_1000/cp-0032.hdf5
 - 3s - loss: 0.1489 - acc: 0.9473 - val_loss: 0.2891 - val_acc: 0.9167
Epoch 33/50

Epoch 00033: saving model to models/unbalanced_mnist_student_e300_L2_b64/random_classifier_1000/cp-0033.hdf5
 - 3s - loss: 0.1385 - acc: 0.9492 - val_loss: 0.3388 - val_acc: 0.9038
Epoch 34/50

Epoch 00034: saving model to models/unbalanced_mnist_student_e300_L2_b64/random_classifier_1000/cp-0034.hdf5
 - 3s - loss: 0.1464 - acc: 0.9443 - val_loss: 0.2937 - val_acc: 0.9139
Epoch 35/50

Epoch 00035: saving model to models/unbalanced_mnist_student_e300_L2_b64/random_classifier_1000/cp-0035.hdf5
 - 3s - loss: 0.1144 - acc: 0.9629 - val_loss: 0.2788 - val_acc: 0.9197
Epoch 36/50

Epoch 00036: saving model to models/unbalanced_mnist_student_e300_L2_b64/random_classifier_1000/cp-0036.hdf5
 - 3s - loss: 0.1358 - acc: 0.9521 - val_loss: 0.2973 - val_acc: 0.9140
Epoch 37/50

Epoch 00037: saving model to models/unbalanced_mnist_student_e300_L2_b64/random_classifier_1000/cp-0037.hdf5
 - 3s - loss: 0.1072 - acc: 0.9609 - val_loss: 0.3014 - val_acc: 0.9129
Epoch 38/50

Epoch 00038: saving model to models/unbalanced_mnist_student_e300_L2_b64/random_classifier_1000/cp-0038.hdf5
 - 3s - loss: 0.1133 - acc: 0.9639 - val_loss: 0.3006 - val_acc: 0.9162
Epoch 39/50

Epoch 00039: saving model to models/unbalanced_mnist_student_e300_L2_b64/random_classifier_1000/cp-0039.hdf5
 - 3s - loss: 0.0996 - acc: 0.9678 - val_loss: 0.2984 - val_acc: 0.9161
Epoch 40/50

Epoch 00040: saving model to models/unbalanced_mnist_student_e300_L2_b64/random_classifier_1000/cp-0040.hdf5
 - 3s - loss: 0.1074 - acc: 0.9639 - val_loss: 0.3101 - val_acc: 0.9131
Epoch 41/50

Epoch 00041: saving model to models/unbalanced_mnist_student_e300_L2_b64/random_classifier_1000/cp-0041.hdf5
 - 3s - loss: 0.0963 - acc: 0.9688 - val_loss: 0.2914 - val_acc: 0.9171
Epoch 42/50

Epoch 00042: saving model to models/unbalanced_mnist_student_e300_L2_b64/random_classifier_1000/cp-0042.hdf5
 - 3s - loss: 0.0877 - acc: 0.9688 - val_loss: 0.3015 - val_acc: 0.9166
Epoch 43/50

Epoch 00043: saving model to models/unbalanced_mnist_student_e300_L2_b64/random_classifier_1000/cp-0043.hdf5
 - 3s - loss: 0.0835 - acc: 0.9678 - val_loss: 0.2952 - val_acc: 0.9172
Epoch 44/50

Epoch 00044: saving model to models/unbalanced_mnist_student_e300_L2_b64/random_classifier_1000/cp-0044.hdf5
 - 3s - loss: 0.0960 - acc: 0.9736 - val_loss: 0.2668 - val_acc: 0.9223
Epoch 45/50

Epoch 00045: saving model to models/unbalanced_mnist_student_e300_L2_b64/random_classifier_1000/cp-0045.hdf5
 - 3s - loss: 0.0823 - acc: 0.9746 - val_loss: 0.2915 - val_acc: 0.9180
Epoch 46/50

Epoch 00046: saving model to models/unbalanced_mnist_student_e300_L2_b64/random_classifier_1000/cp-0046.hdf5
 - 3s - loss: 0.0834 - acc: 0.9707 - val_loss: 0.3008 - val_acc: 0.9171
Epoch 47/50

Epoch 00047: saving model to models/unbalanced_mnist_student_e300_L2_b64/random_classifier_1000/cp-0047.hdf5
 - 3s - loss: 0.0759 - acc: 0.9775 - val_loss: 0.2754 - val_acc: 0.9243
Epoch 48/50

Epoch 00048: saving model to models/unbalanced_mnist_student_e300_L2_b64/random_classifier_1000/cp-0048.hdf5
 - 3s - loss: 0.0636 - acc: 0.9775 - val_loss: 0.3021 - val_acc: 0.9173
Epoch 49/50

Epoch 00049: saving model to models/unbalanced_mnist_student_e300_L2_b64/random_classifier_1000/cp-0049.hdf5
 - 3s - loss: 0.0683 - acc: 0.9775 - val_loss: 0.2927 - val_acc: 0.9211
Epoch 50/50

Epoch 00050: saving model to models/unbalanced_mnist_student_e300_L2_b64/random_classifier_1000/cp-0050.hdf5
 - 3s - loss: 0.0590 - acc: 0.9873 - val_loss: 0.2691 - val_acc: 0.9261
Epoch 1/50

Epoch 00001: saving model to models/unbalanced_mnist_student_e300_L2_b64/normal_classifier_1000/cp-0001.hdf5
 - 5s - loss: 2.2960 - acc: 0.1533 - val_loss: 2.2996 - val_acc: 0.1032
Epoch 2/50

Epoch 00002: saving model to models/unbalanced_mnist_student_e300_L2_b64/normal_classifier_1000/cp-0002.hdf5
 - 3s - loss: 2.2508 - acc: 0.2051 - val_loss: 2.3048 - val_acc: 0.1030
Epoch 3/50

Epoch 00003: saving model to models/unbalanced_mnist_student_e300_L2_b64/normal_classifier_1000/cp-0003.hdf5
 - 3s - loss: 2.1306 - acc: 0.2158 - val_loss: 2.3870 - val_acc: 0.1029
Epoch 4/50

Epoch 00004: saving model to models/unbalanced_mnist_student_e300_L2_b64/normal_classifier_1000/cp-0004.hdf5
 - 3s - loss: 2.0791 - acc: 0.2305 - val_loss: 2.2685 - val_acc: 0.2485
Epoch 5/50

Epoch 00005: saving model to models/unbalanced_mnist_student_e300_L2_b64/normal_classifier_1000/cp-0005.hdf5
 - 3s - loss: 1.9015 - acc: 0.3574 - val_loss: 1.9402 - val_acc: 0.2703
Epoch 6/50

Epoch 00006: saving model to models/unbalanced_mnist_student_e300_L2_b64/normal_classifier_1000/cp-0006.hdf5
 - 3s - loss: 1.6286 - acc: 0.4453 - val_loss: 1.5020 - val_acc: 0.5014
Epoch 7/50

Epoch 00007: saving model to models/unbalanced_mnist_student_e300_L2_b64/normal_classifier_1000/cp-0007.hdf5
 - 3s - loss: 1.3171 - acc: 0.5547 - val_loss: 1.1384 - val_acc: 0.6084
Epoch 8/50

Epoch 00008: saving model to models/unbalanced_mnist_student_e300_L2_b64/normal_classifier_1000/cp-0008.hdf5
 - 3s - loss: 1.1676 - acc: 0.6094 - val_loss: 1.0136 - val_acc: 0.7139
Epoch 9/50

Epoch 00009: saving model to models/unbalanced_mnist_student_e300_L2_b64/normal_classifier_1000/cp-0009.hdf5
 - 3s - loss: 0.9361 - acc: 0.6943 - val_loss: 0.7686 - val_acc: 0.7797
Epoch 10/50

Epoch 00010: saving model to models/unbalanced_mnist_student_e300_L2_b64/normal_classifier_1000/cp-0010.hdf5
 - 3s - loss: 0.8796 - acc: 0.7324 - val_loss: 0.6378 - val_acc: 0.8311
Epoch 11/50

Epoch 00011: saving model to models/unbalanced_mnist_student_e300_L2_b64/normal_classifier_1000/cp-0011.hdf5
 - 3s - loss: 0.7743 - acc: 0.7500 - val_loss: 0.6813 - val_acc: 0.7899
Epoch 12/50

Epoch 00012: saving model to models/unbalanced_mnist_student_e300_L2_b64/normal_classifier_1000/cp-0012.hdf5
 - 3s - loss: 0.7065 - acc: 0.7764 - val_loss: 0.5493 - val_acc: 0.8291
Epoch 13/50

Epoch 00013: saving model to models/unbalanced_mnist_student_e300_L2_b64/normal_classifier_1000/cp-0013.hdf5
 - 3s - loss: 0.6606 - acc: 0.7988 - val_loss: 0.5445 - val_acc: 0.8338
Epoch 14/50

Epoch 00014: saving model to models/unbalanced_mnist_student_e300_L2_b64/normal_classifier_1000/cp-0014.hdf5
 - 3s - loss: 0.5421 - acc: 0.8330 - val_loss: 0.4386 - val_acc: 0.8741
Epoch 15/50

Epoch 00015: saving model to models/unbalanced_mnist_student_e300_L2_b64/normal_classifier_1000/cp-0015.hdf5
 - 3s - loss: 0.5958 - acc: 0.7998 - val_loss: 0.4811 - val_acc: 0.8537
Epoch 16/50

Epoch 00016: saving model to models/unbalanced_mnist_student_e300_L2_b64/normal_classifier_1000/cp-0016.hdf5
 - 3s - loss: 0.4359 - acc: 0.8623 - val_loss: 0.4287 - val_acc: 0.8661
Epoch 17/50

Epoch 00017: saving model to models/unbalanced_mnist_student_e300_L2_b64/normal_classifier_1000/cp-0017.hdf5
 - 3s - loss: 0.4461 - acc: 0.8643 - val_loss: 0.3741 - val_acc: 0.8892
Epoch 18/50

Epoch 00018: saving model to models/unbalanced_mnist_student_e300_L2_b64/normal_classifier_1000/cp-0018.hdf5
 - 3s - loss: 0.4636 - acc: 0.8496 - val_loss: 0.4066 - val_acc: 0.8825
Epoch 19/50

Epoch 00019: saving model to models/unbalanced_mnist_student_e300_L2_b64/normal_classifier_1000/cp-0019.hdf5
 - 3s - loss: 0.4104 - acc: 0.8721 - val_loss: 0.4062 - val_acc: 0.8722
Epoch 20/50

Epoch 00020: saving model to models/unbalanced_mnist_student_e300_L2_b64/normal_classifier_1000/cp-0020.hdf5
 - 3s - loss: 0.3732 - acc: 0.8818 - val_loss: 0.3360 - val_acc: 0.9002
Epoch 21/50

Epoch 00021: saving model to models/unbalanced_mnist_student_e300_L2_b64/normal_classifier_1000/cp-0021.hdf5
 - 3s - loss: 0.3498 - acc: 0.8857 - val_loss: 0.4196 - val_acc: 0.8661
Epoch 22/50

Epoch 00022: saving model to models/unbalanced_mnist_student_e300_L2_b64/normal_classifier_1000/cp-0022.hdf5
 - 3s - loss: 0.3488 - acc: 0.8926 - val_loss: 0.3177 - val_acc: 0.9049
Epoch 23/50

Epoch 00023: saving model to models/unbalanced_mnist_student_e300_L2_b64/normal_classifier_1000/cp-0023.hdf5
 - 3s - loss: 0.2959 - acc: 0.9131 - val_loss: 0.3548 - val_acc: 0.8883
Epoch 24/50

Epoch 00024: saving model to models/unbalanced_mnist_student_e300_L2_b64/normal_classifier_1000/cp-0024.hdf5
 - 3s - loss: 0.2902 - acc: 0.9033 - val_loss: 0.3235 - val_acc: 0.9010
Epoch 25/50

Epoch 00025: saving model to models/unbalanced_mnist_student_e300_L2_b64/normal_classifier_1000/cp-0025.hdf5
 - 3s - loss: 0.2703 - acc: 0.9209 - val_loss: 0.3152 - val_acc: 0.9037
Epoch 26/50

Epoch 00026: saving model to models/unbalanced_mnist_student_e300_L2_b64/normal_classifier_1000/cp-0026.hdf5
 - 3s - loss: 0.2445 - acc: 0.9258 - val_loss: 0.3307 - val_acc: 0.9001
Epoch 27/50

Epoch 00027: saving model to models/unbalanced_mnist_student_e300_L2_b64/normal_classifier_1000/cp-0027.hdf5
 - 3s - loss: 0.2290 - acc: 0.9248 - val_loss: 0.2904 - val_acc: 0.9134
Epoch 28/50

Epoch 00028: saving model to models/unbalanced_mnist_student_e300_L2_b64/normal_classifier_1000/cp-0028.hdf5
 - 3s - loss: 0.2256 - acc: 0.9268 - val_loss: 0.2835 - val_acc: 0.9137
Epoch 29/50

Epoch 00029: saving model to models/unbalanced_mnist_student_e300_L2_b64/normal_classifier_1000/cp-0029.hdf5
 - 3s - loss: 0.1939 - acc: 0.9395 - val_loss: 0.2969 - val_acc: 0.9110
Epoch 30/50

Epoch 00030: saving model to models/unbalanced_mnist_student_e300_L2_b64/normal_classifier_1000/cp-0030.hdf5
 - 3s - loss: 0.2054 - acc: 0.9316 - val_loss: 0.2955 - val_acc: 0.9136
Epoch 31/50

Epoch 00031: saving model to models/unbalanced_mnist_student_e300_L2_b64/normal_classifier_1000/cp-0031.hdf5
 - 3s - loss: 0.1671 - acc: 0.9463 - val_loss: 0.3175 - val_acc: 0.9064
Epoch 32/50

Epoch 00032: saving model to models/unbalanced_mnist_student_e300_L2_b64/normal_classifier_1000/cp-0032.hdf5
 - 3s - loss: 0.1863 - acc: 0.9326 - val_loss: 0.3137 - val_acc: 0.9078
Epoch 33/50

Epoch 00033: saving model to models/unbalanced_mnist_student_e300_L2_b64/normal_classifier_1000/cp-0033.hdf5
 - 3s - loss: 0.1573 - acc: 0.9512 - val_loss: 0.2902 - val_acc: 0.9182
Epoch 34/50

Epoch 00034: saving model to models/unbalanced_mnist_student_e300_L2_b64/normal_classifier_1000/cp-0034.hdf5
 - 3s - loss: 0.1512 - acc: 0.9463 - val_loss: 0.3004 - val_acc: 0.9144
Epoch 35/50

Epoch 00035: saving model to models/unbalanced_mnist_student_e300_L2_b64/normal_classifier_1000/cp-0035.hdf5
 - 3s - loss: 0.1377 - acc: 0.9570 - val_loss: 0.3097 - val_acc: 0.9133
Epoch 36/50

Epoch 00036: saving model to models/unbalanced_mnist_student_e300_L2_b64/normal_classifier_1000/cp-0036.hdf5
 - 3s - loss: 0.1397 - acc: 0.9541 - val_loss: 0.2880 - val_acc: 0.9173
Epoch 37/50

Epoch 00037: saving model to models/unbalanced_mnist_student_e300_L2_b64/normal_classifier_1000/cp-0037.hdf5
 - 3s - loss: 0.1203 - acc: 0.9570 - val_loss: 0.3034 - val_acc: 0.9164
Epoch 38/50

Epoch 00038: saving model to models/unbalanced_mnist_student_e300_L2_b64/normal_classifier_1000/cp-0038.hdf5
 - 3s - loss: 0.1216 - acc: 0.9639 - val_loss: 0.2925 - val_acc: 0.9178
Epoch 39/50

Epoch 00039: saving model to models/unbalanced_mnist_student_e300_L2_b64/normal_classifier_1000/cp-0039.hdf5
 - 3s - loss: 0.1023 - acc: 0.9629 - val_loss: 0.3007 - val_acc: 0.9195
Epoch 40/50

Epoch 00040: saving model to models/unbalanced_mnist_student_e300_L2_b64/normal_classifier_1000/cp-0040.hdf5
 - 3s - loss: 0.1156 - acc: 0.9609 - val_loss: 0.2820 - val_acc: 0.9215
Epoch 41/50

Epoch 00041: saving model to models/unbalanced_mnist_student_e300_L2_b64/normal_classifier_1000/cp-0041.hdf5
 - 3s - loss: 0.1015 - acc: 0.9678 - val_loss: 0.2868 - val_acc: 0.9203
Epoch 42/50

Epoch 00042: saving model to models/unbalanced_mnist_student_e300_L2_b64/normal_classifier_1000/cp-0042.hdf5
 - 3s - loss: 0.0967 - acc: 0.9668 - val_loss: 0.2959 - val_acc: 0.9184
Epoch 43/50

Epoch 00043: saving model to models/unbalanced_mnist_student_e300_L2_b64/normal_classifier_1000/cp-0043.hdf5
 - 3s - loss: 0.0893 - acc: 0.9736 - val_loss: 0.3103 - val_acc: 0.9182
Epoch 44/50

Epoch 00044: saving model to models/unbalanced_mnist_student_e300_L2_b64/normal_classifier_1000/cp-0044.hdf5
 - 3s - loss: 0.0773 - acc: 0.9736 - val_loss: 0.2973 - val_acc: 0.9224
Epoch 45/50

Epoch 00045: saving model to models/unbalanced_mnist_student_e300_L2_b64/normal_classifier_1000/cp-0045.hdf5
 - 3s - loss: 0.0853 - acc: 0.9707 - val_loss: 0.2767 - val_acc: 0.9274
Epoch 46/50

Epoch 00046: saving model to models/unbalanced_mnist_student_e300_L2_b64/normal_classifier_1000/cp-0046.hdf5
 - 3s - loss: 0.0844 - acc: 0.9746 - val_loss: 0.2703 - val_acc: 0.9268
Epoch 47/50

Epoch 00047: saving model to models/unbalanced_mnist_student_e300_L2_b64/normal_classifier_1000/cp-0047.hdf5
 - 3s - loss: 0.0818 - acc: 0.9756 - val_loss: 0.3177 - val_acc: 0.9158
Epoch 48/50

Epoch 00048: saving model to models/unbalanced_mnist_student_e300_L2_b64/normal_classifier_1000/cp-0048.hdf5
 - 3s - loss: 0.0582 - acc: 0.9844 - val_loss: 0.3022 - val_acc: 0.9203
Epoch 49/50

Epoch 00049: saving model to models/unbalanced_mnist_student_e300_L2_b64/normal_classifier_1000/cp-0049.hdf5
 - 3s - loss: 0.0683 - acc: 0.9805 - val_loss: 0.3327 - val_acc: 0.9140
Epoch 50/50

Epoch 00050: saving model to models/unbalanced_mnist_student_e300_L2_b64/normal_classifier_1000/cp-0050.hdf5
 - 3s - loss: 0.0549 - acc: 0.9824 - val_loss: 0.2887 - val_acc: 0.9251
Epoch 1/50

Epoch 00001: saving model to models/unbalanced_mnist_student_e300_L2_b64/multi-normal_classifier_1000/cp-0001.hdf5
 - 5s - loss: 2.2940 - acc: 0.1865 - val_loss: 2.2985 - val_acc: 0.1065
Epoch 2/50

Epoch 00002: saving model to models/unbalanced_mnist_student_e300_L2_b64/multi-normal_classifier_1000/cp-0002.hdf5
 - 3s - loss: 2.2488 - acc: 0.1973 - val_loss: 2.3085 - val_acc: 0.1030
Epoch 3/50

Epoch 00003: saving model to models/unbalanced_mnist_student_e300_L2_b64/multi-normal_classifier_1000/cp-0003.hdf5
 - 3s - loss: 2.1354 - acc: 0.1943 - val_loss: 2.3422 - val_acc: 0.1893
Epoch 4/50

Epoch 00004: saving model to models/unbalanced_mnist_student_e300_L2_b64/multi-normal_classifier_1000/cp-0004.hdf5
 - 3s - loss: 2.0229 - acc: 0.3281 - val_loss: 2.1421 - val_acc: 0.3247
Epoch 5/50

Epoch 00005: saving model to models/unbalanced_mnist_student_e300_L2_b64/multi-normal_classifier_1000/cp-0005.hdf5
 - 3s - loss: 1.7181 - acc: 0.4189 - val_loss: 1.6979 - val_acc: 0.4768
Epoch 6/50

Epoch 00006: saving model to models/unbalanced_mnist_student_e300_L2_b64/multi-normal_classifier_1000/cp-0006.hdf5
 - 3s - loss: 1.4218 - acc: 0.5234 - val_loss: 1.2654 - val_acc: 0.5822
Epoch 7/50

Epoch 00007: saving model to models/unbalanced_mnist_student_e300_L2_b64/multi-normal_classifier_1000/cp-0007.hdf5
 - 3s - loss: 1.1238 - acc: 0.6250 - val_loss: 0.9810 - val_acc: 0.6784
Epoch 8/50

Epoch 00008: saving model to models/unbalanced_mnist_student_e300_L2_b64/multi-normal_classifier_1000/cp-0008.hdf5
 - 3s - loss: 0.8942 - acc: 0.7256 - val_loss: 0.7251 - val_acc: 0.7864
Epoch 9/50

Epoch 00009: saving model to models/unbalanced_mnist_student_e300_L2_b64/multi-normal_classifier_1000/cp-0009.hdf5
 - 3s - loss: 0.7845 - acc: 0.7402 - val_loss: 0.6626 - val_acc: 0.8032
Epoch 10/50

Epoch 00010: saving model to models/unbalanced_mnist_student_e300_L2_b64/multi-normal_classifier_1000/cp-0010.hdf5
 - 3s - loss: 0.7210 - acc: 0.7588 - val_loss: 0.5914 - val_acc: 0.8148
Epoch 11/50

Epoch 00011: saving model to models/unbalanced_mnist_student_e300_L2_b64/multi-normal_classifier_1000/cp-0011.hdf5
 - 3s - loss: 0.7084 - acc: 0.7646 - val_loss: 0.6255 - val_acc: 0.7935
Epoch 12/50

Epoch 00012: saving model to models/unbalanced_mnist_student_e300_L2_b64/multi-normal_classifier_1000/cp-0012.hdf5
 - 3s - loss: 0.5861 - acc: 0.8066 - val_loss: 0.6339 - val_acc: 0.7939
Epoch 13/50

Epoch 00013: saving model to models/unbalanced_mnist_student_e300_L2_b64/multi-normal_classifier_1000/cp-0013.hdf5
 - 3s - loss: 0.5190 - acc: 0.8340 - val_loss: 0.4799 - val_acc: 0.8509
Epoch 14/50

Epoch 00014: saving model to models/unbalanced_mnist_student_e300_L2_b64/multi-normal_classifier_1000/cp-0014.hdf5
 - 3s - loss: 0.5275 - acc: 0.8369 - val_loss: 0.5328 - val_acc: 0.8230
Epoch 15/50

Epoch 00015: saving model to models/unbalanced_mnist_student_e300_L2_b64/multi-normal_classifier_1000/cp-0015.hdf5
 - 3s - loss: 0.4441 - acc: 0.8564 - val_loss: 0.4481 - val_acc: 0.8581
Epoch 16/50

Epoch 00016: saving model to models/unbalanced_mnist_student_e300_L2_b64/multi-normal_classifier_1000/cp-0016.hdf5
 - 3s - loss: 0.4257 - acc: 0.8584 - val_loss: 0.4256 - val_acc: 0.8607
Epoch 17/50

Epoch 00017: saving model to models/unbalanced_mnist_student_e300_L2_b64/multi-normal_classifier_1000/cp-0017.hdf5
 - 3s - loss: 0.3622 - acc: 0.8896 - val_loss: 0.4454 - val_acc: 0.8481
Epoch 18/50

Epoch 00018: saving model to models/unbalanced_mnist_student_e300_L2_b64/multi-normal_classifier_1000/cp-0018.hdf5
 - 3s - loss: 0.4248 - acc: 0.8623 - val_loss: 0.3790 - val_acc: 0.8762
Epoch 19/50

Epoch 00019: saving model to models/unbalanced_mnist_student_e300_L2_b64/multi-normal_classifier_1000/cp-0019.hdf5
 - 3s - loss: 0.3221 - acc: 0.8877 - val_loss: 0.5180 - val_acc: 0.8276
Epoch 20/50

Epoch 00020: saving model to models/unbalanced_mnist_student_e300_L2_b64/multi-normal_classifier_1000/cp-0020.hdf5
 - 3s - loss: 0.3456 - acc: 0.8857 - val_loss: 0.3721 - val_acc: 0.8757
Epoch 21/50

Epoch 00021: saving model to models/unbalanced_mnist_student_e300_L2_b64/multi-normal_classifier_1000/cp-0021.hdf5
 - 3s - loss: 0.3297 - acc: 0.8916 - val_loss: 0.3669 - val_acc: 0.8816
Epoch 22/50

Epoch 00022: saving model to models/unbalanced_mnist_student_e300_L2_b64/multi-normal_classifier_1000/cp-0022.hdf5
 - 3s - loss: 0.2942 - acc: 0.9082 - val_loss: 0.3521 - val_acc: 0.8821
Epoch 23/50

Epoch 00023: saving model to models/unbalanced_mnist_student_e300_L2_b64/multi-normal_classifier_1000/cp-0023.hdf5
 - 3s - loss: 0.2361 - acc: 0.9219 - val_loss: 0.3420 - val_acc: 0.8928
Epoch 24/50

Epoch 00024: saving model to models/unbalanced_mnist_student_e300_L2_b64/multi-normal_classifier_1000/cp-0024.hdf5
 - 3s - loss: 0.2405 - acc: 0.9170 - val_loss: 0.4421 - val_acc: 0.8538
Epoch 25/50

Epoch 00025: saving model to models/unbalanced_mnist_student_e300_L2_b64/multi-normal_classifier_1000/cp-0025.hdf5
 - 3s - loss: 0.2098 - acc: 0.9326 - val_loss: 0.3534 - val_acc: 0.8832
Epoch 26/50

Epoch 00026: saving model to models/unbalanced_mnist_student_e300_L2_b64/multi-normal_classifier_1000/cp-0026.hdf5
 - 3s - loss: 0.2363 - acc: 0.9189 - val_loss: 0.3088 - val_acc: 0.9022
Epoch 27/50

Epoch 00027: saving model to models/unbalanced_mnist_student_e300_L2_b64/multi-normal_classifier_1000/cp-0027.hdf5
 - 3s - loss: 0.1771 - acc: 0.9414 - val_loss: 0.4141 - val_acc: 0.8687
Epoch 28/50

Epoch 00028: saving model to models/unbalanced_mnist_student_e300_L2_b64/multi-normal_classifier_1000/cp-0028.hdf5
 - 3s - loss: 0.1969 - acc: 0.9355 - val_loss: 0.3089 - val_acc: 0.9039
Epoch 29/50

Epoch 00029: saving model to models/unbalanced_mnist_student_e300_L2_b64/multi-normal_classifier_1000/cp-0029.hdf5
 - 3s - loss: 0.1928 - acc: 0.9395 - val_loss: 0.3019 - val_acc: 0.9062
Epoch 30/50

Epoch 00030: saving model to models/unbalanced_mnist_student_e300_L2_b64/multi-normal_classifier_1000/cp-0030.hdf5
 - 3s - loss: 0.1590 - acc: 0.9414 - val_loss: 0.3252 - val_acc: 0.8969
Epoch 31/50

Epoch 00031: saving model to models/unbalanced_mnist_student_e300_L2_b64/multi-normal_classifier_1000/cp-0031.hdf5
 - 3s - loss: 0.1607 - acc: 0.9502 - val_loss: 0.2930 - val_acc: 0.9103
Epoch 32/50

Epoch 00032: saving model to models/unbalanced_mnist_student_e300_L2_b64/multi-normal_classifier_1000/cp-0032.hdf5
 - 3s - loss: 0.1420 - acc: 0.9521 - val_loss: 0.2924 - val_acc: 0.9097
Epoch 33/50

Epoch 00033: saving model to models/unbalanced_mnist_student_e300_L2_b64/multi-normal_classifier_1000/cp-0033.hdf5
 - 3s - loss: 0.1408 - acc: 0.9502 - val_loss: 0.3037 - val_acc: 0.9064
Epoch 34/50

Epoch 00034: saving model to models/unbalanced_mnist_student_e300_L2_b64/multi-normal_classifier_1000/cp-0034.hdf5
 - 3s - loss: 0.1402 - acc: 0.9531 - val_loss: 0.3312 - val_acc: 0.8966
Epoch 35/50

Epoch 00035: saving model to models/unbalanced_mnist_student_e300_L2_b64/multi-normal_classifier_1000/cp-0035.hdf5
 - 3s - loss: 0.1350 - acc: 0.9531 - val_loss: 0.2865 - val_acc: 0.9118
Epoch 36/50

Epoch 00036: saving model to models/unbalanced_mnist_student_e300_L2_b64/multi-normal_classifier_1000/cp-0036.hdf5
 - 3s - loss: 0.1303 - acc: 0.9570 - val_loss: 0.2963 - val_acc: 0.9129
Epoch 37/50

Epoch 00037: saving model to models/unbalanced_mnist_student_e300_L2_b64/multi-normal_classifier_1000/cp-0037.hdf5
 - 3s - loss: 0.0996 - acc: 0.9707 - val_loss: 0.2819 - val_acc: 0.9147
Epoch 38/50

Epoch 00038: saving model to models/unbalanced_mnist_student_e300_L2_b64/multi-normal_classifier_1000/cp-0038.hdf5
 - 3s - loss: 0.1294 - acc: 0.9600 - val_loss: 0.3331 - val_acc: 0.8967
Epoch 39/50

Epoch 00039: saving model to models/unbalanced_mnist_student_e300_L2_b64/multi-normal_classifier_1000/cp-0039.hdf5
 - 3s - loss: 0.1059 - acc: 0.9688 - val_loss: 0.3032 - val_acc: 0.9099
Epoch 40/50

Epoch 00040: saving model to models/unbalanced_mnist_student_e300_L2_b64/multi-normal_classifier_1000/cp-0040.hdf5
 - 3s - loss: 0.0987 - acc: 0.9707 - val_loss: 0.3154 - val_acc: 0.9074
Epoch 41/50

Epoch 00041: saving model to models/unbalanced_mnist_student_e300_L2_b64/multi-normal_classifier_1000/cp-0041.hdf5
 - 3s - loss: 0.0885 - acc: 0.9717 - val_loss: 0.3126 - val_acc: 0.9095
Epoch 42/50

Epoch 00042: saving model to models/unbalanced_mnist_student_e300_L2_b64/multi-normal_classifier_1000/cp-0042.hdf5
 - 3s - loss: 0.0918 - acc: 0.9648 - val_loss: 0.3047 - val_acc: 0.9122
Epoch 43/50

Epoch 00043: saving model to models/unbalanced_mnist_student_e300_L2_b64/multi-normal_classifier_1000/cp-0043.hdf5
 - 3s - loss: 0.0912 - acc: 0.9746 - val_loss: 0.3015 - val_acc: 0.9138
Epoch 44/50

Epoch 00044: saving model to models/unbalanced_mnist_student_e300_L2_b64/multi-normal_classifier_1000/cp-0044.hdf5
 - 3s - loss: 0.0834 - acc: 0.9736 - val_loss: 0.3233 - val_acc: 0.9075
Epoch 45/50

Epoch 00045: saving model to models/unbalanced_mnist_student_e300_L2_b64/multi-normal_classifier_1000/cp-0045.hdf5
 - 3s - loss: 0.0728 - acc: 0.9766 - val_loss: 0.2982 - val_acc: 0.9143
Epoch 46/50

Epoch 00046: saving model to models/unbalanced_mnist_student_e300_L2_b64/multi-normal_classifier_1000/cp-0046.hdf5
 - 3s - loss: 0.0699 - acc: 0.9775 - val_loss: 0.3016 - val_acc: 0.9128
Epoch 47/50

Epoch 00047: saving model to models/unbalanced_mnist_student_e300_L2_b64/multi-normal_classifier_1000/cp-0047.hdf5
 - 3s - loss: 0.0626 - acc: 0.9775 - val_loss: 0.3302 - val_acc: 0.9081
Epoch 48/50

Epoch 00048: saving model to models/unbalanced_mnist_student_e300_L2_b64/multi-normal_classifier_1000/cp-0048.hdf5
 - 3s - loss: 0.0671 - acc: 0.9844 - val_loss: 0.3077 - val_acc: 0.9146
Epoch 49/50

Epoch 00049: saving model to models/unbalanced_mnist_student_e300_L2_b64/multi-normal_classifier_1000/cp-0049.hdf5
 - 3s - loss: 0.0591 - acc: 0.9873 - val_loss: 0.3126 - val_acc: 0.9135
Epoch 50/50

Epoch 00050: saving model to models/unbalanced_mnist_student_e300_L2_b64/multi-normal_classifier_1000/cp-0050.hdf5
 - 3s - loss: 0.0589 - acc: 0.9795 - val_loss: 0.3042 - val_acc: 0.9153
Epoch 1/50

Epoch 00001: saving model to models/unbalanced_mnist_student_e300_L2_b64/uniform_classifier_1000/cp-0001.hdf5
 - 5s - loss: 2.2931 - acc: 0.1758 - val_loss: 2.3000 - val_acc: 0.0980
Epoch 2/50

Epoch 00002: saving model to models/unbalanced_mnist_student_e300_L2_b64/uniform_classifier_1000/cp-0002.hdf5
 - 3s - loss: 2.1954 - acc: 0.2725 - val_loss: 2.3866 - val_acc: 0.0978
Epoch 3/50

Epoch 00003: saving model to models/unbalanced_mnist_student_e300_L2_b64/uniform_classifier_1000/cp-0003.hdf5
 - 3s - loss: 1.8862 - acc: 0.3057 - val_loss: 2.6205 - val_acc: 0.2350
Epoch 4/50

Epoch 00004: saving model to models/unbalanced_mnist_student_e300_L2_b64/uniform_classifier_1000/cp-0004.hdf5
 - 3s - loss: 1.4809 - acc: 0.5439 - val_loss: 2.3276 - val_acc: 0.3680
Epoch 5/50

Epoch 00005: saving model to models/unbalanced_mnist_student_e300_L2_b64/uniform_classifier_1000/cp-0005.hdf5
 - 3s - loss: 1.1215 - acc: 0.6631 - val_loss: 1.8135 - val_acc: 0.4044
Epoch 6/50

Epoch 00006: saving model to models/unbalanced_mnist_student_e300_L2_b64/uniform_classifier_1000/cp-0006.hdf5
 - 3s - loss: 0.9153 - acc: 0.7334 - val_loss: 1.6803 - val_acc: 0.4329
Epoch 7/50

Epoch 00007: saving model to models/unbalanced_mnist_student_e300_L2_b64/uniform_classifier_1000/cp-0007.hdf5
 - 3s - loss: 0.7448 - acc: 0.7637 - val_loss: 1.6005 - val_acc: 0.5104
Epoch 8/50

Epoch 00008: saving model to models/unbalanced_mnist_student_e300_L2_b64/uniform_classifier_1000/cp-0008.hdf5
 - 3s - loss: 0.6597 - acc: 0.8135 - val_loss: 1.5217 - val_acc: 0.5292
Epoch 9/50

Epoch 00009: saving model to models/unbalanced_mnist_student_e300_L2_b64/uniform_classifier_1000/cp-0009.hdf5
 - 3s - loss: 0.6095 - acc: 0.8145 - val_loss: 1.4331 - val_acc: 0.5173
Epoch 10/50

Epoch 00010: saving model to models/unbalanced_mnist_student_e300_L2_b64/uniform_classifier_1000/cp-0010.hdf5
 - 3s - loss: 0.5088 - acc: 0.8477 - val_loss: 1.0621 - val_acc: 0.6508
Epoch 11/50

Epoch 00011: saving model to models/unbalanced_mnist_student_e300_L2_b64/uniform_classifier_1000/cp-0011.hdf5
 - 3s - loss: 0.4571 - acc: 0.8516 - val_loss: 0.9752 - val_acc: 0.6860
Epoch 12/50

Epoch 00012: saving model to models/unbalanced_mnist_student_e300_L2_b64/uniform_classifier_1000/cp-0012.hdf5
 - 3s - loss: 0.4368 - acc: 0.8564 - val_loss: 0.9483 - val_acc: 0.7079
Epoch 13/50

Epoch 00013: saving model to models/unbalanced_mnist_student_e300_L2_b64/uniform_classifier_1000/cp-0013.hdf5
 - 3s - loss: 0.3619 - acc: 0.8857 - val_loss: 1.0353 - val_acc: 0.6911
Epoch 14/50

Epoch 00014: saving model to models/unbalanced_mnist_student_e300_L2_b64/uniform_classifier_1000/cp-0014.hdf5
 - 3s - loss: 0.3351 - acc: 0.8906 - val_loss: 0.8932 - val_acc: 0.7325
Epoch 15/50

Epoch 00015: saving model to models/unbalanced_mnist_student_e300_L2_b64/uniform_classifier_1000/cp-0015.hdf5
 - 3s - loss: 0.3026 - acc: 0.9072 - val_loss: 0.7826 - val_acc: 0.7560
Epoch 16/50

Epoch 00016: saving model to models/unbalanced_mnist_student_e300_L2_b64/uniform_classifier_1000/cp-0016.hdf5
 - 3s - loss: 0.2895 - acc: 0.9072 - val_loss: 0.8040 - val_acc: 0.7810
Epoch 17/50

Epoch 00017: saving model to models/unbalanced_mnist_student_e300_L2_b64/uniform_classifier_1000/cp-0017.hdf5
 - 3s - loss: 0.2616 - acc: 0.9170 - val_loss: 0.7809 - val_acc: 0.7758
Epoch 18/50

Epoch 00018: saving model to models/unbalanced_mnist_student_e300_L2_b64/uniform_classifier_1000/cp-0018.hdf5
 - 3s - loss: 0.2160 - acc: 0.9297 - val_loss: 0.9664 - val_acc: 0.7241
Epoch 19/50

Epoch 00019: saving model to models/unbalanced_mnist_student_e300_L2_b64/uniform_classifier_1000/cp-0019.hdf5
 - 3s - loss: 0.2252 - acc: 0.9219 - val_loss: 0.6558 - val_acc: 0.8198
Epoch 20/50

Epoch 00020: saving model to models/unbalanced_mnist_student_e300_L2_b64/uniform_classifier_1000/cp-0020.hdf5
 - 3s - loss: 0.2282 - acc: 0.9287 - val_loss: 0.7416 - val_acc: 0.7981
Epoch 21/50

Epoch 00021: saving model to models/unbalanced_mnist_student_e300_L2_b64/uniform_classifier_1000/cp-0021.hdf5
 - 3s - loss: 0.1528 - acc: 0.9482 - val_loss: 0.7534 - val_acc: 0.7889
Epoch 22/50

Epoch 00022: saving model to models/unbalanced_mnist_student_e300_L2_b64/uniform_classifier_1000/cp-0022.hdf5
 - 3s - loss: 0.1742 - acc: 0.9434 - val_loss: 0.7127 - val_acc: 0.8163
Epoch 23/50

Epoch 00023: saving model to models/unbalanced_mnist_student_e300_L2_b64/uniform_classifier_1000/cp-0023.hdf5
 - 3s - loss: 0.1906 - acc: 0.9375 - val_loss: 0.8109 - val_acc: 0.7817
Epoch 24/50

Epoch 00024: saving model to models/unbalanced_mnist_student_e300_L2_b64/uniform_classifier_1000/cp-0024.hdf5
 - 3s - loss: 0.1685 - acc: 0.9502 - val_loss: 0.6547 - val_acc: 0.8369
Epoch 25/50

Epoch 00025: saving model to models/unbalanced_mnist_student_e300_L2_b64/uniform_classifier_1000/cp-0025.hdf5
 - 3s - loss: 0.1395 - acc: 0.9463 - val_loss: 0.6568 - val_acc: 0.8293
Epoch 26/50

Epoch 00026: saving model to models/unbalanced_mnist_student_e300_L2_b64/uniform_classifier_1000/cp-0026.hdf5
 - 3s - loss: 0.1423 - acc: 0.9512 - val_loss: 0.6783 - val_acc: 0.8238
Epoch 27/50

Epoch 00027: saving model to models/unbalanced_mnist_student_e300_L2_b64/uniform_classifier_1000/cp-0027.hdf5
 - 3s - loss: 0.1035 - acc: 0.9609 - val_loss: 0.7321 - val_acc: 0.8204
Epoch 28/50

Epoch 00028: saving model to models/unbalanced_mnist_student_e300_L2_b64/uniform_classifier_1000/cp-0028.hdf5
 - 3s - loss: 0.1259 - acc: 0.9561 - val_loss: 0.7952 - val_acc: 0.7932
Epoch 29/50

Epoch 00029: saving model to models/unbalanced_mnist_student_e300_L2_b64/uniform_classifier_1000/cp-0029.hdf5
 - 3s - loss: 0.0909 - acc: 0.9678 - val_loss: 0.7562 - val_acc: 0.8315
Epoch 30/50

Epoch 00030: saving model to models/unbalanced_mnist_student_e300_L2_b64/uniform_classifier_1000/cp-0030.hdf5
 - 3s - loss: 0.1171 - acc: 0.9619 - val_loss: 0.7122 - val_acc: 0.8329
Epoch 31/50

Epoch 00031: saving model to models/unbalanced_mnist_student_e300_L2_b64/uniform_classifier_1000/cp-0031.hdf5
 - 3s - loss: 0.1034 - acc: 0.9678 - val_loss: 0.7023 - val_acc: 0.8361
Epoch 32/50

Epoch 00032: saving model to models/unbalanced_mnist_student_e300_L2_b64/uniform_classifier_1000/cp-0032.hdf5
 - 3s - loss: 0.0943 - acc: 0.9658 - val_loss: 0.7364 - val_acc: 0.8318
Epoch 33/50

Epoch 00033: saving model to models/unbalanced_mnist_student_e300_L2_b64/uniform_classifier_1000/cp-0033.hdf5
 - 3s - loss: 0.1036 - acc: 0.9648 - val_loss: 0.7191 - val_acc: 0.8409
Epoch 34/50

Epoch 00034: saving model to models/unbalanced_mnist_student_e300_L2_b64/uniform_classifier_1000/cp-0034.hdf5
 - 3s - loss: 0.0794 - acc: 0.9727 - val_loss: 0.6845 - val_acc: 0.8293
Epoch 35/50

Epoch 00035: saving model to models/unbalanced_mnist_student_e300_L2_b64/uniform_classifier_1000/cp-0035.hdf5
 - 3s - loss: 0.0748 - acc: 0.9795 - val_loss: 0.6886 - val_acc: 0.8474
Epoch 36/50

Epoch 00036: saving model to models/unbalanced_mnist_student_e300_L2_b64/uniform_classifier_1000/cp-0036.hdf5
 - 3s - loss: 0.0806 - acc: 0.9688 - val_loss: 0.7504 - val_acc: 0.8407
Epoch 37/50

Epoch 00037: saving model to models/unbalanced_mnist_student_e300_L2_b64/uniform_classifier_1000/cp-0037.hdf5
 - 3s - loss: 0.0709 - acc: 0.9756 - val_loss: 0.8078 - val_acc: 0.8052
Epoch 38/50

Epoch 00038: saving model to models/unbalanced_mnist_student_e300_L2_b64/uniform_classifier_1000/cp-0038.hdf5
 - 3s - loss: 0.0621 - acc: 0.9727 - val_loss: 0.8073 - val_acc: 0.8261
Epoch 39/50

Epoch 00039: saving model to models/unbalanced_mnist_student_e300_L2_b64/uniform_classifier_1000/cp-0039.hdf5
 - 3s - loss: 0.0621 - acc: 0.9834 - val_loss: 0.7449 - val_acc: 0.8495
Epoch 40/50

Epoch 00040: saving model to models/unbalanced_mnist_student_e300_L2_b64/uniform_classifier_1000/cp-0040.hdf5
 - 3s - loss: 0.0684 - acc: 0.9766 - val_loss: 0.7480 - val_acc: 0.8467
Epoch 41/50

Epoch 00041: saving model to models/unbalanced_mnist_student_e300_L2_b64/uniform_classifier_1000/cp-0041.hdf5
 - 3s - loss: 0.0709 - acc: 0.9717 - val_loss: 0.7026 - val_acc: 0.8581
Epoch 42/50

Epoch 00042: saving model to models/unbalanced_mnist_student_e300_L2_b64/uniform_classifier_1000/cp-0042.hdf5
 - 3s - loss: 0.0540 - acc: 0.9824 - val_loss: 0.7649 - val_acc: 0.8517
Epoch 43/50

Epoch 00043: saving model to models/unbalanced_mnist_student_e300_L2_b64/uniform_classifier_1000/cp-0043.hdf5
 - 3s - loss: 0.0517 - acc: 0.9834 - val_loss: 0.7428 - val_acc: 0.8539
Epoch 44/50

Epoch 00044: saving model to models/unbalanced_mnist_student_e300_L2_b64/uniform_classifier_1000/cp-0044.hdf5
 - 3s - loss: 0.0443 - acc: 0.9883 - val_loss: 0.7839 - val_acc: 0.8475
Epoch 45/50

Epoch 00045: saving model to models/unbalanced_mnist_student_e300_L2_b64/uniform_classifier_1000/cp-0045.hdf5
 - 3s - loss: 0.0466 - acc: 0.9873 - val_loss: 0.8065 - val_acc: 0.8407
Epoch 46/50

Epoch 00046: saving model to models/unbalanced_mnist_student_e300_L2_b64/uniform_classifier_1000/cp-0046.hdf5
 - 3s - loss: 0.0435 - acc: 0.9883 - val_loss: 0.8132 - val_acc: 0.8414
Epoch 47/50

Epoch 00047: saving model to models/unbalanced_mnist_student_e300_L2_b64/uniform_classifier_1000/cp-0047.hdf5
 - 3s - loss: 0.0453 - acc: 0.9873 - val_loss: 0.7919 - val_acc: 0.8480
Epoch 48/50

Epoch 00048: saving model to models/unbalanced_mnist_student_e300_L2_b64/uniform_classifier_1000/cp-0048.hdf5
 - 3s - loss: 0.0356 - acc: 0.9883 - val_loss: 0.7698 - val_acc: 0.8550
Epoch 49/50

Epoch 00049: saving model to models/unbalanced_mnist_student_e300_L2_b64/uniform_classifier_1000/cp-0049.hdf5
 - 3s - loss: 0.0506 - acc: 0.9834 - val_loss: 0.8229 - val_acc: 0.8470
Epoch 50/50

Epoch 00050: saving model to models/unbalanced_mnist_student_e300_L2_b64/uniform_classifier_1000/cp-0050.hdf5
 - 3s - loss: 0.0398 - acc: 0.9902 - val_loss: 0.7859 - val_acc: 0.8487
Epoch 1/50

Epoch 00001: saving model to models/unbalanced_mnist_student_e300_L2_b64/uniform-cluster_classifier_1000/cp-0001.hdf5
 - 5s - loss: 2.3012 - acc: 0.1182 - val_loss: 2.3004 - val_acc: 0.1039
Epoch 2/50

Epoch 00002: saving model to models/unbalanced_mnist_student_e300_L2_b64/uniform-cluster_classifier_1000/cp-0002.hdf5
 - 3s - loss: 2.2915 - acc: 0.1543 - val_loss: 2.2967 - val_acc: 0.1030
Epoch 3/50

Epoch 00003: saving model to models/unbalanced_mnist_student_e300_L2_b64/uniform-cluster_classifier_1000/cp-0003.hdf5
 - 3s - loss: 2.2641 - acc: 0.1562 - val_loss: 2.2879 - val_acc: 0.1031
Epoch 4/50

Epoch 00004: saving model to models/unbalanced_mnist_student_e300_L2_b64/uniform-cluster_classifier_1000/cp-0004.hdf5
 - 3s - loss: 2.1584 - acc: 0.1855 - val_loss: 2.3353 - val_acc: 0.1304
Epoch 5/50

Epoch 00005: saving model to models/unbalanced_mnist_student_e300_L2_b64/uniform-cluster_classifier_1000/cp-0005.hdf5
 - 3s - loss: 2.0128 - acc: 0.2812 - val_loss: 2.0515 - val_acc: 0.3926
Epoch 6/50

Epoch 00006: saving model to models/unbalanced_mnist_student_e300_L2_b64/uniform-cluster_classifier_1000/cp-0006.hdf5
 - 3s - loss: 1.6396 - acc: 0.4629 - val_loss: 1.5530 - val_acc: 0.4914
Epoch 7/50

Epoch 00007: saving model to models/unbalanced_mnist_student_e300_L2_b64/uniform-cluster_classifier_1000/cp-0007.hdf5
 - 3s - loss: 1.3956 - acc: 0.5215 - val_loss: 1.2472 - val_acc: 0.5949
Epoch 8/50

Epoch 00008: saving model to models/unbalanced_mnist_student_e300_L2_b64/uniform-cluster_classifier_1000/cp-0008.hdf5
 - 3s - loss: 1.1442 - acc: 0.6250 - val_loss: 0.9131 - val_acc: 0.6833
Epoch 9/50

Epoch 00009: saving model to models/unbalanced_mnist_student_e300_L2_b64/uniform-cluster_classifier_1000/cp-0009.hdf5
 - 3s - loss: 1.0434 - acc: 0.6416 - val_loss: 0.7786 - val_acc: 0.7652
Epoch 10/50

Epoch 00010: saving model to models/unbalanced_mnist_student_e300_L2_b64/uniform-cluster_classifier_1000/cp-0010.hdf5
 - 3s - loss: 0.8309 - acc: 0.7051 - val_loss: 0.7492 - val_acc: 0.7452
Epoch 11/50

Epoch 00011: saving model to models/unbalanced_mnist_student_e300_L2_b64/uniform-cluster_classifier_1000/cp-0011.hdf5
 - 3s - loss: 0.7198 - acc: 0.7559 - val_loss: 0.6513 - val_acc: 0.7818
Epoch 12/50

Epoch 00012: saving model to models/unbalanced_mnist_student_e300_L2_b64/uniform-cluster_classifier_1000/cp-0012.hdf5
 - 3s - loss: 0.6635 - acc: 0.7676 - val_loss: 0.5421 - val_acc: 0.8249
Epoch 13/50

Epoch 00013: saving model to models/unbalanced_mnist_student_e300_L2_b64/uniform-cluster_classifier_1000/cp-0013.hdf5
 - 3s - loss: 0.5526 - acc: 0.8154 - val_loss: 0.6644 - val_acc: 0.7852
Epoch 14/50

Epoch 00014: saving model to models/unbalanced_mnist_student_e300_L2_b64/uniform-cluster_classifier_1000/cp-0014.hdf5
 - 3s - loss: 0.5195 - acc: 0.8281 - val_loss: 0.4351 - val_acc: 0.8664
Epoch 15/50

Epoch 00015: saving model to models/unbalanced_mnist_student_e300_L2_b64/uniform-cluster_classifier_1000/cp-0015.hdf5
 - 3s - loss: 0.4571 - acc: 0.8418 - val_loss: 0.4891 - val_acc: 0.8353
Epoch 16/50

Epoch 00016: saving model to models/unbalanced_mnist_student_e300_L2_b64/uniform-cluster_classifier_1000/cp-0016.hdf5
 - 3s - loss: 0.4087 - acc: 0.8574 - val_loss: 0.3660 - val_acc: 0.8840
Epoch 17/50

Epoch 00017: saving model to models/unbalanced_mnist_student_e300_L2_b64/uniform-cluster_classifier_1000/cp-0017.hdf5
 - 3s - loss: 0.3728 - acc: 0.8799 - val_loss: 0.3723 - val_acc: 0.8876
Epoch 18/50

Epoch 00018: saving model to models/unbalanced_mnist_student_e300_L2_b64/uniform-cluster_classifier_1000/cp-0018.hdf5
 - 3s - loss: 0.3403 - acc: 0.8887 - val_loss: 0.3847 - val_acc: 0.8791
Epoch 19/50

Epoch 00019: saving model to models/unbalanced_mnist_student_e300_L2_b64/uniform-cluster_classifier_1000/cp-0019.hdf5
 - 3s - loss: 0.3008 - acc: 0.8975 - val_loss: 0.3446 - val_acc: 0.8954
Epoch 20/50

Epoch 00020: saving model to models/unbalanced_mnist_student_e300_L2_b64/uniform-cluster_classifier_1000/cp-0020.hdf5
 - 3s - loss: 0.3261 - acc: 0.8887 - val_loss: 0.3374 - val_acc: 0.8941
Epoch 21/50

Epoch 00021: saving model to models/unbalanced_mnist_student_e300_L2_b64/uniform-cluster_classifier_1000/cp-0021.hdf5
 - 3s - loss: 0.2212 - acc: 0.9248 - val_loss: 0.3504 - val_acc: 0.8950
Epoch 22/50

Epoch 00022: saving model to models/unbalanced_mnist_student_e300_L2_b64/uniform-cluster_classifier_1000/cp-0022.hdf5
 - 3s - loss: 0.2192 - acc: 0.9346 - val_loss: 0.3448 - val_acc: 0.9000
Epoch 23/50

Epoch 00023: saving model to models/unbalanced_mnist_student_e300_L2_b64/uniform-cluster_classifier_1000/cp-0023.hdf5
 - 3s - loss: 0.2041 - acc: 0.9268 - val_loss: 0.3211 - val_acc: 0.9062
Epoch 24/50

Epoch 00024: saving model to models/unbalanced_mnist_student_e300_L2_b64/uniform-cluster_classifier_1000/cp-0024.hdf5
 - 3s - loss: 0.2123 - acc: 0.9258 - val_loss: 0.4087 - val_acc: 0.8777
Epoch 25/50

Epoch 00025: saving model to models/unbalanced_mnist_student_e300_L2_b64/uniform-cluster_classifier_1000/cp-0025.hdf5
 - 3s - loss: 0.1878 - acc: 0.9395 - val_loss: 0.3116 - val_acc: 0.9091
Epoch 26/50

Epoch 00026: saving model to models/unbalanced_mnist_student_e300_L2_b64/uniform-cluster_classifier_1000/cp-0026.hdf5
 - 3s - loss: 0.1531 - acc: 0.9482 - val_loss: 0.3135 - val_acc: 0.9118
Epoch 27/50

Epoch 00027: saving model to models/unbalanced_mnist_student_e300_L2_b64/uniform-cluster_classifier_1000/cp-0027.hdf5
 - 3s - loss: 0.1293 - acc: 0.9561 - val_loss: 0.3263 - val_acc: 0.9068
Epoch 28/50

Epoch 00028: saving model to models/unbalanced_mnist_student_e300_L2_b64/uniform-cluster_classifier_1000/cp-0028.hdf5
 - 3s - loss: 0.1422 - acc: 0.9512 - val_loss: 0.3601 - val_acc: 0.8996
Epoch 29/50

Epoch 00029: saving model to models/unbalanced_mnist_student_e300_L2_b64/uniform-cluster_classifier_1000/cp-0029.hdf5
 - 3s - loss: 0.1280 - acc: 0.9600 - val_loss: 0.3660 - val_acc: 0.8987
Epoch 30/50

Epoch 00030: saving model to models/unbalanced_mnist_student_e300_L2_b64/uniform-cluster_classifier_1000/cp-0030.hdf5
 - 3s - loss: 0.1056 - acc: 0.9619 - val_loss: 0.3350 - val_acc: 0.9068
Epoch 31/50

Epoch 00031: saving model to models/unbalanced_mnist_student_e300_L2_b64/uniform-cluster_classifier_1000/cp-0031.hdf5
 - 3s - loss: 0.1211 - acc: 0.9619 - val_loss: 0.3107 - val_acc: 0.9185
Epoch 32/50

Epoch 00032: saving model to models/unbalanced_mnist_student_e300_L2_b64/uniform-cluster_classifier_1000/cp-0032.hdf5
 - 3s - loss: 0.1077 - acc: 0.9668 - val_loss: 0.3163 - val_acc: 0.9129
Epoch 33/50

Epoch 00033: saving model to models/unbalanced_mnist_student_e300_L2_b64/uniform-cluster_classifier_1000/cp-0033.hdf5
 - 3s - loss: 0.1052 - acc: 0.9619 - val_loss: 0.3692 - val_acc: 0.8994
Epoch 34/50

Epoch 00034: saving model to models/unbalanced_mnist_student_e300_L2_b64/uniform-cluster_classifier_1000/cp-0034.hdf5
 - 3s - loss: 0.0833 - acc: 0.9717 - val_loss: 0.3297 - val_acc: 0.9155
Epoch 35/50

Epoch 00035: saving model to models/unbalanced_mnist_student_e300_L2_b64/uniform-cluster_classifier_1000/cp-0035.hdf5
 - 3s - loss: 0.0926 - acc: 0.9697 - val_loss: 0.3422 - val_acc: 0.9112
Epoch 36/50

Epoch 00036: saving model to models/unbalanced_mnist_student_e300_L2_b64/uniform-cluster_classifier_1000/cp-0036.hdf5
 - 3s - loss: 0.0715 - acc: 0.9746 - val_loss: 0.3181 - val_acc: 0.9181
Epoch 37/50

Epoch 00037: saving model to models/unbalanced_mnist_student_e300_L2_b64/uniform-cluster_classifier_1000/cp-0037.hdf5
 - 3s - loss: 0.0711 - acc: 0.9756 - val_loss: 0.3566 - val_acc: 0.9074
Epoch 38/50

Epoch 00038: saving model to models/unbalanced_mnist_student_e300_L2_b64/uniform-cluster_classifier_1000/cp-0038.hdf5
 - 3s - loss: 0.0729 - acc: 0.9775 - val_loss: 0.3767 - val_acc: 0.9035
Epoch 39/50

Epoch 00039: saving model to models/unbalanced_mnist_student_e300_L2_b64/uniform-cluster_classifier_1000/cp-0039.hdf5
 - 3s - loss: 0.0650 - acc: 0.9736 - val_loss: 0.3578 - val_acc: 0.9093
Epoch 40/50

Epoch 00040: saving model to models/unbalanced_mnist_student_e300_L2_b64/uniform-cluster_classifier_1000/cp-0040.hdf5
 - 3s - loss: 0.0498 - acc: 0.9883 - val_loss: 0.3551 - val_acc: 0.9144
Epoch 41/50

Epoch 00041: saving model to models/unbalanced_mnist_student_e300_L2_b64/uniform-cluster_classifier_1000/cp-0041.hdf5
 - 3s - loss: 0.0477 - acc: 0.9844 - val_loss: 0.3550 - val_acc: 0.9136
Epoch 42/50

Epoch 00042: saving model to models/unbalanced_mnist_student_e300_L2_b64/uniform-cluster_classifier_1000/cp-0042.hdf5
 - 3s - loss: 0.0459 - acc: 0.9883 - val_loss: 0.3603 - val_acc: 0.9149
Epoch 43/50

Epoch 00043: saving model to models/unbalanced_mnist_student_e300_L2_b64/uniform-cluster_classifier_1000/cp-0043.hdf5
 - 3s - loss: 0.0528 - acc: 0.9854 - val_loss: 0.3657 - val_acc: 0.9125
Epoch 44/50

Epoch 00044: saving model to models/unbalanced_mnist_student_e300_L2_b64/uniform-cluster_classifier_1000/cp-0044.hdf5
 - 3s - loss: 0.0524 - acc: 0.9844 - val_loss: 0.3418 - val_acc: 0.9182
Epoch 45/50

Epoch 00045: saving model to models/unbalanced_mnist_student_e300_L2_b64/uniform-cluster_classifier_1000/cp-0045.hdf5
 - 3s - loss: 0.0616 - acc: 0.9746 - val_loss: 0.3458 - val_acc: 0.9205
Epoch 46/50

Epoch 00046: saving model to models/unbalanced_mnist_student_e300_L2_b64/uniform-cluster_classifier_1000/cp-0046.hdf5
 - 3s - loss: 0.0398 - acc: 0.9883 - val_loss: 0.3598 - val_acc: 0.9183
Epoch 47/50

Epoch 00047: saving model to models/unbalanced_mnist_student_e300_L2_b64/uniform-cluster_classifier_1000/cp-0047.hdf5
 - 3s - loss: 0.0487 - acc: 0.9863 - val_loss: 0.3526 - val_acc: 0.9162
Epoch 48/50

Epoch 00048: saving model to models/unbalanced_mnist_student_e300_L2_b64/uniform-cluster_classifier_1000/cp-0048.hdf5
 - 3s - loss: 0.0324 - acc: 0.9912 - val_loss: 0.3676 - val_acc: 0.9150
Epoch 49/50

Epoch 00049: saving model to models/unbalanced_mnist_student_e300_L2_b64/uniform-cluster_classifier_1000/cp-0049.hdf5
 - 3s - loss: 0.0482 - acc: 0.9854 - val_loss: 0.3589 - val_acc: 0.9166
Epoch 50/50

Epoch 00050: saving model to models/unbalanced_mnist_student_e300_L2_b64/uniform-cluster_classifier_1000/cp-0050.hdf5
 - 3s - loss: 0.0355 - acc: 0.9883 - val_loss: 0.3674 - val_acc: 0.9149
Epoch 1/50

Epoch 00001: saving model to models/unbalanced_mnist_student_e300_L2_b64/normal-cluster_classifier_1000/cp-0001.hdf5
 - 5s - loss: 2.2924 - acc: 0.2041 - val_loss: 2.2993 - val_acc: 0.1351
Epoch 2/50

Epoch 00002: saving model to models/unbalanced_mnist_student_e300_L2_b64/normal-cluster_classifier_1000/cp-0002.hdf5
 - 3s - loss: 2.2368 - acc: 0.2354 - val_loss: 2.3161 - val_acc: 0.0980
Epoch 3/50

Epoch 00003: saving model to models/unbalanced_mnist_student_e300_L2_b64/normal-cluster_classifier_1000/cp-0003.hdf5
 - 3s - loss: 2.0866 - acc: 0.2598 - val_loss: 2.4227 - val_acc: 0.1622
Epoch 4/50

Epoch 00004: saving model to models/unbalanced_mnist_student_e300_L2_b64/normal-cluster_classifier_1000/cp-0004.hdf5
 - 3s - loss: 2.0087 - acc: 0.3418 - val_loss: 2.2820 - val_acc: 0.2484
Epoch 5/50

Epoch 00005: saving model to models/unbalanced_mnist_student_e300_L2_b64/normal-cluster_classifier_1000/cp-0005.hdf5
 - 3s - loss: 1.7354 - acc: 0.4229 - val_loss: 2.0211 - val_acc: 0.2620
Epoch 6/50

Epoch 00006: saving model to models/unbalanced_mnist_student_e300_L2_b64/normal-cluster_classifier_1000/cp-0006.hdf5
 - 3s - loss: 1.4510 - acc: 0.5166 - val_loss: 1.4310 - val_acc: 0.5340
Epoch 7/50

Epoch 00007: saving model to models/unbalanced_mnist_student_e300_L2_b64/normal-cluster_classifier_1000/cp-0007.hdf5
 - 3s - loss: 1.2286 - acc: 0.5693 - val_loss: 1.3824 - val_acc: 0.4974
Epoch 8/50

Epoch 00008: saving model to models/unbalanced_mnist_student_e300_L2_b64/normal-cluster_classifier_1000/cp-0008.hdf5
 - 3s - loss: 1.0131 - acc: 0.6494 - val_loss: 1.0384 - val_acc: 0.6210
Epoch 9/50

Epoch 00009: saving model to models/unbalanced_mnist_student_e300_L2_b64/normal-cluster_classifier_1000/cp-0009.hdf5
 - 3s - loss: 0.8538 - acc: 0.7197 - val_loss: 0.8542 - val_acc: 0.7451
Epoch 10/50

Epoch 00010: saving model to models/unbalanced_mnist_student_e300_L2_b64/normal-cluster_classifier_1000/cp-0010.hdf5
 - 3s - loss: 0.7589 - acc: 0.7578 - val_loss: 0.9891 - val_acc: 0.6785
Epoch 11/50

Epoch 00011: saving model to models/unbalanced_mnist_student_e300_L2_b64/normal-cluster_classifier_1000/cp-0011.hdf5
 - 3s - loss: 0.6940 - acc: 0.7588 - val_loss: 0.6823 - val_acc: 0.7920
Epoch 12/50

Epoch 00012: saving model to models/unbalanced_mnist_student_e300_L2_b64/normal-cluster_classifier_1000/cp-0012.hdf5
 - 3s - loss: 0.6365 - acc: 0.7852 - val_loss: 0.7259 - val_acc: 0.7585
Epoch 13/50

Epoch 00013: saving model to models/unbalanced_mnist_student_e300_L2_b64/normal-cluster_classifier_1000/cp-0013.hdf5
 - 3s - loss: 0.4782 - acc: 0.8379 - val_loss: 0.6370 - val_acc: 0.8040
Epoch 14/50

Epoch 00014: saving model to models/unbalanced_mnist_student_e300_L2_b64/normal-cluster_classifier_1000/cp-0014.hdf5
 - 3s - loss: 0.4405 - acc: 0.8525 - val_loss: 0.5635 - val_acc: 0.8235
Epoch 15/50

Epoch 00015: saving model to models/unbalanced_mnist_student_e300_L2_b64/normal-cluster_classifier_1000/cp-0015.hdf5
 - 3s - loss: 0.4786 - acc: 0.8350 - val_loss: 0.6016 - val_acc: 0.8068
Epoch 16/50

Epoch 00016: saving model to models/unbalanced_mnist_student_e300_L2_b64/normal-cluster_classifier_1000/cp-0016.hdf5
 - 3s - loss: 0.3797 - acc: 0.8828 - val_loss: 0.5535 - val_acc: 0.8262
Epoch 17/50

Epoch 00017: saving model to models/unbalanced_mnist_student_e300_L2_b64/normal-cluster_classifier_1000/cp-0017.hdf5
 - 3s - loss: 0.3284 - acc: 0.8945 - val_loss: 0.5757 - val_acc: 0.8270
Epoch 18/50

Epoch 00018: saving model to models/unbalanced_mnist_student_e300_L2_b64/normal-cluster_classifier_1000/cp-0018.hdf5
 - 3s - loss: 0.3039 - acc: 0.8975 - val_loss: 0.5313 - val_acc: 0.8397
Epoch 19/50

Epoch 00019: saving model to models/unbalanced_mnist_student_e300_L2_b64/normal-cluster_classifier_1000/cp-0019.hdf5
 - 3s - loss: 0.3323 - acc: 0.8857 - val_loss: 0.4726 - val_acc: 0.8555
Epoch 20/50

Epoch 00020: saving model to models/unbalanced_mnist_student_e300_L2_b64/normal-cluster_classifier_1000/cp-0020.hdf5
 - 3s - loss: 0.2635 - acc: 0.9141 - val_loss: 0.4919 - val_acc: 0.8526
Epoch 21/50

Epoch 00021: saving model to models/unbalanced_mnist_student_e300_L2_b64/normal-cluster_classifier_1000/cp-0021.hdf5
 - 3s - loss: 0.2457 - acc: 0.9121 - val_loss: 0.4401 - val_acc: 0.8665
Epoch 22/50

Epoch 00022: saving model to models/unbalanced_mnist_student_e300_L2_b64/normal-cluster_classifier_1000/cp-0022.hdf5
 - 3s - loss: 0.2534 - acc: 0.9180 - val_loss: 0.4839 - val_acc: 0.8546
Epoch 23/50

Epoch 00023: saving model to models/unbalanced_mnist_student_e300_L2_b64/normal-cluster_classifier_1000/cp-0023.hdf5
 - 3s - loss: 0.2121 - acc: 0.9355 - val_loss: 0.3993 - val_acc: 0.8828
Epoch 24/50

Epoch 00024: saving model to models/unbalanced_mnist_student_e300_L2_b64/normal-cluster_classifier_1000/cp-0024.hdf5
 - 3s - loss: 0.2155 - acc: 0.9365 - val_loss: 0.4177 - val_acc: 0.8795
Epoch 25/50

Epoch 00025: saving model to models/unbalanced_mnist_student_e300_L2_b64/normal-cluster_classifier_1000/cp-0025.hdf5
 - 3s - loss: 0.1631 - acc: 0.9492 - val_loss: 0.4932 - val_acc: 0.8572
Epoch 26/50

Epoch 00026: saving model to models/unbalanced_mnist_student_e300_L2_b64/normal-cluster_classifier_1000/cp-0026.hdf5
 - 3s - loss: 0.1630 - acc: 0.9492 - val_loss: 0.4591 - val_acc: 0.8727
Epoch 27/50

Epoch 00027: saving model to models/unbalanced_mnist_student_e300_L2_b64/normal-cluster_classifier_1000/cp-0027.hdf5
 - 3s - loss: 0.1320 - acc: 0.9580 - val_loss: 0.4375 - val_acc: 0.8778
Epoch 28/50

Epoch 00028: saving model to models/unbalanced_mnist_student_e300_L2_b64/normal-cluster_classifier_1000/cp-0028.hdf5
 - 3s - loss: 0.1235 - acc: 0.9648 - val_loss: 0.5258 - val_acc: 0.8534
Epoch 29/50

Epoch 00029: saving model to models/unbalanced_mnist_student_e300_L2_b64/normal-cluster_classifier_1000/cp-0029.hdf5
 - 3s - loss: 0.1456 - acc: 0.9502 - val_loss: 0.4368 - val_acc: 0.8826
Epoch 30/50

Epoch 00030: saving model to models/unbalanced_mnist_student_e300_L2_b64/normal-cluster_classifier_1000/cp-0030.hdf5
 - 3s - loss: 0.1385 - acc: 0.9502 - val_loss: 0.4758 - val_acc: 0.8736
Epoch 31/50

Epoch 00031: saving model to models/unbalanced_mnist_student_e300_L2_b64/normal-cluster_classifier_1000/cp-0031.hdf5
 - 3s - loss: 0.1051 - acc: 0.9648 - val_loss: 0.4148 - val_acc: 0.8862
Epoch 32/50

Epoch 00032: saving model to models/unbalanced_mnist_student_e300_L2_b64/normal-cluster_classifier_1000/cp-0032.hdf5
 - 3s - loss: 0.0943 - acc: 0.9678 - val_loss: 0.4547 - val_acc: 0.8854
Epoch 33/50

Epoch 00033: saving model to models/unbalanced_mnist_student_e300_L2_b64/normal-cluster_classifier_1000/cp-0033.hdf5
 - 3s - loss: 0.1072 - acc: 0.9570 - val_loss: 0.4569 - val_acc: 0.8845
Epoch 34/50

Epoch 00034: saving model to models/unbalanced_mnist_student_e300_L2_b64/normal-cluster_classifier_1000/cp-0034.hdf5
 - 3s - loss: 0.0909 - acc: 0.9678 - val_loss: 0.4554 - val_acc: 0.8855
Epoch 35/50

Epoch 00035: saving model to models/unbalanced_mnist_student_e300_L2_b64/normal-cluster_classifier_1000/cp-0035.hdf5
 - 3s - loss: 0.0754 - acc: 0.9814 - val_loss: 0.4387 - val_acc: 0.8903
Epoch 36/50

Epoch 00036: saving model to models/unbalanced_mnist_student_e300_L2_b64/normal-cluster_classifier_1000/cp-0036.hdf5
 - 3s - loss: 0.0737 - acc: 0.9707 - val_loss: 0.4353 - val_acc: 0.8935
Epoch 37/50

Epoch 00037: saving model to models/unbalanced_mnist_student_e300_L2_b64/normal-cluster_classifier_1000/cp-0037.hdf5
 - 3s - loss: 0.0720 - acc: 0.9775 - val_loss: 0.4076 - val_acc: 0.8971
Epoch 38/50

Epoch 00038: saving model to models/unbalanced_mnist_student_e300_L2_b64/normal-cluster_classifier_1000/cp-0038.hdf5
 - 3s - loss: 0.0733 - acc: 0.9775 - val_loss: 0.4313 - val_acc: 0.8979
Epoch 39/50

Epoch 00039: saving model to models/unbalanced_mnist_student_e300_L2_b64/normal-cluster_classifier_1000/cp-0039.hdf5
 - 3s - loss: 0.0642 - acc: 0.9805 - val_loss: 0.4923 - val_acc: 0.8853
Epoch 40/50

Epoch 00040: saving model to models/unbalanced_mnist_student_e300_L2_b64/normal-cluster_classifier_1000/cp-0040.hdf5
 - 3s - loss: 0.0601 - acc: 0.9805 - val_loss: 0.4723 - val_acc: 0.8871
Epoch 41/50

Epoch 00041: saving model to models/unbalanced_mnist_student_e300_L2_b64/normal-cluster_classifier_1000/cp-0041.hdf5
 - 3s - loss: 0.0671 - acc: 0.9766 - val_loss: 0.4324 - val_acc: 0.8955
Epoch 42/50

Epoch 00042: saving model to models/unbalanced_mnist_student_e300_L2_b64/normal-cluster_classifier_1000/cp-0042.hdf5
 - 3s - loss: 0.0381 - acc: 0.9893 - val_loss: 0.4381 - val_acc: 0.8994
Epoch 43/50

Epoch 00043: saving model to models/unbalanced_mnist_student_e300_L2_b64/normal-cluster_classifier_1000/cp-0043.hdf5
 - 3s - loss: 0.0406 - acc: 0.9883 - val_loss: 0.4380 - val_acc: 0.9001
Epoch 44/50

Epoch 00044: saving model to models/unbalanced_mnist_student_e300_L2_b64/normal-cluster_classifier_1000/cp-0044.hdf5
 - 3s - loss: 0.0513 - acc: 0.9844 - val_loss: 0.4328 - val_acc: 0.8975
Epoch 45/50

Epoch 00045: saving model to models/unbalanced_mnist_student_e300_L2_b64/normal-cluster_classifier_1000/cp-0045.hdf5
 - 3s - loss: 0.0483 - acc: 0.9854 - val_loss: 0.4457 - val_acc: 0.8993
Epoch 46/50

Epoch 00046: saving model to models/unbalanced_mnist_student_e300_L2_b64/normal-cluster_classifier_1000/cp-0046.hdf5
 - 3s - loss: 0.0562 - acc: 0.9814 - val_loss: 0.4302 - val_acc: 0.9017
Epoch 47/50

Epoch 00047: saving model to models/unbalanced_mnist_student_e300_L2_b64/normal-cluster_classifier_1000/cp-0047.hdf5
 - 3s - loss: 0.0400 - acc: 0.9902 - val_loss: 0.4640 - val_acc: 0.8959
Epoch 48/50

Epoch 00048: saving model to models/unbalanced_mnist_student_e300_L2_b64/normal-cluster_classifier_1000/cp-0048.hdf5
 - 3s - loss: 0.0420 - acc: 0.9844 - val_loss: 0.4811 - val_acc: 0.8926
Epoch 49/50

Epoch 00049: saving model to models/unbalanced_mnist_student_e300_L2_b64/normal-cluster_classifier_1000/cp-0049.hdf5
 - 3s - loss: 0.0306 - acc: 0.9902 - val_loss: 0.4736 - val_acc: 0.8959
Epoch 50/50

Epoch 00050: saving model to models/unbalanced_mnist_student_e300_L2_b64/normal-cluster_classifier_1000/cp-0050.hdf5
 - 3s - loss: 0.0331 - acc: 0.9922 - val_loss: 0.5112 - val_acc: 0.8906
Epoch 1/50

Epoch 00001: saving model to models/unbalanced_mnist_student_e300_L2_b64/multi-normal-cluster_classifier_1000/cp-0001.hdf5
 - 5s - loss: 2.2988 - acc: 0.1221 - val_loss: 2.3004 - val_acc: 0.0981
Epoch 2/50

Epoch 00002: saving model to models/unbalanced_mnist_student_e300_L2_b64/multi-normal-cluster_classifier_1000/cp-0002.hdf5
 - 3s - loss: 2.2810 - acc: 0.1582 - val_loss: 2.2945 - val_acc: 0.1054
Epoch 3/50

Epoch 00003: saving model to models/unbalanced_mnist_student_e300_L2_b64/multi-normal-cluster_classifier_1000/cp-0003.hdf5
 - 3s - loss: 2.2152 - acc: 0.2080 - val_loss: 2.3111 - val_acc: 0.2171
Epoch 4/50

Epoch 00004: saving model to models/unbalanced_mnist_student_e300_L2_b64/multi-normal-cluster_classifier_1000/cp-0004.hdf5
 - 3s - loss: 2.1041 - acc: 0.3398 - val_loss: 2.2655 - val_acc: 0.3538
Epoch 5/50

Epoch 00005: saving model to models/unbalanced_mnist_student_e300_L2_b64/multi-normal-cluster_classifier_1000/cp-0005.hdf5
 - 3s - loss: 1.8223 - acc: 0.4512 - val_loss: 1.7552 - val_acc: 0.4053
Epoch 6/50

Epoch 00006: saving model to models/unbalanced_mnist_student_e300_L2_b64/multi-normal-cluster_classifier_1000/cp-0006.hdf5
 - 3s - loss: 1.3195 - acc: 0.5547 - val_loss: 1.2645 - val_acc: 0.5637
Epoch 7/50

Epoch 00007: saving model to models/unbalanced_mnist_student_e300_L2_b64/multi-normal-cluster_classifier_1000/cp-0007.hdf5
 - 3s - loss: 1.0370 - acc: 0.6543 - val_loss: 0.8921 - val_acc: 0.7179
Epoch 8/50

Epoch 00008: saving model to models/unbalanced_mnist_student_e300_L2_b64/multi-normal-cluster_classifier_1000/cp-0008.hdf5
 - 3s - loss: 0.8592 - acc: 0.7188 - val_loss: 0.7839 - val_acc: 0.7521
Epoch 9/50

Epoch 00009: saving model to models/unbalanced_mnist_student_e300_L2_b64/multi-normal-cluster_classifier_1000/cp-0009.hdf5
 - 3s - loss: 0.6895 - acc: 0.7578 - val_loss: 0.6142 - val_acc: 0.8058
Epoch 10/50

Epoch 00010: saving model to models/unbalanced_mnist_student_e300_L2_b64/multi-normal-cluster_classifier_1000/cp-0010.hdf5
 - 3s - loss: 0.6336 - acc: 0.7988 - val_loss: 0.7547 - val_acc: 0.7310
Epoch 11/50

Epoch 00011: saving model to models/unbalanced_mnist_student_e300_L2_b64/multi-normal-cluster_classifier_1000/cp-0011.hdf5
 - 3s - loss: 0.5663 - acc: 0.8105 - val_loss: 0.6126 - val_acc: 0.7930
Epoch 12/50

Epoch 00012: saving model to models/unbalanced_mnist_student_e300_L2_b64/multi-normal-cluster_classifier_1000/cp-0012.hdf5
 - 3s - loss: 0.4999 - acc: 0.8281 - val_loss: 0.4678 - val_acc: 0.8584
Epoch 13/50

Epoch 00013: saving model to models/unbalanced_mnist_student_e300_L2_b64/multi-normal-cluster_classifier_1000/cp-0013.hdf5
 - 3s - loss: 0.4725 - acc: 0.8457 - val_loss: 0.4931 - val_acc: 0.8460
Epoch 14/50

Epoch 00014: saving model to models/unbalanced_mnist_student_e300_L2_b64/multi-normal-cluster_classifier_1000/cp-0014.hdf5
 - 3s - loss: 0.4001 - acc: 0.8770 - val_loss: 0.4917 - val_acc: 0.8566
Epoch 15/50

Epoch 00015: saving model to models/unbalanced_mnist_student_e300_L2_b64/multi-normal-cluster_classifier_1000/cp-0015.hdf5
 - 3s - loss: 0.3821 - acc: 0.8740 - val_loss: 0.4899 - val_acc: 0.8411
Epoch 16/50

Epoch 00016: saving model to models/unbalanced_mnist_student_e300_L2_b64/multi-normal-cluster_classifier_1000/cp-0016.hdf5
 - 3s - loss: 0.3599 - acc: 0.8740 - val_loss: 0.4073 - val_acc: 0.8735
Epoch 17/50

Epoch 00017: saving model to models/unbalanced_mnist_student_e300_L2_b64/multi-normal-cluster_classifier_1000/cp-0017.hdf5
 - 3s - loss: 0.3103 - acc: 0.9023 - val_loss: 0.4079 - val_acc: 0.8755
Epoch 18/50

Epoch 00018: saving model to models/unbalanced_mnist_student_e300_L2_b64/multi-normal-cluster_classifier_1000/cp-0018.hdf5
 - 3s - loss: 0.3502 - acc: 0.9053 - val_loss: 0.4165 - val_acc: 0.8684
Epoch 19/50

Epoch 00019: saving model to models/unbalanced_mnist_student_e300_L2_b64/multi-normal-cluster_classifier_1000/cp-0019.hdf5
 - 3s - loss: 0.2922 - acc: 0.8965 - val_loss: 0.3756 - val_acc: 0.8847
Epoch 20/50

Epoch 00020: saving model to models/unbalanced_mnist_student_e300_L2_b64/multi-normal-cluster_classifier_1000/cp-0020.hdf5
 - 3s - loss: 0.2628 - acc: 0.9199 - val_loss: 0.3963 - val_acc: 0.8763
Epoch 21/50

Epoch 00021: saving model to models/unbalanced_mnist_student_e300_L2_b64/multi-normal-cluster_classifier_1000/cp-0021.hdf5
 - 3s - loss: 0.2229 - acc: 0.9258 - val_loss: 0.3523 - val_acc: 0.8939
Epoch 22/50

Epoch 00022: saving model to models/unbalanced_mnist_student_e300_L2_b64/multi-normal-cluster_classifier_1000/cp-0022.hdf5
 - 3s - loss: 0.2488 - acc: 0.9131 - val_loss: 0.3762 - val_acc: 0.8852
Epoch 23/50

Epoch 00023: saving model to models/unbalanced_mnist_student_e300_L2_b64/multi-normal-cluster_classifier_1000/cp-0023.hdf5
 - 3s - loss: 0.2332 - acc: 0.9258 - val_loss: 0.3725 - val_acc: 0.8851
Epoch 24/50

Epoch 00024: saving model to models/unbalanced_mnist_student_e300_L2_b64/multi-normal-cluster_classifier_1000/cp-0024.hdf5
 - 3s - loss: 0.2091 - acc: 0.9297 - val_loss: 0.3399 - val_acc: 0.8979
Epoch 25/50

Epoch 00025: saving model to models/unbalanced_mnist_student_e300_L2_b64/multi-normal-cluster_classifier_1000/cp-0025.hdf5
 - 3s - loss: 0.1948 - acc: 0.9355 - val_loss: 0.3402 - val_acc: 0.9021
Epoch 26/50

Epoch 00026: saving model to models/unbalanced_mnist_student_e300_L2_b64/multi-normal-cluster_classifier_1000/cp-0026.hdf5
 - 3s - loss: 0.1943 - acc: 0.9395 - val_loss: 0.3526 - val_acc: 0.8950
Epoch 27/50

Epoch 00027: saving model to models/unbalanced_mnist_student_e300_L2_b64/multi-normal-cluster_classifier_1000/cp-0027.hdf5
 - 3s - loss: 0.1808 - acc: 0.9473 - val_loss: 0.3312 - val_acc: 0.9010
Epoch 28/50

Epoch 00028: saving model to models/unbalanced_mnist_student_e300_L2_b64/multi-normal-cluster_classifier_1000/cp-0028.hdf5
 - 3s - loss: 0.1670 - acc: 0.9375 - val_loss: 0.3395 - val_acc: 0.9029
Epoch 29/50

Epoch 00029: saving model to models/unbalanced_mnist_student_e300_L2_b64/multi-normal-cluster_classifier_1000/cp-0029.hdf5
 - 3s - loss: 0.1664 - acc: 0.9375 - val_loss: 0.3563 - val_acc: 0.8965
Epoch 30/50

Epoch 00030: saving model to models/unbalanced_mnist_student_e300_L2_b64/multi-normal-cluster_classifier_1000/cp-0030.hdf5
 - 3s - loss: 0.1362 - acc: 0.9512 - val_loss: 0.3265 - val_acc: 0.9061
Epoch 31/50

Epoch 00031: saving model to models/unbalanced_mnist_student_e300_L2_b64/multi-normal-cluster_classifier_1000/cp-0031.hdf5
 - 3s - loss: 0.1504 - acc: 0.9453 - val_loss: 0.3706 - val_acc: 0.8914
Epoch 32/50

Epoch 00032: saving model to models/unbalanced_mnist_student_e300_L2_b64/multi-normal-cluster_classifier_1000/cp-0032.hdf5
 - 3s - loss: 0.1393 - acc: 0.9512 - val_loss: 0.3279 - val_acc: 0.9060
Epoch 33/50

Epoch 00033: saving model to models/unbalanced_mnist_student_e300_L2_b64/multi-normal-cluster_classifier_1000/cp-0033.hdf5
 - 3s - loss: 0.1332 - acc: 0.9521 - val_loss: 0.3141 - val_acc: 0.9117
Epoch 34/50

Epoch 00034: saving model to models/unbalanced_mnist_student_e300_L2_b64/multi-normal-cluster_classifier_1000/cp-0034.hdf5
 - 3s - loss: 0.1249 - acc: 0.9492 - val_loss: 0.3278 - val_acc: 0.9063
Epoch 35/50

Epoch 00035: saving model to models/unbalanced_mnist_student_e300_L2_b64/multi-normal-cluster_classifier_1000/cp-0035.hdf5
 - 3s - loss: 0.1228 - acc: 0.9600 - val_loss: 0.3333 - val_acc: 0.9072
Epoch 36/50

Epoch 00036: saving model to models/unbalanced_mnist_student_e300_L2_b64/multi-normal-cluster_classifier_1000/cp-0036.hdf5
 - 3s - loss: 0.1122 - acc: 0.9580 - val_loss: 0.3092 - val_acc: 0.9129
Epoch 37/50

Epoch 00037: saving model to models/unbalanced_mnist_student_e300_L2_b64/multi-normal-cluster_classifier_1000/cp-0037.hdf5
 - 3s - loss: 0.1076 - acc: 0.9619 - val_loss: 0.3592 - val_acc: 0.9033
Epoch 38/50

Epoch 00038: saving model to models/unbalanced_mnist_student_e300_L2_b64/multi-normal-cluster_classifier_1000/cp-0038.hdf5
 - 3s - loss: 0.0847 - acc: 0.9746 - val_loss: 0.3099 - val_acc: 0.9159
Epoch 39/50

Epoch 00039: saving model to models/unbalanced_mnist_student_e300_L2_b64/multi-normal-cluster_classifier_1000/cp-0039.hdf5
 - 3s - loss: 0.0848 - acc: 0.9717 - val_loss: 0.3303 - val_acc: 0.9140
Epoch 40/50

Epoch 00040: saving model to models/unbalanced_mnist_student_e300_L2_b64/multi-normal-cluster_classifier_1000/cp-0040.hdf5
 - 3s - loss: 0.0920 - acc: 0.9648 - val_loss: 0.3077 - val_acc: 0.9173
Epoch 41/50

Epoch 00041: saving model to models/unbalanced_mnist_student_e300_L2_b64/multi-normal-cluster_classifier_1000/cp-0041.hdf5
 - 3s - loss: 0.0857 - acc: 0.9697 - val_loss: 0.3251 - val_acc: 0.9142
Epoch 42/50

Epoch 00042: saving model to models/unbalanced_mnist_student_e300_L2_b64/multi-normal-cluster_classifier_1000/cp-0042.hdf5
 - 3s - loss: 0.0766 - acc: 0.9756 - val_loss: 0.3485 - val_acc: 0.9106
Epoch 43/50

Epoch 00043: saving model to models/unbalanced_mnist_student_e300_L2_b64/multi-normal-cluster_classifier_1000/cp-0043.hdf5
 - 3s - loss: 0.0701 - acc: 0.9795 - val_loss: 0.3251 - val_acc: 0.9166
Epoch 44/50

Epoch 00044: saving model to models/unbalanced_mnist_student_e300_L2_b64/multi-normal-cluster_classifier_1000/cp-0044.hdf5
 - 3s - loss: 0.0763 - acc: 0.9746 - val_loss: 0.3352 - val_acc: 0.9141
Epoch 45/50

Epoch 00045: saving model to models/unbalanced_mnist_student_e300_L2_b64/multi-normal-cluster_classifier_1000/cp-0045.hdf5
 - 3s - loss: 0.0853 - acc: 0.9736 - val_loss: 0.3104 - val_acc: 0.9210
Epoch 46/50

Epoch 00046: saving model to models/unbalanced_mnist_student_e300_L2_b64/multi-normal-cluster_classifier_1000/cp-0046.hdf5
 - 3s - loss: 0.0693 - acc: 0.9756 - val_loss: 0.3340 - val_acc: 0.9147
Epoch 47/50

Epoch 00047: saving model to models/unbalanced_mnist_student_e300_L2_b64/multi-normal-cluster_classifier_1000/cp-0047.hdf5
 - 3s - loss: 0.0697 - acc: 0.9746 - val_loss: 0.3522 - val_acc: 0.9105
Epoch 48/50

Epoch 00048: saving model to models/unbalanced_mnist_student_e300_L2_b64/multi-normal-cluster_classifier_1000/cp-0048.hdf5
 - 3s - loss: 0.0646 - acc: 0.9756 - val_loss: 0.3568 - val_acc: 0.9129
Epoch 49/50

Epoch 00049: saving model to models/unbalanced_mnist_student_e300_L2_b64/multi-normal-cluster_classifier_1000/cp-0049.hdf5
 - 3s - loss: 0.0683 - acc: 0.9746 - val_loss: 0.3716 - val_acc: 0.9077
Epoch 50/50

Epoch 00050: saving model to models/unbalanced_mnist_student_e300_L2_b64/multi-normal-cluster_classifier_1000/cp-0050.hdf5
 - 3s - loss: 0.0524 - acc: 0.9834 - val_loss: 0.3365 - val_acc: 0.9169
Epoch 1/50

Epoch 00001: saving model to models/unbalanced_mnist_student_e300_L2_b64/error_classifier_1000/cp-0001.hdf5
 - 5s - loss: 2.2824 - acc: 0.1885 - val_loss: 2.3009 - val_acc: 0.0996
Epoch 2/50

Epoch 00002: saving model to models/unbalanced_mnist_student_e300_L2_b64/error_classifier_1000/cp-0002.hdf5
 - 3s - loss: 1.9415 - acc: 0.2695 - val_loss: 3.0938 - val_acc: 0.2184
Epoch 3/50

Epoch 00003: saving model to models/unbalanced_mnist_student_e300_L2_b64/error_classifier_1000/cp-0003.hdf5
 - 3s - loss: 1.4944 - acc: 0.4199 - val_loss: 4.0863 - val_acc: 0.2503
Epoch 4/50

Epoch 00004: saving model to models/unbalanced_mnist_student_e300_L2_b64/error_classifier_1000/cp-0004.hdf5
 - 3s - loss: 1.2250 - acc: 0.5332 - val_loss: 4.5202 - val_acc: 0.2911
Epoch 5/50

Epoch 00005: saving model to models/unbalanced_mnist_student_e300_L2_b64/error_classifier_1000/cp-0005.hdf5
 - 3s - loss: 0.9825 - acc: 0.6426 - val_loss: 3.7948 - val_acc: 0.3792
Epoch 6/50

Epoch 00006: saving model to models/unbalanced_mnist_student_e300_L2_b64/error_classifier_1000/cp-0006.hdf5
 - 3s - loss: 0.6977 - acc: 0.7686 - val_loss: 4.0706 - val_acc: 0.4361
Epoch 7/50

Epoch 00007: saving model to models/unbalanced_mnist_student_e300_L2_b64/error_classifier_1000/cp-0007.hdf5
 - 3s - loss: 0.5020 - acc: 0.8340 - val_loss: 4.5596 - val_acc: 0.4447
Epoch 8/50

Epoch 00008: saving model to models/unbalanced_mnist_student_e300_L2_b64/error_classifier_1000/cp-0008.hdf5
 - 3s - loss: 0.4217 - acc: 0.8643 - val_loss: 4.9221 - val_acc: 0.4735
Epoch 9/50

Epoch 00009: saving model to models/unbalanced_mnist_student_e300_L2_b64/error_classifier_1000/cp-0009.hdf5
 - 3s - loss: 0.4146 - acc: 0.8711 - val_loss: 4.7391 - val_acc: 0.4626
Epoch 10/50

Epoch 00010: saving model to models/unbalanced_mnist_student_e300_L2_b64/error_classifier_1000/cp-0010.hdf5
 - 3s - loss: 0.3592 - acc: 0.8779 - val_loss: 5.0169 - val_acc: 0.4926
Epoch 11/50

Epoch 00011: saving model to models/unbalanced_mnist_student_e300_L2_b64/error_classifier_1000/cp-0011.hdf5
 - 3s - loss: 0.3296 - acc: 0.8936 - val_loss: 4.6504 - val_acc: 0.5385
Epoch 12/50

Epoch 00012: saving model to models/unbalanced_mnist_student_e300_L2_b64/error_classifier_1000/cp-0012.hdf5
 - 3s - loss: 0.3187 - acc: 0.9043 - val_loss: 4.8954 - val_acc: 0.5164
Epoch 13/50

Epoch 00013: saving model to models/unbalanced_mnist_student_e300_L2_b64/error_classifier_1000/cp-0013.hdf5
 - 3s - loss: 0.2524 - acc: 0.9121 - val_loss: 5.2252 - val_acc: 0.5432
Epoch 14/50

Epoch 00014: saving model to models/unbalanced_mnist_student_e300_L2_b64/error_classifier_1000/cp-0014.hdf5
 - 3s - loss: 0.2601 - acc: 0.9248 - val_loss: 5.2966 - val_acc: 0.5423
Epoch 15/50

Epoch 00015: saving model to models/unbalanced_mnist_student_e300_L2_b64/error_classifier_1000/cp-0015.hdf5
 - 3s - loss: 0.2176 - acc: 0.9307 - val_loss: 5.3496 - val_acc: 0.5645
Epoch 16/50

Epoch 00016: saving model to models/unbalanced_mnist_student_e300_L2_b64/error_classifier_1000/cp-0016.hdf5
 - 3s - loss: 0.2451 - acc: 0.9238 - val_loss: 5.3808 - val_acc: 0.5446
Epoch 17/50

Epoch 00017: saving model to models/unbalanced_mnist_student_e300_L2_b64/error_classifier_1000/cp-0017.hdf5
 - 3s - loss: 0.1602 - acc: 0.9590 - val_loss: 5.6552 - val_acc: 0.5715
Epoch 18/50

Epoch 00018: saving model to models/unbalanced_mnist_student_e300_L2_b64/error_classifier_1000/cp-0018.hdf5
 - 3s - loss: 0.2105 - acc: 0.9355 - val_loss: 5.7527 - val_acc: 0.5545
Epoch 19/50

Epoch 00019: saving model to models/unbalanced_mnist_student_e300_L2_b64/error_classifier_1000/cp-0019.hdf5
 - 3s - loss: 0.1773 - acc: 0.9492 - val_loss: 5.7498 - val_acc: 0.5688
Epoch 20/50

Epoch 00020: saving model to models/unbalanced_mnist_student_e300_L2_b64/error_classifier_1000/cp-0020.hdf5
 - 3s - loss: 0.1931 - acc: 0.9434 - val_loss: 5.6252 - val_acc: 0.5697
Epoch 21/50

Epoch 00021: saving model to models/unbalanced_mnist_student_e300_L2_b64/error_classifier_1000/cp-0021.hdf5
 - 3s - loss: 0.1532 - acc: 0.9541 - val_loss: 5.7922 - val_acc: 0.5734
Epoch 22/50

Epoch 00022: saving model to models/unbalanced_mnist_student_e300_L2_b64/error_classifier_1000/cp-0022.hdf5
 - 3s - loss: 0.1241 - acc: 0.9600 - val_loss: 5.9240 - val_acc: 0.5731
Epoch 23/50

Epoch 00023: saving model to models/unbalanced_mnist_student_e300_L2_b64/error_classifier_1000/cp-0023.hdf5
 - 3s - loss: 0.1395 - acc: 0.9531 - val_loss: 5.8545 - val_acc: 0.5790
Epoch 24/50

Epoch 00024: saving model to models/unbalanced_mnist_student_e300_L2_b64/error_classifier_1000/cp-0024.hdf5
 - 3s - loss: 0.1291 - acc: 0.9561 - val_loss: 5.9587 - val_acc: 0.5749
Epoch 25/50

Epoch 00025: saving model to models/unbalanced_mnist_student_e300_L2_b64/error_classifier_1000/cp-0025.hdf5
 - 3s - loss: 0.1012 - acc: 0.9619 - val_loss: 5.9383 - val_acc: 0.5797
Epoch 26/50

Epoch 00026: saving model to models/unbalanced_mnist_student_e300_L2_b64/error_classifier_1000/cp-0026.hdf5
 - 3s - loss: 0.0977 - acc: 0.9678 - val_loss: 6.1285 - val_acc: 0.5760
Epoch 27/50

Epoch 00027: saving model to models/unbalanced_mnist_student_e300_L2_b64/error_classifier_1000/cp-0027.hdf5
 - 3s - loss: 0.1220 - acc: 0.9678 - val_loss: 6.0584 - val_acc: 0.5774
Epoch 28/50

Epoch 00028: saving model to models/unbalanced_mnist_student_e300_L2_b64/error_classifier_1000/cp-0028.hdf5
 - 3s - loss: 0.0996 - acc: 0.9658 - val_loss: 6.1170 - val_acc: 0.5787
Epoch 29/50

Epoch 00029: saving model to models/unbalanced_mnist_student_e300_L2_b64/error_classifier_1000/cp-0029.hdf5
 - 3s - loss: 0.0971 - acc: 0.9697 - val_loss: 6.1700 - val_acc: 0.5761
Epoch 30/50

Epoch 00030: saving model to models/unbalanced_mnist_student_e300_L2_b64/error_classifier_1000/cp-0030.hdf5
 - 3s - loss: 0.0982 - acc: 0.9717 - val_loss: 6.1683 - val_acc: 0.5810
Epoch 31/50

Epoch 00031: saving model to models/unbalanced_mnist_student_e300_L2_b64/error_classifier_1000/cp-0031.hdf5
 - 3s - loss: 0.0918 - acc: 0.9756 - val_loss: 6.1522 - val_acc: 0.5768
Epoch 32/50

Epoch 00032: saving model to models/unbalanced_mnist_student_e300_L2_b64/error_classifier_1000/cp-0032.hdf5
 - 3s - loss: 0.0898 - acc: 0.9707 - val_loss: 6.2392 - val_acc: 0.5781
Epoch 33/50

Epoch 00033: saving model to models/unbalanced_mnist_student_e300_L2_b64/error_classifier_1000/cp-0033.hdf5
 - 3s - loss: 0.0709 - acc: 0.9805 - val_loss: 6.1865 - val_acc: 0.5809
Epoch 34/50

Epoch 00034: saving model to models/unbalanced_mnist_student_e300_L2_b64/error_classifier_1000/cp-0034.hdf5
 - 3s - loss: 0.0783 - acc: 0.9756 - val_loss: 6.2538 - val_acc: 0.5790
Epoch 35/50

Epoch 00035: saving model to models/unbalanced_mnist_student_e300_L2_b64/error_classifier_1000/cp-0035.hdf5
 - 3s - loss: 0.0754 - acc: 0.9775 - val_loss: 6.2518 - val_acc: 0.5791
Epoch 36/50

Epoch 00036: saving model to models/unbalanced_mnist_student_e300_L2_b64/error_classifier_1000/cp-0036.hdf5
 - 3s - loss: 0.0690 - acc: 0.9805 - val_loss: 6.2979 - val_acc: 0.5806
Epoch 37/50

Epoch 00037: saving model to models/unbalanced_mnist_student_e300_L2_b64/error_classifier_1000/cp-0037.hdf5
 - 3s - loss: 0.0608 - acc: 0.9834 - val_loss: 6.2990 - val_acc: 0.5820
Epoch 38/50

Epoch 00038: saving model to models/unbalanced_mnist_student_e300_L2_b64/error_classifier_1000/cp-0038.hdf5
 - 3s - loss: 0.0771 - acc: 0.9727 - val_loss: 6.2908 - val_acc: 0.5829
Epoch 39/50

Epoch 00039: saving model to models/unbalanced_mnist_student_e300_L2_b64/error_classifier_1000/cp-0039.hdf5
 - 3s - loss: 0.0680 - acc: 0.9795 - val_loss: 6.3163 - val_acc: 0.5821
Epoch 40/50

Epoch 00040: saving model to models/unbalanced_mnist_student_e300_L2_b64/error_classifier_1000/cp-0040.hdf5
 - 3s - loss: 0.0631 - acc: 0.9785 - val_loss: 6.3072 - val_acc: 0.5812
Epoch 41/50

Epoch 00041: saving model to models/unbalanced_mnist_student_e300_L2_b64/error_classifier_1000/cp-0041.hdf5
 - 3s - loss: 0.0521 - acc: 0.9824 - val_loss: 6.3345 - val_acc: 0.5820
Epoch 42/50

Epoch 00042: saving model to models/unbalanced_mnist_student_e300_L2_b64/error_classifier_1000/cp-0042.hdf5
 - 3s - loss: 0.0667 - acc: 0.9766 - val_loss: 6.3434 - val_acc: 0.5818
Epoch 43/50

Epoch 00043: saving model to models/unbalanced_mnist_student_e300_L2_b64/error_classifier_1000/cp-0043.hdf5
 - 3s - loss: 0.0475 - acc: 0.9902 - val_loss: 6.3631 - val_acc: 0.5784
Epoch 44/50

Epoch 00044: saving model to models/unbalanced_mnist_student_e300_L2_b64/error_classifier_1000/cp-0044.hdf5
 - 3s - loss: 0.0596 - acc: 0.9834 - val_loss: 6.3521 - val_acc: 0.5819
Epoch 45/50

Epoch 00045: saving model to models/unbalanced_mnist_student_e300_L2_b64/error_classifier_1000/cp-0045.hdf5
 - 3s - loss: 0.0496 - acc: 0.9863 - val_loss: 6.3592 - val_acc: 0.5829
Epoch 46/50

Epoch 00046: saving model to models/unbalanced_mnist_student_e300_L2_b64/error_classifier_1000/cp-0046.hdf5
 - 3s - loss: 0.0612 - acc: 0.9766 - val_loss: 6.3651 - val_acc: 0.5836
Epoch 47/50

Epoch 00047: saving model to models/unbalanced_mnist_student_e300_L2_b64/error_classifier_1000/cp-0047.hdf5
 - 3s - loss: 0.0424 - acc: 0.9844 - val_loss: 6.3937 - val_acc: 0.5810
Epoch 48/50

Epoch 00048: saving model to models/unbalanced_mnist_student_e300_L2_b64/error_classifier_1000/cp-0048.hdf5
 - 3s - loss: 0.0346 - acc: 0.9893 - val_loss: 6.3697 - val_acc: 0.5813
Epoch 49/50

Epoch 00049: saving model to models/unbalanced_mnist_student_e300_L2_b64/error_classifier_1000/cp-0049.hdf5
 - 3s - loss: 0.0372 - acc: 0.9893 - val_loss: 6.4022 - val_acc: 0.5792
Epoch 50/50

Epoch 00050: saving model to models/unbalanced_mnist_student_e300_L2_b64/error_classifier_1000/cp-0050.hdf5
 - 3s - loss: 0.0495 - acc: 0.9844 - val_loss: 6.3570 - val_acc: 0.5846
Finished.
