Starting analysis...
Epoch 1/50

Epoch 00001: saving model to models/unbalanced_mnist_student_e300_L2_b64/random_classifier_100/cp-0001.hdf5
 - 5s - loss: 2.2996 - acc: 0.1162 - val_loss: 2.2998 - val_acc: 0.1059
Epoch 2/50

Epoch 00002: saving model to models/unbalanced_mnist_student_e300_L2_b64/random_classifier_100/cp-0002.hdf5
 - 3s - loss: 2.2839 - acc: 0.1650 - val_loss: 2.2919 - val_acc: 0.1200
Epoch 3/50

Epoch 00003: saving model to models/unbalanced_mnist_student_e300_L2_b64/random_classifier_100/cp-0003.hdf5
 - 3s - loss: 2.2114 - acc: 0.2314 - val_loss: 2.3050 - val_acc: 0.1969
Epoch 4/50

Epoch 00004: saving model to models/unbalanced_mnist_student_e300_L2_b64/random_classifier_100/cp-0004.hdf5
 - 3s - loss: 2.0299 - acc: 0.3369 - val_loss: 2.0875 - val_acc: 0.2777
Epoch 5/50

Epoch 00005: saving model to models/unbalanced_mnist_student_e300_L2_b64/random_classifier_100/cp-0005.hdf5
 - 3s - loss: 1.4752 - acc: 0.5254 - val_loss: 1.4212 - val_acc: 0.4994
Epoch 6/50

Epoch 00006: saving model to models/unbalanced_mnist_student_e300_L2_b64/random_classifier_100/cp-0006.hdf5
 - 3s - loss: 0.9394 - acc: 0.6963 - val_loss: 1.3554 - val_acc: 0.6144
Epoch 7/50

Epoch 00007: saving model to models/unbalanced_mnist_student_e300_L2_b64/random_classifier_100/cp-0007.hdf5
 - 3s - loss: 0.6078 - acc: 0.7949 - val_loss: 1.1391 - val_acc: 0.6549
Epoch 8/50

Epoch 00008: saving model to models/unbalanced_mnist_student_e300_L2_b64/random_classifier_100/cp-0008.hdf5
 - 3s - loss: 0.3629 - acc: 0.8828 - val_loss: 1.2066 - val_acc: 0.6638
Epoch 9/50

Epoch 00009: saving model to models/unbalanced_mnist_student_e300_L2_b64/random_classifier_100/cp-0009.hdf5
 - 3s - loss: 0.3037 - acc: 0.9043 - val_loss: 1.1493 - val_acc: 0.6958
Epoch 10/50

Epoch 00010: saving model to models/unbalanced_mnist_student_e300_L2_b64/random_classifier_100/cp-0010.hdf5
 - 3s - loss: 0.2507 - acc: 0.9287 - val_loss: 0.9958 - val_acc: 0.7368
Epoch 11/50

Epoch 00011: saving model to models/unbalanced_mnist_student_e300_L2_b64/random_classifier_100/cp-0011.hdf5
 - 3s - loss: 0.1087 - acc: 0.9688 - val_loss: 1.0487 - val_acc: 0.7347
Epoch 12/50

Epoch 00012: saving model to models/unbalanced_mnist_student_e300_L2_b64/random_classifier_100/cp-0012.hdf5
 - 3s - loss: 0.1067 - acc: 0.9639 - val_loss: 1.1141 - val_acc: 0.7353
Epoch 13/50

Epoch 00013: saving model to models/unbalanced_mnist_student_e300_L2_b64/random_classifier_100/cp-0013.hdf5
 - 3s - loss: 0.0459 - acc: 0.9893 - val_loss: 1.2073 - val_acc: 0.7332
Epoch 14/50

Epoch 00014: saving model to models/unbalanced_mnist_student_e300_L2_b64/random_classifier_100/cp-0014.hdf5
 - 3s - loss: 0.0278 - acc: 0.9932 - val_loss: 1.2447 - val_acc: 0.7396
Epoch 15/50

Epoch 00015: saving model to models/unbalanced_mnist_student_e300_L2_b64/random_classifier_100/cp-0015.hdf5
 - 3s - loss: 0.0225 - acc: 0.9980 - val_loss: 1.3462 - val_acc: 0.7376
Epoch 16/50

Epoch 00016: saving model to models/unbalanced_mnist_student_e300_L2_b64/random_classifier_100/cp-0016.hdf5
 - 3s - loss: 0.0281 - acc: 0.9922 - val_loss: 1.4928 - val_acc: 0.7351
Epoch 17/50

Epoch 00017: saving model to models/unbalanced_mnist_student_e300_L2_b64/random_classifier_100/cp-0017.hdf5
 - 3s - loss: 0.0176 - acc: 0.9961 - val_loss: 1.4230 - val_acc: 0.7404
Epoch 18/50

Epoch 00018: saving model to models/unbalanced_mnist_student_e300_L2_b64/random_classifier_100/cp-0018.hdf5
 - 3s - loss: 0.0137 - acc: 0.9932 - val_loss: 1.4438 - val_acc: 0.7389
Epoch 19/50

Epoch 00019: saving model to models/unbalanced_mnist_student_e300_L2_b64/random_classifier_100/cp-0019.hdf5
 - 3s - loss: 0.0186 - acc: 0.9932 - val_loss: 1.3847 - val_acc: 0.7483
Epoch 20/50

Epoch 00020: saving model to models/unbalanced_mnist_student_e300_L2_b64/random_classifier_100/cp-0020.hdf5
 - 3s - loss: 0.0185 - acc: 0.9961 - val_loss: 1.3950 - val_acc: 0.7474
Epoch 21/50

Epoch 00021: saving model to models/unbalanced_mnist_student_e300_L2_b64/random_classifier_100/cp-0021.hdf5
 - 3s - loss: 0.0087 - acc: 0.9980 - val_loss: 1.5727 - val_acc: 0.7313
Epoch 22/50

Epoch 00022: saving model to models/unbalanced_mnist_student_e300_L2_b64/random_classifier_100/cp-0022.hdf5
 - 3s - loss: 0.0059 - acc: 1.0000 - val_loss: 1.4044 - val_acc: 0.7521
Epoch 23/50

Epoch 00023: saving model to models/unbalanced_mnist_student_e300_L2_b64/random_classifier_100/cp-0023.hdf5
 - 3s - loss: 0.0087 - acc: 0.9990 - val_loss: 1.5032 - val_acc: 0.7426
Epoch 24/50

Epoch 00024: saving model to models/unbalanced_mnist_student_e300_L2_b64/random_classifier_100/cp-0024.hdf5
 - 3s - loss: 0.0085 - acc: 0.9971 - val_loss: 1.4775 - val_acc: 0.7469
Epoch 25/50

Epoch 00025: saving model to models/unbalanced_mnist_student_e300_L2_b64/random_classifier_100/cp-0025.hdf5
 - 3s - loss: 0.0076 - acc: 0.9980 - val_loss: 1.4766 - val_acc: 0.7480
Epoch 26/50

Epoch 00026: saving model to models/unbalanced_mnist_student_e300_L2_b64/random_classifier_100/cp-0026.hdf5
 - 3s - loss: 0.0069 - acc: 0.9971 - val_loss: 1.6898 - val_acc: 0.7295
Epoch 27/50

Epoch 00027: saving model to models/unbalanced_mnist_student_e300_L2_b64/random_classifier_100/cp-0027.hdf5
 - 3s - loss: 0.0076 - acc: 0.9990 - val_loss: 1.6330 - val_acc: 0.7377
Epoch 28/50

Epoch 00028: saving model to models/unbalanced_mnist_student_e300_L2_b64/random_classifier_100/cp-0028.hdf5
 - 3s - loss: 0.0066 - acc: 0.9971 - val_loss: 1.6068 - val_acc: 0.7414
Epoch 29/50

Epoch 00029: saving model to models/unbalanced_mnist_student_e300_L2_b64/random_classifier_100/cp-0029.hdf5
 - 3s - loss: 0.0019 - acc: 1.0000 - val_loss: 1.6034 - val_acc: 0.7428
Epoch 30/50

Epoch 00030: saving model to models/unbalanced_mnist_student_e300_L2_b64/random_classifier_100/cp-0030.hdf5
 - 3s - loss: 0.0058 - acc: 0.9990 - val_loss: 1.6182 - val_acc: 0.7422
Epoch 31/50

Epoch 00031: saving model to models/unbalanced_mnist_student_e300_L2_b64/random_classifier_100/cp-0031.hdf5
 - 3s - loss: 0.0067 - acc: 0.9980 - val_loss: 1.7262 - val_acc: 0.7342
Epoch 32/50

Epoch 00032: saving model to models/unbalanced_mnist_student_e300_L2_b64/random_classifier_100/cp-0032.hdf5
 - 3s - loss: 0.0117 - acc: 0.9971 - val_loss: 1.5853 - val_acc: 0.7472
Epoch 33/50

Epoch 00033: saving model to models/unbalanced_mnist_student_e300_L2_b64/random_classifier_100/cp-0033.hdf5
 - 3s - loss: 0.0082 - acc: 0.9980 - val_loss: 1.6649 - val_acc: 0.7389
Epoch 34/50

Epoch 00034: saving model to models/unbalanced_mnist_student_e300_L2_b64/random_classifier_100/cp-0034.hdf5
 - 3s - loss: 0.0043 - acc: 1.0000 - val_loss: 1.6451 - val_acc: 0.7415
Epoch 35/50

Epoch 00035: saving model to models/unbalanced_mnist_student_e300_L2_b64/random_classifier_100/cp-0035.hdf5
 - 3s - loss: 0.0037 - acc: 0.9990 - val_loss: 1.6297 - val_acc: 0.7448
Epoch 36/50

Epoch 00036: saving model to models/unbalanced_mnist_student_e300_L2_b64/random_classifier_100/cp-0036.hdf5
 - 3s - loss: 0.0055 - acc: 0.9980 - val_loss: 1.6983 - val_acc: 0.7388
Epoch 37/50

Epoch 00037: saving model to models/unbalanced_mnist_student_e300_L2_b64/random_classifier_100/cp-0037.hdf5
 - 3s - loss: 0.0042 - acc: 0.9990 - val_loss: 1.7323 - val_acc: 0.7352
Epoch 38/50

Epoch 00038: saving model to models/unbalanced_mnist_student_e300_L2_b64/random_classifier_100/cp-0038.hdf5
 - 3s - loss: 0.0024 - acc: 1.0000 - val_loss: 1.6896 - val_acc: 0.7413
Epoch 39/50

Epoch 00039: saving model to models/unbalanced_mnist_student_e300_L2_b64/random_classifier_100/cp-0039.hdf5
 - 3s - loss: 0.0047 - acc: 0.9980 - val_loss: 1.6825 - val_acc: 0.7433
Epoch 40/50

Epoch 00040: saving model to models/unbalanced_mnist_student_e300_L2_b64/random_classifier_100/cp-0040.hdf5
 - 3s - loss: 0.0038 - acc: 0.9990 - val_loss: 1.6917 - val_acc: 0.7409
Epoch 41/50

Epoch 00041: saving model to models/unbalanced_mnist_student_e300_L2_b64/random_classifier_100/cp-0041.hdf5
 - 3s - loss: 0.0034 - acc: 0.9990 - val_loss: 1.6440 - val_acc: 0.7465
Epoch 42/50

Epoch 00042: saving model to models/unbalanced_mnist_student_e300_L2_b64/random_classifier_100/cp-0042.hdf5
 - 3s - loss: 0.0040 - acc: 0.9990 - val_loss: 1.6201 - val_acc: 0.7476
Epoch 43/50

Epoch 00043: saving model to models/unbalanced_mnist_student_e300_L2_b64/random_classifier_100/cp-0043.hdf5
 - 3s - loss: 0.0032 - acc: 0.9990 - val_loss: 1.6933 - val_acc: 0.7441
Epoch 44/50

Epoch 00044: saving model to models/unbalanced_mnist_student_e300_L2_b64/random_classifier_100/cp-0044.hdf5
 - 3s - loss: 0.0033 - acc: 0.9990 - val_loss: 1.6163 - val_acc: 0.7498
Epoch 45/50

Epoch 00045: saving model to models/unbalanced_mnist_student_e300_L2_b64/random_classifier_100/cp-0045.hdf5
 - 3s - loss: 0.0021 - acc: 1.0000 - val_loss: 1.6174 - val_acc: 0.7513
Epoch 46/50

Epoch 00046: saving model to models/unbalanced_mnist_student_e300_L2_b64/random_classifier_100/cp-0046.hdf5
 - 3s - loss: 0.0019 - acc: 1.0000 - val_loss: 1.7792 - val_acc: 0.7396
Epoch 47/50

Epoch 00047: saving model to models/unbalanced_mnist_student_e300_L2_b64/random_classifier_100/cp-0047.hdf5
 - 3s - loss: 0.0013 - acc: 1.0000 - val_loss: 1.7394 - val_acc: 0.7432
Epoch 48/50

Epoch 00048: saving model to models/unbalanced_mnist_student_e300_L2_b64/random_classifier_100/cp-0048.hdf5
 - 3s - loss: 0.0024 - acc: 0.9990 - val_loss: 1.6745 - val_acc: 0.7492
Epoch 49/50

Epoch 00049: saving model to models/unbalanced_mnist_student_e300_L2_b64/random_classifier_100/cp-0049.hdf5
 - 3s - loss: 0.0082 - acc: 0.9990 - val_loss: 1.6857 - val_acc: 0.7477
Epoch 50/50

Epoch 00050: saving model to models/unbalanced_mnist_student_e300_L2_b64/random_classifier_100/cp-0050.hdf5
 - 3s - loss: 0.0054 - acc: 0.9980 - val_loss: 1.7074 - val_acc: 0.7460
Epoch 1/50

Epoch 00001: saving model to models/unbalanced_mnist_student_e300_L2_b64/normal_classifier_100/cp-0001.hdf5
 - 5s - loss: 2.2899 - acc: 0.2393 - val_loss: 2.3005 - val_acc: 0.1032
Epoch 2/50

Epoch 00002: saving model to models/unbalanced_mnist_student_e300_L2_b64/normal_classifier_100/cp-0002.hdf5
 - 3s - loss: 2.2213 - acc: 0.2686 - val_loss: 2.3435 - val_acc: 0.1030
Epoch 3/50

Epoch 00003: saving model to models/unbalanced_mnist_student_e300_L2_b64/normal_classifier_100/cp-0003.hdf5
 - 3s - loss: 2.1135 - acc: 0.2676 - val_loss: 2.3749 - val_acc: 0.1029
Epoch 4/50

Epoch 00004: saving model to models/unbalanced_mnist_student_e300_L2_b64/normal_classifier_100/cp-0004.hdf5
 - 3s - loss: 2.0562 - acc: 0.2725 - val_loss: 2.3328 - val_acc: 0.1032
Epoch 5/50

Epoch 00005: saving model to models/unbalanced_mnist_student_e300_L2_b64/normal_classifier_100/cp-0005.hdf5
 - 3s - loss: 1.9158 - acc: 0.2900 - val_loss: 2.2532 - val_acc: 0.1535
Epoch 6/50

Epoch 00006: saving model to models/unbalanced_mnist_student_e300_L2_b64/normal_classifier_100/cp-0006.hdf5
 - 3s - loss: 1.5941 - acc: 0.4697 - val_loss: 1.6061 - val_acc: 0.4688
Epoch 7/50

Epoch 00007: saving model to models/unbalanced_mnist_student_e300_L2_b64/normal_classifier_100/cp-0007.hdf5
 - 3s - loss: 1.2039 - acc: 0.6035 - val_loss: 1.2675 - val_acc: 0.5861
Epoch 8/50

Epoch 00008: saving model to models/unbalanced_mnist_student_e300_L2_b64/normal_classifier_100/cp-0008.hdf5
 - 3s - loss: 0.8342 - acc: 0.7539 - val_loss: 1.1224 - val_acc: 0.6568
Epoch 9/50

Epoch 00009: saving model to models/unbalanced_mnist_student_e300_L2_b64/normal_classifier_100/cp-0009.hdf5
 - 3s - loss: 0.5227 - acc: 0.8398 - val_loss: 1.3698 - val_acc: 0.6157
Epoch 10/50

Epoch 00010: saving model to models/unbalanced_mnist_student_e300_L2_b64/normal_classifier_100/cp-0010.hdf5
 - 3s - loss: 0.3709 - acc: 0.8965 - val_loss: 1.2531 - val_acc: 0.6584
Epoch 11/50

Epoch 00011: saving model to models/unbalanced_mnist_student_e300_L2_b64/normal_classifier_100/cp-0011.hdf5
 - 3s - loss: 0.1993 - acc: 0.9434 - val_loss: 1.2926 - val_acc: 0.7047
Epoch 12/50

Epoch 00012: saving model to models/unbalanced_mnist_student_e300_L2_b64/normal_classifier_100/cp-0012.hdf5
 - 3s - loss: 0.1274 - acc: 0.9570 - val_loss: 1.1413 - val_acc: 0.7403
Epoch 13/50

Epoch 00013: saving model to models/unbalanced_mnist_student_e300_L2_b64/normal_classifier_100/cp-0013.hdf5
 - 3s - loss: 0.0974 - acc: 0.9766 - val_loss: 1.2803 - val_acc: 0.7008
Epoch 14/50

Epoch 00014: saving model to models/unbalanced_mnist_student_e300_L2_b64/normal_classifier_100/cp-0014.hdf5
 - 3s - loss: 0.0808 - acc: 0.9746 - val_loss: 1.2814 - val_acc: 0.7302
Epoch 15/50

Epoch 00015: saving model to models/unbalanced_mnist_student_e300_L2_b64/normal_classifier_100/cp-0015.hdf5
 - 3s - loss: 0.0410 - acc: 0.9912 - val_loss: 1.3668 - val_acc: 0.7257
Epoch 16/50

Epoch 00016: saving model to models/unbalanced_mnist_student_e300_L2_b64/normal_classifier_100/cp-0016.hdf5
 - 3s - loss: 0.0212 - acc: 0.9971 - val_loss: 1.3904 - val_acc: 0.7322
Epoch 17/50

Epoch 00017: saving model to models/unbalanced_mnist_student_e300_L2_b64/normal_classifier_100/cp-0017.hdf5
 - 3s - loss: 0.0252 - acc: 0.9932 - val_loss: 1.4088 - val_acc: 0.7408
Epoch 18/50

Epoch 00018: saving model to models/unbalanced_mnist_student_e300_L2_b64/normal_classifier_100/cp-0018.hdf5
 - 3s - loss: 0.0166 - acc: 0.9951 - val_loss: 1.4310 - val_acc: 0.7398
Epoch 19/50

Epoch 00019: saving model to models/unbalanced_mnist_student_e300_L2_b64/normal_classifier_100/cp-0019.hdf5
 - 3s - loss: 0.0166 - acc: 0.9951 - val_loss: 1.5263 - val_acc: 0.7308
Epoch 20/50

Epoch 00020: saving model to models/unbalanced_mnist_student_e300_L2_b64/normal_classifier_100/cp-0020.hdf5
 - 3s - loss: 0.0123 - acc: 0.9980 - val_loss: 1.5342 - val_acc: 0.7358
Epoch 21/50

Epoch 00021: saving model to models/unbalanced_mnist_student_e300_L2_b64/normal_classifier_100/cp-0021.hdf5
 - 3s - loss: 0.0087 - acc: 0.9990 - val_loss: 1.5935 - val_acc: 0.7281
Epoch 22/50

Epoch 00022: saving model to models/unbalanced_mnist_student_e300_L2_b64/normal_classifier_100/cp-0022.hdf5
 - 3s - loss: 0.0086 - acc: 0.9980 - val_loss: 1.6020 - val_acc: 0.7368
Epoch 23/50

Epoch 00023: saving model to models/unbalanced_mnist_student_e300_L2_b64/normal_classifier_100/cp-0023.hdf5
 - 3s - loss: 0.0049 - acc: 1.0000 - val_loss: 1.5747 - val_acc: 0.7388
Epoch 24/50

Epoch 00024: saving model to models/unbalanced_mnist_student_e300_L2_b64/normal_classifier_100/cp-0024.hdf5
 - 3s - loss: 0.0045 - acc: 1.0000 - val_loss: 1.6372 - val_acc: 0.7372
Epoch 25/50

Epoch 00025: saving model to models/unbalanced_mnist_student_e300_L2_b64/normal_classifier_100/cp-0025.hdf5
 - 3s - loss: 0.0064 - acc: 0.9971 - val_loss: 1.7041 - val_acc: 0.7229
Epoch 26/50

Epoch 00026: saving model to models/unbalanced_mnist_student_e300_L2_b64/normal_classifier_100/cp-0026.hdf5
 - 3s - loss: 0.0055 - acc: 0.9990 - val_loss: 1.7693 - val_acc: 0.7320
Epoch 27/50

Epoch 00027: saving model to models/unbalanced_mnist_student_e300_L2_b64/normal_classifier_100/cp-0027.hdf5
 - 3s - loss: 0.0044 - acc: 1.0000 - val_loss: 1.7459 - val_acc: 0.7363
Epoch 28/50

Epoch 00028: saving model to models/unbalanced_mnist_student_e300_L2_b64/normal_classifier_100/cp-0028.hdf5
 - 3s - loss: 0.0089 - acc: 0.9980 - val_loss: 1.6788 - val_acc: 0.7359
Epoch 29/50

Epoch 00029: saving model to models/unbalanced_mnist_student_e300_L2_b64/normal_classifier_100/cp-0029.hdf5
 - 3s - loss: 0.0054 - acc: 0.9990 - val_loss: 1.6760 - val_acc: 0.7380
Epoch 30/50

Epoch 00030: saving model to models/unbalanced_mnist_student_e300_L2_b64/normal_classifier_100/cp-0030.hdf5
 - 3s - loss: 0.0030 - acc: 1.0000 - val_loss: 1.6894 - val_acc: 0.7410
Epoch 31/50

Epoch 00031: saving model to models/unbalanced_mnist_student_e300_L2_b64/normal_classifier_100/cp-0031.hdf5
 - 3s - loss: 0.0020 - acc: 1.0000 - val_loss: 1.7290 - val_acc: 0.7373
Epoch 32/50

Epoch 00032: saving model to models/unbalanced_mnist_student_e300_L2_b64/normal_classifier_100/cp-0032.hdf5
 - 3s - loss: 0.0055 - acc: 0.9990 - val_loss: 1.7484 - val_acc: 0.7341
Epoch 33/50

Epoch 00033: saving model to models/unbalanced_mnist_student_e300_L2_b64/normal_classifier_100/cp-0033.hdf5
 - 3s - loss: 0.0039 - acc: 1.0000 - val_loss: 1.7723 - val_acc: 0.7331
Epoch 34/50

Epoch 00034: saving model to models/unbalanced_mnist_student_e300_L2_b64/normal_classifier_100/cp-0034.hdf5
 - 3s - loss: 0.0037 - acc: 0.9990 - val_loss: 1.8198 - val_acc: 0.7339
Epoch 35/50

Epoch 00035: saving model to models/unbalanced_mnist_student_e300_L2_b64/normal_classifier_100/cp-0035.hdf5
 - 3s - loss: 0.0014 - acc: 1.0000 - val_loss: 1.7824 - val_acc: 0.7369
Epoch 36/50

Epoch 00036: saving model to models/unbalanced_mnist_student_e300_L2_b64/normal_classifier_100/cp-0036.hdf5
 - 3s - loss: 0.0017 - acc: 1.0000 - val_loss: 1.7629 - val_acc: 0.7360
Epoch 37/50

Epoch 00037: saving model to models/unbalanced_mnist_student_e300_L2_b64/normal_classifier_100/cp-0037.hdf5
 - 3s - loss: 0.0024 - acc: 1.0000 - val_loss: 1.7567 - val_acc: 0.7442
Epoch 38/50

Epoch 00038: saving model to models/unbalanced_mnist_student_e300_L2_b64/normal_classifier_100/cp-0038.hdf5
 - 3s - loss: 0.0056 - acc: 0.9980 - val_loss: 1.7685 - val_acc: 0.7453
Epoch 39/50

Epoch 00039: saving model to models/unbalanced_mnist_student_e300_L2_b64/normal_classifier_100/cp-0039.hdf5
 - 3s - loss: 0.0034 - acc: 0.9990 - val_loss: 1.7726 - val_acc: 0.7434
Epoch 40/50

Epoch 00040: saving model to models/unbalanced_mnist_student_e300_L2_b64/normal_classifier_100/cp-0040.hdf5
 - 3s - loss: 0.0025 - acc: 0.9990 - val_loss: 1.8005 - val_acc: 0.7409
Epoch 41/50

Epoch 00041: saving model to models/unbalanced_mnist_student_e300_L2_b64/normal_classifier_100/cp-0041.hdf5
 - 3s - loss: 0.0022 - acc: 1.0000 - val_loss: 1.8109 - val_acc: 0.7430
Epoch 42/50

Epoch 00042: saving model to models/unbalanced_mnist_student_e300_L2_b64/normal_classifier_100/cp-0042.hdf5
 - 3s - loss: 0.0029 - acc: 0.9990 - val_loss: 1.8176 - val_acc: 0.7426
Epoch 43/50

Epoch 00043: saving model to models/unbalanced_mnist_student_e300_L2_b64/normal_classifier_100/cp-0043.hdf5
 - 3s - loss: 0.0074 - acc: 0.9980 - val_loss: 1.8964 - val_acc: 0.7355
Epoch 44/50

Epoch 00044: saving model to models/unbalanced_mnist_student_e300_L2_b64/normal_classifier_100/cp-0044.hdf5
 - 3s - loss: 0.0019 - acc: 1.0000 - val_loss: 1.7939 - val_acc: 0.7473
Epoch 45/50

Epoch 00045: saving model to models/unbalanced_mnist_student_e300_L2_b64/normal_classifier_100/cp-0045.hdf5
 - 3s - loss: 0.0032 - acc: 0.9990 - val_loss: 1.7924 - val_acc: 0.7442
Epoch 46/50

Epoch 00046: saving model to models/unbalanced_mnist_student_e300_L2_b64/normal_classifier_100/cp-0046.hdf5
 - 3s - loss: 0.0018 - acc: 1.0000 - val_loss: 1.8324 - val_acc: 0.7409
Epoch 47/50

Epoch 00047: saving model to models/unbalanced_mnist_student_e300_L2_b64/normal_classifier_100/cp-0047.hdf5
 - 3s - loss: 0.0017 - acc: 1.0000 - val_loss: 1.8749 - val_acc: 0.7402
Epoch 48/50

Epoch 00048: saving model to models/unbalanced_mnist_student_e300_L2_b64/normal_classifier_100/cp-0048.hdf5
 - 3s - loss: 0.0015 - acc: 1.0000 - val_loss: 1.8708 - val_acc: 0.7419
Epoch 49/50

Epoch 00049: saving model to models/unbalanced_mnist_student_e300_L2_b64/normal_classifier_100/cp-0049.hdf5
 - 3s - loss: 0.0032 - acc: 0.9990 - val_loss: 1.8732 - val_acc: 0.7380
Epoch 50/50

Epoch 00050: saving model to models/unbalanced_mnist_student_e300_L2_b64/normal_classifier_100/cp-0050.hdf5
 - 3s - loss: 0.0016 - acc: 0.9990 - val_loss: 1.9588 - val_acc: 0.7338
Epoch 1/50

Epoch 00001: saving model to models/unbalanced_mnist_student_e300_L2_b64/multi-normal_classifier_100/cp-0001.hdf5
 - 5s - loss: 2.2894 - acc: 0.2148 - val_loss: 2.2990 - val_acc: 0.1343
Epoch 2/50

Epoch 00002: saving model to models/unbalanced_mnist_student_e300_L2_b64/multi-normal_classifier_100/cp-0002.hdf5
 - 3s - loss: 2.1928 - acc: 0.2314 - val_loss: 2.3583 - val_acc: 0.1045
Epoch 3/50

Epoch 00003: saving model to models/unbalanced_mnist_student_e300_L2_b64/multi-normal_classifier_100/cp-0003.hdf5
 - 3s - loss: 2.0347 - acc: 0.3066 - val_loss: 2.3151 - val_acc: 0.1878
Epoch 4/50

Epoch 00004: saving model to models/unbalanced_mnist_student_e300_L2_b64/multi-normal_classifier_100/cp-0004.hdf5
 - 3s - loss: 1.7411 - acc: 0.4062 - val_loss: 1.8155 - val_acc: 0.3913
Epoch 5/50

Epoch 00005: saving model to models/unbalanced_mnist_student_e300_L2_b64/multi-normal_classifier_100/cp-0005.hdf5
 - 3s - loss: 1.3999 - acc: 0.5137 - val_loss: 1.6777 - val_acc: 0.4380
Epoch 6/50

Epoch 00006: saving model to models/unbalanced_mnist_student_e300_L2_b64/multi-normal_classifier_100/cp-0006.hdf5
 - 3s - loss: 1.1442 - acc: 0.5938 - val_loss: 1.3454 - val_acc: 0.5623
Epoch 7/50

Epoch 00007: saving model to models/unbalanced_mnist_student_e300_L2_b64/multi-normal_classifier_100/cp-0007.hdf5
 - 3s - loss: 0.8282 - acc: 0.7148 - val_loss: 1.0749 - val_acc: 0.6923
Epoch 8/50

Epoch 00008: saving model to models/unbalanced_mnist_student_e300_L2_b64/multi-normal_classifier_100/cp-0008.hdf5
 - 3s - loss: 0.6748 - acc: 0.7686 - val_loss: 1.1143 - val_acc: 0.6821
Epoch 9/50

Epoch 00009: saving model to models/unbalanced_mnist_student_e300_L2_b64/multi-normal_classifier_100/cp-0009.hdf5
 - 3s - loss: 0.4903 - acc: 0.8281 - val_loss: 1.3069 - val_acc: 0.6724
Epoch 10/50

Epoch 00010: saving model to models/unbalanced_mnist_student_e300_L2_b64/multi-normal_classifier_100/cp-0010.hdf5
 - 3s - loss: 0.2945 - acc: 0.9111 - val_loss: 1.5904 - val_acc: 0.6365
Epoch 11/50

Epoch 00011: saving model to models/unbalanced_mnist_student_e300_L2_b64/multi-normal_classifier_100/cp-0011.hdf5
 - 3s - loss: 0.2361 - acc: 0.9111 - val_loss: 1.3277 - val_acc: 0.6984
Epoch 12/50

Epoch 00012: saving model to models/unbalanced_mnist_student_e300_L2_b64/multi-normal_classifier_100/cp-0012.hdf5
 - 3s - loss: 0.0981 - acc: 0.9756 - val_loss: 1.2922 - val_acc: 0.7441
Epoch 13/50

Epoch 00013: saving model to models/unbalanced_mnist_student_e300_L2_b64/multi-normal_classifier_100/cp-0013.hdf5
 - 3s - loss: 0.0796 - acc: 0.9717 - val_loss: 1.3629 - val_acc: 0.7420
Epoch 14/50

Epoch 00014: saving model to models/unbalanced_mnist_student_e300_L2_b64/multi-normal_classifier_100/cp-0014.hdf5
 - 3s - loss: 0.0662 - acc: 0.9795 - val_loss: 1.6051 - val_acc: 0.7170
Epoch 15/50

Epoch 00015: saving model to models/unbalanced_mnist_student_e300_L2_b64/multi-normal_classifier_100/cp-0015.hdf5
 - 3s - loss: 0.0698 - acc: 0.9795 - val_loss: 1.4529 - val_acc: 0.7428
Epoch 16/50

Epoch 00016: saving model to models/unbalanced_mnist_student_e300_L2_b64/multi-normal_classifier_100/cp-0016.hdf5
 - 3s - loss: 0.0251 - acc: 0.9951 - val_loss: 1.5283 - val_acc: 0.7434
Epoch 17/50

Epoch 00017: saving model to models/unbalanced_mnist_student_e300_L2_b64/multi-normal_classifier_100/cp-0017.hdf5
 - 3s - loss: 0.0316 - acc: 0.9932 - val_loss: 1.6747 - val_acc: 0.7288
Epoch 18/50

Epoch 00018: saving model to models/unbalanced_mnist_student_e300_L2_b64/multi-normal_classifier_100/cp-0018.hdf5
 - 3s - loss: 0.0171 - acc: 0.9971 - val_loss: 1.6380 - val_acc: 0.7426
Epoch 19/50

Epoch 00019: saving model to models/unbalanced_mnist_student_e300_L2_b64/multi-normal_classifier_100/cp-0019.hdf5
 - 3s - loss: 0.0112 - acc: 1.0000 - val_loss: 1.7133 - val_acc: 0.7400
Epoch 20/50

Epoch 00020: saving model to models/unbalanced_mnist_student_e300_L2_b64/multi-normal_classifier_100/cp-0020.hdf5
 - 3s - loss: 0.0114 - acc: 0.9971 - val_loss: 1.6929 - val_acc: 0.7428
Epoch 21/50

Epoch 00021: saving model to models/unbalanced_mnist_student_e300_L2_b64/multi-normal_classifier_100/cp-0021.hdf5
 - 3s - loss: 0.0137 - acc: 0.9990 - val_loss: 1.7276 - val_acc: 0.7421
Epoch 22/50

Epoch 00022: saving model to models/unbalanced_mnist_student_e300_L2_b64/multi-normal_classifier_100/cp-0022.hdf5
 - 3s - loss: 0.0138 - acc: 0.9971 - val_loss: 1.8833 - val_acc: 0.7243
Epoch 23/50

Epoch 00023: saving model to models/unbalanced_mnist_student_e300_L2_b64/multi-normal_classifier_100/cp-0023.hdf5
 - 3s - loss: 0.0164 - acc: 0.9951 - val_loss: 1.7977 - val_acc: 0.7389
Epoch 24/50

Epoch 00024: saving model to models/unbalanced_mnist_student_e300_L2_b64/multi-normal_classifier_100/cp-0024.hdf5
 - 3s - loss: 0.0129 - acc: 0.9971 - val_loss: 1.7676 - val_acc: 0.7475
Epoch 25/50

Epoch 00025: saving model to models/unbalanced_mnist_student_e300_L2_b64/multi-normal_classifier_100/cp-0025.hdf5
 - 3s - loss: 0.0125 - acc: 0.9971 - val_loss: 1.8475 - val_acc: 0.7419
Epoch 26/50

Epoch 00026: saving model to models/unbalanced_mnist_student_e300_L2_b64/multi-normal_classifier_100/cp-0026.hdf5
 - 3s - loss: 0.0074 - acc: 0.9980 - val_loss: 1.8062 - val_acc: 0.7473
Epoch 27/50

Epoch 00027: saving model to models/unbalanced_mnist_student_e300_L2_b64/multi-normal_classifier_100/cp-0027.hdf5
 - 3s - loss: 0.0071 - acc: 1.0000 - val_loss: 1.8347 - val_acc: 0.7441
Epoch 28/50

Epoch 00028: saving model to models/unbalanced_mnist_student_e300_L2_b64/multi-normal_classifier_100/cp-0028.hdf5
 - 3s - loss: 0.0049 - acc: 1.0000 - val_loss: 1.8751 - val_acc: 0.7460
Epoch 29/50

Epoch 00029: saving model to models/unbalanced_mnist_student_e300_L2_b64/multi-normal_classifier_100/cp-0029.hdf5
 - 3s - loss: 0.0053 - acc: 0.9990 - val_loss: 1.8840 - val_acc: 0.7442
Epoch 30/50

Epoch 00030: saving model to models/unbalanced_mnist_student_e300_L2_b64/multi-normal_classifier_100/cp-0030.hdf5
 - 3s - loss: 0.0080 - acc: 0.9990 - val_loss: 1.9017 - val_acc: 0.7440
Epoch 31/50

Epoch 00031: saving model to models/unbalanced_mnist_student_e300_L2_b64/multi-normal_classifier_100/cp-0031.hdf5
 - 3s - loss: 0.0054 - acc: 0.9990 - val_loss: 1.8755 - val_acc: 0.7462
Epoch 32/50

Epoch 00032: saving model to models/unbalanced_mnist_student_e300_L2_b64/multi-normal_classifier_100/cp-0032.hdf5
 - 3s - loss: 0.0067 - acc: 0.9980 - val_loss: 1.8738 - val_acc: 0.7472
Epoch 33/50

Epoch 00033: saving model to models/unbalanced_mnist_student_e300_L2_b64/multi-normal_classifier_100/cp-0033.hdf5
 - 3s - loss: 0.0040 - acc: 1.0000 - val_loss: 1.9049 - val_acc: 0.7455
Epoch 34/50

Epoch 00034: saving model to models/unbalanced_mnist_student_e300_L2_b64/multi-normal_classifier_100/cp-0034.hdf5
 - 3s - loss: 0.0056 - acc: 0.9990 - val_loss: 1.8955 - val_acc: 0.7505
Epoch 35/50

Epoch 00035: saving model to models/unbalanced_mnist_student_e300_L2_b64/multi-normal_classifier_100/cp-0035.hdf5
 - 3s - loss: 0.0061 - acc: 0.9971 - val_loss: 1.8742 - val_acc: 0.7512
Epoch 36/50

Epoch 00036: saving model to models/unbalanced_mnist_student_e300_L2_b64/multi-normal_classifier_100/cp-0036.hdf5
 - 3s - loss: 0.0027 - acc: 1.0000 - val_loss: 1.9003 - val_acc: 0.7529
Epoch 37/50

Epoch 00037: saving model to models/unbalanced_mnist_student_e300_L2_b64/multi-normal_classifier_100/cp-0037.hdf5
 - 3s - loss: 0.0024 - acc: 1.0000 - val_loss: 1.9037 - val_acc: 0.7497
Epoch 38/50

Epoch 00038: saving model to models/unbalanced_mnist_student_e300_L2_b64/multi-normal_classifier_100/cp-0038.hdf5
 - 3s - loss: 0.0036 - acc: 0.9990 - val_loss: 1.9982 - val_acc: 0.7442
Epoch 39/50

Epoch 00039: saving model to models/unbalanced_mnist_student_e300_L2_b64/multi-normal_classifier_100/cp-0039.hdf5
 - 3s - loss: 0.0024 - acc: 1.0000 - val_loss: 1.9458 - val_acc: 0.7481
Epoch 40/50

Epoch 00040: saving model to models/unbalanced_mnist_student_e300_L2_b64/multi-normal_classifier_100/cp-0040.hdf5
 - 3s - loss: 0.0017 - acc: 1.0000 - val_loss: 1.9548 - val_acc: 0.7485
Epoch 41/50

Epoch 00041: saving model to models/unbalanced_mnist_student_e300_L2_b64/multi-normal_classifier_100/cp-0041.hdf5
 - 3s - loss: 0.0033 - acc: 1.0000 - val_loss: 2.0755 - val_acc: 0.7350
Epoch 42/50

Epoch 00042: saving model to models/unbalanced_mnist_student_e300_L2_b64/multi-normal_classifier_100/cp-0042.hdf5
 - 3s - loss: 9.5072e-04 - acc: 1.0000 - val_loss: 2.0388 - val_acc: 0.7424
Epoch 43/50

Epoch 00043: saving model to models/unbalanced_mnist_student_e300_L2_b64/multi-normal_classifier_100/cp-0043.hdf5
 - 3s - loss: 0.0046 - acc: 0.9990 - val_loss: 2.0158 - val_acc: 0.7453
Epoch 44/50

Epoch 00044: saving model to models/unbalanced_mnist_student_e300_L2_b64/multi-normal_classifier_100/cp-0044.hdf5
 - 3s - loss: 0.0055 - acc: 0.9961 - val_loss: 1.9765 - val_acc: 0.7484
Epoch 45/50

Epoch 00045: saving model to models/unbalanced_mnist_student_e300_L2_b64/multi-normal_classifier_100/cp-0045.hdf5
 - 3s - loss: 0.0045 - acc: 0.9990 - val_loss: 1.9475 - val_acc: 0.7507
Epoch 46/50

Epoch 00046: saving model to models/unbalanced_mnist_student_e300_L2_b64/multi-normal_classifier_100/cp-0046.hdf5
 - 3s - loss: 0.0014 - acc: 1.0000 - val_loss: 1.9851 - val_acc: 0.7499
Epoch 47/50

Epoch 00047: saving model to models/unbalanced_mnist_student_e300_L2_b64/multi-normal_classifier_100/cp-0047.hdf5
 - 3s - loss: 0.0012 - acc: 1.0000 - val_loss: 2.0239 - val_acc: 0.7486
Epoch 48/50

Epoch 00048: saving model to models/unbalanced_mnist_student_e300_L2_b64/multi-normal_classifier_100/cp-0048.hdf5
 - 3s - loss: 0.0051 - acc: 0.9980 - val_loss: 2.0800 - val_acc: 0.7446
Epoch 49/50

Epoch 00049: saving model to models/unbalanced_mnist_student_e300_L2_b64/multi-normal_classifier_100/cp-0049.hdf5
 - 3s - loss: 0.0055 - acc: 0.9980 - val_loss: 2.0081 - val_acc: 0.7501
Epoch 50/50

Epoch 00050: saving model to models/unbalanced_mnist_student_e300_L2_b64/multi-normal_classifier_100/cp-0050.hdf5
 - 3s - loss: 0.0017 - acc: 1.0000 - val_loss: 1.9790 - val_acc: 0.7565
Epoch 1/50

Epoch 00001: saving model to models/unbalanced_mnist_student_e300_L2_b64/uniform_classifier_100/cp-0001.hdf5
 - 5s - loss: 2.2893 - acc: 0.2480 - val_loss: 2.2995 - val_acc: 0.0980
Epoch 2/50

Epoch 00002: saving model to models/unbalanced_mnist_student_e300_L2_b64/uniform_classifier_100/cp-0002.hdf5
 - 3s - loss: 2.1260 - acc: 0.2930 - val_loss: 2.5241 - val_acc: 0.0978
Epoch 3/50

Epoch 00003: saving model to models/unbalanced_mnist_student_e300_L2_b64/uniform_classifier_100/cp-0003.hdf5
 - 3s - loss: 1.7031 - acc: 0.4092 - val_loss: 2.8927 - val_acc: 0.2185
Epoch 4/50

Epoch 00004: saving model to models/unbalanced_mnist_student_e300_L2_b64/uniform_classifier_100/cp-0004.hdf5
 - 3s - loss: 1.1239 - acc: 0.6621 - val_loss: 2.9946 - val_acc: 0.3046
Epoch 5/50

Epoch 00005: saving model to models/unbalanced_mnist_student_e300_L2_b64/uniform_classifier_100/cp-0005.hdf5
 - 3s - loss: 0.6977 - acc: 0.7627 - val_loss: 2.8482 - val_acc: 0.4376
Epoch 6/50

Epoch 00006: saving model to models/unbalanced_mnist_student_e300_L2_b64/uniform_classifier_100/cp-0006.hdf5
 - 3s - loss: 0.4353 - acc: 0.8447 - val_loss: 3.1144 - val_acc: 0.4768
Epoch 7/50

Epoch 00007: saving model to models/unbalanced_mnist_student_e300_L2_b64/uniform_classifier_100/cp-0007.hdf5
 - 3s - loss: 0.2808 - acc: 0.9033 - val_loss: 3.3519 - val_acc: 0.5049
Epoch 8/50

Epoch 00008: saving model to models/unbalanced_mnist_student_e300_L2_b64/uniform_classifier_100/cp-0008.hdf5
 - 3s - loss: 0.1780 - acc: 0.9502 - val_loss: 3.6100 - val_acc: 0.4987
Epoch 9/50

Epoch 00009: saving model to models/unbalanced_mnist_student_e300_L2_b64/uniform_classifier_100/cp-0009.hdf5
 - 3s - loss: 0.0876 - acc: 0.9795 - val_loss: 4.0559 - val_acc: 0.5004
Epoch 10/50

Epoch 00010: saving model to models/unbalanced_mnist_student_e300_L2_b64/uniform_classifier_100/cp-0010.hdf5
 - 3s - loss: 0.0534 - acc: 0.9893 - val_loss: 4.2316 - val_acc: 0.4967
Epoch 11/50

Epoch 00011: saving model to models/unbalanced_mnist_student_e300_L2_b64/uniform_classifier_100/cp-0011.hdf5
 - 3s - loss: 0.0249 - acc: 0.9961 - val_loss: 4.3621 - val_acc: 0.5148
Epoch 12/50

Epoch 00012: saving model to models/unbalanced_mnist_student_e300_L2_b64/uniform_classifier_100/cp-0012.hdf5
 - 3s - loss: 0.0337 - acc: 0.9893 - val_loss: 4.3874 - val_acc: 0.5254
Epoch 13/50

Epoch 00013: saving model to models/unbalanced_mnist_student_e300_L2_b64/uniform_classifier_100/cp-0013.hdf5
 - 3s - loss: 0.0212 - acc: 0.9951 - val_loss: 4.5084 - val_acc: 0.5190
Epoch 14/50

Epoch 00014: saving model to models/unbalanced_mnist_student_e300_L2_b64/uniform_classifier_100/cp-0014.hdf5
 - 3s - loss: 0.0117 - acc: 0.9990 - val_loss: 4.7182 - val_acc: 0.5193
Epoch 15/50

Epoch 00015: saving model to models/unbalanced_mnist_student_e300_L2_b64/uniform_classifier_100/cp-0015.hdf5
 - 3s - loss: 0.0179 - acc: 0.9951 - val_loss: 4.6217 - val_acc: 0.5215
Epoch 16/50

Epoch 00016: saving model to models/unbalanced_mnist_student_e300_L2_b64/uniform_classifier_100/cp-0016.hdf5
 - 3s - loss: 0.0075 - acc: 0.9990 - val_loss: 4.7083 - val_acc: 0.5252
Epoch 17/50

Epoch 00017: saving model to models/unbalanced_mnist_student_e300_L2_b64/uniform_classifier_100/cp-0017.hdf5
 - 3s - loss: 0.0135 - acc: 0.9951 - val_loss: 4.6632 - val_acc: 0.5271
Epoch 18/50

Epoch 00018: saving model to models/unbalanced_mnist_student_e300_L2_b64/uniform_classifier_100/cp-0018.hdf5
 - 3s - loss: 0.0062 - acc: 0.9990 - val_loss: 4.7297 - val_acc: 0.5284
Epoch 19/50

Epoch 00019: saving model to models/unbalanced_mnist_student_e300_L2_b64/uniform_classifier_100/cp-0019.hdf5
 - 3s - loss: 0.0068 - acc: 1.0000 - val_loss: 4.7777 - val_acc: 0.5286
Epoch 20/50

Epoch 00020: saving model to models/unbalanced_mnist_student_e300_L2_b64/uniform_classifier_100/cp-0020.hdf5
 - 3s - loss: 0.0069 - acc: 0.9990 - val_loss: 4.7779 - val_acc: 0.5294
Epoch 21/50

Epoch 00021: saving model to models/unbalanced_mnist_student_e300_L2_b64/uniform_classifier_100/cp-0021.hdf5
 - 3s - loss: 0.0032 - acc: 1.0000 - val_loss: 4.9316 - val_acc: 0.5304
Epoch 22/50

Epoch 00022: saving model to models/unbalanced_mnist_student_e300_L2_b64/uniform_classifier_100/cp-0022.hdf5
 - 3s - loss: 0.0056 - acc: 0.9990 - val_loss: 4.8106 - val_acc: 0.5276
Epoch 23/50

Epoch 00023: saving model to models/unbalanced_mnist_student_e300_L2_b64/uniform_classifier_100/cp-0023.hdf5
 - 3s - loss: 0.0046 - acc: 0.9990 - val_loss: 4.9238 - val_acc: 0.5264
Epoch 24/50

Epoch 00024: saving model to models/unbalanced_mnist_student_e300_L2_b64/uniform_classifier_100/cp-0024.hdf5
 - 3s - loss: 0.0050 - acc: 0.9990 - val_loss: 4.9871 - val_acc: 0.5292
Epoch 25/50

Epoch 00025: saving model to models/unbalanced_mnist_student_e300_L2_b64/uniform_classifier_100/cp-0025.hdf5
 - 3s - loss: 0.0032 - acc: 1.0000 - val_loss: 4.9418 - val_acc: 0.5319
Epoch 26/50

Epoch 00026: saving model to models/unbalanced_mnist_student_e300_L2_b64/uniform_classifier_100/cp-0026.hdf5
 - 3s - loss: 0.0037 - acc: 1.0000 - val_loss: 5.0757 - val_acc: 0.5298
Epoch 27/50

Epoch 00027: saving model to models/unbalanced_mnist_student_e300_L2_b64/uniform_classifier_100/cp-0027.hdf5
 - 3s - loss: 0.0021 - acc: 1.0000 - val_loss: 5.1543 - val_acc: 0.5264
Epoch 28/50

Epoch 00028: saving model to models/unbalanced_mnist_student_e300_L2_b64/uniform_classifier_100/cp-0028.hdf5
 - 3s - loss: 0.0019 - acc: 1.0000 - val_loss: 5.1212 - val_acc: 0.5284
Epoch 29/50

Epoch 00029: saving model to models/unbalanced_mnist_student_e300_L2_b64/uniform_classifier_100/cp-0029.hdf5
 - 3s - loss: 0.0024 - acc: 1.0000 - val_loss: 5.0655 - val_acc: 0.5295
Epoch 30/50

Epoch 00030: saving model to models/unbalanced_mnist_student_e300_L2_b64/uniform_classifier_100/cp-0030.hdf5
 - 3s - loss: 0.0056 - acc: 0.9980 - val_loss: 5.0547 - val_acc: 0.5298
Epoch 31/50

Epoch 00031: saving model to models/unbalanced_mnist_student_e300_L2_b64/uniform_classifier_100/cp-0031.hdf5
 - 3s - loss: 0.0064 - acc: 0.9980 - val_loss: 5.1659 - val_acc: 0.5281
Epoch 32/50

Epoch 00032: saving model to models/unbalanced_mnist_student_e300_L2_b64/uniform_classifier_100/cp-0032.hdf5
 - 3s - loss: 0.0011 - acc: 1.0000 - val_loss: 5.1314 - val_acc: 0.5305
Epoch 33/50

Epoch 00033: saving model to models/unbalanced_mnist_student_e300_L2_b64/uniform_classifier_100/cp-0033.hdf5
 - 3s - loss: 0.0039 - acc: 0.9990 - val_loss: 5.0781 - val_acc: 0.5328
Epoch 34/50

Epoch 00034: saving model to models/unbalanced_mnist_student_e300_L2_b64/uniform_classifier_100/cp-0034.hdf5
 - 3s - loss: 0.0016 - acc: 1.0000 - val_loss: 5.1114 - val_acc: 0.5312
Epoch 35/50

Epoch 00035: saving model to models/unbalanced_mnist_student_e300_L2_b64/uniform_classifier_100/cp-0035.hdf5
 - 3s - loss: 0.0022 - acc: 1.0000 - val_loss: 5.0926 - val_acc: 0.5328
Epoch 36/50

Epoch 00036: saving model to models/unbalanced_mnist_student_e300_L2_b64/uniform_classifier_100/cp-0036.hdf5
 - 3s - loss: 6.3863e-04 - acc: 1.0000 - val_loss: 5.1505 - val_acc: 0.5338
Epoch 37/50

Epoch 00037: saving model to models/unbalanced_mnist_student_e300_L2_b64/uniform_classifier_100/cp-0037.hdf5
 - 3s - loss: 0.0012 - acc: 1.0000 - val_loss: 5.1199 - val_acc: 0.5352
Epoch 38/50

Epoch 00038: saving model to models/unbalanced_mnist_student_e300_L2_b64/uniform_classifier_100/cp-0038.hdf5
 - 3s - loss: 0.0016 - acc: 1.0000 - val_loss: 5.1707 - val_acc: 0.5339
Epoch 39/50

Epoch 00039: saving model to models/unbalanced_mnist_student_e300_L2_b64/uniform_classifier_100/cp-0039.hdf5
 - 3s - loss: 0.0022 - acc: 0.9990 - val_loss: 5.3408 - val_acc: 0.5273
Epoch 40/50

Epoch 00040: saving model to models/unbalanced_mnist_student_e300_L2_b64/uniform_classifier_100/cp-0040.hdf5
 - 3s - loss: 0.0011 - acc: 1.0000 - val_loss: 5.2378 - val_acc: 0.5309
Epoch 41/50

Epoch 00041: saving model to models/unbalanced_mnist_student_e300_L2_b64/uniform_classifier_100/cp-0041.hdf5
 - 3s - loss: 0.0016 - acc: 1.0000 - val_loss: 5.1912 - val_acc: 0.5344
Epoch 42/50

Epoch 00042: saving model to models/unbalanced_mnist_student_e300_L2_b64/uniform_classifier_100/cp-0042.hdf5
 - 3s - loss: 6.5276e-04 - acc: 1.0000 - val_loss: 5.1864 - val_acc: 0.5361
Epoch 43/50

Epoch 00043: saving model to models/unbalanced_mnist_student_e300_L2_b64/uniform_classifier_100/cp-0043.hdf5
 - 3s - loss: 0.0022 - acc: 0.9990 - val_loss: 5.3390 - val_acc: 0.5312
Epoch 44/50

Epoch 00044: saving model to models/unbalanced_mnist_student_e300_L2_b64/uniform_classifier_100/cp-0044.hdf5
 - 3s - loss: 7.6074e-04 - acc: 1.0000 - val_loss: 5.3125 - val_acc: 0.5328
Epoch 45/50

Epoch 00045: saving model to models/unbalanced_mnist_student_e300_L2_b64/uniform_classifier_100/cp-0045.hdf5
 - 3s - loss: 0.0042 - acc: 0.9980 - val_loss: 5.3562 - val_acc: 0.5272
Epoch 46/50

Epoch 00046: saving model to models/unbalanced_mnist_student_e300_L2_b64/uniform_classifier_100/cp-0046.hdf5
 - 3s - loss: 0.0014 - acc: 1.0000 - val_loss: 5.1681 - val_acc: 0.5369
Epoch 47/50

Epoch 00047: saving model to models/unbalanced_mnist_student_e300_L2_b64/uniform_classifier_100/cp-0047.hdf5
 - 3s - loss: 7.6268e-04 - acc: 1.0000 - val_loss: 5.2838 - val_acc: 0.5327
Epoch 48/50

Epoch 00048: saving model to models/unbalanced_mnist_student_e300_L2_b64/uniform_classifier_100/cp-0048.hdf5
 - 3s - loss: 0.0026 - acc: 0.9990 - val_loss: 5.2943 - val_acc: 0.5342
Epoch 49/50

Epoch 00049: saving model to models/unbalanced_mnist_student_e300_L2_b64/uniform_classifier_100/cp-0049.hdf5
 - 3s - loss: 8.6189e-04 - acc: 1.0000 - val_loss: 5.3283 - val_acc: 0.5336
Epoch 50/50

Epoch 00050: saving model to models/unbalanced_mnist_student_e300_L2_b64/uniform_classifier_100/cp-0050.hdf5
 - 3s - loss: 0.0021 - acc: 0.9990 - val_loss: 5.3024 - val_acc: 0.5370
Epoch 1/50

Epoch 00001: saving model to models/unbalanced_mnist_student_e300_L2_b64/uniform-cluster_classifier_100/cp-0001.hdf5
 - 5s - loss: 2.2947 - acc: 0.1396 - val_loss: 2.2990 - val_acc: 0.0958
Epoch 2/50

Epoch 00002: saving model to models/unbalanced_mnist_student_e300_L2_b64/uniform-cluster_classifier_100/cp-0002.hdf5
 - 3s - loss: 2.2484 - acc: 0.1660 - val_loss: 2.3062 - val_acc: 0.1645
Epoch 3/50

Epoch 00003: saving model to models/unbalanced_mnist_student_e300_L2_b64/uniform-cluster_classifier_100/cp-0003.hdf5
 - 3s - loss: 2.0797 - acc: 0.3721 - val_loss: 2.3701 - val_acc: 0.2761
Epoch 4/50

Epoch 00004: saving model to models/unbalanced_mnist_student_e300_L2_b64/uniform-cluster_classifier_100/cp-0004.hdf5
 - 3s - loss: 1.7638 - acc: 0.4541 - val_loss: 1.8702 - val_acc: 0.3438
Epoch 5/50

Epoch 00005: saving model to models/unbalanced_mnist_student_e300_L2_b64/uniform-cluster_classifier_100/cp-0005.hdf5
 - 3s - loss: 1.3351 - acc: 0.5420 - val_loss: 1.5883 - val_acc: 0.4589
Epoch 6/50

Epoch 00006: saving model to models/unbalanced_mnist_student_e300_L2_b64/uniform-cluster_classifier_100/cp-0006.hdf5
 - 3s - loss: 1.0166 - acc: 0.6455 - val_loss: 1.2610 - val_acc: 0.5798
Epoch 7/50

Epoch 00007: saving model to models/unbalanced_mnist_student_e300_L2_b64/uniform-cluster_classifier_100/cp-0007.hdf5
 - 3s - loss: 0.6963 - acc: 0.7705 - val_loss: 0.9340 - val_acc: 0.7037
Epoch 8/50

Epoch 00008: saving model to models/unbalanced_mnist_student_e300_L2_b64/uniform-cluster_classifier_100/cp-0008.hdf5
 - 3s - loss: 0.4485 - acc: 0.8447 - val_loss: 1.1531 - val_acc: 0.6673
Epoch 9/50

Epoch 00009: saving model to models/unbalanced_mnist_student_e300_L2_b64/uniform-cluster_classifier_100/cp-0009.hdf5
 - 3s - loss: 0.3274 - acc: 0.8857 - val_loss: 0.9504 - val_acc: 0.7365
Epoch 10/50

Epoch 00010: saving model to models/unbalanced_mnist_student_e300_L2_b64/uniform-cluster_classifier_100/cp-0010.hdf5
 - 3s - loss: 0.2014 - acc: 0.9375 - val_loss: 0.9842 - val_acc: 0.7553
Epoch 11/50

Epoch 00011: saving model to models/unbalanced_mnist_student_e300_L2_b64/uniform-cluster_classifier_100/cp-0011.hdf5
 - 3s - loss: 0.1208 - acc: 0.9570 - val_loss: 1.1829 - val_acc: 0.7241
Epoch 12/50

Epoch 00012: saving model to models/unbalanced_mnist_student_e300_L2_b64/uniform-cluster_classifier_100/cp-0012.hdf5
 - 3s - loss: 0.0697 - acc: 0.9844 - val_loss: 1.1479 - val_acc: 0.7427
Epoch 13/50

Epoch 00013: saving model to models/unbalanced_mnist_student_e300_L2_b64/uniform-cluster_classifier_100/cp-0013.hdf5
 - 3s - loss: 0.0741 - acc: 0.9814 - val_loss: 1.1190 - val_acc: 0.7555
Epoch 14/50

Epoch 00014: saving model to models/unbalanced_mnist_student_e300_L2_b64/uniform-cluster_classifier_100/cp-0014.hdf5
 - 3s - loss: 0.0256 - acc: 0.9971 - val_loss: 1.2275 - val_acc: 0.7533
Epoch 15/50

Epoch 00015: saving model to models/unbalanced_mnist_student_e300_L2_b64/uniform-cluster_classifier_100/cp-0015.hdf5
 - 3s - loss: 0.0250 - acc: 0.9961 - val_loss: 1.3267 - val_acc: 0.7525
Epoch 16/50

Epoch 00016: saving model to models/unbalanced_mnist_student_e300_L2_b64/uniform-cluster_classifier_100/cp-0016.hdf5
 - 3s - loss: 0.0232 - acc: 0.9932 - val_loss: 1.4473 - val_acc: 0.7335
Epoch 17/50

Epoch 00017: saving model to models/unbalanced_mnist_student_e300_L2_b64/uniform-cluster_classifier_100/cp-0017.hdf5
 - 3s - loss: 0.0180 - acc: 0.9951 - val_loss: 1.4102 - val_acc: 0.7527
Epoch 18/50

Epoch 00018: saving model to models/unbalanced_mnist_student_e300_L2_b64/uniform-cluster_classifier_100/cp-0018.hdf5
 - 3s - loss: 0.0244 - acc: 0.9932 - val_loss: 1.4756 - val_acc: 0.7488
Epoch 19/50

Epoch 00019: saving model to models/unbalanced_mnist_student_e300_L2_b64/uniform-cluster_classifier_100/cp-0019.hdf5
 - 3s - loss: 0.0295 - acc: 0.9902 - val_loss: 1.3544 - val_acc: 0.7614
Epoch 20/50

Epoch 00020: saving model to models/unbalanced_mnist_student_e300_L2_b64/uniform-cluster_classifier_100/cp-0020.hdf5
 - 3s - loss: 0.0085 - acc: 0.9980 - val_loss: 1.4426 - val_acc: 0.7551
Epoch 21/50

Epoch 00021: saving model to models/unbalanced_mnist_student_e300_L2_b64/uniform-cluster_classifier_100/cp-0021.hdf5
 - 3s - loss: 0.0087 - acc: 0.9990 - val_loss: 1.4441 - val_acc: 0.7562
Epoch 22/50

Epoch 00022: saving model to models/unbalanced_mnist_student_e300_L2_b64/uniform-cluster_classifier_100/cp-0022.hdf5
 - 3s - loss: 0.0127 - acc: 0.9971 - val_loss: 1.4715 - val_acc: 0.7568
Epoch 23/50

Epoch 00023: saving model to models/unbalanced_mnist_student_e300_L2_b64/uniform-cluster_classifier_100/cp-0023.hdf5
 - 3s - loss: 0.0053 - acc: 1.0000 - val_loss: 1.4664 - val_acc: 0.7567
Epoch 24/50

Epoch 00024: saving model to models/unbalanced_mnist_student_e300_L2_b64/uniform-cluster_classifier_100/cp-0024.hdf5
 - 3s - loss: 0.0060 - acc: 0.9990 - val_loss: 1.5109 - val_acc: 0.7557
Epoch 25/50

Epoch 00025: saving model to models/unbalanced_mnist_student_e300_L2_b64/uniform-cluster_classifier_100/cp-0025.hdf5
 - 3s - loss: 0.0130 - acc: 0.9951 - val_loss: 1.5323 - val_acc: 0.7508
Epoch 26/50

Epoch 00026: saving model to models/unbalanced_mnist_student_e300_L2_b64/uniform-cluster_classifier_100/cp-0026.hdf5
 - 3s - loss: 0.0082 - acc: 0.9990 - val_loss: 1.5999 - val_acc: 0.7506
Epoch 27/50

Epoch 00027: saving model to models/unbalanced_mnist_student_e300_L2_b64/uniform-cluster_classifier_100/cp-0027.hdf5
 - 3s - loss: 0.0139 - acc: 0.9961 - val_loss: 1.6058 - val_acc: 0.7443
Epoch 28/50

Epoch 00028: saving model to models/unbalanced_mnist_student_e300_L2_b64/uniform-cluster_classifier_100/cp-0028.hdf5
 - 3s - loss: 0.0095 - acc: 0.9980 - val_loss: 1.5825 - val_acc: 0.7500
Epoch 29/50

Epoch 00029: saving model to models/unbalanced_mnist_student_e300_L2_b64/uniform-cluster_classifier_100/cp-0029.hdf5
 - 3s - loss: 0.0067 - acc: 0.9990 - val_loss: 1.5719 - val_acc: 0.7560
Epoch 30/50

Epoch 00030: saving model to models/unbalanced_mnist_student_e300_L2_b64/uniform-cluster_classifier_100/cp-0030.hdf5
 - 3s - loss: 0.0044 - acc: 1.0000 - val_loss: 1.5804 - val_acc: 0.7565
Epoch 31/50

Epoch 00031: saving model to models/unbalanced_mnist_student_e300_L2_b64/uniform-cluster_classifier_100/cp-0031.hdf5
 - 3s - loss: 0.0046 - acc: 0.9990 - val_loss: 1.6326 - val_acc: 0.7554
Epoch 32/50

Epoch 00032: saving model to models/unbalanced_mnist_student_e300_L2_b64/uniform-cluster_classifier_100/cp-0032.hdf5
 - 3s - loss: 0.0039 - acc: 0.9980 - val_loss: 1.5984 - val_acc: 0.7583
Epoch 33/50

Epoch 00033: saving model to models/unbalanced_mnist_student_e300_L2_b64/uniform-cluster_classifier_100/cp-0033.hdf5
 - 3s - loss: 0.0049 - acc: 0.9990 - val_loss: 1.5532 - val_acc: 0.7600
Epoch 34/50

Epoch 00034: saving model to models/unbalanced_mnist_student_e300_L2_b64/uniform-cluster_classifier_100/cp-0034.hdf5
 - 3s - loss: 0.0051 - acc: 0.9990 - val_loss: 1.5116 - val_acc: 0.7658
Epoch 35/50

Epoch 00035: saving model to models/unbalanced_mnist_student_e300_L2_b64/uniform-cluster_classifier_100/cp-0035.hdf5
 - 3s - loss: 0.0021 - acc: 1.0000 - val_loss: 1.6195 - val_acc: 0.7560
Epoch 36/50

Epoch 00036: saving model to models/unbalanced_mnist_student_e300_L2_b64/uniform-cluster_classifier_100/cp-0036.hdf5
 - 3s - loss: 0.0024 - acc: 1.0000 - val_loss: 1.5997 - val_acc: 0.7616
Epoch 37/50

Epoch 00037: saving model to models/unbalanced_mnist_student_e300_L2_b64/uniform-cluster_classifier_100/cp-0037.hdf5
 - 3s - loss: 0.0032 - acc: 0.9990 - val_loss: 1.6029 - val_acc: 0.7643
Epoch 38/50

Epoch 00038: saving model to models/unbalanced_mnist_student_e300_L2_b64/uniform-cluster_classifier_100/cp-0038.hdf5
 - 3s - loss: 0.0092 - acc: 0.9971 - val_loss: 1.6865 - val_acc: 0.7565
Epoch 39/50

Epoch 00039: saving model to models/unbalanced_mnist_student_e300_L2_b64/uniform-cluster_classifier_100/cp-0039.hdf5
 - 3s - loss: 0.0034 - acc: 1.0000 - val_loss: 1.7692 - val_acc: 0.7485
Epoch 40/50

Epoch 00040: saving model to models/unbalanced_mnist_student_e300_L2_b64/uniform-cluster_classifier_100/cp-0040.hdf5
 - 3s - loss: 0.0067 - acc: 0.9971 - val_loss: 1.7120 - val_acc: 0.7543
Epoch 41/50

Epoch 00041: saving model to models/unbalanced_mnist_student_e300_L2_b64/uniform-cluster_classifier_100/cp-0041.hdf5
 - 3s - loss: 0.0047 - acc: 0.9980 - val_loss: 1.6412 - val_acc: 0.7630
Epoch 42/50

Epoch 00042: saving model to models/unbalanced_mnist_student_e300_L2_b64/uniform-cluster_classifier_100/cp-0042.hdf5
 - 3s - loss: 0.0060 - acc: 0.9971 - val_loss: 1.6682 - val_acc: 0.7607
Epoch 43/50

Epoch 00043: saving model to models/unbalanced_mnist_student_e300_L2_b64/uniform-cluster_classifier_100/cp-0043.hdf5
 - 3s - loss: 0.0099 - acc: 0.9971 - val_loss: 1.6998 - val_acc: 0.7550
Epoch 44/50

Epoch 00044: saving model to models/unbalanced_mnist_student_e300_L2_b64/uniform-cluster_classifier_100/cp-0044.hdf5
 - 3s - loss: 0.0036 - acc: 0.9990 - val_loss: 1.6909 - val_acc: 0.7574
Epoch 45/50

Epoch 00045: saving model to models/unbalanced_mnist_student_e300_L2_b64/uniform-cluster_classifier_100/cp-0045.hdf5
 - 3s - loss: 0.0025 - acc: 1.0000 - val_loss: 1.6593 - val_acc: 0.7588
Epoch 46/50

Epoch 00046: saving model to models/unbalanced_mnist_student_e300_L2_b64/uniform-cluster_classifier_100/cp-0046.hdf5
 - 3s - loss: 0.0023 - acc: 0.9990 - val_loss: 1.6755 - val_acc: 0.7588
Epoch 47/50

Epoch 00047: saving model to models/unbalanced_mnist_student_e300_L2_b64/uniform-cluster_classifier_100/cp-0047.hdf5
 - 3s - loss: 0.0011 - acc: 1.0000 - val_loss: 1.6613 - val_acc: 0.7622
Epoch 48/50

Epoch 00048: saving model to models/unbalanced_mnist_student_e300_L2_b64/uniform-cluster_classifier_100/cp-0048.hdf5
 - 3s - loss: 0.0020 - acc: 1.0000 - val_loss: 1.6741 - val_acc: 0.7610
Epoch 49/50

Epoch 00049: saving model to models/unbalanced_mnist_student_e300_L2_b64/uniform-cluster_classifier_100/cp-0049.hdf5
 - 3s - loss: 0.0052 - acc: 0.9980 - val_loss: 1.6989 - val_acc: 0.7591
Epoch 50/50

Epoch 00050: saving model to models/unbalanced_mnist_student_e300_L2_b64/uniform-cluster_classifier_100/cp-0050.hdf5
 - 3s - loss: 0.0025 - acc: 1.0000 - val_loss: 1.6734 - val_acc: 0.7605
Epoch 1/50

Epoch 00001: saving model to models/unbalanced_mnist_student_e300_L2_b64/normal-cluster_classifier_100/cp-0001.hdf5
 - 12s - loss: 2.2947 - acc: 0.1807 - val_loss: 2.3018 - val_acc: 0.1032
Epoch 2/50

Epoch 00002: saving model to models/unbalanced_mnist_student_e300_L2_b64/normal-cluster_classifier_100/cp-0002.hdf5
 - 3s - loss: 2.1918 - acc: 0.2314 - val_loss: 2.4109 - val_acc: 0.1030
Epoch 3/50

Epoch 00003: saving model to models/unbalanced_mnist_student_e300_L2_b64/normal-cluster_classifier_100/cp-0003.hdf5
 - 3s - loss: 1.9783 - acc: 0.3076 - val_loss: 2.4350 - val_acc: 0.1831
Epoch 4/50

Epoch 00004: saving model to models/unbalanced_mnist_student_e300_L2_b64/normal-cluster_classifier_100/cp-0004.hdf5
 - 3s - loss: 1.7293 - acc: 0.4385 - val_loss: 2.3039 - val_acc: 0.1708
Epoch 5/50

Epoch 00005: saving model to models/unbalanced_mnist_student_e300_L2_b64/normal-cluster_classifier_100/cp-0005.hdf5
 - 3s - loss: 1.3325 - acc: 0.5107 - val_loss: 1.9737 - val_acc: 0.3244
Epoch 6/50

Epoch 00006: saving model to models/unbalanced_mnist_student_e300_L2_b64/normal-cluster_classifier_100/cp-0006.hdf5
 - 3s - loss: 0.9968 - acc: 0.6709 - val_loss: 1.5421 - val_acc: 0.4712
Epoch 7/50

Epoch 00007: saving model to models/unbalanced_mnist_student_e300_L2_b64/normal-cluster_classifier_100/cp-0007.hdf5
 - 3s - loss: 0.6967 - acc: 0.7607 - val_loss: 1.5436 - val_acc: 0.4950
Epoch 8/50

Epoch 00008: saving model to models/unbalanced_mnist_student_e300_L2_b64/normal-cluster_classifier_100/cp-0008.hdf5
 - 3s - loss: 0.4269 - acc: 0.8545 - val_loss: 1.5387 - val_acc: 0.5888
Epoch 9/50

Epoch 00009: saving model to models/unbalanced_mnist_student_e300_L2_b64/normal-cluster_classifier_100/cp-0009.hdf5
 - 3s - loss: 0.2897 - acc: 0.9111 - val_loss: 1.6650 - val_acc: 0.6066
Epoch 10/50

Epoch 00010: saving model to models/unbalanced_mnist_student_e300_L2_b64/normal-cluster_classifier_100/cp-0010.hdf5
 - 3s - loss: 0.1931 - acc: 0.9355 - val_loss: 1.9073 - val_acc: 0.5937
Epoch 11/50

Epoch 00011: saving model to models/unbalanced_mnist_student_e300_L2_b64/normal-cluster_classifier_100/cp-0011.hdf5
 - 3s - loss: 0.1344 - acc: 0.9590 - val_loss: 2.0306 - val_acc: 0.6036
Epoch 12/50

Epoch 00012: saving model to models/unbalanced_mnist_student_e300_L2_b64/normal-cluster_classifier_100/cp-0012.hdf5
 - 3s - loss: 0.1182 - acc: 0.9629 - val_loss: 2.0085 - val_acc: 0.6122
Epoch 13/50

Epoch 00013: saving model to models/unbalanced_mnist_student_e300_L2_b64/normal-cluster_classifier_100/cp-0013.hdf5
 - 3s - loss: 0.1198 - acc: 0.9609 - val_loss: 1.9057 - val_acc: 0.6318
Epoch 14/50

Epoch 00014: saving model to models/unbalanced_mnist_student_e300_L2_b64/normal-cluster_classifier_100/cp-0014.hdf5
 - 3s - loss: 0.0387 - acc: 0.9932 - val_loss: 2.2396 - val_acc: 0.6259
Epoch 15/50

Epoch 00015: saving model to models/unbalanced_mnist_student_e300_L2_b64/normal-cluster_classifier_100/cp-0015.hdf5
 - 3s - loss: 0.0413 - acc: 0.9912 - val_loss: 2.2349 - val_acc: 0.6380
Epoch 16/50

Epoch 00016: saving model to models/unbalanced_mnist_student_e300_L2_b64/normal-cluster_classifier_100/cp-0016.hdf5
 - 3s - loss: 0.0384 - acc: 0.9863 - val_loss: 2.4195 - val_acc: 0.6346
Epoch 17/50

Epoch 00017: saving model to models/unbalanced_mnist_student_e300_L2_b64/normal-cluster_classifier_100/cp-0017.hdf5
 - 3s - loss: 0.0372 - acc: 0.9854 - val_loss: 2.3898 - val_acc: 0.6279
Epoch 18/50

Epoch 00018: saving model to models/unbalanced_mnist_student_e300_L2_b64/normal-cluster_classifier_100/cp-0018.hdf5
 - 3s - loss: 0.0151 - acc: 0.9980 - val_loss: 2.5520 - val_acc: 0.6292
Epoch 19/50

Epoch 00019: saving model to models/unbalanced_mnist_student_e300_L2_b64/normal-cluster_classifier_100/cp-0019.hdf5
 - 3s - loss: 0.0239 - acc: 0.9922 - val_loss: 2.5195 - val_acc: 0.6259
Epoch 20/50

Epoch 00020: saving model to models/unbalanced_mnist_student_e300_L2_b64/normal-cluster_classifier_100/cp-0020.hdf5
 - 3s - loss: 0.0181 - acc: 0.9971 - val_loss: 2.5645 - val_acc: 0.6274
Epoch 21/50

Epoch 00021: saving model to models/unbalanced_mnist_student_e300_L2_b64/normal-cluster_classifier_100/cp-0021.hdf5
 - 3s - loss: 0.0160 - acc: 0.9961 - val_loss: 2.6758 - val_acc: 0.6170
Epoch 22/50

Epoch 00022: saving model to models/unbalanced_mnist_student_e300_L2_b64/normal-cluster_classifier_100/cp-0022.hdf5
 - 3s - loss: 0.0164 - acc: 0.9951 - val_loss: 2.7636 - val_acc: 0.6031
Epoch 23/50

Epoch 00023: saving model to models/unbalanced_mnist_student_e300_L2_b64/normal-cluster_classifier_100/cp-0023.hdf5
 - 3s - loss: 0.0130 - acc: 0.9961 - val_loss: 2.6888 - val_acc: 0.6333
Epoch 24/50

Epoch 00024: saving model to models/unbalanced_mnist_student_e300_L2_b64/normal-cluster_classifier_100/cp-0024.hdf5
 - 3s - loss: 0.0178 - acc: 0.9971 - val_loss: 2.7132 - val_acc: 0.6324
Epoch 25/50

Epoch 00025: saving model to models/unbalanced_mnist_student_e300_L2_b64/normal-cluster_classifier_100/cp-0025.hdf5
 - 3s - loss: 0.0131 - acc: 0.9980 - val_loss: 2.8103 - val_acc: 0.6307
Epoch 26/50

Epoch 00026: saving model to models/unbalanced_mnist_student_e300_L2_b64/normal-cluster_classifier_100/cp-0026.hdf5
 - 3s - loss: 0.0068 - acc: 0.9990 - val_loss: 2.8617 - val_acc: 0.6254
Epoch 27/50

Epoch 00027: saving model to models/unbalanced_mnist_student_e300_L2_b64/normal-cluster_classifier_100/cp-0027.hdf5
 - 3s - loss: 0.0069 - acc: 1.0000 - val_loss: 2.8874 - val_acc: 0.6280
Epoch 28/50

Epoch 00028: saving model to models/unbalanced_mnist_student_e300_L2_b64/normal-cluster_classifier_100/cp-0028.hdf5
 - 3s - loss: 0.0046 - acc: 1.0000 - val_loss: 2.9203 - val_acc: 0.6303
Epoch 29/50

Epoch 00029: saving model to models/unbalanced_mnist_student_e300_L2_b64/normal-cluster_classifier_100/cp-0029.hdf5
 - 3s - loss: 0.0079 - acc: 0.9980 - val_loss: 2.9760 - val_acc: 0.6238
Epoch 30/50

Epoch 00030: saving model to models/unbalanced_mnist_student_e300_L2_b64/normal-cluster_classifier_100/cp-0030.hdf5
 - 3s - loss: 0.0108 - acc: 0.9951 - val_loss: 3.0151 - val_acc: 0.6181
Epoch 31/50

Epoch 00031: saving model to models/unbalanced_mnist_student_e300_L2_b64/normal-cluster_classifier_100/cp-0031.hdf5
 - 3s - loss: 0.0062 - acc: 0.9990 - val_loss: 3.0017 - val_acc: 0.6231
Epoch 32/50

Epoch 00032: saving model to models/unbalanced_mnist_student_e300_L2_b64/normal-cluster_classifier_100/cp-0032.hdf5
 - 3s - loss: 0.0093 - acc: 0.9980 - val_loss: 2.9996 - val_acc: 0.6331
Epoch 33/50

Epoch 00033: saving model to models/unbalanced_mnist_student_e300_L2_b64/normal-cluster_classifier_100/cp-0033.hdf5
 - 3s - loss: 0.0066 - acc: 0.9980 - val_loss: 3.0035 - val_acc: 0.6305
Epoch 34/50

Epoch 00034: saving model to models/unbalanced_mnist_student_e300_L2_b64/normal-cluster_classifier_100/cp-0034.hdf5
 - 3s - loss: 0.0029 - acc: 1.0000 - val_loss: 3.0336 - val_acc: 0.6315
Epoch 35/50

Epoch 00035: saving model to models/unbalanced_mnist_student_e300_L2_b64/normal-cluster_classifier_100/cp-0035.hdf5
 - 3s - loss: 0.0059 - acc: 0.9990 - val_loss: 3.0763 - val_acc: 0.6266
Epoch 36/50

Epoch 00036: saving model to models/unbalanced_mnist_student_e300_L2_b64/normal-cluster_classifier_100/cp-0036.hdf5
 - 3s - loss: 0.0063 - acc: 0.9990 - val_loss: 3.0573 - val_acc: 0.6253
Epoch 37/50

Epoch 00037: saving model to models/unbalanced_mnist_student_e300_L2_b64/normal-cluster_classifier_100/cp-0037.hdf5
 - 3s - loss: 0.0043 - acc: 0.9990 - val_loss: 3.0739 - val_acc: 0.6355
Epoch 38/50

Epoch 00038: saving model to models/unbalanced_mnist_student_e300_L2_b64/normal-cluster_classifier_100/cp-0038.hdf5
 - 3s - loss: 0.0044 - acc: 0.9980 - val_loss: 3.1084 - val_acc: 0.6352
Epoch 39/50

Epoch 00039: saving model to models/unbalanced_mnist_student_e300_L2_b64/normal-cluster_classifier_100/cp-0039.hdf5
 - 3s - loss: 0.0024 - acc: 1.0000 - val_loss: 3.0299 - val_acc: 0.6329
Epoch 40/50

Epoch 00040: saving model to models/unbalanced_mnist_student_e300_L2_b64/normal-cluster_classifier_100/cp-0040.hdf5
 - 3s - loss: 0.0048 - acc: 0.9971 - val_loss: 3.1206 - val_acc: 0.6290
Epoch 41/50

Epoch 00041: saving model to models/unbalanced_mnist_student_e300_L2_b64/normal-cluster_classifier_100/cp-0041.hdf5
 - 3s - loss: 0.0045 - acc: 0.9990 - val_loss: 3.0566 - val_acc: 0.6373
Epoch 42/50

Epoch 00042: saving model to models/unbalanced_mnist_student_e300_L2_b64/normal-cluster_classifier_100/cp-0042.hdf5
 - 3s - loss: 0.0050 - acc: 0.9990 - val_loss: 3.0587 - val_acc: 0.6376
Epoch 43/50

Epoch 00043: saving model to models/unbalanced_mnist_student_e300_L2_b64/normal-cluster_classifier_100/cp-0043.hdf5
 - 3s - loss: 0.0028 - acc: 1.0000 - val_loss: 3.1475 - val_acc: 0.6298
Epoch 44/50

Epoch 00044: saving model to models/unbalanced_mnist_student_e300_L2_b64/normal-cluster_classifier_100/cp-0044.hdf5
 - 3s - loss: 0.0045 - acc: 0.9980 - val_loss: 3.1124 - val_acc: 0.6344
Epoch 45/50

Epoch 00045: saving model to models/unbalanced_mnist_student_e300_L2_b64/normal-cluster_classifier_100/cp-0045.hdf5
 - 3s - loss: 0.0040 - acc: 0.9990 - val_loss: 3.1447 - val_acc: 0.6329
Epoch 46/50

Epoch 00046: saving model to models/unbalanced_mnist_student_e300_L2_b64/normal-cluster_classifier_100/cp-0046.hdf5
 - 3s - loss: 0.0038 - acc: 0.9990 - val_loss: 3.1519 - val_acc: 0.6313
Epoch 47/50

Epoch 00047: saving model to models/unbalanced_mnist_student_e300_L2_b64/normal-cluster_classifier_100/cp-0047.hdf5
 - 3s - loss: 0.0048 - acc: 0.9980 - val_loss: 3.1144 - val_acc: 0.6379
Epoch 48/50

Epoch 00048: saving model to models/unbalanced_mnist_student_e300_L2_b64/normal-cluster_classifier_100/cp-0048.hdf5
 - 3s - loss: 0.0029 - acc: 1.0000 - val_loss: 3.1662 - val_acc: 0.6325
Epoch 49/50

Epoch 00049: saving model to models/unbalanced_mnist_student_e300_L2_b64/normal-cluster_classifier_100/cp-0049.hdf5
 - 3s - loss: 0.0045 - acc: 0.9980 - val_loss: 3.1475 - val_acc: 0.6389
Epoch 50/50

Epoch 00050: saving model to models/unbalanced_mnist_student_e300_L2_b64/normal-cluster_classifier_100/cp-0050.hdf5
 - 3s - loss: 0.0034 - acc: 0.9980 - val_loss: 3.1556 - val_acc: 0.6391
Epoch 1/50

Epoch 00001: saving model to models/unbalanced_mnist_student_e300_L2_b64/multi-normal-cluster_classifier_100/cp-0001.hdf5
 - 5s - loss: 2.2869 - acc: 0.1816 - val_loss: 2.2963 - val_acc: 0.1821
Epoch 2/50

Epoch 00002: saving model to models/unbalanced_mnist_student_e300_L2_b64/multi-normal-cluster_classifier_100/cp-0002.hdf5
 - 3s - loss: 2.1840 - acc: 0.2158 - val_loss: 2.3600 - val_acc: 0.1615
Epoch 3/50

Epoch 00003: saving model to models/unbalanced_mnist_student_e300_L2_b64/multi-normal-cluster_classifier_100/cp-0003.hdf5
 - 3s - loss: 2.0209 - acc: 0.3252 - val_loss: 2.2984 - val_acc: 0.2656
Epoch 4/50

Epoch 00004: saving model to models/unbalanced_mnist_student_e300_L2_b64/multi-normal-cluster_classifier_100/cp-0004.hdf5
 - 3s - loss: 1.6515 - acc: 0.4697 - val_loss: 1.9424 - val_acc: 0.3266
Epoch 5/50

Epoch 00005: saving model to models/unbalanced_mnist_student_e300_L2_b64/multi-normal-cluster_classifier_100/cp-0005.hdf5
 - 3s - loss: 1.3170 - acc: 0.5430 - val_loss: 1.3055 - val_acc: 0.5712
Epoch 6/50

Epoch 00006: saving model to models/unbalanced_mnist_student_e300_L2_b64/multi-normal-cluster_classifier_100/cp-0006.hdf5
 - 3s - loss: 0.9993 - acc: 0.6602 - val_loss: 1.3231 - val_acc: 0.5263
Epoch 7/50

Epoch 00007: saving model to models/unbalanced_mnist_student_e300_L2_b64/multi-normal-cluster_classifier_100/cp-0007.hdf5
 - 3s - loss: 0.7297 - acc: 0.7588 - val_loss: 0.9514 - val_acc: 0.7018
Epoch 8/50

Epoch 00008: saving model to models/unbalanced_mnist_student_e300_L2_b64/multi-normal-cluster_classifier_100/cp-0008.hdf5
 - 3s - loss: 0.5465 - acc: 0.8037 - val_loss: 0.9616 - val_acc: 0.6941
Epoch 9/50

Epoch 00009: saving model to models/unbalanced_mnist_student_e300_L2_b64/multi-normal-cluster_classifier_100/cp-0009.hdf5
 - 3s - loss: 0.3767 - acc: 0.8809 - val_loss: 1.3735 - val_acc: 0.6475
Epoch 10/50

Epoch 00010: saving model to models/unbalanced_mnist_student_e300_L2_b64/multi-normal-cluster_classifier_100/cp-0010.hdf5
 - 3s - loss: 0.3077 - acc: 0.8936 - val_loss: 1.0108 - val_acc: 0.7359
Epoch 11/50

Epoch 00011: saving model to models/unbalanced_mnist_student_e300_L2_b64/multi-normal-cluster_classifier_100/cp-0011.hdf5
 - 3s - loss: 0.2373 - acc: 0.9346 - val_loss: 1.4448 - val_acc: 0.6771
Epoch 12/50

Epoch 00012: saving model to models/unbalanced_mnist_student_e300_L2_b64/multi-normal-cluster_classifier_100/cp-0012.hdf5
 - 3s - loss: 0.1216 - acc: 0.9600 - val_loss: 1.2586 - val_acc: 0.7348
Epoch 13/50

Epoch 00013: saving model to models/unbalanced_mnist_student_e300_L2_b64/multi-normal-cluster_classifier_100/cp-0013.hdf5
 - 3s - loss: 0.1200 - acc: 0.9668 - val_loss: 1.2912 - val_acc: 0.7434
Epoch 14/50

Epoch 00014: saving model to models/unbalanced_mnist_student_e300_L2_b64/multi-normal-cluster_classifier_100/cp-0014.hdf5
 - 3s - loss: 0.1012 - acc: 0.9639 - val_loss: 1.4219 - val_acc: 0.7283
Epoch 15/50

Epoch 00015: saving model to models/unbalanced_mnist_student_e300_L2_b64/multi-normal-cluster_classifier_100/cp-0015.hdf5
 - 3s - loss: 0.0639 - acc: 0.9834 - val_loss: 1.3716 - val_acc: 0.7422
Epoch 16/50

Epoch 00016: saving model to models/unbalanced_mnist_student_e300_L2_b64/multi-normal-cluster_classifier_100/cp-0016.hdf5
 - 3s - loss: 0.0550 - acc: 0.9873 - val_loss: 1.4502 - val_acc: 0.7430
Epoch 17/50

Epoch 00017: saving model to models/unbalanced_mnist_student_e300_L2_b64/multi-normal-cluster_classifier_100/cp-0017.hdf5
 - 3s - loss: 0.0272 - acc: 0.9951 - val_loss: 1.5047 - val_acc: 0.7482
Epoch 18/50

Epoch 00018: saving model to models/unbalanced_mnist_student_e300_L2_b64/multi-normal-cluster_classifier_100/cp-0018.hdf5
 - 3s - loss: 0.0403 - acc: 0.9912 - val_loss: 1.5506 - val_acc: 0.7442
Epoch 19/50

Epoch 00019: saving model to models/unbalanced_mnist_student_e300_L2_b64/multi-normal-cluster_classifier_100/cp-0019.hdf5
 - 3s - loss: 0.0275 - acc: 0.9883 - val_loss: 1.5573 - val_acc: 0.7501
Epoch 20/50

Epoch 00020: saving model to models/unbalanced_mnist_student_e300_L2_b64/multi-normal-cluster_classifier_100/cp-0020.hdf5
 - 3s - loss: 0.0245 - acc: 0.9951 - val_loss: 1.6279 - val_acc: 0.7457
Epoch 21/50

Epoch 00021: saving model to models/unbalanced_mnist_student_e300_L2_b64/multi-normal-cluster_classifier_100/cp-0021.hdf5
 - 3s - loss: 0.0147 - acc: 0.9980 - val_loss: 1.6387 - val_acc: 0.7491
Epoch 22/50

Epoch 00022: saving model to models/unbalanced_mnist_student_e300_L2_b64/multi-normal-cluster_classifier_100/cp-0022.hdf5
 - 3s - loss: 0.0217 - acc: 0.9932 - val_loss: 1.7029 - val_acc: 0.7457
Epoch 23/50

Epoch 00023: saving model to models/unbalanced_mnist_student_e300_L2_b64/multi-normal-cluster_classifier_100/cp-0023.hdf5
 - 3s - loss: 0.0137 - acc: 0.9971 - val_loss: 1.8391 - val_acc: 0.7384
Epoch 24/50

Epoch 00024: saving model to models/unbalanced_mnist_student_e300_L2_b64/multi-normal-cluster_classifier_100/cp-0024.hdf5
 - 3s - loss: 0.0191 - acc: 0.9951 - val_loss: 1.7157 - val_acc: 0.7483
Epoch 25/50

Epoch 00025: saving model to models/unbalanced_mnist_student_e300_L2_b64/multi-normal-cluster_classifier_100/cp-0025.hdf5
 - 3s - loss: 0.0155 - acc: 0.9941 - val_loss: 1.7991 - val_acc: 0.7449
Epoch 26/50

Epoch 00026: saving model to models/unbalanced_mnist_student_e300_L2_b64/multi-normal-cluster_classifier_100/cp-0026.hdf5
 - 3s - loss: 0.0174 - acc: 0.9961 - val_loss: 1.7501 - val_acc: 0.7516
Epoch 27/50

Epoch 00027: saving model to models/unbalanced_mnist_student_e300_L2_b64/multi-normal-cluster_classifier_100/cp-0027.hdf5
 - 3s - loss: 0.0106 - acc: 0.9990 - val_loss: 1.7834 - val_acc: 0.7494
Epoch 28/50

Epoch 00028: saving model to models/unbalanced_mnist_student_e300_L2_b64/multi-normal-cluster_classifier_100/cp-0028.hdf5
 - 3s - loss: 0.0072 - acc: 0.9990 - val_loss: 1.7475 - val_acc: 0.7532
Epoch 29/50

Epoch 00029: saving model to models/unbalanced_mnist_student_e300_L2_b64/multi-normal-cluster_classifier_100/cp-0029.hdf5
 - 3s - loss: 0.0115 - acc: 0.9971 - val_loss: 1.8119 - val_acc: 0.7512
Epoch 30/50

Epoch 00030: saving model to models/unbalanced_mnist_student_e300_L2_b64/multi-normal-cluster_classifier_100/cp-0030.hdf5
 - 3s - loss: 0.0106 - acc: 0.9980 - val_loss: 1.7974 - val_acc: 0.7514
Epoch 31/50

Epoch 00031: saving model to models/unbalanced_mnist_student_e300_L2_b64/multi-normal-cluster_classifier_100/cp-0031.hdf5
 - 3s - loss: 0.0077 - acc: 0.9990 - val_loss: 1.9693 - val_acc: 0.7362
Epoch 32/50

Epoch 00032: saving model to models/unbalanced_mnist_student_e300_L2_b64/multi-normal-cluster_classifier_100/cp-0032.hdf5
 - 3s - loss: 0.0076 - acc: 0.9990 - val_loss: 1.8692 - val_acc: 0.7477
Epoch 33/50

Epoch 00033: saving model to models/unbalanced_mnist_student_e300_L2_b64/multi-normal-cluster_classifier_100/cp-0033.hdf5
 - 3s - loss: 0.0074 - acc: 0.9990 - val_loss: 1.9419 - val_acc: 0.7475
Epoch 34/50

Epoch 00034: saving model to models/unbalanced_mnist_student_e300_L2_b64/multi-normal-cluster_classifier_100/cp-0034.hdf5
 - 3s - loss: 0.0105 - acc: 0.9990 - val_loss: 1.7820 - val_acc: 0.7577
Epoch 35/50

Epoch 00035: saving model to models/unbalanced_mnist_student_e300_L2_b64/multi-normal-cluster_classifier_100/cp-0035.hdf5
 - 3s - loss: 0.0127 - acc: 0.9971 - val_loss: 1.9405 - val_acc: 0.7444
Epoch 36/50

Epoch 00036: saving model to models/unbalanced_mnist_student_e300_L2_b64/multi-normal-cluster_classifier_100/cp-0036.hdf5
 - 3s - loss: 0.0096 - acc: 0.9971 - val_loss: 1.8514 - val_acc: 0.7532
Epoch 37/50

Epoch 00037: saving model to models/unbalanced_mnist_student_e300_L2_b64/multi-normal-cluster_classifier_100/cp-0037.hdf5
 - 3s - loss: 0.0074 - acc: 0.9990 - val_loss: 1.8845 - val_acc: 0.7504
Epoch 38/50

Epoch 00038: saving model to models/unbalanced_mnist_student_e300_L2_b64/multi-normal-cluster_classifier_100/cp-0038.hdf5
 - 3s - loss: 0.0061 - acc: 0.9971 - val_loss: 1.9247 - val_acc: 0.7488
Epoch 39/50

Epoch 00039: saving model to models/unbalanced_mnist_student_e300_L2_b64/multi-normal-cluster_classifier_100/cp-0039.hdf5
 - 3s - loss: 0.0068 - acc: 0.9980 - val_loss: 1.9589 - val_acc: 0.7497
Epoch 40/50

Epoch 00040: saving model to models/unbalanced_mnist_student_e300_L2_b64/multi-normal-cluster_classifier_100/cp-0040.hdf5
 - 3s - loss: 0.0032 - acc: 1.0000 - val_loss: 1.9948 - val_acc: 0.7463
Epoch 41/50

Epoch 00041: saving model to models/unbalanced_mnist_student_e300_L2_b64/multi-normal-cluster_classifier_100/cp-0041.hdf5
 - 3s - loss: 0.0056 - acc: 1.0000 - val_loss: 2.0032 - val_acc: 0.7465
Epoch 42/50

Epoch 00042: saving model to models/unbalanced_mnist_student_e300_L2_b64/multi-normal-cluster_classifier_100/cp-0042.hdf5
 - 3s - loss: 0.0048 - acc: 0.9990 - val_loss: 2.0076 - val_acc: 0.7457
Epoch 43/50

Epoch 00043: saving model to models/unbalanced_mnist_student_e300_L2_b64/multi-normal-cluster_classifier_100/cp-0043.hdf5
 - 3s - loss: 0.0127 - acc: 0.9961 - val_loss: 2.1013 - val_acc: 0.7359
Epoch 44/50

Epoch 00044: saving model to models/unbalanced_mnist_student_e300_L2_b64/multi-normal-cluster_classifier_100/cp-0044.hdf5
 - 3s - loss: 0.0052 - acc: 1.0000 - val_loss: 2.0239 - val_acc: 0.7469
Epoch 45/50

Epoch 00045: saving model to models/unbalanced_mnist_student_e300_L2_b64/multi-normal-cluster_classifier_100/cp-0045.hdf5
 - 3s - loss: 0.0042 - acc: 0.9990 - val_loss: 2.1010 - val_acc: 0.7407
Epoch 46/50

Epoch 00046: saving model to models/unbalanced_mnist_student_e300_L2_b64/multi-normal-cluster_classifier_100/cp-0046.hdf5
 - 3s - loss: 0.0060 - acc: 0.9971 - val_loss: 1.9329 - val_acc: 0.7547
Epoch 47/50

Epoch 00047: saving model to models/unbalanced_mnist_student_e300_L2_b64/multi-normal-cluster_classifier_100/cp-0047.hdf5
 - 3s - loss: 0.0023 - acc: 1.0000 - val_loss: 2.0013 - val_acc: 0.7478
Epoch 48/50

Epoch 00048: saving model to models/unbalanced_mnist_student_e300_L2_b64/multi-normal-cluster_classifier_100/cp-0048.hdf5
 - 3s - loss: 0.0045 - acc: 0.9980 - val_loss: 2.0004 - val_acc: 0.7521
Epoch 49/50

Epoch 00049: saving model to models/unbalanced_mnist_student_e300_L2_b64/multi-normal-cluster_classifier_100/cp-0049.hdf5
 - 3s - loss: 0.0036 - acc: 1.0000 - val_loss: 2.0266 - val_acc: 0.7489
Epoch 50/50

Epoch 00050: saving model to models/unbalanced_mnist_student_e300_L2_b64/multi-normal-cluster_classifier_100/cp-0050.hdf5
 - 3s - loss: 0.0014 - acc: 1.0000 - val_loss: 1.9994 - val_acc: 0.7519
Epoch 1/50

Epoch 00001: saving model to models/unbalanced_mnist_student_e300_L2_b64/error_classifier_100/cp-0001.hdf5
 - 5s - loss: 2.2665 - acc: 0.2480 - val_loss: 2.2998 - val_acc: 0.1827
Epoch 2/50

Epoch 00002: saving model to models/unbalanced_mnist_student_e300_L2_b64/error_classifier_100/cp-0002.hdf5
 - 3s - loss: 1.8415 - acc: 0.2930 - val_loss: 3.4718 - val_acc: 0.1775
Epoch 3/50

Epoch 00003: saving model to models/unbalanced_mnist_student_e300_L2_b64/error_classifier_100/cp-0003.hdf5
 - 3s - loss: 1.4688 - acc: 0.3867 - val_loss: 4.5210 - val_acc: 0.2466
Epoch 4/50

Epoch 00004: saving model to models/unbalanced_mnist_student_e300_L2_b64/error_classifier_100/cp-0004.hdf5
 - 3s - loss: 1.2236 - acc: 0.5586 - val_loss: 5.1553 - val_acc: 0.3078
Epoch 5/50

Epoch 00005: saving model to models/unbalanced_mnist_student_e300_L2_b64/error_classifier_100/cp-0005.hdf5
 - 3s - loss: 0.9798 - acc: 0.6553 - val_loss: 5.3351 - val_acc: 0.3564
Epoch 6/50

Epoch 00006: saving model to models/unbalanced_mnist_student_e300_L2_b64/error_classifier_100/cp-0006.hdf5
 - 3s - loss: 0.7438 - acc: 0.7393 - val_loss: 5.2734 - val_acc: 0.3717
Epoch 7/50

Epoch 00007: saving model to models/unbalanced_mnist_student_e300_L2_b64/error_classifier_100/cp-0007.hdf5
 - 3s - loss: 0.5806 - acc: 0.8076 - val_loss: 5.8271 - val_acc: 0.4236
Epoch 8/50

Epoch 00008: saving model to models/unbalanced_mnist_student_e300_L2_b64/error_classifier_100/cp-0008.hdf5
 - 3s - loss: 0.5058 - acc: 0.8320 - val_loss: 5.6608 - val_acc: 0.4196
Epoch 9/50

Epoch 00009: saving model to models/unbalanced_mnist_student_e300_L2_b64/error_classifier_100/cp-0009.hdf5
 - 3s - loss: 0.4231 - acc: 0.8604 - val_loss: 5.8226 - val_acc: 0.3960
Epoch 10/50

Epoch 00010: saving model to models/unbalanced_mnist_student_e300_L2_b64/error_classifier_100/cp-0010.hdf5
 - 3s - loss: 0.3557 - acc: 0.8789 - val_loss: 6.6906 - val_acc: 0.4353
Epoch 11/50

Epoch 00011: saving model to models/unbalanced_mnist_student_e300_L2_b64/error_classifier_100/cp-0011.hdf5
 - 3s - loss: 0.2886 - acc: 0.9053 - val_loss: 6.7426 - val_acc: 0.4449
Epoch 12/50

Epoch 00012: saving model to models/unbalanced_mnist_student_e300_L2_b64/error_classifier_100/cp-0012.hdf5
 - 3s - loss: 0.2480 - acc: 0.9170 - val_loss: 6.9516 - val_acc: 0.4461
Epoch 13/50

Epoch 00013: saving model to models/unbalanced_mnist_student_e300_L2_b64/error_classifier_100/cp-0013.hdf5
 - 3s - loss: 0.2070 - acc: 0.9277 - val_loss: 7.4259 - val_acc: 0.4289
Epoch 14/50

Epoch 00014: saving model to models/unbalanced_mnist_student_e300_L2_b64/error_classifier_100/cp-0014.hdf5
 - 3s - loss: 0.1469 - acc: 0.9570 - val_loss: 7.5987 - val_acc: 0.4512
Epoch 15/50

Epoch 00015: saving model to models/unbalanced_mnist_student_e300_L2_b64/error_classifier_100/cp-0015.hdf5
 - 3s - loss: 0.1091 - acc: 0.9678 - val_loss: 7.7993 - val_acc: 0.4503
Epoch 16/50

Epoch 00016: saving model to models/unbalanced_mnist_student_e300_L2_b64/error_classifier_100/cp-0016.hdf5
 - 3s - loss: 0.0834 - acc: 0.9785 - val_loss: 7.9134 - val_acc: 0.4532
Epoch 17/50

Epoch 00017: saving model to models/unbalanced_mnist_student_e300_L2_b64/error_classifier_100/cp-0017.hdf5
 - 3s - loss: 0.0658 - acc: 0.9863 - val_loss: 8.0853 - val_acc: 0.4576
Epoch 18/50

Epoch 00018: saving model to models/unbalanced_mnist_student_e300_L2_b64/error_classifier_100/cp-0018.hdf5
 - 3s - loss: 0.0490 - acc: 0.9844 - val_loss: 8.1534 - val_acc: 0.4573
Epoch 19/50

Epoch 00019: saving model to models/unbalanced_mnist_student_e300_L2_b64/error_classifier_100/cp-0019.hdf5
 - 3s - loss: 0.0408 - acc: 0.9902 - val_loss: 8.1901 - val_acc: 0.4559
Epoch 20/50

Epoch 00020: saving model to models/unbalanced_mnist_student_e300_L2_b64/error_classifier_100/cp-0020.hdf5
 - 3s - loss: 0.0250 - acc: 0.9932 - val_loss: 8.2544 - val_acc: 0.4559
Epoch 21/50

Epoch 00021: saving model to models/unbalanced_mnist_student_e300_L2_b64/error_classifier_100/cp-0021.hdf5
 - 3s - loss: 0.0361 - acc: 0.9912 - val_loss: 8.2381 - val_acc: 0.4577
Epoch 22/50

Epoch 00022: saving model to models/unbalanced_mnist_student_e300_L2_b64/error_classifier_100/cp-0022.hdf5
 - 3s - loss: 0.0175 - acc: 0.9961 - val_loss: 8.2551 - val_acc: 0.4588
Epoch 23/50

Epoch 00023: saving model to models/unbalanced_mnist_student_e300_L2_b64/error_classifier_100/cp-0023.hdf5
 - 3s - loss: 0.0164 - acc: 1.0000 - val_loss: 8.2829 - val_acc: 0.4584
Epoch 24/50

Epoch 00024: saving model to models/unbalanced_mnist_student_e300_L2_b64/error_classifier_100/cp-0024.hdf5
 - 3s - loss: 0.0173 - acc: 0.9941 - val_loss: 8.2949 - val_acc: 0.4574
Epoch 25/50

Epoch 00025: saving model to models/unbalanced_mnist_student_e300_L2_b64/error_classifier_100/cp-0025.hdf5
 - 3s - loss: 0.0217 - acc: 0.9932 - val_loss: 8.2794 - val_acc: 0.4593
Epoch 26/50

Epoch 00026: saving model to models/unbalanced_mnist_student_e300_L2_b64/error_classifier_100/cp-0026.hdf5
 - 3s - loss: 0.0121 - acc: 0.9971 - val_loss: 8.3067 - val_acc: 0.4573
Epoch 27/50

Epoch 00027: saving model to models/unbalanced_mnist_student_e300_L2_b64/error_classifier_100/cp-0027.hdf5
 - 3s - loss: 0.0136 - acc: 0.9971 - val_loss: 8.2918 - val_acc: 0.4592
Epoch 28/50

Epoch 00028: saving model to models/unbalanced_mnist_student_e300_L2_b64/error_classifier_100/cp-0028.hdf5
 - 3s - loss: 0.0119 - acc: 0.9971 - val_loss: 8.3032 - val_acc: 0.4588
Epoch 29/50

Epoch 00029: saving model to models/unbalanced_mnist_student_e300_L2_b64/error_classifier_100/cp-0029.hdf5
 - 3s - loss: 0.0086 - acc: 1.0000 - val_loss: 8.3123 - val_acc: 0.4590
Epoch 30/50

Epoch 00030: saving model to models/unbalanced_mnist_student_e300_L2_b64/error_classifier_100/cp-0030.hdf5
 - 3s - loss: 0.0090 - acc: 0.9971 - val_loss: 8.3045 - val_acc: 0.4592
Epoch 31/50

Epoch 00031: saving model to models/unbalanced_mnist_student_e300_L2_b64/error_classifier_100/cp-0031.hdf5
 - 3s - loss: 0.0075 - acc: 0.9990 - val_loss: 8.3131 - val_acc: 0.4592
Epoch 32/50

Epoch 00032: saving model to models/unbalanced_mnist_student_e300_L2_b64/error_classifier_100/cp-0032.hdf5
 - 3s - loss: 0.0138 - acc: 0.9980 - val_loss: 8.3183 - val_acc: 0.4608
Epoch 33/50

Epoch 00033: saving model to models/unbalanced_mnist_student_e300_L2_b64/error_classifier_100/cp-0033.hdf5
 - 3s - loss: 0.0079 - acc: 0.9971 - val_loss: 8.2984 - val_acc: 0.4620
Epoch 34/50

Epoch 00034: saving model to models/unbalanced_mnist_student_e300_L2_b64/error_classifier_100/cp-0034.hdf5
 - 3s - loss: 0.0053 - acc: 1.0000 - val_loss: 8.3262 - val_acc: 0.4596
Epoch 35/50

Epoch 00035: saving model to models/unbalanced_mnist_student_e300_L2_b64/error_classifier_100/cp-0035.hdf5
 - 3s - loss: 0.0095 - acc: 0.9971 - val_loss: 8.3207 - val_acc: 0.4600
Epoch 36/50

Epoch 00036: saving model to models/unbalanced_mnist_student_e300_L2_b64/error_classifier_100/cp-0036.hdf5
 - 3s - loss: 0.0033 - acc: 1.0000 - val_loss: 8.3148 - val_acc: 0.4599
Epoch 37/50

Epoch 00037: saving model to models/unbalanced_mnist_student_e300_L2_b64/error_classifier_100/cp-0037.hdf5
 - 3s - loss: 0.0039 - acc: 1.0000 - val_loss: 8.3297 - val_acc: 0.4598
Epoch 38/50

Epoch 00038: saving model to models/unbalanced_mnist_student_e300_L2_b64/error_classifier_100/cp-0038.hdf5
 - 3s - loss: 0.0039 - acc: 1.0000 - val_loss: 8.3344 - val_acc: 0.4592
Epoch 39/50

Epoch 00039: saving model to models/unbalanced_mnist_student_e300_L2_b64/error_classifier_100/cp-0039.hdf5
 - 3s - loss: 0.0039 - acc: 0.9980 - val_loss: 8.3421 - val_acc: 0.4582
Epoch 40/50

Epoch 00040: saving model to models/unbalanced_mnist_student_e300_L2_b64/error_classifier_100/cp-0040.hdf5
 - 3s - loss: 0.0034 - acc: 1.0000 - val_loss: 8.3336 - val_acc: 0.4603
Epoch 41/50

Epoch 00041: saving model to models/unbalanced_mnist_student_e300_L2_b64/error_classifier_100/cp-0041.hdf5
 - 3s - loss: 0.0033 - acc: 1.0000 - val_loss: 8.3296 - val_acc: 0.4604
Epoch 42/50

Epoch 00042: saving model to models/unbalanced_mnist_student_e300_L2_b64/error_classifier_100/cp-0042.hdf5
 - 3s - loss: 0.0047 - acc: 0.9980 - val_loss: 8.3378 - val_acc: 0.4581
Epoch 43/50

Epoch 00043: saving model to models/unbalanced_mnist_student_e300_L2_b64/error_classifier_100/cp-0043.hdf5
 - 3s - loss: 0.0080 - acc: 0.9990 - val_loss: 8.3430 - val_acc: 0.4592
Epoch 44/50

Epoch 00044: saving model to models/unbalanced_mnist_student_e300_L2_b64/error_classifier_100/cp-0044.hdf5
 - 3s - loss: 0.0019 - acc: 1.0000 - val_loss: 8.3345 - val_acc: 0.4601
Epoch 45/50

Epoch 00045: saving model to models/unbalanced_mnist_student_e300_L2_b64/error_classifier_100/cp-0045.hdf5
 - 3s - loss: 0.0034 - acc: 1.0000 - val_loss: 8.3314 - val_acc: 0.4608
Epoch 46/50

Epoch 00046: saving model to models/unbalanced_mnist_student_e300_L2_b64/error_classifier_100/cp-0046.hdf5
 - 3s - loss: 0.0023 - acc: 1.0000 - val_loss: 8.3219 - val_acc: 0.4617
Epoch 47/50

Epoch 00047: saving model to models/unbalanced_mnist_student_e300_L2_b64/error_classifier_100/cp-0047.hdf5
 - 3s - loss: 0.0030 - acc: 1.0000 - val_loss: 8.3336 - val_acc: 0.4603
Epoch 48/50

Epoch 00048: saving model to models/unbalanced_mnist_student_e300_L2_b64/error_classifier_100/cp-0048.hdf5
 - 3s - loss: 0.0040 - acc: 0.9990 - val_loss: 8.3438 - val_acc: 0.4612
Epoch 49/50

Epoch 00049: saving model to models/unbalanced_mnist_student_e300_L2_b64/error_classifier_100/cp-0049.hdf5
 - 3s - loss: 0.0011 - acc: 1.0000 - val_loss: 8.3395 - val_acc: 0.4617
Epoch 50/50

Epoch 00050: saving model to models/unbalanced_mnist_student_e300_L2_b64/error_classifier_100/cp-0050.hdf5
 - 3s - loss: 0.0034 - acc: 0.9990 - val_loss: 8.3244 - val_acc: 0.4621
Finished.
