INFO: activate-binutils_linux-64.sh made the following environmental changes:
+ADDR2LINE=/software/Anaconda3-5.0.1-el7-x86_64/envs/DL_GPU_cuda_9.0/bin/x86_64-conda_cos6-linux-gnu-addr2line
+AR=/software/Anaconda3-5.0.1-el7-x86_64/envs/DL_GPU_cuda_9.0/bin/x86_64-conda_cos6-linux-gnu-ar
+AS=/software/Anaconda3-5.0.1-el7-x86_64/envs/DL_GPU_cuda_9.0/bin/x86_64-conda_cos6-linux-gnu-as
+CXXFILT=/software/Anaconda3-5.0.1-el7-x86_64/envs/DL_GPU_cuda_9.0/bin/x86_64-conda_cos6-linux-gnu-c++filt
+ELFEDIT=/software/Anaconda3-5.0.1-el7-x86_64/envs/DL_GPU_cuda_9.0/bin/x86_64-conda_cos6-linux-gnu-elfedit
+GPROF=/software/Anaconda3-5.0.1-el7-x86_64/envs/DL_GPU_cuda_9.0/bin/x86_64-conda_cos6-linux-gnu-gprof
+HOST=x86_64-conda_cos6-linux-gnu
+LD_GOLD=/software/Anaconda3-5.0.1-el7-x86_64/envs/DL_GPU_cuda_9.0/bin/x86_64-conda_cos6-linux-gnu-ld.gold
+LD=/software/Anaconda3-5.0.1-el7-x86_64/envs/DL_GPU_cuda_9.0/bin/x86_64-conda_cos6-linux-gnu-ld
+NM=/software/Anaconda3-5.0.1-el7-x86_64/envs/DL_GPU_cuda_9.0/bin/x86_64-conda_cos6-linux-gnu-nm
+OBJCOPY=/software/Anaconda3-5.0.1-el7-x86_64/envs/DL_GPU_cuda_9.0/bin/x86_64-conda_cos6-linux-gnu-objcopy
+OBJDUMP=/software/Anaconda3-5.0.1-el7-x86_64/envs/DL_GPU_cuda_9.0/bin/x86_64-conda_cos6-linux-gnu-objdump
+RANLIB=/software/Anaconda3-5.0.1-el7-x86_64/envs/DL_GPU_cuda_9.0/bin/x86_64-conda_cos6-linux-gnu-ranlib
+READELF=/software/Anaconda3-5.0.1-el7-x86_64/envs/DL_GPU_cuda_9.0/bin/x86_64-conda_cos6-linux-gnu-readelf
+SIZE=/software/Anaconda3-5.0.1-el7-x86_64/envs/DL_GPU_cuda_9.0/bin/x86_64-conda_cos6-linux-gnu-size
+STRINGS=/software/Anaconda3-5.0.1-el7-x86_64/envs/DL_GPU_cuda_9.0/bin/x86_64-conda_cos6-linux-gnu-strings
+STRIP=/software/Anaconda3-5.0.1-el7-x86_64/envs/DL_GPU_cuda_9.0/bin/x86_64-conda_cos6-linux-gnu-strip
INFO: activate-gcc_linux-64.sh made the following environmental changes:
+CC=/software/Anaconda3-5.0.1-el7-x86_64/envs/DL_GPU_cuda_9.0/bin/x86_64-conda_cos6-linux-gnu-cc
+CFLAGS=-march=nocona -mtune=haswell -ftree-vectorize -fPIC -fstack-protector-strong -fno-plt -O2 -pipe
+_CONDA_PYTHON_SYSCONFIGDATA_NAME=_sysconfigdata_x86_64_conda_cos6_linux_gnu
+CPPFLAGS=-DNDEBUG -D_FORTIFY_SOURCE=2 -O2
+CPP=/software/Anaconda3-5.0.1-el7-x86_64/envs/DL_GPU_cuda_9.0/bin/x86_64-conda_cos6-linux-gnu-cpp
+DEBUG_CFLAGS=-march=nocona -mtune=haswell -ftree-vectorize -fPIC -fstack-protector-all -fno-plt -Og -g -Wall -Wextra -fvar-tracking-assignments -pipe
+DEBUG_CPPFLAGS=-D_DEBUG -D_FORTIFY_SOURCE=2 -Og
+GCC_AR=/software/Anaconda3-5.0.1-el7-x86_64/envs/DL_GPU_cuda_9.0/bin/x86_64-conda_cos6-linux-gnu-gcc-ar
+GCC_NM=/software/Anaconda3-5.0.1-el7-x86_64/envs/DL_GPU_cuda_9.0/bin/x86_64-conda_cos6-linux-gnu-gcc-nm
+GCC_RANLIB=/software/Anaconda3-5.0.1-el7-x86_64/envs/DL_GPU_cuda_9.0/bin/x86_64-conda_cos6-linux-gnu-gcc-ranlib
+GCC=/software/Anaconda3-5.0.1-el7-x86_64/envs/DL_GPU_cuda_9.0/bin/x86_64-conda_cos6-linux-gnu-gcc
+LDFLAGS=-Wl,-O2 -Wl,--sort-common -Wl,--as-needed -Wl,-z,relro -Wl,-z,now
INFO: activate-gxx_linux-64.sh made the following environmental changes:
+CXXFLAGS=-fvisibility-inlines-hidden -std=c++17 -fmessage-length=0 -march=nocona -mtune=haswell -ftree-vectorize -fPIC -fstack-protector-strong -fno-plt -O2 -pipe
+CXX=/software/Anaconda3-5.0.1-el7-x86_64/envs/DL_GPU_cuda_9.0/bin/x86_64-conda_cos6-linux-gnu-c++
+DEBUG_CXXFLAGS=-fvisibility-inlines-hidden -std=c++17 -fmessage-length=0 -march=nocona -mtune=haswell -ftree-vectorize -fPIC -fstack-protector-all -fno-plt -Og -g -Wall -Wextra -fvar-tracking-assignments -pipe
+GXX=/software/Anaconda3-5.0.1-el7-x86_64/envs/DL_GPU_cuda_9.0/bin/x86_64-conda_cos6-linux-gnu-g++
Starting training...
Epoch 1/100
 - 70s - loss: 0.9605 - mean_absolute_error: 0.8169
Epoch 2/100
 - 59s - loss: 0.8399 - mean_absolute_error: 0.7835
Epoch 3/100
 - 59s - loss: 0.7989 - mean_absolute_error: 0.7815
Epoch 4/100
 - 59s - loss: 0.7805 - mean_absolute_error: 0.7821
Epoch 5/100
 - 59s - loss: 0.7688 - mean_absolute_error: 0.7803
Epoch 6/100
 - 59s - loss: 0.7597 - mean_absolute_error: 0.7769
Epoch 7/100
 - 59s - loss: 0.7522 - mean_absolute_error: 0.7732
Epoch 8/100
 - 59s - loss: 0.7451 - mean_absolute_error: 0.7692
Epoch 9/100
 - 59s - loss: 0.7382 - mean_absolute_error: 0.7655
Epoch 10/100
 - 59s - loss: 0.7311 - mean_absolute_error: 0.7614
Epoch 11/100
 - 59s - loss: 0.7241 - mean_absolute_error: 0.7574
Epoch 12/100
 - 60s - loss: 0.7171 - mean_absolute_error: 0.7531
Epoch 13/100
 - 59s - loss: 0.7104 - mean_absolute_error: 0.7489
Epoch 14/100
 - 59s - loss: 0.7038 - mean_absolute_error: 0.7445
Epoch 15/100
 - 59s - loss: 0.6974 - mean_absolute_error: 0.7400
Epoch 16/100
 - 59s - loss: 0.6910 - mean_absolute_error: 0.7354
Epoch 17/100
 - 59s - loss: 0.6848 - mean_absolute_error: 0.7310
Epoch 18/100
 - 59s - loss: 0.6787 - mean_absolute_error: 0.7266
Epoch 19/100
 - 59s - loss: 0.6726 - mean_absolute_error: 0.7220
Epoch 20/100
 - 59s - loss: 0.6666 - mean_absolute_error: 0.7175
Epoch 21/100
 - 59s - loss: 0.6606 - mean_absolute_error: 0.7133
Epoch 22/100
 - 59s - loss: 0.6546 - mean_absolute_error: 0.7088
Epoch 23/100
 - 59s - loss: 0.6488 - mean_absolute_error: 0.7046
Epoch 24/100
 - 59s - loss: 0.6432 - mean_absolute_error: 0.7003
Epoch 25/100
 - 59s - loss: 0.6374 - mean_absolute_error: 0.6962
Epoch 26/100
 - 60s - loss: 0.6318 - mean_absolute_error: 0.6921
Epoch 27/100
 - 60s - loss: 0.6262 - mean_absolute_error: 0.6879
Epoch 28/100
 - 59s - loss: 0.6209 - mean_absolute_error: 0.6840
Epoch 29/100
 - 59s - loss: 0.6153 - mean_absolute_error: 0.6798
Epoch 30/100
 - 59s - loss: 0.6099 - mean_absolute_error: 0.6756
Epoch 31/100
 - 59s - loss: 0.6046 - mean_absolute_error: 0.6717
Epoch 32/100
 - 59s - loss: 0.5993 - mean_absolute_error: 0.6676
Epoch 33/100
 - 59s - loss: 0.5941 - mean_absolute_error: 0.6637
Epoch 34/100
 - 59s - loss: 0.5886 - mean_absolute_error: 0.6596
Epoch 35/100
 - 59s - loss: 0.5835 - mean_absolute_error: 0.6557
Epoch 36/100
 - 59s - loss: 0.5783 - mean_absolute_error: 0.6517
Epoch 37/100
 - 59s - loss: 0.5732 - mean_absolute_error: 0.6477
Epoch 38/100
 - 59s - loss: 0.5680 - mean_absolute_error: 0.6436
Epoch 39/100
 - 59s - loss: 0.5630 - mean_absolute_error: 0.6398
Epoch 40/100
 - 59s - loss: 0.5578 - mean_absolute_error: 0.6358
Epoch 41/100
 - 59s - loss: 0.5527 - mean_absolute_error: 0.6318
Epoch 42/100
 - 59s - loss: 0.5478 - mean_absolute_error: 0.6279
Epoch 43/100
 - 59s - loss: 0.5426 - mean_absolute_error: 0.6239
Epoch 44/100
 - 59s - loss: 0.5377 - mean_absolute_error: 0.6199
Epoch 45/100
 - 59s - loss: 0.5327 - mean_absolute_error: 0.6161
Epoch 46/100
 - 59s - loss: 0.5276 - mean_absolute_error: 0.6121
Epoch 47/100
 - 59s - loss: 0.5227 - mean_absolute_error: 0.6084
Epoch 48/100
 - 59s - loss: 0.5178 - mean_absolute_error: 0.6043
Epoch 49/100
 - 59s - loss: 0.5126 - mean_absolute_error: 0.6002
Epoch 50/100
 - 59s - loss: 0.5079 - mean_absolute_error: 0.5966
Epoch 51/100
 - 59s - loss: 0.5028 - mean_absolute_error: 0.5925
Epoch 52/100
 - 59s - loss: 0.4980 - mean_absolute_error: 0.5888
Epoch 53/100
 - 59s - loss: 0.4929 - mean_absolute_error: 0.5848
Epoch 54/100
 - 59s - loss: 0.4882 - mean_absolute_error: 0.5809
Epoch 55/100
 - 59s - loss: 0.4835 - mean_absolute_error: 0.5771
Epoch 56/100
 - 59s - loss: 0.4784 - mean_absolute_error: 0.5733
Epoch 57/100
 - 59s - loss: 0.4737 - mean_absolute_error: 0.5694
Epoch 58/100
 - 59s - loss: 0.4689 - mean_absolute_error: 0.5655
Epoch 59/100
 - 59s - loss: 0.4641 - mean_absolute_error: 0.5618
Epoch 60/100
 - 59s - loss: 0.4593 - mean_absolute_error: 0.5581
Epoch 61/100
 - 59s - loss: 0.4544 - mean_absolute_error: 0.5542
Epoch 62/100
 - 59s - loss: 0.4498 - mean_absolute_error: 0.5505
Epoch 63/100
 - 59s - loss: 0.4451 - mean_absolute_error: 0.5467
Epoch 64/100
 - 59s - loss: 0.4405 - mean_absolute_error: 0.5431
Epoch 65/100
 - 59s - loss: 0.4357 - mean_absolute_error: 0.5393
Epoch 66/100
 - 59s - loss: 0.4310 - mean_absolute_error: 0.5354
Epoch 67/100
 - 59s - loss: 0.4265 - mean_absolute_error: 0.5320
Epoch 68/100
 - 59s - loss: 0.4217 - mean_absolute_error: 0.5280
Epoch 69/100
 - 59s - loss: 0.4172 - mean_absolute_error: 0.5243
Epoch 70/100
 - 59s - loss: 0.4127 - mean_absolute_error: 0.5208
Epoch 71/100
 - 59s - loss: 0.4079 - mean_absolute_error: 0.5170
Epoch 72/100
 - 59s - loss: 0.4034 - mean_absolute_error: 0.5135
Epoch 73/100
 - 59s - loss: 0.3989 - mean_absolute_error: 0.5097
Epoch 74/100
 - 59s - loss: 0.3943 - mean_absolute_error: 0.5061
Epoch 75/100
 - 59s - loss: 0.3899 - mean_absolute_error: 0.5024
Epoch 76/100
 - 59s - loss: 0.3854 - mean_absolute_error: 0.4988
Epoch 77/100
 - 59s - loss: 0.3808 - mean_absolute_error: 0.4953
Epoch 78/100
 - 59s - loss: 0.3766 - mean_absolute_error: 0.4917
Epoch 79/100
 - 59s - loss: 0.3722 - mean_absolute_error: 0.4880
Epoch 80/100
 - 59s - loss: 0.3678 - mean_absolute_error: 0.4846
Epoch 81/100
 - 59s - loss: 0.3635 - mean_absolute_error: 0.4809
Epoch 82/100
 - 59s - loss: 0.3589 - mean_absolute_error: 0.4773
Epoch 83/100
 - 59s - loss: 0.3547 - mean_absolute_error: 0.4738
Epoch 84/100
 - 59s - loss: 0.3504 - mean_absolute_error: 0.4701
Epoch 85/100
 - 59s - loss: 0.3461 - mean_absolute_error: 0.4667
Epoch 86/100
 - 59s - loss: 0.3419 - mean_absolute_error: 0.4630
Epoch 87/100
 - 60s - loss: 0.3376 - mean_absolute_error: 0.4596
Epoch 88/100
 - 60s - loss: 0.3334 - mean_absolute_error: 0.4560
Epoch 89/100
 - 59s - loss: 0.3292 - mean_absolute_error: 0.4526
Epoch 90/100
 - 59s - loss: 0.3252 - mean_absolute_error: 0.4490
Epoch 91/100
 - 59s - loss: 0.3209 - mean_absolute_error: 0.4454
Epoch 92/100
 - 59s - loss: 0.3169 - mean_absolute_error: 0.4420
Epoch 93/100
 - 59s - loss: 0.3127 - mean_absolute_error: 0.4384
Epoch 94/100
 - 59s - loss: 0.3087 - mean_absolute_error: 0.4350
Epoch 95/100
 - 59s - loss: 0.3047 - mean_absolute_error: 0.4314
Epoch 96/100
 - 59s - loss: 0.3006 - mean_absolute_error: 0.4280
Epoch 97/100
 - 59s - loss: 0.2966 - mean_absolute_error: 0.4245
Epoch 98/100
 - 59s - loss: 0.2929 - mean_absolute_error: 0.4211
Epoch 99/100
 - 59s - loss: 0.2889 - mean_absolute_error: 0.4177
Epoch 100/100
 - 59s - loss: 0.2851 - mean_absolute_error: 0.4143
Finished.
